📝 日志文件: /home/zhangpeng/UAV_PATH_PLANNING/runs/exp_baseline_20251029_141548/training.log
💡 训练输出将实时保存到日志文件
🚀 启用AMP混合精度训练（预期加速40-100%）
🚀 启用异步数据传输（预期加速10-20%）
SAC训练中...
📊 优先级经验回放（PER）配置:
  - 容量: 20000
  - Alpha: 0.6 (优先级指数)
  - Beta: 0.4 → 1.0 (重要性采样权重)
  - 内存优化: float32 (节省50%内存)

================================================================================
  Episode    |    Leader    |  Follower0   |  Follower1   |    Steps     |    Status   
================================================================================
     0       |   -508.07    |    -0.61     |    -0.44     |      4       |  ❌ Failure  
     1       |    544.33    |   -159.41    |    -94.74    |     166      |  ✅ Success  
     2       |   -2887.90   |   -682.99    |   -728.49    |     750      |  ❌ Failure  
     3       |   -989.77    |   -624.58    |   -605.59    |     642      |  ✅ Success  
     4       |   -516.20    |    -2.93     |    -1.16     |      6       |  ❌ Failure  
     5       |   -3405.24   |   -824.14    |   -710.47    |     1000     | ⏱️  Timeout 
     6       |   -3448.17   |   -763.96    |   -940.35    |     1000     | ⏱️  Timeout 
     7       |    378.23    |   -213.08    |   -158.12    |     204      |  ✅ Success  
     8       |   -757.15    |   -511.04    |   -489.38    |     580      |  ✅ Success  
     9       |    275.52    |   -179.92    |   -261.14    |     301      |  ✅ Success  
     10      |    797.03    |    -29.94    |    -80.92    |      75      |  ✅ Success  
  📊 统计 [Ep 10]: Actor Loss=21.1373, Critic Loss=104.1190, Alpha=0.3648, TD-error=5.0045, Beta=1.0000
     11      |   -3567.64   |   -897.58    |   -629.10    |     1000     | ⏱️  Timeout 
     12      |   -122.15    |   -344.94    |   -378.51    |     414      |  ✅ Success  
     13      |   -1106.96   |   -623.24    |   -686.64    |     693      |  ✅ Success  
     14      |   -799.08    |   -117.45    |    -43.78    |     113      |  ❌ Failure  
     15      |   -4021.55   |   -908.18    |   -982.93    |     1000     | ⏱️  Timeout 
     16      |   -3670.36   |   -891.49    |   -727.77    |     1000     | ⏱️  Timeout 
     17      |    405.94    |   -183.27    |   -135.41    |     200      |  ✅ Success  
     18      |    212.11    |   -177.49    |   -128.48    |     221      |  ✅ Success  
     19      |    421.21    |   -176.09    |   -111.29    |     223      |  ✅ Success  
     20      |   -514.93    |    -0.95     |    -1.31     |      7       |  ❌ Failure  
  📊 统计 [Ep 20]: Actor Loss=21.1410, Critic Loss=149.5807, Alpha=0.2369, TD-error=8.9189, Beta=1.0000
     21      |   -838.27    |   -354.11    |   -547.87    |     525      |  ✅ Success  
     22      |   -3751.05   |   -830.93    |   -704.63    |     1000     | ⏱️  Timeout 
     23      |   -343.27    |   -271.47    |   -285.52    |     394      |  ✅ Success  
     24      |   -2695.90   |   -671.06    |   -773.09    |     1000     | ⏱️  Timeout 
     25      |   -2943.71   |   -653.30    |   -504.67    |     838      |  ❌ Failure  
     26      |   -710.45    |    -22.62    |    -42.68    |      84      |  ❌ Failure  
     27      |   -595.41    |    -34.88    |    -29.88    |      58      |  ❌ Failure  
     28      |   -1201.19   |   -432.49    |   -651.40    |     835      |  ✅ Success  
     29      |   -738.03    |   -482.86    |   -316.95    |     624      |  ✅ Success  
     30      |    748.01    |    -39.98    |    -46.34    |      97      |  ✅ Success  
  📊 统计 [Ep 30]: Actor Loss=30.1115, Critic Loss=285.0241, Alpha=0.2237, TD-error=8.2449, Beta=1.0000
     31      |    77.46     |   -208.47    |    -94.96    |     262      |  ✅ Success  
     32      |    178.51    |   -149.62    |   -224.12    |     260      |  ✅ Success  
     33      |    598.21    |   -126.76    |    -67.28    |     196      |  ✅ Success  
     34      |   -510.68    |    -0.27     |    -0.54     |      6       |  ❌ Failure  
     35      |    -24.68    |   -156.21    |   -302.53    |     389      |  ✅ Success  
     36      |    404.04    |    -85.65    |   -137.08    |     244      |  ✅ Success  
     37      |    504.27    |   -180.58    |   -138.60    |     287      |  ✅ Success  
     38      |   -2929.83   |   -566.05    |   -569.94    |     1000     | ⏱️  Timeout 
     39      |   -1681.33   |   -376.81    |   -605.57    |     945      |  ✅ Success  
     40      |   -3823.53   |   -794.08    |   -427.35    |     1000     | ⏱️  Timeout 
  📊 统计 [Ep 40]: Actor Loss=18.9765, Critic Loss=159.8724, Alpha=0.3225, TD-error=7.7672, Beta=1.0000
     41      |   -972.58    |   -248.51    |   -233.39    |     535      |  ✅ Success  
     42      |   -3438.96   |   -448.48    |   -331.99    |     1000     | ⏱️  Timeout 
     43      |   -3534.18   |   -397.82    |   -414.82    |     1000     | ⏱️  Timeout 
     44      |   -3222.51   |   -461.86    |   -363.03    |     1000     | ⏱️  Timeout 
     45      |   -2965.72   |   -376.59    |   -269.08    |     1000     | ⏱️  Timeout 
     46      |   -992.36    |   -222.65    |   -160.66    |     585      |  ✅ Success  
     47      |    574.39    |    -56.71    |    -25.01    |     174      |  ✅ Success  
     48      |    648.74    |    -29.14    |    -27.82    |     174      |  ✅ Success  
     49      |    235.10    |   -104.24    |    -49.49    |     354      |  ✅ Success  
     50      |   -700.26    |   -157.45    |   -189.46    |     475      |  ✅ Success  
  📊 统计 [Ep 50]: Actor Loss=12.2620, Critic Loss=116.9711, Alpha=0.1304, TD-error=6.7141, Beta=1.0000
     51      |   -2917.55   |   -410.49    |   -450.06    |     1000     | ⏱️  Timeout 
     52      |   -3410.10   |   -443.13    |   -440.20    |     1000     | ⏱️  Timeout 
     53      |   -696.18    |   -214.37    |   -299.47    |     663      |  ✅ Success  
     54      |   -240.39    |   -142.51    |    -96.29    |     363      |  ✅ Success  
     55      |   -550.40    |    -2.37     |    -4.62     |      25      |  ❌ Failure  
     56      |   -2808.91   |   -462.15    |   -335.54    |     1000     | ⏱️  Timeout 
     57      |    870.95    |    -7.27     |    -29.59    |      79      |  ✅ Success  
     58      |   -3493.73   |   -319.16    |   -343.81    |     1000     | ⏱️  Timeout 
     59      |    850.85    |    -23.82    |    -22.27    |      66      |  ✅ Success  
     60      |   -1645.30   |   -391.10    |   -372.37    |     919      |  ✅ Success  
  📊 统计 [Ep 60]: Actor Loss=5.5229, Critic Loss=117.6084, Alpha=0.1380, TD-error=6.4840, Beta=1.0000
     61      |   -659.26    |    -12.45    |    -16.81    |      71      |  ❌ Failure  
     62      |   -874.79    |    -42.16    |   -118.42    |     205      |  ❌ Failure  
     63      |   -2105.84   |   -300.36    |   -204.06    |     861      |  ✅ Success  
     64      |   -4046.14   |   -360.41    |   -289.91    |     1000     | ⏱️  Timeout 
     65      |   -4077.18   |   -326.24    |   -233.70    |     1000     | ⏱️  Timeout 
     66      |   -2265.67   |   -290.61    |   -179.85    |     1000     | ⏱️  Timeout 
     67      |    362.11    |   -129.03    |    -84.27    |     323      |  ✅ Success  
     68      |    471.49    |    -48.72    |    -47.08    |     179      |  ✅ Success  
     69      |    748.18    |    -35.65    |    -19.54    |     109      |  ✅ Success  
     70      |    236.08    |    -91.16    |    -88.44    |     281      |  ✅ Success  
  📊 统计 [Ep 70]: Actor Loss=12.8106, Critic Loss=67.0669, Alpha=0.1352, TD-error=5.1799, Beta=1.0000
     71      |    945.00    |    -6.55     |    -3.64     |      44      |  ✅ Success  
     72      |   -3129.99   |   -380.74    |   -213.03    |     1000     | ⏱️  Timeout 
     73      |   -2934.35   |   -316.17    |   -276.53    |     1000     | ⏱️  Timeout 
     74      |   -2817.18   |   -371.32    |   -198.48    |     1000     | ⏱️  Timeout 
     75      |    934.57    |    -5.40     |    -21.66    |      52      |  ✅ Success  
     76      |   -2862.91   |   -345.18    |   -270.09    |     1000     | ⏱️  Timeout 
     77      |   -818.68    |   -166.79    |   -163.33    |     730      |  ✅ Success  
     78      |   -2011.28   |   -399.88    |   -268.79    |     1000     | ⏱️  Timeout 
     79      |   -2735.69   |   -298.77    |   -245.89    |     637      |  ❌ Failure  
     80      |   -2677.23   |   -417.36    |   -232.43    |     1000     | ⏱️  Timeout 
  📊 统计 [Ep 80]: Actor Loss=11.1549, Critic Loss=35.7182, Alpha=0.0565, TD-error=2.3982, Beta=1.0000
     81      |    941.84    |    -5.14     |    -4.08     |      46      |  ✅ Success  
     82      |    967.11    |    -3.14     |    -1.12     |      33      |  ✅ Success  
     83      |    938.72    |    -8.11     |    -45.94    |      42      |  ✅ Success  
     84      |   -2193.93   |   -331.92    |   -150.48    |     1000     | ⏱️  Timeout 
     85      |   -3284.99   |   -230.16    |   -216.01    |     1000     | ⏱️  Timeout 
     86      |   -706.28    |    -47.12    |    -23.17    |      95      |  ❌ Failure  
     87      |   -521.79    |    -0.98     |    -0.74     |      11      |  ❌ Failure  
     88      |   -953.23    |   -305.79    |   -298.99    |     929      |  ✅ Success  
     89      |    898.91    |    -8.91     |    -48.80    |      81      |  ✅ Success  
     90      |   -2842.87   |   -330.09    |   -406.61    |     996      |  ❌ Failure  
  📊 统计 [Ep 90]: Actor Loss=11.6270, Critic Loss=39.9154, Alpha=0.0440, TD-error=3.4908, Beta=1.0000
     91      |    957.00    |    -7.91     |    -11.33    |      35      |  ✅ Success  
     92      |    862.67    |    -50.18    |    -11.99    |     102      |  ✅ Success  
     93      |    961.57    |    -4.16     |    -7.29     |      36      |  ✅ Success  
     94      |    967.04    |    -9.01     |    -2.69     |      28      |  ✅ Success  
     95      |   -2501.21   |   -281.06    |   -285.82    |     1000     | ⏱️  Timeout 
     96      |    915.22    |    -11.26    |    -10.23    |      62      |  ✅ Success  
     97      |   -2478.77   |   -290.60    |   -229.76    |     1000     | ⏱️  Timeout 
     98      |    927.94    |    -8.29     |    -5.97     |      49      |  ✅ Success  
     99      |   -512.66    |    -2.30     |    -0.55     |      7       |  ❌ Failure  
    100      |   -2651.82   |   -491.42    |   -224.43    |     1000     | ⏱️  Timeout 
  📊 统计 [Ep 100]: Actor Loss=13.0916, Critic Loss=38.5424, Alpha=0.0421, TD-error=2.8538, Beta=1.0000
    101      |   -2541.94   |   -465.13    |   -406.91    |     1000     | ⏱️  Timeout 
    102      |   -3155.79   |   -635.36    |   -441.54    |     1000     | ⏱️  Timeout 
    103      |    962.63    |    -13.21    |    -1.76     |      29      |  ✅ Success  
    104      |   -3047.64   |   -878.92    |   -459.87    |     1000     | ⏱️  Timeout 
    105      |   -557.67    |    -5.12     |    -4.32     |      28      |  ❌ Failure  
    106      |   -2439.45   |   -239.79    |   -306.31    |     1000     | ⏱️  Timeout 
    107      |   -709.79    |    -32.58    |    -34.93    |      96      |  ❌ Failure  
    108      |   -2458.21   |   -528.90    |   -451.82    |     1000     | ⏱️  Timeout 
    109      |   -707.35    |    -18.35    |    -14.21    |     112      |  ❌ Failure  
    110      |   -997.04    |    -83.18    |    -50.68    |     319      |  ❌ Failure  
  📊 统计 [Ep 110]: Actor Loss=12.9007, Critic Loss=52.5414, Alpha=0.0650, TD-error=3.9123, Beta=1.0000
    111      |   -2675.94   |   -329.75    |   -323.84    |     1000     | ⏱️  Timeout 
    112      |   -3805.68   |   -537.03    |   -446.18    |     1000     | ⏱️  Timeout 
    113      |   -2855.63   |   -246.67    |   -209.17    |     1000     | ⏱️  Timeout 
    114      |   -774.05    |    -28.09    |    -34.13    |     110      |  ❌ Failure  
    115      |   -1045.43   |    -99.48    |    -94.86    |     211      |  ❌ Failure  
    116      |   -2368.25   |   -358.01    |   -183.75    |     1000     | ⏱️  Timeout 
    117      |   -1429.75   |   -188.87    |   -202.02    |     408      |  ❌ Failure  
    118      |   -2005.99   |   -168.96    |   -120.96    |     589      |  ❌ Failure  
    119      |   -581.05    |    -4.42     |    -9.02     |      27      |  ❌ Failure  
    120      |   -726.24    |    -18.66    |    -31.42    |      91      |  ❌ Failure  
  📊 统计 [Ep 120]: Actor Loss=15.3515, Critic Loss=38.6049, Alpha=0.0547, TD-error=3.6448, Beta=1.0000
    121      |   -1815.21   |   -220.07    |   -158.62    |     1000     | ⏱️  Timeout 
    122      |   -2259.67   |   -241.18    |   -257.87    |     1000     | ⏱️  Timeout 
    123      |   -444.54    |   -125.12    |   -128.41    |     474      |  ✅ Success  
    124      |   -2720.92   |   -248.46    |   -163.56    |     1000     | ⏱️  Timeout 
    125      |   -616.91    |   -116.60    |    -65.47    |     732      |  ✅ Success  
    126      |   -2533.93   |   -287.65    |   -282.45    |     1000     | ⏱️  Timeout 
    127      |   -1285.59   |   -218.14    |   -164.00    |     874      |  ✅ Success  
    128      |   -645.28    |   -158.16    |   -205.89    |     555      |  ✅ Success  
    129      |    125.77    |    -69.69    |    -47.92    |     328      |  ✅ Success  
    130      |   -1351.19   |   -333.04    |   -209.74    |     951      |  ✅ Success  
  📊 统计 [Ep 130]: Actor Loss=15.7738, Critic Loss=29.5278, Alpha=0.0574, TD-error=2.9925, Beta=1.0000
    131      |    423.09    |    -53.49    |    -31.35    |     270      |  ✅ Success  
    132      |    655.76    |    -26.42    |    -18.80    |     139      |  ✅ Success  
    133      |   -1689.50   |   -246.77    |    -92.62    |     1000     | ⏱️  Timeout 
    134      |    897.18    |    -52.69    |    -4.91     |      65      |  ✅ Success  
    135      |    930.30    |    -5.22     |    -27.37    |      48      |  ✅ Success  
    136      |    854.15    |    -17.25    |    -13.86    |      89      |  ✅ Success  
    137      |    867.11    |    -10.89    |    -20.77    |      77      |  ✅ Success  
    138      |    877.87    |    -11.13    |    -16.64    |      70      |  ✅ Success  
    139      |    295.46    |    -40.65    |    -34.00    |     240      |  ✅ Success  
    140      |    449.85    |    -40.83    |    -33.60    |     238      |  ✅ Success  
  📊 统计 [Ep 140]: Actor Loss=13.5451, Critic Loss=57.5290, Alpha=0.0546, TD-error=2.9092, Beta=1.0000
    141      |    581.54    |    -33.49    |    -35.94    |     172      |  ✅ Success  
    142      |   -3168.83   |   -499.59    |   -486.61    |     1000     | ⏱️  Timeout 
    143      |   -417.02    |   -111.79    |    -99.87    |     435      |  ✅ Success  
    144      |   -2257.08   |   -331.80    |   -195.49    |     1000     | ⏱️  Timeout 
    145      |    862.54    |    -19.24    |    -11.74    |      87      |  ✅ Success  
    146      |   -303.12    |   -160.91    |    -76.54    |     439      |  ✅ Success  
    147      |    908.90    |    -6.05     |    -4.11     |      63      |  ✅ Success  
    148      |   -1253.27   |   -213.34    |   -319.41    |     652      |  ✅ Success  
    149      |    658.61    |    -57.67    |    -48.27    |     130      |  ✅ Success  
    150      |   -3597.36   |   -240.25    |   -164.58    |     1000     | ⏱️  Timeout 
  📊 统计 [Ep 150]: Actor Loss=9.2265, Critic Loss=61.7931, Alpha=0.0813, TD-error=4.0031, Beta=1.0000
    151      |    85.40     |   -100.06    |   -109.30    |     274      |  ✅ Success  
    152      |    123.15    |    -79.66    |    -98.36    |     280      |  ✅ Success  
    153      |    928.08    |    -7.27     |    -6.47     |      45      |  ✅ Success  
    154      |   -699.49    |   -114.79    |   -107.29    |     490      |  ✅ Success  
    155      |    456.35    |    -44.35    |    -65.59    |     185      |  ✅ Success  
    156      |   -1191.20   |    -59.38    |    -99.15    |     360      |  ❌ Failure  
    157      |    770.68    |    -15.04    |    -10.22    |     111      |  ✅ Success  
    158      |    923.02    |    -11.66    |    -4.76     |      56      |  ✅ Success  
    159      |   -3487.00   |   -314.26    |   -226.42    |     1000     | ⏱️  Timeout 
    160      |   -2404.00   |   -200.97    |   -238.41    |     1000     | ⏱️  Timeout 
  📊 统计 [Ep 160]: Actor Loss=4.5858, Critic Loss=90.7144, Alpha=0.0971, TD-error=6.0825, Beta=1.0000
    161      |    844.70    |    -14.49    |    -24.67    |      81      |  ✅ Success  
    162      |   -4049.60   |   -331.10    |   -176.78    |     1000     | ⏱️  Timeout 
    163      |    698.27    |    -34.31    |    -19.72    |     109      |  ✅ Success  
    164      |   -1124.53   |    -53.60    |    -85.05    |     223      |  ❌ Failure  
    165      |   -3040.14   |   -291.98    |   -264.00    |     1000     | ⏱️  Timeout 
    166      |   -3144.31   |   -324.45    |   -516.78    |     1000     | ⏱️  Timeout 
    167      |   -2680.43   |   -428.49    |   -460.75    |     1000     | ⏱️  Timeout 
    168      |   -2797.72   |   -313.40    |   -404.66    |     1000     | ⏱️  Timeout 
    169      |    915.58    |    -8.03     |    -5.82     |      49      |  ✅ Success  
    170      |   -2769.74   |   -200.40    |   -294.74    |     1000     | ⏱️  Timeout 
  📊 统计 [Ep 170]: Actor Loss=4.1633, Critic Loss=67.5539, Alpha=0.0575, TD-error=4.4871, Beta=1.0000
    171      |    389.01    |    -41.54    |   -122.61    |     229      |  ✅ Success  
    172      |    908.69    |    -22.84    |    -17.70    |      65      |  ✅ Success  
    173      |    -81.88    |    -87.68    |    -82.28    |     382      |  ✅ Success  
    174      |    867.07    |    -24.85    |    -10.20    |      77      |  ✅ Success  
    175      |    542.00    |    -38.22    |    -91.77    |     225      |  ✅ Success  
    176      |   -761.38    |    -25.44    |    -37.52    |     120      |  ❌ Failure  
    177      |    342.81    |    -50.37    |   -143.10    |     358      |  ✅ Success  
    178      |    887.35    |    -12.06    |    -17.25    |      82      |  ✅ Success  
    179      |   -560.64    |    -3.89     |    -2.76     |      27      |  ❌ Failure  
    180      |   -1812.77   |   -320.79    |   -343.01    |     918      |  ✅ Success  
  📊 统计 [Ep 180]: Actor Loss=6.2493, Critic Loss=97.7835, Alpha=0.0724, TD-error=6.6045, Beta=1.0000
    181      |    614.76    |   -139.10    |    -23.92    |     133      |  ✅ Success  
    182      |    709.56    |    -38.72    |    -45.15    |     150      |  ✅ Success  
    183      |    715.91    |    -19.99    |    -29.26    |     161      |  ✅ Success  
    184      |    317.04    |    -74.45    |    -77.83    |     323      |  ✅ Success  
    185      |    935.89    |    -3.66     |    -3.55     |      47      |  ✅ Success  
    186      |   -511.79    |    -1.07     |    -0.50     |      6       |  ❌ Failure  
    187      |    793.92    |    -20.06    |    -16.08    |     135      |  ✅ Success  
    188      |    864.68    |    -8.51     |    -12.92    |      76      |  ✅ Success  
    189      |    900.21    |    -6.83     |    -7.78     |      65      |  ✅ Success  
    190      |   -512.67    |    -0.83     |    -0.80     |      6       |  ❌ Failure  
  📊 统计 [Ep 190]: Actor Loss=5.5132, Critic Loss=205.0985, Alpha=0.0826, TD-error=8.8805, Beta=1.0000
    191      |   -3714.85   |   -246.79    |   -345.64    |     1000     | ⏱️  Timeout 
    192      |    200.66    |   -110.44    |    -27.37    |     405      |  ✅ Success  
    193      |    730.90    |    -12.43    |    -13.82    |     101      |  ✅ Success  
    194      |   -409.38    |   -148.64    |    -91.36    |     405      |  ✅ Success  
    195      |    244.41    |    -50.18    |    -73.02    |     261      |  ✅ Success  
    196      |    881.08    |    -6.83     |    -7.98     |      68      |  ✅ Success  
    197      |   -102.00    |    -77.18    |    -85.24    |     491      |  ✅ Success  
    198      |    329.77    |   -105.18    |    -57.17    |     277      |  ✅ Success  
    199      |    486.25    |   -111.02    |    -61.17    |     143      |  ✅ Success  
    200      |    273.14    |    -90.77    |    -64.88    |     307      |  ✅ Success  
  📊 统计 [Ep 200]: Actor Loss=7.1515, Critic Loss=88.5707, Alpha=0.1027, TD-error=7.5329, Beta=1.0000
    201      |   -786.69    |   -304.20    |   -406.51    |     958      |  ✅ Success  
    202      |    677.08    |    -66.66    |    -27.43    |     110      |  ✅ Success  
    203      |    847.15    |    -11.00    |    -9.39     |      78      |  ✅ Success  
    204      |    883.48    |    -6.48     |    -6.95     |      79      |  ✅ Success  
    205      |    863.52    |    -7.22     |    -9.56     |      66      |  ✅ Success  
    206      |   -652.23    |    -13.26    |    -11.85    |      51      |  ❌ Failure  
    207      |   -1684.63   |   -214.77    |   -163.44    |     764      |  ✅ Success  
    208      |   -236.13    |   -136.39    |   -118.26    |     765      |  ✅ Success  
    209      |    901.02    |    -6.57     |    -8.36     |      71      |  ✅ Success  
    210      |    763.27    |    -20.82    |    -19.73    |      89      |  ✅ Success  
  📊 统计 [Ep 210]: Actor Loss=7.5203, Critic Loss=82.1197, Alpha=0.0862, TD-error=6.3090, Beta=1.0000
    211      |    644.15    |    -40.15    |    -20.19    |     123      |  ✅ Success  
    212      |    922.03    |    -6.46     |    -6.48     |      53      |  ✅ Success  
    213      |    677.38    |    -23.90    |    -12.75    |     172      |  ✅ Success  
    214      |   -2559.13   |   -635.35    |   -487.05    |     863      |  ✅ Success  
    215      |    796.15    |    -17.11    |    -11.12    |     102      |  ✅ Success  
    216      |    258.54    |    -71.26    |    -80.18    |     341      |  ✅ Success  
    217      |    919.85    |    -4.19     |    -5.14     |      61      |  ✅ Success  
    218      |    889.51    |    -6.62     |    -8.00     |      75      |  ✅ Success  
    219      |    730.22    |    -19.41    |    -23.77    |     109      |  ✅ Success  
    220      |    898.31    |    -7.48     |    -8.22     |      66      |  ✅ Success  
  📊 统计 [Ep 220]: Actor Loss=6.3425, Critic Loss=127.5452, Alpha=0.0909, TD-error=8.2616, Beta=1.0000
    221      |    880.19    |    -8.82     |    -7.62     |      72      |  ✅ Success  
    222      |    850.28    |    -4.99     |    -10.64    |      62      |  ✅ Success  
    223      |    915.92    |    -3.77     |    -5.49     |      52      |  ✅ Success  
    224      |    889.75    |    -31.93    |    -25.59    |      64      |  ✅ Success  
    225      |    805.58    |    -10.55    |    -17.17    |      96      |  ✅ Success  
    226      |    905.57    |    -4.16     |    -6.58     |      61      |  ✅ Success  
    227      |    921.23    |    -8.68     |    -8.23     |      60      |  ✅ Success  
    228      |    924.97    |    -4.43     |    -4.83     |      58      |  ✅ Success  
    229      |    874.83    |    -6.05     |    -10.29    |      68      |  ✅ Success  
    230      |   -1897.53   |   -785.00    |   -198.80    |     974      |  ✅ Success  
  📊 统计 [Ep 230]: Actor Loss=3.4949, Critic Loss=154.1780, Alpha=0.1080, TD-error=9.1469, Beta=1.0000
    231      |    873.56    |    -7.85     |    -9.85     |      75      |  ✅ Success  
    232      |    908.06    |    -5.37     |    -6.60     |      64      |  ✅ Success  
    233      |    820.32    |    -10.97    |    -15.25    |      87      |  ✅ Success  
    234      |    855.55    |    -16.05    |    -18.88    |      63      |  ✅ Success  
    235      |    888.69    |    -3.71     |    -33.58    |      72      |  ✅ Success  
    236      |    871.69    |    -8.74     |    -7.50     |      83      |  ✅ Success  
    237      |    835.47    |    -32.06    |    -11.42    |      73      |  ✅ Success  
    238      |    883.23    |    -7.83     |    -26.86    |      70      |  ✅ Success  
    239      |    648.73    |    -19.94    |    -29.43    |     153      |  ✅ Success  
    240      |    840.31    |    -6.62     |    -14.85    |      94      |  ✅ Success  
  📊 统计 [Ep 240]: Actor Loss=-2.8186, Critic Loss=197.0141, Alpha=0.1383, TD-error=10.9863, Beta=1.0000
    241      |    884.67    |    -14.41    |    -9.10     |      80      |  ✅ Success  
    242      |    575.89    |    -29.84    |    -27.01    |     160      |  ✅ Success  
    243      |    497.16    |    -43.64    |    -29.47    |     218      |  ✅ Success  
    244      |   -268.17    |   -132.28    |    -74.98    |     379      |  ✅ Success  
    245      |   -114.60    |    -78.14    |    -93.98    |     376      |  ✅ Success  
    246      |   -2723.27   |   -238.96    |   -412.47    |     1000     | ⏱️  Timeout 
    247      |    141.81    |    -43.76    |    -49.13    |     237      |  ✅ Success  
    248      |   -2986.31   |   -184.62    |   -169.52    |     1000     | ⏱️  Timeout 
    249      |    900.92    |    -20.23    |     0.89     |      57      |  ✅ Success  
    250      |   -3339.28   |   -281.61    |   -330.88    |     1000     | ⏱️  Timeout 
  📊 统计 [Ep 250]: Actor Loss=-8.0083, Critic Loss=137.9327, Alpha=0.2131, TD-error=9.1422, Beta=1.0000
    251      |   -2698.55   |   -199.14    |   -193.41    |     1000     | ⏱️  Timeout 
    252      |    739.54    |    -11.87    |    -12.77    |     135      |  ✅ Success  
    253      |    674.36    |    -28.68    |    -53.86    |     107      |  ✅ Success  
    254      |    745.79    |    -14.68    |    -16.68    |     120      |  ✅ Success  
    255      |   -2960.39   |   -277.46    |   -270.89    |     1000     | ⏱️  Timeout 
    256      |    847.52    |    -8.10     |    -6.91     |      92      |  ✅ Success  
    257      |    293.94    |    -39.21    |    -51.20    |     245      |  ✅ Success  
    258      |    663.78    |    -32.06    |    -82.52    |     133      |  ✅ Success  
    259      |    938.81    |    -5.14     |    -4.21     |      50      |  ✅ Success  
    260      |    947.17    |    -3.91     |    -2.74     |      39      |  ✅ Success  
  📊 统计 [Ep 260]: Actor Loss=-20.0848, Critic Loss=169.8028, Alpha=0.1895, TD-error=11.0183, Beta=1.0000
    261      |    571.22    |    -29.19    |    -31.33    |     195      |  ✅ Success  
    262      |    902.44    |    -5.62     |    -5.80     |      67      |  ✅ Success  
    263      |   -832.83    |   -149.47    |   -177.32    |     702      |  ✅ Success  
    264      |    767.84    |    -14.36    |    -13.00    |     104      |  ✅ Success  
    265      |    786.86    |    -45.02    |    -34.44    |      90      |  ✅ Success  
    266      |    723.03    |    -14.31    |    -52.37    |     117      |  ✅ Success  
    267      |    721.56    |    -17.03    |    -15.30    |     120      |  ✅ Success  
    268      |    893.32    |    -6.53     |    -7.54     |      57      |  ✅ Success  
    269      |    857.89    |    -23.49    |    -8.18     |      79      |  ✅ Success  
    270      |    876.09    |    -7.99     |    -21.22    |      58      |  ✅ Success  
  📊 统计 [Ep 270]: Actor Loss=-22.4467, Critic Loss=139.9289, Alpha=0.1968, TD-error=11.0420, Beta=1.0000
    271      |   -1038.85   |   -129.34    |   -153.01    |     674      |  ✅ Success  
    272      |   -1866.59   |   -139.87    |   -483.28    |     506      |  ❌ Failure  
    273      |   -1020.92   |   -154.02    |   -255.00    |     958      |  ✅ Success  
    274      |   -792.95    |    -33.04    |    -35.96    |     101      |  ❌ Failure  
    275      |    934.83    |    -10.77    |    -6.34     |      44      |  ✅ Success  
    276      |    641.32    |    -59.57    |    -48.93    |     123      |  ✅ Success  
    277      |   -1018.83   |   -312.15    |   -194.65    |     684      |  ✅ Success  
    278      |    621.47    |    -20.92    |    -61.95    |     256      |  ✅ Success  
    279      |    951.40    |    -6.94     |    -3.30     |      38      |  ✅ Success  
    280      |    685.36    |    -21.12    |    -21.57    |     124      |  ✅ Success  
  📊 统计 [Ep 280]: Actor Loss=-26.1088, Critic Loss=225.7340, Alpha=0.2305, TD-error=13.5981, Beta=1.0000
    281      |    213.50    |    -60.35    |    -49.47    |     246      |  ✅ Success  
    282      |    832.55    |    -23.81    |    -11.59    |      94      |  ✅ Success  
    283      |    895.57    |    -5.40     |    -11.05    |      63      |  ✅ Success  
    284      |    911.77    |    -19.60    |    -12.02    |      91      |  ✅ Success  
    285      |   -224.36    |    -65.79    |    -70.97    |     396      |  ✅ Success  
    286      |    965.58    |    -2.31     |    -2.36     |      30      |  ✅ Success  
    287      |   -2104.92   |   -316.36    |   -159.31    |     1000     | ⏱️  Timeout 
    288      |    264.21    |    -60.83    |    -84.16    |     277      |  ✅ Success  
    289      |    671.04    |    -47.94    |    -89.51    |     131      |  ✅ Success  
    290      |    930.47    |    -3.62     |    -3.81     |      49      |  ✅ Success  
  📊 统计 [Ep 290]: Actor Loss=-16.8303, Critic Loss=179.6752, Alpha=0.2756, TD-error=11.4665, Beta=1.0000
    291      |   -1149.46   |   -228.98    |   -127.05    |     575      |  ✅ Success  
    292      |   -141.02    |   -108.01    |   -122.96    |     419      |  ✅ Success  
    293      |   -2587.79   |   -389.81    |   -307.88    |     986      |  ✅ Success  
    294      |    929.23    |    -5.00     |    -14.55    |      51      |  ✅ Success  
    295      |    368.66    |    -78.14    |    -76.02    |     222      |  ✅ Success  
    296      |    729.39    |    -13.46    |    -25.13    |      98      |  ✅ Success  
    297      |    629.62    |    -21.20    |    -20.11    |     152      |  ✅ Success  
    298      |   -142.20    |    -93.26    |   -129.60    |     451      |  ✅ Success  
    299      |   -511.20    |    -0.74     |    -0.42     |      6       |  ❌ Failure  
    300      |   -567.22    |    -4.70     |    -8.89     |      30      |  ❌ Failure  
  📊 统计 [Ep 300]: Actor Loss=-15.8459, Critic Loss=198.9190, Alpha=0.2303, TD-error=10.5103, Beta=1.0000
    301      |   -3811.49   |   -664.88    |   -535.99    |     1000     | ⏱️  Timeout 
    302      |   -3338.56   |   -304.57    |   -231.56    |     1000     | ⏱️  Timeout 
    303      |   -2900.53   |   -318.29    |   -155.70    |     1000     | ⏱️  Timeout 
    304      |    458.89    |    -53.74    |    -38.99    |     221      |  ✅ Success  
    305      |    953.38    |    -2.04     |    -3.11     |      41      |  ✅ Success  
    306      |    808.45    |    -15.75    |    -10.81    |     112      |  ✅ Success  
    307      |    937.18    |    -2.60     |    -7.91     |      51      |  ✅ Success  
    308      |    865.91    |    -11.87    |    -4.65     |      79      |  ✅ Success  
    309      |    342.73    |   -122.53    |    -37.71    |     207      |  ✅ Success  
    310      |    215.80    |    -55.87    |    -71.71    |     275      |  ✅ Success  
  📊 统计 [Ep 310]: Actor Loss=-3.6432, Critic Loss=133.1673, Alpha=0.1713, TD-error=9.2117, Beta=1.0000
    311      |    903.03    |    -13.21    |    -8.96     |      63      |  ✅ Success  
    312      |   -887.24    |   -150.76    |   -150.26    |     893      |  ✅ Success  
    313      |    495.06    |    -61.56    |    -55.91    |     173      |  ✅ Success  
    314      |    931.19    |    -16.26    |    -4.76     |      44      |  ✅ Success  
    315      |    529.93    |    -35.85    |    -26.54    |     167      |  ✅ Success  
    316      |    921.29    |    -3.51     |    -4.01     |      55      |  ✅ Success  
    317      |    695.92    |    -16.36    |    -17.00    |     155      |  ✅ Success  
    318      |    906.58    |    -5.98     |    -4.96     |      61      |  ✅ Success  
    319      |    934.98    |    -4.79     |    -4.84     |      43      |  ✅ Success  
    320      |    881.31    |    -7.95     |    -7.33     |      71      |  ✅ Success  
  📊 统计 [Ep 320]: Actor Loss=-13.9749, Critic Loss=159.8297, Alpha=0.2097, TD-error=11.6322, Beta=1.0000
    321      |   -2571.87   |   -363.82    |   -418.58    |     967      |  ✅ Success  
    322      |   -1225.96   |   -210.12    |   -228.30    |     550      |  ✅ Success  
    323      |    304.48    |    -57.17    |    -57.61    |     230      |  ✅ Success  
    324      |    823.31    |    -7.70     |    -14.00    |      87      |  ✅ Success  
    325      |    663.89    |    -29.44    |    -17.16    |     133      |  ✅ Success  
    326      |    916.80    |    -6.69     |    -6.85     |      56      |  ✅ Success  
    327      |    667.06    |    -17.86    |    -19.68    |     112      |  ✅ Success  
    328      |   -2309.91   |   -287.83    |   -351.26    |     885      |  ✅ Success  
    329      |    946.95    |    -2.30     |    -4.30     |      42      |  ✅ Success  
    330      |    574.08    |    -33.90    |    -19.69    |     182      |  ✅ Success  
  📊 统计 [Ep 330]: Actor Loss=-13.9975, Critic Loss=142.6293, Alpha=0.2090, TD-error=9.8286, Beta=1.0000
    331      |   -782.86    |   -120.45    |   -199.24    |     532      |  ✅ Success  
    332      |    370.37    |    -49.46    |    -53.24    |     192      |  ✅ Success  
    333      |    942.90    |    -3.20     |    -3.73     |      50      |  ✅ Success  
    334      |    656.04    |    -20.90    |    -23.49    |     105      |  ✅ Success  
    335      |    896.70    |    -6.58     |    -8.17     |      65      |  ✅ Success  
    336      |    697.75    |    -23.38    |    -20.97    |     134      |  ✅ Success  
    337      |    754.56    |    -17.89    |    -17.58    |     111      |  ✅ Success  
    338      |    404.61    |    -30.59    |    -32.09    |     194      |  ✅ Success  
    339      |    880.85    |    -7.23     |    -52.50    |      61      |  ✅ Success  
    340      |    900.64    |    -7.27     |    -9.60     |      67      |  ✅ Success  
  📊 统计 [Ep 340]: Actor Loss=-10.2740, Critic Loss=156.4191, Alpha=0.2079, TD-error=10.3415, Beta=1.0000
    341      |    574.04    |    -36.28    |    -41.24    |     143      |  ✅ Success  
    342      |    893.80    |    -7.30     |    -7.30     |      64      |  ✅ Success  
    343      |    614.28    |    -31.77    |    -52.79    |     161      |  ✅ Success  
    344      |    943.43    |    -8.48     |    -7.21     |      36      |  ✅ Success  
    345      |    891.39    |    -9.75     |    -3.11     |      69      |  ✅ Success  
    346      |    940.39    |    -5.11     |    -3.51     |      43      |  ✅ Success  
    347      |    925.79    |    -4.47     |    -20.03    |      44      |  ✅ Success  
    348      |   -1450.73   |   -169.13    |   -281.23    |     719      |  ✅ Success  
    349      |    651.78    |    -23.17    |    -55.63    |     154      |  ✅ Success  
    350      |    732.91    |    -18.62    |    -15.33    |     105      |  ✅ Success  
  📊 统计 [Ep 350]: Actor Loss=-12.3673, Critic Loss=139.3441, Alpha=0.2099, TD-error=8.9875, Beta=1.0000
    351      |    899.81    |    -6.76     |    -6.06     |      61      |  ✅ Success  
    352      |    529.93    |    -29.00    |    -32.13    |     163      |  ✅ Success  
    353      |    936.57    |    -4.01     |    -4.55     |      45      |  ✅ Success  
    354      |    765.95    |    -22.06    |    -45.51    |     115      |  ✅ Success  
    355      |    884.89    |    -17.27    |    -25.39    |      72      |  ✅ Success  
    356      |   -3300.68   |   -314.17    |   -286.68    |     1000     | ⏱️  Timeout 
    357      |    611.19    |    -26.99    |    -36.00    |     153      |  ✅ Success  
    358      |    764.53    |    -23.98    |    -20.90    |     107      |  ✅ Success  
    359      |    862.07    |    -23.62    |    -6.07     |      67      |  ✅ Success  
    360      |   -1889.34   |   -206.42    |   -227.45    |     962      |  ✅ Success  
  📊 统计 [Ep 360]: Actor Loss=-25.3911, Critic Loss=167.9565, Alpha=0.2096, TD-error=10.8737, Beta=1.0000
    361      |    558.34    |    -55.69    |    -27.10    |     126      |  ✅ Success  
    362      |    891.58    |    -7.91     |    -8.44     |      72      |  ✅ Success  
    363      |    783.14    |    -10.45    |    -15.01    |     100      |  ✅ Success  
    364      |    539.08    |    -24.91    |    -60.93    |     143      |  ✅ Success  
    365      |   -468.65    |   -116.65    |   -173.08    |     451      |  ✅ Success  
    366      |    494.24    |    -42.28    |    -76.42    |     157      |  ✅ Success  
    367      |   -3610.23   |   -238.81    |   -359.41    |     1000     | ⏱️  Timeout 
    368      |    933.33    |    -30.87    |    -6.12     |      42      |  ✅ Success  
    369      |    898.12    |    -6.18     |    -5.70     |      63      |  ✅ Success  
    370      |    937.53    |    -3.37     |    -3.24     |      42      |  ✅ Success  
  📊 统计 [Ep 370]: Actor Loss=-26.8038, Critic Loss=144.4542, Alpha=0.1871, TD-error=10.6866, Beta=1.0000
    371      |   -3912.33   |   -407.52    |   -392.41    |     1000     | ⏱️  Timeout 
    372      |   -949.76    |   -208.97    |   -171.08    |     523      |  ✅ Success  
    373      |   -3023.24   |   -260.71    |   -255.16    |     1000     | ⏱️  Timeout 
    374      |    594.33    |    -65.79    |    -34.06    |     127      |  ✅ Success  
    375      |   -2326.57   |   -210.89    |   -202.15    |     540      |  ❌ Failure  
    376      |   -2756.35   |   -219.27    |   -268.42    |     1000     | ⏱️  Timeout 
    377      |   -3983.25   |   -413.06    |   -407.58    |     1000     | ⏱️  Timeout 
    378      |   -722.39    |   -188.45    |   -157.38    |     590      |  ✅ Success  
    379      |    808.36    |    -18.67    |    -10.73    |      89      |  ✅ Success  
    380      |    920.74    |    -7.74     |    -5.12     |      56      |  ✅ Success  
  📊 统计 [Ep 380]: Actor Loss=-22.7832, Critic Loss=146.6985, Alpha=0.1556, TD-error=8.6985, Beta=1.0000
    381      |    851.65    |    -9.52     |    -9.99     |      71      |  ✅ Success  
    382      |   -811.71    |   -158.47    |   -159.98    |     521      |  ✅ Success  
    383      |   -953.92    |   -204.07    |   -290.24    |     738      |  ✅ Success  
    384      |   -145.40    |   -113.30    |    -70.38    |     345      |  ✅ Success  
    385      |    597.64    |    -65.06    |    -58.06    |     138      |  ✅ Success  
    386      |    366.58    |    -40.59    |   -109.56    |     203      |  ✅ Success  
    387      |   -947.24    |    -51.67    |    -27.69    |     153      |  ❌ Failure  
    388      |    561.86    |    -39.97    |    -49.72    |     131      |  ✅ Success  
    389      |    960.91    |    -3.17     |    -4.46     |      33      |  ✅ Success  
    390      |    758.00    |    -15.23    |    -17.13    |      83      |  ✅ Success  
  📊 统计 [Ep 390]: Actor Loss=-10.7959, Critic Loss=120.2654, Alpha=0.1363, TD-error=9.2743, Beta=1.0000
    391      |    -36.93    |    -99.86    |   -168.55    |     301      |  ✅ Success  
    392      |    492.45    |    -29.48    |    -29.77    |     163      |  ✅ Success  
    393      |    367.99    |    -46.30    |    -43.98    |     227      |  ✅ Success  
    394      |    614.70    |    -74.54    |    -69.01    |     143      |  ✅ Success  
    395      |    868.75    |    -34.53    |    -30.69    |      61      |  ✅ Success  
    396      |   -1588.52   |   -228.11    |   -301.58    |     690      |  ✅ Success  
    397      |   -2799.00   |   -571.94    |   -418.56    |     999      |  ✅ Success  
    398      |    802.66    |    -10.46    |    -22.68    |     119      |  ✅ Success  
    399      |   -4361.48   |   -537.20    |   -417.84    |     1000     | ⏱️  Timeout 
    400      |    569.81    |    -30.93    |    -18.13    |     216      |  ✅ Success  
  📊 统计 [Ep 400]: Actor Loss=-21.6911, Critic Loss=133.5838, Alpha=0.1270, TD-error=9.5718, Beta=1.0000
    401      |   -855.92    |   -263.62    |   -111.77    |     504      |  ✅ Success  
    402      |   -515.76    |    -0.91     |    -0.71     |      6       |  ❌ Failure  
    403      |   -2527.63   |   -303.19    |   -214.94    |     1000     | ⏱️  Timeout 
    404      |   -591.19    |    -6.21     |    -6.67     |      36      |  ❌ Failure  
    405      |   -1506.12   |   -266.55    |   -151.16    |     635      |  ✅ Success  
    406      |   -985.61    |   -156.53    |   -217.95    |     501      |  ✅ Success  
    407      |   -1476.27   |   -161.92    |   -164.24    |     638      |  ✅ Success  
    408      |   -1863.00   |   -348.53    |   -145.34    |     1000     | ⏱️  Timeout 
    409      |   -1250.19   |   -175.69    |   -125.08    |     666      |  ✅ Success  
    410      |   -813.94    |   -288.78    |   -154.04    |     472      |  ✅ Success  
  📊 统计 [Ep 410]: Actor Loss=3.6035, Critic Loss=64.5580, Alpha=0.0878, TD-error=5.6936, Beta=1.0000
    411      |    953.16    |    -8.40     |    -3.57     |      38      |  ✅ Success  
    412      |    896.12    |    -7.82     |    -6.68     |      50      |  ✅ Success  
    413      |   -157.28    |   -155.26    |    -82.06    |     304      |  ✅ Success  
    414      |    366.42    |    -48.24    |    -51.00    |     193      |  ✅ Success  
    415      |    914.71    |    -5.43     |    -21.89    |      46      |  ✅ Success  
    416      |    949.73    |    -6.95     |    -12.82    |      37      |  ✅ Success  
    417      |    927.63    |    -6.53     |    -3.35     |      46      |  ✅ Success  
    418      |    822.97    |    -13.25    |    -19.68    |      70      |  ✅ Success  
    419      |    927.34    |    -8.10     |     0.39     |      44      |  ✅ Success  
    420      |    647.32    |    -32.35    |    -30.59    |     120      |  ✅ Success  
  📊 统计 [Ep 420]: Actor Loss=2.4559, Critic Loss=92.5658, Alpha=0.0841, TD-error=7.5190, Beta=1.0000
    421      |    895.90    |    -5.84     |    -6.46     |      51      |  ✅ Success  
    422      |    544.16    |    -35.36    |    -27.77    |     148      |  ✅ Success  
    423      |   -739.25    |   -114.10    |    -80.40    |     461      |  ✅ Success  
    424      |    427.69    |    -51.33    |    -37.75    |     218      |  ✅ Success  
    425      |    429.22    |   -205.31    |    -30.63    |     211      |  ✅ Success  
    426      |    261.50    |    -71.36    |    -42.72    |     203      |  ✅ Success  
    427      |    706.70    |    -18.82    |    -39.00    |     100      |  ✅ Success  
    428      |    14.09     |   -120.93    |   -108.33    |     296      |  ✅ Success  
    429      |   -641.84    |    -27.33    |    -11.93    |      45      |  ❌ Failure  
    430      |    550.31    |    -29.21    |    -70.04    |     165      |  ✅ Success  
  📊 统计 [Ep 430]: Actor Loss=-7.3751, Critic Loss=107.8943, Alpha=0.1107, TD-error=8.2451, Beta=1.0000
    431      |    660.93    |    -39.50    |    -21.39    |     116      |  ✅ Success  
    432      |    533.41    |    -29.44    |    -44.87    |     141      |  ✅ Success  
    433      |   -163.02    |   -148.92    |   -130.37    |     337      |  ✅ Success  
    434      |   -550.60    |   -181.21    |    -77.91    |     439      |  ✅ Success  
    435      |   -2488.45   |   -169.55    |   -200.55    |     583      |  ❌ Failure  
    436      |    703.16    |    -23.04    |    -60.40    |     104      |  ✅ Success  
    437      |    808.21    |    -14.64    |    -8.60     |      88      |  ✅ Success  
    438      |   -1475.28   |   -225.11    |   -167.66    |     652      |  ✅ Success  
    439      |    125.71    |    -92.44    |   -212.28    |     279      |  ✅ Success  
    440      |    109.40    |   -151.90    |    -90.73    |     238      |  ✅ Success  
  📊 统计 [Ep 440]: Actor Loss=-24.2828, Critic Loss=158.4653, Alpha=0.2147, TD-error=9.9528, Beta=1.0000
    441      |    744.44    |    -18.74    |    -46.52    |      98      |  ✅ Success  
    442      |    215.29    |   -131.71    |    -44.51    |     224      |  ✅ Success  
    443      |    -54.94    |    -88.24    |   -125.97    |     365      |  ✅ Success  
    444      |   -772.88    |   -298.87    |   -153.77    |     511      |  ✅ Success  
    445      |   -3558.00   |   -292.57    |   -248.67    |     1000     | ⏱️  Timeout 
    446      |   -104.25    |    -69.56    |    -90.43    |     326      |  ✅ Success  
    447      |   -3874.12   |   -237.00    |   -325.18    |     1000     | ⏱️  Timeout 
    448      |   -3676.93   |   -329.53    |   -246.04    |     1000     | ⏱️  Timeout 
    449      |    300.33    |    -43.84    |    -46.24    |     188      |  ✅ Success  
    450      |    614.81    |    -20.98    |    -35.38    |     123      |  ✅ Success  
  📊 统计 [Ep 450]: Actor Loss=-31.0345, Critic Loss=118.8382, Alpha=0.2557, TD-error=9.3657, Beta=1.0000
    451      |   -3821.79   |   -283.16    |   -248.69    |     1000     | ⏱️  Timeout 
    452      |    952.43    |    -2.96     |    -3.51     |      35      |  ✅ Success  
    453      |   -203.99    |   -130.81    |    -58.90    |     419      |  ✅ Success  
    454      |    77.47     |    -63.83    |    -66.04    |     270      |  ✅ Success  
    455      |    594.97    |    -24.59    |    -20.20    |     128      |  ✅ Success  
    456      |   -3582.65   |   -374.27    |   -214.75    |     1000     | ⏱️  Timeout 
    457      |   -3507.93   |   -325.89    |   -207.23    |     1000     | ⏱️  Timeout 
    458      |    779.09    |    -17.25    |    -32.12    |      91      |  ✅ Success  
    459      |   -3685.69   |   -238.51    |   -362.65    |     1000     | ⏱️  Timeout 
    460      |   -3957.24   |   -413.76    |   -170.29    |     1000     | ⏱️  Timeout 
  📊 统计 [Ep 460]: Actor Loss=-36.6832, Critic Loss=112.9547, Alpha=0.2037, TD-error=8.8185, Beta=1.0000
    461      |   -3552.89   |   -307.46    |   -145.25    |     1000     | ⏱️  Timeout 
    462      |   -1318.33   |    -78.48    |    -77.48    |     253      |  ❌ Failure  
    463      |    151.08    |    -90.94    |    -43.00    |     307      |  ✅ Success  
    464      |    715.79    |    -16.98    |    -13.58    |      95      |  ✅ Success  
    465      |   -3393.81   |   -259.55    |   -157.98    |     1000     | ⏱️  Timeout 
    466      |    968.12    |    -1.60     |    -2.02     |      27      |  ✅ Success  
    467      |    733.97    |    -17.17    |    -21.48    |      99      |  ✅ Success  
    468      |    826.21    |    -10.68    |    -8.87     |      68      |  ✅ Success  
    469      |   -3147.02   |   -206.16    |   -116.23    |     1000     | ⏱️  Timeout 
    470      |    940.49    |    -17.05    |    -4.12     |      45      |  ✅ Success  
  📊 统计 [Ep 470]: Actor Loss=-40.2174, Critic Loss=110.1982, Alpha=0.1823, TD-error=8.4314, Beta=1.0000
    471      |   -3021.26   |   -194.67    |   -130.48    |     1000     | ⏱️  Timeout 
    472      |    668.22    |    -24.59    |    -54.07    |     187      |  ✅ Success  
    473      |   -2872.76   |   -205.04    |   -116.96    |     1000     | ⏱️  Timeout 
    474      |   -3165.84   |   -192.97    |   -128.83    |     1000     | ⏱️  Timeout 
    475      |   -2829.16   |   -126.35    |   -118.03    |     1000     | ⏱️  Timeout 
    476      |    944.91    |    -16.34    |    -3.94     |      35      |  ✅ Success  
    477      |   -2897.41   |   -211.74    |   -181.15    |     1000     | ⏱️  Timeout 
    478      |   -3251.35   |   -469.00    |   -136.10    |     1000     | ⏱️  Timeout 
    479      |   -357.40    |   -152.63    |   -195.21    |     620      |  ✅ Success  
    480      |   -675.80    |    -15.89    |    -5.84     |      81      |  ❌ Failure  
  📊 统计 [Ep 480]: Actor Loss=-15.8467, Critic Loss=42.1978, Alpha=0.0644, TD-error=4.4307, Beta=1.0000
    481      |    724.09    |    -27.19    |    -23.83    |     105      |  ✅ Success  
    482      |    230.15    |   -120.62    |   -213.64    |     325      |  ✅ Success  
    483      |    698.52    |    -42.50    |    -34.61    |     152      |  ✅ Success  
    484      |    426.89    |    -35.69    |    -27.65    |     197      |  ✅ Success  
    485      |    965.78    |    -2.91     |    -2.20     |      28      |  ✅ Success  
    486      |    928.14    |    -6.14     |    -5.14     |      47      |  ✅ Success  
    487      |    767.14    |    -43.68    |    -16.33    |      86      |  ✅ Success  
    488      |    724.01    |    -31.86    |    -40.11    |     104      |  ✅ Success  
    489      |    937.70    |    -13.62    |    -27.49    |      47      |  ✅ Success  
    490      |    961.01    |    -3.37     |    -2.94     |      32      |  ✅ Success  
  📊 统计 [Ep 490]: Actor Loss=-39.1354, Critic Loss=104.0195, Alpha=0.0723, TD-error=10.2245, Beta=1.0000
    491      |    374.53    |    -54.43    |   -104.32    |     186      |  ✅ Success  
    492      |    962.07    |    -3.95     |    -2.38     |      26      |  ✅ Success  
    493      |    901.65    |    -12.17    |    -9.69     |      51      |  ✅ Success  
    494      |    -77.97    |   -141.31    |    -95.92    |     328      |  ✅ Success  
    495      |    478.03    |    -40.27    |    -29.47    |     213      |  ✅ Success  
    496      |    917.43    |    -6.52     |    -25.53    |      51      |  ✅ Success  
    497      |    919.58    |    -8.11     |    -9.48     |      52      |  ✅ Success  
    498      |    906.19    |    -12.01    |    -10.21    |      49      |  ✅ Success  
    499      |    774.48    |    -23.60    |    -16.82    |      83      |  ✅ Success  
✅ 训练数据已保存: /home/zhangpeng/UAV_PATH_PLANNING/runs/exp_baseline_20251029_141548/training_data.pkl
✅ 总奖励曲线已保存: /home/zhangpeng/UAV_PATH_PLANNING/runs/exp_baseline_20251029_141548/plots/total_reward.png
✅ Leader奖励曲线已保存: /home/zhangpeng/UAV_PATH_PLANNING/runs/exp_baseline_20251029_141548/plots/leader_reward.png
✅ Follower奖励曲线已保存: /home/zhangpeng/UAV_PATH_PLANNING/runs/exp_baseline_20251029_141548/plots/follower_reward.png
