📝 日志文件: /home/zhangpeng/UAV_PATH_PLANNING/runs/exp_baseline_20251031_165059/training.log
💡 训练输出将实时保存到日志文件
🚀 启用AMP混合精度训练（预期加速40-100%）
🚀 启用异步数据传输（预期加速10-20%）
SAC训练中...
📊 优先级经验回放（PER）配置:
  - 容量: 20000
  - Alpha: 0.6 (优先级指数)
  - Beta: 0.4 → 1.0 (重要性采样权重)
  - 内存优化: float32 (节省50%内存)

================================================================================
  Episode    |    Leader    |  Follower0   |  Follower1   |  Follower2   |    Steps     |    Status   
================================================================================
     0       |   -544.18    |    -6.20     |    -5.61     |    -6.30     |      6       |  ❌ Failure  
     1       |   -673.66    |    -16.08    |    -29.03    |    -29.02    |      17      |  ❌ Failure  
     2       |   -6511.67   |   -1036.54   |   -1395.37   |   -1340.83   |     455      |  ✅ Success  
     3       |  -12155.26   |   -2026.40   |   -1608.61   |   -2945.07   |     757      |  ❌ Failure  
     4       |   -7846.77   |   -1701.23   |   -992.74    |   -1591.31   |     595      |  ✅ Success  
     5       |  -11310.20   |   -2187.30   |   -2540.86   |   -3013.48   |     983      |  ✅ Success  
     6       |   -592.55    |    -10.27    |    -10.57    |    -8.38     |      12      |  ❌ Failure  
     7       |   -788.63    |    -28.73    |    -32.91    |    -41.68    |      29      |  ❌ Failure  
     8       |   -663.09    |    -16.61    |    -22.80    |    -28.89    |      17      |  ❌ Failure  
     9       |   -584.19    |   -324.02    |   -323.50    |   -333.60    |     123      |  ✅ Success  
     10      |   -7169.01   |   -1341.20   |   -1225.61   |   -1172.37   |     530      |  ❌ Failure  
  📊 统计 [Ep 10]: Actor Loss=49.3954, Critic Loss=96.8378, Alpha=0.4601, TD-error=4.6687, Beta=1.0000
     11      |   -2303.49   |   -633.57    |   -686.11    |   -682.73    |     254      |  ✅ Success  
     12      |   -1901.89   |   -679.69    |   -570.82    |   -508.97    |     257      |  ✅ Success  
     13      |   -4099.42   |   -886.59    |   -839.52    |   -897.53    |     397      |  ✅ Success  
     14      |   -1378.19   |   -161.20    |    -99.97    |   -138.59    |      77      |  ❌ Failure  
     15      |  -13840.92   |   -2480.36   |   -2974.19   |   -2784.78   |     1000     | ⏱️  Timeout 
     16      |  -13693.03   |   -2659.77   |   -2383.37   |   -2487.10   |     1000     | ⏱️  Timeout 
     17      |   -961.89    |    -39.28    |    -54.98    |    -87.44    |      46      |  ❌ Failure  
     18      |  -12287.40   |   -3112.93   |   -2677.02   |   -2270.99   |     1000     | ⏱️  Timeout 
     19      |   -1673.65   |   -242.80    |   -155.37    |   -274.91    |     100      |  ❌ Failure  
     20      |   -2582.01   |   -479.50    |   -308.66    |   -331.65    |     177      |  ❌ Failure  
  📊 统计 [Ep 20]: Actor Loss=49.3259, Critic Loss=170.4705, Alpha=0.1932, TD-error=5.9068, Beta=1.0000
     21      |  -15973.78   |   -3099.36   |   -2427.16   |   -3353.82   |     1000     | ⏱️  Timeout 
     22      |  -12939.50   |   -1438.60   |   -2013.77   |   -2522.38   |     1000     | ⏱️  Timeout 
     23      |   -9108.02   |   -2023.43   |   -1603.35   |   -1632.13   |     823      |  ✅ Success  
     24      |   -6558.00   |   -1688.08   |   -1638.52   |   -1915.66   |     803      |  ✅ Success  
     25      |  -13976.77   |   -2309.10   |   -1630.60   |   -1902.03   |     1000     | ⏱️  Timeout 
     26      |   -4489.28   |   -842.65    |   -752.03    |   -1012.98   |     477      |  ✅ Success  
     27      |   -2497.80   |   -729.19    |   -784.13    |   -765.49    |     337      |  ✅ Success  
     28      |   -506.73    |   -244.44    |   -305.23    |   -455.44    |     171      |  ✅ Success  
     29      |  -10021.54   |   -2363.39   |   -2057.85   |   -3024.83   |     1000     | ⏱️  Timeout 
     30      |   -1731.42   |   -498.59    |   -354.50    |   -428.58    |     219      |  ✅ Success  
  📊 统计 [Ep 30]: Actor Loss=50.0287, Critic Loss=95.2093, Alpha=0.0788, TD-error=3.5992, Beta=1.0000
     31      |   -1304.20   |    -95.45    |    -91.55    |   -155.07    |      65      |  ❌ Failure  
     32      |   -2232.41   |   -251.61    |   -311.36    |   -272.40    |     129      |  ❌ Failure  
     33      |   -8846.28   |   -1797.02   |   -1645.76   |   -2900.15   |     937      |  ✅ Success  
     34      |   -1819.28   |   -160.13    |   -192.32    |   -233.31    |     142      |  ❌ Failure  
     35      |   -2606.66   |   -285.76    |   -229.04    |   -289.83    |     168      |  ❌ Failure  
     36      |   -8703.98   |   -1055.53   |   -1362.17   |   -1089.07   |     648      |  ❌ Failure  
     37      |   -625.03    |    -10.18    |    -13.46    |    -15.67    |      15      |  ❌ Failure  
     38      |  -13930.62   |   -3261.66   |   -1580.66   |   -2145.44   |     1000     | ⏱️  Timeout 
     39      |   -1537.23   |   -172.64    |   -132.07    |   -145.26    |     120      |  ❌ Failure  
     40      |   -1084.74   |    -40.92    |    -80.78    |    -71.15    |      66      |  ❌ Failure  
  📊 统计 [Ep 40]: Actor Loss=60.0820, Critic Loss=235.3020, Alpha=0.0785, TD-error=7.8279, Beta=1.0000
     41      |   -546.08    |    -6.61     |    -2.43     |    -5.23     |      7       |  ❌ Failure  
     42      |    317.89    |    -95.89    |    -88.70    |    -96.49    |      69      |  ✅ Success  
     43      |   -691.24    |    -22.14    |    -15.96    |    -41.29    |      21      |  ❌ Failure  
     44      |  -17458.70   |   -2775.22   |   -3971.59   |   -3397.09   |     1000     | ⏱️  Timeout 
     45      |   -811.45    |   -325.83    |   -394.90    |   -307.33    |     169      |  ✅ Success  
     46      |  -13706.00   |   -2716.39   |   -2205.87   |   -1881.18   |     1000     | ⏱️  Timeout 
     47      |   -6557.22   |   -840.53    |   -712.79    |   -679.95    |     532      |  ❌ Failure  
     48      |  -10197.12   |   -2503.93   |   -1403.75   |   -1739.06   |     1000     | ⏱️  Timeout 
     49      |   -9698.23   |   -2126.30   |   -1981.79   |   -1653.74   |     1000     | ⏱️  Timeout 
     50      |   -5909.46   |   -1324.73   |   -978.72    |   -1103.38   |     649      |  ✅ Success  
  📊 统计 [Ep 50]: Actor Loss=63.4905, Critic Loss=115.4310, Alpha=0.1152, TD-error=5.3002, Beta=1.0000
     51      |  -12617.21   |   -1720.74   |   -1444.37   |   -1588.37   |     1000     | ⏱️  Timeout 
     52      |   -2344.82   |   -262.79    |   -220.21    |   -183.14    |     147      |  ❌ Failure  
     53      |  -13317.93   |   -2051.94   |   -1465.53   |   -1732.19   |     1000     | ⏱️  Timeout 
     54      |  -13622.26   |   -1937.10   |   -1852.93   |   -1796.21   |     1000     | ⏱️  Timeout 
     55      |  -15417.41   |   -3258.67   |   -1654.14   |   -1422.10   |     1000     | ⏱️  Timeout 
     56      |   -9894.89   |   -1574.54   |   -1525.10   |   -1925.14   |     1000     | ⏱️  Timeout 
     57      |   -9846.43   |   -1367.75   |   -1305.67   |   -1161.60   |     1000     | ⏱️  Timeout 
     58      |  -11181.31   |   -1670.09   |   -1238.99   |   -1672.65   |     1000     | ⏱️  Timeout 
     59      |  -12991.33   |   -2083.72   |   -1781.75   |   -1319.88   |     1000     | ⏱️  Timeout 
     60      |  -13911.26   |   -2066.64   |   -1448.11   |   -1584.86   |     1000     | ⏱️  Timeout 
  📊 统计 [Ep 60]: Actor Loss=56.6246, Critic Loss=50.4765, Alpha=0.0739, TD-error=2.9492, Beta=1.0000
     61      |  -12876.06   |   -1628.48   |   -1257.47   |   -1372.76   |     1000     | ⏱️  Timeout 
     62      |   -7601.50   |   -1419.32   |   -947.42    |   -1509.62   |     791      |  ❌ Failure  
     63      |   -1058.53   |   -294.39    |   -226.01    |   -238.75    |     182      |  ✅ Success  
     64      |   -2157.32   |   -220.24    |   -306.02    |   -249.70    |     175      |  ❌ Failure  
     65      |   -2020.34   |   -358.11    |   -305.64    |   -324.83    |     285      |  ✅ Success  
     66      |   -2758.01   |   -504.20    |   -357.59    |   -518.73    |     477      |  ✅ Success  
     67      |   -588.22    |   -268.55    |   -272.04    |   -209.44    |     189      |  ✅ Success  
     68      |    356.70    |    -76.45    |    -64.07    |    -93.97    |      87      |  ✅ Success  
     69      |    672.61    |    -66.05    |    -42.91    |    -74.64    |      41      |  ✅ Success  
     70      |   -1617.14   |   -451.05    |   -515.75    |   -606.38    |     310      |  ✅ Success  
  📊 统计 [Ep 70]: Actor Loss=49.2899, Critic Loss=51.2720, Alpha=0.0520, TD-error=3.2318, Beta=1.0000
     71      |   -7257.19   |   -1157.34   |   -1042.02   |   -915.20    |     757      |  ✅ Success  
     72      |    296.55    |    -71.51    |    -67.45    |    -70.64    |      98      |  ✅ Success  
     73      |   -943.43    |   -226.42    |   -245.51    |   -176.53    |     196      |  ✅ Success  
     74      |    260.77    |   -138.83    |   -103.40    |    -98.52    |      93      |  ✅ Success  
     75      |   -9892.72   |   -1995.26   |   -1260.81   |   -1202.28   |     1000     | ⏱️  Timeout 
     76      |   -819.89    |    -63.06    |    -51.06    |    -37.07    |      38      |  ❌ Failure  
     77      |  -10541.61   |   -1817.19   |   -1237.24   |   -2349.13   |     1000     | ⏱️  Timeout 
     78      |   -8392.88   |   -1647.50   |   -1243.15   |   -2293.53   |     1000     | ⏱️  Timeout 
     79      |   -607.38    |    -7.45     |    -18.62    |    -14.41    |      13      |  ❌ Failure  
     80      |   -228.29    |   -150.89    |   -147.29    |   -213.21    |     151      |  ✅ Success  
  📊 统计 [Ep 80]: Actor Loss=43.4425, Critic Loss=33.0957, Alpha=0.0584, TD-error=2.5402, Beta=1.0000
     81      |   -644.25    |    -18.74    |    -12.23    |    -14.93    |      18      |  ❌ Failure  
     82      |   -541.04    |    -2.34     |    -4.13     |    -6.66     |      6       |  ❌ Failure  
     83      |   -566.31    |    -5.14     |    -7.80     |    -5.46     |      8       |  ❌ Failure  
     84      |   -6710.79   |   -1586.60   |   -1263.37   |   -1380.50   |     1000     | ⏱️  Timeout 
     85      |   -2638.74   |   -492.32    |   -421.54    |   -384.12    |     343      |  ✅ Success  
     86      |   -1521.57   |   -314.13    |   -417.52    |   -305.70    |     277      |  ✅ Success  
     87      |    807.36    |    -27.52    |    -23.30    |    -24.23    |      35      |  ✅ Success  
     88      |   -2904.24   |   -542.30    |   -578.89    |   -832.86    |     457      |  ✅ Success  
     89      |   -6399.62   |   -833.30    |   -989.25    |   -878.20    |     651      |  ✅ Success  
     90      |   -9347.70   |   -1669.60   |   -1189.39   |   -1315.82   |     1000     | ⏱️  Timeout 
  📊 统计 [Ep 90]: Actor Loss=36.2431, Critic Loss=58.4807, Alpha=0.0814, TD-error=3.5652, Beta=1.0000
     91      |   -6872.69   |   -1684.53   |   -1526.90   |   -1380.30   |     1000     | ⏱️  Timeout 
     92      |   -6008.98   |   -1385.99   |   -1126.47   |   -1414.53   |     1000     | ⏱️  Timeout 
     93      |   -2033.51   |   -314.52    |   -421.17    |   -297.76    |     301      |  ✅ Success  
     94      |   -2283.69   |   -279.23    |   -158.43    |   -198.48    |     222      |  ❌ Failure  
     95      |   -6860.71   |   -1342.88   |   -1140.83   |   -1565.70   |     1000     | ⏱️  Timeout 
     96      |   -3874.66   |   -428.24    |   -318.83    |   -564.32    |     322      |  ❌ Failure  
     97      |   -5919.97   |   -1257.32   |   -1179.04   |   -1077.86   |     1000     | ⏱️  Timeout 
     98      |   -7054.35   |   -888.55    |   -988.93    |   -898.38    |     678      |  ✅ Success  
     99      |   -6806.70   |   -734.74    |   -739.93    |   -859.32    |     732      |  ❌ Failure  
    100      |   -7341.80   |   -1570.19   |   -1402.84   |   -1250.74   |     1000     | ⏱️  Timeout 
  📊 统计 [Ep 100]: Actor Loss=31.7457, Critic Loss=59.6053, Alpha=0.0895, TD-error=3.8549, Beta=1.0000
    101      |    721.85    |    -59.98    |    -28.61    |    -42.49    |      42      |  ✅ Success  
    102      |   -212.18    |   -152.22    |   -222.49    |   -134.23    |     128      |  ✅ Success  
    103      |   -6837.54   |   -1496.10   |   -1229.15   |   -1147.47   |     1000     | ⏱️  Timeout 
    104      |   -3463.46   |   -419.79    |   -412.74    |   -586.86    |     453      |  ✅ Success  
    105      |    661.97    |    -61.35    |    -59.10    |    -39.32    |      54      |  ✅ Success  
    106      |    749.12    |    -25.77    |    -32.53    |    -28.35    |      39      |  ✅ Success  
    107      |   -5048.89   |   -463.34    |   -499.06    |   -563.88    |     559      |  ❌ Failure  
    108      |   -1801.63   |   -318.83    |   -256.53    |   -349.39    |     295      |  ✅ Success  
    109      |   -610.52    |    -8.49     |    -10.28    |    -10.08    |      17      |  ❌ Failure  
    110      |    836.06    |    -11.51    |    -30.01    |    -36.86    |      30      |  ✅ Success  
  📊 统计 [Ep 110]: Actor Loss=28.7696, Critic Loss=83.3953, Alpha=0.0773, TD-error=4.2401, Beta=1.0000
    111      |    813.46    |    -38.44    |    -25.10    |    -16.26    |      36      |  ✅ Success  
    112      |    382.23    |    -69.78    |    -49.80    |    -74.12    |      89      |  ✅ Success  
    113      |    772.81    |    -23.04    |    -54.49    |    -18.40    |      34      |  ✅ Success  
    114      |   -1991.65   |   -491.65    |   -262.51    |   -292.52    |     326      |  ✅ Success  
    115      |   -917.24    |    -49.83    |    -35.55    |    -48.96    |      46      |  ❌ Failure  
    116      |   -616.57    |    -10.37    |    -14.79    |    -12.15    |      15      |  ❌ Failure  
    117      |   -933.50    |   -258.09    |   -195.33    |   -369.21    |     288      |  ✅ Success  
    118      |    433.97    |    -68.78    |    -97.94    |    -57.68    |      81      |  ✅ Success  
    119      |   -664.57    |    -35.23    |    -9.79     |    -17.09    |      19      |  ❌ Failure  
    120      |    614.87    |    -43.64    |    -42.86    |    -34.51    |      54      |  ✅ Success  
  📊 统计 [Ep 120]: Actor Loss=26.7141, Critic Loss=129.7677, Alpha=0.0849, TD-error=6.1534, Beta=1.0000
    121      |    827.82    |    -18.76    |    -21.75    |    -21.56    |      34      |  ✅ Success  
    122      |   -7303.54   |   -1093.49   |   -1167.18   |   -1187.72   |     1000     | ⏱️  Timeout 
    123      |   -4877.67   |   -741.60    |   -646.55    |   -1151.65   |     638      |  ✅ Success  
    124      |    777.55    |    -24.59    |    -24.80    |    -18.90    |      37      |  ✅ Success  
    125      |    570.81    |    -70.49    |    -50.53    |    -45.56    |      57      |  ✅ Success  
    126      |    416.29    |   -120.78    |    -61.40    |    -82.38    |      79      |  ✅ Success  
    127      |    304.12    |   -122.46    |    -84.07    |    -81.32    |      74      |  ✅ Success  
    128      |   -608.44    |   -259.41    |   -125.64    |   -251.43    |     177      |  ✅ Success  
    129      |    711.38    |    -25.20    |    -29.85    |    -56.07    |      40      |  ✅ Success  
    130      |   -538.70    |    -4.22     |    -4.18     |    -1.95     |      6       |  ❌ Failure  
  📊 统计 [Ep 130]: Actor Loss=29.6233, Critic Loss=111.2171, Alpha=0.1086, TD-error=6.1729, Beta=1.0000
    131      |   -219.83    |   -189.93    |   -222.31    |   -189.09    |     185      |  ✅ Success  
    132      |    236.58    |   -109.24    |    -86.90    |   -104.50    |     121      |  ✅ Success  
    133      |    578.81    |    -66.74    |    -78.69    |    -49.62    |      58      |  ✅ Success  
    134      |    12.24     |   -155.26    |    -95.56    |   -125.53    |     111      |  ✅ Success  
    135      |   -127.68    |   -174.91    |   -164.53    |   -169.12    |     164      |  ✅ Success  
    136      |   -2052.09   |   -321.85    |   -239.06    |   -443.05    |     356      |  ✅ Success  
    137      |   -5634.50   |   -591.51    |   -563.74    |   -706.13    |     632      |  ✅ Success  
    138      |  -10213.69   |   -1143.20   |   -554.78    |   -1085.83   |     1000     | ⏱️  Timeout 
    139      |    615.64    |    -51.73    |   -129.33    |    -66.62    |      53      |  ✅ Success  
    140      |    237.51    |   -120.10    |   -241.78    |   -120.18    |      92      |  ✅ Success  
  📊 统计 [Ep 140]: Actor Loss=18.5407, Critic Loss=238.8880, Alpha=0.1183, TD-error=7.9457, Beta=1.0000
    141      |   -5412.79   |   -675.12    |   -521.75    |   -575.99    |     511      |  ❌ Failure  
    142      |  -11675.66   |   -1183.90   |   -1168.23   |   -2043.60   |     1000     | ⏱️  Timeout 
    143      |  -11386.18   |   -2956.29   |   -917.27    |   -1131.96   |     1000     | ⏱️  Timeout 
    144      |   -568.13    |    -4.01     |    -6.47     |    -3.69     |      9       |  ❌ Failure  
    145      |   -1255.20   |   -278.78    |   -168.05    |   -261.44    |     288      |  ✅ Success  
    146      |  -10596.55   |   -1227.62   |   -617.60    |   -1032.47   |     1000     | ⏱️  Timeout 
    147      |    763.30    |    -39.07    |    -36.03    |    -25.04    |      40      |  ✅ Success  
    148      |   -5259.00   |   -622.06    |   -410.51    |   -661.95    |     647      |  ✅ Success  
    149      |    181.91    |    -85.48    |    -89.06    |    -79.53    |     108      |  ✅ Success  
    150      |  -10706.03   |   -839.74    |   -669.30    |   -950.57    |     1000     | ⏱️  Timeout 
  📊 统计 [Ep 150]: Actor Loss=13.9598, Critic Loss=144.1670, Alpha=0.1364, TD-error=6.2634, Beta=1.0000
    151      |  -10372.49   |   -658.99    |   -525.42    |   -1082.59   |     1000     | ⏱️  Timeout 
    152      |   -7018.87   |   -730.81    |   -607.38    |   -724.96    |     816      |  ✅ Success  
    153      |    786.34    |    -27.06    |    -27.66    |    -18.60    |      34      |  ✅ Success  
    154      |    760.22    |    -44.27    |    -25.74    |    -20.92    |      38      |  ✅ Success  
    155      |   -2661.95   |   -381.60    |   -284.15    |   -430.18    |     417      |  ✅ Success  
    156      |    590.82    |    -72.21    |    -49.16    |    -48.71    |      58      |  ✅ Success  
    157      |    283.03    |   -137.93    |    -73.95    |   -121.82    |      92      |  ✅ Success  
    158      |    149.35    |    -93.08    |    -81.38    |   -122.74    |     103      |  ✅ Success  
    159      |   -918.79    |   -213.47    |   -132.11    |   -333.82    |     244      |  ✅ Success  
    160      |   -4619.46   |   -552.41    |   -859.35    |   -1030.40   |     765      |  ✅ Success  
  📊 统计 [Ep 160]: Actor Loss=11.6326, Critic Loss=149.7570, Alpha=0.1161, TD-error=6.3794, Beta=1.0000
    161      |    468.14    |    -60.51    |    -49.04    |    -93.47    |      68      |  ✅ Success  
    162      |   -5884.21   |   -667.76    |   -975.76    |   -829.98    |     698      |  ✅ Success  
    163      |    253.21    |    -87.61    |    -78.59    |    -98.98    |      84      |  ✅ Success  
    164      |   -1100.01   |    -69.98    |    -67.44    |    -75.37    |      86      |  ❌ Failure  
    165      |    700.33    |    -33.96    |    -14.78    |    -36.47    |      41      |  ✅ Success  
    166      |    439.22    |    -41.94    |    -43.34    |    -76.72    |      63      |  ✅ Success  
    167      |    783.53    |    -30.77    |    -17.83    |    -54.86    |      36      |  ✅ Success  
    168      |    515.60    |    -50.35    |    -42.84    |    -81.35    |      60      |  ✅ Success  
    169      |   -4248.94   |   -432.23    |   -359.75    |   -612.00    |     563      |  ✅ Success  
    170      |    657.66    |    -37.81    |    -45.16    |    -30.02    |      51      |  ✅ Success  
  📊 统计 [Ep 170]: Actor Loss=-1.0112, Critic Loss=170.5595, Alpha=0.1156, TD-error=7.8716, Beta=1.0000
    171      |    709.38    |    -24.84    |    -27.89    |    -39.35    |      46      |  ✅ Success  
    172      |    712.30    |    -34.55    |    -29.34    |    -27.57    |      40      |  ✅ Success  
    173      |    281.10    |    -71.06    |   -111.90    |    -61.61    |     108      |  ✅ Success  
    174      |    -30.47    |    -88.78    |    -74.32    |    -94.09    |     140      |  ✅ Success  
    175      |    85.08     |   -117.69    |   -125.81    |    -67.52    |     110      |  ✅ Success  
    176      |   -1676.72   |   -138.35    |   -116.97    |   -130.88    |     138      |  ❌ Failure  
    177      |   -1446.20   |    -67.06    |    -66.47    |   -105.90    |     105      |  ❌ Failure  
    178      |   -255.30    |   -198.02    |   -154.54    |   -200.62    |     143      |  ✅ Success  
    179      |    642.98    |    -30.02    |    -36.66    |    -22.36    |      57      |  ✅ Success  
    180      |    373.55    |    -46.06    |    -75.76    |    -96.62    |      84      |  ✅ Success  
  📊 统计 [Ep 180]: Actor Loss=-11.8761, Critic Loss=264.7909, Alpha=0.1344, TD-error=9.8610, Beta=1.0000
    181      |   -2594.11   |   -529.22    |   -382.31    |   -479.14    |     461      |  ✅ Success  
    182      |    68.59     |    -69.41    |   -126.65    |   -135.87    |     121      |  ✅ Success  
    183      |   -1164.22   |    -61.04    |    -32.27    |    -71.21    |      82      |  ❌ Failure  
    184      |   -2154.79   |   -134.31    |   -117.17    |   -172.74    |     202      |  ❌ Failure  
    185      |   -2465.95   |   -341.69    |   -216.35    |   -236.22    |     268      |  ❌ Failure  
    186      |   -558.34    |    -6.01     |    -4.52     |    -4.57     |      7       |  ❌ Failure  
    187      |   -816.51    |   -148.63    |   -143.92    |   -249.35    |     210      |  ✅ Success  
    188      |   -344.88    |   -136.86    |   -142.90    |   -162.57    |     133      |  ✅ Success  
    189      |   -5908.04   |   -964.77    |   -1015.63   |   -1915.96   |     866      |  ✅ Success  
    190      |   -1425.90   |    -80.56    |    -58.88    |   -304.29    |     120      |  ❌ Failure  
  📊 统计 [Ep 190]: Actor Loss=-8.9345, Critic Loss=270.6560, Alpha=0.1860, TD-error=10.9543, Beta=1.0000
    191      |    523.65    |    -52.45    |    -90.53    |    -36.44    |      53      |  ✅ Success  
    192      |    319.85    |    -95.93    |    -74.22    |    -81.71    |      86      |  ✅ Success  
    193      |   -1213.44   |    -88.56    |    -88.08    |   -101.28    |     106      |  ❌ Failure  
    194      |    408.08    |    -60.97    |    -53.62    |    -70.98    |      64      |  ✅ Success  
    195      |    100.95    |    -68.42    |   -172.50    |    -79.79    |      87      |  ✅ Success  
    196      |   -1645.88   |   -261.58    |   -250.51    |   -345.19    |     350      |  ✅ Success  
    197      |   -1785.66   |   -233.51    |   -314.89    |   -308.92    |     314      |  ✅ Success  
    198      |   -781.52    |    -30.21    |    -33.66    |    -27.13    |      36      |  ❌ Failure  
    199      |    332.49    |    -68.82    |    -70.06    |    -94.38    |      72      |  ✅ Success  
    200      |    -58.32    |   -107.60    |   -139.43    |    -93.09    |     117      |  ✅ Success  
  📊 统计 [Ep 200]: Actor Loss=-3.9851, Critic Loss=272.6453, Alpha=0.1921, TD-error=10.0724, Beta=1.0000
    201      |   -2863.35   |   -468.85    |   -418.17    |   -469.07    |     369      |  ✅ Success  
    202      |    250.20    |    -78.93    |   -159.88    |    -67.01    |      92      |  ✅ Success  
    203      |   -1017.14   |   -175.53    |   -172.23    |   -193.47    |     187      |  ✅ Success  
    204      |   -2192.61   |   -443.20    |   -278.32    |   -250.97    |     316      |  ✅ Success  
    205      |   -1995.69   |   -331.84    |   -440.14    |   -316.88    |     220      |  ✅ Success  
    206      |    146.60    |   -111.20    |    -90.33    |    -59.61    |      83      |  ✅ Success  
    207      |   -278.42    |   -135.69    |   -104.46    |   -132.04    |     135      |  ✅ Success  
    208      |    357.04    |    -60.71    |    -59.15    |    -73.98    |      73      |  ✅ Success  
    209      |    635.50    |    -78.36    |    -34.53    |    -44.24    |      52      |  ✅ Success  
    210      |   -937.81    |   -180.23    |   -223.24    |   -231.81    |     164      |  ✅ Success  
  📊 统计 [Ep 210]: Actor Loss=-2.3372, Critic Loss=256.5412, Alpha=0.1678, TD-error=9.4570, Beta=1.0000
    211      |    440.67    |    -55.61    |    -56.06    |    -51.80    |      63      |  ✅ Success  
    212      |    472.29    |    -72.85    |    -56.91    |   -102.30    |      83      |  ✅ Success  
    213      |   -2256.66   |   -259.40    |   -319.05    |   -330.00    |     311      |  ✅ Success  
    214      |   -1932.20   |   -391.09    |   -274.44    |   -379.02    |     330      |  ✅ Success  
    215      |   -899.91    |   -192.94    |   -146.95    |   -198.32    |     189      |  ✅ Success  
    216      |    652.80    |    -53.53    |    -46.04    |    -31.17    |      46      |  ✅ Success  
    217      |    163.09    |   -107.52    |    -91.87    |    -69.83    |      91      |  ✅ Success  
    218      |    348.87    |    -80.41    |    -57.34    |    -53.29    |      84      |  ✅ Success  
    219      |    316.47    |    -58.99    |    -99.38    |    -49.28    |      71      |  ✅ Success  
    220      |    503.83    |    -56.10    |    -48.89    |    -52.51    |      62      |  ✅ Success  
  📊 统计 [Ep 220]: Actor Loss=-16.9695, Critic Loss=306.6988, Alpha=0.1507, TD-error=10.8131, Beta=1.0000
    221      |  -11813.96   |   -927.38    |   -2272.72   |   -883.70    |     1000     | ⏱️  Timeout 
    222      |    495.91    |    -69.06    |   -118.65    |    -99.90    |      75      |  ✅ Success  
    223      |   -862.87    |    -39.84    |    -30.11    |    -42.71    |      46      |  ❌ Failure  
    224      |    43.66     |    -77.74    |   -101.97    |    -67.77    |      96      |  ✅ Success  
    225      |   -498.68    |   -150.06    |   -149.81    |   -103.38    |     145      |  ✅ Success  
    226      |    570.41    |    -46.51    |    -46.39    |    -36.02    |      56      |  ✅ Success  
    227      |    473.98    |    -66.36    |    -65.64    |    -65.42    |      86      |  ✅ Success  
    228      |   -497.39    |   -124.47    |   -215.06    |   -113.39    |     162      |  ✅ Success  
    229      |   -1395.15   |   -358.40    |   -502.15    |   -343.71    |     290      |  ✅ Success  
    230      |    449.32    |    -50.81    |    -79.10    |    -50.63    |      61      |  ✅ Success  
  📊 统计 [Ep 230]: Actor Loss=-18.3714, Critic Loss=274.1322, Alpha=0.1763, TD-error=11.1778, Beta=1.0000
    231      |   -224.97    |   -126.49    |    -94.73    |   -124.85    |     113      |  ✅ Success  
    232      |    62.45     |    -75.45    |   -153.60    |    -97.58    |      97      |  ✅ Success  
    233      |   -814.47    |    -23.33    |    -20.58    |    -23.41    |      42      |  ❌ Failure  
    234      |    242.88    |    -66.50    |   -101.79    |    -61.20    |      74      |  ✅ Success  
    235      |    484.04    |    -51.22    |    -43.53    |    -52.28    |      73      |  ✅ Success  
    236      |    474.81    |    -57.64    |    -56.43    |    -55.16    |      72      |  ✅ Success  
    237      |    605.13    |    -29.21    |    -48.11    |    -44.32    |      54      |  ✅ Success  
    238      |   -105.99    |   -109.68    |   -113.88    |   -200.43    |     112      |  ✅ Success  
    239      |    339.03    |    -59.38    |    -60.69    |    -80.48    |      83      |  ✅ Success  
    240      |    -45.68    |    -92.98    |   -108.44    |   -105.96    |      90      |  ✅ Success  
  📊 统计 [Ep 240]: Actor Loss=-23.8768, Critic Loss=361.7842, Alpha=0.1924, TD-error=12.6583, Beta=1.0000
    241      |    74.41     |    -90.78    |   -149.97    |    -80.85    |     113      |  ✅ Success  
    242      |   -194.48    |   -139.46    |   -111.82    |   -191.31    |     124      |  ✅ Success  
    243      |    573.12    |    -47.27    |    -38.72    |    -58.00    |      51      |  ✅ Success  
    244      |    532.08    |    -46.96    |    -57.26    |    -57.02    |      55      |  ✅ Success  
    245      |    310.15    |    -77.06    |   -135.58    |    -63.35    |      73      |  ✅ Success  
    246      |    85.00     |    -71.85    |   -125.85    |    -80.18    |      92      |  ✅ Success  
    247      |   -239.65    |   -107.96    |   -181.61    |   -107.04    |     105      |  ✅ Success  
    248      |    319.55    |    -58.58    |   -105.58    |    -96.36    |      65      |  ✅ Success  
    249      |    481.60    |    -41.35    |    -46.69    |    -48.82    |      55      |  ✅ Success  
    250      |    554.91    |    -51.16    |    -74.09    |    -47.27    |      57      |  ✅ Success  
  📊 统计 [Ep 250]: Actor Loss=-36.8596, Critic Loss=420.1298, Alpha=0.2173, TD-error=13.9121, Beta=1.0000
    251      |    763.54    |    -22.38    |    -24.76    |    -43.15    |      39      |  ✅ Success  
    252      |   -983.78    |    -32.72    |    -49.71    |    -30.15    |      57      |  ❌ Failure  
    253      |   -657.62    |   -307.19    |   -325.36    |   -268.88    |     182      |  ✅ Success  
    254      |   -721.31    |    -15.00    |    -18.23    |    -19.65    |      29      |  ❌ Failure  
    255      |   -2339.73   |   -270.74    |   -221.42    |   -301.49    |     179      |  ❌ Failure  
    256      |    67.05     |    -80.13    |   -124.99    |    -85.22    |     109      |  ✅ Success  
    257      |    112.06    |    -49.35    |   -187.24    |    -82.86    |      82      |  ✅ Success  
    258      |    320.14    |    -57.67    |    -75.85    |    -74.95    |      79      |  ✅ Success  
    259      |    705.19    |    -26.09    |    -33.61    |    -22.07    |      43      |  ✅ Success  
    260      |    663.04    |    -80.56    |    -30.35    |    -34.37    |      42      |  ✅ Success  
  📊 统计 [Ep 260]: Actor Loss=-50.1112, Critic Loss=579.5348, Alpha=0.2618, TD-error=16.1933, Beta=1.0000
    261      |   -5841.86   |   -1043.30   |   -913.23    |   -1063.78   |     1000     | ⏱️  Timeout 
    262      |    -58.30    |   -172.65    |    -36.31    |   -165.02    |     140      |  ✅ Success  
    263      |    139.44    |    -68.54    |    -76.44    |    -79.99    |     100      |  ✅ Success  
    264      |    356.13    |    -59.78    |    -48.00    |   -130.01    |      77      |  ✅ Success  
    265      |    479.80    |    -45.22    |   -118.23    |    -48.25    |      56      |  ✅ Success  
    266      |    484.20    |    -47.71    |    -55.25    |    -64.30    |      71      |  ✅ Success  
    267      |   -388.50    |   -189.11    |   -102.53    |   -131.32    |     137      |  ✅ Success  
    268      |    629.53    |    -33.44    |    -86.40    |    -34.64    |      49      |  ✅ Success  
    269      |    327.10    |    -76.18    |    -62.05    |    -54.82    |      81      |  ✅ Success  
    270      |    235.21    |    -47.69    |    -70.68    |    -84.12    |      74      |  ✅ Success  
  📊 统计 [Ep 270]: Actor Loss=-52.8753, Critic Loss=568.3534, Alpha=0.3133, TD-error=17.4201, Beta=1.0000
    271      |    342.97    |    -59.46    |   -116.95    |    -67.48    |      76      |  ✅ Success  
    272      |   -124.27    |   -102.48    |    -83.06    |   -105.42    |     133      |  ✅ Success  
    273      |    371.01    |    -51.26    |    -69.47    |    -60.85    |      66      |  ✅ Success  
    274      |   -1863.69   |   -133.73    |   -116.95    |   -184.36    |     169      |  ❌ Failure  
    275      |  -10422.78   |   -1742.33   |   -1176.63   |   -2409.34   |     1000     | ⏱️  Timeout 
    276      |    608.47    |    -33.94    |    -73.96    |    -38.00    |      51      |  ✅ Success  
    277      |   -583.86    |   -239.37    |   -205.51    |   -167.49    |     194      |  ✅ Success  
    278      |    678.47    |    -33.21    |    -38.67    |    -38.48    |      45      |  ✅ Success  
    279      |   -586.04    |   -147.85    |   -166.17    |   -168.55    |     153      |  ✅ Success  
    280      |   -392.74    |   -157.90    |   -105.51    |   -108.85    |     137      |  ✅ Success  
  📊 统计 [Ep 280]: Actor Loss=-51.4436, Critic Loss=576.2867, Alpha=0.3550, TD-error=16.8033, Beta=1.0000
    281      |   -645.19    |   -171.18    |   -129.60    |   -132.11    |     174      |  ✅ Success  
    282      |   -564.65    |    -5.47     |    -4.84     |    -5.35     |      8       |  ❌ Failure  
    283      |    513.68    |    -32.16    |    -40.77    |   -126.30    |      51      |  ✅ Success  
    284      |    421.31    |    -57.73    |    -61.79    |    -46.67    |      73      |  ✅ Success  
    285      |    291.81    |   -100.51    |   -100.78    |    -70.30    |     102      |  ✅ Success  
    286      |    206.62    |   -129.84    |    -69.07    |    -81.33    |      71      |  ✅ Success  
    287      |   -555.19    |    -4.91     |    -4.34     |    -4.49     |      7       |  ❌ Failure  
    288      |    593.84    |    -37.75    |    -68.70    |    -42.87    |      50      |  ✅ Success  
    289      |    617.01    |    -33.15    |    -33.97    |    -66.44    |      49      |  ✅ Success  
    290      |    534.56    |    -39.09    |    -37.92    |    -41.11    |      64      |  ✅ Success  
  📊 统计 [Ep 290]: Actor Loss=-55.9489, Critic Loss=623.4572, Alpha=0.3642, TD-error=17.7789, Beta=1.0000
    291      |    409.11    |    -50.18    |    -92.43    |    -55.12    |      69      |  ✅ Success  
    292      |    598.47    |    -26.51    |    -67.78    |    -44.26    |      52      |  ✅ Success  
    293      |    202.35    |    -65.65    |    -73.90    |    -71.16    |     110      |  ✅ Success  
    294      |   -622.41    |   -137.61    |   -146.38    |   -106.55    |     158      |  ✅ Success  
    295      |    -66.86    |   -111.47    |   -113.09    |    -94.49    |     101      |  ✅ Success  
    296      |   -462.61    |   -143.06    |   -130.16    |   -127.70    |     153      |  ✅ Success  
    297      |    481.43    |    -39.31    |    -53.31    |    -48.41    |      62      |  ✅ Success  
    298      |    548.04    |    -44.55    |    -47.06    |    -98.32    |      57      |  ✅ Success  
    299      |    501.15    |    -37.99    |    -71.31    |    -41.65    |      55      |  ✅ Success  
    300      |    417.11    |    -64.58    |    -95.63    |    -47.77    |      84      |  ✅ Success  
  📊 统计 [Ep 300]: Actor Loss=-59.2377, Critic Loss=830.4829, Alpha=0.3975, TD-error=20.1521, Beta=1.0000
    301      |    91.10     |    -90.90    |   -138.21    |    -72.05    |      87      |  ✅ Success  
    302      |    -76.87    |    -90.14    |   -101.35    |    -95.17    |     106      |  ✅ Success  
    303      |    10.42     |    -77.48    |   -135.61    |    -93.75    |     114      |  ✅ Success  
    304      |   -755.03    |   -131.32    |   -136.96    |   -177.18    |     173      |  ✅ Success  
    305      |    545.51    |    -23.01    |    -74.15    |    -49.68    |      56      |  ✅ Success  
    306      |    568.68    |    -40.01    |    -48.90    |    -31.29    |      64      |  ✅ Success  
    307      |    257.33    |    -85.97    |    -78.48    |    -72.31    |      78      |  ✅ Success  
    308      |   -3916.48   |   -353.87    |   -398.05    |   -429.62    |     465      |  ✅ Success  
    309      |    677.55    |    -33.28    |    -31.31    |    -37.33    |      44      |  ✅ Success  
    310      |   -738.40    |    -13.27    |    -12.84    |    -20.39    |      26      |  ❌ Failure  
  📊 统计 [Ep 310]: Actor Loss=-78.1569, Critic Loss=772.5903, Alpha=0.4300, TD-error=20.5002, Beta=1.0000
    311      |   -1404.04   |   -342.00    |   -369.10    |   -295.11    |     290      |  ✅ Success  
    312      |    434.30    |    -67.05    |   -156.18    |    -80.71    |      76      |  ✅ Success  
    313      |    491.90    |    -65.45    |    -57.38    |    -89.30    |      67      |  ✅ Success  
    314      |   -6051.56   |   -1376.06   |   -770.64    |   -602.48    |     587      |  ✅ Success  
    315      |   -160.14    |    -70.26    |   -103.25    |   -114.38    |     130      |  ✅ Success  
    316      |    497.32    |    -37.29    |    -50.05    |    -50.18    |      61      |  ✅ Success  
    317      |    402.08    |    -53.66    |    -66.66    |    -34.17    |      79      |  ✅ Success  
    318      |   -912.37    |   -124.16    |   -167.56    |   -262.81    |     171      |  ✅ Success  
    319      |    164.79    |   -101.04    |    -80.77    |    -62.36    |      78      |  ✅ Success  
    320      |    285.21    |    -53.26    |    -69.50    |    -77.67    |      72      |  ✅ Success  
  📊 统计 [Ep 320]: Actor Loss=-50.6585, Critic Loss=739.2003, Alpha=0.4296, TD-error=19.0307, Beta=1.0000
    321      |   -2194.78   |   -253.89    |   -297.73    |   -333.46    |     297      |  ✅ Success  
    322      |   -327.08    |    -84.02    |   -160.26    |   -122.97    |     140      |  ✅ Success  
    323      |    684.33    |    -42.50    |    -21.07    |    -27.19    |      45      |  ✅ Success  
    324      |    87.70     |    -50.33    |    -79.38    |   -157.02    |     100      |  ✅ Success  
    325      |    124.84    |    -53.55    |    -80.81    |   -102.06    |      90      |  ✅ Success  
    326      |    297.95    |    -55.08    |    -58.19    |    -99.18    |      79      |  ✅ Success  
    327      |    574.81    |    -29.57    |    -70.13    |    -38.75    |      54      |  ✅ Success  
    328      |   -9197.68   |   -1029.01   |   -1207.98   |   -1244.73   |     976      |  ✅ Success  
    329      |   -938.11    |    -90.91    |    -43.73    |    -42.57    |      70      |  ❌ Failure  
    330      |   -3942.29   |   -416.50    |   -526.36    |   -410.13    |     403      |  ✅ Success  
  📊 统计 [Ep 330]: Actor Loss=-67.2012, Critic Loss=788.5145, Alpha=0.3889, TD-error=19.9258, Beta=1.0000
    331      |   -5683.91   |   -634.06    |   -860.53    |   -553.33    |     516      |  ✅ Success  
    332      |   -1273.01   |   -249.89    |   -183.42    |   -188.71    |     195      |  ✅ Success  
    333      |   -132.46    |   -115.31    |   -155.86    |   -145.48    |     149      |  ✅ Success  
    334      |   -119.88    |   -109.43    |   -121.97    |   -105.06    |     115      |  ✅ Success  
    335      |    650.48    |    -33.67    |    -39.00    |    -41.31    |      52      |  ✅ Success  
    336      |    510.58    |    -52.88    |    -56.05    |    -50.78    |      70      |  ✅ Success  
    337      |   -451.87    |   -130.27    |   -120.24    |   -100.32    |     155      |  ✅ Success  
    338      |    667.69    |    -38.86    |    -22.24    |    -17.59    |      55      |  ✅ Success  
    339      |   -675.82    |   -123.56    |   -140.09    |   -139.38    |     146      |  ✅ Success  
    340      |   -2467.31   |   -217.80    |   -231.82    |   -314.89    |     368      |  ✅ Success  
  📊 统计 [Ep 340]: Actor Loss=-74.2470, Critic Loss=785.5983, Alpha=0.4167, TD-error=19.4107, Beta=1.0000
    341      |    93.54     |   -118.21    |    -83.93    |    -79.43    |     101      |  ✅ Success  
    342      |    489.27    |    -39.79    |    -58.37    |    -44.16    |      60      |  ✅ Success  
    343      |   -2269.05   |   -314.39    |   -449.18    |   -239.40    |     264      |  ✅ Success  
    344      |   -2481.85   |   -472.60    |   -377.09    |   -317.24    |     257      |  ✅ Success  
    345      |   -964.51    |   -182.07    |   -182.68    |   -177.81    |     167      |  ✅ Success  
    346      |   -601.17    |   -141.80    |   -281.91    |   -126.69    |     136      |  ✅ Success  
    347      |   -1390.78   |   -190.70    |   -178.84    |   -246.26    |     195      |  ✅ Success  
    348      |   -319.88    |   -128.17    |   -101.46    |   -131.22    |     114      |  ✅ Success  
    349      |   -697.83    |    -11.55    |    -14.80    |    -18.13    |      24      |  ❌ Failure  
    350      |    406.68    |    -44.03    |    -75.18    |    -39.11    |      64      |  ✅ Success  
  📊 统计 [Ep 350]: Actor Loss=-99.8710, Critic Loss=929.8795, Alpha=0.4455, TD-error=20.8695, Beta=1.0000
    351      |    253.60    |    -50.48    |   -101.35    |    -55.76    |      82      |  ✅ Success  
    352      |    114.01    |    -61.26    |   -101.92    |    -66.17    |      95      |  ✅ Success  
    353      |    267.50    |    -63.04    |    -59.52    |    -71.81    |      81      |  ✅ Success  
    354      |   -963.79    |   -230.93    |   -243.68    |   -148.57    |     183      |  ✅ Success  
    355      |   -5977.83   |   -622.47    |   -681.77    |   -546.06    |     583      |  ✅ Success  
    356      |   -193.92    |   -102.03    |   -106.97    |   -133.86    |     116      |  ✅ Success  
    357      |   -987.60    |   -188.85    |   -205.44    |   -154.06    |     183      |  ✅ Success  
    358      |    284.16    |    -55.35    |    -65.60    |    -64.59    |      83      |  ✅ Success  
    359      |   -312.96    |   -109.05    |    -86.76    |   -132.56    |     128      |  ✅ Success  
    360      |   -4027.14   |   -503.46    |   -440.25    |   -427.84    |     446      |  ✅ Success  
  📊 统计 [Ep 360]: Actor Loss=-102.4996, Critic Loss=819.1752, Alpha=0.4910, TD-error=20.3849, Beta=1.0000
    361      |   -957.39    |   -156.90    |   -159.11    |   -182.73    |     184      |  ✅ Success  
    362      |   -545.66    |    -3.47     |    -3.67     |    -2.93     |      6       |  ❌ Failure  
    363      |    75.34     |    -90.52    |    -89.76    |   -100.79    |     104      |  ✅ Success  
    364      |    114.24    |    -91.07    |    -79.33    |    -70.53    |      84      |  ✅ Success  
    365      |   -2284.72   |   -332.53    |   -341.63    |   -317.88    |     288      |  ✅ Success  
    366      |    437.37    |    -53.84    |    -61.04    |    -53.82    |      68      |  ✅ Success  
    367      |   -633.93    |   -142.86    |   -114.13    |   -134.92    |     159      |  ✅ Success  
    368      |    690.62    |    -37.05    |    -32.45    |    -26.01    |      50      |  ✅ Success  
    369      |    590.66    |    -24.06    |    -59.53    |    -80.29    |      51      |  ✅ Success  
    370      |    575.09    |    -43.95    |    -35.00    |    -80.29    |      58      |  ✅ Success  
  📊 统计 [Ep 370]: Actor Loss=-111.2709, Critic Loss=833.0711, Alpha=0.4820, TD-error=20.9584, Beta=1.0000
    371      |    515.87    |    -53.63    |    -63.84    |    -73.55    |      60      |  ✅ Success  
    372      |   -756.12    |   -198.41    |   -168.71    |   -130.88    |     155      |  ✅ Success  
    373      |    181.44    |    -56.79    |    -87.35    |    -64.77    |      92      |  ✅ Success  
    374      |   -1172.12   |   -163.05    |   -230.11    |   -197.81    |     197      |  ✅ Success  
    375      |    506.83    |    -49.65    |    -49.21    |    -48.48    |      55      |  ✅ Success  
    376      |   -6712.02   |   -695.96    |   -786.01    |   -602.27    |     649      |  ✅ Success  
    377      |   -2802.14   |   -385.06    |   -253.83    |   -308.61    |     336      |  ✅ Success  
    378      |    400.75    |    -95.61    |    -62.38    |    -45.50    |      72      |  ✅ Success  
    379      |   -1535.80   |   -220.39    |   -222.25    |   -218.87    |     212      |  ✅ Success  
    380      |    539.08    |    -47.80    |    -53.66    |    -49.71    |      61      |  ✅ Success  
  📊 统计 [Ep 380]: Actor Loss=-106.3475, Critic Loss=832.4175, Alpha=0.4490, TD-error=21.2597, Beta=1.0000
    381      |   -886.09    |   -200.14    |   -176.15    |   -259.92    |     200      |  ✅ Success  
    382      |   -676.99    |   -171.60    |   -140.68    |   -139.89    |     162      |  ✅ Success  
    383      |   -6659.38   |   -633.23    |   -482.04    |   -632.78    |     672      |  ✅ Success  
    384      |   -146.04    |   -115.27    |    -86.06    |    -75.12    |     126      |  ✅ Success  
    385      |   -620.35    |   -127.88    |   -139.92    |   -139.53    |     149      |  ✅ Success  
    386      |   -2643.51   |   -273.50    |   -253.12    |   -300.84    |     319      |  ✅ Success  
    387      |   -2398.59   |   -276.43    |   -282.18    |   -247.70    |     292      |  ✅ Success  
    388      |   -1421.47   |   -219.02    |   -176.79    |   -269.56    |     223      |  ✅ Success  
    389      |  -10027.83   |   -981.82    |   -814.46    |   -983.30    |     869      |  ✅ Success  
    390      |    247.91    |    -67.64    |    -73.59    |    -81.98    |      71      |  ✅ Success  
  📊 统计 [Ep 390]: Actor Loss=-92.8875, Critic Loss=793.3645, Alpha=0.4198, TD-error=18.9050, Beta=1.0000
    391      |   -1704.79   |   -235.01    |   -199.89    |   -216.70    |     243      |  ✅ Success  
    392      |  -12573.98   |   -1241.98   |   -1182.13   |   -1131.05   |     1000     | ⏱️  Timeout 
    393      |   -9330.80   |   -862.24    |   -1487.38   |   -814.55    |     801      |  ✅ Success  
    394      |  -13502.77   |   -1617.32   |   -1123.20   |   -1562.27   |     1000     | ⏱️  Timeout 
    395      |    406.69    |    -61.94    |    -51.34    |    -64.51    |      65      |  ✅ Success  
    396      |    262.70    |    -62.77    |    -57.71    |    -71.73    |      78      |  ✅ Success  
    397      |   -2469.78   |   -276.71    |   -332.34    |   -297.04    |     209      |  ❌ Failure  
    398      |    96.48     |    -71.33    |   -153.85    |    -78.88    |      93      |  ✅ Success  
    399      |    385.14    |    -48.58    |    -53.62    |    -57.92    |      77      |  ✅ Success  
    400      |  -12286.65   |   -965.38    |   -1198.35   |   -1080.20   |     1000     | ⏱️  Timeout 
  📊 统计 [Ep 400]: Actor Loss=-94.5452, Critic Loss=521.7396, Alpha=0.2914, TD-error=14.4341, Beta=1.0000
    401      |  -10249.03   |   -1045.68   |   -915.82    |   -1131.60   |     928      |  ✅ Success  
    402      |   -1672.34   |   -171.21    |   -208.15    |   -238.13    |     256      |  ✅ Success  
    403      |    647.67    |    -35.68    |    -35.49    |    -32.89    |      50      |  ✅ Success  
    404      |    612.16    |    -76.52    |    -43.04    |    -24.59    |      50      |  ✅ Success  
    405      |    389.73    |    -50.28    |    -58.36    |    -63.13    |      71      |  ✅ Success  
    406      |    496.60    |    -33.32    |    -45.21    |    -54.93    |      64      |  ✅ Success  
    407      |   -357.05    |   -103.00    |    -95.40    |   -109.96    |     131      |  ✅ Success  
    408      |   -523.19    |   -240.98    |   -254.08    |   -177.37    |     230      |  ✅ Success  
    409      |    400.50    |    -52.00    |    -48.11    |    -50.32    |      78      |  ✅ Success  
    410      |    85.99     |    -58.59    |   -119.51    |    -88.12    |      92      |  ✅ Success  
  📊 统计 [Ep 410]: Actor Loss=-92.1966, Critic Loss=500.6190, Alpha=0.2391, TD-error=15.4972, Beta=1.0000
    411      |    410.07    |    -60.02    |    -54.89    |    -90.00    |      82      |  ✅ Success  
    412      |    88.20     |    -82.70    |    -62.08    |    -58.66    |      88      |  ✅ Success  
    413      |    338.21    |    -58.61    |    -54.40    |    -51.11    |      83      |  ✅ Success  
    414      |    678.06    |    -39.06    |    -35.20    |    -25.06    |      51      |  ✅ Success  
    415      |   -392.03    |   -136.66    |   -123.51    |   -134.88    |     135      |  ✅ Success  
    416      |    63.23     |   -105.44    |    -73.16    |    -56.73    |     122      |  ✅ Success  
    417      |    325.28    |    -66.04    |    -68.65    |    -56.47    |      66      |  ✅ Success  
    418      |    -50.93    |    -79.97    |    -84.55    |    -94.38    |     101      |  ✅ Success  
    419      |    540.09    |    -41.64    |    -52.97    |    -26.58    |      56      |  ✅ Success  
    420      |    675.59    |    -34.48    |    -37.14    |    -37.82    |      43      |  ✅ Success  
  📊 统计 [Ep 420]: Actor Loss=-85.5122, Critic Loss=589.0762, Alpha=0.2649, TD-error=16.2593, Beta=1.0000
    421      |    460.07    |    -97.37    |    -63.13    |    -64.20    |      68      |  ✅ Success  
    422      |   -2076.78   |   -210.63    |   -260.52    |   -253.20    |     239      |  ✅ Success  
    423      |   -1138.76   |   -151.70    |   -224.41    |   -174.24    |     204      |  ✅ Success  
    424      |   -185.47    |    -96.75    |   -152.11    |    -89.56    |     114      |  ✅ Success  
    425      |   -404.97    |   -110.29    |   -121.30    |   -120.37    |     147      |  ✅ Success  
    426      |    -23.15    |    -74.56    |    -74.36    |    -73.64    |     108      |  ✅ Success  
    427      |   -1051.01   |   -140.37    |   -160.32    |   -170.41    |     187      |  ✅ Success  
    428      |   -1602.27   |   -187.90    |   -246.41    |   -226.33    |     234      |  ✅ Success  
    429      |   -3682.09   |   -354.18    |   -294.75    |   -327.36    |     442      |  ✅ Success  
    430      |   -2291.16   |   -320.23    |   -235.40    |   -230.93    |     315      |  ✅ Success  
  📊 统计 [Ep 430]: Actor Loss=-52.7075, Critic Loss=496.3107, Alpha=0.2271, TD-error=13.7666, Beta=1.0000
    431      |    263.67    |    -76.72    |    -53.24    |   -122.98    |      79      |  ✅ Success  
    432      |   -5203.77   |   -409.41    |   -368.26    |   -390.58    |     551      |  ✅ Success  
    433      |   -888.31    |   -117.39    |   -174.63    |   -105.19    |     195      |  ✅ Success  
    434      |    370.15    |   -125.01    |    -54.95    |    -55.86    |      66      |  ✅ Success  
    435      |    441.82    |    -60.72    |    -65.13    |    -60.81    |      60      |  ✅ Success  
    436      |    -2.12     |   -163.66    |    -65.21    |    -76.34    |     110      |  ✅ Success  
    437      |   -312.92    |   -120.05    |   -112.26    |   -117.16    |     114      |  ✅ Success  
    438      |   -690.75    |   -139.17    |   -146.97    |   -136.25    |     158      |  ✅ Success  
    439      |    500.04    |    -36.47    |    -44.84    |    -54.09    |      60      |  ✅ Success  
    440      |    482.70    |    -44.58    |    -40.19    |    -46.29    |      71      |  ✅ Success  
  📊 统计 [Ep 440]: Actor Loss=-49.0260, Critic Loss=474.8023, Alpha=0.1875, TD-error=14.2576, Beta=1.0000
    441      |    624.02    |    -43.40    |    -43.98    |    -35.97    |      48      |  ✅ Success  
    442      |   -889.24    |   -125.81    |   -195.87    |   -177.52    |     174      |  ✅ Success  
    443      |   -1338.44   |   -143.88    |   -162.94    |   -226.32    |     197      |  ✅ Success  
    444      |    580.68    |    -29.25    |    -43.74    |    -60.64    |      58      |  ✅ Success  
    445      |    212.65    |    -63.85    |    -93.41    |    -73.47    |      96      |  ✅ Success  
    446      |    221.24    |    -53.69    |   -121.75    |    -56.50    |      77      |  ✅ Success  
    447      |   -1399.93   |   -214.39    |   -214.34    |   -225.33    |     231      |  ✅ Success  
    448      |    369.81    |    -48.08    |    -49.02    |    -74.09    |      68      |  ✅ Success  
    449      |   -1226.65   |   -134.75    |   -162.15    |   -163.02    |     221      |  ✅ Success  
    450      |    677.93    |    -24.53    |    -47.08    |    -42.28    |      43      |  ✅ Success  
  📊 统计 [Ep 450]: Actor Loss=-48.4813, Critic Loss=450.5152, Alpha=0.1728, TD-error=13.4940, Beta=1.0000
    451      |    681.03    |    -21.38    |    -34.94    |    -24.67    |      45      |  ✅ Success  
    452      |    567.78    |    -43.88    |    -47.95    |    -36.81    |      51      |  ✅ Success  
    453      |   -3189.50   |   -212.86    |   -174.19    |   -206.85    |     237      |  ❌ Failure  
    454      |   -5255.03   |   -472.83    |   -495.21    |   -389.49    |     682      |  ✅ Success  
    455      |   -700.31    |   -128.88    |   -117.10    |   -149.46    |     165      |  ✅ Success  
    456      |    606.54    |    -47.14    |    -28.29    |    -39.28    |      55      |  ✅ Success  
    457      |    337.16    |    -52.85    |    -61.56    |    -59.60    |      76      |  ✅ Success  
    458      |    393.53    |    -41.64    |    -50.02    |    -55.22    |      62      |  ✅ Success  
    459      |    308.48    |    -64.16    |    -60.92    |    -59.06    |      73      |  ✅ Success  
    460      |    526.42    |    -29.47    |    -48.44    |   -101.31    |      55      |  ✅ Success  
  📊 统计 [Ep 460]: Actor Loss=-69.8538, Critic Loss=419.6447, Alpha=0.1682, TD-error=13.9515, Beta=1.0000
    461      |    323.41    |    -53.59    |    -64.48    |    -57.72    |      84      |  ✅ Success  
    462      |    417.34    |    -55.84    |    -50.98    |    -57.13    |      72      |  ✅ Success  
    463      |   -1010.81   |   -154.42    |   -229.56    |   -166.03    |     192      |  ✅ Success  
    464      |    188.10    |    -75.77    |    -78.25    |    -98.75    |      80      |  ✅ Success  
    465      |    -86.48    |   -104.73    |   -119.56    |    -91.76    |     101      |  ✅ Success  
    466      |    608.70    |    -26.78    |    -38.39    |    -63.45    |      50      |  ✅ Success  
    467      |    171.43    |    -69.32    |    -82.53    |    -57.64    |      98      |  ✅ Success  
    468      |    378.89    |    -64.59    |   -117.82    |    -64.98    |      61      |  ✅ Success  
    469      |    321.60    |    -55.81    |    -54.48    |    -56.55    |      85      |  ✅ Success  
    470      |    601.46    |    -33.11    |    -34.59    |    -66.54    |      57      |  ✅ Success  
  📊 统计 [Ep 470]: Actor Loss=-82.1262, Critic Loss=496.4993, Alpha=0.1923, TD-error=15.3652, Beta=1.0000
    471      |   -1823.64   |   -276.47    |   -276.18    |   -301.65    |     226      |  ✅ Success  
    472      |    96.71     |    -68.20    |    -82.24    |    -60.49    |      99      |  ✅ Success  
    473      |   -1153.75   |   -181.26    |   -343.54    |   -171.45    |     168      |  ✅ Success  
    474      |    38.76     |    -86.28    |   -198.40    |    -91.99    |      92      |  ✅ Success  
    475      |    244.15    |    -63.19    |    -56.41    |    -63.88    |      82      |  ✅ Success  
    476      |   -4171.85   |   -853.78    |   -601.46    |   -667.67    |     586      |  ✅ Success  
    477      |   -501.72    |   -134.20    |   -120.63    |   -149.41    |     139      |  ✅ Success  
    478      |    97.93     |    -74.05    |    -65.43    |   -119.74    |      91      |  ✅ Success  
    479      |   -153.56    |    -89.44    |   -231.66    |   -147.36    |     115      |  ✅ Success  
    480      |   -1369.82   |   -196.66    |   -164.81    |   -207.96    |     228      |  ✅ Success  
  📊 统计 [Ep 480]: Actor Loss=-86.8999, Critic Loss=558.0031, Alpha=0.2379, TD-error=16.4271, Beta=1.0000
    481      |    225.44    |    -67.99    |    -82.11    |    -58.26    |      77      |  ✅ Success  
    482      |    674.90    |    -43.30    |    -32.73    |    -27.19    |      46      |  ✅ Success  
    483      |    660.25    |    -26.22    |    -35.39    |    -23.84    |      50      |  ✅ Success  
    484      |   -2806.50   |   -145.78    |   -132.58    |   -138.75    |     196      |  ❌ Failure  
    485      |   -1009.80   |   -185.04    |   -196.31    |   -161.14    |     191      |  ✅ Success  
    486      |   -732.68    |   -179.33    |   -109.06    |   -158.68    |     174      |  ✅ Success  
    487      |   -342.36    |   -100.62    |   -127.18    |   -111.54    |     129      |  ✅ Success  
    488      |   -1411.90   |   -162.49    |   -212.40    |   -212.61    |     198      |  ✅ Success  
    489      |   -4580.76   |   -554.56    |   -627.48    |   -626.98    |     506      |  ✅ Success  
    490      |   -611.78    |    -9.29     |    -5.21     |    -6.84     |      14      |  ❌ Failure  
  📊 统计 [Ep 490]: Actor Loss=-101.4548, Critic Loss=469.8724, Alpha=0.2460, TD-error=15.1731, Beta=1.0000
    491      |    372.01    |    -36.27    |    -46.90    |    -52.99    |      70      |  ✅ Success  
    492      |    553.92    |    -29.91    |    -91.23    |    -35.57    |      55      |  ✅ Success  
    493      |   -3022.20   |   -326.32    |   -386.39    |   -316.59    |     339      |  ✅ Success  
    494      |   -136.66    |    -97.78    |    -90.09    |   -135.54    |     123      |  ✅ Success  
    495      |  -12492.11   |   -2014.38   |   -1830.17   |   -1635.22   |     1000     | ⏱️  Timeout 
    496      |    -4.68     |   -158.21    |    -79.68    |    -65.01    |     106      |  ✅ Success  
    497      |    316.93    |    -58.02    |    -54.52    |    -59.94    |      71      |  ✅ Success  
    498      |   -627.79    |   -149.30    |   -218.75    |   -138.76    |     151      |  ✅ Success  
    499      |   -1995.57   |   -297.50    |   -367.73    |   -254.85    |     254      |  ✅ Success  
✅ 训练数据已保存: /home/zhangpeng/UAV_PATH_PLANNING/runs/exp_baseline_20251031_165059/training_data.pkl
✅ 总奖励曲线已保存: /home/zhangpeng/UAV_PATH_PLANNING/runs/exp_baseline_20251031_165059/plots/total_reward.png
✅ Leader奖励曲线已保存: /home/zhangpeng/UAV_PATH_PLANNING/runs/exp_baseline_20251031_165059/plots/leader_reward.png
✅ Follower奖励曲线已保存: /home/zhangpeng/UAV_PATH_PLANNING/runs/exp_baseline_20251031_165059/plots/follower_reward.png
