📝 日志文件: /home/zhangpeng/UAV_PATH_PLANNING/runs/exp_baseline_20251031_201704/training.log
💡 训练输出将实时保存到日志文件
🚀 启用AMP混合精度训练（预期加速40-100%）
🚀 启用异步数据传输（预期加速10-20%）
SAC训练中...
📊 优先级经验回放（PER）配置:
  - 容量: 20000
  - Alpha: 0.6 (优先级指数)
  - Beta: 0.4 → 1.0 (重要性采样权重)
  - 内存优化: float32 (节省50%内存)

================================================================================
  Episode    |    Leader    |  Follower0   |  Follower1   |    Steps     |    Status   
================================================================================
     0       |   -529.27    |    -5.05     |    -4.16     |      4       |  ❌ Failure  
     1       |   -742.28    |   -581.45    |   -605.56    |     174      |  ✅ Success  
     2       |   -566.99    |    -9.88     |    -12.16    |      9       |  ❌ Failure  
     3       |   -2981.42   |   -1469.09   |   -1295.09   |     406      |  ✅ Success  
     4       |   -540.07    |    -5.90     |    -6.63     |      5       |  ❌ Failure  
     5       |   -5981.73   |   -1199.95   |   -1130.11   |     403      |  ❌ Failure  
     6       |  -14941.50   |   -3534.16   |   -4162.51   |     1000     | ⏱️  Timeout 
     7       |   -1374.99   |   -680.42    |   -794.86    |     321      |  ✅ Success  
     8       |   -5722.49   |   -1790.03   |   -1806.60   |     577      |  ✅ Success  
     9       |   -1483.25   |   -267.05    |   -275.71    |      95      |  ❌ Failure  
     10      |   -5093.20   |   -1106.99   |   -1190.09   |     505      |  ✅ Success  
  📊 统计 [Ep 10]: Actor Loss=56.8559, Critic Loss=75.4451, Alpha=0.4778, TD-error=4.9019, Beta=1.0000
     11      |   -1256.15   |   -261.10    |   -155.50    |      89      |  ❌ Failure  
     12      |  -10012.13   |   -2664.68   |   -2903.21   |     1000     | ⏱️  Timeout 
     13      |  -12334.74   |   -3528.99   |   -2287.61   |     1000     | ⏱️  Timeout 
     14      |   -8365.44   |   -2104.79   |   -2170.99   |     773      |  ✅ Success  
     15      |   -3443.79   |   -721.14    |   -606.73    |     278      |  ❌ Failure  
     16      |   -6050.31   |   -1587.40   |   -1854.03   |     600      |  ✅ Success  
     17      |   -7311.22   |   -2438.61   |   -2346.60   |     807      |  ✅ Success  
     18      |   -6249.13   |   -2071.23   |   -2571.06   |     804      |  ✅ Success  
     19      |   -7188.96   |   -2259.90   |   -1990.49   |     1000     | ⏱️  Timeout 
     20      |    425.41    |   -122.00    |   -136.87    |      78      |  ✅ Success  
  📊 统计 [Ep 20]: Actor Loss=31.4972, Critic Loss=175.5989, Alpha=0.2163, TD-error=9.4818, Beta=1.0000
     21      |   -1294.56   |   -703.12    |   -759.95    |     314      |  ✅ Success  
     22      |   -2329.24   |   -947.83    |   -1023.25   |     418      |  ✅ Success  
     23      |   -580.16    |    -11.50    |    -13.97    |      10      |  ❌ Failure  
     24      |   -2409.30   |   -1005.97   |   -1065.16   |     423      |  ✅ Success  
     25      |   -5519.20   |   -1062.70   |   -1343.40   |     411      |  ❌ Failure  
     26      |   -8442.10   |   -2335.04   |   -2425.05   |     983      |  ✅ Success  
     27      |   -231.43    |   -514.58    |   -253.33    |     166      |  ✅ Success  
     28      |   -818.13    |    -39.49    |    -47.17    |      42      |  ❌ Failure  
     29      |    510.09    |   -141.03    |    -70.51    |      58      |  ✅ Success  
     30      |   -8864.54   |   -3313.74   |   -2014.82   |     955      |  ✅ Success  
  📊 统计 [Ep 30]: Actor Loss=36.5176, Critic Loss=219.9980, Alpha=0.1468, TD-error=9.6466, Beta=1.0000
     31      |   -1777.80   |   -932.76    |   -731.80    |     325      |  ✅ Success  
     32      |   -540.97    |    -6.47     |    -3.82     |      6       |  ❌ Failure  
     33      |   -4249.37   |   -1399.37   |   -1405.89   |     624      |  ✅ Success  
     34      |   -247.42    |   -301.06    |   -435.54    |     153      |  ✅ Success  
     35      |    269.60    |   -164.64    |   -219.48    |      88      |  ✅ Success  
     36      |   -160.56    |   -291.99    |   -282.38    |     153      |  ✅ Success  
     37      |   -1066.28   |    -89.38    |    -92.37    |      60      |  ❌ Failure  
     38      |    72.51     |   -220.93    |   -218.58    |     118      |  ✅ Success  
     39      |   -9804.37   |   -2317.40   |   -1970.59   |     1000     | ⏱️  Timeout 
     40      |   -917.10    |   -508.90    |   -652.30    |     241      |  ✅ Success  
  📊 统计 [Ep 40]: Actor Loss=19.9336, Critic Loss=318.5075, Alpha=0.1826, TD-error=11.9916, Beta=1.0000
     41      |   -549.46    |    -8.57     |    -5.14     |      7       |  ❌ Failure  
     42      |    426.83    |   -169.38    |   -104.93    |      78      |  ✅ Success  
     43      |   -378.94    |   -353.88    |   -205.41    |     160      |  ✅ Success  
     44      |   -773.60    |   -526.60    |   -475.53    |     274      |  ✅ Success  
     45      |     0.13     |   -220.49    |   -244.21    |     133      |  ✅ Success  
     46      |   -1425.46   |   -133.50    |   -170.35    |      98      |  ❌ Failure  
     47      |   -3365.08   |   -990.71    |   -1236.59   |     475      |  ✅ Success  
     48      |   -2660.94   |   -932.70    |   -703.98    |     378      |  ✅ Success  
     49      |   -4203.83   |   -644.95    |   -727.88    |     484      |  ❌ Failure  
     50      |   -3148.73   |   -1300.30   |   -1048.08   |     477      |  ✅ Success  
  📊 统计 [Ep 50]: Actor Loss=19.3339, Critic Loss=376.9910, Alpha=0.2501, TD-error=14.3165, Beta=1.0000
     51      |   -2607.86   |   -293.70    |   -398.42    |     243      |  ❌ Failure  
     52      |   -681.32    |   -362.72    |   -316.88    |     192      |  ✅ Success  
     53      |   -8378.85   |   -1588.60   |   -1834.35   |     1000     | ⏱️  Timeout 
     54      |   -7533.96   |   -1294.01   |   -1345.50   |     960      |  ✅ Success  
     55      |   -2892.91   |   -671.94    |   -525.51    |     385      |  ✅ Success  
     56      |   -9933.60   |   -1798.06   |   -1795.69   |     1000     | ⏱️  Timeout 
     57      |   -628.97    |    -24.86    |    -16.83    |      16      |  ❌ Failure  
     58      |   -8495.92   |   -1387.28   |   -1424.18   |     1000     | ⏱️  Timeout 
     59      |   -773.31    |   -273.85    |   -302.74    |     214      |  ✅ Success  
     60      |    82.08     |   -163.50    |   -175.53    |     130      |  ✅ Success  
  📊 统计 [Ep 60]: Actor Loss=13.7115, Critic Loss=332.7945, Alpha=0.2857, TD-error=12.4077, Beta=1.0000
     61      |   -6216.57   |   -1045.31   |   -936.70    |     696      |  ✅ Success  
     62      |    -35.80    |   -210.76    |   -211.36    |     159      |  ✅ Success  
     63      |   -1533.25   |   -638.84    |   -557.77    |     399      |  ✅ Success  
     64      |   -704.75    |    -37.40    |    -24.39    |      23      |  ❌ Failure  
     65      |   -9151.45   |   -1253.55   |   -1314.46   |     951      |  ✅ Success  
     66      |   -632.84    |    -15.95    |    -20.50    |      17      |  ❌ Failure  
     67      |   -760.70    |    -47.94    |    -32.40    |      30      |  ❌ Failure  
     68      |    -37.96    |   -301.79    |   -181.30    |     147      |  ✅ Success  
     69      |   -1287.61   |   -435.18    |   -440.79    |     377      |  ✅ Success  
     70      |   -853.49    |    -56.75    |    -46.89    |      48      |  ❌ Failure  
  📊 统计 [Ep 70]: Actor Loss=4.3958, Critic Loss=397.5494, Alpha=0.3019, TD-error=15.1562, Beta=1.0000
     71      |   -563.26    |   -270.84    |   -328.94    |     231      |  ✅ Success  
     72      |   -573.24    |   -392.89    |   -400.95    |     291      |  ✅ Success  
     73      |   -758.20    |    -35.07    |    -31.52    |      31      |  ❌ Failure  
     74      |    471.88    |    -94.35    |    -81.78    |      81      |  ✅ Success  
     75      |   -983.33    |    -57.67    |    -93.06    |      62      |  ❌ Failure  
     76      |   -793.19    |    -36.41    |    -51.71    |      36      |  ❌ Failure  
     77      |    559.59    |    -97.06    |    -81.06    |      66      |  ✅ Success  
     78      |   -1126.64   |   -201.75    |   -366.19    |     256      |  ✅ Success  
     79      |   -3344.63   |   -772.38    |   -861.58    |     563      |  ✅ Success  
     80      |   -784.03    |    -53.41    |    -45.55    |      33      |  ❌ Failure  
  📊 统计 [Ep 80]: Actor Loss=12.6098, Critic Loss=373.7229, Alpha=0.3472, TD-error=14.1101, Beta=1.0000
     81      |   -135.52    |   -154.90    |   -207.11    |     144      |  ✅ Success  
     82      |    551.36    |    -79.93    |    -85.16    |      64      |  ✅ Success  
     83      |   -1109.89   |    -83.86    |    -56.38    |      70      |  ❌ Failure  
     84      |   -1140.17   |    -82.45    |   -124.95    |      79      |  ❌ Failure  
     85      |    414.60    |   -109.91    |    -74.01    |      90      |  ✅ Success  
     86      |   -715.78    |    -31.85    |    -51.91    |      26      |  ❌ Failure  
     87      |   -2184.32   |   -569.07    |   -522.08    |     368      |  ✅ Success  
     88      |   -164.48    |   -244.37    |   -284.67    |     175      |  ✅ Success  
     89      |    210.25    |   -226.89    |   -194.31    |     121      |  ✅ Success  
     90      |   -553.48    |    -8.46     |    -6.37     |      7       |  ❌ Failure  
  📊 统计 [Ep 90]: Actor Loss=21.8200, Critic Loss=318.9498, Alpha=0.3247, TD-error=14.1642, Beta=1.0000
     91      |   -598.36    |    -13.96    |    -13.01    |      13      |  ❌ Failure  
     92      |    69.24     |   -168.10    |   -199.87    |     152      |  ✅ Success  
     93      |   -1299.55   |   -119.31    |   -119.75    |      87      |  ❌ Failure  
     94      |   -741.77    |    -23.03    |    -24.45    |      30      |  ❌ Failure  
     95      |    483.73    |    -79.03    |    -85.52    |      69      |  ✅ Success  
     96      |  -10829.10   |   -1160.06   |   -1476.53   |     1000     | ⏱️  Timeout 
     97      |    400.84    |    -71.38    |    -91.05    |      87      |  ✅ Success  
     98      |   -4575.18   |   -1052.77   |   -1175.80   |     725      |  ✅ Success  
     99      |   -1191.93   |    -82.81    |    -79.34    |      89      |  ❌ Failure  
    100      |   -5439.18   |   -555.48    |   -691.80    |     551      |  ❌ Failure  
  📊 统计 [Ep 100]: Actor Loss=17.6552, Critic Loss=572.7505, Alpha=0.3943, TD-error=19.6740, Beta=1.0000
    101      |  -10297.56   |   -1529.12   |   -1676.42   |     1000     | ⏱️  Timeout 
    102      |   -9398.12   |   -1547.82   |   -1572.50   |     968      |  ✅ Success  
    103      |    610.32    |   -117.19    |   -126.93    |      76      |  ✅ Success  
    104      |   -9478.06   |   -1368.99   |   -1365.66   |     1000     | ⏱️  Timeout 
    105      |    731.62    |    -48.71    |    -47.56    |      40      |  ✅ Success  
    106      |    786.04    |    -48.32    |    -34.29    |      33      |  ✅ Success  
    107      |    -85.90    |   -171.63    |   -174.62    |     152      |  ✅ Success  
    108      |  -10302.78   |   -1479.72   |   -1711.71   |     1000     | ⏱️  Timeout 
    109      |   -7172.54   |   -958.41    |   -1094.84   |     726      |  ✅ Success  
    110      |   -1508.29   |   -315.86    |   -414.73    |     237      |  ✅ Success  
  📊 统计 [Ep 110]: Actor Loss=-5.8017, Critic Loss=454.9468, Alpha=0.4042, TD-error=16.4867, Beta=1.0000
    111      |   -552.25    |    -8.73     |    -10.33    |      7       |  ❌ Failure  
    112      |   -2545.68   |   -463.38    |   -1127.91   |     423      |  ✅ Success  
    113      |   -949.72    |   -232.22    |   -258.69    |     206      |  ✅ Success  
    114      |   -2527.04   |   -518.98    |   -397.62    |     316      |  ✅ Success  
    115      |   -1078.31   |   -303.79    |   -335.29    |     258      |  ✅ Success  
    116      |   -1038.14   |   -261.22    |   -327.03    |     226      |  ✅ Success  
    117      |    -22.92    |   -151.24    |   -183.38    |     177      |  ✅ Success  
    118      |    353.05    |   -129.23    |   -161.90    |     126      |  ✅ Success  
    119      |   -6868.30   |   -996.23    |   -1059.41   |     782      |  ✅ Success  
    120      |   -262.83    |   -127.79    |   -230.27    |     146      |  ✅ Success  
  📊 统计 [Ep 120]: Actor Loss=-12.9791, Critic Loss=435.0355, Alpha=0.4169, TD-error=16.9208, Beta=1.0000
    121      |    821.33    |    -25.71    |    -42.70    |      30      |  ✅ Success  
    122      |    82.40     |   -113.87    |   -169.08    |     140      |  ✅ Success  
    123      |    277.44    |   -110.42    |   -121.29    |      93      |  ✅ Success  
    124      |    383.33    |    -81.85    |   -109.39    |      91      |  ✅ Success  
    125      |    697.12    |    -53.59    |    -45.38    |      50      |  ✅ Success  
    126      |    650.51    |    -53.35    |    -85.96    |      55      |  ✅ Success  
    127      |    384.01    |   -122.27    |   -107.48    |     106      |  ✅ Success  
    128      |    537.01    |   -118.89    |   -106.43    |      88      |  ✅ Success  
    129      |    770.71    |    -36.65    |    -56.44    |      37      |  ✅ Success  
    130      |    678.93    |    -53.96    |    -55.26    |      57      |  ✅ Success  
  📊 统计 [Ep 130]: Actor Loss=-26.6894, Critic Loss=494.4402, Alpha=0.4215, TD-error=19.0065, Beta=1.0000
    131      |    762.33    |    -46.44    |    -34.34    |      38      |  ✅ Success  
    132      |    769.36    |    -47.75    |    -46.63    |      41      |  ✅ Success  
    133      |    405.78    |   -114.03    |   -129.85    |     128      |  ✅ Success  
    134      |   -890.90    |    -65.28    |    -48.70    |      45      |  ❌ Failure  
    135      |    680.00    |    -49.41    |    -50.54    |      53      |  ✅ Success  
    136      |    501.19    |    -81.70    |    -76.32    |      72      |  ✅ Success  
    137      |   -813.60    |   -396.91    |   -441.89    |     310      |  ✅ Success  
    138      |    481.21    |    -72.15    |    -91.44    |      71      |  ✅ Success  
    139      |   -1445.91   |   -280.68    |   -338.53    |     211      |  ✅ Success  
    140      |    607.83    |    -64.21    |    -56.34    |      57      |  ✅ Success  
  📊 统计 [Ep 140]: Actor Loss=-40.4143, Critic Loss=654.6670, Alpha=0.4860, TD-error=22.3099, Beta=1.0000
    141      |    665.48    |    -68.91    |    -50.31    |      47      |  ✅ Success  
    142      |    86.82     |   -157.02    |   -246.65    |     152      |  ✅ Success  
    143      |    457.65    |   -141.02    |   -106.55    |     107      |  ✅ Success  
    144      |    623.24    |    -73.81    |    -80.81    |      71      |  ✅ Success  
    145      |    511.39    |    -65.47    |    -75.91    |      71      |  ✅ Success  
    146      |    310.39    |   -121.42    |   -108.67    |     106      |  ✅ Success  
    147      |   -3160.45   |   -602.64    |   -617.45    |     455      |  ✅ Success  
    148      |    377.38    |    -94.78    |    -84.21    |      80      |  ✅ Success  
    149      |    -12.61    |   -192.86    |   -245.76    |     122      |  ✅ Success  
    150      |   -536.93    |    -4.90     |    -5.42     |      5       |  ❌ Failure  
  📊 统计 [Ep 150]: Actor Loss=-82.3695, Critic Loss=1218.6519, Alpha=0.6858, TD-error=29.3459, Beta=1.0000
    151      |    656.06    |    -50.78    |    -49.75    |      49      |  ✅ Success  
    152      |    460.14    |    -93.35    |   -110.80    |      84      |  ✅ Success  
    153      |    615.93    |    -65.44    |    -93.35    |      69      |  ✅ Success  
    154      |   -802.41    |   -275.39    |   -344.74    |     194      |  ✅ Success  
    155      |    593.76    |    -55.39    |    -76.07    |      55      |  ✅ Success  
    156      |    626.65    |    -49.18    |    -60.21    |      55      |  ✅ Success  
    157      |    386.97    |   -101.15    |    -93.78    |      82      |  ✅ Success  
    158      |    642.49    |    -53.53    |    -70.71    |      64      |  ✅ Success  
    159      |    543.21    |    -71.64    |    -86.29    |      74      |  ✅ Success  
    160      |    225.25    |    -95.81    |   -133.73    |      86      |  ✅ Success  
  📊 统计 [Ep 160]: Actor Loss=-83.0530, Critic Loss=920.7271, Alpha=0.8336, TD-error=30.5370, Beta=1.0000
    161      |    421.43    |    -85.30    |   -117.93    |      94      |  ✅ Success  
    162      |    302.65    |    -90.49    |   -114.49    |      88      |  ✅ Success  
    163      |   -755.56    |   -216.35    |   -293.46    |     169      |  ✅ Success  
    164      |    271.06    |    -97.42    |   -155.38    |      83      |  ✅ Success  
    165      |   -656.09    |   -217.54    |   -260.80    |     172      |  ✅ Success  
    166      |    390.26    |    -79.49    |    -80.11    |      80      |  ✅ Success  
    167      |    549.52    |    -66.07    |   -100.49    |      77      |  ✅ Success  
    168      |   -569.83    |    -9.81     |    -13.81    |      9       |  ❌ Failure  
    169      |    432.29    |    -90.55    |   -110.35    |      74      |  ✅ Success  
    170      |     5.06     |   -125.31    |   -142.99    |     107      |  ✅ Success  
  📊 统计 [Ep 170]: Actor Loss=-87.5932, Critic Loss=903.4830, Alpha=0.9752, TD-error=30.5302, Beta=1.0000
    171      |    621.92    |    -60.27    |    -75.51    |      63      |  ✅ Success  
    172      |    330.06    |   -135.31    |   -148.02    |     111      |  ✅ Success  
    173      |    593.04    |    -79.96    |    -86.18    |      83      |  ✅ Success  
    174      |   -167.18    |   -181.20    |   -215.08    |     179      |  ✅ Success  
    175      |   -471.45    |   -191.71    |   -168.84    |     141      |  ✅ Success  
    176      |   -1752.63   |   -514.86    |   -491.39    |     369      |  ✅ Success  
    177      |   -1237.86   |   -324.96    |   -274.96    |     223      |  ✅ Success  
    178      |    540.85    |    -76.34    |    -70.39    |      82      |  ✅ Success  
    179      |    115.09    |   -112.58    |   -151.36    |     100      |  ✅ Success  
    180      |    -5.44     |   -198.48    |   -197.76    |     148      |  ✅ Success  
  📊 统计 [Ep 180]: Actor Loss=-110.3198, Critic Loss=1070.7566, Alpha=1.2379, TD-error=34.7470, Beta=1.0000
    181      |   -222.11    |   -159.33    |   -184.39    |     131      |  ✅ Success  
    182      |   -166.39    |   -135.63    |   -323.12    |     151      |  ✅ Success  
    183      |    401.16    |   -105.52    |   -128.91    |      86      |  ✅ Success  
    184      |    -73.04    |   -147.18    |   -185.20    |     129      |  ✅ Success  
    185      |    715.19    |    -36.49    |    -46.20    |      46      |  ✅ Success  
    186      |   -276.09    |   -211.99    |   -171.45    |     122      |  ✅ Success  
    187      |   -1498.70   |   -456.64    |   -437.07    |     268      |  ✅ Success  
    188      |    -98.24    |   -106.11    |   -159.78    |     136      |  ✅ Success  
    189      |    662.95    |    -45.34    |    -63.58    |      53      |  ✅ Success  
    190      |   -1413.95   |   -454.31    |   -491.67    |     318      |  ✅ Success  
  📊 统计 [Ep 190]: Actor Loss=-100.0793, Critic Loss=1040.9130, Alpha=1.2631, TD-error=32.0491, Beta=1.0000
    191      |   -1253.55   |   -246.60    |   -269.04    |     195      |  ✅ Success  
    192      |    445.92    |   -105.04    |   -106.51    |      69      |  ✅ Success  
    193      |   -208.64    |   -186.03    |   -175.32    |     147      |  ✅ Success  
    194      |   -366.66    |   -193.71    |   -229.40    |     153      |  ✅ Success  
    195      |   -123.85    |   -123.34    |   -145.61    |     120      |  ✅ Success  
    196      |   -2210.63   |   -343.75    |   -458.75    |     278      |  ✅ Success  
    197      |   -748.63    |   -195.54    |   -205.21    |     156      |  ✅ Success  
    198      |   -2369.68   |   -398.31    |   -426.72    |     282      |  ✅ Success  
    199      |    79.80     |   -123.48    |   -123.80    |      89      |  ✅ Success  
    200      |   -7958.85   |   -1309.72   |   -1555.97   |     897      |  ✅ Success  
  📊 统计 [Ep 200]: Actor Loss=-83.3234, Critic Loss=821.5012, Alpha=1.1071, TD-error=26.0618, Beta=1.0000
    201      |    764.95    |    -32.70    |    -33.16    |      38      |  ✅ Success  
    202      |    199.35    |   -154.31    |   -102.27    |      80      |  ✅ Success  
    203      |    654.56    |    -45.00    |    -46.28    |      53      |  ✅ Success  
    204      |    456.38    |    -68.61    |    -78.35    |      83      |  ✅ Success  
    205      |    806.66    |    -22.53    |    -31.54    |      35      |  ✅ Success  
    206      |    326.33    |    -90.18    |   -138.67    |      86      |  ✅ Success  
    207      |   -214.00    |   -164.65    |   -208.89    |     139      |  ✅ Success  
    208      |    741.41    |    -34.15    |    -82.06    |      44      |  ✅ Success  
    209      |   -327.03    |   -205.60    |   -280.63    |     151      |  ✅ Success  
    210      |    567.71    |    -71.15    |    -70.15    |      65      |  ✅ Success  
  📊 统计 [Ep 210]: Actor Loss=-90.5354, Critic Loss=871.7434, Alpha=1.0879, TD-error=26.6381, Beta=1.0000
    211      |    762.10    |    -31.70    |    -42.36    |      36      |  ✅ Success  
    212      |    789.73    |    -56.67    |    -32.84    |      33      |  ✅ Success  
    213      |   -1527.88   |   -365.52    |   -649.05    |     276      |  ✅ Success  
    214      |    471.50    |   -126.95    |    -67.36    |      68      |  ✅ Success  
    215      |   -557.06    |    -6.13     |    -8.50     |      8       |  ❌ Failure  
    216      |   -596.11    |   -152.65    |   -297.41    |     137      |  ✅ Success  
    217      |    706.57    |    -59.78    |    -48.65    |      56      |  ✅ Success  
    218      |    701.33    |    -41.40    |    -46.78    |      46      |  ✅ Success  
    219      |    562.50    |    -65.62    |    -63.79    |      66      |  ✅ Success  
    220      |    795.94    |    -33.54    |    -31.37    |      35      |  ✅ Success  
  📊 统计 [Ep 220]: Actor Loss=-101.1800, Critic Loss=989.0440, Alpha=1.0946, TD-error=28.2920, Beta=1.0000
    221      |    600.98    |    -52.54    |    -59.14    |      61      |  ✅ Success  
    222      |    311.73    |    -98.26    |   -122.03    |      74      |  ✅ Success  
    223      |    481.62    |    -94.42    |    -93.14    |      61      |  ✅ Success  
    224      |    534.40    |    -54.58    |    -72.22    |      70      |  ✅ Success  
    225      |   -621.39    |   -193.71    |   -178.06    |     157      |  ✅ Success  
    226      |    728.12    |    -53.13    |    -32.75    |      39      |  ✅ Success  
    227      |    728.89    |    -43.14    |    -46.76    |      49      |  ✅ Success  
    228      |    765.17    |    -54.90    |    -37.67    |      47      |  ✅ Success  
    229      |    297.66    |   -118.56    |   -100.30    |      81      |  ✅ Success  
    230      |   -167.35    |   -201.33    |   -181.74    |     159      |  ✅ Success  
  📊 统计 [Ep 230]: Actor Loss=-113.3514, Critic Loss=941.5654, Alpha=1.1459, TD-error=30.2256, Beta=1.0000
    231      |    664.01    |    -58.75    |    -71.28    |      55      |  ✅ Success  
    232      |    659.34    |    -62.43    |    -64.77    |      77      |  ✅ Success  
    233      |    732.25    |    -35.91    |    -59.28    |      49      |  ✅ Success  
    234      |    561.34    |    -55.13    |    -65.80    |      67      |  ✅ Success  
    235      |    181.79    |   -100.62    |   -137.76    |     114      |  ✅ Success  
    236      |   -428.62    |   -191.77    |   -156.71    |     175      |  ✅ Success  
    237      |    762.47    |    -32.88    |    -34.21    |      43      |  ✅ Success  
    238      |    626.27    |    -48.38    |    -89.26    |      55      |  ✅ Success  
    239      |    74.28     |   -138.55    |   -110.28    |     118      |  ✅ Success  
    240      |    625.58    |    -81.57    |    -49.41    |      47      |  ✅ Success  
  📊 统计 [Ep 240]: Actor Loss=-139.9401, Critic Loss=1226.0926, Alpha=1.2901, TD-error=34.8660, Beta=1.0000
    241      |    420.51    |    -86.41    |    -76.94    |      82      |  ✅ Success  
    242      |   -2261.28   |   -445.26    |   -341.39    |     274      |  ✅ Success  
    243      |    749.45    |    -42.04    |    -42.71    |      44      |  ✅ Success  
    244      |    341.28    |    -79.84    |    -88.96    |      97      |  ✅ Success  
    245      |    507.53    |    -66.15    |    -66.11    |      68      |  ✅ Success  
    246      |    559.43    |    -61.14    |    -61.58    |      55      |  ✅ Success  
    247      |   -458.08    |   -237.45    |   -222.80    |     157      |  ✅ Success  
    248      |    762.69    |    -32.95    |    -31.92    |      38      |  ✅ Success  
    249      |    218.49    |    -97.90    |   -101.97    |      76      |  ✅ Success  
    250      |   -590.49    |    -9.61     |    -12.34    |      12      |  ❌ Failure  
  📊 统计 [Ep 250]: Actor Loss=-162.2954, Critic Loss=1345.3809, Alpha=1.4966, TD-error=34.3661, Beta=1.0000
    251      |    635.69    |    -49.89    |    -50.52    |      56      |  ✅ Success  
    252      |   -714.76    |    -37.86    |    -28.16    |      29      |  ❌ Failure  
    253      |    638.64    |    -61.07    |    -39.66    |      50      |  ✅ Success  
    254      |    721.82    |    -57.13    |    -48.41    |      44      |  ✅ Success  
    255      |    337.29    |    -85.91    |   -114.19    |      71      |  ✅ Success  
    256      |    582.25    |    -74.53    |    -63.31    |      60      |  ✅ Success  
    257      |    455.05    |    -62.21    |    -77.45    |      63      |  ✅ Success  
    258      |    181.05    |   -128.40    |   -210.52    |     113      |  ✅ Success  
    259      |    739.74    |    -36.17    |    -39.75    |      42      |  ✅ Success  
    260      |    775.02    |    -32.41    |    -35.46    |      39      |  ✅ Success  
  📊 统计 [Ep 260]: Actor Loss=-156.2406, Critic Loss=1368.1936, Alpha=1.5901, TD-error=35.8432, Beta=1.0000
    261      |   -478.47    |   -286.52    |   -250.36    |     200      |  ✅ Success  
    262      |    648.12    |    -56.56    |    -43.40    |      58      |  ✅ Success  
    263      |   -315.25    |   -146.84    |   -176.22    |     138      |  ✅ Success  
    264      |    805.38    |    -24.35    |    -35.86    |      36      |  ✅ Success  
    265      |   -639.74    |   -266.39    |   -268.68    |     165      |  ✅ Success  
    266      |    667.06    |    -71.24    |    -42.85    |      58      |  ✅ Success  
    267      |    735.29    |    -41.02    |    -54.69    |      43      |  ✅ Success  
    268      |    611.04    |    -56.97    |    -62.81    |      59      |  ✅ Success  
    269      |   -441.97    |   -195.62    |   -188.43    |     150      |  ✅ Success  
    270      |   -651.29    |   -185.53    |   -206.89    |     159      |  ✅ Success  
  📊 统计 [Ep 270]: Actor Loss=-181.5597, Critic Loss=1399.3228, Alpha=1.8101, TD-error=37.8222, Beta=1.0000
    271      |    713.21    |    -34.46    |    -43.59    |      40      |  ✅ Success  
    272      |    -95.98    |   -160.89    |   -119.13    |     120      |  ✅ Success  
    273      |   -753.83    |   -307.39    |   -280.32    |     176      |  ✅ Success  
    274      |    95.52     |   -141.48    |   -122.70    |     104      |  ✅ Success  
    275      |    525.39    |    -99.92    |    -71.51    |      61      |  ✅ Success  
    276      |    527.88    |    -62.05    |    -70.17    |      55      |  ✅ Success  
    277      |    540.01    |    -69.99    |    -67.84    |      58      |  ✅ Success  
    278      |   -2130.77   |   -504.31    |   -657.28    |     374      |  ✅ Success  
    279      |    201.83    |    -87.41    |   -152.60    |     100      |  ✅ Success  
    280      |   -1167.74   |   -274.42    |   -404.07    |     194      |  ✅ Success  
  📊 统计 [Ep 280]: Actor Loss=-213.7650, Critic Loss=1687.3842, Alpha=2.0536, TD-error=41.9302, Beta=1.0000
    281      |    189.06    |   -127.85    |   -172.34    |      97      |  ✅ Success  
    282      |    387.22    |   -118.31    |   -134.41    |     100      |  ✅ Success  
    283      |    686.18    |    -54.15    |    -42.69    |      44      |  ✅ Success  
    284      |    695.39    |    -52.28    |    -52.92    |      48      |  ✅ Success  
    285      |    346.67    |   -136.13    |   -105.81    |      83      |  ✅ Success  
    286      |    204.11    |    -96.72    |    -99.43    |      79      |  ✅ Success  
    287      |    87.41     |   -152.25    |   -146.62    |     131      |  ✅ Success  
    288      |    284.28    |   -100.53    |   -142.73    |      83      |  ✅ Success  
    289      |   -2210.91   |   -435.94    |   -467.28    |     290      |  ✅ Success  
    290      |    653.47    |    -70.95    |    -61.48    |      48      |  ✅ Success  
  📊 统计 [Ep 290]: Actor Loss=-222.2652, Critic Loss=1837.6516, Alpha=2.1369, TD-error=43.7124, Beta=1.0000
    291      |    317.69    |    -80.19    |   -102.70    |      74      |  ✅ Success  
    292      |    42.83     |   -126.51    |   -159.84    |     116      |  ✅ Success  
    293      |    685.88    |    -46.73    |    -47.85    |      47      |  ✅ Success  
    294      |    561.90    |    -57.31    |    -52.66    |      61      |  ✅ Success  
    295      |    474.44    |    -96.67    |    -71.13    |      83      |  ✅ Success  
    296      |    70.84     |   -131.31    |   -101.51    |      97      |  ✅ Success  
    297      |    676.39    |    -49.17    |    -40.23    |      53      |  ✅ Success  
    298      |    523.45    |    -71.75    |    -74.84    |      75      |  ✅ Success  
    299      |    673.24    |    -48.95    |    -48.58    |      44      |  ✅ Success  
    300      |    485.84    |    -66.88    |    -65.22    |      64      |  ✅ Success  
  📊 统计 [Ep 300]: Actor Loss=-237.1968, Critic Loss=1894.2144, Alpha=2.1969, TD-error=45.3752, Beta=1.0000
    301      |    315.18    |   -124.46    |   -107.46    |      81      |  ✅ Success  
    302      |    734.67    |    -27.87    |    -36.80    |      41      |  ✅ Success  
    303      |    388.35    |    -65.70    |    -84.38    |      84      |  ✅ Success  
    304      |    526.15    |    -55.90    |    -58.15    |      58      |  ✅ Success  
    305      |    738.87    |    -35.70    |    -37.96    |      42      |  ✅ Success  
    306      |    667.48    |    -52.18    |    -54.59    |      48      |  ✅ Success  
    307      |    357.47    |    -86.75    |   -194.53    |      80      |  ✅ Success  
    308      |   -4350.16   |   -559.23    |   -580.94    |     314      |  ❌ Failure  
    309      |    86.63     |   -139.67    |   -154.22    |      94      |  ✅ Success  
    310      |    482.73    |    -87.18    |    -54.24    |      66      |  ✅ Success  
  📊 统计 [Ep 310]: Actor Loss=-246.9516, Critic Loss=1730.9674, Alpha=2.2391, TD-error=42.2024, Beta=1.0000
    311      |    573.16    |    -86.07    |    -55.61    |      57      |  ✅ Success  
    312      |    634.66    |    -43.15    |    -55.04    |      55      |  ✅ Success  
    313      |    439.87    |   -102.87    |   -156.50    |      71      |  ✅ Success  
    314      |    183.17    |    -83.88    |   -107.01    |      85      |  ✅ Success  
    315      |   -1269.77   |   -340.33    |   -243.62    |     228      |  ✅ Success  
    316      |    627.40    |    -95.89    |    -42.69    |      48      |  ✅ Success  
    317      |    293.21    |    -97.12    |    -78.18    |      91      |  ✅ Success  
    318      |   -556.38    |    -7.41     |    -8.56     |      7       |  ❌ Failure  
    319      |    441.23    |    -73.26    |    -77.35    |      66      |  ✅ Success  
    320      |    665.03    |    -52.34    |    -45.05    |      45      |  ✅ Success  
  📊 统计 [Ep 320]: Actor Loss=-269.1603, Critic Loss=2062.4144, Alpha=2.3182, TD-error=45.9148, Beta=1.0000
    321      |   -184.48    |   -226.65    |   -135.56    |     115      |  ✅ Success  
    322      |    617.10    |    -70.58    |    -66.01    |      59      |  ✅ Success  
    323      |    339.23    |    -70.15    |   -127.87    |      72      |  ✅ Success  
    324      |    165.99    |   -106.23    |   -103.20    |      91      |  ✅ Success  
    325      |   -1297.42   |   -325.77    |   -266.69    |     209      |  ✅ Success  
    326      |    576.60    |    -78.67    |    -63.80    |      55      |  ✅ Success  
    327      |    761.45    |    -28.52    |    -45.00    |      37      |  ✅ Success  
    328      |    448.66    |    -76.30    |    -66.13    |      73      |  ✅ Success  
    329      |    813.00    |    -27.16    |    -33.83    |      35      |  ✅ Success  
    330      |    556.60    |   -105.18    |    -51.73    |      68      |  ✅ Success  
  📊 统计 [Ep 330]: Actor Loss=-289.7481, Critic Loss=1745.4637, Alpha=2.3041, TD-error=44.3229, Beta=1.0000
    331      |   -264.90    |   -175.50    |   -168.61    |     126      |  ✅ Success  
    332      |   -1664.94   |   -132.30    |   -157.60    |     109      |  ❌ Failure  
    333      |    684.05    |    -31.99    |    -47.20    |      49      |  ✅ Success  
    334      |   -535.96    |   -252.43    |   -283.25    |     146      |  ✅ Success  
    335      |    659.04    |    -46.08    |    -50.94    |      63      |  ✅ Success  
    336      |    529.15    |    -54.43    |    -98.59    |      67      |  ✅ Success  
    337      |    258.05    |   -105.38    |   -103.38    |      87      |  ✅ Success  
    338      |    501.38    |    -76.91    |    -73.28    |      69      |  ✅ Success  
    339      |    178.98    |   -109.04    |    -94.74    |      88      |  ✅ Success  
    340      |    591.93    |    -68.58    |    -55.32    |      60      |  ✅ Success  
  📊 统计 [Ep 340]: Actor Loss=-301.2750, Critic Loss=1863.3541, Alpha=2.2390, TD-error=46.1273, Beta=1.0000
    341      |    397.69    |    -66.04    |    -77.33    |      68      |  ✅ Success  
    342      |    696.28    |    -48.95    |    -50.45    |      47      |  ✅ Success  
    343      |     2.66     |   -179.28    |   -139.93    |     110      |  ✅ Success  
    344      |    728.38    |    -33.09    |    -54.09    |      42      |  ✅ Success  
    345      |    770.76    |    -30.95    |    -40.32    |      39      |  ✅ Success  
    346      |    726.54    |    -41.76    |    -37.86    |      45      |  ✅ Success  
    347      |    757.77    |    -38.35    |    -45.96    |      35      |  ✅ Success  
    348      |    669.47    |    -38.31    |    -52.32    |      46      |  ✅ Success  
    349      |    766.00    |    -38.04    |    -31.06    |      36      |  ✅ Success  
    350      |    698.59    |    -30.48    |    -45.74    |      43      |  ✅ Success  
  📊 统计 [Ep 350]: Actor Loss=-328.8618, Critic Loss=1991.4700, Alpha=2.2941, TD-error=47.2604, Beta=1.0000
    351      |    506.75    |    -70.86    |    -70.28    |      67      |  ✅ Success  
    352      |    483.58    |    -66.56    |    -64.74    |      70      |  ✅ Success  
    353      |    315.45    |    -92.90    |   -105.93    |      88      |  ✅ Success  
    354      |    543.35    |    -53.12    |    -49.64    |      64      |  ✅ Success  
    355      |   -409.02    |   -157.08    |   -203.87    |     145      |  ✅ Success  
    356      |    352.77    |   -135.59    |    -78.01    |      78      |  ✅ Success  
    357      |   -269.85    |   -163.41    |   -245.68    |     136      |  ✅ Success  
    358      |    699.37    |    -42.33    |    -33.45    |      43      |  ✅ Success  
    359      |    686.54    |    -40.95    |    -38.48    |      44      |  ✅ Success  
    360      |   -1252.28   |   -296.70    |   -248.98    |     221      |  ✅ Success  
  📊 统计 [Ep 360]: Actor Loss=-335.1177, Critic Loss=2025.6473, Alpha=2.3327, TD-error=46.7748, Beta=1.0000
    361      |    544.61    |    -61.37    |    -59.38    |      65      |  ✅ Success  
    362      |    718.92    |    -30.86    |    -43.28    |      52      |  ✅ Success  
    363      |    646.68    |    -78.62    |    -62.91    |      50      |  ✅ Success  
    364      |    298.72    |    -83.69    |    -83.62    |      88      |  ✅ Success  
    365      |    696.38    |    -43.80    |    -46.46    |      46      |  ✅ Success  
    366      |   -817.25    |   -245.35    |   -243.11    |     183      |  ✅ Success  
    367      |    103.86    |   -108.31    |    -93.29    |      88      |  ✅ Success  
    368      |    813.54    |    -27.43    |    -24.20    |      35      |  ✅ Success  
    369      |   -1113.53   |   -300.35    |   -409.43    |     221      |  ✅ Success  
    370      |    829.95    |    -23.48    |    -26.97    |      33      |  ✅ Success  
  📊 统计 [Ep 370]: Actor Loss=-331.0368, Critic Loss=1956.1324, Alpha=2.2855, TD-error=46.3213, Beta=1.0000
    371      |   -696.65    |    -29.25    |    -29.23    |      24      |  ❌ Failure  
    372      |    554.03    |    -64.29    |    -47.51    |      58      |  ✅ Success  
    373      |   -9901.11   |   -2816.35   |   -1456.97   |     862      |  ✅ Success  
    374      |    364.06    |    -68.41    |   -201.43    |      69      |  ✅ Success  
    375      |   -3934.56   |   -572.06    |   -376.63    |     270      |  ❌ Failure  
    376      |   -1530.42   |   -234.04    |   -311.51    |     219      |  ✅ Success  
    377      |   -2612.98   |   -404.70    |   -812.95    |     305      |  ✅ Success  
    378      |   -102.60    |   -138.24    |   -122.04    |     108      |  ✅ Success  
    379      |   -129.65    |   -166.54    |   -162.92    |     113      |  ✅ Success  
    380      |    793.00    |    -31.86    |    -31.24    |      36      |  ✅ Success  
  📊 统计 [Ep 380]: Actor Loss=-352.9872, Critic Loss=2048.1212, Alpha=1.9621, TD-error=42.7874, Beta=1.0000
    381      |    354.97    |   -125.49    |    -71.62    |      67      |  ✅ Success  
    382      |    560.93    |    -57.98    |    -68.56    |      55      |  ✅ Success  
    383      |    665.73    |    -43.28    |    -50.98    |      51      |  ✅ Success  
    384      |    176.27    |   -103.29    |   -109.95    |      93      |  ✅ Success  
    385      |   -864.37    |   -189.45    |   -266.46    |     181      |  ✅ Success  
    386      |    470.83    |    -70.90    |    -73.08    |      62      |  ✅ Success  
    387      |    491.87    |    -63.97    |    -65.65    |      59      |  ✅ Success  
    388      |    76.23     |   -108.85    |   -122.72    |      92      |  ✅ Success  
    389      |    802.98    |    -32.81    |    -37.78    |      35      |  ✅ Success  
    390      |   -442.58    |   -316.65    |   -269.16    |     213      |  ✅ Success  
  📊 统计 [Ep 390]: Actor Loss=-378.6384, Critic Loss=2013.2868, Alpha=2.0288, TD-error=46.2495, Beta=1.0000
    391      |    771.10    |    -31.65    |    -37.05    |      41      |  ✅ Success  
    392      |   -404.06    |   -178.98    |   -189.84    |     134      |  ✅ Success  
    393      |    669.29    |    -65.46    |    -55.71    |      58      |  ✅ Success  
    394      |    349.89    |    -74.47    |    -82.72    |      79      |  ✅ Success  
    395      |   -2578.23   |   -573.32    |   -476.31    |     312      |  ✅ Success  
    396      |    627.52    |    -38.81    |    -66.48    |      51      |  ✅ Success  
    397      |   -418.00    |   -334.38    |   -375.85    |     283      |  ✅ Success  
    398      |    793.12    |    -25.62    |    -47.62    |      40      |  ✅ Success  
    399      |    506.91    |    -63.96    |    -76.54    |      71      |  ✅ Success  
    400      |   -562.49    |    -8.78     |    -6.64     |      8       |  ❌ Failure  
  📊 统计 [Ep 400]: Actor Loss=-359.1363, Critic Loss=2239.0154, Alpha=2.0727, TD-error=53.1575, Beta=1.0000
    401      |   -1186.48   |   -252.07    |   -328.23    |     207      |  ✅ Success  
    402      |    512.30    |    -59.63    |    -66.82    |      66      |  ✅ Success  
    403      |    737.50    |    -70.82    |    -38.96    |      38      |  ✅ Success  
    404      |   -705.28    |   -184.62    |   -237.16    |     153      |  ✅ Success  
    405      |    572.85    |    -48.61    |    -66.29    |      52      |  ✅ Success  
    406      |    744.38    |    -40.23    |    -36.21    |      42      |  ✅ Success  
    407      |   -1403.42   |   -151.94    |   -150.36    |      79      |  ❌ Failure  
    408      |    773.59    |    -26.41    |    -46.91    |      41      |  ✅ Success  
    409      |    736.20    |    -43.53    |    -36.37    |      45      |  ✅ Success  
    410      |    696.37    |    -34.84    |    -39.73    |      43      |  ✅ Success  
  📊 统计 [Ep 410]: Actor Loss=-333.5753, Critic Loss=2116.0984, Alpha=2.1224, TD-error=46.9359, Beta=1.0000
    411      |    416.52    |    -98.44    |   -106.44    |      80      |  ✅ Success  
    412      |   -226.73    |   -160.73    |   -166.03    |     120      |  ✅ Success  
    413      |    273.90    |    -81.35    |    -81.89    |      85      |  ✅ Success  
    414      |    582.56    |    -59.66    |    -59.48    |      53      |  ✅ Success  
    415      |    771.95    |    -33.13    |    -29.98    |      40      |  ✅ Success  
    416      |   -652.62    |   -228.34    |   -182.10    |     162      |  ✅ Success  
    417      |   -2367.74   |   -897.18    |   -412.07    |     294      |  ✅ Success  
    418      |   -6411.65   |   -867.72    |   -782.67    |     565      |  ✅ Success  
    419      |   -5572.29   |   -1434.02   |   -675.91    |     481      |  ✅ Success  
    420      |    556.35    |    -54.47    |    -57.79    |      52      |  ✅ Success  
  📊 统计 [Ep 420]: Actor Loss=-299.3039, Critic Loss=1833.0932, Alpha=1.7943, TD-error=41.5885, Beta=1.0000
    421      |   -567.17    |   -238.09    |   -222.22    |     142      |  ✅ Success  
    422      |    266.08    |    -87.07    |    -81.61    |      77      |  ✅ Success  
    423      |    784.83    |    -30.99    |    -30.52    |      37      |  ✅ Success  
    424      |    724.63    |    -35.01    |    -36.99    |      47      |  ✅ Success  
    425      |    -90.43    |   -225.87    |   -281.26    |     232      |  ✅ Success  
    426      |    548.75    |    -92.34    |    -60.46    |      62      |  ✅ Success  
    427      |    518.94    |    -66.06    |    -75.75    |      58      |  ✅ Success  
    428      |   -523.87    |   -186.55    |   -180.80    |     142      |  ✅ Success  
    429      |    215.01    |   -112.53    |   -102.35    |      77      |  ✅ Success  
    430      |    739.86    |    -31.20    |    -49.98    |      43      |  ✅ Success  
  📊 统计 [Ep 430]: Actor Loss=-268.6225, Critic Loss=1722.6321, Alpha=1.6662, TD-error=38.5825, Beta=1.0000
    431      |   -2560.94   |   -759.85    |   -404.68    |     284      |  ✅ Success  
    432      |    635.72    |    -67.28    |    -49.43    |      51      |  ✅ Success  
    433      |    527.94    |    -67.50    |    -73.59    |      59      |  ✅ Success  
    434      |   -1276.19   |   -299.13    |   -341.99    |     180      |  ✅ Success  
    435      |    88.33     |   -149.94    |   -133.53    |      82      |  ✅ Success  
    436      |    -13.85    |   -138.48    |   -106.79    |     105      |  ✅ Success  
    437      |    634.86    |    -42.02    |    -78.00    |      47      |  ✅ Success  
    438      |   -1510.90   |   -140.61    |   -125.99    |      89      |  ❌ Failure  
    439      |    598.41    |    -51.96    |    -48.50    |      52      |  ✅ Success  
    440      |    619.92    |    -44.13    |    -82.97    |      50      |  ✅ Success  
  📊 统计 [Ep 440]: Actor Loss=-294.9290, Critic Loss=1516.3958, Alpha=1.5861, TD-error=37.7771, Beta=1.0000
    441      |    821.70    |    -28.29    |    -32.20    |      32      |  ✅ Success  
    442      |   -1472.87   |   -518.44    |   -386.43    |     227      |  ✅ Success  
    443      |    714.56    |    -39.37    |    -39.74    |      43      |  ✅ Success  
    444      |    665.94    |    -48.40    |    -39.43    |      48      |  ✅ Success  
    445      |    662.35    |    -46.78    |    -55.92    |      49      |  ✅ Success  
    446      |   -453.21    |   -234.74    |   -167.06    |     139      |  ✅ Success  
    447      |    751.73    |    -30.75    |    -32.31    |      38      |  ✅ Success  
    448      |    652.56    |   -120.46    |    -36.61    |      48      |  ✅ Success  
    449      |   -2736.67   |   -372.00    |   -469.86    |     325      |  ✅ Success  
    450      |   -2315.55   |   -413.39    |   -450.04    |     312      |  ✅ Success  
  📊 统计 [Ep 450]: Actor Loss=-303.5189, Critic Loss=1596.8735, Alpha=1.5340, TD-error=38.1250, Beta=1.0000
    451      |    -34.59    |   -123.65    |   -118.38    |     111      |  ✅ Success  
    452      |    776.28    |    -37.82    |    -34.50    |      34      |  ✅ Success  
    453      |   -1567.14   |   -295.85    |   -380.95    |     225      |  ✅ Success  
    454      |   -844.68    |   -188.84    |   -196.77    |     164      |  ✅ Success  
    455      |    99.64     |   -145.85    |   -145.11    |      96      |  ✅ Success  
    456      |    -58.82    |   -160.51    |   -168.46    |     120      |  ✅ Success  
    457      |   -4003.70   |   -1142.49   |   -1020.86   |     518      |  ✅ Success  
    458      |    631.73    |    -42.13    |    -55.55    |      48      |  ✅ Success  
    459      |   -669.23    |   -211.14    |   -246.58    |     144      |  ✅ Success  
    460      |    836.24    |    -22.73    |    -26.71    |      29      |  ✅ Success  
  📊 统计 [Ep 460]: Actor Loss=-294.2315, Critic Loss=1254.1259, Alpha=1.4071, TD-error=37.6061, Beta=1.0000
    461      |    669.96    |    -46.64    |    -50.75    |      51      |  ✅ Success  
    462      |    785.31    |    -30.82    |    -30.47    |      37      |  ✅ Success  
    463      |   -283.41    |   -153.77    |   -307.19    |     129      |  ✅ Success  
    464      |    691.11    |    -41.06    |    -48.88    |      42      |  ✅ Success  
    465      |    661.64    |    -50.60    |    -55.50    |      51      |  ✅ Success  
    466      |    790.28    |    -35.10    |    -51.90    |      34      |  ✅ Success  
    467      |    726.91    |    -61.03    |    -40.87    |      41      |  ✅ Success  
    468      |    816.48    |    -27.09    |    -26.89    |      30      |  ✅ Success  
    469      |   -5549.08   |   -948.93    |   -875.15    |     548      |  ✅ Success  
    470      |    465.67    |    -68.93    |    -59.20    |      72      |  ✅ Success  
  📊 统计 [Ep 470]: Actor Loss=-298.8095, Critic Loss=1296.2925, Alpha=1.4252, TD-error=35.8218, Beta=1.0000
    471      |  -12599.88   |   -2062.41   |   -2044.40   |     1000     | ⏱️  Timeout 
    472      |  -13068.99   |   -2350.14   |   -1511.62   |     1000     | ⏱️  Timeout 
    473      |    475.23    |    -87.99    |    -98.84    |      68      |  ✅ Success  
    474      |   -2354.69   |   -399.77    |   -445.24    |     283      |  ✅ Success  
    475      |    401.52    |    -90.52    |    -86.53    |      65      |  ✅ Success  
    476      |    813.34    |    -28.13    |    -49.43    |      32      |  ✅ Success  
    477      |   -606.55    |   -223.40    |   -177.51    |     148      |  ✅ Success  
    478      |   -1196.25   |   -227.69    |   -307.40    |     197      |  ✅ Success  
    479      |   -3437.23   |   -451.77    |   -704.74    |     363      |  ✅ Success  
    480      |   -1441.67   |   -299.07    |   -315.86    |     194      |  ✅ Success  
  📊 统计 [Ep 480]: Actor Loss=-295.9623, Critic Loss=1124.7994, Alpha=1.0779, TD-error=30.5056, Beta=1.0000
    481      |    619.28    |    -59.75    |    -60.72    |      47      |  ✅ Success  
    482      |    783.11    |    -25.57    |    -31.29    |      36      |  ✅ Success  
    483      |    791.92    |    -23.74    |    -36.73    |      33      |  ✅ Success  
    484      |   -6380.64   |   -828.47    |   -974.37    |     588      |  ✅ Success  
    485      |    796.99    |    -22.63    |    -32.27    |      34      |  ✅ Success  
    486      |   -3347.37   |   -387.12    |   -438.40    |     360      |  ✅ Success  
    487      |   -790.08    |   -200.32    |   -227.48    |     156      |  ✅ Success  
    488      |    302.44    |   -115.23    |    -93.72    |      70      |  ✅ Success  
    489      |   -805.54    |   -228.82    |   -220.95    |     155      |  ✅ Success  
    490      |   -429.09    |   -153.97    |   -181.47    |     135      |  ✅ Success  
  📊 统计 [Ep 490]: Actor Loss=-330.8491, Critic Loss=1097.0762, Alpha=1.0330, TD-error=31.1337, Beta=1.0000
    491      |   -576.50    |   -184.55    |   -182.69    |     144      |  ✅ Success  
    492      |    715.12    |    -45.81    |    -34.73    |      42      |  ✅ Success  
    493      |    87.02     |    -86.48    |   -137.16    |      99      |  ✅ Success  
    494      |    -91.07    |   -121.39    |   -128.88    |     110      |  ✅ Success  
    495      |    65.50     |   -115.29    |   -124.35    |      93      |  ✅ Success  
    496      |    819.11    |    -22.58    |    -34.20    |      31      |  ✅ Success  
    497      |   -1574.62   |   -369.26    |   -489.60    |     236      |  ✅ Success  
    498      |   -1774.95   |   -382.38    |   -345.20    |     237      |  ✅ Success  
    499      |   -320.61    |   -150.62    |   -167.08    |     126      |  ✅ Success  
✅ 训练数据已保存: /home/zhangpeng/UAV_PATH_PLANNING/runs/exp_baseline_20251031_201704/training_data.pkl
✅ 总奖励曲线已保存: /home/zhangpeng/UAV_PATH_PLANNING/runs/exp_baseline_20251031_201704/plots/total_reward.png
✅ Leader奖励曲线已保存: /home/zhangpeng/UAV_PATH_PLANNING/runs/exp_baseline_20251031_201704/plots/leader_reward.png
✅ Follower奖励曲线已保存: /home/zhangpeng/UAV_PATH_PLANNING/runs/exp_baseline_20251031_201704/plots/follower_reward.png
