📝 日志文件: /home/zhangpeng/UAV_PATH_PLANNING/runs/exp_baseline_20251031_173015/training.log
💡 训练输出将实时保存到日志文件
🚀 启用AMP混合精度训练（预期加速40-100%）
🚀 启用异步数据传输（预期加速10-20%）
SAC训练中...
📊 优先级经验回放（PER）配置:
  - 容量: 20000
  - Alpha: 0.6 (优先级指数)
  - Beta: 0.4 → 1.0 (重要性采样权重)
  - 内存优化: float32 (节省50%内存)

================================================================================
  Episode    |    Leader    |  Follower0   |  Follower1   |  Follower2   |  Follower3   |    Steps     |    Status   
================================================================================
     0       |   -556.38    |    -5.57     |    -5.14     |    -7.43     |    -6.01     |      6       |  ❌ Failure  
     1       |  -12415.39   |   -2052.76   |   -2072.89   |   -1987.21   |   -2396.62   |     716      |  ✅ Success  
     2       |   -4757.88   |   -980.49    |   -897.50    |   -684.27    |   -836.53    |     406      |  ✅ Success  
     3       |   -676.49    |    -20.39    |    -25.90    |    -13.76    |    -13.59    |      19      |  ❌ Failure  
     4       |  -17414.10   |   -2933.50   |   -2114.49   |   -2872.01   |   -3176.44   |     1000     | ⏱️  Timeout 
     5       |   -1533.19   |   -249.32    |   -122.65    |    -99.69    |   -167.34    |     100      |  ❌ Failure  
     6       |   -1082.67   |    -71.54    |   -114.00    |    -74.31    |    -89.68    |      57      |  ❌ Failure  
     7       |   -3539.83   |   -551.77    |   -569.32    |   -431.62    |   -504.29    |     183      |  ❌ Failure  
     8       |   -9355.06   |   -1147.13   |   -1842.89   |   -1742.96   |   -2028.76   |     710      |  ✅ Success  
     9       |  -18270.67   |   -2742.86   |   -2904.75   |   -2286.14   |   -3284.81   |     1000     | ⏱️  Timeout 
     10      |   -7092.00   |   -1201.39   |   -1043.04   |   -1343.41   |   -1256.72   |     457      |  ✅ Success  
  📊 统计 [Ep 10]: Actor Loss=53.5484, Critic Loss=42.1615, Alpha=0.3485, TD-error=2.2270, Beta=1.0000
     11      |   -4221.01   |   -695.58    |   -1214.08   |   -1232.28   |   -860.42    |     403      |  ✅ Success  
     12      |  -15801.81   |   -2452.39   |   -2304.85   |   -2822.50   |   -2338.00   |     1000     | ⏱️  Timeout 
     13      |  -10445.66   |   -2243.93   |   -1881.56   |   -2244.71   |   -1859.45   |     660      |  ✅ Success  
     14      |   -9857.65   |   -1258.51   |   -1312.59   |   -1406.76   |   -1618.90   |     531      |  ❌ Failure  
     15      |    43.94     |   -216.29    |   -131.85    |   -208.14    |   -137.44    |      89      |  ✅ Success  
     16      |   -1538.38   |   -403.38    |   -432.32    |   -576.06    |   -771.10    |     230      |  ✅ Success  
     17      |   -808.94    |    -30.98    |    -44.41    |    -29.96    |    -31.90    |      28      |  ❌ Failure  
     18      |   -741.87    |    -27.04    |    -28.09    |    -23.99    |    -39.05    |      22      |  ❌ Failure  
     19      |  -12512.43   |   -1714.78   |   -1575.33   |   -1604.68   |   -2651.72   |     787      |  ❌ Failure  
     20      |   -2940.45   |   -762.36    |   -707.68    |   -689.07    |   -714.41    |     270      |  ✅ Success  
  📊 统计 [Ep 20]: Actor Loss=52.4871, Critic Loss=98.8213, Alpha=0.1483, TD-error=3.7994, Beta=1.0000
     21      |  -12858.01   |   -2121.32   |   -2228.38   |   -1871.28   |   -2187.31   |     892      |  ❌ Failure  
     22      |   -7144.19   |   -1495.38   |   -1374.56   |   -1135.45   |   -1283.02   |     534      |  ✅ Success  
     23      |   -3505.20   |   -882.93    |   -531.29    |   -459.73    |   -647.20    |     308      |  ❌ Failure  
     24      |  -13136.20   |   -2351.67   |   -2527.94   |   -2480.97   |   -3261.15   |     1000     | ⏱️  Timeout 
     25      |   -622.78    |    -15.07    |    -16.58    |    -14.95    |    -10.45    |      13      |  ❌ Failure  
     26      |   -7259.25   |   -1804.96   |   -1834.43   |   -1159.94   |   -1684.79   |     587      |  ✅ Success  
     27      |  -13085.23   |   -2681.69   |   -1725.70   |   -2530.02   |   -2216.21   |     1000     | ⏱️  Timeout 
     28      |  -17317.53   |   -3019.19   |   -3045.38   |   -2030.20   |   -1951.85   |     1000     | ⏱️  Timeout 
     29      |  -11085.82   |   -2332.69   |   -2732.42   |   -1504.81   |   -2209.55   |     1000     | ⏱️  Timeout 
     30      |  -12914.13   |   -1995.99   |   -2159.03   |   -1598.19   |   -2565.91   |     1000     | ⏱️  Timeout 
  📊 统计 [Ep 30]: Actor Loss=52.1534, Critic Loss=31.3537, Alpha=0.0547, TD-error=2.1988, Beta=1.0000
     31      |   -4007.82   |   -864.49    |   -762.80    |   -726.12    |   -696.81    |     352      |  ❌ Failure  
     32      |  -12941.41   |   -2827.10   |   -3091.97   |   -2060.97   |   -2904.56   |     1000     | ⏱️  Timeout 
     33      |   -559.10    |    -8.98     |    -7.15     |    -5.53     |    -5.33     |      7       |  ❌ Failure  
     34      |   -2780.96   |   -551.03    |   -391.47    |   -224.50    |   -513.93    |     239      |  ❌ Failure  
     35      |   -1019.07   |   -119.14    |    -75.29    |    -46.54    |    -67.86    |      60      |  ❌ Failure  
     36      |  -10831.12   |   -2607.50   |   -2121.86   |   -1712.14   |   -2271.14   |     1000     | ⏱️  Timeout 
     37      |   -4103.18   |   -463.43    |   -511.52    |   -360.17    |   -641.10    |     321      |  ❌ Failure  
     38      |   -2006.65   |   -148.03    |   -248.53    |   -199.51    |   -242.18    |     131      |  ❌ Failure  
     39      |   -805.10    |    -35.49    |    -46.58    |    -31.53    |    -81.79    |      32      |  ❌ Failure  
     40      |   -994.89    |    -34.55    |    -50.17    |    -67.52    |    -52.69    |      51      |  ❌ Failure  
  📊 统计 [Ep 40]: Actor Loss=49.1072, Critic Loss=38.5249, Alpha=0.0415, TD-error=2.4647, Beta=1.0000
     41      |   -9829.65   |   -2317.10   |   -1378.24   |   -1679.65   |   -1670.06   |     727      |  ❌ Failure  
     42      |  -13200.18   |   -2701.98   |   -1705.08   |   -1893.27   |   -3303.81   |     1000     | ⏱️  Timeout 
     43      |  -13378.18   |   -1168.22   |   -1725.21   |   -1946.23   |   -2336.24   |     1000     | ⏱️  Timeout 
     44      |  -12879.95   |   -2185.06   |   -1215.24   |   -1806.34   |   -2290.45   |     1000     | ⏱️  Timeout 
     45      |  -11681.00   |   -1807.74   |   -2635.15   |   -1209.44   |   -2642.29   |     1000     | ⏱️  Timeout 
     46      |   -2815.32   |   -306.52    |   -404.83    |   -206.55    |   -302.11    |     209      |  ❌ Failure  
     47      |  -13259.92   |   -2662.92   |   -1833.62   |   -1895.46   |   -2472.62   |     1000     | ⏱️  Timeout 
     48      |  -11615.43   |   -899.72    |   -1610.53   |   -1655.52   |   -2800.93   |     1000     | ⏱️  Timeout 
     49      |   -5782.50   |   -663.00    |   -579.97    |   -655.11    |   -1011.32   |     454      |  ❌ Failure  
     50      |  -10145.03   |   -1240.48   |   -938.77    |   -1219.41   |   -1179.03   |     1000     | ⏱️  Timeout 
  📊 统计 [Ep 50]: Actor Loss=47.7263, Critic Loss=27.6083, Alpha=0.0450, TD-error=1.7925, Beta=1.0000
     51      |   -3975.52   |   -650.98    |   -546.20    |   -541.86    |   -676.01    |     308      |  ❌ Failure  
     52      |   -3595.87   |   -409.69    |   -300.97    |   -420.08    |   -346.18    |     236      |  ❌ Failure  
     53      |   -8367.04   |   -1969.06   |   -1874.96   |   -1584.64   |   -2259.16   |     1000     | ⏱️  Timeout 
     54      |  -10833.65   |   -1677.79   |   -1250.85   |   -1811.67   |   -1806.54   |     1000     | ⏱️  Timeout 
     55      |   -2134.00   |   -175.51    |    -95.46    |   -167.66    |   -153.83    |     135      |  ❌ Failure  
     56      |   -539.30    |    -3.31     |    -4.01     |    -4.48     |    -3.03     |      5       |  ❌ Failure  
     57      |   -843.15    |   -204.92    |   -218.68    |   -140.54    |   -354.56    |     176      |  ✅ Success  
     58      |  -13061.10   |   -2358.12   |   -2484.25   |   -1317.19   |   -2052.27   |     1000     | ⏱️  Timeout 
     59      |   -3013.46   |   -668.49    |   -1011.66   |   -673.68    |   -662.69    |     400      |  ✅ Success  
     60      |  -12328.22   |   -2618.39   |   -1741.82   |   -2463.38   |   -3007.05   |     1000     | ⏱️  Timeout 
  📊 统计 [Ep 60]: Actor Loss=45.7514, Critic Loss=20.9383, Alpha=0.0389, TD-error=1.6185, Beta=1.0000
     61      |   -3289.88   |   -408.26    |   -449.25    |   -558.21    |   -446.95    |     245      |  ❌ Failure  
     62      |   -1941.82   |   -183.46    |   -118.78    |   -184.33    |    -97.41    |     147      |  ❌ Failure  
     63      |    390.55    |    -97.47    |    -43.06    |    -60.27    |    -53.38    |      66      |  ✅ Success  
     64      |    322.96    |   -128.08    |    -64.82    |    -99.15    |    -67.46    |      63      |  ✅ Success  
     65      |   -6366.25   |   -1992.26   |   -1102.34   |   -1392.69   |   -2110.97   |     955      |  ✅ Success  
     66      |   -3266.82   |   -1044.07   |   -631.00    |   -454.69    |   -554.28    |     477      |  ✅ Success  
     67      |  -12809.31   |   -2437.32   |   -2691.17   |   -1878.40   |   -1662.26   |     1000     | ⏱️  Timeout 
     68      |   -1242.71   |   -663.28    |   -272.68    |   -314.75    |   -566.64    |     218      |  ✅ Success  
     69      |   -1899.57   |   -308.65    |   -426.50    |   -242.08    |   -237.20    |     254      |  ✅ Success  
     70      |   -693.80    |    -18.76    |    -21.16    |    -25.33    |    -20.13    |      19      |  ❌ Failure  
  📊 统计 [Ep 70]: Actor Loss=42.2366, Critic Loss=62.8850, Alpha=0.0564, TD-error=3.2447, Beta=1.0000
     71      |   -9538.73   |   -1471.16   |   -1639.30   |   -1109.63   |   -2241.09   |     1000     | ⏱️  Timeout 
     72      |   -1670.09   |   -166.08    |   -117.39    |   -152.41    |   -103.09    |     132      |  ❌ Failure  
     73      |  -10251.16   |   -1531.88   |   -1812.18   |   -1221.52   |   -1598.98   |     1000     | ⏱️  Timeout 
     74      |   -554.31    |    -4.68     |    -4.56     |    -3.61     |    -4.98     |      7       |  ❌ Failure  
     75      |   -173.74    |   -232.59    |   -186.84    |   -197.35    |   -155.55    |     138      |  ✅ Success  
     76      |    280.61    |   -113.14    |   -173.13    |    -29.10    |   -157.82    |      83      |  ✅ Success  
     77      |   -2758.71   |   -355.20    |   -836.27    |   -309.91    |   -1030.25   |     392      |  ✅ Success  
     78      |  -12525.87   |   -1472.06   |   -1492.20   |   -1723.07   |   -2552.63   |     1000     | ⏱️  Timeout 
     79      |   -1217.32   |    -70.20    |   -136.71    |    -81.75    |    -78.51    |      85      |  ❌ Failure  
     80      |    506.81    |    -49.18    |    -54.52    |    -66.84    |    -43.80    |      55      |  ✅ Success  
  📊 统计 [Ep 80]: Actor Loss=39.5791, Critic Loss=30.1593, Alpha=0.0425, TD-error=2.0378, Beta=1.0000
     81      |   -804.29    |    -36.62    |    -35.81    |    -33.81    |    -51.20    |      33      |  ❌ Failure  
     82      |    774.83    |    -35.96    |    -42.15    |    -24.76    |    -30.53    |      29      |  ✅ Success  
     83      |   -2527.42   |   -513.57    |   -476.36    |   -521.41    |   -860.85    |     379      |  ✅ Success  
     84      |   -2266.43   |   -656.15    |   -572.39    |   -580.41    |   -979.15    |     460      |  ✅ Success  
     85      |   -3770.25   |   -973.67    |   -537.71    |   -745.92    |   -1667.00   |     571      |  ✅ Success  
     86      |   -2908.41   |   -492.00    |   -576.98    |   -746.50    |   -1002.81   |     507      |  ✅ Success  
     87      |    674.15    |    -41.57    |    -42.01    |    -46.20    |    -86.23    |      42      |  ✅ Success  
     88      |   -540.70    |    -2.28     |    -4.36     |    -3.54     |    -4.12     |      5       |  ❌ Failure  
     89      |   -1488.58   |   -610.52    |   -398.87    |   -402.73    |   -529.35    |     296      |  ✅ Success  
     90      |   -1238.23   |    -91.35    |    -65.24    |   -193.11    |    -83.19    |      62      |  ❌ Failure  
  📊 统计 [Ep 90]: Actor Loss=37.9165, Critic Loss=71.7456, Alpha=0.0446, TD-error=3.0638, Beta=1.0000
     91      |    368.22    |   -120.38    |   -113.04    |    -95.49    |    -90.78    |      75      |  ✅ Success  
     92      |   -8900.67   |   -1367.53   |   -1272.55   |   -1069.61   |   -1916.91   |     1000     | ⏱️  Timeout 
     93      |  -12992.82   |   -1527.64   |   -1802.36   |   -1603.09   |   -3185.41   |     1000     | ⏱️  Timeout 
     94      |   -6473.83   |   -2728.80   |   -777.52    |   -978.93    |   -951.62    |     684      |  ✅ Success  
     95      |    -11.06    |   -190.23    |   -119.04    |   -148.56    |   -224.22    |     132      |  ✅ Success  
     96      |   -605.05    |    -5.71     |    -7.07     |    -6.77     |    -18.95    |      12      |  ❌ Failure  
     97      |   -1568.60   |    -97.37    |   -116.71    |    -92.69    |    -71.36    |      99      |  ❌ Failure  
     98      |   -667.33    |    -17.53    |    -19.48    |    -18.63    |    -18.70    |      19      |  ❌ Failure  
     99      |  -10457.67   |   -1222.57   |   -1414.15   |   -2233.68   |   -1430.81   |     1000     | ⏱️  Timeout 
    100      |   -7044.09   |   -1607.35   |   -1389.83   |   -912.60    |   -431.57    |     1000     | ⏱️  Timeout 
  📊 统计 [Ep 100]: Actor Loss=25.8015, Critic Loss=103.7506, Alpha=0.0694, TD-error=4.3775, Beta=1.0000
    101      |   -2318.72   |   -184.65    |   -288.02    |    -78.79    |   -327.51    |     174      |  ❌ Failure  
    102      |   -7093.49   |   -1113.22   |   -1137.12   |   -1269.43   |   -1960.93   |     970      |  ✅ Success  
    103      |   -9626.49   |   -1321.26   |   -1304.71   |   -1416.22   |   -1774.29   |     1000     | ⏱️  Timeout 
    104      |   -7090.05   |   -1197.65   |   -1790.87   |   -1255.12   |   -1234.38   |     1000     | ⏱️  Timeout 
    105      |   -573.06    |    -9.68     |    -6.36     |    -5.74     |    -4.55     |      8       |  ❌ Failure  
    106      |   -1125.60   |    -97.64    |    -89.67    |    -90.05    |   -116.36    |      88      |  ❌ Failure  
    107      |   -2265.55   |   -426.43    |   -265.28    |   -836.94    |   -495.15    |     286      |  ✅ Success  
    108      |   -8498.84   |   -1479.34   |   -1342.63   |   -1215.77   |   -1563.15   |     1000     | ⏱️  Timeout 
    109      |   -240.40    |   -121.25    |   -167.85    |    -98.97    |   -130.80    |     119      |  ✅ Success  
    110      |   -4719.40   |   -762.17    |   -785.23    |   -891.65    |   -739.34    |     510      |  ✅ Success  
  📊 统计 [Ep 110]: Actor Loss=34.2403, Critic Loss=44.3856, Alpha=0.0606, TD-error=2.4854, Beta=1.0000
    111      |   -1052.74   |    -73.35    |    -79.49    |    -41.24    |    -25.28    |      55      |  ❌ Failure  
    112      |   -1004.28   |   -238.94    |   -253.07    |   -264.43    |   -270.75    |     219      |  ✅ Success  
    113      |  -13274.56   |   -2009.83   |   -826.77    |   -3268.23   |   -1839.88   |     1000     | ⏱️  Timeout 
    114      |   -8093.67   |   -1021.69   |   -575.06    |   -981.35    |   -979.46    |     667      |  ✅ Success  
    115      |    689.62    |    -90.57    |    -41.51    |    -65.26    |    -49.92    |      41      |  ✅ Success  
    116      |   -649.66    |    -15.34    |    -18.38    |    -26.43    |    -15.18    |      16      |  ❌ Failure  
    117      |   -1197.60   |   -386.27    |   -233.84    |   -256.16    |   -388.47    |     230      |  ✅ Success  
    118      |    293.85    |   -103.12    |    -85.17    |   -111.73    |   -132.16    |      82      |  ✅ Success  
    119      |   -937.72    |    -46.09    |    -82.05    |    -47.82    |    -73.20    |      49      |  ❌ Failure  
    120      |   -921.41    |    -44.93    |    -52.42    |    -21.72    |    -38.00    |      47      |  ❌ Failure  
  📊 统计 [Ep 120]: Actor Loss=35.5714, Critic Loss=45.8796, Alpha=0.0477, TD-error=2.6408, Beta=1.0000
    121      |   -632.08    |    -12.80    |    -8.03     |    -10.88    |    -17.56    |      14      |  ❌ Failure  
    122      |   -3639.16   |   -1328.72   |   -631.28    |   -600.72    |   -579.09    |     490      |  ✅ Success  
    123      |  -10869.07   |   -1139.14   |   -809.00    |   -539.95    |   -1204.77   |     1000     | ⏱️  Timeout 
    124      |   -810.51    |   -304.22    |   -164.53    |   -141.80    |   -170.14    |     166      |  ✅ Success  
    125      |   -2133.18   |   -161.55    |   -117.09    |    -44.00    |   -447.33    |     186      |  ❌ Failure  
    126      |   -9412.69   |   -1011.67   |   -1124.57   |   -540.64    |   -930.59    |     1000     | ⏱️  Timeout 
    127      |   -7082.03   |   -1518.98   |   -1105.72   |   -608.12    |   -1402.96   |     810      |  ✅ Success  
    128      |   -8690.79   |   -1296.08   |   -811.07    |    -23.81    |   -1009.79   |     906      |  ❌ Failure  
    129      |   -3691.70   |   -588.76    |   -646.61    |   -318.04    |   -399.43    |     441      |  ❌ Failure  
    130      |   -2961.55   |   -657.08    |   -277.22    |   -318.99    |   -561.32    |     452      |  ✅ Success  
  📊 统计 [Ep 130]: Actor Loss=37.5609, Critic Loss=112.0488, Alpha=0.0888, TD-error=4.6590, Beta=1.0000
    131      |   -2597.12   |   -460.25    |   -386.39    |   -479.25    |   -730.67    |     391      |  ✅ Success  
    132      |  -10411.32   |   -1034.91   |   -723.57    |   -806.50    |   -1427.39   |     1000     | ⏱️  Timeout 
    133      |   -4266.88   |   -398.49    |   -641.84    |   -339.72    |   -478.40    |     469      |  ❌ Failure  
    134      |   -5655.15   |   -422.75    |   -351.81    |   -355.29    |   -843.71    |     523      |  ❌ Failure  
    135      |   -4645.39   |   -437.21    |   -390.50    |   -319.36    |   -597.75    |     426      |  ❌ Failure  
    136      |   -5071.16   |   -661.90    |   -784.19    |   -287.21    |   -869.88    |     662      |  ✅ Success  
    137      |   -2801.46   |   -334.19    |   -306.01    |   -339.22    |   -194.78    |     235      |  ❌ Failure  
    138      |   -2112.14   |   -306.93    |   -483.87    |   -452.98    |   -333.30    |     240      |  ✅ Success  
    139      |   -3513.97   |   -244.63    |   -232.06    |    -46.30    |   -486.92    |     338      |  ❌ Failure  
    140      |   -5454.29   |   -720.18    |   -753.30    |   -1054.81   |   -892.91    |     669      |  ✅ Success  
  📊 统计 [Ep 140]: Actor Loss=33.7048, Critic Loss=78.0042, Alpha=0.0718, TD-error=3.4921, Beta=1.0000
    141      |   -2645.90   |   -247.58    |   -228.53    |   -192.71    |   -290.78    |     214      |  ❌ Failure  
    142      |   -2128.52   |   -114.54    |   -187.05    |   -137.91    |   -141.51    |     173      |  ❌ Failure  
    143      |   -564.76    |    -7.80     |    -8.36     |    -4.55     |    -6.51     |      8       |  ❌ Failure  
    144      |   -9782.01   |   -1448.15   |   -1440.87   |   -1731.80   |   -1534.92   |     1000     | ⏱️  Timeout 
    145      |  -12532.08   |   -1371.61   |   -1288.11   |   -1421.51   |   -1360.47   |     1000     | ⏱️  Timeout 
    146      |   -2530.06   |   -241.90    |   -208.47    |   -167.88    |   -154.47    |     254      |  ❌ Failure  
    147      |   -2648.21   |   -346.02    |   -321.37    |   -333.87    |   -484.14    |     379      |  ✅ Success  
    148      |  -10295.05   |   -991.27    |   -889.43    |   -673.60    |   -1214.41   |     1000     | ⏱️  Timeout 
    149      |   -3437.08   |   -374.27    |   -321.27    |   -185.98    |   -206.71    |     332      |  ❌ Failure  
    150      |   -2191.02   |   -250.07    |   -169.87    |    -58.88    |   -182.35    |     190      |  ❌ Failure  
  📊 统计 [Ep 150]: Actor Loss=37.4223, Critic Loss=90.7289, Alpha=0.0767, TD-error=3.9289, Beta=1.0000
    151      |  -12901.77   |   -1482.70   |   -911.29    |   -973.54    |   -1611.10   |     1000     | ⏱️  Timeout 
    152      |   -7626.49   |   -1049.48   |   -1153.51   |   -659.09    |   -1052.55   |     1000     | ⏱️  Timeout 
    153      |   -4395.47   |   -827.20    |   -804.57    |   -539.14    |   -930.54    |     688      |  ✅ Success  
    154      |   -5035.51   |   -427.99    |   -380.23    |   -724.17    |   -447.65    |     387      |  ❌ Failure  
    155      |   -4516.82   |   -737.54    |   -741.61    |   -488.18    |   -509.16    |     708      |  ✅ Success  
    156      |   -8762.01   |   -887.54    |   -956.94    |   -463.15    |   -568.14    |     1000     | ⏱️  Timeout 
    157      |   -9497.36   |   -1287.59   |   -1439.40   |   -802.09    |   -1345.59   |     1000     | ⏱️  Timeout 
    158      |  -10021.75   |   -871.94    |   -1291.94   |   -216.91    |   -883.87    |     1000     | ⏱️  Timeout 
    159      |  -12387.39   |   -1275.94   |   -1184.25   |   -794.58    |   -1142.60   |     1000     | ⏱️  Timeout 
    160      |  -11425.24   |   -995.48    |   -1087.49   |   -580.16    |   -1138.34   |     1000     | ⏱️  Timeout 
  📊 统计 [Ep 160]: Actor Loss=33.4104, Critic Loss=27.0857, Alpha=0.0583, TD-error=2.0126, Beta=1.0000
    161      |   -6330.11   |   -955.08    |   -683.65    |   -1369.22   |   -997.67    |     824      |  ✅ Success  
    162      |   -8774.12   |   -1241.43   |   -1232.34   |   -914.81    |   -1070.35   |     1000     | ⏱️  Timeout 
    163      |   -668.42    |    -9.27     |    -9.80     |    -9.74     |    -12.44    |      21      |  ❌ Failure  
    164      |   -3409.76   |   -273.78    |   -359.05    |   -144.64    |   -227.33    |     334      |  ❌ Failure  
    165      |   -2686.53   |   -533.86    |   -600.83    |   -387.14    |   -839.60    |     488      |  ✅ Success  
    166      |   -3821.88   |   -577.87    |   -465.79    |   -345.18    |   -506.16    |     505      |  ✅ Success  
    167      |   -617.57    |    -15.59    |    -11.03    |    -23.77    |    -9.51     |      17      |  ❌ Failure  
    168      |  -11425.34   |   -1335.68   |   -909.80    |   -1070.35   |   -1182.43   |     1000     | ⏱️  Timeout 
    169      |  -10555.99   |   -1297.41   |   -1446.74   |   -1122.65   |   -1860.15   |     1000     | ⏱️  Timeout 
    170      |   -850.13    |    -32.07    |    -26.07    |    -28.60    |    -39.69    |      45      |  ❌ Failure  
  📊 统计 [Ep 170]: Actor Loss=34.9102, Critic Loss=37.4211, Alpha=0.0653, TD-error=2.0776, Beta=1.0000
    171      |   -731.45    |    -35.50    |    -29.38    |    -25.10    |    -15.93    |      28      |  ❌ Failure  
    172      |   -720.61    |   -286.59    |   -209.89    |   -140.99    |   -243.29    |     232      |  ✅ Success  
    173      |   -9863.90   |   -1013.82   |   -1122.29   |   -934.00    |   -990.19    |     1000     | ⏱️  Timeout 
    174      |   -5185.70   |   -1178.54   |   -592.41    |   -550.14    |   -524.65    |     742      |  ✅ Success  
    175      |  -11219.27   |   -1043.75   |   -1030.06   |   -864.76    |   -1187.33   |     1000     | ⏱️  Timeout 
    176      |   -4746.36   |   -764.85    |   -970.61    |   -802.12    |   -740.19    |     664      |  ✅ Success  
    177      |   -672.06    |   -291.23    |   -317.97    |   -184.58    |   -164.70    |     183      |  ✅ Success  
    178      |   -1211.50   |    -83.93    |    -94.97    |    -82.56    |    -52.22    |      76      |  ❌ Failure  
    179      |   -7157.24   |   -1108.78   |   -2712.19   |   -1562.94   |   -1049.93   |     839      |  ✅ Success  
    180      |   -6823.99   |   -917.15    |   -1062.77   |   -646.57    |   -1004.95   |     1000     | ⏱️  Timeout 
  📊 统计 [Ep 180]: Actor Loss=35.0936, Critic Loss=47.2048, Alpha=0.0691, TD-error=2.7010, Beta=1.0000
    181      |   -8790.45   |   -1970.12   |   -1044.59   |   -1119.57   |   -1264.36   |     1000     | ⏱️  Timeout 
    182      |    534.20    |    -72.12    |    -61.84    |    -81.07    |   -115.48    |      68      |  ✅ Success  
    183      |   -1496.22   |   -227.91    |   -249.04    |   -115.56    |   -365.38    |     307      |  ✅ Success  
    184      |   -5957.87   |   -1021.92   |   -1023.51   |   -691.81    |   -1215.57   |     812      |  ✅ Success  
    185      |   -6770.15   |   -1132.57   |   -900.25    |   -627.91    |   -773.87    |     1000     | ⏱️  Timeout 
    186      |    786.46    |    -16.68    |    -25.20    |    -40.66    |    -34.48    |      28      |  ✅ Success  
    187      |   -976.99    |   -295.83    |   -302.09    |   -755.90    |   -424.17    |     266      |  ✅ Success  
    188      |   -7589.45   |   -702.96    |   -522.79    |   -306.27    |   -551.40    |     1000     | ⏱️  Timeout 
    189      |   -7673.97   |   -741.84    |   -631.60    |   -377.83    |   -191.47    |     1000     | ⏱️  Timeout 
    190      |   -8182.04   |   -970.60    |   -776.95    |   -584.30    |   -740.95    |     1000     | ⏱️  Timeout 
  📊 统计 [Ep 190]: Actor Loss=30.1972, Critic Loss=35.5768, Alpha=0.0652, TD-error=2.0749, Beta=1.0000
    191      |    842.52    |    -22.00    |    -22.62    |    -25.42    |    -30.47    |      24      |  ✅ Success  
    192      |    816.63    |    -23.61    |    -25.19    |    -32.61    |    -38.53    |      26      |  ✅ Success  
    193      |   -7312.41   |   -1059.74   |   -642.29    |   -424.31    |   -967.13    |     1000     | ⏱️  Timeout 
    194      |    517.79    |    -91.46    |    -85.43    |    -60.58    |    -50.88    |      64      |  ✅ Success  
    195      |   -547.10    |    -4.87     |    -4.52     |    -4.29     |    -2.92     |      6       |  ❌ Failure  
    196      |    312.69    |   -134.06    |    -65.03    |    -82.33    |   -107.14    |      81      |  ✅ Success  
    197      |   -5756.67   |   -746.85    |   -688.88    |    104.64    |   -141.11    |     1000     | ⏱️  Timeout 
    198      |    370.22    |    -81.09    |    -79.99    |   -117.49    |   -102.30    |     108      |  ✅ Success  
    199      |   -1906.08   |   -269.40    |   -371.02    |    -54.65    |   -119.01    |     480      |  ✅ Success  
    200      |   -7106.39   |   -1200.15   |   -1056.84   |   -1183.11   |   -1638.84   |     1000     | ⏱️  Timeout 
  📊 统计 [Ep 200]: Actor Loss=25.8728, Critic Loss=50.0532, Alpha=0.0663, TD-error=2.5300, Beta=1.0000
    201      |   -6975.15   |   -393.95    |   -552.00    |   -218.93    |   -593.03    |     989      |  ✅ Success  
    202      |   -891.23    |   -288.65    |   -180.37    |   -112.37    |   -278.87    |     246      |  ✅ Success  
    203      |   -9588.09   |   -1313.68   |   -740.83    |   -255.47    |   -644.89    |     1000     | ⏱️  Timeout 
    204      |   -3692.99   |   -591.26    |   -467.94    |    -52.67    |   -195.95    |     593      |  ✅ Success  
    205      |   -2368.28   |   -559.53    |   -326.67    |   -243.35    |   -293.75    |     535      |  ✅ Success  
    206      |   -7245.42   |   -1115.32   |   -1037.85   |   -989.92    |   -895.16    |     1000     | ⏱️  Timeout 
    207      |   -4953.71   |   -448.92    |   -613.44    |    -64.30    |    -79.23    |     557      |  ❌ Failure  
    208      |   -6076.08   |   -537.95    |   -1077.97   |    53.04     |    -75.43    |     1000     | ⏱️  Timeout 
    209      |   -4659.53   |   -368.53    |   -1442.31   |    17.21     |   -184.99    |     487      |  ❌ Failure  
    210      |   -5646.89   |   -849.65    |   -625.12    |   -1373.96   |   -909.84    |     808      |  ✅ Success  
  📊 统计 [Ep 210]: Actor Loss=25.2051, Critic Loss=34.6049, Alpha=0.0603, TD-error=2.0797, Beta=1.0000
    211      |   -7612.28   |   -334.16    |   -563.24    |   -339.14    |   -237.69    |     1000     | ⏱️  Timeout 
    212      |   -5372.36   |   -397.10    |   -268.80    |    151.13    |    -96.85    |     1000     | ⏱️  Timeout 
    213      |   -4699.13   |    -83.55    |   -817.67    |    42.54     |   -106.10    |     1000     | ⏱️  Timeout 
    214      |    593.35    |    -36.36    |    -68.57    |    -33.99    |    -55.48    |      46      |  ✅ Success  
    215      |    594.79    |    -59.53    |    -40.50    |    -36.30    |    -54.29    |      47      |  ✅ Success  
    216      |    408.32    |   -111.92    |    -85.35    |    -67.57    |    -81.39    |      93      |  ✅ Success  
    217      |   -3821.03   |   -118.99    |   -553.31    |    -46.37    |    -26.72    |     483      |  ❌ Failure  
    218      |   -6705.80   |   -644.30    |   -142.09    |    36.46     |   -742.35    |     796      |  ❌ Failure  
    219      |    550.61    |    -63.45    |    -59.99    |    -87.29    |    -62.33    |      63      |  ✅ Success  
    220      |   -5354.32   |   -177.17    |   -333.07    |    190.65    |    -86.73    |     1000     | ⏱️  Timeout 
  📊 统计 [Ep 220]: Actor Loss=21.0554, Critic Loss=50.6882, Alpha=0.0649, TD-error=2.3538, Beta=1.0000
    221      |   -650.77    |   -181.60    |   -329.10    |   -157.78    |   -159.49    |     200      |  ✅ Success  
    222      |   -5520.22   |   -180.18    |   -476.23    |    -75.94    |   -188.43    |     1000     | ⏱️  Timeout 
    223      |   -2165.83   |   -205.66    |   -332.96    |    -72.25    |    -21.90    |     218      |  ❌ Failure  
    224      |   -3593.42   |    -95.15    |   -265.89    |    -97.18    |    -63.97    |     467      |  ❌ Failure  
    225      |   -5655.56   |   -197.07    |   -244.04    |    -42.45    |    -34.41    |     1000     | ⏱️  Timeout 
    226      |   -4448.07   |   -1008.16   |   -837.21    |   -689.82    |   -844.19    |     716      |  ✅ Success  
    227      |   -6725.75   |   -128.09    |   -440.77    |    26.04     |   -141.98    |     1000     | ⏱️  Timeout 
    228      |   -5742.72   |   -289.14    |   -397.34    |   -117.11    |   -103.31    |     935      |  ❌ Failure  
    229      |   -2217.21   |   -583.28    |   -341.77    |   -606.88    |   -418.03    |     396      |  ✅ Success  
    230      |   -3628.75   |   -271.15    |   -633.43    |   -566.51    |   -346.87    |     281      |  ❌ Failure  
  📊 统计 [Ep 230]: Actor Loss=23.0878, Critic Loss=26.7111, Alpha=0.0626, TD-error=1.7909, Beta=1.0000
    231      |   -942.77    |    -33.05    |    -44.13    |    -48.39    |    -46.91    |      55      |  ❌ Failure  
    232      |   -1339.89   |    -61.43    |    -43.59    |   -152.29    |    -63.15    |      83      |  ❌ Failure  
    233      |  -11136.47   |   -1304.69   |   -1079.51   |   -1607.03   |   -1195.82   |     1000     | ⏱️  Timeout 
    234      |   -7846.63   |   -311.44    |   -421.64    |   -116.02    |   -337.38    |     1000     | ⏱️  Timeout 
    235      |   -4642.95   |   -105.94    |   -465.81    |   -226.36    |   -117.97    |     536      |  ❌ Failure  
    236      |   -5780.77   |   -106.23    |   -352.68    |    -67.42    |   -577.22    |     1000     | ⏱️  Timeout 
    237      |   -3486.52   |   -219.80    |    74.14     |    -57.78    |    46.66     |     529      |  ❌ Failure  
    238      |   -444.31    |   -166.79    |   -185.38    |   -133.46    |   -131.48    |     157      |  ✅ Success  
    239      |   -5065.33   |    -70.98    |    89.70     |    178.37    |    126.38    |     1000     | ⏱️  Timeout 
    240      |   -1314.41   |    -53.86    |    -67.75    |   -132.52    |   -136.68    |      72      |  ❌ Failure  
  📊 统计 [Ep 240]: Actor Loss=23.1806, Critic Loss=17.4503, Alpha=0.0693, TD-error=1.6267, Beta=1.0000
    241      |   -598.48    |    -6.67     |    -10.40    |    -11.65    |    -7.91     |      11      |  ❌ Failure  
    242      |   -6166.61   |   -904.64    |   -992.89    |   -1971.50   |   -680.64    |     949      |  ✅ Success  
    243      |   -2390.25   |   -126.53    |   -281.89    |   -521.80    |   -118.27    |     252      |  ❌ Failure  
    244      |   -473.62    |   -293.42    |   -192.59    |   -148.05    |   -221.57    |     169      |  ✅ Success  
    245      |   -615.64    |   -496.68    |   -194.21    |   -264.79    |   -144.61    |     156      |  ✅ Success  
    246      |   -6931.54   |    -99.86    |   -776.61    |    -53.23    |    -41.83    |     1000     | ⏱️  Timeout 
    247      |   -1286.04   |   -224.79    |   -361.75    |   -495.70    |   -246.72    |     359      |  ✅ Success  
    248      |   -9104.22   |   -1261.43   |   -1242.86   |   -2001.18   |   -2194.19   |     1000     | ⏱️  Timeout 
    249      |   -232.22    |   -254.43    |   -215.62    |   -343.88    |   -197.45    |     160      |  ✅ Success  
    250      |   -1895.54   |   -323.39    |   -237.90    |   -285.85    |   -653.32    |     436      |  ✅ Success  
  📊 统计 [Ep 250]: Actor Loss=24.3620, Critic Loss=14.6153, Alpha=0.0719, TD-error=1.5073, Beta=1.0000
    251      |   -675.74    |    -12.43    |    -20.73    |    -12.79    |    -15.89    |      21      |  ❌ Failure  
    252      |   -7810.43   |   -383.13    |   -782.13    |   -312.71    |   -255.80    |     1000     | ⏱️  Timeout 
    253      |   -5071.36   |    72.44     |    -26.21    |    222.49    |   -778.34    |     1000     | ⏱️  Timeout 
    254      |   -8256.02   |   -801.40    |   -868.11    |    -23.83    |   -533.56    |     1000     | ⏱️  Timeout 
    255      |   -6299.05   |   -133.02    |   -719.20    |    199.04    |    181.23    |     1000     | ⏱️  Timeout 
    256      |  -12712.69   |   -766.52    |   -1107.01   |   -782.41    |   -1472.33   |     1000     | ⏱️  Timeout 
    257      |   -5567.30   |    -17.28    |   -145.05    |    233.15    |    150.67    |     1000     | ⏱️  Timeout 
    258      |   -5659.34   |   -434.34    |   -619.09    |    97.28     |    241.02    |     1000     | ⏱️  Timeout 
    259      |   -5623.15   |    128.18    |   -1033.16   |    236.82    |    210.15    |     1000     | ⏱️  Timeout 
    260      |   -1317.38   |    -45.57    |    -93.55    |    -90.37    |   -113.75    |      87      |  ❌ Failure  
  📊 统计 [Ep 260]: Actor Loss=23.8388, Critic Loss=13.5957, Alpha=0.0762, TD-error=1.5985, Beta=1.0000
    261      |   -7795.54   |   -300.88    |   -891.84    |   -252.33    |    -31.47    |     1000     | ⏱️  Timeout 
    262      |   -6369.99   |   -214.38    |   -291.01    |   -246.73    |    -91.11    |     1000     | ⏱️  Timeout 
    263      |   -5350.05   |    -89.15    |    150.31    |    117.06    |    -39.11    |     1000     | ⏱️  Timeout 
    264      |   -5332.26   |   -105.20    |    16.66     |    341.91    |    290.67    |     1000     | ⏱️  Timeout 
    265      |    639.78    |    -67.69    |    -28.79    |    -37.53    |    -60.03    |      45      |  ✅ Success  
    266      |   -4471.33   |     2.52     |    178.83    |    282.44    |    213.25    |     1000     | ⏱️  Timeout 
    267      |   -5235.05   |    46.27     |     3.66     |    294.12    |    120.26    |     1000     | ⏱️  Timeout 
    268      |   -7779.13   |   -586.17    |   -469.65    |   -400.78    |   -426.56    |     1000     | ⏱️  Timeout 
    269      |   -3438.75   |    -13.43    |    -44.22    |   -388.26    |    119.28    |     410      |  ❌ Failure  
    270      |   -5491.90   |     2.81     |    117.34    |    208.81    |    177.40    |     1000     | ⏱️  Timeout 
  📊 统计 [Ep 270]: Actor Loss=20.8888, Critic Loss=9.6483, Alpha=0.0732, TD-error=1.2919, Beta=1.0000
    271      |   -6690.74   |    60.24     |   -765.22    |    10.84     |    373.43    |     1000     | ⏱️  Timeout 
    272      |   -5177.48   |    -63.54    |    129.74    |    221.22    |    136.77    |     1000     | ⏱️  Timeout 
    273      |   -906.40    |    -49.08    |    -11.42    |    -42.71    |    -16.84    |      53      |  ❌ Failure  
    274      |   -6360.96   |   -765.75    |    -67.09    |    308.14    |    303.64    |     1000     | ⏱️  Timeout 
    275      |   -5632.36   |    75.25     |    31.25     |    299.19    |    361.21    |     1000     | ⏱️  Timeout 
    276      |   -6423.29   |   -412.84    |   -231.80    |    344.96    |    330.05    |     1000     | ⏱️  Timeout 
    277      |   -6014.42   |    -48.90    |    -78.88    |    56.39     |    145.51    |     1000     | ⏱️  Timeout 
    278      |   -6131.05   |    17.50     |    20.36     |    -47.10    |   -156.04    |     1000     | ⏱️  Timeout 
    279      |   -4888.67   |    235.99    |    191.37    |    395.92    |    334.59    |     1000     | ⏱️  Timeout 
    280      |   -586.67    |    -5.44     |    -8.84     |    -8.69     |    -5.80     |      9       |  ❌ Failure  
  📊 统计 [Ep 280]: Actor Loss=17.7051, Critic Loss=3.5522, Alpha=0.0763, TD-error=1.1021, Beta=1.0000
    281      |   -6212.92   |    83.00     |    -2.04     |    227.41    |    264.85    |     1000     | ⏱️  Timeout 
    282      |   -4127.46   |    312.13    |    250.36    |    289.82    |    268.43    |     1000     | ⏱️  Timeout 
    283      |   -6999.75   |   -799.97    |   -173.14    |    180.78    |    135.50    |     1000     | ⏱️  Timeout 
    284      |   -6024.13   |   -744.00    |    334.04    |    424.46    |    246.47    |     1000     | ⏱️  Timeout 
    285      |   -4898.31   |    63.18     |    64.38     |    291.04    |    98.32     |     1000     | ⏱️  Timeout 
    286      |   -4036.50   |    218.82    |    172.48    |    247.48    |    216.94    |     1000     | ⏱️  Timeout 
    287      |   -4918.94   |    237.41    |    155.91    |    370.40    |    177.74    |     1000     | ⏱️  Timeout 
    288      |  -10520.07   |   -2477.53   |   -1294.62   |   -919.36    |   -733.21    |     1000     | ⏱️  Timeout 
    289      |    528.46    |    -79.53    |    -98.99    |    -56.85    |    -46.15    |      54      |  ✅ Success  
    290      |   -5054.28   |    189.29    |    -0.68     |    183.06    |    -10.31    |     1000     | ⏱️  Timeout 
  📊 统计 [Ep 290]: Actor Loss=17.2347, Critic Loss=3.9721, Alpha=0.0719, TD-error=1.0672, Beta=1.0000
    291      |   -7070.17   |   -1115.33   |   -665.81    |   -420.23    |   -670.08    |     986      |  ✅ Success  
    292      |   -6157.74   |   -711.85    |    -26.76    |    340.51    |    240.77    |     1000     | ⏱️  Timeout 
    293      |   -6219.78   |   -734.56    |    -82.97    |    376.77    |    147.13    |     1000     | ⏱️  Timeout 
    294      |   -9336.68   |   -1293.63   |   -749.61    |   -1610.23   |   -573.49    |     1000     | ⏱️  Timeout 
    295      |   -4754.35   |    280.11    |    90.58     |    272.78    |    172.06    |     1000     | ⏱️  Timeout 
    296      |   -5464.30   |    -34.70    |   -305.23    |    92.41     |   -158.56    |     1000     | ⏱️  Timeout 
    297      |   -862.01    |    -9.42     |    -5.79     |    -16.70    |    -42.58    |      56      |  ❌ Failure  
    298      |   -708.83    |    -16.31    |    -34.75    |    -39.94    |    -21.19    |      23      |  ❌ Failure  
    299      |   -947.40    |    -47.06    |    -25.49    |    -65.95    |    -19.46    |      45      |  ❌ Failure  
    300      |   -4299.82   |    172.32    |    268.45    |    254.20    |    187.46    |     1000     | ⏱️  Timeout 
  📊 统计 [Ep 300]: Actor Loss=18.0302, Critic Loss=6.5451, Alpha=0.0637, TD-error=1.1335, Beta=1.0000
    301      |   -6348.14   |   -707.06    |    -74.60    |    248.69    |    -47.44    |     1000     | ⏱️  Timeout 
    302      |   -6928.50   |   -749.51    |    -75.68    |    -35.38    |    -35.23    |     1000     | ⏱️  Timeout 
    303      |   -5140.84   |   -768.15    |    228.73    |    256.17    |    28.00     |     1000     | ⏱️  Timeout 
    304      |   -581.24    |    -8.68     |    -5.92     |    -7.06     |    -7.13     |      10      |  ❌ Failure  
    305      |   -1281.49   |    -36.18    |    -59.58    |   -127.17    |    -97.96    |      88      |  ❌ Failure  
    306      |   -6176.35   |   -742.32    |    179.72    |    -50.73    |     6.62     |     1000     | ⏱️  Timeout 
    307      |   -6981.84   |   -450.53    |   -216.35    |   -380.42    |   -154.97    |     1000     | ⏱️  Timeout 
    308      |   -8111.03   |   -654.06    |   -463.32    |   -784.64    |   -576.02    |     1000     | ⏱️  Timeout 
    309      |   -5202.98   |    226.84    |    95.41     |    288.62    |     8.57     |     1000     | ⏱️  Timeout 
    310      |   -6363.88   |    76.29     |    47.07     |    -59.14    |   -138.01    |     1000     | ⏱️  Timeout 
  📊 统计 [Ep 310]: Actor Loss=20.2660, Critic Loss=4.3143, Alpha=0.0693, TD-error=1.0919, Beta=1.0000
    311      |   -5661.00   |   -677.65    |    49.04     |    342.96    |    -34.18    |     1000     | ⏱️  Timeout 
    312      |   -5381.89   |    284.76    |    10.93     |     1.74     |    205.13    |     1000     | ⏱️  Timeout 
    313      |   -7194.35   |   -787.17    |    -35.95    |    109.22    |   -182.91    |     1000     | ⏱️  Timeout 
    314      |  -11179.51   |   -1592.10   |   -2360.89   |   -2156.04   |   -2070.16   |     1000     | ⏱️  Timeout 
    315      |   -6422.32   |   -767.99    |    298.27    |    163.67    |   -242.50    |     1000     | ⏱️  Timeout 
    316      |   -6002.64   |    49.23     |   -398.12    |    98.36     |    -35.83    |     1000     | ⏱️  Timeout 
    317      |   -5864.81   |    16.71     |    106.31    |    169.29    |   -188.85    |     1000     | ⏱️  Timeout 
    318      |   -6665.23   |    179.93    |    143.29    |   -1171.98   |    223.16    |     1000     | ⏱️  Timeout 
    319      |   -5641.73   |    160.03    |    -97.35    |    294.35    |    185.62    |     1000     | ⏱️  Timeout 
    320      |   -4642.30   |   -223.59    |    290.56    |    115.20    |    320.61    |     1000     | ⏱️  Timeout 
  📊 统计 [Ep 320]: Actor Loss=19.7412, Critic Loss=2.8741, Alpha=0.0707, TD-error=1.0089, Beta=1.0000
    321      |   -5064.07   |   -612.39    |    210.33    |    297.41    |    318.47    |     1000     | ⏱️  Timeout 
    322      |   -3747.15   |    186.83    |    160.92    |    174.15    |    299.50    |     1000     | ⏱️  Timeout 
    323      |   -5586.00   |    230.63    |   -234.55    |    188.76    |    91.79     |     1000     | ⏱️  Timeout 
    324      |   -5650.31   |   -709.61    |    240.09    |    289.88    |    215.33    |     1000     | ⏱️  Timeout 
    325      |   -4633.93   |    140.20    |    -38.88    |    263.34    |    391.12    |     1000     | ⏱️  Timeout 
    326      |   -5145.52   |   -774.64    |    328.42    |    270.31    |    138.64    |     1000     | ⏱️  Timeout 
    327      |   -5945.76   |    155.44    |   -979.74    |    222.70    |   -136.72    |     1000     | ⏱️  Timeout 
    328      |   -5254.80   |    190.97    |    83.63     |    354.71    |    321.32    |     1000     | ⏱️  Timeout 
    329      |   -7868.71   |   -1389.90   |   -207.66    |   -125.56    |   -195.30    |     1000     | ⏱️  Timeout 
    330      |   -4538.08   |    66.97     |    128.34    |    244.50    |    199.56    |     919      |  ❌ Failure  
  📊 统计 [Ep 330]: Actor Loss=17.5175, Critic Loss=1.3989, Alpha=0.0632, TD-error=0.9093, Beta=1.0000
    331      |   -4850.41   |    175.54    |    10.55     |    114.60    |    -4.85     |     1000     | ⏱️  Timeout 
    332      |   -4835.93   |   -699.40    |    202.87    |    252.92    |    333.10    |     1000     | ⏱️  Timeout 
    333      |   -3905.89   |    75.34     |    108.93    |    113.52    |    203.11    |     1000     | ⏱️  Timeout 
    334      |   -5878.71   |    179.19    |   -615.02    |    -90.09    |    178.27    |     1000     | ⏱️  Timeout 
    335      |   -4100.82   |    231.59    |    95.26     |    227.31    |    356.22    |     1000     | ⏱️  Timeout 
    336      |   -5540.75   |    64.69     |   -298.90    |    35.73     |    217.81    |     1000     | ⏱️  Timeout 
    337      |   -6062.00   |   -892.78    |    67.72     |    291.80    |   -271.93    |     1000     | ⏱️  Timeout 
    338      |   -5269.54   |   -918.32    |    232.94    |    154.17    |    222.70    |     1000     | ⏱️  Timeout 
    339      |   -4858.25   |    105.77    |    251.43    |    41.94     |    288.90    |     1000     | ⏱️  Timeout 
    340      |   -5288.25   |   -930.53    |    327.95    |    270.81    |    322.33    |     1000     | ⏱️  Timeout 
  📊 统计 [Ep 340]: Actor Loss=15.4483, Critic Loss=2.5454, Alpha=0.0675, TD-error=0.9804, Beta=1.0000
    341      |   -4434.18   |    288.07    |    142.44    |    219.90    |    278.37    |     1000     | ⏱️  Timeout 
    342      |   -4464.39   |    136.53    |    400.98    |    137.73    |    250.32    |     1000     | ⏱️  Timeout 
    343      |   -5211.91   |   -788.50    |    359.37    |    200.67    |    147.80    |     1000     | ⏱️  Timeout 
    344      |   -5785.43   |    138.46    |    11.77     |   -533.78    |    181.43    |     1000     | ⏱️  Timeout 
    345      |   -5027.12   |    148.16    |    168.85    |    221.42    |    312.92    |     1000     | ⏱️  Timeout 
    346      |   -5363.26   |   -758.58    |    142.01    |    97.76     |    304.30    |     1000     | ⏱️  Timeout 
    347      |   -638.78    |    -13.24    |    -9.16     |    -8.64     |    -20.99    |      17      |  ❌ Failure  
    348      |   -4560.55   |    227.78    |   -198.58    |    346.43    |    250.80    |     1000     | ⏱️  Timeout 
    349      |   -7044.53   |   -273.93    |   -230.73    |   -258.85    |   -237.06    |     1000     | ⏱️  Timeout 
    350      |   -4289.84   |    -8.66     |    220.50    |    307.17    |    218.29    |     1000     | ⏱️  Timeout 
  📊 统计 [Ep 350]: Actor Loss=16.0227, Critic Loss=3.2719, Alpha=0.0726, TD-error=1.0296, Beta=1.0000
    351      |   -538.09    |    -4.32     |    -2.62     |    -3.67     |    -4.02     |      5       |  ❌ Failure  
    352      |   -5284.68   |    81.37     |    166.67    |    334.94    |    200.24    |     1000     | ⏱️  Timeout 
    353      |   -5398.47   |   -758.75    |    73.31     |    338.80    |    199.71    |     1000     | ⏱️  Timeout 
    354      |   -5198.02   |   -903.25    |    212.64    |    341.84    |    180.93    |     1000     | ⏱️  Timeout 
    355      |   -5503.79   |   -694.27    |   -410.91    |    193.85    |   -235.78    |     1000     | ⏱️  Timeout 
    356      |   -6379.31   |   -1243.45   |    182.63    |    119.27    |    164.40    |     1000     | ⏱️  Timeout 
    357      |   -6551.36   |   -900.49    |   -482.21    |    121.37    |    316.74    |     1000     | ⏱️  Timeout 
    358      |   -5425.86   |   -894.52    |    366.09    |    127.78    |   -157.14    |     1000     | ⏱️  Timeout 
    359      |   -4680.69   |   -517.76    |    227.66    |    280.41    |    224.32    |     1000     | ⏱️  Timeout 
    360      |   -6159.78   |   -800.92    |    237.65    |    296.67    |    201.71    |     1000     | ⏱️  Timeout 
  📊 统计 [Ep 360]: Actor Loss=16.3322, Critic Loss=2.4485, Alpha=0.0705, TD-error=0.9868, Beta=1.0000
    361      |   -3936.56   |    226.08    |    158.38    |    339.35    |    290.00    |     1000     | ⏱️  Timeout 
    362      |   -4959.68   |    -84.71    |    257.91    |    331.83    |    333.95    |     1000     | ⏱️  Timeout 
    363      |   -4919.56   |    81.33     |   -227.45    |    90.42     |    92.92     |     1000     | ⏱️  Timeout 
    364      |   -4610.94   |    191.31    |    118.25    |    192.45    |    266.07    |     1000     | ⏱️  Timeout 
    365      |   -5278.84   |    255.85    |    283.61    |    -49.53    |    105.20    |     1000     | ⏱️  Timeout 
    366      |   -4464.13   |    340.23    |    230.92    |    326.96    |    346.47    |     1000     | ⏱️  Timeout 
    367      |   -3983.27   |    187.02    |    198.68    |    242.66    |    288.15    |     1000     | ⏱️  Timeout 
    368      |   -5974.21   |   -864.11    |    198.35    |    318.54    |    249.77    |     1000     | ⏱️  Timeout 
    369      |   -6095.89   |    150.79    |   -1374.02   |    221.76    |    320.54    |     1000     | ⏱️  Timeout 
    370      |  -11537.51   |   -486.92    |   -927.25    |   -2500.68   |   -726.72    |     1000     | ⏱️  Timeout 
  📊 统计 [Ep 370]: Actor Loss=16.3934, Critic Loss=2.1299, Alpha=0.0657, TD-error=0.9618, Beta=1.0000
    371      |   -5171.12   |    131.92    |   -435.81    |    410.73    |    114.72    |     1000     | ⏱️  Timeout 
    372      |   -5112.60   |    131.47    |    145.22    |    320.87    |    264.64    |     1000     | ⏱️  Timeout 
    373      |   -4771.16   |    163.66    |    50.80     |    403.34    |    232.88    |     1000     | ⏱️  Timeout 
    374      |   -9598.29   |   -854.81    |   -859.58    |    69.66     |   -1853.37   |     1000     | ⏱️  Timeout 
    375      |   -1906.42   |    -33.54    |    -91.85    |    14.99     |    14.03     |     247      |  ❌ Failure  
    376      |   -541.66    |    -4.36     |    -3.29     |    -2.93     |    -4.00     |      5       |  ❌ Failure  
    377      |   -5200.93   |    254.01    |    31.68     |    340.20    |    -98.12    |     1000     | ⏱️  Timeout 
    378      |   -5725.65   |   -1038.57   |    58.52     |    194.77    |    111.30    |     1000     | ⏱️  Timeout 
    379      |   -5072.98   |    130.46    |    301.66    |   -137.15    |    265.54    |     1000     | ⏱️  Timeout 
    380      |   -6105.54   |   -150.21    |   -285.76    |    206.47    |    47.01     |     1000     | ⏱️  Timeout 
  📊 统计 [Ep 380]: Actor Loss=16.5753, Critic Loss=1.7169, Alpha=0.0717, TD-error=0.9393, Beta=1.0000
    381      |   -4825.22   |   -828.37    |    220.42    |    -39.96    |    263.02    |     1000     | ⏱️  Timeout 
    382      |   -6165.04   |    154.87    |   -310.53    |    -21.98    |    114.22    |     1000     | ⏱️  Timeout 
    383      |   -6065.78   |   -581.86    |    157.11    |    342.90    |    157.73    |     1000     | ⏱️  Timeout 
    384      |   -5783.90   |    220.54    |     4.33     |    331.85    |    135.50    |     1000     | ⏱️  Timeout 
    385      |   -5410.40   |    101.39    |    40.32     |    302.24    |    193.83    |     1000     | ⏱️  Timeout 
    386      |   -6030.49   |   -840.73    |    252.58    |    205.86    |    185.46    |     1000     | ⏱️  Timeout 
    387      |   -3995.92   |    192.71    |    77.12     |    167.28    |    248.50    |     1000     | ⏱️  Timeout 
    388      |   -1720.65   |     1.71     |    35.96     |   -256.90    |    36.60     |     196      |  ❌ Failure  
    389      |   -5146.29   |    158.35    |    251.02    |    89.82     |    281.50    |     1000     | ⏱️  Timeout 
    390      |   -5611.52   |    117.18    |   -100.64    |    293.60    |    303.22    |     1000     | ⏱️  Timeout 
  📊 统计 [Ep 390]: Actor Loss=17.8111, Critic Loss=2.3580, Alpha=0.0726, TD-error=1.0135, Beta=1.0000
    391      |   -3890.31   |    191.95    |    184.07    |    203.04    |    356.60    |     1000     | ⏱️  Timeout 
    392      |   -5077.61   |    38.05     |    219.04    |    119.67    |    135.68    |     1000     | ⏱️  Timeout 
    393      |   -6368.79   |   -181.33    |    132.82    |   -141.96    |    149.35    |     1000     | ⏱️  Timeout 
    394      |   -5260.30   |    50.49     |    122.73    |    156.78    |    287.13    |     1000     | ⏱️  Timeout 
    395      |   -3052.53   |    -50.37    |   -111.13    |   -635.67    |   -133.34    |     384      |  ❌ Failure  
    396      |   -6484.93   |   -339.48    |   -189.83    |   -255.31    |   -209.91    |     1000     | ⏱️  Timeout 
    397      |   -4964.99   |    241.25    |    74.54     |    218.10    |    220.22    |     1000     | ⏱️  Timeout 
    398      |   -4216.87   |    223.78    |    186.73    |    377.36    |    268.82    |     1000     | ⏱️  Timeout 
    399      |   -4796.25   |    246.64    |    209.82    |    385.73    |    209.82    |     1000     | ⏱️  Timeout 
    400      |   -4700.04   |    -64.64    |    31.36     |    288.86    |    255.89    |     1000     | ⏱️  Timeout 
  📊 统计 [Ep 400]: Actor Loss=15.8962, Critic Loss=1.9072, Alpha=0.0722, TD-error=1.0008, Beta=1.0000
    401      |   -6002.19   |    23.47     |    253.18    |    218.24    |    177.26    |     1000     | ⏱️  Timeout 
    402      |   -4580.68   |    228.24    |    274.30    |    177.15    |    164.56    |     1000     | ⏱️  Timeout 
    403      |   -6809.57   |    164.09    |    60.41     |    149.70    |   -1694.39   |     1000     | ⏱️  Timeout 
    404      |   -9191.69   |   -1016.13   |   -478.42    |   -1502.07   |   -312.35    |     1000     | ⏱️  Timeout 
    405      |   -5091.41   |    38.81     |    112.72    |    179.24    |    246.59    |     1000     | ⏱️  Timeout 
    406      |   -4775.80   |    180.95    |   -438.92    |    370.92    |    314.71    |     1000     | ⏱️  Timeout 
    407      |   -4947.19   |    241.24    |    260.32    |    30.42     |    258.75    |     1000     | ⏱️  Timeout 
    408      |   -6099.43   |    -39.14    |   -497.88    |    401.40    |    -1.35     |     1000     | ⏱️  Timeout 
    409      |   -5167.37   |    -52.08    |    249.40    |    390.32    |    274.81    |     1000     | ⏱️  Timeout 
    410      |   -7320.31   |   -445.95    |   -445.50    |   -320.85    |   -272.36    |     1000     | ⏱️  Timeout 
  📊 统计 [Ep 410]: Actor Loss=16.5225, Critic Loss=1.7082, Alpha=0.0667, TD-error=0.9921, Beta=1.0000
    411      |   -5597.47   |   -177.70    |    143.99    |    260.21    |    299.97    |     1000     | ⏱️  Timeout 
    412      |   -5378.07   |    185.46    |    89.59     |    365.69    |    270.05    |     1000     | ⏱️  Timeout 
    413      |   -5125.76   |    135.41    |    21.58     |    198.91    |    211.68    |     1000     | ⏱️  Timeout 
    414      |   -5608.27   |    156.72    |    93.36     |    218.55    |    216.08    |     1000     | ⏱️  Timeout 
    415      |   -5240.87   |    80.71     |    239.44    |    157.86    |   -543.16    |     1000     | ⏱️  Timeout 
    416      |   -4604.10   |    117.21    |    119.65    |    72.78     |    89.70     |     1000     | ⏱️  Timeout 
    417      |   -5891.31   |   -168.70    |    111.03    |    238.22    |    102.78    |     1000     | ⏱️  Timeout 
    418      |   -5996.96   |    302.52    |    -40.03    |    216.07    |    81.63     |     1000     | ⏱️  Timeout 
    419      |   -5620.63   |    135.81    |    100.31    |    211.25    |   -245.20    |     1000     | ⏱️  Timeout 
    420      |   -5067.45   |   -103.19    |    186.77    |    56.17     |    326.29    |     1000     | ⏱️  Timeout 
  📊 统计 [Ep 420]: Actor Loss=16.4846, Critic Loss=1.5060, Alpha=0.0681, TD-error=0.9634, Beta=1.0000
    421      |   -5064.80   |    203.00    |    128.37    |    212.34    |    249.92    |     1000     | ⏱️  Timeout 
    422      |   -5022.38   |    119.64    |   -513.91    |    301.49    |    79.08     |     1000     | ⏱️  Timeout 
    423      |   -4423.65   |   -141.23    |    95.26     |   -208.45    |    -38.97    |     689      |  ❌ Failure  
    424      |   -6163.58   |    265.79    |   -505.99    |    181.84    |   -105.76    |     1000     | ⏱️  Timeout 
    425      |   -5476.56   |    43.07     |    124.62    |    310.61    |    318.62    |     1000     | ⏱️  Timeout 
    426      |   -5047.34   |    -16.24    |    -11.68    |    201.80    |   -114.92    |     1000     | ⏱️  Timeout 
    427      |   -4897.01   |    185.37    |    267.86    |    281.18    |    83.95     |     1000     | ⏱️  Timeout 
    428      |   -5040.72   |    200.64    |    21.84     |    244.33    |    308.98    |     1000     | ⏱️  Timeout 
    429      |   -4934.72   |    157.79    |   -151.37    |    362.31    |    186.24    |     1000     | ⏱️  Timeout 
    430      |   -5219.54   |    99.16     |    345.01    |    229.01    |    281.72    |     1000     | ⏱️  Timeout 
  📊 统计 [Ep 430]: Actor Loss=15.5114, Critic Loss=1.7123, Alpha=0.0711, TD-error=0.9806, Beta=1.0000
    431      |   -4430.77   |    245.66    |    66.33     |    238.99    |    288.45    |     1000     | ⏱️  Timeout 
    432      |   -7664.17   |    87.78     |    191.56    |   -2720.73   |    147.46    |     1000     | ⏱️  Timeout 
    433      |   -6146.85   |    175.17    |   -130.37    |    223.61    |   -393.05    |     1000     | ⏱️  Timeout 
    434      |   -4738.85   |    158.79    |    178.67    |    416.25    |    101.29    |     1000     | ⏱️  Timeout 
    435      |   -755.34    |    -34.99    |    -14.37    |    -21.66    |    -34.22    |      30      |  ❌ Failure  
    436      |   -4897.76   |    71.75     |    38.13     |    183.18    |    105.66    |     1000     | ⏱️  Timeout 
    437      |   -5745.85   |    61.80     |    112.45    |    208.03    |    104.32    |     1000     | ⏱️  Timeout 
    438      |   -5131.98   |    170.61    |    -17.63    |    327.50    |    263.32    |     1000     | ⏱️  Timeout 
    439      |   -5757.46   |    216.20    |    -27.65    |    20.22     |    -71.88    |     1000     | ⏱️  Timeout 
    440      |   -560.55    |    -5.90     |    -3.67     |    -4.66     |    -5.71     |      7       |  ❌ Failure  
  📊 统计 [Ep 440]: Actor Loss=15.7691, Critic Loss=1.6449, Alpha=0.0688, TD-error=0.9999, Beta=1.0000
    441      |   -8924.80   |   -796.02    |   -567.67    |   -444.44    |   -730.07    |     1000     | ⏱️  Timeout 
    442      |   -5085.12   |    302.39    |   -158.54    |    299.02    |    212.77    |     1000     | ⏱️  Timeout 
    443      |   -5306.45   |    227.74    |    71.97     |    285.64    |    239.73    |     1000     | ⏱️  Timeout 
    444      |   -6497.97   |    243.48    |   -448.38    |    172.13    |    14.35     |     1000     | ⏱️  Timeout 
    445      |   -6251.66   |    150.36    |   -124.30    |    201.18    |    46.66     |     1000     | ⏱️  Timeout 
    446      |   -5672.21   |    132.10    |   -300.76    |    249.78    |    172.44    |     1000     | ⏱️  Timeout 
    447      |   -7064.94   |    255.79    |    -50.08    |    253.81    |   -1571.50   |     1000     | ⏱️  Timeout 
    448      |   -5752.52   |    66.54     |    67.13     |    234.02    |    63.07     |     1000     | ⏱️  Timeout 
    449      |   -5077.48   |    268.01    |    155.89    |    359.76    |   -263.61    |     1000     | ⏱️  Timeout 
    450      |   -4933.14   |    194.42    |    151.83    |    336.31    |    268.08    |     1000     | ⏱️  Timeout 
  📊 统计 [Ep 450]: Actor Loss=16.6504, Critic Loss=1.8450, Alpha=0.0668, TD-error=0.9689, Beta=1.0000
    451      |   -6378.54   |    234.78    |    48.40     |    266.44    |   -166.57    |     1000     | ⏱️  Timeout 
    452      |   -5123.32   |    200.13    |    62.10     |    298.59    |    84.23     |     1000     | ⏱️  Timeout 
    453      |   -8061.63   |   -1061.19   |   -791.46    |   -669.45    |   -1283.30   |     663      |  ❌ Failure  
    454      |   -5249.28   |    120.85    |   -122.88    |    174.56    |    72.16     |     1000     | ⏱️  Timeout 
    455      |   -6739.40   |   -281.05    |   -439.58    |   -381.07    |   -307.48    |     1000     | ⏱️  Timeout 
    456      |   -6083.54   |    247.92    |    36.23     |    306.01    |   -514.87    |     1000     | ⏱️  Timeout 
    457      |   -7281.58   |    -47.11    |    103.41    |    189.67    |   -890.82    |     1000     | ⏱️  Timeout 
    458      |   -4549.47   |    264.91    |    76.72     |    352.68    |    286.33    |     1000     | ⏱️  Timeout 
    459      |   -548.19    |    -4.77     |    -2.34     |    -5.30     |    -3.78     |      6       |  ❌ Failure  
    460      |   -6432.29   |    247.73    |    138.54    |   -1009.42   |    187.16    |     1000     | ⏱️  Timeout 
  📊 统计 [Ep 460]: Actor Loss=19.2916, Critic Loss=3.7460, Alpha=0.0655, TD-error=1.0872, Beta=1.0000
    461      |   -4949.04   |    61.27     |    76.02     |    114.59    |    136.38    |     1000     | ⏱️  Timeout 
    462      |   -5202.62   |    209.43    |    -23.71    |   -119.19    |    142.90    |     1000     | ⏱️  Timeout 
    463      |   -5777.37   |   -204.85    |   -143.90    |    -54.38    |    -98.16    |     1000     | ⏱️  Timeout 
    464      |   -7598.99   |    166.88    |   -870.38    |    155.08    |   -1144.61   |     1000     | ⏱️  Timeout 
    465      |   -4875.88   |    288.42    |    41.66     |    308.59    |   -155.65    |     1000     | ⏱️  Timeout 
    466      |   -5508.80   |    35.88     |   -396.58    |    99.53     |    208.25    |     1000     | ⏱️  Timeout 
    467      |   -5574.32   |    159.16    |    48.55     |    228.01    |    141.61    |     1000     | ⏱️  Timeout 
    468      |   -5658.72   |    169.19    |    115.07    |    97.94     |    -49.11    |     1000     | ⏱️  Timeout 
    469      |   -1063.68   |    -57.08    |    -17.89    |    -11.84    |    -66.23    |      67      |  ❌ Failure  
    470      |   -5203.21   |    252.39    |    66.12     |    201.06    |    117.87    |     1000     | ⏱️  Timeout 
  📊 统计 [Ep 470]: Actor Loss=17.7547, Critic Loss=3.1442, Alpha=0.0622, TD-error=1.0840, Beta=1.0000
    471      |   -5950.06   |    308.03    |   -729.06    |    195.36    |    108.66    |     1000     | ⏱️  Timeout 
    472      |   -5279.72   |    310.43    |   -138.19    |    366.52    |   -136.35    |     1000     | ⏱️  Timeout 
    473      |   -4692.92   |    149.83    |    151.53    |    113.74    |    251.40    |     1000     | ⏱️  Timeout 
    474      |   -5808.43   |    116.48    |    -48.16    |    241.96    |    140.76    |     1000     | ⏱️  Timeout 
    475      |   -5525.92   |    346.64    |   -1125.53   |    261.60    |   -383.05    |     1000     | ⏱️  Timeout 
    476      |   -6327.57   |   -841.01    |    116.46    |    211.79    |    -45.79    |     1000     | ⏱️  Timeout 
    477      |   -5787.61   |    318.01    |    54.53     |    203.12    |   -613.31    |     1000     | ⏱️  Timeout 
    478      |   -5434.73   |   -222.97    |    -51.02    |    98.29     |    73.63     |     1000     | ⏱️  Timeout 
    479      |   -5076.51   |    336.58    |    86.83     |    432.93    |    88.96     |     1000     | ⏱️  Timeout 
    480      |   -5934.82   |    340.59    |    72.79     |    339.33    |   -292.48    |     1000     | ⏱️  Timeout 
  📊 统计 [Ep 480]: Actor Loss=16.4780, Critic Loss=1.8960, Alpha=0.0661, TD-error=0.9895, Beta=1.0000
    481      |   -5374.93   |    -50.23    |   -673.69    |    101.20    |   -107.06    |     1000     | ⏱️  Timeout 
    482      |   -6125.80   |    311.19    |   -785.59    |    196.70    |    285.23    |     1000     | ⏱️  Timeout 
    483      |   -5807.16   |    155.64    |   -121.41    |    61.20     |    188.22    |     1000     | ⏱️  Timeout 
    484      |   -5346.81   |    220.96    |    124.25    |    316.61    |    71.96     |     1000     | ⏱️  Timeout 
    485      |   -5339.93   |    317.94    |     6.66     |    261.45    |    -30.75    |     1000     | ⏱️  Timeout 
    486      |   -4710.93   |    110.30    |    223.05    |    316.58    |   -264.48    |     1000     | ⏱️  Timeout 
    487      |   -5705.63   |    197.70    |    75.45     |    231.50    |   -569.27    |     1000     | ⏱️  Timeout 
    488      |   -5376.29   |    334.37    |    147.94    |    202.65    |   -408.73    |     1000     | ⏱️  Timeout 
    489      |   -8827.09   |    54.04     |    -13.20    |   -3349.09   |   -214.43    |     1000     | ⏱️  Timeout 
    490      |   -4507.02   |    326.37    |    65.61     |    73.87     |    265.17    |     1000     | ⏱️  Timeout 
  📊 统计 [Ep 490]: Actor Loss=16.6674, Critic Loss=1.5022, Alpha=0.0678, TD-error=0.9545, Beta=1.0000
    491      |   -6018.11   |    15.91     |    -61.66    |    147.75    |    140.04    |     1000     | ⏱️  Timeout 
    492      |   -5567.08   |   -200.39    |   -266.33    |   -247.97    |   -516.70    |     1000     | ⏱️  Timeout 
    493      |   -4257.65   |    323.92    |    114.56    |    198.38    |    415.12    |     1000     | ⏱️  Timeout 
    494      |   -5886.51   |    67.88     |    -11.84    |    215.14    |    278.70    |     1000     | ⏱️  Timeout 
    495      |   -5142.73   |    200.45    |    35.89     |    100.48    |    35.43     |     1000     | ⏱️  Timeout 
    496      |   -5456.62   |    96.42     |    -77.24    |    240.00    |    47.04     |     1000     | ⏱️  Timeout 
    497      |   -5444.12   |    251.81    |   -111.77    |    57.90     |    62.05     |     1000     | ⏱️  Timeout 
    498      |   -6201.62   |    243.43    |   -1572.67   |    33.88     |    247.20    |     1000     | ⏱️  Timeout 
    499      |   -5256.30   |    170.82    |     4.68     |    222.20    |    28.59     |     1000     | ⏱️  Timeout 
✅ 训练数据已保存: /home/zhangpeng/UAV_PATH_PLANNING/runs/exp_baseline_20251031_173015/training_data.pkl
✅ 总奖励曲线已保存: /home/zhangpeng/UAV_PATH_PLANNING/runs/exp_baseline_20251031_173015/plots/total_reward.png
✅ Leader奖励曲线已保存: /home/zhangpeng/UAV_PATH_PLANNING/runs/exp_baseline_20251031_173015/plots/leader_reward.png
✅ Follower奖励曲线已保存: /home/zhangpeng/UAV_PATH_PLANNING/runs/exp_baseline_20251031_173015/plots/follower_reward.png
