
============================================================
🎓 开始训练
============================================================
  Leader × 1 | Follower × 4 | Episodes: 500
  配置已保存: /home/zhangpeng/UAV_PATH_PLANNING/output/baseline/4follower/config.yaml
  日志已保存: /home/zhangpeng/UAV_PATH_PLANNING/output/baseline/4follower/training_20251025_161652.log
============================================================

Episode   0, Steps:    5, Total: -540.88, Leader: -523.97, [F0: -4.53, F1: -3.26, F2: -4.69, F3: -4.42] - ✗ failure
Episode   1, Steps: 1000, Total: -28898.26, Leader: -8433.46, [F0: -5823.25, F1: -5268.13, F2: -5210.18, F3: -4163.24] - ⏱ timeout
Episode   2, Steps:  596, Total: -11265.01, Leader: -4946.82, [F0: -2115.83, F1: -1678.64, F2: -2016.32, F3: -507.40] - ✗ failure
Episode   3, Steps: 1000, Total: -34032.27, Leader: -9171.26, [F0: -5522.49, F1: -5774.84, F2: -5927.72, F3: -7635.96] - ⏱ timeout
Episode   4, Steps: 1000, Total: -23474.39, Leader: -5171.49, [F0: -5644.34, F1: -3117.99, F2: -3031.79, F3: -6508.78] - ⏱ timeout
Episode   5, Steps:  190, Total: -5017.43, Leader: -1321.12, [F0: -2074.51, F1: -933.61, F2: -308.32, F3: -379.88] - ✗ failure
Episode   6, Steps:   47, Total: -1763.49, Leader: -722.21, [F0: -381.22, F1: -137.66, F2: -45.78, F3: -476.61] - ✗ failure
Episode   7, Steps: 1000, Total: -23522.99, Leader: -4992.62, [F0: -6067.10, F1: -8312.56, F2: -882.30, F3: -3268.41] - ⏱ timeout
Episode   8, Steps:    8, Total: -563.50, Leader: -535.22, [F0: -6.88, F1: -6.93, F2: -7.25, F3: -7.22] - ✗ failure
Episode   9, Steps:   25, Total: -813.27, Leader: -618.50, [F0: -105.85, F1: -37.44, F2: -38.40, F3: -13.08] - ✗ failure
Episode  10, Steps:  835, Total: -22334.21, Leader: -11085.74, [F0: -5813.96, F1: -1023.64, F2: -1579.04, F3: -2831.83] - ✗ failure
Episode  11, Steps: 1000, Total: -27111.79, Leader: -11451.40, [F0: -2134.11, F1: -5941.63, F2: -1389.89, F3: -6194.77] - ⏱ timeout
Episode  12, Steps: 1000, Total: -18063.49, Leader: -8807.61, [F0: -1947.10, F1: -2296.05, F2: -1471.63, F3: -3541.11] - ⏱ timeout
Episode  13, Steps: 1000, Total: -14353.27, Leader: -7839.99, [F0: -1446.99, F1: -2810.01, F2: -916.90, F3: -1339.38] - ⏱ timeout
Episode  14, Steps: 1000, Total: -15713.98, Leader: -10097.54, [F0: -1970.14, F1: -1762.94, F2: -724.86, F3: -1158.49] - ⏱ timeout
Episode  15, Steps: 1000, Total: -23722.64, Leader: -11559.90, [F0: -2031.23, F1: -2047.01, F2: -2919.32, F3: -5165.18] - ⏱ timeout
Episode  16, Steps: 1000, Total: -18333.48, Leader: -9411.86, [F0: -1667.71, F1: -2008.72, F2: -3230.58, F3: -2014.61] - ⏱ timeout
Episode  17, Steps: 1000, Total: -8140.54, Leader: -4105.36, [F0: -1000.01, F1: -1197.95, F2: -867.39, F3: -969.82] - ⏱ timeout
Episode  18, Steps: 1000, Total: -9485.47, Leader: -2309.70, [F0: -1081.12, F1: -1800.38, F2: -3093.93, F3: -1200.33] - ⏱ timeout
Episode  19, Steps: 1000, Total: -10216.10, Leader: -2991.12, [F0: -1112.81, F1: -2030.49, F2: -1781.24, F3: -2300.44] - ⏱ timeout
Episode  20, Steps:   16, Total: -630.87, Leader: -555.37, [F0: -10.03, F1: -31.07, F2: -19.90, F3: -14.49] - ✗ failure
Episode  21, Steps:   10, Total: -576.81, Leader: -547.38, [F0: -7.20, F1: -8.50, F2: -6.40, F3: -7.33] - ✗ failure
Episode  22, Steps:   54, Total:  621.96, Leader:  861.04, [F0: -63.84, F1: -54.86, F2: -46.95, F3: -73.44] - ✓ success
Episode  23, Steps:    7, Total: -536.96, Leader: -525.43, [F0: -3.00, F1: -2.26, F2: -3.02, F3: -3.24] - ✗ failure
Episode  24, Steps:  180, Total: -362.99, Leader:  515.35, [F0: -226.14, F1: -201.80, F2: -223.93, F3: -226.47] - ✓ success
Episode  25, Steps: 1000, Total: -14773.02, Leader: -7721.39, [F0: -2344.93, F1: -902.38, F2: -1867.41, F3: -1936.92] - ⏱ timeout
Episode  26, Steps: 1000, Total: -15532.90, Leader: -7773.52, [F0: -2057.87, F1: -1958.04, F2: -1460.95, F3: -2282.52] - ⏱ timeout
Episode  27, Steps: 1000, Total: -8589.06, Leader: -3542.84, [F0: -1154.81, F1: -881.63, F2: -1645.31, F3: -1364.47] - ⏱ timeout
Episode  28, Steps:  136, Total: -1359.21, Leader: -1001.05, [F0: -140.81, F1: -81.97, F2: -34.59, F3: -100.79] - ✗ failure
Episode  29, Steps: 1000, Total: -21164.76, Leader: -12943.16, [F0: -1804.65, F1: -2055.96, F2: -1712.90, F3: -2648.08] - ⏱ timeout
Episode  30, Steps:   70, Total: -989.05, Leader: -739.40, [F0: -45.17, F1: -61.21, F2: -74.83, F3: -68.44] - ✗ failure
Episode  31, Steps:   36, Total: -741.85, Leader: -626.90, [F0: -28.63, F1: -13.75, F2: -29.97, F3: -42.60] - ✗ failure
Episode  32, Steps:   30, Total: -711.61, Leader: -625.87, [F0: -17.74, F1: -20.63, F2: -14.95, F3: -32.42] - ✗ failure
Episode  33, Steps: 1000, Total: -14220.69, Leader: -8595.64, [F0: -1328.32, F1: -1274.05, F2: -1013.41, F3: -2009.26] - ⏱ timeout
Episode  34, Steps:  604, Total: -3948.67, Leader: -2133.42, [F0: -365.58, F1: -379.08, F2: -455.61, F3: -614.99] - ✗ failure
Episode  35, Steps:   37, Total: -723.17, Leader: -607.83, [F0: -19.48, F1: -31.47, F2: -27.89, F3: -36.49] - ✗ failure
Episode  36, Steps:   83, Total: -1037.44, Leader: -724.35, [F0: -69.39, F1: -64.35, F2: -77.94, F3: -101.41] - ✗ failure
Episode  37, Steps:   31, Total: -751.30, Leader: -632.45, [F0: -19.62, F1: -31.11, F2: -35.57, F3: -32.56] - ✗ failure
Episode  38, Steps:  648, Total: -4514.57, Leader: -2345.56, [F0: -392.05, F1: -433.27, F2: -617.65, F3: -726.05] - ✗ failure
Episode  39, Steps:  418, Total: -2002.46, Leader: -163.30, [F0: -334.26, F1: -218.69, F2: -809.81, F3: -476.40] - ✓ success
Episode  40, Steps: 1000, Total: -6332.55, Leader: -2620.53, [F0: -637.65, F1: -593.71, F2: -1286.02, F3: -1194.63] - ⏱ timeout
Episode  41, Steps: 1000, Total: -8395.31, Leader: -3988.17, [F0: -945.21, F1: -931.40, F2: -1413.63, F3: -1116.90] - ⏱ timeout
Episode  42, Steps:  244, Total: -2295.16, Leader: -1563.68, [F0: -203.68, F1: -217.07, F2: -159.08, F3: -151.65] - ✗ failure
Episode  43, Steps:  746, Total: -3553.29, Leader: -1140.88, [F0: -286.56, F1: -561.64, F2: -598.15, F3: -966.06] - ✓ success
Episode  44, Steps: 1000, Total: -7186.10, Leader: -3741.74, [F0: -497.77, F1: -721.85, F2: -1025.32, F3: -1199.42] - ⏱ timeout
Episode  45, Steps: 1000, Total: -4740.50, Leader: -2419.93, [F0: -513.87, F1: -637.14, F2: -599.09, F3: -570.46] - ⏱ timeout
Episode  46, Steps: 1000, Total: -2752.19, Leader: -1902.15, [F0: -64.50, F1: -99.38, F2: -257.84, F3: -428.33] - ⏱ timeout
Episode  47, Steps:   27, Total: -636.00, Leader: -591.76, [F0: -12.40, F1: -27.71, F2: -5.40, F3: 1.27] - ✗ failure
Episode  48, Steps: 1000, Total: -3424.49, Leader: -1855.22, [F0: -656.49, F1: -270.92, F2: -475.81, F3: -166.06] - ⏱ timeout
Episode  49, Steps:   19, Total: -639.70, Leader: -580.85, [F0: -16.29, F1: -29.29, F2: -5.32, F3: -7.94] - ✗ failure
Episode  50, Steps:   74, Total:  614.38, Leader:  816.34, [F0: -70.91, F1: -49.90, F2: -39.47, F3: -41.68] - ✓ success
Episode  51, Steps: 1000, Total: -3934.92, Leader: -2396.83, [F0: -483.21, F1: -389.60, F2: -482.23, F3: -183.05] - ⏱ timeout
Episode  52, Steps:   79, Total: -1063.01, Leader: -779.02, [F0: -86.81, F1: -55.62, F2: -55.28, F3: -86.29] - ✗ failure
Episode  53, Steps:    7, Total: -534.09, Leader: -524.34, [F0: -1.87, F1: -1.47, F2: -2.22, F3: -4.20] - ✗ failure
Episode  54, Steps:   65, Total: -897.93, Leader: -738.87, [F0: -68.49, F1: -14.30, F2: -32.32, F3: -43.95] - ✗ failure
Episode  55, Steps:   39, Total: -747.93, Leader: -639.79, [F0: -46.30, F1: -32.74, F2: -11.11, F3: -18.00] - ✗ failure
Episode  56, Steps:  136, Total: -1412.22, Leader: -1009.38, [F0: -129.38, F1: -87.28, F2: -63.35, F3: -122.84] - ✗ failure
Episode  57, Steps:    5, Total: -529.71, Leader: -521.07, [F0: -2.20, F1: -2.15, F2: -2.22, F3: -2.08] - ✗ failure
Episode  58, Steps:   21, Total: -627.45, Leader: -585.68, [F0: -15.11, F1: -9.90, F2: -7.63, F3: -9.12] - ✗ failure
Episode  59, Steps:  260, Total: -987.80, Leader:   90.37, [F0: -205.22, F1: -198.47, F2: -355.09, F3: -319.39] - ✓ success
Episode  60, Steps:  230, Total: -539.45, Leader:  392.44, [F0: -157.21, F1: -164.84, F2: -328.61, F3: -281.23] - ✓ success
Episode  61, Steps:  389, Total: -1631.78, Leader: -280.40, [F0: -282.83, F1: -128.77, F2: -465.31, F3: -474.48] - ✓ success
Episode  62, Steps:   55, Total: -867.04, Leader: -726.02, [F0: -41.50, F1: -40.10, F2: -31.45, F3: -27.98] - ✗ failure
Episode  63, Steps:    6, Total: -540.31, Leader: -525.87, [F0: -4.72, F1: -3.86, F2: -2.28, F3: -3.59] - ✗ failure
Episode  64, Steps:   29, Total: -714.47, Leader: -624.88, [F0: -25.47, F1: -1.36, F2: -37.78, F3: -24.97] - ✗ failure
Episode  65, Steps:  102, Total: -1192.17, Leader: -884.68, [F0: -98.06, F1: -120.47, F2: -46.22, F3: -42.74] - ✗ failure
Episode  66, Steps:   33, Total: -730.44, Leader: -642.17, [F0: -20.13, F1: -35.37, F2: -14.02, F3: -18.74] - ✗ failure
Episode  67, Steps:  101, Total:  415.77, Leader:  773.37, [F0: -57.11, F1: -41.01, F2: -143.89, F3: -115.58] - ✓ success
Episode  68, Steps:  186, Total: -186.46, Leader:  509.50, [F0: -110.48, F1: -81.46, F2: -275.38, F3: -228.65] - ✓ success
Episode  69, Steps: 1000, Total: -13953.94, Leader: -6842.67, [F0: -3564.07, F1: -1090.67, F2: -1247.04, F3: -1209.50] - ⏱ timeout
Episode  70, Steps: 1000, Total: -8963.75, Leader: -6074.05, [F0: -856.91, F1: -583.49, F2: -764.78, F3: -684.53] - ⏱ timeout
Episode  71, Steps: 1000, Total: -8849.41, Leader: -5898.29, [F0: -971.35, F1: -581.09, F2: -825.33, F3: -573.36] - ⏱ timeout
Episode  72, Steps:  165, Total:  -16.40, Leader:  560.81, [F0: -130.64, F1: -70.39, F2: -278.14, F3: -98.04] - ✓ success
Episode  73, Steps:  163, Total: -688.81, Leader:  153.06, [F0: -282.13, F1: -109.77, F2: -272.05, F3: -177.92] - ✓ success
Episode  74, Steps: 1000, Total: -9773.99, Leader: -6020.96, [F0: -1655.47, F1: -662.00, F2: -792.74, F3: -642.82] - ⏱ timeout
Episode  75, Steps:   51, Total:  712.68, Leader:  880.74, [F0: -40.29, F1: -39.46, F2: -42.02, F3: -46.29] - ✓ success
Episode  76, Steps:   85, Total: -1215.30, Leader: -879.56, [F0: -54.89, F1: -85.01, F2: -98.12, F3: -97.72] - ✗ failure
Episode  77, Steps:   67, Total:  556.45, Leader:  773.99, [F0: -37.09, F1: -35.09, F2: -78.28, F3: -67.08] - ✓ success
Episode  78, Steps:  573, Total: -5278.98, Leader: -2851.69, [F0: -540.89, F1: -872.15, F2: -521.55, F3: -492.69] - ✓ success
Episode  79, Steps:   52, Total:  704.97, Leader:  851.49, [F0: -20.18, F1: -32.73, F2: -43.40, F3: -50.21] - ✓ success
Episode  80, Steps: 1000, Total: -7868.87, Leader: -5270.51, [F0: -634.73, F1: -672.29, F2: -638.23, F3: -653.11] - ⏱ timeout
Episode  81, Steps:  155, Total: -463.87, Leader:  147.87, [F0: -121.00, F1: -87.13, F2: -252.26, F3: -151.37] - ✓ success
Episode  82, Steps:    4, Total: -525.66, Leader: -518.04, [F0: -1.83, F1: -2.12, F2: -2.01, F3: -1.66] - ✗ failure
Episode  83, Steps:  213, Total:  175.42, Leader:  446.95, [F0: -79.33, F1: -87.94, F2: -29.00, F3: -75.25] - ✓ success
Episode  84, Steps:   32, Total: -826.02, Leader: -646.32, [F0: -50.37, F1: -41.26, F2: -49.62, F3: -38.45] - ✗ failure
Episode  85, Steps:  144, Total:  250.06, Leader:  541.05, [F0: -55.17, F1: -53.70, F2: -99.47, F3: -82.64] - ✓ success
Episode  86, Steps:   77, Total:  626.83, Leader:  754.28, [F0: -10.46, F1: -19.66, F2: -59.25, F3: -38.08] - ✓ success
Episode  87, Steps:   77, Total:  460.46, Leader:  708.70, [F0: -56.15, F1: -37.95, F2: -114.70, F3: -39.43] - ✓ success
Episode  88, Steps:  409, Total: -1362.81, Leader: -326.83, [F0: -47.28, F1: -195.55, F2: -557.55, F3: -235.59] - ✓ success
Episode  89, Steps:   84, Total:  556.01, Leader:  719.80, [F0: -28.66, F1: -39.03, F2: -67.95, F3: -28.16] - ✓ success
Episode  90, Steps:  140, Total:  476.67, Leader:  633.32, [F0: -39.41, F1: -34.52, F2: -32.77, F3: -49.96] - ✓ success
Episode  91, Steps:  151, Total: -464.75, Leader:  218.90, [F0: -159.80, F1: -113.16, F2: -152.67, F3: -258.03] - ✓ success
Episode  92, Steps:   10, Total: -559.34, Leader: -542.33, [F0: -6.55, F1: -6.14, F2: -3.83, F3: -0.49] - ✗ failure
Episode  93, Steps:   57, Total:  676.37, Leader:  817.86, [F0: -27.58, F1: -25.79, F2: -51.51, F3: -36.60] - ✓ success
Episode  94, Steps:   83, Total:  557.10, Leader:  782.59, [F0: -32.58, F1: -28.80, F2: -71.60, F3: -92.52] - ✓ success
Episode  95, Steps:   40, Total:  780.35, Leader:  885.65, [F0: -20.17, F1: -38.98, F2: -12.45, F3: -33.70] - ✓ success
Episode  96, Steps:   21, Total: -651.94, Leader: -597.50, [F0: -17.87, F1: -12.52, F2: -4.17, F3: -19.89] - ✗ failure
Episode  97, Steps:   69, Total:  651.02, Leader:  830.58, [F0: -31.46, F1: -28.35, F2: -65.36, F3: -54.39] - ✓ success
Episode  98, Steps:   13, Total: -581.41, Leader: -552.23, [F0: -6.92, F1: -9.91, F2: -1.56, F3: -10.79] - ✗ failure
Episode  99, Steps:   55, Total:  755.43, Leader:  857.24, [F0: -17.47, F1: -14.33, F2: -35.85, F3: -34.17] - ✓ success
Episode 100, Steps:   61, Total:  605.35, Leader:  830.37, [F0: -16.70, F1: -52.21, F2: -47.35, F3: -108.76] - ✓ success
Episode 101, Steps:    9, Total: -558.33, Leader: -532.32, [F0: -4.80, F1: -16.99, F2: -4.30, F3: 0.09] - ✗ failure
Episode 102, Steps:   44, Total:  799.69, Leader:  895.60, [F0: 3.21, F1: -13.71, F2: -47.26, F3: -38.15] - ✓ success
Episode 103, Steps:  459, Total: -2591.00, Leader: -828.19, [F0: -500.23, F1: -248.24, F2: -444.48, F3: -569.87] - ✓ success
Episode 104, Steps:   40, Total:  860.26, Leader:  908.73, [F0: 2.41, F1: -8.65, F2: -37.21, F3: -5.03] - ✓ success
Episode 105, Steps:  197, Total:   -2.80, Leader:  407.64, [F0: -72.31, F1: -90.16, F2: -197.61, F3: -50.36] - ✓ success
Episode 106, Steps:   56, Total:  588.36, Leader:  783.45, [F0: -25.70, F1: -24.68, F2: -93.18, F3: -51.53] - ✓ success
Episode 107, Steps:    9, Total: -553.91, Leader: -536.04, [F0: -5.02, F1: -4.71, F2: -3.77, F3: -4.36] - ✗ failure
Episode 108, Steps:    5, Total: -532.44, Leader: -522.75, [F0: -2.49, F1: -2.94, F2: -2.08, F3: -2.18] - ✗ failure
Episode 109, Steps:   37, Total:  821.19, Leader:  899.38, [F0: -14.83, F1: 2.85, F2: -39.40, F3: -26.82] - ✓ success
Episode 110, Steps:   64, Total:  509.45, Leader:  743.70, [F0: -31.36, F1: -62.19, F2: -83.84, F3: -56.85] - ✓ success
Episode 111, Steps:  111, Total:  341.14, Leader:  609.54, [F0: -92.51, F1: -65.77, F2: -62.30, F3: -47.84] - ✓ success
Episode 112, Steps:   90, Total:  664.15, Leader:  831.44, [F0: -18.31, F1: -11.39, F2: -68.37, F3: -69.23] - ✓ success
Episode 113, Steps:   20, Total: -616.81, Leader: -579.94, [F0: -12.66, F1: -9.65, F2: -6.99, F3: -7.58] - ✗ failure
Episode 114, Steps:   53, Total:  696.70, Leader:  825.97, [F0: -19.00, F1: -26.20, F2: -45.89, F3: -38.17] - ✓ success
Episode 115, Steps:   78, Total:  630.84, Leader:  787.73, [F0: -7.63, F1: -20.79, F2: -19.01, F3: -109.46] - ✓ success
Episode 116, Steps:   99, Total:  177.34, Leader:  498.84, [F0: -116.99, F1: -65.87, F2: -59.53, F3: -79.11] - ✓ success
Episode 117, Steps:   40, Total:  808.94, Leader:  890.62, [F0: -8.23, F1: -19.67, F2: -53.25, F3: -0.54] - ✓ success
Episode 118, Steps:   38, Total:  826.45, Leader:  906.51, [F0: -5.27, F1: -4.36, F2: -37.05, F3: -33.38] - ✓ success
Episode 119, Steps:   48, Total:  648.36, Leader:  814.74, [F0: -44.46, F1: -24.31, F2: -50.92, F3: -46.69] - ✓ success
Episode 120, Steps:  224, Total:  152.98, Leader:  427.99, [F0: -77.19, F1: -56.23, F2: -85.07, F3: -56.52] - ✓ success
Episode 121, Steps:  141, Total:   70.46, Leader:  492.66, [F0: -55.54, F1: -151.74, F2: -117.44, F3: -97.48] - ✓ success
Episode 122, Steps:    7, Total: -535.37, Leader: -529.14, [F0: -2.61, F1: 2.72, F2: -3.14, F3: -3.20] - ✗ failure
Episode 123, Steps:  184, Total:  256.57, Leader:  529.68, [F0: -86.91, F1: -60.78, F2: -27.22, F3: -98.20] - ✓ success
Episode 124, Steps:   39, Total:  863.54, Leader:  901.81, [F0: 0.56, F1: -6.12, F2: -16.60, F3: -16.11] - ✓ success
Episode 125, Steps:   92, Total:  762.58, Leader:  827.82, [F0: -12.45, F1: -22.89, F2: -6.58, F3: -23.33] - ✓ success
Episode 126, Steps:   38, Total:  842.16, Leader:  910.67, [F0: -5.82, F1: -7.19, F2: -21.99, F3: -33.50] - ✓ success
Episode 127, Steps:   44, Total:  726.08, Leader:  874.68, [F0: -17.09, F1: -15.83, F2: -32.37, F3: -83.30] - ✓ success
Episode 128, Steps:   63, Total:  867.90, Leader:  895.53, [F0: 8.04, F1: -12.68, F2: -31.89, F3: 8.90] - ✓ success
Episode 129, Steps:   84, Total:  211.58, Leader:  628.29, [F0: -30.04, F1: -207.44, F2: -137.19, F3: -42.04] - ✓ success
Episode 130, Steps:   61, Total:  693.39, Leader:  832.40, [F0: -25.45, F1: -39.61, F2: -30.20, F3: -43.75] - ✓ success
Episode 131, Steps:   44, Total:  826.23, Leader:  887.53, [F0: -10.46, F1: 2.13, F2: -39.19, F3: -13.79] - ✓ success
Episode 132, Steps:   42, Total:  866.38, Leader:  897.76, [F0: -4.00, F1: -4.05, F2: -16.55, F3: -6.78] - ✓ success
Episode 133, Steps:  129, Total:  376.70, Leader:  561.25, [F0: -37.17, F1: -41.29, F2: -63.67, F3: -42.42] - ✓ success
Episode 134, Steps:   64, Total:  641.26, Leader:  788.03, [F0: -25.99, F1: -30.11, F2: -50.76, F3: -39.90] - ✓ success
Episode 135, Steps:   34, Total:  831.27, Leader:  925.52, [F0: 10.12, F1: -26.27, F2: -45.59, F3: -32.51] - ✓ success
Episode 136, Steps:   62, Total:  717.48, Leader:  845.75, [F0: -19.59, F1: -11.67, F2: -33.42, F3: -63.59] - ✓ success
Episode 137, Steps:   15, Total: -637.99, Leader: -566.62, [F0: -10.56, F1: -27.33, F2: -24.10, F3: -9.38] - ✗ failure
Episode 138, Steps:   48, Total:  722.23, Leader:  859.11, [F0: -19.24, F1: -15.53, F2: -49.62, F3: -52.49] - ✓ success
Episode 139, Steps:  235, Total: -598.59, Leader:  -44.51, [F0: -138.92, F1: -120.59, F2: -183.18, F3: -111.38] - ✓ success
Episode 140, Steps:   42, Total:  833.56, Leader:  886.93, [F0: -6.37, F1: -10.13, F2: -29.85, F3: -7.02] - ✓ success
Episode 141, Steps:   46, Total:  780.89, Leader:  873.15, [F0: -7.79, F1: -11.45, F2: -31.09, F3: -41.93] - ✓ success
Episode 142, Steps:   75, Total: -1393.55, Leader: -953.21, [F0: -85.84, F1: -43.24, F2: -251.12, F3: -60.14] - ✗ failure
Episode 143, Steps:   98, Total:  523.52, Leader:  696.36, [F0: -47.28, F1: -39.09, F2: -38.03, F3: -48.45] - ✓ success
Episode 144, Steps:   53, Total:  775.73, Leader:  851.38, [F0: -15.98, F1: -12.53, F2: -32.74, F3: -14.39] - ✓ success
Episode 145, Steps:   41, Total:  867.06, Leader:  899.43, [F0: -1.57, F1: -18.18, F2: -16.49, F3: 3.86] - ✓ success
Episode 146, Steps:   65, Total:  639.35, Leader:  794.84, [F0: -33.65, F1: -46.65, F2: -33.35, F3: -41.83] - ✓ success
Episode 147, Steps:  151, Total: -1527.25, Leader: -1027.81, [F0: -90.64, F1: -85.79, F2: -137.96, F3: -185.05] - ✗ failure
Episode 148, Steps:   46, Total:  824.99, Leader:  882.28, [F0: -2.36, F1: -4.14, F2: -41.14, F3: -9.65] - ✓ success
Episode 149, Steps:  326, Total: -4125.17, Leader: -1259.89, [F0: -389.95, F1: -322.56, F2: -1042.33, F3: -1110.43] - ✓ success
Episode 150, Steps:  238, Total: -1714.45, Leader: -809.37, [F0: -308.47, F1: -135.75, F2: -281.67, F3: -179.19] - ✓ success
Episode 151, Steps:   98, Total:  547.79, Leader:  678.90, [F0: -29.71, F1: -26.43, F2: -50.93, F3: -24.04] - ✓ success
Episode 152, Steps:   46, Total:  838.74, Leader:  878.07, [F0: -9.26, F1: -6.45, F2: -18.26, F3: -5.36] - ✓ success
Episode 153, Steps:   57, Total:  649.96, Leader:  824.33, [F0: 24.01, F1: -33.55, F2: -19.92, F3: -144.91] - ✓ success
Episode 154, Steps:   89, Total:   43.22, Leader:  525.21, [F0: -55.33, F1: -65.64, F2: -105.99, F3: -255.03] - ✓ success
Episode 155, Steps:   57, Total:  733.21, Leader:  828.13, [F0: -17.98, F1: -11.94, F2: -33.63, F3: -31.37] - ✓ success
Episode 156, Steps:   53, Total:  787.19, Leader:  848.54, [F0: -8.94, F1: -5.76, F2: -36.50, F3: -10.15] - ✓ success
Episode 157, Steps:   39, Total:  871.99, Leader:  917.67, [F0: -16.15, F1: 2.34, F2: -22.50, F3: -9.38] - ✓ success
Episode 158, Steps:   56, Total:  708.30, Leader:  827.66, [F0: -17.22, F1: -33.14, F2: -50.50, F3: -18.51] - ✓ success
Episode 159, Steps:   42, Total:  793.66, Leader:  892.47, [F0: -14.68, F1: -15.97, F2: -58.79, F3: -9.37] - ✓ success
Episode 160, Steps:   45, Total:  759.35, Leader:  871.52, [F0: -14.66, F1: -13.01, F2: -70.04, F3: -14.46] - ✓ success
Episode 161, Steps:   69, Total:  649.74, Leader:  772.23, [F0: -23.97, F1: -24.11, F2: -38.31, F3: -36.10] - ✓ success
Episode 162, Steps:   52, Total:  737.20, Leader:  843.82, [F0: -12.53, F1: -13.72, F2: -61.43, F3: -18.93] - ✓ success
Episode 163, Steps:   51, Total:  699.37, Leader:  815.28, [F0: -32.48, F1: -19.39, F2: -28.01, F3: -36.02] - ✓ success
Episode 164, Steps:   46, Total:  787.22, Leader:  886.81, [F0: -13.39, F1: -26.09, F2: -40.39, F3: -19.72] - ✓ success
Episode 165, Steps:   77, Total:  595.62, Leader:  736.93, [F0: -33.27, F1: -31.85, F2: -45.57, F3: -30.61] - ✓ success
Episode 166, Steps:   55, Total:  681.16, Leader:  820.13, [F0: -23.71, F1: -40.71, F2: -48.55, F3: -26.01] - ✓ success
Episode 167, Steps:   87, Total:  578.26, Leader:  707.76, [F0: -43.11, F1: -33.23, F2: -41.06, F3: -12.10] - ✓ success
Episode 168, Steps:   41, Total:  857.84, Leader:  910.54, [F0: -3.74, F1: -8.18, F2: -39.77, F3: -1.01] - ✓ success
Episode 169, Steps:   41, Total:  822.04, Leader:  883.51, [F0: -8.98, F1: -21.52, F2: -20.61, F3: -10.37] - ✓ success
Episode 170, Steps:   53, Total:  704.53, Leader:  829.81, [F0: -27.80, F1: -17.55, F2: -36.83, F3: -43.10] - ✓ success
Episode 171, Steps:   67, Total:  644.07, Leader:  785.73, [F0: -21.76, F1: -32.05, F2: -56.76, F3: -31.08] - ✓ success
Episode 172, Steps:   75, Total:  632.45, Leader:  758.52, [F0: -35.05, F1: -7.65, F2: -71.34, F3: -12.04] - ✓ success
Episode 173, Steps:   57, Total:  733.53, Leader:  832.68, [F0: -11.20, F1: -17.98, F2: -56.44, F3: -13.53] - ✓ success
Episode 174, Steps:   44, Total:  827.74, Leader:  895.58, [F0: 3.41, F1: -17.21, F2: -26.21, F3: -27.84] - ✓ success
Episode 175, Steps:   56, Total:  649.74, Leader:  818.30, [F0: -31.92, F1: -18.34, F2: -75.85, F3: -42.45] - ✓ success
Episode 176, Steps:    6, Total: -538.92, Leader: -528.16, [F0: -3.64, F1: -2.15, F2: -3.94, F3: -1.02] - ✗ failure
Episode 177, Steps:   96, Total:  439.39, Leader:  701.02, [F0: -62.88, F1: -39.74, F2: -44.56, F3: -114.45] - ✓ success
Episode 178, Steps:  106, Total:  571.46, Leader:  689.88, [F0: -38.89, F1: -18.11, F2: -33.59, F3: -27.83] - ✓ success
Episode 179, Steps:   48, Total:  756.40, Leader:  877.89, [F0: -24.12, F1: -22.07, F2: -56.89, F3: -18.43] - ✓ success
Episode 180, Steps:   57, Total:  716.31, Leader:  850.19, [F0: -17.36, F1: -34.66, F2: -36.77, F3: -45.09] - ✓ success
Episode 181, Steps:  220, Total: -1699.83, Leader: -1008.75, [F0: -156.39, F1: -114.77, F2: -256.07, F3: -163.85] - ✓ success
Episode 182, Steps:   92, Total:  597.65, Leader:  759.70, [F0: -28.98, F1: -6.50, F2: -82.03, F3: -44.53] - ✓ success
Episode 183, Steps:   52, Total:  719.99, Leader:  853.20, [F0: -15.08, F1: -33.05, F2: -61.99, F3: -23.09] - ✓ success
Episode 184, Steps:   38, Total:  851.54, Leader:  903.68, [F0: -13.69, F1: -7.78, F2: -15.47, F3: -15.21] - ✓ success
Episode 185, Steps:   45, Total:  857.05, Leader:  897.74, [F0: -5.04, F1: -10.90, F2: -40.56, F3: 15.82] - ✓ success
Episode 186, Steps:   82, Total:  546.21, Leader:  680.57, [F0: -57.50, F1: -31.96, F2: -21.97, F3: -22.93] - ✓ success
Episode 187, Steps:   46, Total:  856.49, Leader:  885.04, [F0: -6.24, F1: -8.00, F2: -20.44, F3: 6.12] - ✓ success
Episode 188, Steps:   65, Total:  664.90, Leader:  782.17, [F0: -3.89, F1: -20.95, F2: -51.45, F3: -40.98] - ✓ success
Episode 189, Steps:   61, Total:  653.48, Leader:  809.30, [F0: -19.55, F1: -59.63, F2: -48.80, F3: -27.84] - ✓ success
Episode 190, Steps:   45, Total:  806.07, Leader:  886.25, [F0: -9.47, F1: -9.95, F2: -52.95, F3: -7.80] - ✓ success
Episode 191, Steps:    5, Total: -532.54, Leader: -521.62, [F0: -2.52, F1: -3.19, F2: -2.79, F3: -2.42] - ✗ failure
Episode 192, Steps:   55, Total:  720.48, Leader:  841.40, [F0: -29.30, F1: -47.25, F2: -26.72, F3: -17.65] - ✓ success
Episode 193, Steps:   41, Total:  821.98, Leader:  903.44, [F0: -8.23, F1: 2.19, F2: -68.35, F3: -7.07] - ✓ success
Episode 194, Steps:  118, Total:  115.89, Leader:  371.50, [F0: -55.59, F1: -54.06, F2: -77.83, F3: -68.14] - ✓ success
Episode 195, Steps:   31, Total:  884.23, Leader:  921.55, [F0: 4.93, F1: -13.39, F2: -17.34, F3: -11.51] - ✓ success
Episode 196, Steps:   50, Total:  735.98, Leader:  850.48, [F0: -54.41, F1: -19.71, F2: -25.28, F3: -15.10] - ✓ success
Episode 197, Steps:   65, Total:  716.09, Leader:  804.66, [F0: -11.69, F1: -29.28, F2: -26.53, F3: -21.07] - ✓ success
Episode 198, Steps:   46, Total: -747.70, Leader: -677.69, [F0: -23.51, F1: -21.31, F2: -7.15, F3: -18.04] - ✗ failure
Episode 199, Steps:   72, Total:  676.06, Leader:  819.78, [F0: -4.89, F1: -10.47, F2: -29.01, F3: -99.35] - ✓ success
Episode 200, Steps:   63, Total:  675.83, Leader:  822.85, [F0: -13.77, F1: -41.79, F2: -61.44, F3: -30.02] - ✓ success
Episode 201, Steps:  128, Total:  248.99, Leader:  611.77, [F0: -48.92, F1: 9.99, F2: -260.11, F3: -63.76] - ✓ success
Episode 202, Steps:   91, Total:  506.84, Leader:  678.49, [F0: -35.11, F1: -32.02, F2: -58.60, F3: -45.92] - ✓ success
Episode 203, Steps:   55, Total:  736.72, Leader:  833.75, [F0: -3.23, F1: -25.97, F2: -42.07, F3: -25.76] - ✓ success
Episode 204, Steps:   57, Total:  804.71, Leader:  848.48, [F0: 7.76, F1: -20.71, F2: -22.78, F3: -8.04] - ✓ success
Episode 205, Steps:   62, Total:  778.01, Leader:  840.17, [F0: -6.27, F1: -13.24, F2: -29.71, F3: -12.94] - ✓ success
Episode 206, Steps:   38, Total:  872.69, Leader:  906.54, [F0: -12.50, F1: -1.87, F2: -10.67, F3: -8.82] - ✓ success
Episode 207, Steps:  140, Total:  408.36, Leader:  608.42, [F0: -55.11, F1: -29.39, F2: -62.96, F3: -52.60] - ✓ success
Episode 208, Steps:   38, Total:  893.22, Leader:  924.35, [F0: -0.41, F1: -0.22, F2: -33.93, F3: 3.42] - ✓ success
Episode 209, Steps:   25, Total:  906.72, Leader:  953.30, [F0: 14.19, F1: 1.47, F2: -50.77, F3: -11.46] - ✓ success
Episode 210, Steps:   58, Total:  763.76, Leader:  850.27, [F0: -18.00, F1: -1.39, F2: -30.36, F3: -36.75] - ✓ success
Episode 211, Steps:   34, Total:  929.82, Leader:  921.72, [F0: 7.14, F1: 9.13, F2: 8.52, F3: -16.68] - ✓ success
Episode 212, Steps:   37, Total:  862.20, Leader:  916.25, [F0: -5.07, F1: -3.37, F2: -18.80, F3: -26.81] - ✓ success
Episode 213, Steps:   65, Total:  713.94, Leader:  800.24, [F0: -11.81, F1: -28.91, F2: -6.96, F3: -38.62] - ✓ success
Episode 214, Steps:   56, Total:  402.28, Leader:  675.18, [F0: -73.27, F1: -54.83, F2: -87.18, F3: -57.63] - ✓ success
Episode 215, Steps:  108, Total:  760.98, Leader:  835.61, [F0: -35.80, F1: -2.30, F2: -16.05, F3: -20.48] - ✓ success
Episode 216, Steps:   63, Total:  766.40, Leader:  851.43, [F0: -37.71, F1: 6.35, F2: -39.78, F3: -13.88] - ✓ success
Episode 217, Steps:   59, Total:  762.72, Leader:  825.24, [F0: -22.04, F1: -23.58, F2: 2.85, F3: -19.74] - ✓ success
Episode 218, Steps:  102, Total:  738.09, Leader:  806.94, [F0: -12.59, F1: -12.54, F2: 2.80, F3: -46.52] - ✓ success
Episode 219, Steps:   42, Total:  853.02, Leader:  888.25, [F0: -15.58, F1: 9.79, F2: -22.08, F3: -7.35] - ✓ success
Episode 220, Steps:   40, Total:  873.42, Leader:  905.80, [F0: -1.70, F1: -4.52, F2: -12.88, F3: -13.28] - ✓ success
  💾 模型已保存 (episode 220)
Episode 221, Steps:   43, Total:  895.48, Leader:  904.76, [F0: -4.26, F1: -3.62, F2: -5.19, F3: 3.78] - ✓ success
Episode 222, Steps:   74, Total:  547.50, Leader:  679.62, [F0: -25.73, F1: -41.71, F2: -25.25, F3: -39.42] - ✓ success
Episode 223, Steps:   33, Total:  951.48, Leader:  943.30, [F0: 12.26, F1: 16.41, F2: -15.98, F3: -4.51] - ✓ success
Episode 224, Steps:   57, Total:  699.54, Leader:  833.19, [F0: -5.13, F1: -37.39, F2: -68.38, F3: -22.75] - ✓ success
Episode 225, Steps:   56, Total:  729.35, Leader:  834.07, [F0: -9.10, F1: -29.96, F2: -38.02, F3: -27.65] - ✓ success
Episode 226, Steps:   56, Total:  872.75, Leader:  895.86, [F0: 4.03, F1: 5.14, F2: -16.39, F3: -15.90] - ✓ success
Episode 227, Steps:   55, Total:  765.24, Leader:  850.56, [F0: 3.25, F1: -15.97, F2: -22.25, F3: -50.35] - ✓ success
Episode 228, Steps:   55, Total:  819.25, Leader:  865.56, [F0: -5.70, F1: -9.63, F2: -14.33, F3: -16.66] - ✓ success
Episode 229, Steps:   57, Total:  741.50, Leader:  836.87, [F0: -33.10, F1: -14.05, F2: -17.58, F3: -30.63] - ✓ success
Episode 230, Steps:    3, Total: -521.57, Leader: -514.39, [F0: -1.82, F1: -1.76, F2: -1.65, F3: -1.95] - ✗ failure
Episode 231, Steps:   77, Total:  690.70, Leader:  752.01, [F0: -14.49, F1: -22.26, F2: 7.45, F3: -32.01] - ✓ success
Episode 232, Steps:   53, Total:  769.58, Leader:  852.77, [F0: -19.11, F1: -30.58, F2: -23.60, F3: -9.89] - ✓ success
Episode 233, Steps:  146, Total:  646.03, Leader:  753.81, [F0: -7.01, F1: -31.86, F2: -28.31, F3: -40.61] - ✓ success
Episode 234, Steps:   37, Total:  866.30, Leader:  905.69, [F0: -4.53, F1: -7.68, F2: -13.66, F3: -13.52] - ✓ success
Episode 235, Steps:   63, Total:  683.66, Leader:  816.39, [F0: -11.66, F1: -6.35, F2: -79.46, F3: -35.26] - ✓ success
Episode 236, Steps:   38, Total:  901.34, Leader:  913.65, [F0: 6.51, F1: 9.30, F2: -15.10, F3: -13.02] - ✓ success
Episode 237, Steps:   32, Total:  891.26, Leader:  925.41, [F0: -0.65, F1: -11.80, F2: -8.56, F3: -13.14] - ✓ success
Episode 238, Steps:   83, Total:  843.01, Leader:  876.37, [F0: -13.41, F1: -0.43, F2: 0.43, F3: -19.95] - ✓ success
Episode 239, Steps:   67, Total:  626.30, Leader:  778.40, [F0: -20.80, F1: -48.42, F2: -46.99, F3: -35.89] - ✓ success
Episode 240, Steps:   56, Total:  375.04, Leader:  670.38, [F0: -52.50, F1: -56.80, F2: -89.15, F3: -96.89] - ✓ success
  💾 模型已保存 (episode 240)
Episode 241, Steps:   74, Total:  641.51, Leader:  749.97, [F0: -14.75, F1: -47.02, F2: -1.53, F3: -45.16] - ✓ success
Episode 242, Steps:   62, Total:  732.33, Leader:  816.81, [F0: -1.51, F1: -22.02, F2: -44.98, F3: -15.97] - ✓ success
Episode 243, Steps:   40, Total:  895.08, Leader:  906.08, [F0: -1.46, F1: 2.50, F2: 0.50, F3: -12.54] - ✓ success
Episode 244, Steps:   97, Total:  449.92, Leader:  685.00, [F0: -33.55, F1: -10.45, F2: -142.78, F3: -48.31] - ✓ success
Episode 245, Steps:   53, Total:  687.62, Leader:  838.90, [F0: -10.60, F1: -65.94, F2: -41.53, F3: -33.22] - ✓ success
Episode 246, Steps:   60, Total:  685.21, Leader:  776.58, [F0: -14.54, F1: -24.58, F2: -17.30, F3: -34.95] - ✓ success
Episode 247, Steps:   67, Total:  828.08, Leader:  883.27, [F0: -5.20, F1: -16.62, F2: -20.00, F3: -13.37] - ✓ success
Episode 248, Steps:   56, Total:  888.20, Leader:  901.56, [F0: 10.36, F1: 1.21, F2: -9.60, F3: -15.33] - ✓ success
Episode 249, Steps:   37, Total:  877.54, Leader:  906.01, [F0: -10.58, F1: 5.79, F2: -10.75, F3: -12.93] - ✓ success
Episode 250, Steps:   43, Total:  862.60, Leader:  901.36, [F0: 6.14, F1: -5.76, F2: -19.71, F3: -19.43] - ✓ success
Episode 251, Steps:   30, Total:  956.07, Leader:  946.27, [F0: 0.67, F1: 8.62, F2: 0.77, F3: -0.26] - ✓ success
Episode 252, Steps:  109, Total:  687.89, Leader:  791.86, [F0: -9.62, F1: -15.56, F2: -46.43, F3: -32.35] - ✓ success
Episode 253, Steps:   58, Total:  802.43, Leader:  850.90, [F0: -7.83, F1: 0.77, F2: -28.49, F3: -12.92] - ✓ success
Episode 254, Steps:   47, Total:  864.22, Leader:  890.98, [F0: 0.95, F1: -4.60, F2: -15.77, F3: -7.33] - ✓ success
Episode 255, Steps:   39, Total:  912.37, Leader:  905.65, [F0: 5.71, F1: -2.44, F2: -3.62, F3: 7.06] - ✓ success
Episode 256, Steps:   70, Total:  703.69, Leader:  822.41, [F0: -17.82, F1: -33.88, F2: -29.91, F3: -37.11] - ✓ success
Episode 257, Steps:   68, Total:  715.19, Leader:  782.40, [F0: 0.63, F1: -21.34, F2: -20.18, F3: -26.33] - ✓ success
Episode 258, Steps:   59, Total:  642.59, Leader:  818.10, [F0: -38.30, F1: -22.70, F2: -41.92, F3: -72.59] - ✓ success
Episode 259, Steps:   40, Total:  898.98, Leader:  917.00, [F0: -5.02, F1: 9.55, F2: -12.48, F3: -10.07] - ✓ success
Episode 260, Steps:   31, Total:  886.73, Leader:  921.41, [F0: -10.78, F1: -19.24, F2: -12.73, F3: 8.06] - ✓ success
  💾 模型已保存 (episode 260)
Episode 261, Steps:   66, Total:  709.69, Leader:  790.86, [F0: -8.18, F1: -28.81, F2: -26.97, F3: -17.21] - ✓ success
Episode 262, Steps:   65, Total:  722.56, Leader:  810.34, [F0: -3.20, F1: -32.65, F2: -30.09, F3: -21.84] - ✓ success
Episode 263, Steps:   67, Total:  706.26, Leader:  791.01, [F0: -12.73, F1: -13.86, F2: -35.18, F3: -22.98] - ✓ success
Episode 264, Steps:   95, Total:  755.37, Leader:  830.06, [F0: -23.40, F1: -3.62, F2: -22.16, F3: -25.51] - ✓ success
Episode 265, Steps:   58, Total:  746.90, Leader:  805.60, [F0: -12.56, F1: -0.49, F2: -33.30, F3: -12.35] - ✓ success
Episode 266, Steps:   58, Total:  833.35, Leader:  861.51, [F0: 1.60, F1: -6.61, F2: -16.42, F3: -6.73] - ✓ success
Episode 267, Steps:   49, Total:  831.64, Leader:  877.40, [F0: 1.58, F1: -6.16, F2: -27.31, F3: -13.87] - ✓ success
Episode 268, Steps:   35, Total:  845.58, Leader:  910.86, [F0: -5.52, F1: -0.28, F2: -13.59, F3: -45.88] - ✓ success
Episode 269, Steps:   49, Total:  826.07, Leader:  876.29, [F0: 7.90, F1: -14.98, F2: -35.00, F3: -8.15] - ✓ success
Episode 270, Steps:   64, Total:  446.58, Leader:  588.27, [F0: -43.86, F1: -10.26, F2: -50.38, F3: -37.19] - ✓ success
Episode 271, Steps:   42, Total:  855.66, Leader:  904.94, [F0: -1.71, F1: -18.24, F2: -14.22, F3: -15.11] - ✓ success
Episode 272, Steps:   41, Total:  898.87, Leader:  915.47, [F0: 6.98, F1: 4.73, F2: -23.83, F3: -4.47] - ✓ success
Episode 273, Steps:   45, Total:  830.06, Leader:  890.64, [F0: -2.60, F1: -5.40, F2: -1.52, F3: -51.05] - ✓ success
Episode 274, Steps:   69, Total:  695.07, Leader:  799.14, [F0: -1.72, F1: -39.91, F2: -38.62, F3: -23.81] - ✓ success
Episode 275, Steps:   71, Total: -1347.05, Leader: -987.03, [F0: -124.65, F1: -49.06, F2: -113.91, F3: -72.40] - ✗ failure
Episode 276, Steps:   79, Total:  185.81, Leader:  488.58, [F0: -49.62, F1: -106.21, F2: -91.87, F3: -55.07] - ✓ success
Episode 277, Steps:   63, Total:  714.94, Leader:  821.37, [F0: -2.35, F1: -52.23, F2: -36.83, F3: -15.02] - ✓ success
Episode 278, Steps:   33, Total:  906.05, Leader:  938.80, [F0: 6.75, F1: -18.39, F2: -18.38, F3: -2.72] - ✓ success
Episode 279, Steps:   40, Total:  882.35, Leader:  913.40, [F0: -7.52, F1: -1.38, F2: -6.99, F3: -15.17] - ✓ success
Episode 280, Steps:   46, Total:  788.51, Leader:  864.78, [F0: -8.39, F1: -36.55, F2: -24.93, F3: -6.39] - ✓ success
  💾 模型已保存 (episode 280)
Episode 281, Steps:   74, Total:  672.56, Leader:  771.94, [F0: -17.06, F1: -30.03, F2: -27.26, F3: -25.02] - ✓ success
Episode 282, Steps:   33, Total:  922.48, Leader:  932.32, [F0: -0.66, F1: 7.91, F2: -4.31, F3: -12.79] - ✓ success
Episode 283, Steps:   34, Total:  913.87, Leader:  918.77, [F0: 3.17, F1: -3.85, F2: -13.90, F3: 9.68] - ✓ success
Episode 284, Steps:   65, Total:  773.69, Leader:  821.37, [F0: -10.79, F1: -4.99, F2: -26.28, F3: -5.62] - ✓ success
Episode 285, Steps:   64, Total:  769.86, Leader:  832.49, [F0: 12.64, F1: -14.89, F2: -44.52, F3: -15.86] - ✓ success
Episode 286, Steps:    9, Total: -559.68, Leader: -537.54, [F0: -4.37, F1: -4.91, F2: -6.29, F3: -6.56] - ✗ failure
Episode 287, Steps:   29, Total:  974.04, Leader:  949.75, [F0: 9.47, F1: 5.25, F2: 4.56, F3: 5.01] - ✓ success
Episode 288, Steps:   41, Total:  719.72, Leader:  847.95, [F0: -14.86, F1: -112.56, F2: -13.03, F3: 12.22] - ✓ success
Episode 289, Steps:   52, Total:  848.62, Leader:  884.79, [F0: -15.78, F1: -6.21, F2: -18.09, F3: 3.90] - ✓ success
Episode 290, Steps:   57, Total:  767.07, Leader:  840.44, [F0: 1.21, F1: -26.30, F2: -28.93, F3: -19.35] - ✓ success
Episode 291, Steps:   34, Total:  916.95, Leader:  935.60, [F0: 1.93, F1: -1.56, F2: -5.91, F3: -13.11] - ✓ success
Episode 292, Steps:   56, Total:  837.70, Leader:  857.63, [F0: 5.33, F1: -1.92, F2: -22.06, F3: -1.28] - ✓ success
Episode 293, Steps:   57, Total:  784.01, Leader:  844.22, [F0: -0.15, F1: -22.39, F2: -32.13, F3: -5.53] - ✓ success
Episode 294, Steps:   69, Total:  701.72, Leader:  778.68, [F0: 1.32, F1: -9.24, F2: -36.23, F3: -32.81] - ✓ success
Episode 295, Steps:   53, Total:  808.91, Leader:  853.61, [F0: 2.12, F1: -2.55, F2: -30.23, F3: -14.05] - ✓ success
Episode 296, Steps:   51, Total:  847.83, Leader:  871.20, [F0: -3.82, F1: -20.48, F2: -0.71, F3: 1.63] - ✓ success
Episode 297, Steps:   52, Total:  881.81, Leader:  881.26, [F0: 16.62, F1: -0.20, F2: -11.35, F3: -4.52] - ✓ success
Episode 298, Steps:   43, Total:  869.18, Leader:  898.70, [F0: -0.96, F1: 8.33, F2: -19.48, F3: -17.41] - ✓ success
Episode 299, Steps:   26, Total:  903.87, Leader:  941.62, [F0: -0.52, F1: -32.24, F2: 6.88, F3: -11.86] - ✓ success
Episode 300, Steps:   61, Total:  784.94, Leader:  838.64, [F0: -0.39, F1: -9.50, F2: -31.54, F3: -12.28] - ✓ success
  💾 模型已保存 (episode 300)
Episode 301, Steps:   61, Total:  724.90, Leader:  809.97, [F0: -18.77, F1: -14.89, F2: -37.01, F3: -14.40] - ✓ success
Episode 302, Steps:   39, Total:  918.55, Leader:  911.45, [F0: -7.01, F1: 7.01, F2: 10.01, F3: -2.90] - ✓ success
Episode 303, Steps:    7, Total: -549.25, Leader: -527.73, [F0: -3.75, F1: -7.98, F2: -2.98, F3: -6.80] - ✗ failure
Episode 304, Steps:   54, Total:  690.98, Leader:  818.26, [F0: -31.66, F1: -41.62, F2: -30.34, F3: -23.65] - ✓ success
Episode 305, Steps:   45, Total:  894.84, Leader:  904.33, [F0: 5.03, F1: 2.59, F2: -6.50, F3: -10.62] - ✓ success
Episode 306, Steps:   32, Total:  928.33, Leader:  945.99, [F0: -3.61, F1: -3.21, F2: -8.41, F3: -2.43] - ✓ success
Episode 307, Steps:   39, Total:  891.55, Leader:  918.40, [F0: -9.21, F1: -17.90, F2: 1.52, F3: -1.26] - ✓ success
Episode 308, Steps:   68, Total:  677.39, Leader:  799.48, [F0: -34.11, F1: -15.04, F2: -52.15, F3: -20.79] - ✓ success
Episode 309, Steps:   27, Total:  943.55, Leader:  944.34, [F0: -8.69, F1: -1.79, F2: 7.93, F3: 1.75] - ✓ success
Episode 310, Steps:   52, Total:  819.06, Leader:  864.28, [F0: 5.87, F1: 4.35, F2: -32.27, F3: -23.16] - ✓ success
Episode 311, Steps:   65, Total:  702.79, Leader:  812.60, [F0: 1.81, F1: -20.31, F2: -67.71, F3: -23.61] - ✓ success
Episode 312, Steps:   47, Total:  865.47, Leader:  892.02, [F0: 16.62, F1: -1.05, F2: -36.72, F3: -5.41] - ✓ success
Episode 313, Steps:   57, Total:  830.03, Leader:  849.03, [F0: 3.97, F1: -1.58, F2: -8.85, F3: -12.56] - ✓ success
Episode 314, Steps:   15, Total: -617.79, Leader: -566.97, [F0: -10.52, F1: -11.59, F2: -15.51, F3: -13.20] - ✗ failure
Episode 315, Steps:   51, Total:  796.33, Leader:  863.78, [F0: -20.00, F1: 5.21, F2: -33.14, F3: -19.51] - ✓ success
Episode 316, Steps:   65, Total:  683.65, Leader:  809.66, [F0: -51.91, F1: -11.43, F2: -2.61, F3: -60.07] - ✓ success
Episode 317, Steps:   57, Total:  816.19, Leader:  856.28, [F0: 5.76, F1: -6.17, F2: -19.63, F3: -20.05] - ✓ success
Episode 318, Steps:   59, Total:  696.98, Leader:  827.11, [F0: -13.51, F1: -40.62, F2: -33.54, F3: -42.45] - ✓ success
Episode 319, Steps:   42, Total:  930.30, Leader:  930.71, [F0: -1.80, F1: 13.76, F2: 2.03, F3: -14.40] - ✓ success
Episode 320, Steps:   42, Total:  846.99, Leader:  876.27, [F0: 1.52, F1: -11.65, F2: -0.67, F3: -18.49] - ✓ success
  💾 模型已保存 (episode 320)
Episode 321, Steps:   65, Total:  676.70, Leader:  772.94, [F0: -38.24, F1: -8.40, F2: -17.38, F3: -32.21] - ✓ success
Episode 322, Steps:   57, Total:  808.82, Leader:  861.30, [F0: -5.22, F1: -11.82, F2: -17.35, F3: -18.09] - ✓ success
Episode 323, Steps:   64, Total:  800.75, Leader:  867.57, [F0: -4.99, F1: -10.05, F2: -23.38, F3: -28.40] - ✓ success
Episode 324, Steps:   51, Total:  838.08, Leader:  872.27, [F0: -3.46, F1: -0.69, F2: -14.69, F3: -15.36] - ✓ success
Episode 325, Steps:   55, Total:  818.56, Leader:  849.22, [F0: 12.78, F1: -1.55, F2: -29.55, F3: -12.32] - ✓ success
Episode 326, Steps:   24, Total: 1008.26, Leader:  968.33, [F0: 2.74, F1: 10.51, F2: 15.69, F3: 10.99] - ✓ success
Episode 327, Steps:   37, Total:  941.34, Leader:  931.08, [F0: 9.21, F1: -6.79, F2: 10.11, F3: -2.28] - ✓ success
Episode 328, Steps:   60, Total:  782.67, Leader:  829.25, [F0: 17.64, F1: -2.02, F2: -35.29, F3: -26.91] - ✓ success
Episode 329, Steps:   41, Total:  910.43, Leader:  924.17, [F0: 8.19, F1: 0.95, F2: -21.14, F3: -1.74] - ✓ success
Episode 330, Steps:   48, Total:  930.66, Leader:  901.13, [F0: 6.61, F1: 4.48, F2: 21.62, F3: -3.17] - ✓ success
Episode 331, Steps:   56, Total:  828.34, Leader:  863.01, [F0: -1.65, F1: -8.10, F2: -25.27, F3: 0.36] - ✓ success
Episode 332, Steps:   56, Total:  889.44, Leader:  861.50, [F0: 9.07, F1: -3.49, F2: 43.60, F3: -21.24] - ✓ success
Episode 333, Steps:   44, Total:  932.43, Leader:  919.79, [F0: 12.68, F1: -2.50, F2: 11.11, F3: -8.66] - ✓ success
Episode 334, Steps:   45, Total:  855.63, Leader:  896.00, [F0: -9.01, F1: -17.87, F2: -1.64, F3: -11.83] - ✓ success
Episode 335, Steps:   49, Total:  937.91, Leader:  897.98, [F0: 15.04, F1: 1.40, F2: 33.62, F3: -10.12] - ✓ success
Episode 336, Steps:   49, Total:  803.34, Leader:  869.19, [F0: -3.99, F1: -13.29, F2: -28.19, F3: -20.39] - ✓ success
Episode 337, Steps:   61, Total:  764.57, Leader:  820.40, [F0: 0.49, F1: -8.66, F2: -22.86, F3: -24.79] - ✓ success
Episode 338, Steps:   44, Total:  861.88, Leader:  893.56, [F0: -2.97, F1: -5.07, F2: -13.25, F3: -10.39] - ✓ success
Episode 339, Steps:   33, Total:  921.00, Leader:  940.35, [F0: 13.14, F1: -1.03, F2: -26.82, F3: -4.65] - ✓ success
Episode 340, Steps:   46, Total:  921.97, Leader:  900.07, [F0: 0.06, F1: -4.09, F2: 28.16, F3: -2.23] - ✓ success
  💾 模型已保存 (episode 340)
Episode 341, Steps:   36, Total:  926.42, Leader:  918.90, [F0: 9.03, F1: -8.61, F2: 8.31, F3: -1.22] - ✓ success
Episode 342, Steps:   68, Total:  815.22, Leader:  855.55, [F0: -3.23, F1: -5.42, F2: -9.54, F3: -22.14] - ✓ success
Episode 343, Steps:   46, Total:  859.49, Leader:  888.53, [F0: -5.20, F1: -4.29, F2: -12.22, F3: -7.33] - ✓ success
Episode 344, Steps:  109, Total:  719.69, Leader:  811.05, [F0: -21.22, F1: -0.21, F2: -32.91, F3: -37.02] - ✓ success
Episode 345, Steps:   35, Total:  986.31, Leader:  940.11, [F0: 10.87, F1: 8.83, F2: 16.01, F3: 10.49] - ✓ success
Episode 346, Steps:   50, Total:  848.28, Leader:  874.15, [F0: 1.36, F1: -7.94, F2: 1.11, F3: -20.41] - ✓ success
Episode 347, Steps:   39, Total:  895.55, Leader:  934.05, [F0: -4.85, F1: 5.79, F2: -33.68, F3: -5.76] - ✓ success
Episode 348, Steps:   31, Total:  898.56, Leader:  922.65, [F0: -3.32, F1: -0.00, F2: -3.20, F3: -17.56] - ✓ success
Episode 349, Steps:   36, Total:  943.39, Leader:  927.62, [F0: 8.71, F1: 14.35, F2: 5.86, F3: -13.15] - ✓ success
Episode 350, Steps:   30, Total:  949.28, Leader:  945.19, [F0: -13.78, F1: 9.03, F2: 5.31, F3: 3.54] - ✓ success
Episode 351, Steps:   50, Total:  861.04, Leader:  875.74, [F0: -31.65, F1: 2.29, F2: 18.14, F3: -3.48] - ✓ success
Episode 352, Steps:   53, Total:  815.66, Leader:  846.14, [F0: 0.32, F1: -13.96, F2: 3.41, F3: -20.26] - ✓ success
Episode 353, Steps:   40, Total:  990.66, Leader:  938.76, [F0: 3.40, F1: 11.29, F2: 30.10, F3: 7.11] - ✓ success
Episode 354, Steps:   61, Total:  845.14, Leader:  845.84, [F0: 5.18, F1: -7.49, F2: -6.62, F3: 8.23] - ✓ success
Episode 355, Steps:   60, Total:  839.62, Leader:  848.75, [F0: -12.88, F1: 0.30, F2: 1.12, F3: 2.35] - ✓ success
Episode 356, Steps:   35, Total:  937.53, Leader:  929.27, [F0: 1.59, F1: -3.53, F2: 7.31, F3: 2.90] - ✓ success
Episode 357, Steps:   57, Total:  811.20, Leader:  848.74, [F0: -6.29, F1: 0.78, F2: -17.73, F3: -14.32] - ✓ success
Episode 358, Steps:   46, Total:  886.23, Leader:  896.65, [F0: -33.71, F1: 1.98, F2: 20.82, F3: 0.49] - ✓ success
Episode 359, Steps:   47, Total:  873.93, Leader:  886.92, [F0: -5.57, F1: 10.88, F2: -11.32, F3: -6.97] - ✓ success
Episode 360, Steps:   50, Total:  777.15, Leader:  812.56, [F0: -1.74, F1: -6.56, F2: -9.45, F3: -17.66] - ✓ success
  💾 模型已保存 (episode 360)
Episode 361, Steps:   35, Total:  917.95, Leader:  932.04, [F0: 6.25, F1: -0.72, F2: -8.56, F3: -11.06] - ✓ success
Episode 362, Steps:   41, Total:  905.02, Leader:  910.30, [F0: 6.63, F1: -4.95, F2: -8.12, F3: 1.17] - ✓ success
Episode 363, Steps:   55, Total:  827.61, Leader:  857.37, [F0: 0.18, F1: -9.17, F2: -14.44, F3: -6.33] - ✓ success
Episode 364, Steps:   41, Total:  926.18, Leader:  917.30, [F0: 18.79, F1: 9.15, F2: -10.33, F3: -8.73] - ✓ success
Episode 365, Steps:   49, Total:  864.10, Leader:  886.03, [F0: -9.47, F1: -6.17, F2: 0.20, F3: -6.51] - ✓ success
Episode 366, Steps:   62, Total:  723.44, Leader:  790.17, [F0: -12.42, F1: -18.88, F2: -20.38, F3: -15.05] - ✓ success
Episode 367, Steps:   40, Total:  897.48, Leader:  911.65, [F0: 2.70, F1: -2.50, F2: -11.13, F3: -3.24] - ✓ success
Episode 368, Steps:   35, Total:  944.43, Leader:  934.33, [F0: 8.84, F1: -2.94, F2: 13.26, F3: -9.07] - ✓ success
Episode 369, Steps:   50, Total:  905.34, Leader:  889.83, [F0: 5.75, F1: 2.23, F2: 7.53, F3: 0.00] - ✓ success
Episode 370, Steps:   43, Total:  927.11, Leader:  909.28, [F0: 6.10, F1: 2.15, F2: 9.93, F3: -0.35] - ✓ success
Episode 371, Steps:  172, Total:  244.24, Leader:  689.67, [F0: -82.16, F1: -54.73, F2: -61.90, F3: -246.64] - ✓ success
Episode 372, Steps:    7, Total: -538.19, Leader: -528.61, [F0: -2.66, F1: -4.44, F2: -1.34, F3: -1.15] - ✗ failure
Episode 373, Steps:   43, Total:  815.29, Leader:  844.66, [F0: -5.14, F1: 0.48, F2: -20.29, F3: -4.41] - ✓ success
Episode 374, Steps:   49, Total:  913.95, Leader:  895.79, [F0: 3.80, F1: -9.75, F2: 26.84, F3: -2.73] - ✓ success
Episode 375, Steps:   28, Total:  917.49, Leader:  931.42, [F0: 1.81, F1: 6.73, F2: -11.24, F3: -11.22] - ✓ success
Episode 376, Steps:   44, Total:  835.64, Leader:  878.38, [F0: -1.62, F1: -12.56, F2: -21.00, F3: -7.56] - ✓ success
Episode 377, Steps:   64, Total:  623.95, Leader:  772.74, [F0: -8.98, F1: -25.52, F2: -21.07, F3: -93.22] - ✓ success
Episode 378, Steps:   44, Total:  883.03, Leader:  902.15, [F0: -11.80, F1: 2.78, F2: 1.66, F3: -11.76] - ✓ success
Episode 379, Steps:   72, Total:  621.67, Leader:  727.95, [F0: -6.11, F1: -45.41, F2: -27.52, F3: -27.24] - ✓ success
Episode 380, Steps:   39, Total:  961.87, Leader:  929.85, [F0: -1.13, F1: 14.82, F2: 9.98, F3: 8.35] - ✓ success
  💾 模型已保存 (episode 380)
Episode 381, Steps:   51, Total:  932.04, Leader:  893.30, [F0: 9.76, F1: -1.61, F2: 34.69, F3: -4.11] - ✓ success
Episode 382, Steps:   35, Total:  935.08, Leader:  924.95, [F0: -0.60, F1: -14.89, F2: 16.20, F3: 9.42] - ✓ success
Episode 383, Steps:   43, Total:  903.51, Leader:  893.75, [F0: 4.13, F1: 3.42, F2: 3.25, F3: -1.04] - ✓ success
Episode 384, Steps:   41, Total:  961.34, Leader:  917.18, [F0: 11.00, F1: 8.85, F2: 27.27, F3: -2.96] - ✓ success
Episode 385, Steps:   46, Total:  900.76, Leader:  901.62, [F0: 2.82, F1: -4.49, F2: -7.57, F3: 8.38] - ✓ success
Episode 386, Steps:   50, Total:  820.82, Leader:  865.59, [F0: -32.80, F1: 5.76, F2: -6.92, F3: -10.81] - ✓ success
Episode 387, Steps:   43, Total:  807.71, Leader:  879.93, [F0: -6.29, F1: -25.21, F2: -25.46, F3: -15.26] - ✓ success
Episode 388, Steps:   46, Total:  915.14, Leader:  906.30, [F0: 12.41, F1: 5.40, F2: -4.16, F3: -4.81] - ✓ success
Episode 389, Steps:   47, Total:  928.38, Leader:  903.38, [F0: 6.82, F1: 9.04, F2: 11.22, F3: -2.09] - ✓ success
Episode 390, Steps:   31, Total:  899.52, Leader:  927.62, [F0: -6.12, F1: -8.24, F2: -10.38, F3: -3.35] - ✓ success
Episode 391, Steps:   42, Total:  975.27, Leader:  935.86, [F0: 4.76, F1: 3.09, F2: 31.13, F3: 0.43] - ✓ success
Episode 392, Steps:   40, Total:  847.04, Leader:  903.80, [F0: -2.76, F1: -12.40, F2: -21.42, F3: -20.18] - ✓ success
Episode 393, Steps:   42, Total:  883.47, Leader:  900.70, [F0: -32.34, F1: 7.55, F2: 6.31, F3: 1.25] - ✓ success
Episode 394, Steps:   44, Total:  916.00, Leader:  907.77, [F0: 6.58, F1: -2.98, F2: 9.93, F3: -5.30] - ✓ success
Episode 395, Steps:   35, Total:  914.50, Leader:  918.83, [F0: 2.76, F1: 17.09, F2: -8.79, F3: -15.39] - ✓ success
Episode 396, Steps:   46, Total:  964.33, Leader:  911.85, [F0: 8.66, F1: 0.95, F2: 40.00, F3: 2.87] - ✓ success
Episode 397, Steps:   44, Total:  835.21, Leader:  877.75, [F0: -11.96, F1: -0.60, F2: -17.68, F3: -12.31] - ✓ success
Episode 398, Steps:   41, Total:  985.94, Leader:  936.40, [F0: 18.98, F1: 3.48, F2: 39.74, F3: -12.67] - ✓ success
Episode 399, Steps:   44, Total:  909.49, Leader:  901.43, [F0: -1.75, F1: -0.17, F2: 25.10, F3: -15.12] - ✓ success
Episode 400, Steps:   33, Total:  944.02, Leader:  942.91, [F0: 1.74, F1: 5.93, F2: -11.37, F3: 4.82] - ✓ success
  💾 模型已保存 (episode 400)
Episode 401, Steps:   48, Total:  862.15, Leader:  880.23, [F0: -1.33, F1: -2.36, F2: -12.34, F3: -2.05] - ✓ success
Episode 402, Steps:   56, Total:  905.99, Leader:  881.54, [F0: 5.82, F1: 12.30, F2: 11.94, F3: -5.60] - ✓ success
Episode 403, Steps:   29, Total:  879.93, Leader:  927.42, [F0: -13.02, F1: -22.75, F2: -15.26, F3: 3.55] - ✓ success
Episode 404, Steps:   27, Total: 1020.08, Leader:  965.02, [F0: 13.88, F1: 9.16, F2: 19.18, F3: 12.83] - ✓ success
Episode 405, Steps:   35, Total:  981.79, Leader:  940.70, [F0: 11.72, F1: 13.03, F2: 21.30, F3: -4.95] - ✓ success
Episode 406, Steps:   58, Total:  927.99, Leader:  872.22, [F0: 18.07, F1: 7.26, F2: 24.37, F3: 6.07] - ✓ success
Episode 407, Steps:   49, Total:  856.27, Leader:  877.42, [F0: -1.08, F1: 0.56, F2: -25.77, F3: 5.14] - ✓ success
Episode 408, Steps:   75, Total:  746.20, Leader:  791.11, [F0: 8.62, F1: 8.61, F2: -19.42, F3: -42.70] - ✓ success
Episode 409, Steps:   46, Total:  962.82, Leader:  918.02, [F0: 13.96, F1: 6.34, F2: 31.53, F3: -7.03] - ✓ success
Episode 410, Steps:   75, Total:  434.13, Leader:  612.82, [F0: -69.04, F1: -26.21, F2: -41.60, F3: -41.85] - ✓ success
Episode 411, Steps:   40, Total:  914.33, Leader:  913.70, [F0: 4.77, F1: -6.13, F2: -5.51, F3: 7.50] - ✓ success
Episode 412, Steps:   61, Total:  758.51, Leader:  847.17, [F0: 12.03, F1: -11.33, F2: -23.84, F3: -65.52] - ✓ success
Episode 413, Steps:   45, Total:  939.60, Leader:  915.42, [F0: 6.54, F1: 3.74, F2: 17.05, F3: -3.14] - ✓ success
Episode 414, Steps:   36, Total:  943.57, Leader:  928.48, [F0: -0.67, F1: -3.67, F2: 22.14, F3: -2.71] - ✓ success
Episode 415, Steps:   53, Total:  853.17, Leader:  877.00, [F0: 10.50, F1: -3.01, F2: -25.52, F3: -5.80] - ✓ success
Episode 416, Steps:   48, Total:  952.05, Leader:  916.78, [F0: 0.80, F1: 10.23, F2: 26.40, F3: -2.16] - ✓ success
Episode 417, Steps:   30, Total:  955.96, Leader:  941.74, [F0: 8.34, F1: -8.81, F2: 2.54, F3: 12.14] - ✓ success
Episode 418, Steps:   68, Total:  808.01, Leader:  823.66, [F0: -7.13, F1: -4.23, F2: 5.86, F3: -10.15] - ✓ success
Episode 419, Steps:   36, Total:  984.37, Leader:  945.78, [F0: 5.21, F1: 5.20, F2: 13.59, F3: 14.58] - ✓ success
Episode 420, Steps:   30, Total:  922.08, Leader:  933.58, [F0: 11.19, F1: -4.87, F2: -12.55, F3: -5.28] - ✓ success
  💾 模型已保存 (episode 420)
Episode 421, Steps:   50, Total:  914.91, Leader:  893.09, [F0: 10.53, F1: 8.61, F2: 8.96, F3: -6.28] - ✓ success
Episode 422, Steps:   58, Total:  887.50, Leader:  871.68, [F0: 9.90, F1: -2.65, F2: 5.71, F3: 2.86] - ✓ success
Episode 423, Steps:   55, Total:  892.75, Leader:  871.62, [F0: 13.62, F1: 6.00, F2: -5.06, F3: 6.56] - ✓ success
Episode 424, Steps:   44, Total:  902.77, Leader:  904.03, [F0: 9.77, F1: 1.12, F2: -7.45, F3: -4.70] - ✓ success
Episode 425, Steps:   41, Total:  886.89, Leader:  908.60, [F0: 7.85, F1: -5.02, F2: -16.36, F3: -8.18] - ✓ success
Episode 426, Steps:   51, Total:  878.96, Leader:  883.75, [F0: 12.81, F1: -3.68, F2: -10.60, F3: -3.33] - ✓ success
Episode 427, Steps:   47, Total:  911.68, Leader:  900.71, [F0: 5.83, F1: -12.26, F2: 11.54, F3: 5.86] - ✓ success
Episode 428, Steps:   95, Total:  607.39, Leader:  713.91, [F0: -21.54, F1: -16.93, F2: -24.37, F3: -43.68] - ✓ success
Episode 429, Steps:   70, Total:  619.02, Leader:  755.75, [F0: -47.47, F1: -45.19, F2: -25.83, F3: -18.25] - ✓ success
Episode 430, Steps:   47, Total:  962.96, Leader:  906.63, [F0: 15.23, F1: 7.48, F2: 26.68, F3: 6.93] - ✓ success
Episode 431, Steps:   48, Total:  953.31, Leader:  912.84, [F0: 9.23, F1: 16.87, F2: 15.96, F3: -1.58] - ✓ success
Episode 432, Steps:   54, Total:  873.35, Leader:  872.77, [F0: 8.86, F1: 0.33, F2: -2.20, F3: -6.40] - ✓ success
Episode 433, Steps:   63, Total:  844.02, Leader:  854.57, [F0: -2.11, F1: -2.93, F2: 13.27, F3: -18.77] - ✓ success
Episode 434, Steps:   28, Total:  993.61, Leader:  957.74, [F0: 9.16, F1: 15.74, F2: 5.88, F3: 5.08] - ✓ success
Episode 435, Steps:   36, Total:  897.65, Leader:  909.21, [F0: 4.73, F1: 3.16, F2: -14.03, F3: -5.42] - ✓ success
Episode 436, Steps:   42, Total:  918.32, Leader:  923.00, [F0: 3.79, F1: 8.94, F2: -3.01, F3: -14.41] - ✓ success
Episode 437, Steps:   38, Total:  893.33, Leader:  915.06, [F0: -5.85, F1: 7.87, F2: -14.25, F3: -9.50] - ✓ success
Episode 438, Steps:   48, Total:  896.94, Leader:  879.12, [F0: -2.92, F1: -2.51, F2: 12.55, F3: 10.70] - ✓ success
Episode 439, Steps:   31, Total:  922.24, Leader:  941.02, [F0: 2.61, F1: -19.28, F2: 2.25, F3: -4.37] - ✓ success
Episode 440, Steps:   40, Total:  897.59, Leader:  907.01, [F0: -3.99, F1: -0.53, F2: 12.77, F3: -17.67] - ✓ success
  💾 模型已保存 (episode 440)
Episode 441, Steps:   26, Total:  959.73, Leader:  954.09, [F0: 7.05, F1: 14.69, F2: -12.27, F3: -3.83] - ✓ success
Episode 442, Steps:   39, Total:  894.11, Leader:  921.93, [F0: -13.93, F1: -0.99, F2: -5.43, F3: -7.47] - ✓ success
Episode 443, Steps:   48, Total:  947.72, Leader:  901.61, [F0: 2.83, F1: -1.71, F2: 37.79, F3: 7.20] - ✓ success
Episode 444, Steps:   60, Total:  842.18, Leader:  854.19, [F0: -1.90, F1: -6.24, F2: -0.07, F3: -3.80] - ✓ success
Episode 445, Steps:   27, Total:  927.68, Leader:  941.46, [F0: -14.36, F1: 16.37, F2: -15.53, F3: -0.27] - ✓ success
Episode 446, Steps:   53, Total:  888.31, Leader:  875.11, [F0: -0.24, F1: -3.96, F2: 18.99, F3: -1.59] - ✓ success
Episode 447, Steps:   46, Total:  911.60, Leader:  898.30, [F0: 10.82, F1: -6.39, F2: 15.23, F3: -6.35] - ✓ success
Episode 448, Steps:   40, Total:  877.50, Leader:  910.81, [F0: 0.74, F1: -11.37, F2: -27.31, F3: 4.62] - ✓ success
Episode 449, Steps:   47, Total:  914.30, Leader:  895.37, [F0: 4.78, F1: -9.87, F2: 27.34, F3: -3.31] - ✓ success
Episode 450, Steps:   27, Total:  931.84, Leader:  948.60, [F0: 8.29, F1: 9.55, F2: -18.56, F3: -16.05] - ✓ success
Episode 451, Steps:   48, Total:  876.38, Leader:  892.37, [F0: -4.07, F1: 4.28, F2: -2.26, F3: -13.95] - ✓ success
Episode 452, Steps:   62, Total:  695.24, Leader:  820.57, [F0: -31.15, F1: -17.61, F2: -52.69, F3: -23.88] - ✓ success
Episode 453, Steps:   33, Total:  846.51, Leader:  909.45, [F0: -13.95, F1: 1.82, F2: -28.97, F3: -21.85] - ✓ success
Episode 454, Steps:   25, Total:  940.21, Leader:  951.28, [F0: -4.88, F1: -0.08, F2: 4.65, F3: -10.76] - ✓ success
Episode 455, Steps:   46, Total:  915.13, Leader:  914.21, [F0: -2.72, F1: -1.13, F2: 28.00, F3: -23.22] - ✓ success
Episode 456, Steps:   39, Total:  977.39, Leader:  928.17, [F0: 20.74, F1: -3.15, F2: 25.87, F3: 5.75] - ✓ success
Episode 457, Steps:   64, Total:  739.90, Leader:  782.35, [F0: 0.57, F1: -8.61, F2: -25.48, F3: -8.93] - ✓ success
Episode 458, Steps:   45, Total:  973.18, Leader:  918.64, [F0: 12.22, F1: 12.37, F2: 25.56, F3: 4.39] - ✓ success
Episode 459, Steps:   27, Total:  914.50, Leader:  939.97, [F0: -6.32, F1: -0.81, F2: -16.56, F3: -1.78] - ✓ success
Episode 460, Steps:   46, Total:  936.69, Leader:  919.52, [F0: 15.40, F1: 1.36, F2: 16.31, F3: -15.90] - ✓ success
  💾 模型已保存 (episode 460)
Episode 461, Steps:   54, Total:  962.80, Leader:  905.83, [F0: 3.10, F1: 5.95, F2: 46.45, F3: 1.48] - ✓ success
Episode 462, Steps:   27, Total:  958.52, Leader:  950.95, [F0: -4.87, F1: 4.53, F2: -12.59, F3: 20.50] - ✓ success
Episode 463, Steps:   44, Total:  934.77, Leader:  922.42, [F0: 9.54, F1: 0.27, F2: 1.60, F3: 0.95] - ✓ success
Episode 464, Steps:   28, Total:  985.46, Leader:  952.60, [F0: 8.00, F1: 9.64, F2: 1.74, F3: 13.48] - ✓ success
Episode 465, Steps:   26, Total:  982.58, Leader:  960.06, [F0: 4.11, F1: 11.72, F2: -6.40, F3: 13.09] - ✓ success
Episode 466, Steps:   42, Total:  976.65, Leader:  953.04, [F0: 12.77, F1: 4.16, F2: 8.23, F3: -1.55] - ✓ success
Episode 467, Steps:   51, Total:  888.41, Leader:  897.31, [F0: -2.40, F1: -1.36, F2: 11.34, F3: -16.48] - ✓ success
Episode 468, Steps:   27, Total:  917.39, Leader:  936.81, [F0: 9.69, F1: -5.66, F2: -13.74, F3: -9.70] - ✓ success
Episode 469, Steps:   52, Total:  880.41, Leader:  880.92, [F0: 7.75, F1: 3.94, F2: -8.11, F3: -4.08] - ✓ success
Episode 470, Steps:   41, Total:  935.56, Leader:  919.67, [F0: 10.99, F1: 3.89, F2: -3.40, F3: 4.41] - ✓ success
Episode 471, Steps:   48, Total:  928.82, Leader:  901.59, [F0: 7.08, F1: 3.27, F2: 15.41, F3: 1.47] - ✓ success
Episode 472, Steps:   53, Total:  945.69, Leader:  893.70, [F0: 11.33, F1: 5.85, F2: 38.80, F3: -3.99] - ✓ success
Episode 473, Steps:   47, Total:  922.50, Leader:  909.63, [F0: -17.39, F1: 6.14, F2: 12.94, F3: 11.19] - ✓ success
Episode 474, Steps:   66, Total:  755.29, Leader:  820.03, [F0: 6.88, F1: -4.21, F2: -48.21, F3: -19.19] - ✓ success
Episode 475, Steps:   40, Total:  965.00, Leader:  931.76, [F0: 11.99, F1: -4.71, F2: 29.97, F3: -4.02] - ✓ success
Episode 476, Steps:   48, Total:  948.55, Leader:  906.27, [F0: 12.31, F1: -7.73, F2: 22.39, F3: 15.31] - ✓ success
Episode 477, Steps:   36, Total:  934.17, Leader:  939.01, [F0: 19.24, F1: -13.77, F2: -1.50, F3: -8.80] - ✓ success
Episode 478, Steps:   65, Total:  828.76, Leader:  846.27, [F0: 5.40, F1: -10.81, F2: 11.73, F3: -23.84] - ✓ success
Episode 479, Steps:   63, Total:  921.84, Leader:  874.51, [F0: 28.94, F1: -4.23, F2: 12.57, F3: 10.05] - ✓ success
Episode 480, Steps:   48, Total:  901.41, Leader:  894.03, [F0: -11.68, F1: 0.21, F2: 21.21, F3: -2.36] - ✓ success
  💾 模型已保存 (episode 480)
Episode 481, Steps:   47, Total:  906.51, Leader:  921.80, [F0: -2.38, F1: 13.61, F2: -16.35, F3: -10.16] - ✓ success
Episode 482, Steps:   53, Total:  888.11, Leader:  878.96, [F0: 8.87, F1: -4.30, F2: 6.92, F3: -2.34] - ✓ success
Episode 483, Steps:   41, Total:  969.15, Leader:  925.83, [F0: 23.83, F1: 12.61, F2: 12.98, F3: -6.09] - ✓ success
Episode 484, Steps:   52, Total:  912.03, Leader:  893.21, [F0: 11.60, F1: 2.53, F2: 1.21, F3: 3.47] - ✓ success
Episode 485, Steps:   36, Total: 1017.97, Leader:  950.61, [F0: 24.00, F1: 7.17, F2: 36.00, F3: 0.20] - ✓ success
Episode 486, Steps:   50, Total: 1004.84, Leader:  915.49, [F0: 21.69, F1: 9.59, F2: 46.86, F3: 11.22] - ✓ success
Episode 487, Steps:   41, Total:  934.42, Leader:  911.98, [F0: -0.37, F1: 11.05, F2: -1.14, F3: 12.91] - ✓ success
Episode 488, Steps:   56, Total:  884.16, Leader:  869.86, [F0: 8.95, F1: -2.50, F2: 9.83, F3: -1.98] - ✓ success
Episode 489, Steps:   43, Total:  868.54, Leader:  870.21, [F0: -24.66, F1: 14.80, F2: 1.38, F3: 6.80] - ✓ success
Episode 490, Steps:   46, Total:  996.44, Leader:  928.36, [F0: 7.96, F1: 7.76, F2: 43.46, F3: 8.90] - ✓ success
Episode 491, Steps:   51, Total:  868.43, Leader:  876.74, [F0: 5.28, F1: -12.21, F2: 3.88, F3: -5.27] - ✓ success
Episode 492, Steps:   37, Total: 1004.55, Leader:  955.45, [F0: 12.67, F1: 5.66, F2: 30.07, F3: 0.69] - ✓ success
Episode 493, Steps:   49, Total:  950.37, Leader:  914.97, [F0: -12.32, F1: 5.66, F2: 31.12, F3: 10.94] - ✓ success
Episode 494, Steps:   58, Total:  877.41, Leader:  856.56, [F0: 6.26, F1: 1.43, F2: -3.49, F3: 16.64] - ✓ success
Episode 495, Steps:   30, Total:  958.39, Leader:  940.72, [F0: 14.23, F1: 10.68, F2: -0.20, F3: -7.03] - ✓ success
Episode 496, Steps:   48, Total:  949.00, Leader:  908.49, [F0: 11.35, F1: 6.93, F2: 23.35, F3: -1.12] - ✓ success
Episode 497, Steps:   47, Total:  933.50, Leader:  904.59, [F0: 13.84, F1: 5.05, F2: 1.85, F3: 8.17] - ✓ success
Episode 498, Steps:   33, Total:  933.98, Leader:  924.27, [F0: -3.29, F1: -5.55, F2: 0.38, F3: 18.17] - ✓ success
Episode 499, Steps:   52, Total:  878.85, Leader:  867.80, [F0: 8.48, F1: -4.11, F2: 10.30, F3: -3.61] - ✓ success
训练曲线已保存到: /home/zhangpeng/UAV_PATH_PLANNING/output/baseline/4follower/training_curve.png

✅ 训练完成! 共500轮
总平均奖励: -439.72
  - Leader平均: 177.53
  - Follower平均: -154.31
总最佳奖励: 1020.08
模型已保存到: /home/zhangpeng/UAV_PATH_PLANNING/output/baseline/4follower
训练数据已保存到: /home/zhangpeng/UAV_PATH_PLANNING/output/baseline/4follower/MASAC_new1
训练日志已保存到: /home/zhangpeng/UAV_PATH_PLANNING/output/baseline/4follower/training_20251025_161652.log
