📝 日志文件: /home/zhangpeng/UAV_PATH_PLANNING/runs/exp_baseline_20251029_121437/training.log
💡 训练输出将实时保存到日志文件
🚀 启用AMP混合精度训练（预期加速40-100%）
🚀 启用异步数据传输（预期加速10-20%）
SAC训练中...
📊 优先级经验回放（PER）配置:
  - 容量: 20000
  - Alpha: 0.6 (优先级指数)
  - Beta: 0.4 → 1.0 (重要性采样权重)
  - 内存优化: float32 (节省50%内存)

================================================================================
  Episode    |    Leader    |   Follower   |    Steps     |    Status   
================================================================================
     0       |   -1534.95   |   -932.78    |     1000     | ⏱️  Timeout 
  📊 统计 [Ep 0]: Actor Loss=-0.8229, Critic Loss=0.0969, Alpha=0.8833, TD-error=0.2931, Beta=1.0000
     1       |   -1462.08   |   -940.13    |     1000     | ⏱️  Timeout 
     2       |   -570.96    |    -30.70    |      60      |  ❌ Failure  
     3       |   -505.59    |    -0.72     |      10      |  ❌ Failure  
     4       |    978.99    |    -31.22    |      34      |  ✅ Success  
     5       |   -1395.45   |   -638.12    |     585      |  ❌ Failure  
     6       |   -917.71    |   -311.06    |     281      |  ❌ Failure  
     7       |    325.97    |   -399.03    |     577      |  ✅ Success  
     8       |   -450.86    |   -867.28    |     838      |  ✅ Success  
     9       |    869.38    |    -63.01    |     103      |  ✅ Success  
     10      |    50.63     |   -533.78    |     637      |  ✅ Success  
  📊 统计 [Ep 10]: Actor Loss=12.0818, Critic Loss=79.2603, Alpha=0.3470, TD-error=6.2415, Beta=1.0000
     11      |    792.99    |   -104.70    |     146      |  ✅ Success  
     12      |    529.46    |   -334.37    |     368      |  ✅ Success  
     13      |   -1702.56   |   -642.14    |     1000     | ⏱️  Timeout 
     14      |   -1866.61   |   -831.14    |     1000     | ⏱️  Timeout 
     15      |   -354.48    |   -710.42    |     744      |  ✅ Success  
     16      |    -47.90    |   -585.09    |     719      |  ✅ Success  
     17      |    980.44    |    -27.52    |      41      |  ✅ Success  
     18      |   -1192.73   |   -546.53    |     1000     | ⏱️  Timeout 
     19      |   -504.58    |    -0.92     |      6       |  ❌ Failure  
     20      |    972.28    |    -28.81    |      40      |  ✅ Success  
  📊 统计 [Ep 20]: Actor Loss=-35.1797, Critic Loss=221.3306, Alpha=0.4583, TD-error=15.6030, Beta=1.0000
     21      |    946.08    |    -18.43    |      63      |  ✅ Success  
     22      |    622.76    |   -199.39    |     277      |  ✅ Success  
     23      |    656.94    |   -187.15    |     316      |  ✅ Success  
     24      |    730.75    |   -124.06    |     221      |  ✅ Success  
     25      |   -630.65    |    -63.07    |     125      |  ❌ Failure  
     26      |    417.75    |   -288.13    |     361      |  ✅ Success  
     27      |   -1080.73   |   -222.60    |     450      |  ❌ Failure  
     28      |    618.50    |   -322.85    |     490      |  ✅ Success  
     29      |    990.01    |    -7.18     |      29      |  ✅ Success  
     30      |   -1713.33   |   -486.25    |     814      |  ❌ Failure  
  📊 统计 [Ep 30]: Actor Loss=-41.2058, Critic Loss=347.3934, Alpha=0.7961, TD-error=26.1777, Beta=1.0000
     31      |    417.45    |   -361.81    |     471      |  ✅ Success  
     32      |   -1401.76   |   -665.95    |     1000     | ⏱️  Timeout 
     33      |    605.54    |   -164.35    |     394      |  ✅ Success  
     34      |    928.65    |    -34.68    |      85      |  ✅ Success  
     35      |    378.85    |   -281.89    |     540      |  ✅ Success  
     36      |    446.66    |   -360.35    |     483      |  ✅ Success  
     37      |   -590.53    |    -61.22    |     128      |  ❌ Failure  
     38      |    740.03    |    -97.40    |     203      |  ✅ Success  
     39      |   -507.94    |    -5.15     |      16      |  ❌ Failure  
     40      |    729.30    |    -70.61    |     247      |  ✅ Success  
  📊 统计 [Ep 40]: Actor Loss=-23.6729, Critic Loss=162.2387, Alpha=0.6007, TD-error=14.3665, Beta=1.0000
     41      |   -505.48    |    -0.82     |      10      |  ❌ Failure  
     42      |    930.27    |    -45.45    |     111      |  ✅ Success  
     43      |    805.19    |    -64.12    |     151      |  ✅ Success  
     44      |    637.42    |    -94.75    |     388      |  ✅ Success  
     45      |   -508.33    |    -1.14     |      11      |  ❌ Failure  
     46      |    719.74    |    -95.02    |     201      |  ✅ Success  
     47      |    674.14    |   -102.96    |     223      |  ✅ Success  
     48      |    830.05    |    -47.06    |     119      |  ✅ Success  
     49      |   -514.03    |    -2.93     |      12      |  ❌ Failure  
     50      |   -505.10    |    -1.19     |      7       |  ❌ Failure  
  📊 统计 [Ep 50]: Actor Loss=-21.6744, Critic Loss=174.9326, Alpha=0.6023, TD-error=21.6713, Beta=1.0000
     51      |    916.47    |    -59.33    |     137      |  ✅ Success  
     52      |    734.21    |    -89.37    |     259      |  ✅ Success  
     53      |    760.59    |   -116.06    |     258      |  ✅ Success  
     54      |    459.53    |   -203.30    |     342      |  ✅ Success  
     55      |   -667.53    |    -59.37    |     165      |  ❌ Failure  
     56      |    749.88    |    -84.85    |     247      |  ✅ Success  
     57      |    978.10    |    -10.22    |      42      |  ✅ Success  
     58      |    849.16    |    -61.25    |     161      |  ✅ Success  
     59      |    528.13    |   -186.70    |     425      |  ✅ Success  
     60      |    903.20    |    -28.07    |      98      |  ✅ Success  
  📊 统计 [Ep 60]: Actor Loss=-27.5249, Critic Loss=330.1972, Alpha=0.6474, TD-error=22.5077, Beta=1.0000
     61      |    818.88    |    -78.42    |     179      |  ✅ Success  
     62      |    981.86    |    -9.41     |      42      |  ✅ Success  
     63      |    888.46    |    -41.15    |     137      |  ✅ Success  
     64      |    875.43    |    -48.38    |     104      |  ✅ Success  
     65      |    863.93    |    -99.87    |     115      |  ✅ Success  
     66      |    763.39    |   -126.84    |     242      |  ✅ Success  
     67      |   -505.12    |    -1.08     |      7       |  ❌ Failure  
     68      |    934.83    |    -21.20    |      77      |  ✅ Success  
     69      |   -528.51    |    -15.86    |      30      |  ❌ Failure  
     70      |    844.62    |    -71.82    |     140      |  ✅ Success  
  📊 统计 [Ep 70]: Actor Loss=-38.6852, Critic Loss=360.6782, Alpha=0.8327, TD-error=27.1012, Beta=1.0000
     71      |    913.16    |    -22.00    |     120      |  ✅ Success  
     72      |   -507.62    |    -1.13     |      9       |  ❌ Failure  
     73      |    860.31    |    -37.27    |      94      |  ✅ Success  
     74      |    978.78    |    -4.24     |      25      |  ✅ Success  
     75      |    587.05    |   -125.06    |     394      |  ✅ Success  
     76      |    828.05    |    -51.62    |     124      |  ✅ Success  
     77      |    665.51    |   -135.50    |     338      |  ✅ Success  
     78      |    858.46    |    -46.01    |     109      |  ✅ Success  
     79      |    116.67    |   -377.28    |     729      |  ✅ Success  
     80      |    950.84    |    -23.26    |      96      |  ✅ Success  
  📊 统计 [Ep 80]: Actor Loss=-34.9281, Critic Loss=352.8193, Alpha=1.0952, TD-error=25.5103, Beta=1.0000
     81      |   -117.72    |   -458.53    |     814      |  ✅ Success  
     82      |   -506.00    |    -0.51     |      6       |  ❌ Failure  
     83      |    693.01    |    -99.21    |     308      |  ✅ Success  
     84      |    984.07    |    -9.03     |      39      |  ✅ Success  
     85      |    927.02    |    -23.02    |     110      |  ✅ Success  
     86      |    979.32    |    -6.61     |      60      |  ✅ Success  
     87      |    987.63    |    -17.14    |      30      |  ✅ Success  
     88      |    940.32    |    -31.82    |      65      |  ✅ Success  
     89      |    895.96    |    -24.93    |     124      |  ✅ Success  
     90      |    933.78    |    -30.84    |      99      |  ✅ Success  
  📊 统计 [Ep 90]: Actor Loss=-64.5539, Critic Loss=448.3421, Alpha=1.4315, TD-error=28.0003, Beta=1.0000
     91      |    935.96    |    -46.87    |      84      |  ✅ Success  
     92      |    685.24    |   -100.65    |     227      |  ✅ Success  
     93      |   -504.56    |    -0.64     |      7       |  ❌ Failure  
     94      |    962.05    |    -20.41    |      67      |  ✅ Success  
     95      |    951.27    |    -19.48    |      94      |  ✅ Success  
     96      |    887.88    |    -34.77    |      92      |  ✅ Success  
     97      |   -516.05    |    -5.15     |      27      |  ❌ Failure  
     98      |    828.32    |    -33.34    |     140      |  ✅ Success  
     99      |    931.47    |    -35.57    |      81      |  ✅ Success  
    100      |    957.41    |    -35.56    |      50      |  ✅ Success  
  📊 统计 [Ep 100]: Actor Loss=-82.5621, Critic Loss=507.5468, Alpha=1.6990, TD-error=33.3263, Beta=1.0000
    101      |    829.38    |    -79.85    |     170      |  ✅ Success  
    102      |    741.40    |    -94.48    |     196      |  ✅ Success  
    103      |    804.71    |    -37.16    |     167      |  ✅ Success  
    104      |    241.89    |   -237.59    |     666      |  ✅ Success  
    105      |    943.76    |    -36.95    |      65      |  ✅ Success  
    106      |    957.96    |    -11.81    |      75      |  ✅ Success  
    107      |    307.45    |   -184.19    |     556      |  ✅ Success  
    108      |    413.56    |   -182.44    |     487      |  ✅ Success  
    109      |    886.27    |    -27.64    |     129      |  ✅ Success  
    110      |    979.90    |    -6.82     |      48      |  ✅ Success  
  📊 统计 [Ep 110]: Actor Loss=-78.4038, Critic Loss=508.6344, Alpha=2.0677, TD-error=28.7426, Beta=1.0000
    111      |    673.75    |    -82.86    |     243      |  ✅ Success  
    112      |    871.76    |    -25.35    |     113      |  ✅ Success  
    113      |    972.58    |    -5.34     |      47      |  ✅ Success  
    114      |    975.11    |    -7.26     |      60      |  ✅ Success  
    115      |    460.92    |   -141.44    |     376      |  ✅ Success  
    116      |    610.64    |   -108.60    |     245      |  ✅ Success  
    117      |    858.78    |    -29.39    |     117      |  ✅ Success  
    118      |    497.33    |   -123.70    |     381      |  ✅ Success  
    119      |    885.15    |    -41.10    |     115      |  ✅ Success  
    120      |    819.23    |    -57.46    |     132      |  ✅ Success  
  📊 统计 [Ep 120]: Actor Loss=-89.0324, Critic Loss=564.1719, Alpha=2.1376, TD-error=31.6688, Beta=1.0000
    121      |    933.41    |    -31.40    |      76      |  ✅ Success  
    122      |    567.08    |   -119.47    |     287      |  ✅ Success  
    123      |    504.20    |   -132.48    |     345      |  ✅ Success  
    124      |    717.10    |    -55.20    |     206      |  ✅ Success  
    125      |   -201.91    |   -313.78    |     696      |  ✅ Success  
    126      |   -396.25    |   -411.41    |     854      |  ✅ Success  
    127      |    628.56    |    -75.66    |     252      |  ✅ Success  
    128      |    977.78    |    -5.26     |      67      |  ✅ Success  
    129      |    864.41    |    -20.76    |     101      |  ✅ Success  
    130      |    877.98    |    -30.28    |     131      |  ✅ Success  
  📊 统计 [Ep 130]: Actor Loss=-137.4754, Critic Loss=569.1699, Alpha=2.3545, TD-error=34.0370, Beta=1.0000
    131      |    592.79    |   -116.55    |     279      |  ✅ Success  
    132      |    409.06    |   -150.89    |     376      |  ✅ Success  
    133      |    749.96    |    -68.57    |     166      |  ✅ Success  
    134      |   -742.44    |    -87.62    |     146      |  ❌ Failure  
    135      |    888.42    |    -26.41    |      99      |  ✅ Success  
    136      |    973.40    |    -20.16    |      61      |  ✅ Success  
    137      |    956.90    |    -21.71    |      66      |  ✅ Success  
    138      |    206.52    |   -278.98    |     482      |  ✅ Success  
    139      |    987.29    |    -9.30     |      32      |  ✅ Success  
    140      |    883.70    |    -22.55    |     102      |  ✅ Success  
  📊 统计 [Ep 140]: Actor Loss=-155.2406, Critic Loss=538.3126, Alpha=2.6008, TD-error=34.9308, Beta=1.0000
    141      |    544.37    |   -165.92    |     260      |  ✅ Success  
    142      |    933.59    |    -15.06    |      69      |  ✅ Success  
    143      |    670.84    |    -72.61    |     241      |  ✅ Success  
    144      |    862.64    |    -37.49    |     114      |  ✅ Success  
    145      |    907.87    |    -31.68    |      88      |  ✅ Success  
    146      |    924.35    |    -18.85    |      87      |  ✅ Success  
    147      |    886.76    |    -15.94    |     104      |  ✅ Success  
    148      |    919.34    |    -20.68    |      96      |  ✅ Success  
    149      |    827.86    |    -72.38    |     132      |  ✅ Success  
    150      |    976.08    |    -24.80    |      51      |  ✅ Success  
  📊 统计 [Ep 150]: Actor Loss=-191.2353, Critic Loss=677.8958, Alpha=2.8126, TD-error=38.6375, Beta=1.0000
    151      |    984.10    |    -10.01    |      27      |  ✅ Success  
    152      |    950.03    |    -19.60    |      61      |  ✅ Success  
    153      |    989.42    |    -3.84     |      28      |  ✅ Success  
    154      |    698.44    |   -101.92    |     186      |  ✅ Success  
    155      |    882.53    |    -21.66    |     100      |  ✅ Success  
    156      |    525.35    |   -153.48    |     319      |  ✅ Success  
    157      |    973.39    |    -8.74     |      81      |  ✅ Success  
    158      |    885.92    |    -24.05    |     111      |  ✅ Success  
    159      |    960.59    |    -31.07    |      75      |  ✅ Success  
    160      |    982.58    |    -4.55     |      45      |  ✅ Success  
  📊 统计 [Ep 160]: Actor Loss=-222.5783, Critic Loss=755.8124, Alpha=3.1530, TD-error=40.9689, Beta=1.0000
    161      |    848.48    |    -38.15    |     128      |  ✅ Success  
    162      |    986.19    |    -5.03     |      37      |  ✅ Success  
    163      |    770.61    |    -68.90    |     176      |  ✅ Success  
    164      |    842.94    |    -35.34    |     143      |  ✅ Success  
    165      |    873.79    |    -38.43    |      97      |  ✅ Success  
    166      |    676.75    |   -101.58    |     208      |  ✅ Success  
    167      |    993.73    |    -3.90     |      24      |  ✅ Success  
    168      |    774.34    |    -62.18    |     156      |  ✅ Success  
    169      |    991.64    |    -6.45     |      29      |  ✅ Success  
    170      |    979.54    |    -12.75    |      43      |  ✅ Success  
  📊 统计 [Ep 170]: Actor Loss=-238.0848, Critic Loss=750.6538, Alpha=3.3171, TD-error=40.0293, Beta=1.0000
    171      |    928.67    |    -25.09    |      84      |  ✅ Success  
    172      |    983.04    |    -2.81     |      41      |  ✅ Success  
    173      |    906.51    |    -23.65    |     130      |  ✅ Success  
    174      |    311.12    |   -206.75    |     425      |  ✅ Success  
    175      |   -508.24    |    -1.60     |      9       |  ❌ Failure  
    176      |    986.91    |    -13.53    |      33      |  ✅ Success  
    177      |   1001.31    |    -0.62     |      25      |  ✅ Success  
    178      |    638.99    |    -98.79    |     246      |  ✅ Success  
    179      |   -849.11    |    -83.34    |     202      |  ❌ Failure  
    180      |    900.72    |    -18.36    |     110      |  ✅ Success  
  📊 统计 [Ep 180]: Actor Loss=-251.9429, Critic Loss=672.0075, Alpha=3.4096, TD-error=37.9176, Beta=1.0000
    181      |    788.88    |    -45.48    |     150      |  ✅ Success  
    182      |    967.64    |    -13.43    |      76      |  ✅ Success  
    183      |    930.18    |    -55.82    |     107      |  ✅ Success  
    184      |    957.94    |    -9.31     |      52      |  ✅ Success  
    185      |    952.56    |    -8.56     |      66      |  ✅ Success  
    186      |    992.55    |    -10.84    |      27      |  ✅ Success  
    187      |    852.59    |    -38.88    |     154      |  ✅ Success  
    188      |    852.25    |    -34.32    |     107      |  ✅ Success  
    189      |    369.56    |   -140.38    |     408      |  ✅ Success  
    190      |    887.45    |    -26.96    |     112      |  ✅ Success  
  📊 统计 [Ep 190]: Actor Loss=-288.5178, Critic Loss=800.1933, Alpha=3.2518, TD-error=40.8084, Beta=1.0000
    191      |    891.60    |    -34.86    |      90      |  ✅ Success  
    192      |    655.07    |    -72.71    |     210      |  ✅ Success  
    193      |    838.84    |    -30.81    |     131      |  ✅ Success  
    194      |    913.97    |    -22.74    |      86      |  ✅ Success  
    195      |    993.43    |    -2.32     |      21      |  ✅ Success  
    196      |    630.27    |    -77.75    |     240      |  ✅ Success  
    197      |    882.03    |    -18.43    |      97      |  ✅ Success  
    198      |    908.19    |    -13.73    |      74      |  ✅ Success  
    199      |    898.30    |    -29.62    |      84      |  ✅ Success  
    200      |    798.27    |    -53.01    |     145      |  ✅ Success  
  📊 统计 [Ep 200]: Actor Loss=-298.0797, Critic Loss=751.5232, Alpha=3.3385, TD-error=41.7686, Beta=1.0000
    201      |    717.43    |    -86.90    |     248      |  ✅ Success  
    202      |    950.98    |    -13.49    |      64      |  ✅ Success  
    203      |    880.12    |    -28.82    |     109      |  ✅ Success  
    204      |    973.06    |    -33.27    |      40      |  ✅ Success  
    205      |    989.12    |    -3.64     |      30      |  ✅ Success  
    206      |    903.21    |    -27.21    |      93      |  ✅ Success  
    207      |    949.85    |    -10.05    |      72      |  ✅ Success  
    208      |    993.72    |    -1.78     |      26      |  ✅ Success  
    209      |    993.10    |    -1.28     |      22      |  ✅ Success  
    210      |    852.37    |    -33.82    |     141      |  ✅ Success  
  📊 统计 [Ep 210]: Actor Loss=-321.6109, Critic Loss=735.3434, Alpha=3.3727, TD-error=44.9190, Beta=1.0000
    211      |    990.87    |    -2.77     |      28      |  ✅ Success  
    212      |    989.87    |    -4.01     |      28      |  ✅ Success  
    213      |    793.30    |    -55.51    |     173      |  ✅ Success  
    214      |    633.92    |    -82.62    |     213      |  ✅ Success  
    215      |    984.65    |    -7.47     |      39      |  ✅ Success  
    216      |   -504.19    |    -0.90     |      5       |  ❌ Failure  
    217      |    765.52    |    -62.87    |     193      |  ✅ Success  
    218      |    945.05    |    -10.94    |      60      |  ✅ Success  
    219      |    846.97    |    -43.00    |     118      |  ✅ Success  
    220      |    950.76    |    -8.86     |      71      |  ✅ Success  
  📊 统计 [Ep 220]: Actor Loss=-326.1829, Critic Loss=760.4864, Alpha=3.5379, TD-error=42.6242, Beta=1.0000
    221      |    990.69    |    -4.87     |      29      |  ✅ Success  
    222      |    993.19    |    -2.19     |      22      |  ✅ Success  
    223      |    988.99    |     2.73     |      27      |  ✅ Success  
    224      |    967.97    |    -26.85    |      68      |  ✅ Success  
    225      |    412.14    |   -214.49    |     525      |  ✅ Success  
    226      |    993.45    |    -2.07     |      22      |  ✅ Success  
    227      |   -511.43    |    -3.00     |      15      |  ❌ Failure  
    228      |    991.81    |    -2.94     |      26      |  ✅ Success  
    229      |    968.61    |    -33.58    |      48      |  ✅ Success  
    230      |    940.75    |    -34.27    |      70      |  ✅ Success  
  📊 统计 [Ep 230]: Actor Loss=-362.1444, Critic Loss=826.6349, Alpha=3.9147, TD-error=46.6881, Beta=1.0000
    231      |    820.00    |    -52.66    |     144      |  ✅ Success  
    232      |    989.37    |    -4.06     |      32      |  ✅ Success  
    233      |    842.81    |    -34.27    |     124      |  ✅ Success  
    234      |    944.08    |    -27.26    |      59      |  ✅ Success  
    235      |    922.08    |    -14.43    |      97      |  ✅ Success  
    236      |    984.02    |    -6.23     |      44      |  ✅ Success  
    237      |    962.02    |    -16.02    |      56      |  ✅ Success  
    238      |    729.64    |    -42.11    |     193      |  ✅ Success  
    239      |    749.81    |    -61.31    |     215      |  ✅ Success  
    240      |    764.47    |    -59.05    |     163      |  ✅ Success  
  📊 统计 [Ep 240]: Actor Loss=-379.0211, Critic Loss=847.9490, Alpha=4.1369, TD-error=45.8116, Beta=1.0000
    241      |    953.74    |    -7.40     |      78      |  ✅ Success  
    242      |    893.46    |    -18.64    |     125      |  ✅ Success  
    243      |    990.83    |    -13.39    |      26      |  ✅ Success  
    244      |    991.95    |    -2.60     |      24      |  ✅ Success  
    245      |    964.99    |    -19.88    |      50      |  ✅ Success  
    246      |   -841.10    |    -82.33    |     214      |  ❌ Failure  
    247      |    994.76    |    -1.08     |      23      |  ✅ Success  
    248      |    995.48    |    -0.79     |      20      |  ✅ Success  
    249      |    991.39    |    -2.55     |      28      |  ✅ Success  
    250      |    994.56    |    -1.27     |      24      |  ✅ Success  
  📊 统计 [Ep 250]: Actor Loss=-407.0654, Critic Loss=693.1155, Alpha=4.0556, TD-error=46.8745, Beta=1.0000
    251      |    952.34    |    -18.51    |      73      |  ✅ Success  
    252      |    986.22    |    -4.03     |      39      |  ✅ Success  
    253      |    935.96    |    -31.89    |      74      |  ✅ Success  
    254      |    973.42    |    -6.36     |      73      |  ✅ Success  
    255      |    984.34    |    -4.63     |      30      |  ✅ Success  
    256      |    974.66    |    -34.47    |      37      |  ✅ Success  
    257      |    940.72    |    -11.10    |      80      |  ✅ Success  
    258      |    990.07    |    -3.87     |      26      |  ✅ Success  
    259      |    916.92    |    -17.06    |      78      |  ✅ Success  
    260      |    990.77    |    -2.34     |      27      |  ✅ Success  
  📊 统计 [Ep 260]: Actor Loss=-435.2131, Critic Loss=867.3807, Alpha=4.1539, TD-error=46.7392, Beta=1.0000
    261      |    983.02    |    -4.48     |      46      |  ✅ Success  
    262      |   -511.61    |    -5.21     |      14      |  ❌ Failure  
    263      |    889.40    |    -31.72    |     107      |  ✅ Success  
    264      |    911.21    |    -36.82    |      83      |  ✅ Success  
    265      |    962.31    |    -24.59    |      51      |  ✅ Success  
    266      |    981.73    |    -10.06    |      39      |  ✅ Success  
    267      |    973.78    |    -5.04     |      48      |  ✅ Success  
    268      |   -504.45    |    -0.78     |      6       |  ❌ Failure  
    269      |    887.65    |    -16.67    |     101      |  ✅ Success  
    270      |    994.04    |    -1.58     |      24      |  ✅ Success  
  📊 统计 [Ep 270]: Actor Loss=-437.2060, Critic Loss=957.6519, Alpha=4.1849, TD-error=49.4285, Beta=1.0000
    271      |    997.71    |     0.08     |      22      |  ✅ Success  
    272      |    591.58    |    -89.39    |     284      |  ✅ Success  
    273      |    788.26    |    -51.73    |     164      |  ✅ Success  
    274      |    985.17    |    -4.86     |      41      |  ✅ Success  
    275      |    991.60    |    -3.50     |      27      |  ✅ Success  
    276      |   -511.31    |    -3.41     |      16      |  ❌ Failure  
    277      |    984.01    |    -5.73     |      39      |  ✅ Success  
    278      |    998.29    |     2.97     |      22      |  ✅ Success  
    279      |   -505.22    |    -1.03     |      8       |  ❌ Failure  
    280      |    993.08    |    -2.80     |      24      |  ✅ Success  
  📊 统计 [Ep 280]: Actor Loss=-453.1625, Critic Loss=995.5789, Alpha=4.1033, TD-error=50.1729, Beta=1.0000
    281      |    961.91    |    -44.22    |      57      |  ✅ Success  
    282      |   -505.03    |    -0.92     |      7       |  ❌ Failure  
    283      |    848.26    |    -39.81    |     104      |  ✅ Success  
    284      |    983.66    |    -4.71     |      45      |  ✅ Success  
    285      |    987.70    |    -4.72     |      34      |  ✅ Success  
    286      |    995.20    |    -1.25     |      20      |  ✅ Success  
    287      |    992.29    |    -2.90     |      24      |  ✅ Success  
    288      |    943.91    |    -19.25    |      50      |  ✅ Success  
    289      |    927.79    |    -15.32    |      76      |  ✅ Success  
    290      |    925.27    |    -10.46    |      99      |  ✅ Success  
  📊 统计 [Ep 290]: Actor Loss=-459.0814, Critic Loss=977.7058, Alpha=4.2148, TD-error=49.5985, Beta=1.0000
    291      |    993.79    |    -1.95     |      23      |  ✅ Success  
    292      |    946.69    |    -18.89    |      65      |  ✅ Success  
    293      |    631.12    |    -71.78    |     239      |  ✅ Success  
    294      |    971.64    |    -28.90    |      57      |  ✅ Success  
    295      |   -715.73    |    -55.84    |     137      |  ❌ Failure  
    296      |    905.61    |    -22.60    |      97      |  ✅ Success  
    297      |    990.79    |    -1.85     |      32      |  ✅ Success  
    298      |    950.59    |    -10.25    |      64      |  ✅ Success  
    299      |    993.86    |    -1.32     |      23      |  ✅ Success  
    300      |    986.76    |    -4.80     |      37      |  ✅ Success  
  📊 统计 [Ep 300]: Actor Loss=-511.0062, Critic Loss=1148.3422, Alpha=4.2102, TD-error=55.8149, Beta=1.0000
    301      |   -530.54    |    -7.52     |      37      |  ❌ Failure  
    302      |    990.72    |    -4.22     |      25      |  ✅ Success  
    303      |    981.47    |    -10.21    |      37      |  ✅ Success  
    304      |    717.96    |    -76.82    |     171      |  ✅ Success  
    305      |    990.44    |    -3.37     |      28      |  ✅ Success  
    306      |    988.70    |    -2.08     |      26      |  ✅ Success  
    307      |   -504.63    |    -0.49     |      8       |  ❌ Failure  
    308      |    991.11    |    -4.36     |      24      |  ✅ Success  
    309      |    995.67    |    -0.43     |      22      |  ✅ Success  
    310      |    415.73    |   -110.14    |     428      |  ✅ Success  
  📊 统计 [Ep 310]: Actor Loss=-528.0272, Critic Loss=1074.1232, Alpha=4.4437, TD-error=52.7184, Beta=1.0000
    311      |    932.56    |    -27.45    |      74      |  ✅ Success  
    312      |    992.57    |    -1.00     |      31      |  ✅ Success  
    313      |    973.73    |    -8.68     |      67      |  ✅ Success  
    314      |    950.88    |    -18.37    |     118      |  ✅ Success  
    315      |    761.04    |    -88.01    |     169      |  ✅ Success  
    316      |    867.95    |    -32.94    |     105      |  ✅ Success  
    317      |    981.76    |    -8.15     |      50      |  ✅ Success  
    318      |   -504.02    |    -0.83     |      5       |  ❌ Failure  
    319      |    970.65    |    -6.03     |      49      |  ✅ Success  
    320      |    829.23    |    -27.53    |     138      |  ✅ Success  
  📊 统计 [Ep 320]: Actor Loss=-563.7902, Critic Loss=1141.0744, Alpha=4.7444, TD-error=54.6557, Beta=1.0000
    321      |    978.60    |    -9.41     |      44      |  ✅ Success  
    322      |    980.64    |    -1.56     |      40      |  ✅ Success  
    323      |    994.63    |    -1.24     |      25      |  ✅ Success  
    324      |    883.90    |    -42.38    |     122      |  ✅ Success  
    325      |    906.40    |    -12.70    |      91      |  ✅ Success  
    326      |    995.43    |    -0.95     |      20      |  ✅ Success  
    327      |    995.28    |    -0.47     |      23      |  ✅ Success  
    328      |    315.13    |   -121.88    |     407      |  ✅ Success  
    329      |    999.47    |     2.27     |      26      |  ✅ Success  
    330      |    991.15    |    -2.07     |      33      |  ✅ Success  
  📊 统计 [Ep 330]: Actor Loss=-580.3466, Critic Loss=1204.9993, Alpha=5.0564, TD-error=54.3588, Beta=1.0000
    331      |    964.86    |    -25.26    |      65      |  ✅ Success  
    332      |    928.94    |    -52.96    |      73      |  ✅ Success  
    333      |    981.41    |    -4.80     |      49      |  ✅ Success  
    334      |    993.62    |     2.77     |      34      |  ✅ Success  
    335      |    981.86    |    -9.54     |      46      |  ✅ Success  
    336      |    946.27    |    -29.29    |     108      |  ✅ Success  
    337      |    862.75    |    -40.63    |     125      |  ✅ Success  
    338      |    883.55    |    -36.73    |     114      |  ✅ Success  
    339      |    992.19    |    -1.18     |      27      |  ✅ Success  
    340      |   -512.43    |    -3.85     |      19      |  ❌ Failure  
  📊 统计 [Ep 340]: Actor Loss=-625.3924, Critic Loss=1079.7533, Alpha=5.1185, TD-error=62.0928, Beta=1.0000
    341      |    916.64    |    -22.85    |      90      |  ✅ Success  
    342      |    994.05    |    -7.94     |      21      |  ✅ Success  
    343      |    978.86    |    -11.42    |      40      |  ✅ Success  
    344      |    994.16    |    -9.29     |      21      |  ✅ Success  
    345      |    996.40    |     3.91     |      27      |  ✅ Success  
    346      |    936.23    |    -21.74    |      66      |  ✅ Success  
    347      |    999.69    |    -0.95     |      23      |  ✅ Success  
    348      |   -504.12    |    -0.56     |      6       |  ❌ Failure  
    349      |    989.54    |    -3.13     |      36      |  ✅ Success  
    350      |    993.57    |    -1.87     |      23      |  ✅ Success  
  📊 统计 [Ep 350]: Actor Loss=-635.3274, Critic Loss=1362.2375, Alpha=5.3145, TD-error=61.4167, Beta=1.0000
    351      |    991.74    |    -5.16     |      26      |  ✅ Success  
    352      |    603.09    |    -70.69    |     256      |  ✅ Success  
    353      |    975.92    |    -6.67     |      45      |  ✅ Success  
    354      |    886.89    |    -60.26    |      91      |  ✅ Success  
    355      |    970.55    |    -11.89    |      55      |  ✅ Success  
    356      |   -534.24    |    -8.84     |      31      |  ❌ Failure  
    357      |    988.25    |    -4.21     |      35      |  ✅ Success  
    358      |    983.55    |    -7.36     |      39      |  ✅ Success  
    359      |    788.45    |    -52.20    |     145      |  ✅ Success  
    360      |    902.81    |    -24.79    |      85      |  ✅ Success  
  📊 统计 [Ep 360]: Actor Loss=-608.9754, Critic Loss=1255.9386, Alpha=5.4775, TD-error=57.9630, Beta=1.0000
    361      |    993.48    |    -1.19     |      28      |  ✅ Success  
    362      |    990.42    |    -1.95     |      36      |  ✅ Success  
    363      |    667.19    |    -56.38    |     236      |  ✅ Success  
    364      |    994.02    |    -1.52     |      25      |  ✅ Success  
    365      |    915.95    |    -29.00    |      69      |  ✅ Success  
    366      |    627.26    |    -96.90    |     229      |  ✅ Success  
    367      |    987.06    |    -3.37     |      34      |  ✅ Success  
    368      |    992.70    |    -1.22     |      31      |  ✅ Success  
    369      |    977.41    |    -6.38     |      58      |  ✅ Success  
    370      |    995.88    |     3.32     |      26      |  ✅ Success  
  📊 统计 [Ep 370]: Actor Loss=-653.5154, Critic Loss=1126.2961, Alpha=5.4275, TD-error=59.3540, Beta=1.0000
    371      |    990.35    |    -3.25     |      22      |  ✅ Success  
    372      |    985.71    |    -10.05    |      28      |  ✅ Success  
    373      |    880.87    |    -33.95    |      86      |  ✅ Success  
    374      |    930.22    |    -10.29    |      73      |  ✅ Success  
    375      |    989.23    |    -3.13     |      30      |  ✅ Success  
    376      |    985.42    |    -6.79     |      42      |  ✅ Success  
    377      |    991.32    |    -3.62     |      24      |  ✅ Success  
    378      |    757.01    |    -55.63    |     158      |  ✅ Success  
    379      |    939.67    |    -25.73    |      62      |  ✅ Success  
    380      |   1000.71    |     5.57     |      30      |  ✅ Success  
  📊 统计 [Ep 380]: Actor Loss=-678.4868, Critic Loss=1099.0670, Alpha=5.3565, TD-error=55.4885, Beta=1.0000
    381      |    983.50    |    -12.33    |      31      |  ✅ Success  
    382      |    979.82    |    -9.19     |      39      |  ✅ Success  
    383      |    990.81    |    -4.21     |      27      |  ✅ Success  
    384      |    582.57    |   -129.67    |     266      |  ✅ Success  
    385      |    990.12    |    -3.98     |      29      |  ✅ Success  
    386      |    987.43    |    -5.33     |      33      |  ✅ Success  
    387      |    991.75    |    -4.59     |      21      |  ✅ Success  
    388      |    986.56    |    -8.97     |      36      |  ✅ Success  
    389      |    993.46    |    -2.31     |      23      |  ✅ Success  
    390      |    992.36    |    -2.39     |      25      |  ✅ Success  
  📊 统计 [Ep 390]: Actor Loss=-683.5492, Critic Loss=1155.8073, Alpha=5.3812, TD-error=55.6043, Beta=1.0000
    391      |    988.31    |    -2.85     |      38      |  ✅ Success  
    392      |   -508.69    |    -1.68     |      11      |  ❌ Failure  
    393      |    862.92    |    -81.00    |     107      |  ✅ Success  
    394      |   -507.46    |    -1.07     |      8       |  ❌ Failure  
    395      |    989.73    |    -4.65     |      24      |  ✅ Success  
    396      |    988.68    |    -2.94     |      35      |  ✅ Success  
    397      |    984.32    |    -6.29     |      40      |  ✅ Success  
    398      |    993.69    |    -0.73     |      29      |  ✅ Success  
    399      |    833.88    |    -62.39    |     109      |  ✅ Success  
    400      |    994.52    |    -0.65     |      25      |  ✅ Success  
  📊 统计 [Ep 400]: Actor Loss=-743.7723, Critic Loss=1407.4212, Alpha=5.4468, TD-error=62.7374, Beta=1.0000
    401      |    985.08    |    -6.08     |      39      |  ✅ Success  
    402      |    985.74    |    -1.66     |      26      |  ✅ Success  
    403      |    994.70    |    -1.57     |      20      |  ✅ Success  
    404      |    992.12    |    -2.54     |      25      |  ✅ Success  
    405      |    937.83    |    -13.78    |      66      |  ✅ Success  
    406      |    988.77    |    -3.28     |      32      |  ✅ Success  
    407      |    894.18    |    -28.99    |     101      |  ✅ Success  
    408      |    989.04    |    -3.02     |      33      |  ✅ Success  
    409      |    824.08    |    -34.24    |     168      |  ✅ Success  
    410      |    993.93    |    -0.50     |      27      |  ✅ Success  
  📊 统计 [Ep 410]: Actor Loss=-741.8912, Critic Loss=1475.6585, Alpha=5.5721, TD-error=60.8075, Beta=1.0000
    411      |    991.22    |    -2.88     |      28      |  ✅ Success  
    412      |   -519.93    |    -7.13     |      28      |  ❌ Failure  
    413      |    977.75    |    -5.71     |      54      |  ✅ Success  
    414      |    993.77    |    -1.41     |      23      |  ✅ Success  
    415      |    948.02    |    -12.92    |      73      |  ✅ Success  
    416      |    990.41    |    -2.21     |      35      |  ✅ Success  
    417      |    992.39    |    -7.88     |      20      |  ✅ Success  
    418      |    989.42    |    -7.33     |      38      |  ✅ Success  
    419      |    991.26    |    -1.90     |      31      |  ✅ Success  
    420      |    991.71    |    -10.71    |      25      |  ✅ Success  
  📊 统计 [Ep 420]: Actor Loss=-739.8819, Critic Loss=1155.3846, Alpha=5.5853, TD-error=58.9089, Beta=1.0000
    421      |    917.12    |    -17.35    |      80      |  ✅ Success  
    422      |    946.83    |    -26.53    |      75      |  ✅ Success  
    423      |    988.62    |    -1.90     |      30      |  ✅ Success  
    424      |    889.53    |    -17.18    |     122      |  ✅ Success  
    425      |    994.97    |     0.14     |      25      |  ✅ Success  
    426      |    868.61    |    -30.99    |     109      |  ✅ Success  
    427      |    875.30    |    -56.75    |     106      |  ✅ Success  
    428      |    972.95    |    -11.27    |      71      |  ✅ Success  
    429      |   -505.12    |    -1.01     |      7       |  ❌ Failure  
    430      |    992.73    |    -2.76     |      38      |  ✅ Success  
  📊 统计 [Ep 430]: Actor Loss=-758.5539, Critic Loss=1219.3671, Alpha=5.6221, TD-error=60.9521, Beta=1.0000
    431      |   -570.95    |    -17.83    |      63      |  ❌ Failure  
    432      |    975.80    |    -5.87     |      57      |  ✅ Success  
    433      |    987.38    |    -3.56     |      36      |  ✅ Success  
    434      |    993.25    |    -1.75     |      23      |  ✅ Success  
    435      |    967.46    |    -9.18     |      41      |  ✅ Success  
    436      |    988.02    |    -3.91     |      31      |  ✅ Success  
    437      |    975.31    |    -5.17     |      37      |  ✅ Success  
    438      |   -506.37    |    -1.30     |      10      |  ❌ Failure  
    439      |    939.90    |    -8.90     |      53      |  ✅ Success  
    440      |    984.69    |    -3.21     |      26      |  ✅ Success  
  📊 统计 [Ep 440]: Actor Loss=-766.3422, Critic Loss=1524.8486, Alpha=5.5984, TD-error=58.5298, Beta=1.0000
    441      |    995.58    |    -1.31     |      22      |  ✅ Success  
    442      |   -505.15    |    -2.33     |      7       |  ❌ Failure  
    443      |    973.54    |    -15.74    |      47      |  ✅ Success  
    444      |    984.88    |    -6.07     |      38      |  ✅ Success  
    445      |   1000.40    |    -1.63     |      22      |  ✅ Success  
    446      |    882.81    |    -25.81    |      98      |  ✅ Success  
    447      |    942.26    |    -10.28    |      63      |  ✅ Success  
    448      |    993.74    |    -2.08     |      23      |  ✅ Success  
    449      |    990.86    |    -3.58     |      25      |  ✅ Success  
    450      |    990.56    |    -5.40     |      21      |  ✅ Success  
  📊 统计 [Ep 450]: Actor Loss=-793.1688, Critic Loss=1463.9206, Alpha=5.6575, TD-error=66.6235, Beta=1.0000
    451      |    992.66    |    -1.79     |      27      |  ✅ Success  
    452      |    983.03    |    -4.83     |      21      |  ✅ Success  
    453      |    987.68    |    -8.19     |      26      |  ✅ Success  
    454      |    993.74    |    -2.15     |      21      |  ✅ Success  
    455      |    985.70    |    -4.12     |      30      |  ✅ Success  
    456      |    924.80    |    -18.27    |      63      |  ✅ Success  
    457      |    981.66    |    -7.51     |      45      |  ✅ Success  
    458      |    903.07    |    -20.04    |      84      |  ✅ Success  
    459      |    993.02    |    -1.81     |      25      |  ✅ Success  
    460      |    985.03    |    -20.44    |      29      |  ✅ Success  
  📊 统计 [Ep 460]: Actor Loss=-778.5774, Critic Loss=1392.5008, Alpha=5.7521, TD-error=64.0476, Beta=1.0000
    461      |    985.38    |    -8.47     |      43      |  ✅ Success  
    462      |    993.44    |    -4.54     |      21      |  ✅ Success  
    463      |    989.11    |    -4.46     |      32      |  ✅ Success  
    464      |    991.22    |    -2.04     |      29      |  ✅ Success  
    465      |    993.58    |    -2.04     |      22      |  ✅ Success  
    466      |    992.57    |    -11.50    |      20      |  ✅ Success  
    467      |   -505.40    |    -1.45     |      8       |  ❌ Failure  
    468      |    992.30    |    -2.06     |      26      |  ✅ Success  
    469      |    986.55    |    -2.38     |      43      |  ✅ Success  
    470      |    983.06    |    -5.61     |      38      |  ✅ Success  
  📊 统计 [Ep 470]: Actor Loss=-796.7358, Critic Loss=1421.6331, Alpha=5.7088, TD-error=62.0096, Beta=1.0000
    471      |    990.35    |    -1.47     |      36      |  ✅ Success  
    472      |    985.82    |    -4.07     |      28      |  ✅ Success  
    473      |    987.48    |    -4.69     |      48      |  ✅ Success  
    474      |    981.16    |    -5.38     |      35      |  ✅ Success  
    475      |    925.65    |    -17.04    |      79      |  ✅ Success  
    476      |    989.57    |    -4.82     |      27      |  ✅ Success  
    477      |   -505.65    |    -0.53     |      5       |  ❌ Failure  
    478      |    913.63    |    -22.29    |      92      |  ✅ Success  
    479      |    964.39    |    -27.31    |      63      |  ✅ Success  
    480      |    963.18    |    -11.56    |      55      |  ✅ Success  
  📊 统计 [Ep 480]: Actor Loss=-811.9657, Critic Loss=1470.0157, Alpha=5.6983, TD-error=63.2375, Beta=1.0000
    481      |    985.96    |    -4.28     |      21      |  ✅ Success  
    482      |    989.25    |    -2.72     |      35      |  ✅ Success  
    483      |    971.37    |    -4.98     |      39      |  ✅ Success  
    484      |   -509.47    |    -1.99     |      14      |  ❌ Failure  
    485      |    995.99    |     0.08     |      22      |  ✅ Success  
    486      |    962.96    |    -12.15    |      66      |  ✅ Success  
    487      |    993.65    |    -2.39     |      28      |  ✅ Success  
    488      |    986.84    |    -3.79     |      34      |  ✅ Success  
    489      |    957.57    |    -17.33    |      47      |  ✅ Success  
    490      |    990.80    |    -1.54     |      35      |  ✅ Success  
  📊 统计 [Ep 490]: Actor Loss=-818.9510, Critic Loss=1692.5418, Alpha=5.7724, TD-error=63.9442, Beta=1.0000
    491      |    986.15    |    -4.32     |      39      |  ✅ Success  
    492      |    993.99    |    -7.17     |      26      |  ✅ Success  
    493      |   -507.17    |    -0.83     |      8       |  ❌ Failure  
    494      |    977.89    |    -4.16     |      36      |  ✅ Success  
    495      |    984.09    |    -2.02     |      27      |  ✅ Success  
    496      |   -505.23    |    -1.02     |      9       |  ❌ Failure  
    497      |   -508.46    |    -1.27     |      10      |  ❌ Failure  
    498      |    965.83    |    -26.45    |      39      |  ✅ Success  
    499      |    987.91    |    -6.73     |      28      |  ✅ Success  
✅ 训练数据已保存: /home/zhangpeng/UAV_PATH_PLANNING/runs/exp_baseline_20251029_121437/training_data.pkl
✅ 总奖励曲线已保存: /home/zhangpeng/UAV_PATH_PLANNING/runs/exp_baseline_20251029_121437/plots/total_reward.png
✅ Leader奖励曲线已保存: /home/zhangpeng/UAV_PATH_PLANNING/runs/exp_baseline_20251029_121437/plots/leader_reward.png
✅ Follower奖励曲线已保存: /home/zhangpeng/UAV_PATH_PLANNING/runs/exp_baseline_20251029_121437/plots/follower_reward.png
