📝 日志文件: /home/zhangpeng/UAV_PATH_PLANNING/runs/exp_baseline_20251030_105029/training.log
💡 训练输出将实时保存到日志文件
🚀 启用AMP混合精度训练（预期加速40-100%）
🚀 启用异步数据传输（预期加速10-20%）
SAC训练中...
📊 优先级经验回放（PER）配置:
  - 容量: 20000
  - Alpha: 0.6 (优先级指数)
  - Beta: 0.4 → 1.0 (重要性采样权重)
  - 内存优化: float32 (节省50%内存)

================================================================================
  Episode    |    Leader    |   Follower   |    Steps     |    Status   
================================================================================
     0       |   -7541.42   |   -1910.22   |     737      |  ✅ Success  
  📊 统计 [Ep 0]: Actor Loss=15.7590, Critic Loss=0.7045, Alpha=0.9156, TD-error=0.5646, Beta=1.0000
     1       |   -344.18    |   -455.14    |     245      |  ✅ Success  
     2       |    74.36     |   -294.68    |     102      |  ✅ Success  
     3       |   -4335.18   |   -1536.02   |     624      |  ✅ Success  
     4       |    685.19    |   -147.41    |      58      |  ✅ Success  
     5       |   -556.67    |    -7.80     |      8       |  ❌ Failure  
     6       |   -2721.38   |   -1021.34   |     489      |  ✅ Success  
     7       |  -10078.28   |   -2711.98   |     1000     | ⏱️  Timeout 
     8       |   -723.47    |    -56.67    |      30      |  ❌ Failure  
     9       |  -10331.76   |   -3596.90   |     1000     | ⏱️  Timeout 
     10      |   -9230.30   |   -3223.88   |     1000     | ⏱️  Timeout 
  📊 统计 [Ep 10]: Actor Loss=-10.0434, Critic Loss=231.8703, Alpha=0.5131, TD-error=15.6049, Beta=1.0000
     11      |   -5856.41   |   -2554.01   |     1000     | ⏱️  Timeout 
     12      |   -7478.43   |   -2156.78   |     1000     | ⏱️  Timeout 
     13      |    771.87    |    -48.02    |      40      |  ✅ Success  
     14      |   -657.37    |    -24.95    |      22      |  ❌ Failure  
     15      |   -574.05    |    -4.39     |      10      |  ❌ Failure  
     16      |   -975.98    |   -797.98    |     328      |  ✅ Success  
     17      |  -11250.63   |   -3844.24   |     1000     | ⏱️  Timeout 
     18      |    836.53    |    -48.87    |      30      |  ✅ Success  
     19      |   -555.45    |    -7.04     |      8       |  ❌ Failure  
     20      |    862.97    |    -53.41    |      23      |  ✅ Success  
  📊 统计 [Ep 20]: Actor Loss=30.7708, Critic Loss=190.3442, Alpha=0.3267, TD-error=13.8745, Beta=1.0000
     21      |    829.76    |    -37.98    |      28      |  ✅ Success  
     22      |  -11236.08   |   -2241.23   |     1000     | ⏱️  Timeout 
     23      |  -12659.29   |   -2215.97   |     1000     | ⏱️  Timeout 
     24      |   -2336.51   |   -417.67    |     162      |  ❌ Failure  
     25      |   -9837.17   |   -2242.33   |     1000     | ⏱️  Timeout 
     26      |   -6294.00   |   -1470.26   |     873      |  ✅ Success  
     27      |   -549.67    |    -8.35     |      8       |  ❌ Failure  
     28      |   -1385.78   |   -139.84    |     108      |  ❌ Failure  
     29      |    267.65    |   -307.76    |     119      |  ✅ Success  
     30      |    13.02     |   -146.89    |     118      |  ✅ Success  
  📊 统计 [Ep 30]: Actor Loss=25.7447, Critic Loss=284.1426, Alpha=0.2959, TD-error=17.7201, Beta=1.0000
     31      |    54.88     |   -291.36    |     180      |  ✅ Success  
     32      |    808.22    |    -39.25    |      39      |  ✅ Success  
     33      |    748.23    |    -36.21    |      45      |  ✅ Success  
     34      |   -746.89    |    -25.91    |      34      |  ❌ Failure  
     35      |   -672.82    |    -23.54    |      25      |  ❌ Failure  
     36      |    671.12    |    -73.92    |      53      |  ✅ Success  
     37      |   -623.50    |    -12.06    |      18      |  ❌ Failure  
     38      |    497.57    |    -69.70    |      69      |  ✅ Success  
     39      |    405.99    |   -238.74    |     151      |  ✅ Success  
     40      |   -1937.94   |   -585.99    |     390      |  ✅ Success  
  📊 统计 [Ep 40]: Actor Loss=38.2937, Critic Loss=322.1654, Alpha=0.3328, TD-error=19.1472, Beta=1.0000
     41      |   -998.98    |   -728.55    |     398      |  ✅ Success  
     42      |   -4258.95   |   -472.83    |     388      |  ❌ Failure  
     43      |   -1156.18   |   -463.46    |     327      |  ✅ Success  
     44      |   -9557.81   |   -1397.97   |     903      |  ✅ Success  
     45      |    805.54    |    -26.62    |      37      |  ✅ Success  
     46      |   -696.55    |   -371.15    |     266      |  ✅ Success  
     47      |   -5210.67   |   -850.30    |     515      |  ✅ Success  
     48      |    715.77    |    -53.87    |      51      |  ✅ Success  
     49      |   -4361.64   |   -462.95    |     370      |  ❌ Failure  
     50      |    722.96    |    -63.67    |      56      |  ✅ Success  
  📊 统计 [Ep 50]: Actor Loss=22.5873, Critic Loss=298.9196, Alpha=0.4381, TD-error=20.6573, Beta=1.0000
     51      |   -1752.73   |   -431.39    |     321      |  ✅ Success  
     52      |    66.55     |   -207.94    |     187      |  ✅ Success  
     53      |    657.28    |    -60.14    |      60      |  ✅ Success  
     54      |   -565.65    |   -565.47    |     162      |  ✅ Success  
     55      |    738.84    |    -55.15    |      48      |  ✅ Success  
     56      |   -523.40    |    -2.65     |      4       |  ❌ Failure  
     57      |    793.95    |    -55.24    |      57      |  ✅ Success  
     58      |   -1417.55   |   -418.24    |     300      |  ✅ Success  
     59      |    788.19    |    -35.21    |      34      |  ✅ Success  
     60      |   -8219.10   |   -1195.89   |     1000     | ⏱️  Timeout 
  📊 统计 [Ep 60]: Actor Loss=-47.8530, Critic Loss=652.7284, Alpha=0.7258, TD-error=33.6855, Beta=1.0000
     61      |   -1696.03   |   -607.81    |     500      |  ✅ Success  
     62      |   -1306.07   |   -546.61    |     441      |  ✅ Success  
     63      |    783.54    |    -61.18    |      42      |  ✅ Success  
     64      |    630.72    |    -99.93    |      90      |  ✅ Success  
     65      |   -3557.26   |   -583.18    |     447      |  ✅ Success  
     66      |   -593.44    |   -184.91    |     190      |  ✅ Success  
     67      |    790.52    |    -54.91    |      35      |  ✅ Success  
     68      |    829.33    |    -29.11    |      33      |  ✅ Success  
     69      |    224.26    |    -79.36    |     105      |  ✅ Success  
     70      |    828.43    |    -34.08    |      35      |  ✅ Success  
  📊 统计 [Ep 70]: Actor Loss=-23.1687, Critic Loss=665.1994, Alpha=1.0627, TD-error=29.9488, Beta=1.0000
     71      |   -423.52    |   -171.47    |     156      |  ✅ Success  
     72      |    77.10     |   -127.82    |     125      |  ✅ Success  
     73      |   -2626.84   |   -410.99    |     345      |  ✅ Success  
     74      |    721.93    |    -46.44    |      44      |  ✅ Success  
     75      |   -386.02    |   -167.13    |     141      |  ✅ Success  
     76      |    684.71    |    -57.82    |      44      |  ✅ Success  
     77      |   -355.10    |   -151.24    |     152      |  ✅ Success  
     78      |    704.49    |    -41.85    |      43      |  ✅ Success  
     79      |    49.92     |   -125.54    |     126      |  ✅ Success  
     80      |    715.54    |    -64.48    |      47      |  ✅ Success  
  📊 统计 [Ep 80]: Actor Loss=-36.6445, Critic Loss=646.7935, Alpha=0.9298, TD-error=29.4038, Beta=1.0000
     81      |    326.68    |    -81.33    |     111      |  ✅ Success  
     82      |   -362.08    |   -164.08    |     145      |  ✅ Success  
     83      |    794.04    |    -33.53    |      40      |  ✅ Success  
     84      |    605.66    |    -55.73    |      63      |  ✅ Success  
     85      |   -675.35    |    -22.32    |      26      |  ❌ Failure  
     86      |   -627.70    |    -24.09    |      18      |  ❌ Failure  
     87      |    852.15    |    -11.95    |      29      |  ✅ Success  
     88      |    794.24    |    -39.74    |      35      |  ✅ Success  
     89      |    839.86    |    -28.92    |      33      |  ✅ Success  
     90      |    830.26    |    -39.15    |      33      |  ✅ Success  
  📊 统计 [Ep 90]: Actor Loss=-37.8238, Critic Loss=603.9491, Alpha=0.9126, TD-error=29.3795, Beta=1.0000
     91      |    465.34    |    -66.73    |      64      |  ✅ Success  
     92      |    801.97    |    -35.96    |      36      |  ✅ Success  
     93      |    868.42    |    -28.61    |      27      |  ✅ Success  
     94      |    879.61    |    -22.91    |      24      |  ✅ Success  
     95      |    724.26    |    -41.70    |      48      |  ✅ Success  
     96      |    842.92    |    -14.71    |      33      |  ✅ Success  
     97      |    709.44    |    -42.73    |      54      |  ✅ Success  
     98      |   -650.28    |    -10.14    |      22      |  ❌ Failure  
     99      |    743.30    |    -73.37    |      44      |  ✅ Success  
    100      |    897.70    |    -20.87    |      21      |  ✅ Success  
  📊 统计 [Ep 100]: Actor Loss=-39.4052, Critic Loss=724.7155, Alpha=0.9251, TD-error=29.0842, Beta=1.0000
    101      |    490.43    |    -37.28    |      70      |  ✅ Success  
    102      |   -637.41    |   -162.79    |     163      |  ✅ Success  
    103      |    485.83    |    -66.66    |      86      |  ✅ Success  
    104      |    274.68    |   -152.07    |     111      |  ✅ Success  
    105      |    268.88    |    -65.69    |      91      |  ✅ Success  
    106      |    533.72    |    -61.99    |      68      |  ✅ Success  
    107      |   -7379.74   |   -1188.06   |     744      |  ✅ Success  
    108      |    157.58    |   -120.91    |     135      |  ✅ Success  
    109      |    -50.81    |   -156.82    |     136      |  ✅ Success  
    110      |    712.28    |    -39.25    |      53      |  ✅ Success  
  📊 统计 [Ep 110]: Actor Loss=-61.7551, Critic Loss=700.2137, Alpha=1.0222, TD-error=31.9471, Beta=1.0000
    111      |    818.51    |    -34.66    |      31      |  ✅ Success  
    112      |    532.98    |    -75.67    |      73      |  ✅ Success  
    113      |   -1310.82   |   -231.08    |     243      |  ✅ Success  
    114      |    -3.06     |   -140.47    |     146      |  ✅ Success  
    115      |    911.16    |    -13.16    |      21      |  ✅ Success  
    116      |    140.01    |    -90.18    |      98      |  ✅ Success  
    117      |    739.94    |    -49.43    |      49      |  ✅ Success  
    118      |    580.63    |    -93.95    |      73      |  ✅ Success  
    119      |    710.37    |    -31.52    |      50      |  ✅ Success  
    120      |    439.27    |    -75.09    |      91      |  ✅ Success  
  📊 统计 [Ep 120]: Actor Loss=-81.2963, Critic Loss=835.3003, Alpha=1.1979, TD-error=38.4523, Beta=1.0000
    121      |    265.55    |    -90.73    |      89      |  ✅ Success  
    122      |    -96.21    |   -136.46    |     141      |  ✅ Success  
    123      |   -706.31    |   -222.15    |     169      |  ✅ Success  
    124      |   -761.06    |   -227.68    |     199      |  ✅ Success  
    125      |    493.82    |    -53.76    |      84      |  ✅ Success  
    126      |    695.47    |    -30.95    |      60      |  ✅ Success  
    127      |    319.10    |   -120.20    |     103      |  ✅ Success  
    128      |    782.37    |    -22.72    |      47      |  ✅ Success  
    129      |    69.11     |   -105.15    |     120      |  ✅ Success  
    130      |    434.17    |   -155.03    |      80      |  ✅ Success  
  📊 统计 [Ep 130]: Actor Loss=-118.4355, Critic Loss=815.2241, Alpha=1.3430, TD-error=37.4718, Beta=1.0000
    131      |   -1405.94   |   -223.09    |     247      |  ✅ Success  
    132      |   -1707.32   |   -280.00    |     271      |  ✅ Success  
    133      |    204.24    |    -85.05    |     107      |  ✅ Success  
    134      |   -527.74    |   -153.06    |     160      |  ✅ Success  
    135      |    52.68     |    -82.41    |     121      |  ✅ Success  
    136      |   -1383.62   |    -75.98    |      88      |  ❌ Failure  
    137      |   -555.82    |    -7.14     |      8       |  ❌ Failure  
    138      |    776.46    |    -63.96    |      49      |  ✅ Success  
    139      |   -708.77    |    -17.65    |      28      |  ❌ Failure  
    140      |    793.12    |    -42.65    |      40      |  ✅ Success  
  📊 统计 [Ep 140]: Actor Loss=-133.9836, Critic Loss=891.8486, Alpha=1.4863, TD-error=37.7144, Beta=1.0000
    141      |   -265.08    |   -117.60    |     177      |  ✅ Success  
    142      |    750.74    |    -48.89    |      55      |  ✅ Success  
    143      |    262.08    |    -81.82    |     104      |  ✅ Success  
    144      |    781.42    |    -22.04    |      45      |  ✅ Success  
    145      |   -3247.35   |   -435.69    |     391      |  ✅ Success  
    146      |    523.82    |    -99.66    |      83      |  ✅ Success  
    147      |   -331.70    |   -172.56    |     138      |  ✅ Success  
    148      |   -740.70    |    -37.03    |      31      |  ❌ Failure  
    149      |    852.71    |    -29.67    |      32      |  ✅ Success  
    150      |    866.19    |    -23.64    |      30      |  ✅ Success  
  📊 统计 [Ep 150]: Actor Loss=-145.3527, Critic Loss=928.3019, Alpha=1.6366, TD-error=42.2505, Beta=1.0000
    151      |    846.32    |    -33.84    |      33      |  ✅ Success  
    152      |   -355.67    |   -196.81    |     139      |  ✅ Success  
    153      |   -2552.02   |   -345.26    |     296      |  ✅ Success  
    154      |    588.26    |    -43.79    |      53      |  ✅ Success  
    155      |   -720.44    |   -193.22    |     177      |  ✅ Success  
    156      |    716.05    |    -38.93    |      50      |  ✅ Success  
    157      |    762.34    |    -41.72    |      51      |  ✅ Success  
    158      |    730.07    |    -21.42    |      52      |  ✅ Success  
    159      |    822.04    |    -41.24    |      38      |  ✅ Success  
    160      |    21.30     |    -97.00    |     100      |  ✅ Success  
  📊 统计 [Ep 160]: Actor Loss=-148.7807, Critic Loss=873.1772, Alpha=1.6755, TD-error=43.3034, Beta=1.0000
    161      |    633.17    |    -54.49    |      57      |  ✅ Success  
    162      |   -308.36    |   -118.73    |     145      |  ✅ Success  
    163      |   -334.93    |   -128.27    |     133      |  ✅ Success  
    164      |    316.75    |    -67.96    |      87      |  ✅ Success  
    165      |   -122.86    |   -113.06    |     106      |  ✅ Success  
    166      |    674.34    |    -46.39    |      50      |  ✅ Success  
    167      |    806.06    |    -45.35    |      36      |  ✅ Success  
    168      |   -1929.45   |   -320.14    |     266      |  ✅ Success  
    169      |   -1328.73   |   -235.96    |     223      |  ✅ Success  
    170      |    321.96    |    -70.53    |      82      |  ✅ Success  
  📊 统计 [Ep 170]: Actor Loss=-180.8506, Critic Loss=990.1734, Alpha=1.7659, TD-error=42.9550, Beta=1.0000
    171      |    440.69    |    -52.69    |      82      |  ✅ Success  
    172      |    792.04    |    -61.72    |      35      |  ✅ Success  
    173      |    766.50    |    -22.19    |      54      |  ✅ Success  
    174      |    606.39    |    -55.41    |      63      |  ✅ Success  
    175      |   -562.99    |    -8.07     |      9       |  ❌ Failure  
    176      |    736.36    |    -38.71    |      56      |  ✅ Success  
    177      |    804.31    |    -21.70    |      36      |  ✅ Success  
    178      |    430.65    |    -52.19    |      80      |  ✅ Success  
    179      |    712.92    |    -51.57    |      50      |  ✅ Success  
    180      |    822.22    |    -33.96    |      36      |  ✅ Success  
  📊 统计 [Ep 180]: Actor Loss=-199.8077, Critic Loss=1179.3041, Alpha=1.8506, TD-error=46.7008, Beta=1.0000
    181      |    772.55    |    -21.24    |      42      |  ✅ Success  
    182      |    709.28    |    -73.40    |      49      |  ✅ Success  
    183      |   -1053.54   |   -205.79    |     188      |  ✅ Success  
    184      |    826.69    |    -16.38    |      34      |  ✅ Success  
    185      |    638.42    |    -37.49    |      62      |  ✅ Success  
    186      |    681.23    |    -27.60    |      53      |  ✅ Success  
    187      |   -545.21    |    -3.84     |      8       |  ❌ Failure  
    188      |    -35.97    |    -77.96    |     126      |  ✅ Success  
    189      |   -690.33    |   -152.57    |     174      |  ✅ Success  
    190      |   -547.28    |    -4.15     |      7       |  ❌ Failure  
  📊 统计 [Ep 190]: Actor Loss=-212.5793, Critic Loss=1107.2027, Alpha=1.8961, TD-error=45.1442, Beta=1.0000
    191      |    859.79    |    -28.77    |      35      |  ✅ Success  
    192      |    315.16    |    -83.42    |      80      |  ✅ Success  
    193      |    592.86    |    -41.35    |      62      |  ✅ Success  
    194      |   -531.83    |    -4.67     |      5       |  ❌ Failure  
    195      |    860.56    |    -27.44    |      27      |  ✅ Success  
    196      |    794.99    |    -19.85    |      43      |  ✅ Success  
    197      |    44.02     |    -90.31    |     111      |  ✅ Success  
    198      |    720.65    |    -44.95    |      43      |  ✅ Success  
    199      |   -585.44    |    -9.13     |      14      |  ❌ Failure  
    200      |   -1184.09   |   -198.83    |     206      |  ✅ Success  
  📊 统计 [Ep 200]: Actor Loss=-216.6282, Critic Loss=1163.4137, Alpha=1.9332, TD-error=45.6961, Beta=1.0000
    201      |   -305.38    |   -179.06    |     149      |  ✅ Success  
    202      |   -525.80    |   -173.26    |     164      |  ✅ Success  
    203      |   -1267.53   |   -245.01    |     226      |  ✅ Success  
    204      |    636.14    |    -69.85    |      73      |  ✅ Success  
    205      |   -846.13    |   -149.06    |     165      |  ✅ Success  
    206      |    86.11     |    -85.98    |      99      |  ✅ Success  
    207      |    425.46    |    -49.24    |      80      |  ✅ Success  
    208      |    864.60    |    -16.80    |      28      |  ✅ Success  
    209      |    861.16    |    -27.43    |      30      |  ✅ Success  
    210      |    879.68    |    -15.88    |      25      |  ✅ Success  
  📊 统计 [Ep 210]: Actor Loss=-241.0781, Critic Loss=1164.2619, Alpha=1.9654, TD-error=45.2945, Beta=1.0000
    211      |   -635.86    |   -175.91    |     157      |  ✅ Success  
    212      |    863.06    |    -22.10    |      28      |  ✅ Success  
    213      |    660.25    |    -33.94    |      58      |  ✅ Success  
    214      |    146.97    |    -84.59    |      97      |  ✅ Success  
    215      |    848.35    |    -36.87    |      31      |  ✅ Success  
    216      |   -1195.92   |   -277.79    |     212      |  ✅ Success  
    217      |    579.46    |    -39.19    |      72      |  ✅ Success  
    218      |    538.44    |    -58.89    |      64      |  ✅ Success  
    219      |     2.43     |    -95.11    |     108      |  ✅ Success  
    220      |   -4250.00   |   -613.03    |     422      |  ✅ Success  
  📊 统计 [Ep 220]: Actor Loss=-259.5209, Critic Loss=1142.5528, Alpha=1.9878, TD-error=45.9838, Beta=1.0000
    221      |   -578.49    |    -14.03    |      11      |  ❌ Failure  
    222      |    858.45    |    -11.99    |      28      |  ✅ Success  
    223      |    848.28    |    -43.18    |      28      |  ✅ Success  
    224      |   -463.03    |   -184.89    |     143      |  ✅ Success  
    225      |    553.17    |    -65.95    |      75      |  ✅ Success  
    226      |    882.00    |    -12.57    |      24      |  ✅ Success  
    227      |   -581.70    |    -8.15     |      12      |  ❌ Failure  
    228      |    870.57    |    -20.07    |      29      |  ✅ Success  
    229      |    781.70    |    -44.93    |      37      |  ✅ Success  
    230      |    890.54    |    -28.11    |      25      |  ✅ Success  
  📊 统计 [Ep 230]: Actor Loss=-271.6074, Critic Loss=1181.2829, Alpha=2.0135, TD-error=48.9422, Beta=1.0000
    231      |   -432.06    |   -123.95    |     158      |  ✅ Success  
    232      |   -562.64    |    -3.51     |      10      |  ❌ Failure  
    233      |    73.19     |   -103.49    |     107      |  ✅ Success  
    234      |   -8853.71   |   -913.03    |     884      |  ✅ Success  
    235      |   -854.53    |   -142.48    |     184      |  ✅ Success  
    236      |    460.43    |    -42.78    |      73      |  ✅ Success  
    237      |   -2307.70   |   -418.12    |     311      |  ✅ Success  
    238      |   -1127.72   |   -214.65    |     210      |  ✅ Success  
    239      |   -998.41    |   -156.10    |     212      |  ✅ Success  
    240      |    627.13    |    -41.40    |      50      |  ✅ Success  
  📊 统计 [Ep 240]: Actor Loss=-315.6684, Critic Loss=1295.7534, Alpha=2.1435, TD-error=51.3876, Beta=1.0000
    241      |    609.33    |    -64.52    |      59      |  ✅ Success  
    242      |    108.30    |    -78.56    |     111      |  ✅ Success  
    243      |    842.35    |    -28.10    |      30      |  ✅ Success  
    244      |    499.23    |    -61.31    |      66      |  ✅ Success  
    245      |    872.86    |    -25.42    |      25      |  ✅ Success  
    246      |   -1559.15   |   -277.28    |     240      |  ✅ Success  
    247      |    883.75    |    -18.72    |      26      |  ✅ Success  
    248      |    888.90    |    -16.19    |      27      |  ✅ Success  
    249      |    -93.91    |    -93.25    |     107      |  ✅ Success  
    250      |    836.48    |    -39.54    |      31      |  ✅ Success  
  📊 统计 [Ep 250]: Actor Loss=-329.4698, Critic Loss=1072.6996, Alpha=2.0557, TD-error=45.2790, Beta=1.0000
    251      |    895.20    |    -16.60    |      25      |  ✅ Success  
    252      |    811.25    |    -24.00    |      35      |  ✅ Success  
    253      |    -32.85    |    -85.33    |     113      |  ✅ Success  
    254      |    772.96    |    -22.75    |      45      |  ✅ Success  
    255      |    839.81    |    -16.96    |      29      |  ✅ Success  
    256      |    860.69    |    -17.97    |      32      |  ✅ Success  
    257      |   -915.67    |    -33.39    |      45      |  ❌ Failure  
    258      |    864.86    |    -24.26    |      26      |  ✅ Success  
    259      |   -3343.92   |   -441.87    |     346      |  ✅ Success  
    260      |    858.99    |    -25.50    |      27      |  ✅ Success  
  📊 统计 [Ep 260]: Actor Loss=-355.6524, Critic Loss=1319.9762, Alpha=2.0466, TD-error=49.8926, Beta=1.0000
    261      |    157.14    |    -86.60    |      99      |  ✅ Success  
    262      |    440.62    |   -184.90    |      71      |  ✅ Success  
    263      |    446.04    |    -62.45    |      78      |  ✅ Success  
    264      |    844.69    |    -26.81    |      27      |  ✅ Success  
    265      |    -60.84    |   -142.62    |     106      |  ✅ Success  
    266      |    430.27    |    -55.50    |      80      |  ✅ Success  
    267      |    818.02    |    -14.44    |      37      |  ✅ Success  
    268      |    804.56    |    -40.81    |      34      |  ✅ Success  
    269      |    849.31    |    -23.16    |      30      |  ✅ Success  
    270      |    673.32    |    -37.12    |      46      |  ✅ Success  
  📊 统计 [Ep 270]: Actor Loss=-386.7470, Critic Loss=1155.5630, Alpha=1.9492, TD-error=48.2059, Beta=1.0000
    271      |    818.76    |    -39.89    |      32      |  ✅ Success  
    272      |    439.63    |    -77.55    |      81      |  ✅ Success  
    273      |    67.69     |    -84.52    |     102      |  ✅ Success  
    274      |    719.50    |    -48.46    |      49      |  ✅ Success  
    275      |    862.00    |    -47.09    |      25      |  ✅ Success  
    276      |   -1442.22   |    -79.69    |      74      |  ❌ Failure  
    277      |    808.75    |    -18.32    |      35      |  ✅ Success  
    278      |    888.93    |    -8.76     |      25      |  ✅ Success  
    279      |    323.43    |    -83.46    |      79      |  ✅ Success  
    280      |    881.12    |    -19.16    |      26      |  ✅ Success  
  📊 统计 [Ep 280]: Actor Loss=-407.2190, Critic Loss=1059.8049, Alpha=1.9149, TD-error=48.9700, Beta=1.0000
    281      |    725.43    |    -25.36    |      50      |  ✅ Success  
    282      |    834.74    |    -20.58    |      31      |  ✅ Success  
    283      |   -2318.74   |   -328.30    |     310      |  ✅ Success  
    284      |    591.28    |    -30.94    |      67      |  ✅ Success  
    285      |    720.16    |    -21.66    |      53      |  ✅ Success  
    286      |    860.01    |    -16.23    |      31      |  ✅ Success  
    287      |    863.59    |    -15.57    |      29      |  ✅ Success  
    288      |    584.27    |    -55.87    |      52      |  ✅ Success  
    289      |    560.23    |    -42.66    |      60      |  ✅ Success  
    290      |    478.06    |    -36.36    |      68      |  ✅ Success  
  📊 统计 [Ep 290]: Actor Loss=-440.9868, Critic Loss=1248.4985, Alpha=1.9358, TD-error=48.9646, Beta=1.0000
    291      |   -543.27    |    -4.84     |      7       |  ❌ Failure  
    292      |    341.38    |    -60.78    |      80      |  ✅ Success  
    293      |    805.76    |    -23.45    |      36      |  ✅ Success  
    294      |    582.60    |    -59.45    |      63      |  ✅ Success  
    295      |    793.64    |    -38.74    |      38      |  ✅ Success  
    296      |    239.18    |    -59.80    |      95      |  ✅ Success  
    297      |    786.86    |    -20.55    |      40      |  ✅ Success  
    298      |    634.92    |    -39.48    |      48      |  ✅ Success  
    299      |    864.97    |    -18.63    |      26      |  ✅ Success  
    300      |    858.08    |    -14.75    |      29      |  ✅ Success  
  📊 统计 [Ep 300]: Actor Loss=-436.8084, Critic Loss=997.1930, Alpha=1.9889, TD-error=46.7653, Beta=1.0000
    301      |    110.52    |    -72.58    |     102      |  ✅ Success  
    302      |    903.78    |    -21.65    |      23      |  ✅ Success  
    303      |    854.21    |    -28.50    |      31      |  ✅ Success  
    304      |    744.49    |    -37.24    |      41      |  ✅ Success  
    305      |    864.30    |    -17.27    |      27      |  ✅ Success  
    306      |   -557.40    |    -5.70     |      8       |  ❌ Failure  
    307      |    878.62    |    -26.04    |      27      |  ✅ Success  
    308      |   -545.20    |    -6.09     |      7       |  ❌ Failure  
    309      |    906.57    |    -20.66    |      20      |  ✅ Success  
    310      |    835.41    |    -34.84    |      36      |  ✅ Success  
  📊 统计 [Ep 310]: Actor Loss=-476.8055, Critic Loss=1244.9365, Alpha=1.9602, TD-error=53.1688, Beta=1.0000
    311      |    523.26    |    -56.93    |      81      |  ✅ Success  
    312      |    874.37    |    -23.59    |      28      |  ✅ Success  
    313      |    821.54    |    -30.10    |      35      |  ✅ Success  
    314      |   -574.07    |    -9.73     |      10      |  ❌ Failure  
    315      |    148.73    |    -77.31    |     102      |  ✅ Success  
    316      |    297.03    |   -119.13    |      82      |  ✅ Success  
    317      |   -569.37    |    -7.82     |      11      |  ❌ Failure  
    318      |    62.54     |    -95.00    |     105      |  ✅ Success  
    319      |    460.26    |    -44.44    |      65      |  ✅ Success  
    320      |   -377.87    |   -136.90    |     133      |  ✅ Success  
  📊 统计 [Ep 320]: Actor Loss=-454.3462, Critic Loss=1198.5509, Alpha=2.0419, TD-error=48.0139, Beta=1.0000
    321      |    769.85    |    -33.69    |      40      |  ✅ Success  
    322      |    789.23    |    -30.90    |      42      |  ✅ Success  
    323      |   -568.96    |    -7.26     |      10      |  ❌ Failure  
    324      |    594.19    |    -55.23    |      70      |  ✅ Success  
    325      |    809.92    |    -20.44    |      37      |  ✅ Success  
    326      |    902.95    |    -13.15    |      21      |  ✅ Success  
    327      |    908.68    |    -9.68     |      22      |  ✅ Success  
    328      |    135.75    |    -65.53    |     112      |  ✅ Success  
    329      |   -537.72    |    -2.44     |      6       |  ❌ Failure  
    330      |    612.77    |    -42.93    |      68      |  ✅ Success  
  📊 统计 [Ep 330]: Actor Loss=-448.7799, Critic Loss=1173.4673, Alpha=1.9988, TD-error=47.5379, Beta=1.0000
    331      |    687.03    |    -43.31    |      55      |  ✅ Success  
    332      |    838.64    |    -15.57    |      32      |  ✅ Success  
    333      |    851.83    |    -65.16    |      26      |  ✅ Success  
    334      |    466.94    |    -59.83    |      63      |  ✅ Success  
    335      |    857.36    |    -8.64     |      30      |  ✅ Success  
    336      |    753.49    |    -49.70    |      49      |  ✅ Success  
    337      |    -0.83     |   -108.91    |     113      |  ✅ Success  
    338      |    847.48    |    -23.77    |      33      |  ✅ Success  
    339      |    877.24    |    -17.08    |      27      |  ✅ Success  
    340      |    721.73    |    -58.33    |      51      |  ✅ Success  
  📊 统计 [Ep 340]: Actor Loss=-483.9635, Critic Loss=1272.1705, Alpha=1.9782, TD-error=48.4410, Beta=1.0000
    341      |   -675.14    |    -7.19     |      22      |  ❌ Failure  
    342      |    908.23    |    -13.41    |      20      |  ✅ Success  
    343      |    781.49    |    -55.86    |      37      |  ✅ Success  
    344      |   -553.13    |    -3.87     |      8       |  ❌ Failure  
    345      |   -537.22    |    -3.90     |      6       |  ❌ Failure  
    346      |    790.74    |    -19.36    |      38      |  ✅ Success  
    347      |   -544.06    |    -4.49     |      7       |  ❌ Failure  
    348      |   -530.26    |    -3.02     |      5       |  ❌ Failure  
    349      |    872.43    |    -15.01    |      30      |  ✅ Success  
    350      |    915.34    |    -13.17    |      19      |  ✅ Success  
  📊 统计 [Ep 350]: Actor Loss=-474.4678, Critic Loss=1216.8191, Alpha=1.9886, TD-error=52.9893, Beta=1.0000
    351      |    886.02    |    -19.26    |      27      |  ✅ Success  
    352      |    671.54    |    -17.56    |      55      |  ✅ Success  
    353      |    859.55    |    -16.14    |      27      |  ✅ Success  
    354      |    688.31    |    -47.58    |      52      |  ✅ Success  
    355      |    817.40    |    -18.92    |      34      |  ✅ Success  
    356      |    791.31    |    -59.79    |      32      |  ✅ Success  
    357      |    851.93    |    -15.30    |      31      |  ✅ Success  
    358      |    669.12    |    -34.36    |      51      |  ✅ Success  
    359      |   -233.09    |   -106.92    |     122      |  ✅ Success  
    360      |    875.72    |    -25.68    |      25      |  ✅ Success  
  📊 统计 [Ep 360]: Actor Loss=-488.3365, Critic Loss=1306.9908, Alpha=2.0769, TD-error=51.5521, Beta=1.0000
    361      |   -562.98    |    -4.33     |      10      |  ❌ Failure  
    362      |    877.62    |    -15.37    |      30      |  ✅ Success  
    363      |    742.57    |    -79.96    |      39      |  ✅ Success  
    364      |   -555.29    |    -3.09     |      8       |  ❌ Failure  
    365      |    816.92    |    -23.80    |      31      |  ✅ Success  
    366      |    668.18    |    -36.08    |      48      |  ✅ Success  
    367      |    814.31    |    -19.40    |      31      |  ✅ Success  
    368      |   -574.03    |    -7.80     |      11      |  ❌ Failure  
    369      |    835.86    |    -27.02    |      33      |  ✅ Success  
    370      |    856.27    |    -12.25    |      31      |  ✅ Success  
  📊 统计 [Ep 370]: Actor Loss=-509.1546, Critic Loss=1479.2953, Alpha=2.0989, TD-error=57.0022, Beta=1.0000
    371      |   -552.85    |    -7.19     |      8       |  ❌ Failure  
    372      |   -551.14    |    -5.27     |      7       |  ❌ Failure  
    373      |    -11.72    |    -83.30    |     107      |  ✅ Success  
    374      |    843.86    |    -19.29    |      31      |  ✅ Success  
    375      |    692.39    |    -27.61    |      43      |  ✅ Success  
    376      |    892.58    |    -19.11    |      23      |  ✅ Success  
    377      |    877.99    |    -20.40    |      26      |  ✅ Success  
    378      |    483.84    |    -50.87    |      74      |  ✅ Success  
    379      |    657.63    |    -37.25    |      45      |  ✅ Success  
    380      |    884.89    |    -19.38    |      25      |  ✅ Success  
  📊 统计 [Ep 380]: Actor Loss=-518.4582, Critic Loss=1001.5371, Alpha=2.1349, TD-error=50.5069, Beta=1.0000
    381      |    818.66    |    -32.63    |      32      |  ✅ Success  
    382      |    345.30    |   -154.34    |      88      |  ✅ Success  
    383      |    837.18    |    -19.63    |      32      |  ✅ Success  
    384      |    570.89    |    -66.90    |      59      |  ✅ Success  
    385      |    884.04    |    -18.05    |      26      |  ✅ Success  
    386      |    547.63    |    -45.78    |      59      |  ✅ Success  
    387      |    923.06    |    -24.88    |      18      |  ✅ Success  
    388      |    828.78    |    -26.68    |      33      |  ✅ Success  
    389      |    898.66    |    -19.36    |      22      |  ✅ Success  
    390      |    872.61    |    -18.90    |      24      |  ✅ Success  
  📊 统计 [Ep 390]: Actor Loss=-591.0040, Critic Loss=1535.7556, Alpha=2.2510, TD-error=57.5808, Beta=1.0000
    391      |   -546.24    |    -4.25     |      7       |  ❌ Failure  
    392      |    881.06    |    -31.01    |      26      |  ✅ Success  
    393      |    772.33    |    -32.56    |      40      |  ✅ Success  
    394      |    827.30    |    -28.78    |      33      |  ✅ Success  
    395      |    664.57    |    -33.63    |      45      |  ✅ Success  
    396      |    845.25    |    -20.89    |      30      |  ✅ Success  
    397      |    817.66    |    -21.37    |      33      |  ✅ Success  
    398      |    873.25    |    -9.93     |      29      |  ✅ Success  
    399      |    791.39    |    -21.58    |      36      |  ✅ Success  
    400      |    883.47    |    -19.11    |      24      |  ✅ Success  
  📊 统计 [Ep 400]: Actor Loss=-565.4565, Critic Loss=1795.3392, Alpha=2.3655, TD-error=61.2733, Beta=1.0000
    401      |    818.82    |    -30.05    |      37      |  ✅ Success  
    402      |   -529.83    |    -4.44     |      5       |  ❌ Failure  
    403      |    909.62    |    -14.86    |      19      |  ✅ Success  
    404      |    896.34    |    -17.86    |      21      |  ✅ Success  
    405      |    812.94    |    -17.95    |      32      |  ✅ Success  
    406      |    772.43    |    -37.68    |      37      |  ✅ Success  
    407      |    633.89    |    -63.55    |      48      |  ✅ Success  
    408      |    849.96    |    -18.37    |      30      |  ✅ Success  
    409      |    764.52    |    -21.33    |      44      |  ✅ Success  
    410      |   -559.58    |    -6.11     |      9       |  ❌ Failure  
  📊 统计 [Ep 410]: Actor Loss=-590.8032, Critic Loss=993.4612, Alpha=2.4401, TD-error=56.4954, Beta=1.0000
    411      |    794.09    |    -39.77    |      38      |  ✅ Success  
    412      |    686.34    |    -36.51    |      45      |  ✅ Success  
    413      |   -702.95    |    -13.76    |      27      |  ❌ Failure  
    414      |    908.09    |    -9.86     |      22      |  ✅ Success  
    415      |    729.88    |    -30.36    |      45      |  ✅ Success  
    416      |    847.70    |    -21.92    |      30      |  ✅ Success  
    417      |   -551.71    |    -4.17     |      8       |  ❌ Failure  
    418      |   -814.37    |    -28.58    |      34      |  ❌ Failure  
    419      |    886.00    |    -10.76    |      27      |  ✅ Success  
    420      |    872.93    |    -20.63    |      24      |  ✅ Success  
  📊 统计 [Ep 420]: Actor Loss=-587.5164, Critic Loss=1588.6937, Alpha=2.5134, TD-error=60.4863, Beta=1.0000
    421      |    633.80    |    -34.79    |      50      |  ✅ Success  
    422      |    836.05    |    -20.11    |      32      |  ✅ Success  
    423      |    863.82    |    -16.18    |      29      |  ✅ Success  
    424      |    814.95    |    -22.74    |      38      |  ✅ Success  
    425      |    882.12    |    -11.90    |      25      |  ✅ Success  
    426      |    781.38    |    -20.99    |      39      |  ✅ Success  
    427      |    188.05    |    -77.69    |     102      |  ✅ Success  
    428      |    797.77    |    -19.32    |      39      |  ✅ Success  
    429      |   -557.51    |    -6.98     |      8       |  ❌ Failure  
    430      |    848.57    |    -22.17    |      30      |  ✅ Success  
  📊 统计 [Ep 430]: Actor Loss=-624.4880, Critic Loss=1548.1263, Alpha=2.5577, TD-error=62.3236, Beta=1.0000
    431      |    843.63    |    -17.56    |      30      |  ✅ Success  
    432      |    808.57    |    -22.51    |      36      |  ✅ Success  
    433      |    832.02    |    -12.81    |      33      |  ✅ Success  
    434      |    881.41    |    -19.05    |      24      |  ✅ Success  
    435      |   -687.03    |    -26.85    |      22      |  ❌ Failure  
    436      |    814.41    |    -28.78    |      32      |  ✅ Success  
    437      |    800.79    |    -17.73    |      33      |  ✅ Success  
    438      |   -562.49    |    -5.76     |      9       |  ❌ Failure  
    439      |    886.25    |    -19.88    |      23      |  ✅ Success  
    440      |    832.36    |    -26.35    |      31      |  ✅ Success  
  📊 统计 [Ep 440]: Actor Loss=-639.0752, Critic Loss=1660.3710, Alpha=2.5695, TD-error=61.8848, Beta=1.0000
    441      |    903.11    |    -10.42    |      21      |  ✅ Success  
    442      |    907.87    |    -15.63    |      22      |  ✅ Success  
    443      |    788.75    |    -23.11    |      44      |  ✅ Success  
    444      |    769.90    |    -36.06    |      43      |  ✅ Success  
    445      |    890.85    |    -24.65    |      21      |  ✅ Success  
    446      |   -877.45    |    -29.50    |      44      |  ❌ Failure  
    447      |    810.75    |    -57.48    |      32      |  ✅ Success  
    448      |    896.62    |    -16.02    |      21      |  ✅ Success  
    449      |    840.23    |    -27.25    |      29      |  ✅ Success  
    450      |    917.07    |    -6.16     |      20      |  ✅ Success  
  📊 统计 [Ep 450]: Actor Loss=-623.0046, Critic Loss=2081.3003, Alpha=2.6219, TD-error=63.9109, Beta=1.0000
    451      |    869.95    |    -21.84    |      27      |  ✅ Success  
    452      |    823.18    |    -22.45    |      33      |  ✅ Success  
    453      |    824.57    |    -24.55    |      30      |  ✅ Success  
    454      |   -540.38    |    -4.81     |      6       |  ❌ Failure  
    455      |    834.71    |    -27.82    |      32      |  ✅ Success  
    456      |   -688.45    |    -15.31    |      24      |  ❌ Failure  
    457      |    832.59    |    -25.59    |      35      |  ✅ Success  
    458      |    721.04    |    -23.39    |      39      |  ✅ Success  
    459      |   -549.07    |    -4.81     |      7       |  ❌ Failure  
    460      |    768.36    |    -21.96    |      37      |  ✅ Success  
  📊 统计 [Ep 460]: Actor Loss=-659.7898, Critic Loss=1985.4092, Alpha=2.7180, TD-error=61.4936, Beta=1.0000
    461      |   -594.03    |    -13.85    |      15      |  ❌ Failure  
    462      |   -551.54    |    -5.69     |      8       |  ❌ Failure  
    463      |   -564.35    |    -9.77     |      9       |  ❌ Failure  
    464      |   -586.30    |    -9.71     |      12      |  ❌ Failure  
    465      |   -550.34    |    -5.17     |      8       |  ❌ Failure  
    466      |    910.48    |    -12.03    |      20      |  ✅ Success  
    467      |    898.88    |    -25.15    |      21      |  ✅ Success  
    468      |    888.33    |    -10.80    |      24      |  ✅ Success  
    469      |    607.98    |    -39.28    |      61      |  ✅ Success  
    470      |   -644.54    |    -22.58    |      21      |  ❌ Failure  
  📊 统计 [Ep 470]: Actor Loss=-630.9901, Critic Loss=1779.2893, Alpha=2.7840, TD-error=61.2120, Beta=1.0000
    471      |   -582.99    |    -11.05    |      12      |  ❌ Failure  
    472      |    864.42    |    -22.54    |      27      |  ✅ Success  
    473      |   -600.95    |    -12.37    |      16      |  ❌ Failure  
    474      |    825.72    |    -26.85    |      32      |  ✅ Success  
    475      |   -564.59    |    -6.07     |      9       |  ❌ Failure  
    476      |    842.18    |    -19.37    |      30      |  ✅ Success  
    477      |    913.36    |    -24.50    |      20      |  ✅ Success  
    478      |    781.23    |    -38.13    |      40      |  ✅ Success  
    479      |    677.09    |    -24.46    |      56      |  ✅ Success  
    480      |    703.73    |    -28.45    |      46      |  ✅ Success  
  📊 统计 [Ep 480]: Actor Loss=-660.2398, Critic Loss=1692.2654, Alpha=2.7911, TD-error=64.9275, Beta=1.0000
    481      |    886.44    |    -34.29    |      24      |  ✅ Success  
    482      |    842.62    |    -25.27    |      28      |  ✅ Success  
    483      |    901.94    |    -19.12    |      22      |  ✅ Success  
    484      |    889.16    |    -24.33    |      26      |  ✅ Success  
    485      |    893.20    |    -23.94    |      23      |  ✅ Success  
    486      |    766.72    |    -17.59    |      42      |  ✅ Success  
    487      |    96.35     |    -91.30    |      93      |  ✅ Success  
    488      |    833.26    |    -17.89    |      31      |  ✅ Success  
    489      |   -698.90    |    -21.30    |      23      |  ❌ Failure  
    490      |    851.01    |    -15.69    |      30      |  ✅ Success  
  📊 统计 [Ep 490]: Actor Loss=-679.1643, Critic Loss=1737.9484, Alpha=2.7927, TD-error=65.0674, Beta=1.0000
    491      |   -662.51    |    -20.65    |      20      |  ❌ Failure  
    492      |   -543.76    |    -3.29     |      7       |  ❌ Failure  
    493      |    846.04    |    -25.26    |      29      |  ✅ Success  
    494      |    839.79    |    -17.54    |      32      |  ✅ Success  
    495      |   -559.54    |    -5.52     |      8       |  ❌ Failure  
    496      |    903.49    |    -20.18    |      23      |  ✅ Success  
    497      |   -566.03    |    -6.30     |      9       |  ❌ Failure  
    498      |    520.35    |    -51.86    |      56      |  ✅ Success  
    499      |    861.09    |    -30.02    |      27      |  ✅ Success  
✅ 训练数据已保存: /home/zhangpeng/UAV_PATH_PLANNING/runs/exp_baseline_20251030_105029/training_data.pkl
✅ 总奖励曲线已保存: /home/zhangpeng/UAV_PATH_PLANNING/runs/exp_baseline_20251030_105029/plots/total_reward.png
✅ Leader奖励曲线已保存: /home/zhangpeng/UAV_PATH_PLANNING/runs/exp_baseline_20251030_105029/plots/leader_reward.png
✅ Follower奖励曲线已保存: /home/zhangpeng/UAV_PATH_PLANNING/runs/exp_baseline_20251030_105029/plots/follower_reward.png
