📝 日志文件: /home/zhangpeng/UAV_PATH_PLANNING/runs/exp_baseline_20251031_203720/training.log
💡 训练输出将实时保存到日志文件
🚀 启用AMP混合精度训练（预期加速40-100%）
🚀 启用异步数据传输（预期加速10-20%）
SAC训练中...
📊 优先级经验回放（PER）配置:
  - 容量: 20000
  - Alpha: 0.6 (优先级指数)
  - Beta: 0.4 → 1.0 (重要性采样权重)
  - 内存优化: float32 (节省50%内存)

================================================================================
  Episode    |    Leader    |  Follower0   |  Follower1   |  Follower2   |    Steps     |    Status   
================================================================================
     0       |   -545.98    |    -8.00     |    -7.41     |    -8.10     |      6       |  ❌ Failure  
     1       |   -678.76    |    -21.18    |    -34.13    |    -34.12    |      17      |  ❌ Failure  
     2       |   -3922.89   |   -508.63    |   -596.77    |   -498.85    |     201      |  ❌ Failure  
     3       |   -786.83    |    -88.01    |    -58.67    |    -64.64    |      31      |  ❌ Failure  
     4       |   -2763.75   |   -717.44    |   -1075.99   |   -1125.80   |     344      |  ✅ Success  
     5       |   -8092.80   |   -1410.09   |   -1377.35   |   -1587.20   |     582      |  ❌ Failure  
     6       |   -2182.54   |   -250.15    |   -383.58    |   -266.22    |     125      |  ❌ Failure  
     7       |   -1352.74   |   -127.46    |   -120.00    |   -176.80    |      78      |  ❌ Failure  
     8       |   -659.25    |    -24.97    |    -30.14    |    -31.24    |      16      |  ❌ Failure  
     9       |   -1761.86   |   -236.21    |   -197.12    |   -264.80    |     101      |  ❌ Failure  
     10      |  -13872.31   |   -2443.65   |   -3010.87   |   -2732.39   |     1000     | ⏱️  Timeout 
  📊 统计 [Ep 10]: Actor Loss=60.0479, Critic Loss=98.3118, Alpha=0.6296, TD-error=4.6706, Beta=1.0000
     11      |  -15600.62   |   -3162.04   |   -4095.35   |   -3319.56   |     1000     | ⏱️  Timeout 
     12      |  -14198.20   |   -2888.91   |   -3002.12   |   -3575.03   |     1000     | ⏱️  Timeout 
     13      |  -17335.88   |   -3608.34   |   -3512.41   |   -2654.61   |     1000     | ⏱️  Timeout 
     14      |  -12486.84   |   -1885.02   |   -2729.69   |   -3519.72   |     1000     | ⏱️  Timeout 
     15      |  -13142.71   |   -3038.36   |   -2748.04   |   -2947.82   |     1000     | ⏱️  Timeout 
     16      |  -13937.36   |   -3324.43   |   -2486.61   |   -3726.93   |     1000     | ⏱️  Timeout 
     17      |   -2381.80   |   -613.12    |   -737.51    |   -818.37    |     291      |  ✅ Success  
     18      |   -3637.54   |   -728.62    |   -1192.48   |   -1434.71   |     480      |  ✅ Success  
     19      |   -3417.46   |   -1290.57   |   -1268.33   |   -1024.90   |     473      |  ✅ Success  
     20      |  -14146.29   |   -3522.33   |   -2655.43   |   -3111.77   |     1000     | ⏱️  Timeout 
  📊 统计 [Ep 20]: Actor Loss=62.5023, Critic Loss=92.1682, Alpha=0.1121, TD-error=3.7388, Beta=1.0000
     21      |   -9797.14   |   -2886.18   |   -2490.81   |   -2526.08   |     861      |  ✅ Success  
     22      |  -11736.35   |   -2137.75   |   -2049.43   |   -2660.81   |     1000     | ⏱️  Timeout 
     23      |  -14760.76   |   -2752.59   |   -2174.42   |   -2933.56   |     1000     | ⏱️  Timeout 
     24      |   -1178.98   |   -132.44    |    -92.57    |   -141.89    |      59      |  ❌ Failure  
     25      |   -1389.16   |   -184.71    |   -128.96    |   -178.62    |      77      |  ❌ Failure  
     26      |   -4868.01   |   -1207.60   |   -941.75    |   -1413.78   |     441      |  ✅ Success  
     27      |   -761.58    |   -441.49    |   -355.23    |   -326.02    |     152      |  ✅ Success  
     28      |  -13991.67   |   -3427.24   |   -2258.77   |   -2707.62   |     1000     | ⏱️  Timeout 
     29      |   -8520.99   |   -3004.50   |   -1754.50   |   -2232.77   |     821      |  ✅ Success  
     30      |    461.22    |    -89.03    |    -86.69    |   -162.43    |      56      |  ✅ Success  
  📊 统计 [Ep 30]: Actor Loss=51.4034, Critic Loss=80.8722, Alpha=0.0663, TD-error=4.9294, Beta=1.0000
     31      |   -2365.57   |   -882.24    |   -635.69    |   -472.03    |     263      |  ✅ Success  
     32      |   -9969.41   |   -2021.48   |   -2554.99   |   -3020.19   |     1000     | ⏱️  Timeout 
     33      |   -551.13    |    -7.84     |    -6.69     |    -7.80     |      6       |  ❌ Failure  
     34      |  -12394.05   |   -2284.54   |   -2643.64   |   -2492.97   |     1000     | ⏱️  Timeout 
     35      |  -12279.07   |   -2281.20   |   -2146.54   |   -2120.88   |     1000     | ⏱️  Timeout 
     36      |  -12211.25   |   -2005.22   |   -2164.45   |   -2221.72   |     1000     | ⏱️  Timeout 
     37      |   -8355.12   |   -1616.65   |   -1906.41   |   -1557.55   |     824      |  ✅ Success  
     38      |   -5968.29   |   -1008.31   |   -1193.86   |   -864.87    |     404      |  ❌ Failure  
     39      |    347.42    |    -91.35    |   -171.54    |   -103.96    |      76      |  ✅ Success  
     40      |    530.73    |    -64.41    |    -88.46    |    -91.22    |      52      |  ✅ Success  
  📊 统计 [Ep 40]: Actor Loss=51.2550, Critic Loss=68.9230, Alpha=0.0510, TD-error=4.0449, Beta=1.0000
     41      |    40.41     |   -183.67    |   -182.63    |   -234.83    |     105      |  ✅ Success  
     42      |   -980.87    |    -49.73    |    -88.64    |    -79.21    |      49      |  ❌ Failure  
     43      |   -8013.68   |   -1499.01   |   -1891.33   |   -1780.59   |     795      |  ✅ Success  
     44      |  -11393.34   |   -2282.97   |   -1394.01   |   -1853.50   |     1000     | ⏱️  Timeout 
     45      |   -9695.35   |   -1933.99   |   -2594.26   |   -2247.30   |     1000     | ⏱️  Timeout 
     46      |  -13018.78   |   -2056.16   |   -2163.09   |   -2377.15   |     1000     | ⏱️  Timeout 
     47      |   -8439.51   |   -1333.07   |   -1663.29   |   -1438.21   |     703      |  ✅ Success  
     48      |  -10863.51   |   -1564.48   |   -2535.39   |   -2209.16   |     1000     | ⏱️  Timeout 
     49      |   -7157.51   |   -2014.35   |   -1502.35   |   -1085.73   |     614      |  ✅ Success  
     50      |  -14479.43   |   -2797.35   |   -2013.14   |   -1714.20   |     1000     | ⏱️  Timeout 
  📊 统计 [Ep 50]: Actor Loss=28.4029, Critic Loss=135.3382, Alpha=0.0862, TD-error=5.3759, Beta=1.0000
     51      |   -560.51    |    -7.14     |    -7.04     |    -13.54    |      7       |  ❌ Failure  
     52      |   -573.65    |    -10.51    |    -8.62     |    -7.23     |      9       |  ❌ Failure  
     53      |   -558.16    |    -6.92     |    -7.34     |    -7.33     |      8       |  ❌ Failure  
     54      |  -10626.59   |   -2780.49   |   -1810.38   |   -3455.25   |     1000     | ⏱️  Timeout 
     55      |  -11537.48   |   -2437.95   |   -1300.36   |   -1843.98   |     1000     | ⏱️  Timeout 
     56      |  -14137.37   |   -2587.02   |   -2704.68   |   -1876.71   |     1000     | ⏱️  Timeout 
     57      |  -11072.43   |   -2165.00   |   -1981.01   |   -2172.46   |     1000     | ⏱️  Timeout 
     58      |   -2807.02   |   -427.07    |   -458.87    |   -292.02    |     226      |  ❌ Failure  
     59      |   -720.12    |    -31.77    |    -24.47    |    -39.90    |      23      |  ❌ Failure  
     60      |  -13981.80   |   -2242.57   |   -2433.05   |   -1670.09   |     1000     | ⏱️  Timeout 
  📊 统计 [Ep 60]: Actor Loss=37.1379, Critic Loss=93.9285, Alpha=0.0624, TD-error=3.8400, Beta=1.0000
     61      |   -805.80    |    -37.20    |    -42.10    |    -45.09    |      33      |  ❌ Failure  
     62      |   -5396.36   |   -969.36    |   -858.13    |   -752.47    |     516      |  ❌ Failure  
     63      |   -412.05    |   -239.31    |   -215.41    |   -235.97    |     125      |  ✅ Success  
     64      |   -550.37    |   -339.79    |   -353.49    |   -342.17    |     213      |  ✅ Success  
     65      |   -3112.00   |   -360.68    |   -365.74    |   -505.14    |     255      |  ❌ Failure  
     66      |   -1101.33   |   -102.90    |    -54.73    |    -91.68    |      67      |  ❌ Failure  
     67      |   -586.25    |    -12.19    |    -12.84    |    -9.88     |      10      |  ❌ Failure  
     68      |   -6371.88   |   -1139.47   |   -908.11    |   -846.81    |     522      |  ❌ Failure  
     69      |   -3754.30   |   -468.19    |   -534.81    |   -460.61    |     283      |  ❌ Failure  
     70      |   -8813.48   |   -2072.55   |   -2568.04   |   -1845.43   |     1000     | ⏱️  Timeout 
  📊 统计 [Ep 70]: Actor Loss=44.3231, Critic Loss=68.8884, Alpha=0.0605, TD-error=3.5763, Beta=1.0000
     71      |  -13069.45   |   -1569.38   |   -1819.84   |   -1710.32   |     1000     | ⏱️  Timeout 
     72      |  -13202.67   |   -1072.14   |   -2722.26   |   -1464.71   |     1000     | ⏱️  Timeout 
     73      |   -1577.41   |   -261.67    |   -167.76    |   -148.32    |     117      |  ❌ Failure  
     74      |    388.20    |    -83.23    |   -110.47    |    -79.56    |      59      |  ✅ Success  
     75      |    576.65    |    -71.64    |    -73.75    |    -95.49    |      56      |  ✅ Success  
     76      |   -7608.97   |   -2096.72   |   -2121.69   |   -1496.61   |     1000     | ⏱️  Timeout 
     77      |   -4423.72   |   -670.76    |   -457.48    |   -513.34    |     352      |  ❌ Failure  
     78      |   -846.83    |    -53.11    |    -46.55    |    -47.51    |      41      |  ❌ Failure  
     79      |    21.20     |   -162.57    |   -150.97    |   -193.65    |     133      |  ✅ Success  
     80      |   -1354.40   |   -143.19    |    -87.29    |   -131.76    |      98      |  ❌ Failure  
  📊 统计 [Ep 80]: Actor Loss=48.5097, Critic Loss=83.7902, Alpha=0.0632, TD-error=4.2683, Beta=1.0000
     81      |   -4100.67   |   -1027.33   |   -867.05    |   -887.00    |     678      |  ✅ Success  
     82      |   -2001.15   |   -757.93    |   -704.72    |   -439.76    |     305      |  ✅ Success  
     83      |   -1303.08   |   -467.07    |   -483.91    |   -352.72    |     287      |  ✅ Success  
     84      |   -386.24    |   -183.62    |   -261.88    |   -172.17    |     146      |  ✅ Success  
     85      |   -739.40    |   -240.97    |   -362.14    |   -364.64    |     175      |  ✅ Success  
     86      |   -1950.55   |   -516.60    |   -392.42    |   -449.36    |     343      |  ✅ Success  
     87      |   -499.47    |   -318.11    |   -320.52    |   -283.02    |     215      |  ✅ Success  
     88      |  -11353.51   |   -1740.64   |   -1540.09   |   -1316.68   |     1000     | ⏱️  Timeout 
     89      |   -718.40    |    -19.37    |    -29.21    |    -30.49    |      23      |  ❌ Failure  
     90      |    144.05    |   -128.27    |   -189.87    |   -105.03    |      97      |  ✅ Success  
  📊 统计 [Ep 90]: Actor Loss=50.2661, Critic Loss=118.3207, Alpha=0.0992, TD-error=5.0671, Beta=1.0000
     91      |  -10553.36   |   -1805.72   |   -1620.73   |   -1452.30   |     1000     | ⏱️  Timeout 
     92      |  -12922.22   |   -2182.36   |   -1856.38   |   -2117.76   |     1000     | ⏱️  Timeout 
     93      |  -13125.36   |   -1544.78   |   -1481.91   |   -1325.01   |     1000     | ⏱️  Timeout 
     94      |    371.68    |    -81.50    |    -95.81    |   -101.33    |      68      |  ✅ Success  
     95      |   -6551.12   |   -1822.11   |   -1529.34   |   -1652.18   |     937      |  ✅ Success  
     96      |    41.46     |   -155.29    |   -170.14    |   -174.76    |      94      |  ✅ Success  
     97      |  -10526.60   |   -1775.79   |   -1815.57   |   -1838.17   |     1000     | ⏱️  Timeout 
     98      |    468.73    |   -105.84    |    -87.71    |    -74.91    |      62      |  ✅ Success  
     99      |    675.65    |    -47.03    |    -49.55    |    -46.23    |      43      |  ✅ Success  
    100      |  -10460.10   |   -1790.22   |   -1667.74   |   -1940.78   |     1000     | ⏱️  Timeout 
  📊 统计 [Ep 100]: Actor Loss=37.0612, Critic Loss=114.4756, Alpha=0.1005, TD-error=5.4189, Beta=1.0000
    101      |    306.64    |   -136.19    |   -120.17    |    -94.59    |      82      |  ✅ Success  
    102      |    805.26    |    -32.13    |    -44.19    |    -70.28    |      32      |  ✅ Success  
    103      |    657.11    |    -54.59    |    -52.08    |    -58.95    |      42      |  ✅ Success  
    104      |    532.72    |    -82.33    |    -68.73    |    -57.89    |      55      |  ✅ Success  
    105      |   -5605.43   |   -1446.73   |   -1195.62   |   -1314.51   |     841      |  ✅ Success  
    106      |   -392.73    |   -342.32    |   -333.58    |   -229.72    |     170      |  ✅ Success  
    107      |   -1766.73   |   -566.17    |   -630.43    |   -652.64    |     400      |  ✅ Success  
    108      |   -1250.59   |   -526.69    |   -515.67    |   -488.84    |     340      |  ✅ Success  
    109      |    412.52    |    -92.84    |   -108.94    |    -93.44    |      74      |  ✅ Success  
    110      |    102.66    |   -177.22    |   -206.03    |   -183.75    |     116      |  ✅ Success  
  📊 统计 [Ep 110]: Actor Loss=10.9894, Critic Loss=369.6689, Alpha=0.1463, TD-error=12.2583, Beta=1.0000
    111      |   -850.45    |   -423.81    |   -630.48    |   -275.55    |     247      |  ✅ Success  
    112      |  -12719.90   |   -2086.56   |   -1772.80   |   -1717.65   |     1000     | ⏱️  Timeout 
    113      |    702.10    |    -74.39    |    -39.09    |    -47.88    |      36      |  ✅ Success  
    114      |   -442.50    |   -342.51    |   -253.91    |   -305.86    |     167      |  ✅ Success  
    115      |   -1381.39   |   -576.04    |   -531.02    |   -527.02    |     417      |  ✅ Success  
    116      |    517.99    |    -78.20    |    -66.51    |    -54.80    |      64      |  ✅ Success  
    117      |    625.02    |    -55.86    |    -74.22    |    -54.00    |      44      |  ✅ Success  
    118      |    487.81    |    -74.64    |    -84.44    |    -71.04    |      73      |  ✅ Success  
    119      |    670.65    |    -48.77    |    -46.71    |    -46.67    |      41      |  ✅ Success  
    120      |   -8337.37   |   -1482.50   |   -1555.58   |   -1500.57   |     1000     | ⏱️  Timeout 
  📊 统计 [Ep 120]: Actor Loss=12.5837, Critic Loss=289.7660, Alpha=0.2048, TD-error=10.5904, Beta=1.0000
    121      |    542.58    |    -56.24    |    -92.96    |    -93.42    |      53      |  ✅ Success  
    122      |    594.73    |    -72.68    |    -62.75    |    -65.72    |      53      |  ✅ Success  
    123      |   -1378.98   |   -568.62    |   -465.52    |   -573.44    |     362      |  ✅ Success  
    124      |   -7762.70   |   -1585.62   |   -1660.69   |   -1522.46   |     1000     | ⏱️  Timeout 
    125      |    278.27    |   -109.50    |   -165.70    |   -116.46    |      87      |  ✅ Success  
    126      |   -2407.43   |   -479.16    |   -810.45    |   -389.83    |     301      |  ✅ Success  
    127      |   -676.63    |   -372.23    |   -490.74    |   -342.08    |     276      |  ✅ Success  
    128      |    577.19    |    -69.88    |    -94.81    |    -40.22    |      52      |  ✅ Success  
    129      |    695.68    |    -58.46    |    -43.24    |    -47.50    |      39      |  ✅ Success  
    130      |   -1023.78   |   -384.05    |   -476.33    |   -432.12    |     316      |  ✅ Success  
  📊 统计 [Ep 130]: Actor Loss=13.1701, Critic Loss=226.1360, Alpha=0.1675, TD-error=8.9099, Beta=1.0000
    131      |    425.13    |    -97.89    |    -96.87    |   -103.13    |      69      |  ✅ Success  
    132      |   -1962.96   |   -436.28    |   -382.52    |   -290.37    |     258      |  ✅ Success  
    133      |    635.21    |    -62.10    |    -63.38    |    -51.29    |      46      |  ✅ Success  
    134      |    76.55     |   -136.05    |   -148.64    |   -109.48    |     114      |  ✅ Success  
    135      |   -3095.22   |   -555.25    |   -466.99    |   -584.31    |     319      |  ✅ Success  
    136      |   -3664.87   |   -694.47    |   -746.39    |   -670.65    |     454      |  ✅ Success  
    137      |    408.96    |   -110.16    |   -109.15    |    -73.44    |      69      |  ✅ Success  
    138      |   -288.60    |   -199.97    |   -154.54    |   -262.77    |     141      |  ✅ Success  
    139      |    797.81    |    -27.26    |    -35.23    |    -28.22    |      30      |  ✅ Success  
    140      |  -10067.36   |   -1189.15   |   -1306.66   |   -2665.05   |     828      |  ✅ Success  
  📊 统计 [Ep 140]: Actor Loss=10.3224, Critic Loss=222.6348, Alpha=0.1770, TD-error=8.9083, Beta=1.0000
    141      |   -1110.19   |   -276.43    |   -378.60    |   -315.93    |     166      |  ✅ Success  
    142      |   -901.51    |    -51.55    |    -36.73    |    -46.34    |      41      |  ❌ Failure  
    143      |   -665.75    |    -23.89    |    -17.52    |    -29.74    |      19      |  ❌ Failure  
    144      |    -15.03    |   -212.75    |   -112.10    |   -135.66    |     124      |  ✅ Success  
    145      |    468.43    |    -79.67    |    -78.22    |    -65.50    |      65      |  ✅ Success  
    146      |    144.62    |   -156.80    |   -151.75    |   -100.52    |     100      |  ✅ Success  
    147      |    770.92    |    -34.70    |    -32.15    |    -34.45    |      31      |  ✅ Success  
    148      |   -182.95    |   -177.70    |   -139.48    |   -190.65    |     129      |  ✅ Success  
    149      |    -19.39    |   -152.19    |   -179.32    |   -209.80    |     122      |  ✅ Success  
    150      |   -1972.14   |   -171.90    |   -157.58    |   -132.01    |     121      |  ❌ Failure  
  📊 统计 [Ep 150]: Actor Loss=6.6472, Critic Loss=244.5188, Alpha=0.1867, TD-error=9.8164, Beta=1.0000
    151      |    201.96    |   -103.12    |   -126.80    |    -90.41    |      87      |  ✅ Success  
    152      |  -12058.61   |   -1535.32   |   -1518.05   |   -1246.27   |     1000     | ⏱️  Timeout 
    153      |   -280.23    |   -198.86    |   -152.67    |   -207.77    |     128      |  ✅ Success  
    154      |    -95.54    |   -193.97    |   -132.18    |   -218.72    |     121      |  ✅ Success  
    155      |   -1589.26   |   -405.08    |   -436.40    |   -747.07    |     283      |  ✅ Success  
    156      |   -867.29    |   -345.18    |   -427.42    |   -417.35    |     257      |  ✅ Success  
    157      |   -1002.53   |    -57.95    |    -57.50    |   -115.14    |      52      |  ❌ Failure  
    158      |   -3791.73   |   -649.69    |   -755.43    |   -527.30    |     419      |  ✅ Success  
    159      |    448.27    |    -65.21    |    -78.56    |    -69.35    |      71      |  ✅ Success  
    160      |    604.26    |    -85.52    |    -58.76    |    -50.82    |      46      |  ✅ Success  
  📊 统计 [Ep 160]: Actor Loss=6.3226, Critic Loss=387.2857, Alpha=0.1766, TD-error=11.5602, Beta=1.0000
    161      |   -1771.09   |   -224.60    |   -133.44    |   -174.75    |     115      |  ❌ Failure  
    162      |   -164.64    |   -253.44    |   -221.46    |   -324.42    |     191      |  ✅ Success  
    163      |   -195.41    |   -173.38    |   -139.38    |   -153.41    |     103      |  ✅ Success  
    164      |   -1367.20   |   -429.18    |   -449.24    |   -553.98    |     284      |  ✅ Success  
    165      |    677.33    |    -52.82    |    -43.84    |    -37.86    |      38      |  ✅ Success  
    166      |   -546.00    |   -244.76    |   -158.02    |   -168.45    |     126      |  ✅ Success  
    167      |   -215.16    |   -146.19    |   -172.57    |   -148.03    |     117      |  ✅ Success  
    168      |    539.61    |    -53.70    |    -70.90    |    -78.03    |      51      |  ✅ Success  
    169      |   -1207.67   |   -281.63    |   -281.81    |   -377.85    |     169      |  ✅ Success  
    170      |    302.62    |   -108.05    |    -86.73    |   -140.30    |      79      |  ✅ Success  
  📊 统计 [Ep 170]: Actor Loss=10.4920, Critic Loss=329.3141, Alpha=0.2056, TD-error=12.3034, Beta=1.0000
    171      |   -3914.25   |   -828.05    |   -635.87    |   -564.59    |     373      |  ✅ Success  
    172      |   -607.18    |   -257.60    |   -336.62    |   -245.62    |     202      |  ✅ Success  
    173      |   -2726.29   |   -550.88    |   -414.02    |   -434.14    |     287      |  ✅ Success  
    174      |   -219.50    |   -163.84    |   -130.93    |   -163.16    |     108      |  ✅ Success  
    175      |   -2818.44   |   -590.81    |   -483.63    |   -461.55    |     296      |  ✅ Success  
    176      |   -1129.36   |   -281.96    |   -328.63    |   -205.89    |     179      |  ✅ Success  
    177      |    679.91    |    -53.99    |    -48.88    |    -42.60    |      39      |  ✅ Success  
    178      |   -1913.11   |   -476.72    |   -577.15    |   -599.17    |     301      |  ✅ Success  
    179      |   -962.67    |   -298.17    |   -279.73    |   -253.91    |     171      |  ✅ Success  
    180      |   -3245.24   |   -654.72    |   -511.41    |   -472.00    |     397      |  ✅ Success  
  📊 统计 [Ep 180]: Actor Loss=5.3859, Critic Loss=398.8543, Alpha=0.2333, TD-error=12.4261, Beta=1.0000
    181      |    585.79    |    -67.46    |    -59.95    |    -62.79    |      51      |  ✅ Success  
    182      |   -3424.32   |   -613.60    |   -703.88    |   -708.24    |     360      |  ✅ Success  
    183      |   -4536.47   |   -485.69    |   -424.20    |   -559.52    |     289      |  ❌ Failure  
    184      |  -14474.63   |   -2229.75   |   -1552.40   |   -1635.71   |     1000     | ⏱️  Timeout 
    185      |    94.61     |   -101.31    |   -106.27    |   -101.12    |      93      |  ✅ Success  
    186      |    569.31    |   -104.17    |    -69.45    |    -71.14    |      62      |  ✅ Success  
    187      |   -540.76    |    -4.58     |    -5.57     |    -7.74     |      5       |  ❌ Failure  
    188      |   -6408.70   |   -1123.81   |   -1013.12   |   -1218.46   |     757      |  ✅ Success  
    189      |   -1269.46   |   -395.43    |   -301.81    |   -195.66    |     188      |  ✅ Success  
    190      |    673.72    |    -51.36    |    -72.38    |    -41.51    |      41      |  ✅ Success  
  📊 统计 [Ep 190]: Actor Loss=3.6578, Critic Loss=432.5944, Alpha=0.2313, TD-error=11.1290, Beta=1.0000
    191      |    776.84    |    -41.49    |    -32.98    |    -31.60    |      33      |  ✅ Success  
    192      |    401.04    |    -80.14    |    -84.15    |    -83.39    |      64      |  ✅ Success  
    193      |    736.51    |    -34.02    |    -39.70    |    -43.37    |      37      |  ✅ Success  
    194      |    567.70    |    -56.68    |    -62.88    |    -48.67    |      51      |  ✅ Success  
    195      |  -12423.51   |   -1497.98   |   -1876.04   |   -1745.76   |     1000     | ⏱️  Timeout 
    196      |    457.57    |    -89.11    |   -100.95    |    -99.28    |      88      |  ✅ Success  
    197      |   -1522.15   |   -359.94    |   -340.30    |   -454.30    |     243      |  ✅ Success  
    198      |    609.36    |    -46.35    |    -55.81    |    -52.04    |      50      |  ✅ Success  
    199      |    731.55    |    -46.74    |    -38.14    |    -38.16    |      34      |  ✅ Success  
    200      |    227.04    |   -100.90    |   -101.88    |    -91.13    |      74      |  ✅ Success  
  📊 统计 [Ep 200]: Actor Loss=0.4364, Critic Loss=409.9854, Alpha=0.2329, TD-error=13.0592, Beta=1.0000
    201      |    555.95    |    -65.96    |    -62.67    |   -148.04    |      72      |  ✅ Success  
    202      |    759.14    |    -29.57    |    -53.65    |    -40.25    |      35      |  ✅ Success  
    203      |   -4146.49   |   -653.67    |   -547.52    |   -638.36    |     408      |  ✅ Success  
    204      |   -5348.85   |   -839.57    |   -824.40    |   -835.17    |     522      |  ✅ Success  
    205      |   -608.15    |   -210.47    |   -261.84    |   -244.76    |     157      |  ✅ Success  
    206      |    332.06    |    -76.94    |    -86.84    |    -84.07    |      70      |  ✅ Success  
    207      |    574.48    |    -72.13    |    -59.89    |    -93.56    |      51      |  ✅ Success  
    208      |    635.25    |    -45.25    |    -58.94    |    -50.68    |      48      |  ✅ Success  
    209      |    793.30    |    -29.47    |    -32.80    |    -34.58    |      31      |  ✅ Success  
    210      |    289.91    |   -100.35    |   -118.79    |    -80.96    |      77      |  ✅ Success  
  📊 统计 [Ep 210]: Actor Loss=-4.8027, Critic Loss=398.1263, Alpha=0.2293, TD-error=12.4173, Beta=1.0000
    211      |    712.41    |    -36.51    |    -35.32    |    -46.72    |      37      |  ✅ Success  
    212      |    624.14    |    -40.27    |    -59.55    |    -63.07    |      47      |  ✅ Success  
    213      |    47.41     |   -119.29    |   -175.14    |    -85.88    |     106      |  ✅ Success  
    214      |    505.51    |    -52.43    |    -96.89    |    -68.63    |      52      |  ✅ Success  
    215      |    779.24    |    -33.34    |    -44.11    |    -32.74    |      37      |  ✅ Success  
    216      |    669.00    |    -35.80    |    -43.45    |    -81.53    |      41      |  ✅ Success  
    217      |   -1865.78   |   -368.12    |   -308.18    |   -380.73    |     235      |  ✅ Success  
    218      |   -2329.92   |   -476.76    |   -349.58    |   -433.98    |     268      |  ✅ Success  
    219      |    -45.14    |   -123.28    |   -145.91    |   -122.17    |     112      |  ✅ Success  
    220      |    563.13    |    -48.64    |   -181.56    |    -54.77    |      56      |  ✅ Success  
  📊 统计 [Ep 220]: Actor Loss=-21.4924, Critic Loss=477.9104, Alpha=0.2403, TD-error=14.2435, Beta=1.0000
    221      |    711.95    |    -37.44    |    -42.35    |    -45.31    |      40      |  ✅ Success  
    222      |    715.55    |    -30.53    |    -43.22    |    -37.66    |      38      |  ✅ Success  
    223      |    731.33    |    -45.76    |    -43.23    |    -39.97    |      37      |  ✅ Success  
    224      |    -32.47    |   -158.59    |   -130.82    |   -112.97    |     112      |  ✅ Success  
    225      |   -321.82    |   -169.53    |   -164.78    |   -139.77    |     138      |  ✅ Success  
    226      |    562.23    |    -56.29    |    -60.56    |    -62.06    |      64      |  ✅ Success  
    227      |    506.02    |    -67.09    |    -94.64    |    -55.33    |      69      |  ✅ Success  
    228      |    614.78    |    -47.39    |    -72.90    |    -50.03    |      56      |  ✅ Success  
    229      |    201.09    |   -115.25    |    -94.53    |   -119.58    |      79      |  ✅ Success  
    230      |    187.95    |   -154.67    |   -131.97    |   -137.49    |     131      |  ✅ Success  
  📊 统计 [Ep 230]: Actor Loss=-33.6232, Critic Loss=628.7144, Alpha=0.2760, TD-error=18.1438, Beta=1.0000
    231      |   -1051.03   |   -259.13    |   -206.06    |   -212.44    |     178      |  ✅ Success  
    232      |    678.91    |    -36.57    |    -52.67    |    -45.77    |      46      |  ✅ Success  
    233      |   -1165.84   |   -292.69    |   -227.66    |   -267.80    |     205      |  ✅ Success  
    234      |    440.18    |    -78.85    |    -66.74    |    -68.95    |      68      |  ✅ Success  
    235      |   -2607.64   |   -425.98    |   -340.40    |   -384.85    |     293      |  ✅ Success  
    236      |    592.95    |    -60.25    |    -56.36    |    -47.48    |      57      |  ✅ Success  
    237      |    568.04    |    -68.97    |    -53.66    |   -106.19    |      47      |  ✅ Success  
    238      |    457.31    |    -65.45    |    -73.22    |    -75.69    |      69      |  ✅ Success  
    239      |   -4319.72   |   -716.93    |   -871.47    |   -783.08    |     439      |  ✅ Success  
    240      |    305.91    |    -91.95    |    -92.45    |    -81.35    |      70      |  ✅ Success  
  📊 统计 [Ep 240]: Actor Loss=-51.4200, Critic Loss=694.8338, Alpha=0.3644, TD-error=18.9399, Beta=1.0000
    241      |    -42.19    |   -203.86    |   -138.41    |   -108.74    |     108      |  ✅ Success  
    242      |   -2243.40   |   -369.76    |   -434.93    |   -459.94    |     261      |  ✅ Success  
    243      |   -559.33    |    -8.99     |    -7.27     |    -8.88     |      8       |  ❌ Failure  
    244      |   -217.26    |   -148.98    |   -153.38    |   -133.24    |     100      |  ✅ Success  
    245      |   -1316.53   |   -351.05    |   -349.40    |   -282.94    |     176      |  ✅ Success  
    246      |    58.19     |   -122.10    |   -134.46    |   -104.94    |      95      |  ✅ Success  
    247      |    498.66    |   -148.19    |    -60.60    |    -97.27    |      54      |  ✅ Success  
    248      |    446.77    |    -78.53    |    -77.39    |    -75.80    |      56      |  ✅ Success  
    249      |    431.74    |    -65.39    |    -76.35    |   -132.10    |      61      |  ✅ Success  
    250      |    649.47    |    -38.23    |    -71.77    |    -50.78    |      46      |  ✅ Success  
  📊 统计 [Ep 250]: Actor Loss=-60.0614, Critic Loss=834.3195, Alpha=0.4172, TD-error=21.7203, Beta=1.0000
    251      |    762.44    |    -38.21    |    -30.44    |    -52.00    |      39      |  ✅ Success  
    252      |    369.92    |    -75.00    |   -178.33    |    -72.28    |      75      |  ✅ Success  
    253      |    592.16    |    -66.42    |    -59.88    |    -52.89    |      62      |  ✅ Success  
    254      |   -4130.75   |   -530.79    |   -579.79    |   -524.96    |     427      |  ✅ Success  
    255      |    418.15    |    -87.10    |    -78.10    |    -87.13    |      60      |  ✅ Success  
    256      |   -1442.95   |   -316.06    |   -350.42    |   -294.25    |     200      |  ✅ Success  
    257      |   -829.72    |    -49.68    |    -49.14    |    -43.76    |      41      |  ❌ Failure  
    258      |    46.78     |   -122.20    |   -166.29    |    -94.19    |      89      |  ✅ Success  
    259      |    646.07    |    -69.84    |    -49.15    |    -44.23    |      44      |  ✅ Success  
    260      |    227.14    |    -87.99    |   -108.23    |   -123.70    |      82      |  ✅ Success  
  📊 统计 [Ep 260]: Actor Loss=-53.8901, Critic Loss=738.1934, Alpha=0.4452, TD-error=19.8789, Beta=1.0000
    261      |    -45.11    |   -178.95    |   -146.44    |   -106.95    |     110      |  ✅ Success  
    262      |    633.14    |    -50.09    |    -53.34    |    -48.16    |      50      |  ✅ Success  
    263      |   -3924.70   |   -452.08    |   -435.99    |   -412.85    |     274      |  ❌ Failure  
    264      |    747.60    |    -31.55    |    -40.33    |    -33.31    |      36      |  ✅ Success  
    265      |    77.84     |   -116.02    |   -121.59    |   -101.08    |      85      |  ✅ Success  
    266      |    605.70    |    -38.62    |    -60.42    |    -77.98    |      50      |  ✅ Success  
    267      |    57.43     |   -119.83    |   -184.30    |   -146.77    |     103      |  ✅ Success  
    268      |    788.42    |    -26.51    |    -26.58    |    -36.63    |      33      |  ✅ Success  
    269      |   -1321.50   |   -354.83    |   -455.12    |   -328.74    |     225      |  ✅ Success  
    270      |    443.26    |   -102.39    |    -66.04    |    -64.75    |      63      |  ✅ Success  
  📊 统计 [Ep 270]: Actor Loss=-44.2957, Critic Loss=626.9289, Alpha=0.4622, TD-error=17.7777, Beta=1.0000
    271      |    697.89    |    -44.52    |    -40.42    |    -66.89    |      39      |  ✅ Success  
    272      |    773.26    |    -26.25    |    -33.75    |    -35.62    |      37      |  ✅ Success  
    273      |    544.81    |    -63.06    |    -51.64    |    -95.91    |      53      |  ✅ Success  
    274      |   -172.71    |   -194.03    |   -146.62    |   -141.54    |     131      |  ✅ Success  
    275      |    553.14    |    -66.27    |    -60.58    |    -55.97    |      54      |  ✅ Success  
    276      |    695.55    |    -35.41    |    -41.47    |    -41.47    |      40      |  ✅ Success  
    277      |    458.89    |    -85.04    |    -80.29    |    -65.96    |      66      |  ✅ Success  
    278      |    742.83    |    -32.29    |    -73.30    |    -35.06    |      36      |  ✅ Success  
    279      |   -357.98    |   -178.69    |   -157.51    |   -216.27    |     129      |  ✅ Success  
    280      |   -240.93    |   -159.81    |   -168.98    |   -167.31    |     123      |  ✅ Success  
  📊 统计 [Ep 280]: Actor Loss=-58.0459, Critic Loss=694.9276, Alpha=0.4722, TD-error=19.0329, Beta=1.0000
    281      |    433.02    |    -83.14    |    -81.69    |    -94.40    |      68      |  ✅ Success  
    282      |    709.96    |    -67.35    |    -38.51    |    -43.93    |      37      |  ✅ Success  
    283      |    612.43    |    -87.87    |    -48.04    |    -46.10    |      44      |  ✅ Success  
    284      |   -116.37    |   -148.85    |   -140.23    |   -129.03    |     104      |  ✅ Success  
    285      |    55.24     |   -207.70    |   -223.13    |   -261.50    |     172      |  ✅ Success  
    286      |    706.95    |    -38.02    |    -52.93    |    -39.66    |      40      |  ✅ Success  
    287      |    570.42    |    -56.69    |    -62.31    |    -51.19    |      51      |  ✅ Success  
    288      |    620.82    |    -64.20    |    -58.06    |    -58.34    |      47      |  ✅ Success  
    289      |    510.82    |    -87.47    |    -59.28    |    -52.70    |      57      |  ✅ Success  
    290      |    587.19    |    -54.54    |    -90.44    |    -49.93    |      49      |  ✅ Success  
  📊 统计 [Ep 290]: Actor Loss=-61.0601, Critic Loss=721.9538, Alpha=0.4941, TD-error=19.0788, Beta=1.0000
    291      |    819.26    |    -22.13    |    -25.51    |    -30.59    |      30      |  ✅ Success  
    292      |   -4335.50   |   -871.05    |   -770.04    |   -669.64    |     438      |  ✅ Success  
    293      |    705.18    |    -36.43    |    -46.57    |    -49.25    |      47      |  ✅ Success  
    294      |   -7213.43   |   -1158.31   |   -1195.05   |   -1173.50   |     721      |  ✅ Success  
    295      |   -109.94    |   -142.38    |   -167.88    |   -134.09    |     119      |  ✅ Success  
    296      |    -86.73    |   -153.25    |   -115.52    |   -124.50    |     104      |  ✅ Success  
    297      |   -601.87    |   -175.37    |   -281.37    |   -177.88    |     142      |  ✅ Success  
    298      |    344.15    |   -100.98    |    -81.83    |    -67.16    |      69      |  ✅ Success  
    299      |    622.86    |    -77.55    |    -56.31    |    -65.34    |      48      |  ✅ Success  
    300      |    643.49    |    -79.77    |    -60.85    |    -52.49    |      49      |  ✅ Success  
  📊 统计 [Ep 300]: Actor Loss=-74.6693, Critic Loss=597.5819, Alpha=0.4879, TD-error=18.8113, Beta=1.0000
    301      |    -42.78    |   -146.41    |   -135.11    |   -231.42    |     103      |  ✅ Success  
    302      |    605.89    |    -56.74    |    -51.78    |    -59.40    |      51      |  ✅ Success  
    303      |    258.29    |   -116.41    |   -119.02    |    -73.56    |      88      |  ✅ Success  
    304      |   -867.89    |   -221.88    |   -341.04    |   -208.24    |     155      |  ✅ Success  
    305      |    687.66    |    -46.91    |    -39.60    |    -54.15    |      41      |  ✅ Success  
    306      |    827.26    |    -24.24    |    -25.29    |    -30.11    |      30      |  ✅ Success  
    307      |    804.89    |    -27.09    |    -27.29    |    -34.56    |      32      |  ✅ Success  
    308      |   -848.46    |   -341.26    |   -253.11    |   -208.61    |     154      |  ✅ Success  
    309      |    842.02    |    -20.14    |    -23.52    |    -22.12    |      28      |  ✅ Success  
    310      |   -596.73    |    -10.94    |    -9.13     |    -13.92    |      11      |  ❌ Failure  
  📊 统计 [Ep 310]: Actor Loss=-93.1255, Critic Loss=688.4765, Alpha=0.5038, TD-error=19.3498, Beta=1.0000
    311      |   -2080.26   |   -477.72    |   -441.58    |   -335.62    |     247      |  ✅ Success  
    312      |    723.27    |    -42.60    |    -43.86    |    -37.74    |      42      |  ✅ Success  
    313      |    674.76    |    -36.85    |    -50.52    |    -49.44    |      49      |  ✅ Success  
    314      |    315.16    |   -110.47    |    -86.42    |    -84.73    |      76      |  ✅ Success  
    315      |    353.20    |   -111.39    |   -107.60    |    -99.03    |      87      |  ✅ Success  
    316      |    650.11    |    -44.50    |    -54.28    |    -45.86    |      47      |  ✅ Success  
    317      |    524.12    |    -83.49    |    -70.04    |    -74.46    |      63      |  ✅ Success  
    318      |   -579.65    |    -10.77    |    -12.09    |    -8.52     |      10      |  ❌ Failure  
    319      |    699.07    |    -41.47    |    -44.00    |    -36.80    |      43      |  ✅ Success  
    320      |   -105.36    |   -212.79    |   -196.42    |   -253.08    |     169      |  ✅ Success  
  📊 统计 [Ep 320]: Actor Loss=-94.1514, Critic Loss=761.3739, Alpha=0.5184, TD-error=20.2684, Beta=1.0000
    321      |   -674.75    |   -198.76    |   -179.94    |   -263.88    |     155      |  ✅ Success  
    322      |    600.59    |    -53.84    |    -77.01    |    -57.41    |      55      |  ✅ Success  
    323      |   -254.08    |   -182.28    |   -249.64    |   -131.06    |     115      |  ✅ Success  
    324      |    289.78    |   -124.42    |    -98.26    |    -71.46    |      86      |  ✅ Success  
    325      |    443.18    |    -79.37    |    -89.53    |   -118.09    |      69      |  ✅ Success  
    326      |    845.61    |    -22.55    |    -23.89    |    -31.12    |      27      |  ✅ Success  
    327      |    827.44    |    -22.62    |    -27.38    |    -33.64    |      30      |  ✅ Success  
    328      |    499.81    |    -66.02    |    -85.14    |    -46.08    |      59      |  ✅ Success  
    329      |    639.45    |    -54.28    |    -63.36    |    -61.73    |      61      |  ✅ Success  
    330      |    407.83    |   -119.81    |    -77.61    |    -70.33    |      67      |  ✅ Success  
  📊 统计 [Ep 330]: Actor Loss=-103.9101, Critic Loss=813.1219, Alpha=0.5621, TD-error=21.8909, Beta=1.0000
    331      |    209.06    |   -100.41    |   -132.10    |   -141.75    |      95      |  ✅ Success  
    332      |    430.22    |    -97.08    |    -57.78    |    -71.66    |      67      |  ✅ Success  
    333      |    770.65    |    -39.74    |    -32.92    |    -44.34    |      38      |  ✅ Success  
    334      |    775.55    |    -29.70    |    -31.87    |    -33.85    |      32      |  ✅ Success  
    335      |    758.06    |    -40.76    |    -45.77    |    -44.42    |      39      |  ✅ Success  
    336      |    470.30    |    -68.69    |    -71.05    |    -65.77    |      71      |  ✅ Success  
    337      |    623.75    |    -44.90    |    -53.81    |    -43.02    |      56      |  ✅ Success  
    338      |   -838.13    |    -32.48    |    -35.25    |    -38.70    |      39      |  ❌ Failure  
    339      |    340.36    |   -117.73    |    -88.86    |   -172.76    |      83      |  ✅ Success  
    340      |    655.48    |    -52.98    |    -77.87    |    -45.30    |      55      |  ✅ Success  
  📊 统计 [Ep 340]: Actor Loss=-114.9770, Critic Loss=874.1890, Alpha=0.5969, TD-error=22.4768, Beta=1.0000
    341      |    698.95    |    -35.83    |    -40.61    |    -40.72    |      40      |  ✅ Success  
    342      |    827.23    |    -29.69    |    -28.01    |    -21.26    |      30      |  ✅ Success  
    343      |    699.06    |    -42.05    |    -38.76    |    -60.67    |      57      |  ✅ Success  
    344      |    768.02    |    -29.51    |    -42.35    |    -28.27    |      37      |  ✅ Success  
    345      |    723.64    |    -32.54    |    -43.95    |    -37.52    |      42      |  ✅ Success  
    346      |    757.10    |    -45.33    |    -39.51    |    -28.88    |      40      |  ✅ Success  
    347      |    764.23    |    -34.15    |    -52.07    |    -32.99    |      34      |  ✅ Success  
    348      |    753.49    |    -34.14    |    -38.75    |    -27.23    |      35      |  ✅ Success  
    349      |   -561.21    |    -6.65     |    -9.69     |    -8.15     |      8       |  ❌ Failure  
    350      |    688.28    |    -35.39    |    -39.22    |    -74.87    |      38      |  ✅ Success  
  📊 统计 [Ep 350]: Actor Loss=-125.2526, Critic Loss=876.8681, Alpha=0.6206, TD-error=23.7694, Beta=1.0000
    351      |    559.49    |    -78.45    |    -59.63    |    -70.86    |      55      |  ✅ Success  
    352      |   -2035.38   |   -372.06    |   -373.95    |   -336.66    |     260      |  ✅ Success  
    353      |    803.98    |    -32.21    |    -29.32    |    -34.79    |      33      |  ✅ Success  
    354      |   -1204.35   |   -384.25    |   -488.21    |   -296.09    |     239      |  ✅ Success  
    355      |   -8942.03   |   -1297.99   |   -2073.59   |   -1681.34   |     802      |  ✅ Success  
    356      |    778.01    |    -23.98    |    -34.70    |    -40.60    |      36      |  ✅ Success  
    357      |    161.35    |    -90.92    |   -114.52    |    -99.23    |      94      |  ✅ Success  
    358      |    106.53    |    -98.24    |   -101.06    |    -96.80    |      89      |  ✅ Success  
    359      |    491.32    |    -77.39    |    -65.42    |    -72.29    |      63      |  ✅ Success  
    360      |   -116.59    |   -173.28    |   -132.50    |   -131.33    |     124      |  ✅ Success  
  📊 统计 [Ep 360]: Actor Loss=-127.6574, Critic Loss=863.2209, Alpha=0.6386, TD-error=21.9891, Beta=1.0000
    361      |    551.75    |    -81.27    |   -111.43    |    -73.80    |      61      |  ✅ Success  
    362      |   -306.32    |   -158.60    |   -168.55    |   -250.59    |     114      |  ✅ Success  
    363      |   -326.17    |   -137.77    |   -216.63    |   -151.32    |     116      |  ✅ Success  
    364      |    576.62    |    -57.07    |   -118.15    |    -43.94    |      51      |  ✅ Success  
    365      |    598.19    |    -54.00    |    -71.50    |    -68.88    |      50      |  ✅ Success  
    366      |    -74.45    |   -250.94    |   -183.77    |   -112.46    |     112      |  ✅ Success  
    367      |    59.67     |   -118.36    |    -94.17    |    -97.62    |      82      |  ✅ Success  
    368      |    411.30    |    -68.66    |    -67.79    |    -71.74    |      70      |  ✅ Success  
    369      |   -335.28    |   -161.21    |   -143.55    |   -164.29    |     133      |  ✅ Success  
    370      |    777.57    |    -28.88    |    -32.99    |    -31.90    |      38      |  ✅ Success  
  📊 统计 [Ep 370]: Actor Loss=-131.3335, Critic Loss=868.8365, Alpha=0.6519, TD-error=21.3201, Beta=1.0000
    371      |    545.78    |    -55.90    |    -64.31    |    -58.46    |      57      |  ✅ Success  
    372      |    188.08    |    -99.37    |   -104.77    |    -93.18    |      75      |  ✅ Success  
    373      |    493.83    |    -79.90    |    -58.46    |    -56.81    |      57      |  ✅ Success  
    374      |    240.23    |    -83.99    |    -84.88    |    -82.22    |      80      |  ✅ Success  
    375      |    229.10    |   -180.09    |   -158.34    |   -129.11    |     127      |  ✅ Success  
    376      |    658.54    |    -36.58    |    -51.80    |    -47.23    |      47      |  ✅ Success  
    377      |   -888.28    |   -248.38    |   -217.63    |   -208.25    |     161      |  ✅ Success  
    378      |   -1356.40   |   -280.57    |   -305.48    |   -279.28    |     199      |  ✅ Success  
    379      |    471.88    |    -61.54    |    -60.49    |    -54.32    |      58      |  ✅ Success  
    380      |    798.27    |    -25.99    |    -32.42    |    -33.79    |      31      |  ✅ Success  
  📊 统计 [Ep 380]: Actor Loss=-154.3820, Critic Loss=976.2854, Alpha=0.7015, TD-error=23.1220, Beta=1.0000
    381      |    -99.25    |   -138.29    |   -136.51    |   -157.72    |      98      |  ✅ Success  
    382      |    347.80    |    -90.72    |    -82.47    |    -75.36    |      65      |  ✅ Success  
    383      |    109.62    |   -103.45    |   -138.42    |   -114.24    |      84      |  ✅ Success  
    384      |   -658.94    |    -19.80    |    -17.68    |    -17.32    |      20      |  ❌ Failure  
    385      |   -421.67    |   -192.42    |   -163.95    |   -144.98    |     136      |  ✅ Success  
    386      |   -573.84    |    -13.35    |    -10.60    |    -12.23    |      9       |  ❌ Failure  
    387      |   -953.03    |    -69.56    |    -89.76    |    -69.65    |      51      |  ❌ Failure  
    388      |   -7833.54   |   -1148.97   |   -1123.99   |   -1512.12   |     808      |  ✅ Success  
    389      |    756.37    |    -28.49    |    -32.23    |    -39.42    |      40      |  ✅ Success  
    390      |    377.78    |    -66.23    |    -83.63    |    -65.39    |      62      |  ✅ Success  
  📊 统计 [Ep 390]: Actor Loss=-164.0534, Critic Loss=851.6643, Alpha=0.7295, TD-error=21.5086, Beta=1.0000
    391      |   -277.39    |   -167.82    |   -144.62    |   -134.02    |     120      |  ✅ Success  
    392      |   -1769.86   |   -198.91    |   -162.00    |   -150.62    |     122      |  ❌ Failure  
    393      |    422.60    |    -59.86    |    -66.59    |   -104.42    |      63      |  ✅ Success  
    394      |    451.01    |   -106.67    |    -91.19    |    -91.19    |      77      |  ✅ Success  
    395      |   -2305.06   |   -758.55    |   -607.25    |   -521.56    |     322      |  ✅ Success  
    396      |    503.99    |    -59.52    |    -63.88    |    -59.81    |      58      |  ✅ Success  
    397      |    18.47     |   -113.94    |   -209.61    |   -135.44    |      89      |  ✅ Success  
    398      |   -2539.25   |   -399.25    |   -438.91    |   -822.07    |     293      |  ✅ Success  
    399      |    616.49    |    -66.81    |    -48.84    |    -41.95    |      51      |  ✅ Success  
    400      |   -573.61    |    -9.16     |    -5.64     |    -10.40    |      10      |  ❌ Failure  
  📊 统计 [Ep 400]: Actor Loss=-162.8827, Critic Loss=826.3421, Alpha=0.7379, TD-error=21.7020, Beta=1.0000
    401      |   -1791.51   |   -465.60    |   -388.27    |   -354.06    |     273      |  ✅ Success  
    402      |    653.40    |    -58.61    |    -46.65    |    -43.90    |      47      |  ✅ Success  
    403      |    748.06    |    -32.84    |    -38.09    |    -32.02    |      36      |  ✅ Success  
    404      |    840.52    |    -26.83    |    -27.46    |    -29.35    |      29      |  ✅ Success  
    405      |    327.26    |    -79.97    |    -83.34    |    -75.45    |      66      |  ✅ Success  
    406      |    43.89     |   -104.81    |   -102.82    |   -105.60    |      93      |  ✅ Success  
    407      |    666.84    |    -44.27    |    -51.96    |    -32.88    |      48      |  ✅ Success  
    408      |    734.42    |    -36.70    |    -31.16    |    -35.78    |      44      |  ✅ Success  
    409      |    288.83    |   -129.88    |    -73.10    |    -79.71    |      75      |  ✅ Success  
    410      |    29.98     |   -120.04    |   -130.90    |   -133.39    |      85      |  ✅ Success  
  📊 统计 [Ep 410]: Actor Loss=-160.8556, Critic Loss=797.2064, Alpha=0.7244, TD-error=20.8578, Beta=1.0000
    411      |    656.78    |    -57.97    |    -44.92    |    -40.19    |      46      |  ✅ Success  
    412      |   -135.31    |   -132.77    |   -129.05    |   -113.42    |     101      |  ✅ Success  
    413      |    445.88    |    -57.38    |    -81.36    |    -52.83    |      71      |  ✅ Success  
    414      |    810.19    |    -30.68    |    -25.46    |    -51.46    |      31      |  ✅ Success  
    415      |    438.61    |    -69.42    |    -75.20    |    -69.61    |      66      |  ✅ Success  
    416      |    622.81    |    -50.84    |    -54.36    |    -42.71    |      59      |  ✅ Success  
    417      |   -177.12    |   -127.21    |   -158.34    |   -148.25    |     102      |  ✅ Success  
    418      |   -788.94    |   -207.00    |   -197.16    |   -180.01    |     154      |  ✅ Success  
    419      |    628.44    |    -39.84    |    -41.64    |    -39.19    |      49      |  ✅ Success  
    420      |    657.17    |    -47.02    |    -49.13    |    -42.19    |      42      |  ✅ Success  
  📊 统计 [Ep 420]: Actor Loss=-164.1165, Critic Loss=743.0073, Alpha=0.7452, TD-error=21.0011, Beta=1.0000
    421      |    828.76    |    -19.84    |    -25.83    |    -39.84    |      31      |  ✅ Success  
    422      |   -3613.15   |   -576.99    |   -596.35    |   -591.25    |     405      |  ✅ Success  
    423      |   -665.37    |   -237.87    |   -225.68    |   -188.88    |     161      |  ✅ Success  
    424      |  -10159.56   |   -1186.58   |   -1493.42   |   -1319.21   |     824      |  ✅ Success  
    425      |    763.67    |    -41.00    |    -41.08    |    -39.13    |      34      |  ✅ Success  
    426      |   -637.82    |    -17.69    |    -13.59    |    -14.27    |      17      |  ❌ Failure  
    427      |   -2623.69   |   -453.72    |   -417.22    |   -525.87    |     286      |  ✅ Success  
    428      |    355.04    |    -67.55    |    -89.08    |    -71.54    |      72      |  ✅ Success  
    429      |    289.89    |    -98.79    |    -95.02    |    -84.61    |      72      |  ✅ Success  
    430      |    271.37    |    -80.48    |    -93.90    |    -82.32    |      76      |  ✅ Success  
  📊 统计 [Ep 430]: Actor Loss=-174.3997, Critic Loss=764.0580, Alpha=0.7273, TD-error=20.4693, Beta=1.0000
    431      |    770.45    |    -39.22    |    -39.90    |    -27.89    |      37      |  ✅ Success  
    432      |  -13797.31   |   -1461.02   |   -1834.57   |   -2323.07   |     1000     | ⏱️  Timeout 
    433      |    595.85    |    -65.97    |    -54.24    |    -45.55    |      54      |  ✅ Success  
    434      |    800.88    |    -29.66    |    -45.30    |    -26.46    |      32      |  ✅ Success  
    435      |    645.37    |    -41.95    |    -66.45    |    -45.49    |      44      |  ✅ Success  
    436      |    -65.90    |   -138.30    |   -134.11    |   -169.65    |     101      |  ✅ Success  
    437      |   -848.70    |   -329.11    |   -414.48    |   -297.65    |     169      |  ✅ Success  
    438      |    495.06    |    -68.17    |    -77.05    |    -60.97    |      60      |  ✅ Success  
    439      |   -1293.28   |    -94.77    |   -120.88    |   -116.07    |      54      |  ❌ Failure  
    440      |    528.51    |    -49.36    |    -64.39    |    -57.10    |      54      |  ✅ Success  
  📊 统计 [Ep 440]: Actor Loss=-179.8175, Critic Loss=774.6353, Alpha=0.6719, TD-error=20.2475, Beta=1.0000
    441      |    669.81    |    -68.53    |    -59.24    |    -49.40    |      43      |  ✅ Success  
    442      |   -1090.67   |   -247.70    |   -266.63    |   -271.00    |     169      |  ✅ Success  
    443      |   -4294.60   |   -462.70    |   -421.14    |   -408.21    |     273      |  ❌ Failure  
    444      |   -190.79    |   -134.90    |   -116.86    |   -151.35    |     108      |  ✅ Success  
    445      |    805.08    |    -28.24    |    -27.97    |    -24.44    |      33      |  ✅ Success  
    446      |   -111.92    |   -142.93    |   -160.08    |   -120.49    |     107      |  ✅ Success  
    447      |   -1428.62   |   -324.26    |   -296.25    |   -274.66    |     247      |  ✅ Success  
    448      |    696.29    |    -65.97    |    -36.93    |    -39.50    |      39      |  ✅ Success  
    449      |   -733.09    |   -213.02    |   -233.25    |   -193.24    |     134      |  ✅ Success  
    450      |    787.62    |    -26.30    |    -28.06    |    -40.89    |      33      |  ✅ Success  
  📊 统计 [Ep 450]: Actor Loss=-182.9853, Critic Loss=696.4429, Alpha=0.6628, TD-error=20.0034, Beta=1.0000
    451      |    664.39    |    -42.80    |    -77.05    |    -70.91    |      52      |  ✅ Success  
    452      |    851.13    |    -21.14    |    -29.36    |    -18.17    |      25      |  ✅ Success  
    453      |    668.62    |    -40.88    |    -38.99    |    -46.74    |      41      |  ✅ Success  
    454      |   -684.43    |    -28.31    |    -20.65    |    -27.51    |      23      |  ❌ Failure  
    455      |    665.32    |    -41.01    |    -49.18    |    -65.71    |      54      |  ✅ Success  
    456      |    594.42    |    -56.09    |    -55.02    |    -99.87    |      46      |  ✅ Success  
    457      |   -417.11    |   -173.33    |   -203.79    |   -181.74    |     145      |  ✅ Success  
    458      |    679.87    |    -35.69    |    -46.03    |    -36.74    |      43      |  ✅ Success  
    459      |    699.05    |    -34.43    |    -42.82    |    -65.12    |      40      |  ✅ Success  
    460      |    726.67    |    -32.00    |    -42.39    |    -27.35    |      39      |  ✅ Success  
  📊 统计 [Ep 460]: Actor Loss=-191.8929, Critic Loss=866.0737, Alpha=0.6795, TD-error=22.8231, Beta=1.0000
    461      |   -2726.11   |   -456.99    |   -389.43    |   -383.65    |     290      |  ✅ Success  
    462      |    760.20    |    -40.96    |    -46.18    |    -40.19    |      48      |  ✅ Success  
    463      |    449.66    |    -85.37    |    -73.79    |    -62.96    |      68      |  ✅ Success  
    464      |    796.41    |    -31.29    |    -33.75    |    -27.97    |      37      |  ✅ Success  
    465      |    838.28    |    -22.13    |    -33.29    |    -26.09    |      30      |  ✅ Success  
    466      |    826.17    |    -23.93    |    -21.51    |    -27.44    |      29      |  ✅ Success  
    467      |    29.64     |   -146.89    |   -155.36    |   -109.43    |      90      |  ✅ Success  
    468      |    751.78    |    -33.11    |    -50.50    |    -30.41    |      37      |  ✅ Success  
    469      |    757.87    |    -31.21    |    -30.42    |    -48.46    |      38      |  ✅ Success  
    470      |    657.10    |    -44.84    |    -54.27    |    -49.79    |      54      |  ✅ Success  
  📊 统计 [Ep 470]: Actor Loss=-201.7122, Critic Loss=879.3490, Alpha=0.7040, TD-error=23.7416, Beta=1.0000
    471      |   -2215.95   |   -417.17    |   -418.76    |   -385.16    |     301      |  ✅ Success  
    472      |   -574.56    |   -169.28    |   -186.08    |   -185.89    |     138      |  ✅ Success  
    473      |    667.50    |    -40.79    |    -49.68    |    -37.73    |      50      |  ✅ Success  
    474      |    458.29    |    -60.17    |    -88.53    |    -65.07    |      68      |  ✅ Success  
    475      |    285.58    |    -94.13    |   -126.64    |    -94.47    |      84      |  ✅ Success  
    476      |    568.31    |    -80.40    |    -75.58    |    -97.71    |      85      |  ✅ Success  
    477      |    16.81     |   -234.08    |   -265.02    |   -216.00    |     164      |  ✅ Success  
    478      |   -5646.00   |   -834.31    |   -914.96    |   -1024.07   |     482      |  ✅ Success  
    479      |   -6290.31   |   -888.51    |   -831.88    |   -830.68    |     551      |  ✅ Success  
    480      |    353.65    |   -124.65    |   -109.15    |    -95.23    |      92      |  ✅ Success  
  📊 统计 [Ep 480]: Actor Loss=-181.8560, Critic Loss=997.5872, Alpha=0.7806, TD-error=24.8859, Beta=1.0000
    481      |    263.18    |    -75.41    |   -107.82    |   -136.63    |      67      |  ✅ Success  
    482      |    699.98    |    -47.34    |    -46.12    |    -40.51    |      54      |  ✅ Success  
    483      |    665.79    |    -47.64    |    -52.24    |    -36.92    |      46      |  ✅ Success  
    484      |   -4373.16   |   -554.85    |   -566.39    |   -511.35    |     377      |  ✅ Success  
    485      |    792.94    |    -25.88    |    -35.33    |    -25.25    |      36      |  ✅ Success  
    486      |   -704.91    |   -262.44    |   -196.72    |   -203.55    |     169      |  ✅ Success  
    487      |    564.18    |    -46.22    |    -53.12    |    -70.74    |      47      |  ✅ Success  
    488      |    234.81    |    -90.67    |   -155.84    |    -79.61    |      83      |  ✅ Success  
    489      |    231.52    |    -72.09    |   -154.50    |   -111.71    |      73      |  ✅ Success  
    490      |    738.96    |    -35.37    |    -34.65    |    -36.64    |      39      |  ✅ Success  
  📊 统计 [Ep 490]: Actor Loss=-166.9136, Critic Loss=1090.8116, Alpha=0.8651, TD-error=26.3916, Beta=1.0000
    491      |    49.40     |   -101.98    |   -111.88    |    -81.92    |      91      |  ✅ Success  
    492      |   -834.99    |    -51.40    |    -58.85    |    -48.71    |      57      |  ❌ Failure  
    493      |   -553.37    |    -6.81     |    -5.78     |    -8.32     |      7       |  ❌ Failure  
    494      |    321.04    |    -65.17    |    -77.92    |    -60.49    |      72      |  ✅ Success  
    495      |    -12.97    |   -126.26    |   -163.21    |    -94.08    |      99      |  ✅ Success  
    496      |   -674.17    |   -193.81    |   -186.27    |   -187.49    |     150      |  ✅ Success  
    497      |    671.35    |    -41.03    |    -43.00    |    -45.10    |      46      |  ✅ Success  
    498      |    403.04    |    -85.83    |    -59.22    |    -72.00    |      62      |  ✅ Success  
    499      |   -3475.27   |   -761.52    |   -689.84    |   -765.30    |     400      |  ✅ Success  
✅ 训练数据已保存: /home/zhangpeng/UAV_PATH_PLANNING/runs/exp_baseline_20251031_203720/training_data.pkl
✅ 总奖励曲线已保存: /home/zhangpeng/UAV_PATH_PLANNING/runs/exp_baseline_20251031_203720/plots/total_reward.png
✅ Leader奖励曲线已保存: /home/zhangpeng/UAV_PATH_PLANNING/runs/exp_baseline_20251031_203720/plots/leader_reward.png
✅ Follower奖励曲线已保存: /home/zhangpeng/UAV_PATH_PLANNING/runs/exp_baseline_20251031_203720/plots/follower_reward.png
