📝 日志文件: /home/zhangpeng/UAV_PATH_PLANNING/runs/exp_baseline_20251029_135846/training.log
💡 训练输出将实时保存到日志文件
🚀 启用AMP混合精度训练（预期加速40-100%）
🚀 启用异步数据传输（预期加速10-20%）
SAC训练中...
📊 优先级经验回放（PER）配置:
  - 容量: 20000
  - Alpha: 0.6 (优先级指数)
  - Beta: 0.4 → 1.0 (重要性采样权重)
  - 内存优化: float32 (节省50%内存)

================================================================================
  Episode    |    Leader    |   Follower   |    Steps     |    Status   
================================================================================
     0       |   -3165.16   |   -833.75    |     1000     | ⏱️  Timeout 
  📊 统计 [Ep 0]: Actor Loss=1.8591, Critic Loss=0.1112, Alpha=0.8833, TD-error=0.3174, Beta=1.0000
     1       |    483.78    |   -192.14    |     196      |  ✅ Success  
     2       |   -1250.85   |   -591.91    |     674      |  ✅ Success  
     3       |    811.27    |    -68.12    |      82      |  ✅ Success  
     4       |   -2384.84   |   -989.75    |     1000     | ⏱️  Timeout 
     5       |    456.18    |   -257.72    |     306      |  ✅ Success  
     6       |    661.39    |   -147.99    |     144      |  ✅ Success  
     7       |   -2397.21   |   -544.25    |     672      |  ❌ Failure  
     8       |   -805.24    |    -40.77    |      92      |  ❌ Failure  
     9       |   -2749.56   |   -594.96    |     721      |  ❌ Failure  
     10      |   -569.00    |    -16.41    |      29      |  ❌ Failure  
  📊 统计 [Ep 10]: Actor Loss=-26.0824, Critic Loss=190.7990, Alpha=0.3817, TD-error=14.6983, Beta=1.0000
     11      |   -1949.43   |   -409.79    |     439      |  ❌ Failure  
     12      |   -289.48    |   -412.60    |     425      |  ✅ Success  
     13      |   -519.43    |    -0.80     |      10      |  ❌ Failure  
     14      |   -748.92    |   -821.93    |     724      |  ✅ Success  
     15      |   -522.95    |    -8.84     |      11      |  ❌ Failure  
     16      |    671.04    |   -198.73    |     267      |  ✅ Success  
     17      |    843.86    |    -21.84    |      83      |  ✅ Success  
     18      |    954.60    |    -19.94    |      33      |  ✅ Success  
     19      |    960.20    |    -6.68     |      29      |  ✅ Success  
     20      |   -521.22    |    -2.05     |      9       |  ❌ Failure  
  📊 统计 [Ep 20]: Actor Loss=0.4540, Critic Loss=181.7797, Alpha=0.3768, TD-error=17.2430, Beta=1.0000
     21      |    955.52    |    -10.54    |      30      |  ✅ Success  
     22      |   -564.30    |    -11.96    |      38      |  ❌ Failure  
     23      |   -514.25    |    -1.01     |      8       |  ❌ Failure  
     24      |    903.94    |    -39.64    |      63      |  ✅ Success  
     25      |    692.09    |    -43.96    |     139      |  ✅ Success  
     26      |   -550.64    |    -10.35    |      24      |  ❌ Failure  
     27      |   -510.71    |    -4.28     |      6       |  ❌ Failure  
     28      |   -510.97    |   -446.63    |     734      |  ✅ Success  
     29      |    966.44    |    -4.20     |      29      |  ✅ Success  
     30      |    582.85    |   -310.36    |     465      |  ✅ Success  
  📊 统计 [Ep 30]: Actor Loss=-4.3402, Critic Loss=326.1229, Alpha=0.5284, TD-error=21.1016, Beta=1.0000
     31      |    564.77    |   -218.63    |     413      |  ✅ Success  
     32      |    746.06    |   -128.36    |     177      |  ✅ Success  
     33      |    843.37    |    -78.49    |      93      |  ✅ Success  
     34      |    -38.75    |   -305.47    |     503      |  ✅ Success  
     35      |    763.19    |    -61.21    |     145      |  ✅ Success  
     36      |    935.45    |    -21.30    |      57      |  ✅ Success  
     37      |   -2054.32   |   -699.94    |     1000     | ⏱️  Timeout 
     38      |   -1409.00   |   -148.86    |     303      |  ❌ Failure  
     39      |    50.09     |   -191.85    |     357      |  ✅ Success  
     40      |   -587.33    |    -7.79     |      47      |  ❌ Failure  
  📊 统计 [Ep 40]: Actor Loss=-26.7919, Critic Loss=404.0992, Alpha=0.8343, TD-error=21.3547, Beta=1.0000
     41      |    857.78    |    -28.15    |      86      |  ✅ Success  
     42      |   -551.86    |    -5.77     |      25      |  ❌ Failure  
     43      |   -517.27    |   -501.47    |     720      |  ✅ Success  
     44      |    920.97    |    -24.46    |      62      |  ✅ Success  
     45      |    928.49    |    -7.10     |      56      |  ✅ Success  
     46      |    693.02    |    -35.15    |     167      |  ✅ Success  
     47      |   -594.03    |    -23.65    |      46      |  ❌ Failure  
     48      |    953.54    |    -5.68     |      44      |  ✅ Success  
     49      |    923.24    |    -9.16     |      59      |  ✅ Success  
     50      |    749.22    |    -55.39    |     163      |  ✅ Success  
  📊 统计 [Ep 50]: Actor Loss=-49.8269, Critic Loss=484.3899, Alpha=1.1105, TD-error=32.1303, Beta=1.0000
     51      |    842.34    |    -21.64    |     123      |  ✅ Success  
     52      |   -534.89    |    -2.72     |      20      |  ❌ Failure  
     53      |    919.32    |    -10.50    |      75      |  ✅ Success  
     54      |    834.53    |    -17.81    |     106      |  ✅ Success  
     55      |   -553.97    |    -26.76    |      32      |  ❌ Failure  
     56      |   -510.58    |    -0.33     |      5       |  ❌ Failure  
     57      |    876.83    |    -27.24    |      99      |  ✅ Success  
     58      |    933.31    |    -5.51     |      57      |  ✅ Success  
     59      |    839.88    |    -79.61    |     106      |  ✅ Success  
     60      |    664.76    |    -51.72    |     153      |  ✅ Success  
  📊 统计 [Ep 60]: Actor Loss=-60.6386, Critic Loss=559.6817, Alpha=1.3772, TD-error=36.2470, Beta=1.0000
     61      |    929.44    |    -10.89    |      52      |  ✅ Success  
     62      |    875.82    |    -27.47    |     115      |  ✅ Success  
     63      |    923.70    |    -46.64    |      52      |  ✅ Success  
     64      |    945.92    |    -7.38     |      40      |  ✅ Success  
     65      |    783.58    |    -36.99    |     110      |  ✅ Success  
     66      |    854.71    |    -44.76    |      81      |  ✅ Success  
     67      |    898.69    |    -10.19    |      70      |  ✅ Success  
     68      |   -107.73    |   -307.19    |     395      |  ✅ Success  
     69      |   -511.82    |   -332.44    |     567      |  ✅ Success  
     70      |    207.52    |   -114.08    |     238      |  ✅ Success  
  📊 统计 [Ep 70]: Actor Loss=-55.9818, Critic Loss=512.3880, Alpha=1.7554, TD-error=29.4324, Beta=1.0000
     71      |    918.30    |    -19.24    |      59      |  ✅ Success  
     72      |   -518.66    |    -6.58     |      10      |  ❌ Failure  
     73      |    876.59    |    -16.33    |      75      |  ✅ Success  
     74      |    817.10    |    -50.62    |     157      |  ✅ Success  
     75      |    835.84    |    -20.22    |      78      |  ✅ Success  
     76      |    693.21    |    -53.78    |     219      |  ✅ Success  
     77      |    930.49    |    -10.65    |      55      |  ✅ Success  
     78      |    883.03    |    -9.96     |      63      |  ✅ Success  
     79      |    625.18    |    -59.24    |     197      |  ✅ Success  
     80      |    942.96    |    -16.46    |      41      |  ✅ Success  
  📊 统计 [Ep 80]: Actor Loss=-49.8872, Critic Loss=493.6947, Alpha=1.6517, TD-error=28.9155, Beta=1.0000
     81      |    917.98    |    -24.35    |      62      |  ✅ Success  
     82      |    759.91    |    -34.63    |     143      |  ✅ Success  
     83      |   -662.12    |   -237.07    |     611      |  ✅ Success  
     84      |    955.53    |    -18.71    |      34      |  ✅ Success  
     85      |    633.14    |    -75.05    |     152      |  ✅ Success  
     86      |    526.66    |    -79.94    |     235      |  ✅ Success  
     87      |    627.90    |    -69.39    |     182      |  ✅ Success  
     88      |   -508.94    |    -0.34     |      5       |  ❌ Failure  
     89      |    793.45    |    -29.10    |     118      |  ✅ Success  
     90      |    879.28    |    -20.00    |      90      |  ✅ Success  
  📊 统计 [Ep 90]: Actor Loss=-43.9537, Critic Loss=489.9508, Alpha=1.6069, TD-error=28.9705, Beta=1.0000
     91      |    610.50    |    -84.48    |     131      |  ✅ Success  
     92      |    551.94    |    -58.91    |     201      |  ✅ Success  
     93      |    872.93    |    -40.64    |      81      |  ✅ Success  
     94      |    961.74    |    -5.74     |      29      |  ✅ Success  
     95      |    732.72    |    -82.87    |     118      |  ✅ Success  
     96      |    500.69    |    -75.95    |     177      |  ✅ Success  
     97      |    -69.73    |   -155.41    |     382      |  ✅ Success  
     98      |    233.75    |    -99.75    |     267      |  ✅ Success  
     99      |    841.25    |    -19.39    |      71      |  ✅ Success  
    100      |    864.71    |    -27.60    |      63      |  ✅ Success  
  📊 统计 [Ep 100]: Actor Loss=-52.4761, Critic Loss=562.6812, Alpha=1.6938, TD-error=29.8078, Beta=1.0000
    101      |    558.09    |    -55.00    |     149      |  ✅ Success  
    102      |    956.65    |    -14.62    |      30      |  ✅ Success  
    103      |    679.10    |    -46.47    |     110      |  ✅ Success  
    104      |    763.54    |    -22.89    |     101      |  ✅ Success  
    105      |   -511.18    |    -1.03     |      6       |  ❌ Failure  
    106      |    796.60    |    -16.12    |      94      |  ✅ Success  
    107      |    153.80    |   -112.46    |     284      |  ✅ Success  
    108      |    822.50    |    -31.98    |      94      |  ✅ Success  
    109      |    164.79    |   -162.71    |     329      |  ✅ Success  
    110      |    964.29    |    -9.96     |      33      |  ✅ Success  
  📊 统计 [Ep 110]: Actor Loss=-61.6896, Critic Loss=603.7077, Alpha=1.9339, TD-error=33.7395, Beta=1.0000
    111      |    642.82    |    -49.52    |     123      |  ✅ Success  
    112      |    944.31    |    -14.07    |      44      |  ✅ Success  
    113      |    830.05    |    -20.13    |      74      |  ✅ Success  
    114      |    948.17    |    -17.49    |      44      |  ✅ Success  
    115      |    973.54    |    -2.08     |      27      |  ✅ Success  
    116      |    850.15    |    -33.21    |      71      |  ✅ Success  
    117      |    844.38    |    -10.72    |      76      |  ✅ Success  
    118      |    297.05    |    -92.07    |     212      |  ✅ Success  
    119      |    920.94    |    -11.69    |      71      |  ✅ Success  
    120      |    82.94     |   -123.48    |     413      |  ✅ Success  
  📊 统计 [Ep 120]: Actor Loss=-84.6997, Critic Loss=717.5272, Alpha=2.2464, TD-error=37.6031, Beta=1.0000
    121      |    889.28    |    -16.07    |      59      |  ✅ Success  
    122      |    788.80    |    -39.99    |     145      |  ✅ Success  
    123      |    153.79    |    -85.66    |     279      |  ✅ Success  
    124      |    526.38    |    -50.40    |     200      |  ✅ Success  
    125      |    316.47    |    -78.02    |     270      |  ✅ Success  
    126      |    725.31    |    -45.02    |     115      |  ✅ Success  
    127      |   -1796.82   |   -174.42    |     326      |  ❌ Failure  
    128      |    946.98    |    -13.96    |      44      |  ✅ Success  
    129      |    383.07    |    -86.40    |     232      |  ✅ Success  
    130      |    711.57    |    -42.22    |     109      |  ✅ Success  
  📊 统计 [Ep 130]: Actor Loss=-95.2451, Critic Loss=904.7151, Alpha=2.7961, TD-error=39.6669, Beta=1.0000
    131      |    933.22    |    -7.17     |      51      |  ✅ Success  
    132      |    928.24    |    -6.57     |      64      |  ✅ Success  
    133      |    861.06    |    -11.93    |      68      |  ✅ Success  
    134      |    642.45    |    -68.51    |     132      |  ✅ Success  
    135      |   -223.10    |   -132.28    |     355      |  ✅ Success  
    136      |    938.92    |    -11.69    |      49      |  ✅ Success  
    137      |   -514.71    |    -1.02     |      7       |  ❌ Failure  
    138      |    207.50    |   -175.12    |     251      |  ✅ Success  
    139      |    930.64    |    -5.14     |      44      |  ✅ Success  
    140      |    959.87    |    -5.72     |      34      |  ✅ Success  
  📊 统计 [Ep 140]: Actor Loss=-102.6970, Critic Loss=803.6514, Alpha=2.9318, TD-error=37.7404, Beta=1.0000
    141      |    12.96     |   -126.60    |     291      |  ✅ Success  
    142      |    932.31    |    -17.50    |      49      |  ✅ Success  
    143      |    530.18    |    -98.70    |     215      |  ✅ Success  
    144      |    943.16    |    -7.17     |      44      |  ✅ Success  
    145      |    808.78    |    -30.30    |      73      |  ✅ Success  
    146      |   -516.80    |    -1.06     |      7       |  ❌ Failure  
    147      |   -646.82    |    -23.54    |      49      |  ❌ Failure  
    148      |    791.18    |    -27.32    |     107      |  ✅ Success  
    149      |    967.65    |    -2.74     |      29      |  ✅ Success  
    150      |    939.10    |    -11.12    |      36      |  ✅ Success  
  📊 统计 [Ep 150]: Actor Loss=-113.5423, Critic Loss=793.9106, Alpha=3.0168, TD-error=43.6895, Beta=1.0000
    151      |    503.45    |   -157.10    |     177      |  ✅ Success  
    152      |   -513.39    |    -1.08     |      7       |  ❌ Failure  
    153      |    942.66    |    -6.32     |      40      |  ✅ Success  
    154      |    800.17    |    -12.21    |      79      |  ✅ Success  
    155      |    765.74    |    -26.18    |      82      |  ✅ Success  
    156      |    554.80    |    -58.96    |     185      |  ✅ Success  
    157      |    952.15    |    -3.22     |      39      |  ✅ Success  
    158      |    833.25    |    -28.63    |     114      |  ✅ Success  
    159      |    943.04    |    -4.00     |      50      |  ✅ Success  
    160      |   -661.40    |   -152.26    |     451      |  ✅ Success  
  📊 统计 [Ep 160]: Actor Loss=-118.8612, Critic Loss=936.3075, Alpha=3.1447, TD-error=45.9453, Beta=1.0000
    161      |    184.71    |   -137.05    |     368      |  ✅ Success  
    162      |    948.42    |    -6.84     |      48      |  ✅ Success  
    163      |    228.06    |   -115.78    |     240      |  ✅ Success  
    164      |    633.69    |    -31.61    |     144      |  ✅ Success  
    165      |    842.84    |    -16.50    |      71      |  ✅ Success  
    166      |    680.99    |    -55.31    |     115      |  ✅ Success  
    167      |    971.92    |    -2.82     |      29      |  ✅ Success  
    168      |    137.43    |   -112.20    |     288      |  ✅ Success  
    169      |    292.80    |    -69.81    |     235      |  ✅ Success  
    170      |    100.93    |    -74.92    |     300      |  ✅ Success  
  📊 统计 [Ep 170]: Actor Loss=-172.1417, Critic Loss=977.2543, Alpha=3.6929, TD-error=49.6772, Beta=1.0000
    171      |    334.56    |    -66.88    |     204      |  ✅ Success  
    172      |    790.35    |    -17.19    |      86      |  ✅ Success  
    173      |    924.56    |    -6.20     |      56      |  ✅ Success  
    174      |    568.36    |    -61.00    |     150      |  ✅ Success  
    175      |    945.08    |    -6.89     |      45      |  ✅ Success  
    176      |   -520.42    |    -1.75     |      10      |  ❌ Failure  
    177      |    962.03    |    -3.19     |      30      |  ✅ Success  
    178      |    677.82    |    -26.56    |     144      |  ✅ Success  
    179      |    80.35     |   -122.88    |     294      |  ✅ Success  
    180      |    828.16    |    -29.51    |      88      |  ✅ Success  
  📊 统计 [Ep 180]: Actor Loss=-189.6035, Critic Loss=870.1319, Alpha=3.8134, TD-error=45.1784, Beta=1.0000
    181      |    525.35    |    -46.65    |     162      |  ✅ Success  
    182      |    522.63    |    -80.80    |     167      |  ✅ Success  
    183      |    589.04    |    -57.83    |     172      |  ✅ Success  
    184      |    724.56    |    -28.25    |     105      |  ✅ Success  
    185      |    644.25    |    -23.94    |     119      |  ✅ Success  
    186      |    827.35    |    -19.06    |      80      |  ✅ Success  
    187      |    952.78    |    -6.10     |      38      |  ✅ Success  
    188      |   -933.56    |    -55.40    |     145      |  ❌ Failure  
    189      |    525.47    |    -58.76    |     148      |  ✅ Success  
    190      |    346.07    |    -57.74    |     207      |  ✅ Success  
  📊 统计 [Ep 190]: Actor Loss=-235.9220, Critic Loss=1034.4804, Alpha=4.1429, TD-error=51.0504, Beta=1.0000
    191      |    829.01    |    -37.86    |      68      |  ✅ Success  
    192      |    788.99    |    -50.37    |      73      |  ✅ Success  
    193      |    228.72    |    -68.35    |     223      |  ✅ Success  
    194      |    967.70    |    -5.73     |      26      |  ✅ Success  
    195      |    480.04    |    -83.76    |     168      |  ✅ Success  
    196      |    911.48    |    -8.26     |      57      |  ✅ Success  
    197      |    894.38    |    -12.31    |      67      |  ✅ Success  
    198      |    492.80    |    -58.94    |     159      |  ✅ Success  
    199      |    563.24    |    -72.25    |     139      |  ✅ Success  
    200      |    579.45    |    -47.80    |     176      |  ✅ Success  
  📊 统计 [Ep 200]: Actor Loss=-277.8802, Critic Loss=1181.8241, Alpha=4.5623, TD-error=53.4467, Beta=1.0000
    201      |    836.47    |    -28.18    |      70      |  ✅ Success  
    202      |    972.41    |    -1.67     |      25      |  ✅ Success  
    203      |   -399.00    |   -149.56    |     421      |  ✅ Success  
    204      |    518.71    |    -51.12    |     153      |  ✅ Success  
    205      |    928.43    |    -9.00     |      47      |  ✅ Success  
    206      |    -39.41    |   -108.82    |     293      |  ✅ Success  
    207      |    392.90    |    -77.77    |     205      |  ✅ Success  
    208      |    950.21    |    -7.49     |      39      |  ✅ Success  
    209      |    955.58    |    -4.13     |      36      |  ✅ Success  
    210      |    953.98    |    -3.76     |      33      |  ✅ Success  
  📊 统计 [Ep 210]: Actor Loss=-283.9170, Critic Loss=1210.6695, Alpha=4.4296, TD-error=51.5510, Beta=1.0000
    211      |    963.49    |    -4.12     |      28      |  ✅ Success  
    212      |    958.54    |    -5.21     |      34      |  ✅ Success  
    213      |    277.72    |   -123.76    |     225      |  ✅ Success  
    214      |    297.18    |    -96.00    |     213      |  ✅ Success  
    215      |    -2.56     |   -178.83    |     365      |  ✅ Success  
    216      |    361.79    |    -85.17    |     194      |  ✅ Success  
    217      |    -99.70    |   -110.83    |     358      |  ✅ Success  
    218      |    616.18    |    -42.40    |     125      |  ✅ Success  
    219      |   -139.58    |   -303.35    |     297      |  ✅ Success  
    220      |    491.74    |    -38.41    |     177      |  ✅ Success  
  📊 统计 [Ep 220]: Actor Loss=-269.8904, Critic Loss=910.9560, Alpha=3.7507, TD-error=45.2026, Beta=1.0000
    221      |    803.73    |    -13.94    |      88      |  ✅ Success  
    222      |    956.77    |    -3.69     |      36      |  ✅ Success  
    223      |    956.16    |    -2.51     |      35      |  ✅ Success  
    224      |    168.94    |   -102.49    |     262      |  ✅ Success  
    225      |    183.65    |    -55.63    |     244      |  ✅ Success  
    226      |   -256.64    |   -157.89    |     344      |  ✅ Success  
    227      |    923.65    |    -7.46     |      55      |  ✅ Success  
    228      |    660.80    |    -46.38    |     122      |  ✅ Success  
    229      |   -217.32    |   -128.62    |     366      |  ✅ Success  
    230      |    774.58    |    -28.03    |      90      |  ✅ Success  
  📊 统计 [Ep 230]: Actor Loss=-237.9811, Critic Loss=718.9390, Alpha=3.0601, TD-error=38.8633, Beta=1.0000
    231      |    550.73    |    -52.66    |     161      |  ✅ Success  
    232      |    901.72    |    -8.43     |      67      |  ✅ Success  
    233      |    319.08    |   -180.46    |     215      |  ✅ Success  
    234      |   -711.22    |   -141.47    |     489      |  ✅ Success  
    235      |    623.32    |    -31.59    |     151      |  ✅ Success  
    236      |    672.73    |    -26.69    |     109      |  ✅ Success  
    237      |    966.49    |    -3.29     |      27      |  ✅ Success  
    238      |    683.35    |    -31.56    |     112      |  ✅ Success  
    239      |    72.99     |   -152.03    |     352      |  ✅ Success  
    240      |    927.09    |    -5.51     |      41      |  ✅ Success  
  📊 统计 [Ep 240]: Actor Loss=-293.4472, Critic Loss=661.1594, Alpha=2.6961, TD-error=40.7161, Beta=1.0000
    241      |   -104.44    |   -217.86    |     295      |  ✅ Success  
    242      |    798.56    |    -17.15    |     101      |  ✅ Success  
    243      |   -520.52    |    -2.70     |      11      |  ❌ Failure  
    244      |    891.76    |    -11.84    |      50      |  ✅ Success  
    245      |    853.51    |    -22.98    |      57      |  ✅ Success  
    246      |    577.66    |    -48.83    |     148      |  ✅ Success  
    247      |    262.75    |    -94.93    |     237      |  ✅ Success  
    248      |    747.55    |    -41.46    |      87      |  ✅ Success  
    249      |    713.40    |    -36.14    |      95      |  ✅ Success  
    250      |    694.41    |    -41.60    |     111      |  ✅ Success  
  📊 统计 [Ep 250]: Actor Loss=-320.8802, Critic Loss=737.7926, Alpha=2.7074, TD-error=43.3995, Beta=1.0000
    251      |    929.14    |    -14.78    |      69      |  ✅ Success  
    252      |    680.18    |    -29.31    |     117      |  ✅ Success  
    253      |    45.18     |   -109.00    |     278      |  ✅ Success  
    254      |    751.51    |    -29.19    |     113      |  ✅ Success  
    255      |    954.63    |    -2.80     |      31      |  ✅ Success  
    256      |    940.57    |    -4.81     |      49      |  ✅ Success  
    257      |    342.55    |   -228.29    |     238      |  ✅ Success  
    258      |    173.59    |   -111.20    |     262      |  ✅ Success  
    259      |    430.37    |    -73.57    |     166      |  ✅ Success  
    260      |    961.74    |    -3.04     |      30      |  ✅ Success  
  📊 统计 [Ep 260]: Actor Loss=-329.5897, Critic Loss=832.1725, Alpha=2.6423, TD-error=43.9582, Beta=1.0000
    261      |    591.49    |    -35.75    |     143      |  ✅ Success  
    262      |    915.80    |    -19.47    |      89      |  ✅ Success  
    263      |    796.19    |    -51.08    |      85      |  ✅ Success  
    264      |    966.25    |    -6.03     |      27      |  ✅ Success  
    265      |    964.76    |    -2.69     |      26      |  ✅ Success  
    266      |   -966.26    |   -289.99    |     546      |  ✅ Success  
    267      |    595.07    |    -27.15    |     144      |  ✅ Success  
    268      |    958.00    |    -7.17     |      32      |  ✅ Success  
    269      |    605.09    |    -26.59    |     130      |  ✅ Success  
    270      |    862.67    |    -13.26    |      66      |  ✅ Success  
  📊 统计 [Ep 270]: Actor Loss=-345.4971, Critic Loss=852.8175, Alpha=2.5014, TD-error=42.5826, Beta=1.0000
    271      |    967.53    |     0.33     |      28      |  ✅ Success  
    272      |    904.81    |    -34.41    |      59      |  ✅ Success  
    273      |    903.38    |    -5.54     |      52      |  ✅ Success  
    274      |    742.73    |    -16.35    |     102      |  ✅ Success  
    275      |    777.82    |    -32.69    |      98      |  ✅ Success  
    276      |    722.58    |    -24.66    |      93      |  ✅ Success  
    277      |    913.68    |    -6.16     |      63      |  ✅ Success  
    278      |    803.63    |    -9.12     |      75      |  ✅ Success  
    279      |    45.77     |    -55.99    |     291      |  ✅ Success  
    280      |    887.39    |    -25.37    |      69      |  ✅ Success  
  📊 统计 [Ep 280]: Actor Loss=-347.6501, Critic Loss=813.3943, Alpha=2.4672, TD-error=41.2605, Beta=1.0000
    281      |    381.18    |    -68.98    |     181      |  ✅ Success  
    282      |    957.67    |    -4.09     |      29      |  ✅ Success  
    283      |    941.95    |    -6.22     |      35      |  ✅ Success  
    284      |    365.87    |    -71.06    |     194      |  ✅ Success  
    285      |    937.62    |    -4.23     |      50      |  ✅ Success  
    286      |    972.76    |    -1.94     |      23      |  ✅ Success  
    287      |    967.34    |    -3.11     |      27      |  ✅ Success  
    288      |    871.30    |    -8.58     |      55      |  ✅ Success  
    289      |    828.56    |    -11.58    |      70      |  ✅ Success  
    290      |   -145.80    |   -106.56    |     347      |  ✅ Success  
  📊 统计 [Ep 290]: Actor Loss=-351.4622, Critic Loss=725.8140, Alpha=2.5188, TD-error=40.1696, Beta=1.0000
    291      |    946.49    |    -11.93    |      58      |  ✅ Success  
    292      |    791.33    |    -16.85    |      83      |  ✅ Success  
    293      |    585.37    |    -31.21    |     140      |  ✅ Success  
    294      |    760.64    |    -16.83    |     112      |  ✅ Success  
    295      |   -685.78    |   -169.95    |     486      |  ✅ Success  
    296      |    224.04    |    -68.20    |     225      |  ✅ Success  
    297      |    941.49    |    -3.22     |      46      |  ✅ Success  
    298      |    911.48    |    -11.60    |      47      |  ✅ Success  
    299      |    967.31    |    -9.47     |      22      |  ✅ Success  
    300      |    942.35    |    -2.96     |      44      |  ✅ Success  
  📊 统计 [Ep 300]: Actor Loss=-365.5277, Critic Loss=692.3039, Alpha=2.5811, TD-error=41.5311, Beta=1.0000
    301      |   -721.51    |   -123.76    |     449      |  ✅ Success  
    302      |   -511.90    |    -0.95     |      7       |  ❌ Failure  
    303      |    604.07    |    -47.13    |     150      |  ✅ Success  
    304      |    867.60    |    -10.98    |      58      |  ✅ Success  
    305      |    959.55    |    -3.66     |      32      |  ✅ Success  
    306      |    969.47    |    -3.09     |      27      |  ✅ Success  
    307      |    970.52    |    -2.53     |      29      |  ✅ Success  
    308      |   -514.24    |    -1.62     |      8       |  ❌ Failure  
    309      |    978.26    |    -2.26     |      19      |  ✅ Success  
    310      |    682.53    |    -34.50    |     119      |  ✅ Success  
  📊 统计 [Ep 310]: Actor Loss=-383.4650, Critic Loss=642.0548, Alpha=2.6985, TD-error=39.3305, Beta=1.0000
    311      |    249.65    |   -158.78    |     233      |  ✅ Success  
    312      |    936.67    |    -9.59     |      75      |  ✅ Success  
    313      |    946.17    |    -3.78     |      41      |  ✅ Success  
    314      |    619.52    |    -68.68    |     178      |  ✅ Success  
    315      |    204.15    |    -87.68    |     251      |  ✅ Success  
    316      |    780.90    |    -24.94    |      85      |  ✅ Success  
    317      |    951.00    |    -4.35     |      34      |  ✅ Success  
    318      |    958.84    |    -3.19     |      33      |  ✅ Success  
    319      |    956.11    |    -5.43     |      30      |  ✅ Success  
    320      |    680.70    |    -30.10    |     109      |  ✅ Success  
  📊 统计 [Ep 320]: Actor Loss=-391.9594, Critic Loss=778.6824, Alpha=2.7963, TD-error=41.5831, Beta=1.0000
    321      |    654.62    |    -37.91    |     124      |  ✅ Success  
    322      |   -105.82    |   -119.56    |     453      |  ✅ Success  
    323      |   -516.18    |    -0.92     |      9       |  ❌ Failure  
    324      |    950.26    |    -6.52     |      39      |  ✅ Success  
    325      |    890.49    |    -18.79    |      64      |  ✅ Success  
    326      |    980.06    |    -1.73     |      20      |  ✅ Success  
    327      |    974.11    |    -2.66     |      24      |  ✅ Success  
    328      |    69.10     |   -161.52    |     308      |  ✅ Success  
    329      |    965.31    |    -3.08     |      28      |  ✅ Success  
    330      |    953.38    |    -27.40    |      34      |  ✅ Success  
  📊 统计 [Ep 330]: Actor Loss=-411.2215, Critic Loss=847.5388, Alpha=3.1204, TD-error=47.6194, Beta=1.0000
    331      |    940.30    |    -3.50     |      42      |  ✅ Success  
    332      |   -574.07    |    -6.01     |      31      |  ❌ Failure  
    333      |    -87.17    |   -121.70    |     326      |  ✅ Success  
    334      |    648.61    |    -32.89    |     151      |  ✅ Success  
    335      |    924.42    |    -5.37     |      47      |  ✅ Success  
    336      |    883.67    |    -21.71    |      90      |  ✅ Success  
    337      |    793.28    |    -71.84    |      93      |  ✅ Success  
    338      |    624.79    |    -30.40    |     135      |  ✅ Success  
    339      |    974.18    |    -2.11     |      24      |  ✅ Success  
    340      |    958.18    |    -4.22     |      38      |  ✅ Success  
  📊 统计 [Ep 340]: Actor Loss=-386.7144, Critic Loss=777.0244, Alpha=3.1918, TD-error=45.1321, Beta=1.0000
    341      |    835.65    |    -11.54    |      92      |  ✅ Success  
    342      |    973.29    |    -4.84     |      20      |  ✅ Success  
    343      |    950.74    |    -5.80     |      39      |  ✅ Success  
    344      |    973.25    |    -1.46     |      22      |  ✅ Success  
    345      |   -515.71    |    -0.75     |      8       |  ❌ Failure  
    346      |    727.23    |    -18.04    |      99      |  ✅ Success  
    347      |    975.88    |    -3.79     |      25      |  ✅ Success  
    348      |   -508.65    |    -0.39     |      5       |  ❌ Failure  
    349      |    952.26    |    -11.18    |      34      |  ✅ Success  
    350      |    974.57    |    -3.03     |      19      |  ✅ Success  
  📊 统计 [Ep 350]: Actor Loss=-379.9226, Critic Loss=758.9052, Alpha=3.2269, TD-error=52.2975, Beta=1.0000
    351      |    841.22    |    -18.32    |      76      |  ✅ Success  
    352      |    153.64    |    -83.81    |     254      |  ✅ Success  
    353      |    953.07    |    -5.21     |      32      |  ✅ Success  
    354      |    898.13    |    -12.58    |      66      |  ✅ Success  
    355      |    801.65    |    -17.74    |      96      |  ✅ Success  
    356      |    743.61    |    -27.56    |     103      |  ✅ Success  
    357      |    767.62    |    -40.09    |     105      |  ✅ Success  
    358      |    932.16    |    -7.39     |      48      |  ✅ Success  
    359      |   -722.15    |    -21.42    |      72      |  ❌ Failure  
    360      |    872.53    |    -12.53    |      60      |  ✅ Success  
  📊 统计 [Ep 360]: Actor Loss=-350.6792, Critic Loss=828.1937, Alpha=3.1245, TD-error=47.3795, Beta=1.0000
    361      |    966.71    |    -4.80     |      30      |  ✅ Success  
    362      |    962.27    |    -4.21     |      31      |  ✅ Success  
    363      |    402.41    |    -51.19    |     192      |  ✅ Success  
    364      |    970.86    |    -2.53     |      25      |  ✅ Success  
    365      |    927.58    |    -6.79     |      39      |  ✅ Success  
    366      |    871.70    |    -23.16    |      59      |  ✅ Success  
    367      |    944.50    |    -6.18     |      36      |  ✅ Success  
    368      |    949.94    |    -4.56     |      37      |  ✅ Success  
    369      |    757.03    |    -26.82    |     110      |  ✅ Success  
    370      |    953.48    |    -5.42     |      34      |  ✅ Success  
  📊 统计 [Ep 370]: Actor Loss=-368.3605, Critic Loss=966.0252, Alpha=3.1080, TD-error=49.5128, Beta=1.0000
    371      |    978.40    |    -7.59     |      19      |  ✅ Success  
    372      |    965.74    |    -2.52     |      29      |  ✅ Success  
    373      |    905.22    |    -14.98    |      50      |  ✅ Success  
    374      |    947.78    |    -4.30     |      39      |  ✅ Success  
    375      |    928.84    |    -5.92     |      40      |  ✅ Success  
    376      |    958.90    |    -11.26    |      34      |  ✅ Success  
    377      |    975.38    |    -1.05     |      22      |  ✅ Success  
    378      |    781.91    |    -14.91    |      87      |  ✅ Success  
    379      |    866.50    |    -9.65     |      53      |  ✅ Success  
    380      |    967.89    |    -3.19     |      24      |  ✅ Success  
  📊 统计 [Ep 380]: Actor Loss=-391.1462, Critic Loss=901.5728, Alpha=3.1740, TD-error=47.9671, Beta=1.0000
    381      |    949.97    |    -13.67    |      37      |  ✅ Success  
    382      |    901.29    |    -8.11     |      45      |  ✅ Success  
    383      |    220.17    |    -69.87    |     215      |  ✅ Success  
    384      |    951.93    |    -6.98     |      36      |  ✅ Success  
    385      |    972.30    |    -3.43     |      26      |  ✅ Success  
    386      |    963.16    |    -9.78     |      31      |  ✅ Success  
    387      |    979.98    |    -7.20     |      17      |  ✅ Success  
    388      |   -530.50    |    -3.23     |      17      |  ❌ Failure  
    389      |    977.00    |    -1.95     |      23      |  ✅ Success  
    390      |    972.67    |    -2.15     |      23      |  ✅ Success  
  📊 统计 [Ep 390]: Actor Loss=-432.7893, Critic Loss=1048.0963, Alpha=3.3276, TD-error=58.9884, Beta=1.0000
    391      |    967.06    |    -6.12     |      27      |  ✅ Success  
    392      |    971.18    |    -4.00     |      25      |  ✅ Success  
    393      |    210.90    |   -103.34    |     249      |  ✅ Success  
    394      |    967.49    |    -3.16     |      28      |  ✅ Success  
    395      |    891.07    |    -6.82     |      48      |  ✅ Success  
    396      |    947.04    |    -4.37     |      36      |  ✅ Success  
    397      |    971.03    |    -14.49    |      24      |  ✅ Success  
    398      |    959.70    |    -2.07     |      37      |  ✅ Success  
    399      |    834.23    |    -10.10    |      69      |  ✅ Success  
    400      |    971.17    |    -2.73     |      25      |  ✅ Success  
  📊 统计 [Ep 400]: Actor Loss=-459.4225, Critic Loss=882.1941, Alpha=3.4894, TD-error=51.9426, Beta=1.0000
    401      |    946.39    |    -7.09     |      41      |  ✅ Success  
    402      |    962.74    |    -11.31    |      25      |  ✅ Success  
    403      |    976.49    |    -2.48     |      21      |  ✅ Success  
    404      |    971.67    |    -4.06     |      23      |  ✅ Success  
    405      |    930.87    |    -5.02     |      45      |  ✅ Success  
    406      |   -1019.14   |    -46.46    |     146      |  ❌ Failure  
    407      |    782.15    |    -29.10    |      83      |  ✅ Success  
    408      |    878.35    |    -24.81    |      60      |  ✅ Success  
    409      |    252.48    |    -56.95    |     224      |  ✅ Success  
    410      |    962.00    |    -1.56     |      30      |  ✅ Success  
  📊 统计 [Ep 410]: Actor Loss=-477.3492, Critic Loss=1080.8007, Alpha=3.6900, TD-error=55.5872, Beta=1.0000
    411      |    961.70    |    -3.28     |      30      |  ✅ Success  
    412      |    877.77    |    -37.64    |      64      |  ✅ Success  
    413      |    175.19    |   -114.05    |     239      |  ✅ Success  
    414      |    968.84    |    -1.65     |      25      |  ✅ Success  
    415      |    613.97    |    -41.47    |     142      |  ✅ Success  
    416      |    140.01    |    -62.43    |     282      |  ✅ Success  
    417      |    970.49    |    -1.97     |      22      |  ✅ Success  
    418      |    936.34    |    -33.38    |      43      |  ✅ Success  
    419      |    964.00    |    -2.19     |      30      |  ✅ Success  
    420      |    965.97    |    -3.15     |      26      |  ✅ Success  
  📊 统计 [Ep 420]: Actor Loss=-531.4669, Critic Loss=1108.5011, Alpha=3.8154, TD-error=53.4320, Beta=1.0000
    421      |    808.35    |    -16.00    |      82      |  ✅ Success  
    422      |    824.09    |    -34.59    |      85      |  ✅ Success  
    423      |    966.12    |    -3.59     |      29      |  ✅ Success  
    424      |   -517.95    |    -1.52     |      9       |  ❌ Failure  
    425      |    967.03    |    -4.44     |      36      |  ✅ Success  
    426      |    601.84    |    -64.55    |     140      |  ✅ Success  
    427      |    552.46    |    -96.11    |     160      |  ✅ Success  
    428      |    380.99    |    -75.75    |     202      |  ✅ Success  
    429      |   -513.47    |    -0.92     |      7       |  ❌ Failure  
    430      |   -529.29    |    -5.49     |      15      |  ❌ Failure  
  📊 统计 [Ep 430]: Actor Loss=-541.6984, Critic Loss=1150.0701, Alpha=3.9757, TD-error=58.1906, Beta=1.0000
    431      |    928.05    |    -3.02     |      48      |  ✅ Success  
    432      |    758.25    |    -19.25    |      97      |  ✅ Success  
    433      |    903.69    |    -7.16     |      56      |  ✅ Success  
    434      |    962.35    |    -3.79     |      28      |  ✅ Success  
    435      |    905.54    |    -10.47    |      44      |  ✅ Success  
    436      |    847.29    |    -18.08    |      65      |  ✅ Success  
    437      |    938.47    |    -3.27     |      35      |  ✅ Success  
    438      |    956.47    |    -4.11     |      30      |  ✅ Success  
    439      |    970.84    |    -2.28     |      22      |  ✅ Success  
    440      |   -519.27    |    -1.37     |      10      |  ❌ Failure  
  📊 统计 [Ep 440]: Actor Loss=-545.2747, Critic Loss=1050.0300, Alpha=4.1546, TD-error=52.9032, Beta=1.0000
    441      |   -511.89    |    -0.48     |      7       |  ❌ Failure  
    442      |   -513.33    |    -0.85     |      8       |  ❌ Failure  
    443      |    944.93    |    -5.67     |      36      |  ✅ Success  
    444      |    899.16    |    -17.97    |      61      |  ✅ Success  
    445      |    975.35    |    -1.00     |      19      |  ✅ Success  
    446      |    400.50    |    -87.09    |     209      |  ✅ Success  
    447      |   -652.46    |    -17.26    |      57      |  ❌ Failure  
    448      |    974.91    |    -1.66     |      22      |  ✅ Success  
    449      |    961.58    |    -6.51     |      29      |  ✅ Success  
    450      |    977.51    |    -2.28     |      20      |  ✅ Success  
  📊 统计 [Ep 450]: Actor Loss=-529.5864, Critic Loss=1121.2688, Alpha=4.1579, TD-error=55.1119, Beta=1.0000
    451      |    966.12    |    -4.78     |      30      |  ✅ Success  
    452      |   -514.33    |    -1.10     |      8       |  ❌ Failure  
    453      |    838.84    |    -29.73    |      60      |  ✅ Success  
    454      |   -512.76    |    -0.94     |      6       |  ❌ Failure  
    455      |    945.56    |    -4.28     |      35      |  ✅ Success  
    456      |    828.31    |    -27.43    |      98      |  ✅ Success  
    457      |    924.61    |    -12.73    |      52      |  ✅ Success  
    458      |    840.15    |    -9.93     |      66      |  ✅ Success  
    459      |    966.87    |    -5.83     |      23      |  ✅ Success  
    460      |    957.35    |    -4.33     |      30      |  ✅ Success  
  📊 统计 [Ep 460]: Actor Loss=-570.3035, Critic Loss=1023.5704, Alpha=4.2796, TD-error=55.6071, Beta=1.0000
    461      |    957.29    |    -12.24    |      33      |  ✅ Success  
    462      |   -513.82    |    -0.77     |      8       |  ❌ Failure  
    463      |   -516.29    |    -1.49     |      8       |  ❌ Failure  
    464      |    954.96    |    -3.38     |      31      |  ✅ Success  
    465      |   -513.91    |    -1.03     |      8       |  ❌ Failure  
    466      |    978.84    |    -2.12     |      20      |  ✅ Success  
    467      |    976.08    |    -4.95     |      21      |  ✅ Success  
    468      |    966.93    |    -4.00     |      25      |  ✅ Success  
    469      |    913.04    |    -9.45     |      57      |  ✅ Success  
    470      |    966.23    |    -3.86     |      30      |  ✅ Success  
  📊 统计 [Ep 470]: Actor Loss=-578.2245, Critic Loss=1133.4664, Alpha=4.3056, TD-error=57.6711, Beta=1.0000
    471      |    930.97    |    -7.16     |      43      |  ✅ Success  
    472      |    955.71    |    -6.17     |      36      |  ✅ Success  
    473      |    957.62    |    -2.84     |      34      |  ✅ Success  
    474      |    941.94    |    -7.35     |      43      |  ✅ Success  
    475      |    887.69    |    -14.00    |      55      |  ✅ Success  
    476      |    967.96    |    -5.58     |      29      |  ✅ Success  
    477      |   -507.95    |    -0.36     |      5       |  ❌ Failure  
    478      |    630.91    |    -56.49    |     124      |  ✅ Success  
    479      |    737.13    |    -29.81    |      99      |  ✅ Success  
    480      |    901.53    |    -9.39     |      64      |  ✅ Success  
  📊 统计 [Ep 480]: Actor Loss=-601.2937, Critic Loss=1212.3633, Alpha=4.5688, TD-error=59.0112, Beta=1.0000
    481      |   -512.27    |    -1.23     |      7       |  ❌ Failure  
    482      |   -525.16    |    -1.48     |      14      |  ❌ Failure  
    483      |   -515.09    |    -1.09     |      9       |  ❌ Failure  
    484      |   -520.24    |    -2.43     |      11      |  ❌ Failure  
    485      |    978.64    |    -2.25     |      20      |  ✅ Success  
    486      |    923.00    |    -9.67     |      47      |  ✅ Success  
    487      |    954.08    |    -6.98     |      30      |  ✅ Success  
    488      |    907.64    |    -23.48    |      53      |  ✅ Success  
    489      |   -700.18    |    -22.62    |      60      |  ❌ Failure  
    490      |    962.85    |    -4.80     |      30      |  ✅ Success  
  📊 统计 [Ep 490]: Actor Loss=-603.1244, Critic Loss=1214.3250, Alpha=4.6114, TD-error=54.7289, Beta=1.0000
    491      |    939.94    |    -4.84     |      36      |  ✅ Success  
    492      |    968.12    |    -7.59     |      25      |  ✅ Success  
    493      |    965.49    |    -11.27    |      31      |  ✅ Success  
    494      |    952.22    |    -3.67     |      34      |  ✅ Success  
    495      |    963.78    |    -3.63     |      29      |  ✅ Success  
    496      |    973.07    |    -1.86     |      24      |  ✅ Success  
    497      |    957.60    |    -5.31     |      31      |  ✅ Success  
    498      |    913.98    |    -8.68     |      42      |  ✅ Success  
    499      |    929.38    |    -9.84     |      47      |  ✅ Success  
✅ 训练数据已保存: /home/zhangpeng/UAV_PATH_PLANNING/runs/exp_baseline_20251029_135846/training_data.pkl
✅ 总奖励曲线已保存: /home/zhangpeng/UAV_PATH_PLANNING/runs/exp_baseline_20251029_135846/plots/total_reward.png
✅ Leader奖励曲线已保存: /home/zhangpeng/UAV_PATH_PLANNING/runs/exp_baseline_20251029_135846/plots/leader_reward.png
✅ Follower奖励曲线已保存: /home/zhangpeng/UAV_PATH_PLANNING/runs/exp_baseline_20251029_135846/plots/follower_reward.png
