
============================================================
🎓 开始训练
============================================================
  Leader × 1 | Follower × 3 | Episodes: 500
  配置已保存: /home/zhangpeng/UAV_PATH_PLANNING/output/baseline/3follower/config.yaml
  日志已保存: /home/zhangpeng/UAV_PATH_PLANNING/output/baseline/3follower/training_20251025_160828.log
============================================================

Episode   0, Steps:   62, Total: -333.11, Leader:  522.82, [F0: -138.30, F1: -617.61, F2: -100.02] - ✓ success
Episode   1, Steps:   63, Total: -1708.04, Leader: -863.27, [F0: -212.92, F1: -383.15, F2: -248.69] - ✗ failure
Episode   2, Steps:  212, Total: -3395.88, Leader:   84.11, [F0: -1446.66, F1: -1571.25, F2: -462.07] - ✓ success
Episode   3, Steps: 1000, Total: -22898.46, Leader: -6252.24, [F0: -6587.25, F1: -5219.52, F2: -4839.45] - ⏱ timeout
Episode   4, Steps:  168, Total: -3463.37, Leader: -1736.91, [F0: -728.31, F1: -458.20, F2: -539.95] - ✗ failure
Episode   5, Steps: 1000, Total: -25962.29, Leader: -7217.82, [F0: -8292.13, F1: -6161.98, F2: -4290.36] - ⏱ timeout
Episode   6, Steps:   94, Total: -2914.75, Leader: -1397.94, [F0: -627.41, F1: -602.01, F2: -287.39] - ✗ failure
Episode   7, Steps: 1000, Total: -24228.01, Leader: -9198.20, [F0: -8632.98, F1: -3148.02, F2: -3248.81] - ⏱ timeout
Episode   8, Steps:  643, Total: -10478.55, Leader: -5378.59, [F0: -1444.93, F1: -1932.48, F2: -1722.55] - ✗ failure
Episode   9, Steps: 1000, Total: -21297.87, Leader: -11026.16, [F0: -2879.65, F1: -2498.05, F2: -4894.01] - ⏱ timeout
Episode  10, Steps: 1000, Total: -21555.52, Leader: -15713.71, [F0: -2121.89, F1: -1788.45, F2: -1931.47] - ⏱ timeout
Episode  11, Steps: 1000, Total: -26067.64, Leader: -15392.36, [F0: -2131.67, F1: -4658.49, F2: -3885.12] - ⏱ timeout
Episode  12, Steps: 1000, Total: -25046.92, Leader: -14760.85, [F0: -2258.69, F1: -2405.96, F2: -5621.42] - ⏱ timeout
Episode  13, Steps:   99, Total: -488.22, Leader:  226.91, [F0: -123.11, F1: -265.58, F2: -326.44] - ✓ success
Episode  14, Steps:  410, Total: -7388.94, Leader: -3938.31, [F0: -1168.58, F1: -1407.58, F2: -874.47] - ✓ success
Episode  15, Steps: 1000, Total: -19575.09, Leader: -12345.89, [F0: -2054.67, F1: -3161.86, F2: -2012.68] - ⏱ timeout
Episode  16, Steps:    5, Total: -532.46, Leader: -521.31, [F0: -4.10, F1: -3.94, F2: -3.11] - ✗ failure
Episode  17, Steps:  702, Total: -7933.48, Leader: -4746.12, [F0: -873.50, F1: -1000.76, F2: -1313.09] - ✗ failure
Episode  18, Steps: 1000, Total: -13553.96, Leader: -8320.34, [F0: -1656.18, F1: -1599.83, F2: -1977.61] - ⏱ timeout
Episode  19, Steps:  607, Total: -7771.01, Leader: -4719.91, [F0: -915.14, F1: -1078.95, F2: -1057.01] - ✓ success
Episode  20, Steps:    6, Total: -538.31, Leader: -526.75, [F0: -4.69, F1: -2.07, F2: -4.79] - ✗ failure
Episode  21, Steps: 1000, Total: -14668.14, Leader: -8382.28, [F0: -1613.32, F1: -2205.58, F2: -2466.96] - ⏱ timeout
Episode  22, Steps: 1000, Total: -11887.54, Leader: -7192.23, [F0: -2007.78, F1: -1259.23, F2: -1428.31] - ⏱ timeout
Episode  23, Steps: 1000, Total: -14503.97, Leader: -10600.55, [F0: -1398.57, F1: -1408.60, F2: -1096.25] - ⏱ timeout
Episode  24, Steps: 1000, Total: -15984.43, Leader: -11209.14, [F0: -1731.49, F1: -1800.52, F2: -1243.29] - ⏱ timeout
Episode  25, Steps: 1000, Total: -20870.65, Leader: -15851.58, [F0: -1618.07, F1: -1852.60, F2: -1548.40] - ⏱ timeout
Episode  26, Steps:   15, Total: -611.94, Leader: -561.58, [F0: -13.13, F1: -26.23, F2: -11.00] - ✗ failure
Episode  27, Steps: 1000, Total: -21471.62, Leader: -15084.83, [F0: -2025.33, F1: -2427.06, F2: -1934.40] - ⏱ timeout
Episode  28, Steps:   47, Total:  749.31, Leader:  853.69, [F0: -35.87, F1: -31.34, F2: -37.17] - ✓ success
Episode  29, Steps: 1000, Total: -21060.04, Leader: -14401.93, [F0: -2356.52, F1: -2238.96, F2: -2062.63] - ⏱ timeout
Episode  30, Steps: 1000, Total: -19556.94, Leader: -13144.05, [F0: -1649.43, F1: -2561.89, F2: -2201.57] - ⏱ timeout
Episode  31, Steps: 1000, Total: -12788.20, Leader: -7921.00, [F0: -1212.55, F1: -1531.12, F2: -2123.52] - ⏱ timeout
Episode  32, Steps: 1000, Total: -18698.21, Leader: -12559.44, [F0: -2001.36, F1: -2640.03, F2: -1497.39] - ⏱ timeout
Episode  33, Steps:    7, Total: -547.18, Leader: -530.87, [F0: -6.01, F1: -6.11, F2: -4.19] - ✗ failure
Episode  34, Steps:    8, Total: -539.83, Leader: -529.28, [F0: -1.77, F1: -4.65, F2: -4.13] - ✗ failure
Episode  35, Steps: 1000, Total: -13353.18, Leader: -8966.38, [F0: -1169.24, F1: -895.99, F2: -2321.57] - ⏱ timeout
Episode  36, Steps: 1000, Total: -6003.51, Leader: -3358.08, [F0: -550.47, F1: -621.74, F2: -1473.23] - ⏱ timeout
Episode  37, Steps: 1000, Total: -7714.92, Leader: -3431.01, [F0: -1072.45, F1: -1010.58, F2: -2200.88] - ⏱ timeout
Episode  38, Steps:   97, Total:  235.84, Leader:  578.04, [F0: -104.04, F1: -82.49, F2: -155.67] - ✓ success
Episode  39, Steps:  321, Total: -4171.73, Leader: -3341.29, [F0: -312.69, F1: -231.97, F2: -285.78] - ✗ failure
Episode  40, Steps:  239, Total: -2980.86, Leader: -1464.13, [F0: -311.92, F1: -505.32, F2: -699.49] - ✓ success
Episode  41, Steps:   82, Total: -1009.63, Leader: -769.80, [F0: -63.40, F1: -54.66, F2: -121.77] - ✗ failure
Episode  42, Steps:  120, Total: -875.18, Leader: -173.79, [F0: -205.37, F1: -171.88, F2: -324.14] - ✓ success
Episode  43, Steps:  922, Total: -8226.82, Leader: -4087.15, [F0: -887.01, F1: -1661.71, F2: -1590.95] - ✓ success
Episode  44, Steps: 1000, Total: -14809.39, Leader: -10447.40, [F0: -1280.08, F1: -1295.17, F2: -1786.74] - ⏱ timeout
Episode  45, Steps: 1000, Total: -10888.42, Leader: -5671.28, [F0: -1188.08, F1: -2076.73, F2: -1952.33] - ⏱ timeout
Episode  46, Steps:  471, Total: -3349.42, Leader: -2411.39, [F0: -322.99, F1: -290.04, F2: -324.99] - ✗ failure
Episode  47, Steps: 1000, Total: -13942.31, Leader: -7933.33, [F0: -1458.65, F1: -1821.26, F2: -2729.07] - ⏱ timeout
Episode  48, Steps:  909, Total: -7915.10, Leader: -4237.22, [F0: -858.41, F1: -1271.76, F2: -1547.71] - ✗ failure
Episode  49, Steps:  192, Total: -1416.16, Leader: -1025.67, [F0: -90.31, F1: -82.92, F2: -217.26] - ✗ failure
Episode  50, Steps:   35, Total:  846.73, Leader:  898.06, [F0: -20.34, F1: -14.40, F2: -16.59] - ✓ success
Episode  51, Steps:   50, Total:  717.85, Leader:  830.76, [F0: -23.11, F1: -33.11, F2: -56.69] - ✓ success
Episode  52, Steps:   40, Total:  772.27, Leader:  863.10, [F0: -21.33, F1: -45.06, F2: -24.44] - ✓ success
Episode  53, Steps:  407, Total: -1311.11, Leader: -400.34, [F0: -219.01, F1: -252.50, F2: -439.26] - ✓ success
Episode  54, Steps: 1000, Total: -15781.28, Leader: -11144.16, [F0: -1016.01, F1: -1686.82, F2: -1934.29] - ⏱ timeout
Episode  55, Steps: 1000, Total: -16904.95, Leader: -12544.86, [F0: -973.80, F1: -1800.01, F2: -1586.27] - ⏱ timeout
Episode  56, Steps:   27, Total:  918.62, Leader:  936.99, [F0: -8.10, F1: -10.21, F2: -0.06] - ✓ success
Episode  57, Steps: 1000, Total: -13586.98, Leader: -8776.54, [F0: -1637.45, F1: -1280.09, F2: -1892.89] - ⏱ timeout
Episode  58, Steps:  384, Total: -2218.08, Leader: -918.79, [F0: -382.52, F1: -326.06, F2: -590.71] - ✓ success
Episode  59, Steps:   39, Total:  802.46, Leader:  898.03, [F0: -7.38, F1: -29.42, F2: -58.77] - ✓ success
Episode  60, Steps:   71, Total:  698.19, Leader:  841.74, [F0: -31.26, F1: -30.60, F2: -81.69] - ✓ success
Episode  61, Steps:   37, Total:  883.20, Leader:  925.37, [F0: 6.27, F1: -15.65, F2: -32.78] - ✓ success
Episode  62, Steps:   33, Total:  830.99, Leader:  907.65, [F0: -23.13, F1: -17.05, F2: -36.47] - ✓ success
Episode  63, Steps: 1000, Total: -9185.42, Leader: -6061.08, [F0: -987.53, F1: -890.43, F2: -1246.38] - ⏱ timeout
Episode  64, Steps:    7, Total: -540.55, Leader: -527.14, [F0: -1.36, F1: -6.31, F2: -5.74] - ✗ failure
Episode  65, Steps:   36, Total:  822.42, Leader:  910.15, [F0: -13.28, F1: -17.45, F2: -56.99] - ✓ success
Episode  66, Steps:  122, Total:  389.58, Leader:  632.39, [F0: -40.91, F1: -52.08, F2: -149.82] - ✓ success
Episode  67, Steps:  114, Total:  398.47, Leader:  633.93, [F0: -49.44, F1: -66.33, F2: -119.69] - ✓ success
Episode  68, Steps:   33, Total:  816.11, Leader:  895.70, [F0: -17.36, F1: -33.34, F2: -28.89] - ✓ success
Episode  69, Steps:   45, Total:  681.36, Leader:  819.40, [F0: -49.87, F1: -34.41, F2: -53.77] - ✓ success
Episode  70, Steps:   42, Total:  862.03, Leader:  914.01, [F0: -7.26, F1: -7.50, F2: -37.22] - ✓ success
Episode  71, Steps:   55, Total:  682.11, Leader:  855.52, [F0: -67.63, F1: -38.01, F2: -67.75] - ✓ success
Episode  72, Steps:  593, Total: -8127.34, Leader: -5743.17, [F0: -836.75, F1: -478.63, F2: -1068.79] - ✓ success
Episode  73, Steps:   32, Total:  836.52, Leader:  904.59, [F0: -10.08, F1: -15.79, F2: -42.19] - ✓ success
Episode  74, Steps:   24, Total:  906.53, Leader:  939.59, [F0: -10.43, F1: -9.05, F2: -13.60] - ✓ success
Episode  75, Steps:   39, Total:  779.05, Leader:  886.10, [F0: -40.41, F1: -27.30, F2: -39.35] - ✓ success
Episode  76, Steps:   28, Total:  914.71, Leader:  930.43, [F0: -8.26, F1: -13.87, F2: 6.41] - ✓ success
Episode  77, Steps:  105, Total:  344.24, Leader:  550.76, [F0: -70.21, F1: -59.02, F2: -77.29] - ✓ success
Episode  78, Steps:   24, Total:  905.38, Leader:  938.29, [F0: -11.52, F1: -9.90, F2: -11.48] - ✓ success
Episode  79, Steps:   36, Total: -762.84, Leader: -649.39, [F0: -53.74, F1: -39.86, F2: -19.86] - ✗ failure
Episode  80, Steps:  139, Total: -124.55, Leader:  290.08, [F0: -99.41, F1: -96.06, F2: -219.16] - ✓ success
Episode  81, Steps:   93, Total:  -11.05, Leader:  276.99, [F0: -105.73, F1: -65.46, F2: -116.85] - ✓ success
Episode  82, Steps:    6, Total: -537.67, Leader: -525.38, [F0: -3.28, F1: -4.32, F2: -4.69] - ✗ failure
Episode  83, Steps:   47, Total:  715.60, Leader:  831.57, [F0: -33.48, F1: -46.16, F2: -36.33] - ✓ success
Episode  84, Steps:   56, Total:  804.64, Leader:  871.70, [F0: -15.87, F1: -26.71, F2: -24.48] - ✓ success
Episode  85, Steps:   27, Total:  893.31, Leader:  940.30, [F0: 5.55, F1: 1.73, F2: -54.27] - ✓ success
Episode  86, Steps:   74, Total:  514.62, Leader:  689.50, [F0: -46.71, F1: -69.55, F2: -58.62] - ✓ success
Episode  87, Steps:   66, Total:  646.99, Leader:  743.85, [F0: -38.66, F1: -28.59, F2: -29.62] - ✓ success
Episode  88, Steps:  144, Total:  -40.62, Leader:  270.65, [F0: -93.82, F1: -103.61, F2: -113.84] - ✓ success
Episode  89, Steps:   45, Total:  640.81, Leader:  798.58, [F0: -16.90, F1: -107.89, F2: -32.97] - ✓ success
Episode  90, Steps:   20, Total:  925.36, Leader:  951.04, [F0: -9.71, F1: -2.44, F2: -13.53] - ✓ success
Episode  91, Steps:  353, Total: -868.47, Leader:  -31.74, [F0: -179.95, F1: -170.48, F2: -486.31] - ✓ success
Episode  92, Steps:   25, Total:  901.85, Leader:  935.65, [F0: -8.01, F1: -11.74, F2: -14.05] - ✓ success
Episode  93, Steps:   20, Total:  923.56, Leader:  950.54, [F0: -4.64, F1: -12.69, F2: -9.64] - ✓ success
Episode  94, Steps:   38, Total:  796.71, Leader:  873.81, [F0: -14.15, F1: -24.02, F2: -38.93] - ✓ success
Episode  95, Steps:   38, Total:  773.69, Leader:  884.03, [F0: -50.74, F1: -21.87, F2: -37.74] - ✓ success
Episode  96, Steps:    8, Total: -542.32, Leader: -531.11, [F0: -2.10, F1: -5.19, F2: -3.92] - ✗ failure
Episode  97, Steps:  146, Total:  242.90, Leader:  527.04, [F0: -67.80, F1: -69.08, F2: -147.26] - ✓ success
Episode  98, Steps:   27, Total:  860.82, Leader:  925.90, [F0: -28.68, F1: -15.51, F2: -20.89] - ✓ success
Episode  99, Steps:   31, Total:  870.70, Leader:  925.50, [F0: -5.57, F1: -21.18, F2: -28.04] - ✓ success
Episode 100, Steps:   30, Total:  887.47, Leader:  934.45, [F0: -2.82, F1: -17.76, F2: -26.39] - ✓ success
Episode 101, Steps:   30, Total:  848.20, Leader:  911.56, [F0: -22.99, F1: -7.01, F2: -33.36] - ✓ success
Episode 102, Steps:   98, Total:  498.40, Leader:  677.59, [F0: -27.14, F1: -46.16, F2: -105.89] - ✓ success
Episode 103, Steps:  273, Total: -521.59, Leader:  145.97, [F0: -137.69, F1: -151.55, F2: -378.31] - ✓ success
Episode 104, Steps:   27, Total:  900.91, Leader:  932.81, [F0: -15.45, F1: -2.79, F2: -13.67] - ✓ success
Episode 105, Steps:   31, Total:  861.13, Leader:  904.25, [F0: -19.58, F1: -8.07, F2: -15.47] - ✓ success
Episode 106, Steps:   57, Total:  715.79, Leader:  817.39, [F0: -29.99, F1: -24.28, F2: -47.33] - ✓ success
Episode 107, Steps:   25, Total:  908.10, Leader:  946.21, [F0: 2.70, F1: -3.20, F2: -37.60] - ✓ success
Episode 108, Steps:   23, Total:  913.26, Leader:  942.74, [F0: -9.78, F1: -10.10, F2: -9.60] - ✓ success
Episode 109, Steps:   20, Total:  950.89, Leader:  960.35, [F0: 0.96, F1: -8.01, F2: -2.41] - ✓ success
Episode 110, Steps:   18, Total:  920.92, Leader:  957.33, [F0: -8.24, F1: -11.20, F2: -16.97] - ✓ success
Episode 111, Steps:   18, Total:  947.17, Leader:  962.53, [F0: -8.99, F1: 1.23, F2: -7.61] - ✓ success
Episode 112, Steps:   71, Total:  676.01, Leader:  839.38, [F0: -46.96, F1: -44.97, F2: -71.44] - ✓ success
Episode 113, Steps:   38, Total:  864.54, Leader:  914.62, [F0: -20.80, F1: -13.99, F2: -15.29] - ✓ success
Episode 114, Steps:   49, Total:  851.30, Leader:  923.96, [F0: -21.37, F1: -14.78, F2: -36.51] - ✓ success
Episode 115, Steps:   43, Total:  800.61, Leader:  875.38, [F0: -13.83, F1: -19.68, F2: -41.25] - ✓ success
Episode 116, Steps:   27, Total:  846.46, Leader:  927.37, [F0: -16.16, F1: -10.99, F2: -53.76] - ✓ success
Episode 117, Steps:   22, Total:  936.59, Leader:  950.70, [F0: -2.06, F1: -9.79, F2: -2.26] - ✓ success
Episode 118, Steps:   70, Total:  719.06, Leader:  868.29, [F0: -22.41, F1: -16.14, F2: -110.68] - ✓ success
Episode 119, Steps:   48, Total:  681.45, Leader:  783.27, [F0: -34.18, F1: -31.32, F2: -36.32] - ✓ success
Episode 120, Steps:   43, Total:  816.40, Leader:  892.43, [F0: -17.60, F1: -3.06, F2: -55.37] - ✓ success
Episode 121, Steps:   20, Total:  966.40, Leader:  961.10, [F0: -2.73, F1: 11.24, F2: -3.22] - ✓ success
Episode 122, Steps:   32, Total:  925.50, Leader:  926.39, [F0: 1.59, F1: 0.53, F2: -3.01] - ✓ success
Episode 123, Steps:   56, Total:  701.87, Leader:  817.14, [F0: -29.52, F1: -24.77, F2: -60.97] - ✓ success
Episode 124, Steps:   65, Total:  670.52, Leader:  820.28, [F0: -37.53, F1: -39.29, F2: -72.95] - ✓ success
Episode 125, Steps:   56, Total:  794.63, Leader:  873.27, [F0: 0.00, F1: -21.29, F2: -57.35] - ✓ success
Episode 126, Steps:   27, Total:  962.52, Leader:  949.27, [F0: 4.96, F1: -1.32, F2: 9.61] - ✓ success
Episode 127, Steps:   26, Total:  893.71, Leader:  930.98, [F0: -16.54, F1: -11.48, F2: -9.25] - ✓ success
Episode 128, Steps:   49, Total:  796.09, Leader:  904.56, [F0: -27.97, F1: -20.77, F2: -59.73] - ✓ success
Episode 129, Steps:   34, Total:  877.96, Leader:  929.52, [F0: -11.69, F1: -19.79, F2: -20.08] - ✓ success
Episode 130, Steps:   20, Total:  934.15, Leader:  956.66, [F0: 0.12, F1: -11.35, F2: -11.28] - ✓ success
Episode 131, Steps:   42, Total:  796.32, Leader:  888.58, [F0: -15.75, F1: -31.29, F2: -45.22] - ✓ success
Episode 132, Steps:   13, Total: -589.57, Leader: -555.85, [F0: -2.10, F1: -5.68, F2: -25.95] - ✗ failure
Episode 133, Steps:   42, Total:  794.74, Leader:  871.56, [F0: -22.78, F1: -23.92, F2: -30.12] - ✓ success
Episode 134, Steps:  118, Total:  333.97, Leader:  601.45, [F0: -76.55, F1: -52.17, F2: -138.75] - ✓ success
Episode 135, Steps:   31, Total:  918.45, Leader:  924.69, [F0: 18.42, F1: -2.66, F2: -21.99] - ✓ success
Episode 136, Steps:   58, Total:  782.20, Leader:  868.35, [F0: -22.59, F1: -17.45, F2: -46.11] - ✓ success
Episode 137, Steps:    6, Total: -542.22, Leader: -530.93, [F0: -3.96, F1: -4.03, F2: -3.30] - ✗ failure
Episode 138, Steps:   70, Total:  634.19, Leader:  799.16, [F0: -45.45, F1: -50.76, F2: -68.75] - ✓ success
Episode 139, Steps:   37, Total:  730.04, Leader:  877.95, [F0: -114.75, F1: -19.69, F2: -13.46] - ✓ success
Episode 140, Steps:   20, Total:  892.08, Leader:  952.66, [F0: -38.69, F1: -8.33, F2: -13.56] - ✓ success
Episode 141, Steps:   42, Total:  784.64, Leader:  869.09, [F0: -25.95, F1: -30.42, F2: -28.09] - ✓ success
Episode 142, Steps:    7, Total: -550.44, Leader: -533.01, [F0: -4.80, F1: -6.84, F2: -5.79] - ✗ failure
Episode 143, Steps:   11, Total: -572.45, Leader: -542.91, [F0: 0.90, F1: -7.71, F2: -22.73] - ✗ failure
Episode 144, Steps:   90, Total:  612.89, Leader:  756.48, [F0: -41.01, F1: -55.64, F2: -46.94] - ✓ success
Episode 145, Steps:   23, Total:  929.37, Leader:  945.51, [F0: -0.88, F1: -0.65, F2: -14.61] - ✓ success
Episode 146, Steps:   51, Total:  766.93, Leader:  889.15, [F0: -45.47, F1: -28.36, F2: -48.39] - ✓ success
Episode 147, Steps:   60, Total:  713.29, Leader:  837.21, [F0: -30.78, F1: -22.77, F2: -70.37] - ✓ success
Episode 148, Steps:   12, Total: -578.23, Leader: -540.67, [F0: -6.11, F1: -4.78, F2: -26.67] - ✗ failure
Episode 149, Steps:   45, Total:  739.41, Leader:  833.85, [F0: -12.02, F1: -44.23, F2: -38.19] - ✓ success
Episode 150, Steps:   34, Total:  869.81, Leader:  914.21, [F0: -8.99, F1: -23.00, F2: -12.40] - ✓ success
Episode 151, Steps:   40, Total:  735.82, Leader:  843.96, [F0: -49.35, F1: -8.99, F2: -49.81] - ✓ success
Episode 152, Steps:   22, Total:  919.78, Leader:  945.35, [F0: -5.98, F1: 2.63, F2: -22.22] - ✓ success
Episode 153, Steps:   20, Total:  905.88, Leader:  951.94, [F0: -29.18, F1: -5.00, F2: -11.89] - ✓ success
Episode 154, Steps:   38, Total:  845.56, Leader:  893.25, [F0: -12.52, F1: -8.51, F2: -26.66] - ✓ success
Episode 155, Steps:  276, Total: -476.40, Leader:  -39.49, [F0: -166.04, F1: -100.52, F2: -170.35] - ✓ success
Episode 156, Steps:  121, Total:  546.65, Leader:  768.78, [F0: -71.23, F1: -31.91, F2: -118.99] - ✓ success
Episode 157, Steps:   21, Total:  918.64, Leader:  950.44, [F0: -2.87, F1: -11.47, F2: -17.47] - ✓ success
Episode 158, Steps:   54, Total:  731.11, Leader:  856.39, [F0: -29.28, F1: -32.85, F2: -63.15] - ✓ success
Episode 159, Steps:   25, Total:  940.00, Leader:  951.24, [F0: 2.84, F1: -7.31, F2: -6.77] - ✓ success
Episode 160, Steps:   44, Total:  817.36, Leader:  872.78, [F0: -15.29, F1: -15.16, F2: -24.98] - ✓ success
Episode 161, Steps:   98, Total:  417.23, Leader:  671.62, [F0: -49.26, F1: -89.93, F2: -115.21] - ✓ success
Episode 162, Steps:   24, Total:  925.33, Leader:  941.61, [F0: -7.67, F1: -11.02, F2: 2.41] - ✓ success
Episode 163, Steps:   74, Total:  686.90, Leader:  788.25, [F0: -43.48, F1: -29.45, F2: -28.43] - ✓ success
Episode 164, Steps:   36, Total:  833.19, Leader:  891.75, [F0: -20.92, F1: -19.51, F2: -18.13] - ✓ success
Episode 165, Steps:   25, Total:  899.83, Leader:  931.13, [F0: -15.33, F1: -5.50, F2: -10.47] - ✓ success
Episode 166, Steps:   83, Total:  524.99, Leader:  703.57, [F0: -43.32, F1: -60.69, F2: -74.57] - ✓ success
Episode 167, Steps:   53, Total:  809.06, Leader:  883.22, [F0: -16.70, F1: -30.84, F2: -26.61] - ✓ success
Episode 168, Steps:   50, Total:  808.46, Leader:  881.61, [F0: -14.52, F1: -23.29, F2: -35.34] - ✓ success
Episode 169, Steps:   33, Total:  908.01, Leader:  931.81, [F0: 5.57, F1: -7.63, F2: -21.74] - ✓ success
Episode 170, Steps:   30, Total:  871.43, Leader:  911.14, [F0: -14.27, F1: -14.94, F2: -10.50] - ✓ success
Episode 171, Steps:   30, Total:  856.42, Leader:  923.22, [F0: -15.39, F1: -13.14, F2: -38.27] - ✓ success
Episode 172, Steps:   89, Total:  445.70, Leader:  609.96, [F0: -46.21, F1: -57.96, F2: -60.10] - ✓ success
Episode 173, Steps:   48, Total:  760.57, Leader:  846.22, [F0: -25.61, F1: -12.46, F2: -47.58] - ✓ success
Episode 174, Steps:   24, Total:  916.69, Leader:  947.68, [F0: -22.15, F1: -4.50, F2: -4.34] - ✓ success
Episode 175, Steps:    6, Total: -533.90, Leader: -523.72, [F0: -4.12, F1: -2.88, F2: -3.19] - ✗ failure
Episode 176, Steps:   50, Total:  823.86, Leader:  899.45, [F0: -23.73, F1: -18.05, F2: -33.81] - ✓ success
Episode 177, Steps:   23, Total:  919.90, Leader:  940.57, [F0: -9.87, F1: -8.40, F2: -2.39] - ✓ success
Episode 178, Steps:   55, Total:  712.57, Leader:  836.98, [F0: -32.41, F1: -31.79, F2: -60.20] - ✓ success
Episode 179, Steps:   43, Total:  759.01, Leader:  874.57, [F0: -20.18, F1: -25.94, F2: -69.44] - ✓ success
Episode 180, Steps:   41, Total:  787.16, Leader:  886.52, [F0: -26.34, F1: -21.13, F2: -51.89] - ✓ success
Episode 181, Steps:   43, Total:  822.09, Leader:  888.15, [F0: -9.44, F1: -28.21, F2: -28.42] - ✓ success
Episode 182, Steps:   34, Total:  822.42, Leader:  907.26, [F0: -21.69, F1: -9.02, F2: -54.13] - ✓ success
Episode 183, Steps:   37, Total:  828.89, Leader:  896.05, [F0: 1.11, F1: -25.17, F2: -43.09] - ✓ success
Episode 184, Steps:   27, Total:  912.68, Leader:  929.53, [F0: -6.35, F1: -17.19, F2: 6.70] - ✓ success
Episode 185, Steps:   26, Total:  918.77, Leader:  933.44, [F0: 8.56, F1: -6.33, F2: -16.91] - ✓ success
Episode 186, Steps:   37, Total:  871.73, Leader:  907.25, [F0: -18.48, F1: -7.72, F2: -9.33] - ✓ success
Episode 187, Steps:    4, Total: -529.52, Leader: -520.06, [F0: -3.08, F1: -2.80, F2: -3.58] - ✗ failure
Episode 188, Steps:   56, Total:  680.16, Leader:  812.79, [F0: -59.80, F1: -33.14, F2: -39.68] - ✓ success
Episode 189, Steps:   64, Total:  623.11, Leader:  794.88, [F0: -48.28, F1: -28.40, F2: -95.09] - ✓ success
Episode 190, Steps:   36, Total:  866.84, Leader:  921.51, [F0: -16.28, F1: -9.13, F2: -29.26] - ✓ success
Episode 191, Steps:   23, Total:  911.51, Leader:  940.58, [F0: -15.71, F1: -8.17, F2: -5.20] - ✓ success
Episode 192, Steps:   36, Total:  816.93, Leader:  883.94, [F0: -10.63, F1: -20.12, F2: -36.25] - ✓ success
Episode 193, Steps:   32, Total:  905.07, Leader:  940.92, [F0: -0.17, F1: -17.62, F2: -18.06] - ✓ success
Episode 194, Steps:   26, Total:  915.38, Leader:  937.70, [F0: -8.40, F1: -14.41, F2: 0.49] - ✓ success
Episode 195, Steps:   23, Total:  868.50, Leader:  930.92, [F0: -21.40, F1: -21.38, F2: -19.64] - ✓ success
Episode 196, Steps:   24, Total:  925.84, Leader:  945.68, [F0: -9.46, F1: -7.89, F2: -2.48] - ✓ success
Episode 197, Steps:   46, Total:  731.49, Leader:  864.56, [F0: -38.14, F1: -28.44, F2: -66.49] - ✓ success
Episode 198, Steps:   33, Total:  873.00, Leader:  906.13, [F0: -17.33, F1: 0.35, F2: -16.14] - ✓ success
Episode 199, Steps:   25, Total:  919.20, Leader:  936.25, [F0: -2.73, F1: -0.24, F2: -14.08] - ✓ success
Episode 200, Steps:   41, Total:  807.85, Leader:  878.29, [F0: -16.28, F1: -26.74, F2: -27.42] - ✓ success
Episode 201, Steps:   36, Total:  849.50, Leader:  910.29, [F0: -17.18, F1: -1.34, F2: -42.27] - ✓ success
Episode 202, Steps:   31, Total:  912.30, Leader:  941.74, [F0: -16.29, F1: -2.36, F2: -10.79] - ✓ success
Episode 203, Steps:   43, Total:  792.37, Leader:  864.73, [F0: -12.02, F1: -19.20, F2: -41.14] - ✓ success
Episode 204, Steps:   37, Total:  840.88, Leader:  900.63, [F0: -9.46, F1: -11.10, F2: -39.19] - ✓ success
Episode 205, Steps:   31, Total:  926.70, Leader:  937.26, [F0: 1.26, F1: 0.57, F2: -12.39] - ✓ success
Episode 206, Steps:   30, Total:  864.97, Leader:  912.25, [F0: -5.04, F1: -16.95, F2: -25.30] - ✓ success
Episode 207, Steps:   37, Total:  835.86, Leader:  890.19, [F0: 3.13, F1: -21.85, F2: -35.61] - ✓ success
Episode 208, Steps:   21, Total:  961.85, Leader:  959.28, [F0: 4.04, F1: -4.27, F2: 2.80] - ✓ success
Episode 209, Steps:   33, Total:  933.31, Leader:  944.69, [F0: 10.06, F1: -14.61, F2: -6.83] - ✓ success
Episode 210, Steps:   31, Total:  888.59, Leader:  911.94, [F0: -3.96, F1: -17.88, F2: -1.51] - ✓ success
Episode 211, Steps:   34, Total:  854.28, Leader:  907.85, [F0: -12.84, F1: -24.38, F2: -16.36] - ✓ success
Episode 212, Steps:   23, Total:  917.61, Leader:  943.69, [F0: -10.48, F1: 1.55, F2: -17.14] - ✓ success
Episode 213, Steps:   51, Total:  795.52, Leader:  870.81, [F0: -28.61, F1: -23.71, F2: -22.97] - ✓ success
Episode 214, Steps:   35, Total:  917.07, Leader:  924.91, [F0: 10.99, F1: -13.95, F2: -4.88] - ✓ success
Episode 215, Steps:   25, Total:  967.66, Leader:  953.18, [F0: 8.85, F1: 6.37, F2: -0.74] - ✓ success
Episode 216, Steps:   22, Total:  925.75, Leader:  946.54, [F0: -9.96, F1: -10.36, F2: -0.46] - ✓ success
Episode 217, Steps:   50, Total:  747.14, Leader:  871.63, [F0: -48.69, F1: -26.55, F2: -49.25] - ✓ success
Episode 218, Steps:   44, Total:  828.32, Leader:  878.73, [F0: -24.36, F1: 2.09, F2: -28.13] - ✓ success
Episode 219, Steps:   30, Total:  893.64, Leader:  919.78, [F0: -4.60, F1: -6.88, F2: -14.66] - ✓ success
Episode 220, Steps:   23, Total:  921.91, Leader:  944.19, [F0: -7.80, F1: -2.36, F2: -12.12] - ✓ success
  💾 模型已保存 (episode 220)
Episode 221, Steps:   23, Total:  929.57, Leader:  944.89, [F0: -11.52, F1: 1.64, F2: -5.44] - ✓ success
Episode 222, Steps:   19, Total:  924.83, Leader:  952.10, [F0: -8.88, F1: -12.16, F2: -6.23] - ✓ success
Episode 223, Steps:   21, Total:  967.24, Leader:  961.67, [F0: -0.90, F1: 9.72, F2: -3.26] - ✓ success
Episode 224, Steps:   35, Total:  863.42, Leader:  923.66, [F0: -10.32, F1: -3.77, F2: -46.15] - ✓ success
Episode 225, Steps:   36, Total:  883.82, Leader:  900.05, [F0: -3.01, F1: -11.92, F2: -1.31] - ✓ success
Episode 226, Steps:   23, Total:  951.50, Leader:  954.29, [F0: -3.33, F1: 6.90, F2: -6.36] - ✓ success
Episode 227, Steps:   30, Total:  871.46, Leader:  919.57, [F0: -12.14, F1: -19.25, F2: -16.71] - ✓ success
Episode 228, Steps:   27, Total:  938.20, Leader:  941.57, [F0: -7.75, F1: 0.94, F2: 3.44] - ✓ success
Episode 229, Steps:   39, Total:  820.18, Leader:  870.26, [F0: -3.61, F1: -15.43, F2: -31.04] - ✓ success
Episode 230, Steps:   33, Total:  930.81, Leader:  935.13, [F0: -2.07, F1: -3.63, F2: 1.38] - ✓ success
Episode 231, Steps:   38, Total:  866.46, Leader:  911.49, [F0: -11.55, F1: -1.11, F2: -32.36] - ✓ success
Episode 232, Steps:   26, Total:  940.16, Leader:  942.93, [F0: 12.98, F1: -4.75, F2: -11.00] - ✓ success
Episode 233, Steps:   31, Total:  885.85, Leader:  915.36, [F0: -8.14, F1: -12.03, F2: -9.34] - ✓ success
Episode 234, Steps:   29, Total:  901.39, Leader:  921.48, [F0: -5.46, F1: -9.27, F2: -5.37] - ✓ success
Episode 235, Steps:   40, Total:  766.88, Leader:  867.57, [F0: -23.89, F1: -16.80, F2: -59.99] - ✓ success
Episode 236, Steps:   28, Total:  949.38, Leader:  936.89, [F0: 3.14, F1: 4.53, F2: 4.82] - ✓ success
Episode 237, Steps:   36, Total:  890.99, Leader:  920.05, [F0: -8.94, F1: -4.50, F2: -15.62] - ✓ success
Episode 238, Steps:   26, Total:  922.17, Leader:  935.94, [F0: 5.33, F1: -9.94, F2: -9.16] - ✓ success
Episode 239, Steps:   36, Total:  867.73, Leader:  913.62, [F0: -15.81, F1: -16.85, F2: -13.24] - ✓ success
Episode 240, Steps:   39, Total:  725.25, Leader:  805.62, [F0: -25.42, F1: -34.98, F2: -19.98] - ✓ success
  💾 模型已保存 (episode 240)
Episode 241, Steps:   30, Total:  862.13, Leader:  916.45, [F0: -27.99, F1: -17.57, F2: -8.77] - ✓ success
Episode 242, Steps:   41, Total:  817.18, Leader:  873.74, [F0: -14.14, F1: -11.98, F2: -30.44] - ✓ success
Episode 243, Steps:   28, Total:  912.92, Leader:  932.78, [F0: -5.81, F1: -11.05, F2: -3.00] - ✓ success
Episode 244, Steps:   51, Total:  773.98, Leader:  870.38, [F0: -23.56, F1: -31.00, F2: -41.84] - ✓ success
Episode 245, Steps:   27, Total:  917.94, Leader:  937.33, [F0: -13.01, F1: 3.86, F2: -10.24] - ✓ success
Episode 246, Steps:   32, Total:  852.49, Leader:  890.99, [F0: -1.85, F1: -15.38, F2: -21.27] - ✓ success
Episode 247, Steps:   28, Total:  895.59, Leader:  927.42, [F0: -18.73, F1: -13.16, F2: 0.06] - ✓ success
Episode 248, Steps:   49, Total:  861.45, Leader:  909.35, [F0: -6.87, F1: -15.24, F2: -25.79] - ✓ success
Episode 249, Steps:   27, Total:  879.22, Leader:  924.03, [F0: -14.82, F1: -13.59, F2: -16.40] - ✓ success
Episode 250, Steps:   25, Total:  886.62, Leader:  937.74, [F0: -9.06, F1: -14.06, F2: -28.01] - ✓ success
Episode 251, Steps:   22, Total:  971.69, Leader:  959.65, [F0: 6.45, F1: 5.99, F2: -0.40] - ✓ success
Episode 252, Steps:   34, Total:  862.20, Leader:  910.11, [F0: 16.02, F1: -19.63, F2: -44.30] - ✓ success
Episode 253, Steps:   29, Total:  881.42, Leader:  914.95, [F0: -10.95, F1: -2.87, F2: -19.70] - ✓ success
Episode 254, Steps:   37, Total:  896.73, Leader:  904.21, [F0: 25.47, F1: -4.77, F2: -28.18] - ✓ success
Episode 255, Steps:   34, Total:  876.37, Leader:  901.60, [F0: -14.78, F1: -15.37, F2: 4.92] - ✓ success
Episode 256, Steps:   29, Total:  894.71, Leader:  928.29, [F0: -12.58, F1: -0.44, F2: -20.57] - ✓ success
Episode 257, Steps:   54, Total:  671.44, Leader:  744.96, [F0: 3.52, F1: -26.15, F2: -50.89] - ✓ success
Episode 258, Steps:   31, Total:  862.27, Leader:  906.78, [F0: -9.38, F1: -18.91, F2: -16.21] - ✓ success
Episode 259, Steps:   25, Total:  926.94, Leader:  941.08, [F0: -5.51, F1: -4.54, F2: -4.08] - ✓ success
Episode 260, Steps:   32, Total:  903.98, Leader:  931.40, [F0: -10.00, F1: -14.21, F2: -3.21] - ✓ success
  💾 模型已保存 (episode 260)
Episode 261, Steps:   44, Total:  746.46, Leader:  856.52, [F0: -42.77, F1: -27.00, F2: -40.29] - ✓ success
Episode 262, Steps:   31, Total:  840.25, Leader:  915.52, [F0: -76.72, F1: -0.85, F2: 2.30] - ✓ success
Episode 263, Steps:   31, Total:  928.13, Leader:  925.44, [F0: 2.39, F1: 10.97, F2: -10.68] - ✓ success
Episode 264, Steps:   24, Total:  939.96, Leader:  943.16, [F0: -0.98, F1: 6.29, F2: -8.51] - ✓ success
Episode 265, Steps:   37, Total:  903.19, Leader:  935.22, [F0: -0.35, F1: -6.59, F2: -25.09] - ✓ success
Episode 266, Steps:   32, Total:  882.53, Leader:  914.33, [F0: -5.73, F1: -0.42, F2: -25.65] - ✓ success
Episode 267, Steps:   32, Total:  883.76, Leader:  913.75, [F0: 3.69, F1: -8.93, F2: -24.76] - ✓ success
Episode 268, Steps:   24, Total:  944.32, Leader:  949.05, [F0: -4.70, F1: 2.50, F2: -2.52] - ✓ success
Episode 269, Steps:   26, Total:  944.07, Leader:  939.80, [F0: 3.86, F1: 3.93, F2: -3.52] - ✓ success
Episode 270, Steps:   53, Total:  884.74, Leader:  912.81, [F0: 7.84, F1: -14.98, F2: -20.94] - ✓ success
Episode 271, Steps:   26, Total:  908.26, Leader:  929.89, [F0: -7.98, F1: -9.95, F2: -3.70] - ✓ success
Episode 272, Steps:   27, Total:  949.04, Leader:  945.20, [F0: 13.95, F1: 5.38, F2: -15.49] - ✓ success
Episode 273, Steps:   37, Total:  889.06, Leader:  905.07, [F0: -0.85, F1: -6.14, F2: -9.02] - ✓ success
Episode 274, Steps:   34, Total:  866.03, Leader:  905.62, [F0: 2.23, F1: -18.93, F2: -22.88] - ✓ success
Episode 275, Steps:   44, Total:  912.99, Leader:  929.22, [F0: 7.76, F1: -14.79, F2: -9.19] - ✓ success
Episode 276, Steps:   32, Total:  829.59, Leader:  878.50, [F0: -18.01, F1: -5.74, F2: -25.16] - ✓ success
Episode 277, Steps:   31, Total:  877.35, Leader:  914.71, [F0: -9.55, F1: -15.17, F2: -12.64] - ✓ success
Episode 278, Steps:   22, Total:  944.86, Leader:  949.39, [F0: -1.36, F1: 7.81, F2: -10.98] - ✓ success
Episode 279, Steps:   43, Total:  879.54, Leader:  906.99, [F0: -4.13, F1: -9.42, F2: -13.91] - ✓ success
Episode 280, Steps:   46, Total:  795.72, Leader:  885.24, [F0: -17.28, F1: -22.61, F2: -49.64] - ✓ success
  💾 模型已保存 (episode 280)
Episode 281, Steps:   33, Total:  877.69, Leader:  911.00, [F0: 12.60, F1: -19.85, F2: -26.06] - ✓ success
Episode 282, Steps:   24, Total:  935.72, Leader:  942.77, [F0: -8.27, F1: 3.75, F2: -2.53] - ✓ success
Episode 283, Steps:   29, Total:  881.36, Leader:  912.68, [F0: -12.42, F1: -4.71, F2: -14.20] - ✓ success
Episode 284, Steps:   26, Total:  931.31, Leader:  941.48, [F0: -11.59, F1: -10.40, F2: 11.84] - ✓ success
Episode 285, Steps:   28, Total:  958.06, Leader:  943.39, [F0: 1.94, F1: -0.38, F2: 13.11] - ✓ success
Episode 286, Steps:   50, Total:  892.29, Leader:  920.78, [F0: 20.16, F1: -30.74, F2: -17.91] - ✓ success
Episode 287, Steps:   37, Total:  903.83, Leader:  928.64, [F0: -9.58, F1: -7.11, F2: -8.13] - ✓ success
Episode 288, Steps:   55, Total:  859.08, Leader:  886.40, [F0: -2.43, F1: -3.43, F2: -21.46] - ✓ success
Episode 289, Steps:   27, Total:  934.25, Leader:  934.96, [F0: -0.41, F1: -2.42, F2: 2.12] - ✓ success
Episode 290, Steps:   30, Total:  913.08, Leader:  920.61, [F0: 7.29, F1: -5.61, F2: -9.21] - ✓ success
Episode 291, Steps:   20, Total:  956.19, Leader:  961.72, [F0: 9.62, F1: -13.46, F2: -1.69] - ✓ success
Episode 292, Steps:   11, Total: -573.34, Leader: -545.91, [F0: -14.70, F1: -7.62, F2: -5.11] - ✗ failure
Episode 293, Steps:   30, Total:  905.11, Leader:  920.65, [F0: 3.15, F1: -18.25, F2: -0.44] - ✓ success
Episode 294, Steps:   34, Total:  857.04, Leader:  900.14, [F0: -11.18, F1: -21.16, F2: -10.76] - ✓ success
Episode 295, Steps:   30, Total:  881.54, Leader:  912.04, [F0: -3.66, F1: -10.20, F2: -16.64] - ✓ success
Episode 296, Steps:   31, Total:  931.45, Leader:  925.12, [F0: -5.66, F1: 0.24, F2: 11.74] - ✓ success
Episode 297, Steps:   28, Total:  899.72, Leader:  933.57, [F0: 9.05, F1: 6.10, F2: -49.00] - ✓ success
Episode 298, Steps:   85, Total:  632.97, Leader:  768.65, [F0: -25.57, F1: -49.22, F2: -60.88] - ✓ success
Episode 299, Steps:  101, Total:  511.37, Leader:  677.84, [F0: -26.81, F1: -55.38, F2: -84.28] - ✓ success
Episode 300, Steps:   27, Total:  904.24, Leader:  932.76, [F0: -12.37, F1: -2.97, F2: -13.17] - ✓ success
  💾 模型已保存 (episode 300)
Episode 301, Steps:   69, Total:  693.00, Leader:  783.97, [F0: -10.91, F1: -43.08, F2: -36.98] - ✓ success
Episode 302, Steps:   29, Total:  886.58, Leader:  915.96, [F0: -4.35, F1: -12.19, F2: -12.84] - ✓ success
Episode 303, Steps:   31, Total:  896.35, Leader:  920.73, [F0: -9.82, F1: -10.33, F2: -4.23] - ✓ success
Episode 304, Steps:   30, Total:  874.26, Leader:  901.70, [F0: -0.97, F1: -12.18, F2: -14.28] - ✓ success
Episode 305, Steps:   22, Total:  982.02, Leader:  961.96, [F0: 7.43, F1: 13.50, F2: -0.87] - ✓ success
Episode 306, Steps:   18, Total:  973.22, Leader:  969.10, [F0: 15.00, F1: -7.26, F2: -3.63] - ✓ success
Episode 307, Steps:   19, Total:  944.69, Leader:  959.66, [F0: 2.83, F1: -10.52, F2: -7.29] - ✓ success
Episode 308, Steps:   23, Total:  924.40, Leader:  944.81, [F0: -10.69, F1: -3.50, F2: -6.21] - ✓ success
Episode 309, Steps:   20, Total:  916.44, Leader:  951.03, [F0: -14.13, F1: -12.84, F2: -7.62] - ✓ success
Episode 310, Steps:   26, Total:  949.03, Leader:  940.84, [F0: 6.50, F1: 0.49, F2: 1.20] - ✓ success
Episode 311, Steps:   36, Total:  883.52, Leader:  902.85, [F0: 8.74, F1: -35.68, F2: 7.61] - ✓ success
Episode 312, Steps:   23, Total:  951.66, Leader:  952.66, [F0: 11.72, F1: -1.60, F2: -11.12] - ✓ success
Episode 313, Steps:   27, Total:  941.05, Leader:  937.56, [F0: 9.80, F1: 3.04, F2: -9.35] - ✓ success
Episode 314, Steps:  104, Total:  314.90, Leader:  543.30, [F0: -73.66, F1: -74.03, F2: -80.70] - ✓ success
Episode 315, Steps:   52, Total:  817.91, Leader:  869.72, [F0: -12.24, F1: -11.94, F2: -27.64] - ✓ success
Episode 316, Steps:   28, Total:  929.73, Leader:  930.68, [F0: 6.24, F1: -2.24, F2: -4.95] - ✓ success
Episode 317, Steps:   27, Total:  942.57, Leader:  940.37, [F0: 5.08, F1: -16.52, F2: 13.64] - ✓ success
Episode 318, Steps:   25, Total:  919.90, Leader:  938.42, [F0: 2.11, F1: -7.75, F2: -12.88] - ✓ success
Episode 319, Steps:   28, Total:  910.74, Leader:  929.56, [F0: -1.92, F1: 0.76, F2: -17.66] - ✓ success
Episode 320, Steps:   31, Total:  842.44, Leader:  886.26, [F0: -12.99, F1: -16.54, F2: -14.29] - ✓ success
  💾 模型已保存 (episode 320)
Episode 321, Steps:  100, Total:  528.04, Leader:  686.14, [F0: -40.18, F1: -64.64, F2: -53.28] - ✓ success
Episode 322, Steps:   38, Total:  827.35, Leader:  888.67, [F0: -12.81, F1: -7.81, F2: -40.70] - ✓ success
Episode 323, Steps:   41, Total:  865.42, Leader:  894.40, [F0: -5.61, F1: -3.69, F2: -19.69] - ✓ success
Episode 324, Steps:   46, Total:  787.56, Leader:  853.23, [F0: -8.70, F1: -36.61, F2: -20.35] - ✓ success
Episode 325, Steps:   35, Total:  883.62, Leader:  907.58, [F0: 4.65, F1: -32.65, F2: 4.04] - ✓ success
Episode 326, Steps:   36, Total:  925.45, Leader:  943.13, [F0: -6.70, F1: -1.77, F2: -9.21] - ✓ success
Episode 327, Steps:   19, Total:  999.26, Leader:  971.94, [F0: 18.50, F1: 8.27, F2: 0.54] - ✓ success
Episode 328, Steps:   30, Total:  863.30, Leader:  914.44, [F0: -10.16, F1: -9.08, F2: -31.89] - ✓ success
Episode 329, Steps:   34, Total:  976.48, Leader:  949.71, [F0: 18.05, F1: 0.77, F2: 7.95] - ✓ success
Episode 330, Steps:   27, Total:  900.72, Leader:  933.55, [F0: -10.13, F1: -13.05, F2: -9.66] - ✓ success
Episode 331, Steps:   33, Total:  866.32, Leader:  902.21, [F0: 1.07, F1: -13.94, F2: -23.01] - ✓ success
Episode 332, Steps:   26, Total:  902.86, Leader:  927.13, [F0: -10.16, F1: -6.23, F2: -7.88] - ✓ success
Episode 333, Steps:   24, Total:  957.67, Leader:  952.20, [F0: 2.70, F1: 1.20, F2: 1.56] - ✓ success
Episode 334, Steps:   25, Total:  925.87, Leader:  935.69, [F0: 2.01, F1: 1.38, F2: -13.21] - ✓ success
Episode 335, Steps:   27, Total:  912.58, Leader:  932.80, [F0: -3.02, F1: -15.54, F2: -1.66] - ✓ success
Episode 336, Steps:   39, Total:  803.11, Leader:  882.72, [F0: -21.36, F1: -17.83, F2: -40.42] - ✓ success
Episode 337, Steps:   46, Total:  765.05, Leader:  863.22, [F0: -16.49, F1: -30.76, F2: -50.92] - ✓ success
Episode 338, Steps:   31, Total:  872.08, Leader:  914.64, [F0: -2.32, F1: -13.44, F2: -26.79] - ✓ success
Episode 339, Steps:  104, Total:  306.79, Leader:  511.94, [F0: -69.29, F1: -69.18, F2: -66.68] - ✓ success
Episode 340, Steps:   39, Total:  888.51, Leader:  900.80, [F0: -12.17, F1: -20.04, F2: 19.93] - ✓ success
  💾 模型已保存 (episode 340)
Episode 341, Steps:   22, Total:  951.34, Leader:  951.30, [F0: -7.07, F1: 1.14, F2: 5.97] - ✓ success
Episode 342, Steps:   20, Total:  989.96, Leader:  967.66, [F0: 14.16, F1: 1.13, F2: 7.01] - ✓ success
Episode 343, Steps:   30, Total:  898.90, Leader:  924.14, [F0: -12.13, F1: -14.26, F2: 1.15] - ✓ success
Episode 344, Steps:   54, Total:  766.94, Leader:  852.10, [F0: -26.32, F1: -38.00, F2: -20.84] - ✓ success
Episode 345, Steps:   20, Total:  936.13, Leader:  957.04, [F0: -9.86, F1: -2.35, F2: -8.71] - ✓ success
Episode 346, Steps:   42, Total:  885.56, Leader:  910.22, [F0: -11.93, F1: -5.58, F2: -7.15] - ✓ success
Episode 347, Steps:   60, Total:  722.15, Leader:  798.60, [F0: -15.97, F1: -29.76, F2: -30.72] - ✓ success
Episode 348, Steps:   28, Total:  851.43, Leader:  907.66, [F0: -18.06, F1: -18.78, F2: -19.40] - ✓ success
Episode 349, Steps:   25, Total:  918.78, Leader:  938.93, [F0: -18.95, F1: 2.14, F2: -3.34] - ✓ success
Episode 350, Steps:   21, Total:  937.19, Leader:  951.66, [F0: -12.64, F1: -0.52, F2: -1.32] - ✓ success
Episode 351, Steps:   23, Total:  933.25, Leader:  941.61, [F0: -5.85, F1: -1.45, F2: -1.07] - ✓ success
Episode 352, Steps:   27, Total:  958.97, Leader:  942.98, [F0: 6.64, F1: 1.96, F2: 7.39] - ✓ success
Episode 353, Steps:   19, Total:  964.84, Leader:  966.18, [F0: 9.91, F1: -11.36, F2: 0.11] - ✓ success
Episode 354, Steps:   49, Total:  694.77, Leader:  832.30, [F0: -12.37, F1: -50.83, F2: -74.33] - ✓ success
Episode 355, Steps:   51, Total:  705.58, Leader:  815.63, [F0: -12.99, F1: -41.57, F2: -55.49] - ✓ success
Episode 356, Steps:   22, Total:  949.05, Leader:  952.07, [F0: -6.38, F1: 3.70, F2: -0.35] - ✓ success
Episode 357, Steps:   35, Total:  878.80, Leader:  903.74, [F0: 2.91, F1: -13.88, F2: -13.96] - ✓ success
Episode 358, Steps:   22, Total:  969.65, Leader:  959.46, [F0: 8.50, F1: 1.72, F2: -0.04] - ✓ success
Episode 359, Steps:   30, Total:  913.61, Leader:  913.19, [F0: 11.58, F1: -0.02, F2: -11.14] - ✓ success
Episode 360, Steps:  132, Total:  505.95, Leader:  665.31, [F0: -33.67, F1: -79.10, F2: -46.59] - ✓ success
  💾 模型已保存 (episode 360)
Episode 361, Steps:   21, Total:  948.83, Leader:  957.80, [F0: -8.64, F1: 8.58, F2: -8.92] - ✓ success
Episode 362, Steps:   32, Total:  896.78, Leader:  919.90, [F0: -1.87, F1: -0.84, F2: -20.40] - ✓ success
Episode 363, Steps:   34, Total:  867.37, Leader:  909.21, [F0: 4.73, F1: -18.13, F2: -28.44] - ✓ success
Episode 364, Steps:   20, Total:  937.28, Leader:  952.85, [F0: 4.42, F1: -9.19, F2: -10.81] - ✓ success
Episode 365, Steps:   29, Total:  887.10, Leader:  918.90, [F0: -10.92, F1: -9.73, F2: -11.16] - ✓ success
Episode 366, Steps:   28, Total:  937.60, Leader:  941.45, [F0: 10.67, F1: -14.62, F2: 0.10] - ✓ success
Episode 367, Steps:   28, Total:  901.84, Leader:  919.35, [F0: -1.90, F1: -1.99, F2: -13.62] - ✓ success
Episode 368, Steps:   22, Total:  966.52, Leader:  963.24, [F0: 14.63, F1: 13.00, F2: -24.35] - ✓ success
Episode 369, Steps:   31, Total:  936.00, Leader:  927.69, [F0: 7.95, F1: -10.42, F2: 10.78] - ✓ success
Episode 370, Steps:   23, Total:  964.22, Leader:  953.57, [F0: 2.75, F1: 5.09, F2: 2.80] - ✓ success
Episode 371, Steps:   19, Total:  970.59, Leader:  965.35, [F0: 9.27, F1: 3.23, F2: -7.26] - ✓ success
Episode 372, Steps:   21, Total:  941.68, Leader:  953.82, [F0: -10.21, F1: -9.85, F2: 7.92] - ✓ success
Episode 373, Steps:   31, Total:  837.97, Leader:  890.41, [F0: -20.61, F1: -9.31, F2: -22.53] - ✓ success
Episode 374, Steps:   29, Total:  885.21, Leader:  914.74, [F0: 2.95, F1: -11.21, F2: -21.27] - ✓ success
Episode 375, Steps:   34, Total:  891.67, Leader:  923.48, [F0: -12.73, F1: -14.44, F2: -4.63] - ✓ success
Episode 376, Steps:   29, Total:  884.85, Leader:  917.98, [F0: -11.30, F1: -4.82, F2: -17.00] - ✓ success
Episode 377, Steps:   30, Total:  945.65, Leader:  937.70, [F0: 6.39, F1: 8.40, F2: -6.83] - ✓ success
Episode 378, Steps:   34, Total:  835.31, Leader:  904.82, [F0: 2.89, F1: -7.44, F2: -64.96] - ✓ success
Episode 379, Steps:   30, Total:  868.22, Leader:  915.72, [F0: 6.69, F1: -9.96, F2: -44.23] - ✓ success
Episode 380, Steps:   24, Total:  952.54, Leader:  950.18, [F0: 3.93, F1: -5.20, F2: 3.63] - ✓ success
  💾 模型已保存 (episode 380)
Episode 381, Steps:   24, Total:  929.47, Leader:  940.72, [F0: 6.77, F1: -1.20, F2: -16.83] - ✓ success
Episode 382, Steps:   25, Total:  923.48, Leader:  938.14, [F0: -2.11, F1: -1.39, F2: -11.15] - ✓ success
Episode 383, Steps:   33, Total:  856.74, Leader:  896.24, [F0: -17.08, F1: -19.56, F2: -2.85] - ✓ success
Episode 384, Steps:   29, Total:  938.04, Leader:  932.12, [F0: -0.04, F1: -9.81, F2: 15.78] - ✓ success
Episode 385, Steps:   25, Total:  918.86, Leader:  939.81, [F0: -16.59, F1: 9.79, F2: -14.15] - ✓ success
Episode 386, Steps:   31, Total:  921.99, Leader:  925.72, [F0: 12.30, F1: -3.87, F2: -12.15] - ✓ success
Episode 387, Steps:   22, Total:  884.00, Leader:  939.57, [F0: -21.78, F1: -19.43, F2: -14.36] - ✓ success
Episode 388, Steps:   20, Total:  933.02, Leader:  955.68, [F0: 1.25, F1: -9.62, F2: -14.29] - ✓ success
Episode 389, Steps:   20, Total:  980.85, Leader:  967.01, [F0: 15.44, F1: -9.09, F2: 7.49] - ✓ success
Episode 390, Steps:   31, Total:  894.15, Leader:  915.17, [F0: -12.56, F1: -6.54, F2: -1.91] - ✓ success
Episode 391, Steps:   31, Total:  945.00, Leader:  946.28, [F0: 13.88, F1: -13.05, F2: -2.10] - ✓ success
Episode 392, Steps:   23, Total:  945.69, Leader:  953.62, [F0: 4.25, F1: 2.39, F2: -14.58] - ✓ success
Episode 393, Steps:   28, Total:  951.21, Leader:  937.70, [F0: 9.26, F1: -9.14, F2: 13.38] - ✓ success
Episode 394, Steps:   24, Total:  955.65, Leader:  952.29, [F0: 9.11, F1: -3.61, F2: -2.14] - ✓ success
Episode 395, Steps:   40, Total:  824.17, Leader:  870.67, [F0: -13.51, F1: -19.07, F2: -13.92] - ✓ success
Episode 396, Steps:   23, Total:  987.98, Leader:  960.83, [F0: 16.85, F1: 2.97, F2: 7.33] - ✓ success
Episode 397, Steps:   22, Total:  937.19, Leader:  951.55, [F0: 7.59, F1: -10.97, F2: -10.98] - ✓ success
Episode 398, Steps:   23, Total: 1001.87, Leader:  972.95, [F0: 19.50, F1: -7.54, F2: 16.97] - ✓ success
Episode 399, Steps:   33, Total:  909.69, Leader:  914.48, [F0: -4.02, F1: -9.92, F2: 9.14] - ✓ success
Episode 400, Steps:   21, Total:  996.13, Leader:  967.55, [F0: 13.37, F1: 1.37, F2: 13.84] - ✓ success
  💾 模型已保存 (episode 400)
Episode 401, Steps:   27, Total:  937.99, Leader:  942.64, [F0: 4.70, F1: -6.47, F2: -2.88] - ✓ success
Episode 402, Steps:   21, Total:  953.85, Leader:  959.13, [F0: 9.98, F1: -4.52, F2: -10.74] - ✓ success
Episode 403, Steps:   21, Total:  963.08, Leader:  959.26, [F0: 7.40, F1: 7.20, F2: -10.78] - ✓ success
Episode 404, Steps:   17, Total:  984.33, Leader:  973.19, [F0: -6.20, F1: 4.34, F2: 12.99] - ✓ success
Episode 405, Steps:   24, Total:  946.75, Leader:  947.78, [F0: -0.48, F1: -2.90, F2: 2.35] - ✓ success
Episode 406, Steps:   37, Total:  887.27, Leader:  915.55, [F0: 3.30, F1: -16.99, F2: -14.58] - ✓ success
Episode 407, Steps:   30, Total:  917.02, Leader:  921.44, [F0: 11.76, F1: -12.27, F2: -3.91] - ✓ success
Episode 408, Steps:   25, Total:  945.61, Leader:  947.66, [F0: 6.73, F1: -6.59, F2: -2.19] - ✓ success
Episode 409, Steps:   26, Total:  996.80, Leader:  959.86, [F0: 12.87, F1: 8.06, F2: 16.01] - ✓ success
Episode 410, Steps:   27, Total:  935.07, Leader:  937.06, [F0: 4.45, F1: -1.73, F2: -4.71] - ✓ success
Episode 411, Steps:   26, Total:  931.72, Leader:  939.29, [F0: 3.52, F1: -6.20, F2: -4.89] - ✓ success
Episode 412, Steps:   27, Total:  935.52, Leader:  935.08, [F0: 7.85, F1: -4.31, F2: -3.11] - ✓ success
Episode 413, Steps:   32, Total:  884.87, Leader:  916.89, [F0: -11.02, F1: -12.62, F2: -8.38] - ✓ success
Episode 414, Steps:   19, Total:  981.80, Leader:  968.44, [F0: 7.62, F1: -2.29, F2: 8.02] - ✓ success
Episode 415, Steps:   23, Total:  959.83, Leader:  955.59, [F0: 2.94, F1: 4.22, F2: -2.92] - ✓ success
Episode 416, Steps:   26, Total:  890.43, Leader:  931.95, [F0: -20.74, F1: -11.77, F2: -9.01] - ✓ success
Episode 417, Steps:   26, Total:  945.58, Leader:  941.86, [F0: 2.18, F1: 9.54, F2: -8.00] - ✓ success
Episode 418, Steps:   30, Total:  890.71, Leader:  910.43, [F0: 5.34, F1: -14.49, F2: -10.58] - ✓ success
Episode 419, Steps:   21, Total:  993.83, Leader:  966.21, [F0: 8.99, F1: -0.37, F2: 19.00] - ✓ success
Episode 420, Steps:   31, Total:  902.70, Leader:  917.28, [F0: -12.43, F1: -4.40, F2: 2.25] - ✓ success
  💾 模型已保存 (episode 420)
Episode 421, Steps:   22, Total:  958.49, Leader:  957.58, [F0: 0.96, F1: 4.55, F2: -4.60] - ✓ success
Episode 422, Steps:   30, Total:  925.81, Leader:  925.48, [F0: -3.84, F1: -3.47, F2: 7.64] - ✓ success
Episode 423, Steps:   22, Total:  976.65, Leader:  962.32, [F0: 9.35, F1: -0.27, F2: 5.25] - ✓ success
Episode 424, Steps:   29, Total:  936.32, Leader:  938.53, [F0: 10.13, F1: 2.59, F2: -14.93] - ✓ success
Episode 425, Steps:   20, Total:  967.32, Leader:  962.62, [F0: 8.08, F1: 5.99, F2: -9.37] - ✓ success
Episode 426, Steps:   26, Total:  934.52, Leader:  941.48, [F0: 3.67, F1: -0.95, F2: -9.68] - ✓ success
Episode 427, Steps:   30, Total:  922.87, Leader:  920.15, [F0: 3.29, F1: -7.56, F2: 6.99] - ✓ success
Episode 428, Steps:   30, Total:  938.04, Leader:  931.70, [F0: 2.05, F1: 3.04, F2: 1.26] - ✓ success
Episode 429, Steps:   24, Total:  929.08, Leader:  943.04, [F0: -1.54, F1: -1.59, F2: -10.82] - ✓ success
Episode 430, Steps:   26, Total:  899.40, Leader:  936.40, [F0: 5.15, F1: -14.71, F2: -27.43] - ✓ success
Episode 431, Steps:   22, Total:  946.81, Leader:  952.05, [F0: -4.52, F1: 3.15, F2: -3.86] - ✓ success
Episode 432, Steps:   28, Total:  938.04, Leader:  944.70, [F0: -0.04, F1: -0.67, F2: -5.95] - ✓ success
Episode 433, Steps:   29, Total:  925.90, Leader:  936.75, [F0: -14.12, F1: -14.71, F2: 17.99] - ✓ success
Episode 434, Steps:   19, Total:  993.83, Leader:  973.20, [F0: 9.98, F1: 1.15, F2: 9.50] - ✓ success
Episode 435, Steps:   30, Total:  903.99, Leader:  922.37, [F0: -1.74, F1: -3.12, F2: -13.53] - ✓ success
Episode 436, Steps:   21, Total:  965.11, Leader:  961.50, [F0: 13.20, F1: -10.63, F2: 1.03] - ✓ success
Episode 437, Steps:   24, Total:  920.48, Leader:  938.98, [F0: -10.41, F1: 2.77, F2: -10.86] - ✓ success
Episode 438, Steps:   20, Total:  950.89, Leader:  959.52, [F0: -3.25, F1: -3.14, F2: -2.24] - ✓ success
Episode 439, Steps:   21, Total:  962.24, Leader:  958.71, [F0: 1.56, F1: -2.48, F2: 4.45] - ✓ success
Episode 440, Steps:   26, Total:  921.28, Leader:  932.99, [F0: -0.91, F1: -11.50, F2: 0.70] - ✓ success
  💾 模型已保存 (episode 440)
Episode 441, Steps:   23, Total:  959.56, Leader:  953.71, [F0: 21.50, F1: -4.10, F2: -11.55] - ✓ success
Episode 442, Steps:    6, Total: -542.90, Leader: -528.84, [F0: -3.31, F1: -5.87, F2: -4.88] - ✗ failure
Episode 443, Steps:   27, Total:  954.72, Leader:  939.28, [F0: 12.23, F1: 1.54, F2: 1.67] - ✓ success
Episode 444, Steps:   34, Total:  880.15, Leader:  900.85, [F0: -2.40, F1: -23.21, F2: 4.91] - ✓ success
Episode 445, Steps:   20, Total:  960.12, Leader:  962.30, [F0: 6.06, F1: 4.04, F2: -12.28] - ✓ success
Episode 446, Steps:   32, Total:  889.65, Leader:  911.73, [F0: -6.41, F1: -17.95, F2: 2.28] - ✓ success
Episode 447, Steps:   26, Total:  937.09, Leader:  940.06, [F0: 5.53, F1: -3.76, F2: -4.74] - ✓ success
Episode 448, Steps:   20, Total:  972.55, Leader:  962.66, [F0: 12.30, F1: 0.80, F2: -3.21] - ✓ success
Episode 449, Steps:   32, Total:  877.37, Leader:  903.61, [F0: 5.03, F1: -18.05, F2: -13.22] - ✓ success
Episode 450, Steps:   22, Total:  986.45, Leader:  961.75, [F0: 14.22, F1: 9.41, F2: 1.07] - ✓ success
Episode 451, Steps:   22, Total:  978.29, Leader:  960.09, [F0: 15.50, F1: 5.43, F2: -2.74] - ✓ success
Episode 452, Steps:   19, Total:  971.08, Leader:  964.49, [F0: -4.35, F1: 1.44, F2: 9.50] - ✓ success
Episode 453, Steps:   35, Total:  852.04, Leader:  891.83, [F0: -11.36, F1: -22.38, F2: -6.05] - ✓ success
Episode 454, Steps:   20, Total:  968.04, Leader:  964.62, [F0: 11.15, F1: -6.63, F2: -1.10] - ✓ success
Episode 455, Steps:   22, Total:  963.38, Leader:  957.46, [F0: 3.09, F1: 6.14, F2: -3.32] - ✓ success
Episode 456, Steps:   21, Total:  951.67, Leader:  953.44, [F0: -9.85, F1: 0.81, F2: 7.26] - ✓ success
Episode 457, Steps:   34, Total:  898.27, Leader:  912.35, [F0: -4.70, F1: -16.82, F2: 7.44] - ✓ success
Episode 458, Steps:   30, Total:  923.55, Leader:  923.48, [F0: 2.00, F1: -2.81, F2: 0.89] - ✓ success
Episode 459, Steps:   24, Total:  955.41, Leader:  949.98, [F0: 4.08, F1: 3.26, F2: -1.91] - ✓ success
Episode 460, Steps:   32, Total:  934.33, Leader:  921.27, [F0: 1.73, F1: -10.13, F2: 21.47] - ✓ success
  💾 模型已保存 (episode 460)
Episode 461, Steps:   24, Total:  874.95, Leader:  939.43, [F0: -15.61, F1: -13.68, F2: -35.19] - ✓ success
Episode 462, Steps:   20, Total:  924.96, Leader:  952.68, [F0: -12.98, F1: -6.81, F2: -7.93] - ✓ success
Episode 463, Steps:   25, Total:  912.18, Leader:  938.01, [F0: -12.87, F1: -10.76, F2: -2.20] - ✓ success
Episode 464, Steps:   25, Total:  951.64, Leader:  947.91, [F0: 8.33, F1: 2.34, F2: -6.93] - ✓ success
Episode 465, Steps:   19, Total:  958.23, Leader:  964.19, [F0: 3.56, F1: -2.35, F2: -7.17] - ✓ success
Episode 466, Steps:   21, Total:  975.94, Leader:  962.29, [F0: 12.83, F1: -8.92, F2: 9.74] - ✓ success
Episode 467, Steps:   20, Total:  944.95, Leader:  958.40, [F0: -2.27, F1: -7.02, F2: -4.16] - ✓ success
Episode 468, Steps:   24, Total:  948.82, Leader:  946.89, [F0: 9.48, F1: -7.49, F2: -0.07] - ✓ success
Episode 469, Steps:   29, Total:  913.85, Leader:  933.15, [F0: 4.36, F1: -10.82, F2: -12.84] - ✓ success
Episode 470, Steps:   27, Total:  965.01, Leader:  948.14, [F0: 6.91, F1: -1.18, F2: 11.14] - ✓ success
Episode 471, Steps:   30, Total:  930.78, Leader:  936.16, [F0: 9.27, F1: -1.22, F2: -13.42] - ✓ success
Episode 472, Steps:   24, Total:  945.70, Leader:  947.54, [F0: 3.84, F1: 1.40, F2: -7.07] - ✓ success
Episode 473, Steps:   25, Total:  940.82, Leader:  943.39, [F0: 1.46, F1: 2.43, F2: -6.46] - ✓ success
Episode 474, Steps:   32, Total:  910.57, Leader:  915.00, [F0: -0.44, F1: -2.10, F2: -1.89] - ✓ success
Episode 475, Steps:   20, Total:  971.58, Leader:  962.84, [F0: 1.06, F1: -4.29, F2: 11.97] - ✓ success
Episode 476, Steps:   23, Total:  933.89, Leader:  943.40, [F0: -4.59, F1: -3.79, F2: -1.13] - ✓ success
Episode 477, Steps:   19, Total:  972.83, Leader:  965.25, [F0: 10.90, F1: -11.19, F2: 7.87] - ✓ success
Episode 478, Steps:   32, Total:  882.62, Leader:  920.22, [F0: -13.43, F1: -12.04, F2: -12.13] - ✓ success
Episode 479, Steps:   34, Total:  900.95, Leader:  908.65, [F0: 11.84, F1: -15.80, F2: -3.74] - ✓ success
Episode 480, Steps:   29, Total:  914.40, Leader:  925.36, [F0: 9.18, F1: -12.49, F2: -7.65] - ✓ success
  💾 模型已保存 (episode 480)
Episode 481, Steps:   22, Total:  963.79, Leader:  957.06, [F0: 10.80, F1: 4.77, F2: -8.84] - ✓ success
Episode 482, Steps:   25, Total:  969.37, Leader:  947.72, [F0: 7.71, F1: -1.36, F2: 15.30] - ✓ success
Episode 483, Steps:   24, Total:  929.87, Leader:  943.51, [F0: 4.09, F1: -16.23, F2: -1.50] - ✓ success
Episode 484, Steps:   31, Total:  892.15, Leader:  917.10, [F0: -1.02, F1: -0.36, F2: -23.57] - ✓ success
Episode 485, Steps:   17, Total:  985.87, Leader:  974.45, [F0: 1.34, F1: -6.92, F2: 17.00] - ✓ success
Episode 486, Steps:   33, Total:  948.08, Leader:  923.02, [F0: 12.46, F1: -5.76, F2: 18.35] - ✓ success
Episode 487, Steps:   27, Total:  912.18, Leader:  926.22, [F0: 1.96, F1: -4.27, F2: -11.73] - ✓ success
Episode 488, Steps:   27, Total:  899.64, Leader:  923.37, [F0: -9.20, F1: -8.69, F2: -5.84] - ✓ success
Episode 489, Steps:   34, Total:  845.45, Leader:  882.04, [F0: -0.91, F1: -14.72, F2: -20.96] - ✓ success
Episode 490, Steps:   25, Total:  963.38, Leader:  950.10, [F0: -0.39, F1: 2.75, F2: 10.92] - ✓ success
Episode 491, Steps:   29, Total:  910.72, Leader:  920.82, [F0: 5.60, F1: -5.96, F2: -9.74] - ✓ success
Episode 492, Steps:   20, Total:  987.76, Leader:  967.47, [F0: 9.41, F1: 4.39, F2: 6.49] - ✓ success
Episode 493, Steps:   24, Total:  963.11, Leader:  953.43, [F0: 4.98, F1: 1.23, F2: 3.48] - ✓ success
Episode 494, Steps:   26, Total:  926.86, Leader:  937.48, [F0: 2.11, F1: -8.96, F2: -3.79] - ✓ success
Episode 495, Steps:   22, Total:  936.13, Leader:  946.27, [F0: -2.72, F1: -7.42, F2: 0.00] - ✓ success
Episode 496, Steps:   19, Total:  964.45, Leader:  964.76, [F0: -4.29, F1: 1.73, F2: 2.25] - ✓ success
Episode 497, Steps:   24, Total:  913.52, Leader:  936.97, [F0: -4.36, F1: -4.73, F2: -14.37] - ✓ success
Episode 498, Steps:   28, Total:  910.08, Leader:  925.38, [F0: 3.71, F1: -14.37, F2: -4.65] - ✓ success
Episode 499, Steps:   30, Total:  901.54, Leader:  920.11, [F0: -0.76, F1: -14.15, F2: -3.67] - ✓ success
训练曲线已保存到: /home/zhangpeng/UAV_PATH_PLANNING/output/baseline/3follower/training_curve.png

✅ 训练完成! 共500轮
总平均奖励: -448.85
  - Leader平均: 72.28
  - Follower平均: -173.71
总最佳奖励: 1001.87
模型已保存到: /home/zhangpeng/UAV_PATH_PLANNING/output/baseline/3follower
训练数据已保存到: /home/zhangpeng/UAV_PATH_PLANNING/output/baseline/3follower/MASAC_new1
训练日志已保存到: /home/zhangpeng/UAV_PATH_PLANNING/output/baseline/3follower/training_20251025_160828.log
