📝 日志文件: /home/zhangpeng/UAV_PATH_PLANNING/runs/exp_baseline_20251029_213156/training.log
💡 训练输出将实时保存到日志文件
🚀 启用AMP混合精度训练（预期加速40-100%）
🚀 启用异步数据传输（预期加速10-20%）
SAC训练中...
📊 优先级经验回放（PER）配置:
  - 容量: 20000
  - Alpha: 0.6 (优先级指数)
  - Beta: 0.4 → 1.0 (重要性采样权重)
  - 内存优化: float32 (节省50%内存)

================================================================================
  Episode    |    Leader    |  Follower0   |  Follower1   |  Follower2   |    Steps     |    Status   
================================================================================
     0       |   -4936.19   |   -1996.03   |   -1650.92   |   -1831.82   |     1000     | ⏱️  Timeout 
  📊 统计 [Ep 0]: Actor Loss=5.3478, Critic Loss=0.2091, Alpha=0.8834, TD-error=0.3327, Beta=1.0000
     1       |    417.84    |   -252.72    |   -222.16    |   -234.98    |     129      |  ✅ Success  
     2       |    -79.33    |   -434.56    |   -473.14    |   -499.68    |     252      |  ✅ Success  
     3       |    913.24    |    -57.74    |    -51.82    |    -53.12    |      30      |  ✅ Success  
     4       |   -614.67    |   -796.12    |   -784.92    |   -742.22    |     400      |  ✅ Success  
     5       |   -923.52    |   -801.72    |   -707.85    |   -648.18    |     406      |  ✅ Success  
     6       |   -736.04    |   -757.79    |   -732.34    |   -669.59    |     404      |  ✅ Success  
     7       |   -3988.84   |   -1715.43   |   -1933.47   |   -2003.90   |     1000     | ⏱️  Timeout 
     8       |    677.17    |   -163.92    |   -201.36    |   -206.92    |     116      |  ✅ Success  
     9       |   -527.37    |    -10.12    |    -10.81    |    -10.36    |      9       |  ❌ Failure  
     10      |    290.47    |   -321.10    |   -356.87    |   -382.44    |     199      |  ✅ Success  
  📊 统计 [Ep 10]: Actor Loss=5.9066, Critic Loss=103.1272, Alpha=0.4115, TD-error=5.7906, Beta=1.0000
     11      |   -2038.01   |   -1226.86   |   -1133.04   |   -1073.49   |     648      |  ✅ Success  
     12      |   -4196.86   |   -1931.17   |   -1785.49   |   -1873.52   |     1000     | ⏱️  Timeout 
     13      |   -568.95    |    -21.62    |    -23.41    |    -29.06    |      19      |  ❌ Failure  
     14      |   -808.07    |   -135.35    |   -108.96    |   -107.68    |      73      |  ❌ Failure  
     15      |   -2061.14   |   -673.96    |   -680.02    |   -699.05    |     375      |  ❌ Failure  
     16      |   -519.05    |    -7.94     |    -7.01     |    -6.85     |      6       |  ❌ Failure  
     17      |   -642.21    |    -49.96    |    -55.41    |    -56.94    |      40      |  ❌ Failure  
     18      |   -543.74    |    -22.91    |    -19.62    |    -19.11    |      12      |  ❌ Failure  
     19      |    916.49    |    -39.50    |    -57.47    |    -62.24    |      30      |  ✅ Success  
     20      |   -147.77    |   -583.74    |   -551.95    |   -542.95    |     309      |  ✅ Success  
  📊 统计 [Ep 20]: Actor Loss=20.4274, Critic Loss=57.4762, Alpha=0.2422, TD-error=3.9208, Beta=1.0000
     21      |   -3736.34   |   -1857.91   |   -1826.97   |   -1774.10   |     1000     | ⏱️  Timeout 
     22      |   -812.59    |   -102.86    |   -134.50    |   -136.96    |      73      |  ❌ Failure  
     23      |   -889.41    |   -844.74    |   -935.61    |   -763.15    |     457      |  ✅ Success  
     24      |    116.55    |   -439.78    |   -495.89    |   -501.63    |     262      |  ✅ Success  
     25      |   -539.55    |    -14.84    |    -20.35    |    -14.08    |      12      |  ❌ Failure  
     26      |   -4427.46   |   -1790.40   |   -1930.10   |   -1815.19   |     1000     | ⏱️  Timeout 
     27      |    392.47    |   -241.24    |   -261.25    |   -222.24    |     147      |  ✅ Success  
     28      |   -3786.16   |   -1728.17   |   -1887.40   |   -1903.69   |     1000     | ⏱️  Timeout 
     29      |   -4780.21   |   -1966.28   |   -1762.63   |   -1727.45   |     1000     | ⏱️  Timeout 
     30      |   -3455.23   |   -1627.11   |   -1800.90   |   -1738.18   |     972      |  ✅ Success  
  📊 统计 [Ep 30]: Actor Loss=31.1275, Critic Loss=49.2992, Alpha=0.0882, TD-error=2.6473, Beta=1.0000
     31      |   -535.89    |    -10.15    |    -16.57    |    -11.07    |      9       |  ❌ Failure  
     32      |   -3845.54   |   -1504.19   |   -1649.16   |   -1657.79   |     1000     | ⏱️  Timeout 
     33      |   -3759.11   |   -1620.10   |   -1762.83   |   -1565.73   |     1000     | ⏱️  Timeout 
     34      |    625.73    |   -132.96    |   -203.60    |   -212.23    |     118      |  ✅ Success  
     35      |    464.17    |   -363.66    |   -244.80    |   -220.36    |     174      |  ✅ Success  
     36      |   -834.63    |   -914.23    |   -976.65    |   -859.22    |     526      |  ✅ Success  
     37      |    -75.20    |   -522.01    |   -594.10    |   -497.02    |     358      |  ✅ Success  
     38      |   -4144.72   |   -1425.10   |   -1794.92   |   -1553.25   |     1000     | ⏱️  Timeout 
     39      |   -536.31    |    -13.02    |    -13.81    |    -14.04    |      12      |  ❌ Failure  
     40      |   -3996.59   |   -1500.80   |   -1765.94   |   -1659.56   |     1000     | ⏱️  Timeout 
  📊 统计 [Ep 40]: Actor Loss=27.0285, Critic Loss=47.2460, Alpha=0.0477, TD-error=2.3831, Beta=1.0000
     41      |   -4165.38   |   -1560.91   |   -1868.68   |   -1648.49   |     1000     | ⏱️  Timeout 
     42      |   -3984.50   |   -1593.49   |   -1557.18   |   -1515.41   |     1000     | ⏱️  Timeout 
     43      |    140.15    |   -387.80    |   -350.24    |   -448.97    |     253      |  ✅ Success  
     44      |    513.23    |   -238.56    |   -245.16    |   -251.31    |     178      |  ✅ Success  
     45      |   -2356.63   |   -1403.36   |   -1209.74   |   -1357.50   |     843      |  ✅ Success  
     46      |   -4049.01   |   -1967.81   |   -1405.34   |   -1590.35   |     1000     | ⏱️  Timeout 
     47      |    327.97    |   -290.87    |   -361.41    |   -269.70    |     215      |  ✅ Success  
     48      |   -3202.71   |   -1389.33   |   -1401.51   |   -1544.32   |     1000     | ⏱️  Timeout 
     49      |    453.07    |   -243.40    |   -242.76    |   -257.15    |     205      |  ✅ Success  
     50      |   -1120.63   |   -988.02    |   -767.31    |   -858.46    |     604      |  ✅ Success  
  📊 统计 [Ep 50]: Actor Loss=24.4161, Critic Loss=41.8966, Alpha=0.0367, TD-error=1.9244, Beta=1.0000
     51      |   -1529.35   |   -959.39    |   -890.86    |   -921.00    |     666      |  ✅ Success  
     52      |   -624.68    |   -637.80    |   -624.95    |   -660.86    |     485      |  ✅ Success  
     53      |   -1237.15   |   -938.55    |   -968.77    |   -984.13    |     748      |  ✅ Success  
     54      |   -2687.98   |   -820.90    |   -818.23    |   -866.93    |     634      |  ❌ Failure  
     55      |    216.11    |   -349.94    |   -333.28    |   -357.31    |     297      |  ✅ Success  
     56      |   -4379.29   |   -1301.66   |   -1413.13   |   -1322.73   |     1000     | ⏱️  Timeout 
     57      |   -3455.02   |   -1273.44   |   -1348.53   |   -1314.82   |     1000     | ⏱️  Timeout 
     58      |   -3738.49   |   -1357.92   |   -1354.87   |   -1298.59   |     1000     | ⏱️  Timeout 
     59      |    390.61    |   -226.13    |   -247.19    |   -241.31    |     174      |  ✅ Success  
     60      |   -350.97    |   -551.84    |   -595.26    |   -575.95    |     433      |  ✅ Success  
  📊 统计 [Ep 60]: Actor Loss=19.5735, Critic Loss=41.4738, Alpha=0.0275, TD-error=1.7011, Beta=1.0000
     61      |   -3318.38   |   -1278.70   |   -1407.05   |   -1277.82   |     1000     | ⏱️  Timeout 
     62      |    892.94    |    -49.75    |    -47.25    |    -47.60    |      42      |  ✅ Success  
     63      |   -912.47    |   -188.29    |   -170.31    |   -164.30    |     131      |  ❌ Failure  
     64      |   -590.74    |    -31.51    |    -32.17    |    -33.03    |      27      |  ❌ Failure  
     65      |    853.30    |    -64.37    |    -63.38    |    -73.42    |      55      |  ✅ Success  
     66      |   -1388.07   |   -882.99    |   -889.05    |   -1002.22   |     701      |  ✅ Success  
     67      |   -549.37    |    -17.52    |    -17.05    |    -17.16    |      15      |  ❌ Failure  
     68      |    794.13    |    -84.07    |    -79.76    |    -82.46    |      69      |  ✅ Success  
     69      |   -748.41    |   -103.43    |    -99.63    |    -88.72    |      71      |  ❌ Failure  
     70      |   -650.85    |    -60.01    |    -50.15    |    -57.48    |      52      |  ❌ Failure  
  📊 统计 [Ep 70]: Actor Loss=19.7455, Critic Loss=86.6168, Alpha=0.0320, TD-error=4.5446, Beta=1.0000
     71      |    706.51    |   -146.40    |   -142.58    |   -147.31    |     123      |  ✅ Success  
     72      |   -916.13    |   -147.74    |   -140.72    |   -142.25    |     116      |  ❌ Failure  
     73      |   -237.01    |   -453.46    |   -448.75    |   -513.84    |     356      |  ✅ Success  
     74      |    894.06    |    -70.10    |    -55.52    |    -51.89    |      46      |  ✅ Success  
     75      |    773.44    |   -109.26    |   -110.94    |   -110.84    |      95      |  ✅ Success  
     76      |   -688.71    |    -59.86    |    -72.04    |    -89.60    |      58      |  ❌ Failure  
     77      |   -849.19    |   -123.94    |   -125.13    |   -142.36    |      99      |  ❌ Failure  
     78      |   -775.86    |   -103.26    |   -101.69    |   -125.73    |      86      |  ❌ Failure  
     79      |   -3500.51   |   -1305.70   |   -1620.61   |   -1402.62   |     1000     | ⏱️  Timeout 
     80      |   -414.13    |   -530.47    |   -603.89    |   -568.26    |     411      |  ✅ Success  
  📊 统计 [Ep 80]: Actor Loss=25.2890, Critic Loss=69.7531, Alpha=0.0551, TD-error=4.0741, Beta=1.0000
     81      |   -3649.64   |   -1302.76   |   -1473.19   |   -1347.74   |     1000     | ⏱️  Timeout 
     82      |   -3746.05   |   -1400.98   |   -1051.57   |   -1484.92   |     1000     | ⏱️  Timeout 
     83      |   -1943.55   |   -1013.98   |   -1141.18   |   -972.88    |     744      |  ✅ Success  
     84      |   -1724.86   |   -533.11    |   -431.85    |   -510.50    |     367      |  ❌ Failure  
     85      |   -571.29    |    -26.06    |    -25.27    |    -25.60    |      22      |  ❌ Failure  
     86      |   -622.82    |    -42.39    |    -44.04    |    -42.46    |      36      |  ❌ Failure  
     87      |    806.56    |    -82.54    |   -107.46    |    -97.00    |      75      |  ✅ Success  
     88      |   -3777.02   |   -1311.58   |   -1300.41   |   -1429.25   |     1000     | ⏱️  Timeout 
     89      |   -3753.51   |   -1372.84   |   -1063.45   |   -1310.48   |     1000     | ⏱️  Timeout 
     90      |   -3326.09   |   -1248.57   |   -1234.23   |   -1282.78   |     1000     | ⏱️  Timeout 
  📊 统计 [Ep 90]: Actor Loss=25.4725, Critic Loss=62.3662, Alpha=0.0615, TD-error=3.7159, Beta=1.0000
     91      |   -536.17    |    -14.29    |    -12.86    |    -13.60    |      12      |  ❌ Failure  
     92      |   -801.58    |   -559.87    |   -566.54    |   -606.88    |     417      |  ✅ Success  
     93      |   -3951.44   |   -1183.08   |   -1294.94   |   -1279.37   |     1000     | ⏱️  Timeout 
     94      |   -3675.89   |   -1182.78   |   -1308.68   |   -1409.17   |     1000     | ⏱️  Timeout 
     95      |   -1875.45   |   -584.88    |   -380.94    |   -596.72    |     464      |  ❌ Failure  
     96      |    346.18    |   -207.17    |   -222.10    |   -203.52    |     168      |  ✅ Success  
     97      |   -617.40    |   -709.53    |   -565.99    |   -721.64    |     579      |  ✅ Success  
     98      |   -1373.25   |   -1068.91   |   -785.53    |   -943.28    |     716      |  ✅ Success  
     99      |   -639.60    |   -587.28    |   -633.73    |   -656.61    |     513      |  ✅ Success  
    100      |   -4850.01   |   -1467.07   |   -1608.42   |   -1334.55   |     1000     | ⏱️  Timeout 
  📊 统计 [Ep 100]: Actor Loss=24.3203, Critic Loss=49.0894, Alpha=0.0741, TD-error=3.5355, Beta=1.0000
    101      |   -3416.47   |   -1253.79   |   -997.49    |   -1252.24   |     1000     | ⏱️  Timeout 
    102      |   -4252.17   |   -1335.64   |   -1263.70   |   -1357.41   |     1000     | ⏱️  Timeout 
    103      |   -5215.57   |   -1289.09   |   -1247.59   |   -1343.44   |     1000     | ⏱️  Timeout 
    104      |   -4081.17   |   -1264.08   |   -1263.72   |   -1368.54   |     1000     | ⏱️  Timeout 
    105      |   -3844.55   |   -1277.08   |   -1257.25   |   -1272.23   |     1000     | ⏱️  Timeout 
    106      |   -2060.02   |   -1158.40   |   -1199.57   |   -1294.24   |     930      |  ✅ Success  
    107      |   -4039.06   |   -1207.03   |   -1183.87   |   -1271.67   |     1000     | ⏱️  Timeout 
    108      |   -4417.23   |   -1232.41   |   -1226.15   |   -1322.00   |     1000     | ⏱️  Timeout 
    109      |   -4391.45   |   -1239.12   |   -1080.97   |   -1295.49   |     1000     | ⏱️  Timeout 
    110      |   -858.69    |   -770.27    |   -821.18    |   -943.40    |     670      |  ✅ Success  
  📊 统计 [Ep 110]: Actor Loss=21.5633, Critic Loss=12.7550, Alpha=0.0280, TD-error=1.0057, Beta=1.0000
    111      |   -3281.42   |   -1168.05   |   -1193.17   |   -1356.12   |     1000     | ⏱️  Timeout 
    112      |   -1296.27   |   -286.34    |   -257.88    |   -314.33    |     246      |  ❌ Failure  
    113      |   -3099.28   |   -1265.81   |   -1200.64   |   -1242.31   |     1000     | ⏱️  Timeout 
    114      |    568.70    |   -187.11    |   -174.69    |   -184.40    |     146      |  ✅ Success  
    115      |    212.99    |   -319.13    |   -308.17    |   -307.56    |     258      |  ✅ Success  
    116      |    160.90    |   -345.57    |   -327.65    |   -340.37    |     269      |  ✅ Success  
    117      |   -4297.04   |   -1310.56   |   -1069.71   |   -1456.80   |     1000     | ⏱️  Timeout 
    118      |    819.00    |    -92.79    |   -116.46    |    -92.61    |      81      |  ✅ Success  
    119      |   -696.55    |    -81.71    |    -79.61    |    -80.43    |      71      |  ❌ Failure  
    120      |   -3279.99   |   -916.28    |   -765.89    |   -976.13    |     735      |  ❌ Failure  
  📊 统计 [Ep 120]: Actor Loss=17.6528, Critic Loss=23.7227, Alpha=0.0206, TD-error=1.7660, Beta=1.0000
    121      |    925.56    |    -34.36    |    -35.75    |    -33.94    |      32      |  ✅ Success  
    122      |   -3907.89   |   -1200.70   |   -1007.50   |   -1293.93   |     1000     | ⏱️  Timeout 
    123      |   -4062.31   |   -1202.04   |   -1049.14   |   -1340.04   |     1000     | ⏱️  Timeout 
    124      |    916.82    |    -38.42    |    -39.55    |    -37.47    |      35      |  ✅ Success  
    125      |    756.11    |    -92.08    |   -100.94    |   -107.04    |      83      |  ✅ Success  
    126      |    907.27    |    -41.83    |    -42.84    |    -42.06    |      38      |  ✅ Success  
    127      |   -4243.84   |   -1216.09   |   -1320.43   |   -1347.52   |     1000     | ⏱️  Timeout 
    128      |   -776.82    |   -118.53    |   -114.92    |   -110.70    |      93      |  ❌ Failure  
    129      |   -3648.86   |   -1246.55   |   -1634.03   |   -1183.94   |     1000     | ⏱️  Timeout 
    130      |   -3604.74   |   -1218.57   |   -1100.88   |   -1274.24   |     1000     | ⏱️  Timeout 
  📊 统计 [Ep 130]: Actor Loss=18.8785, Critic Loss=21.7147, Alpha=0.0449, TD-error=1.8194, Beta=1.0000
    131      |    461.54    |   -181.45    |   -208.94    |   -278.02    |     186      |  ✅ Success  
    132      |   -3040.45   |   -1219.75   |   -1233.34   |   -1239.66   |     1000     | ⏱️  Timeout 
    133      |   -1965.80   |   -1013.47   |   -893.47    |   -1350.91   |     734      |  ✅ Success  
    134      |   -3442.51   |   -1485.31   |   -1064.21   |   -1343.82   |     1000     | ⏱️  Timeout 
    135      |    183.37    |   -246.90    |   -313.43    |   -312.93    |     210      |  ✅ Success  
    136      |   -3994.41   |   -1253.57   |   -1371.10   |   -1344.38   |     1000     | ⏱️  Timeout 
    137      |   -4549.72   |   -1455.75   |   -1250.50   |   -1295.66   |     1000     | ⏱️  Timeout 
    138      |   -3974.66   |   -1692.00   |   -1270.89   |   -1452.60   |     1000     | ⏱️  Timeout 
    139      |    419.07    |   -294.44    |   -318.99    |   -289.40    |     261      |  ✅ Success  
    140      |   -520.15    |    -7.59     |    -7.37     |    -7.85     |      7       |  ❌ Failure  
  📊 统计 [Ep 140]: Actor Loss=19.1641, Critic Loss=69.0947, Alpha=0.0322, TD-error=2.4386, Beta=1.0000
    141      |   -1116.92   |   -707.93    |   -713.59    |   -803.49    |     651      |  ✅ Success  
    142      |    609.51    |   -143.60    |   -138.49    |   -167.68    |     130      |  ✅ Success  
    143      |    605.20    |   -178.26    |   -169.00    |   -217.77    |     150      |  ✅ Success  
    144      |   -1126.38   |   -278.01    |   -300.11    |   -314.49    |     240      |  ❌ Failure  
    145      |   -660.93    |    -75.50    |    -60.86    |    -81.47    |      57      |  ❌ Failure  
    146      |   -3280.90   |   -1347.03   |   -1287.68   |   -1292.47   |     1000     | ⏱️  Timeout 
    147      |    266.68    |   -295.42    |   -369.37    |   -285.87    |     237      |  ✅ Success  
    148      |   -3013.94   |   -1204.93   |   -1489.63   |   -1309.10   |     1000     | ⏱️  Timeout 
    149      |   -3694.21   |   -1246.53   |   -1415.67   |   -1482.80   |     1000     | ⏱️  Timeout 
    150      |    663.59    |   -128.03    |   -150.49    |   -154.56    |     113      |  ✅ Success  
  📊 统计 [Ep 150]: Actor Loss=20.1265, Critic Loss=113.0250, Alpha=0.0822, TD-error=5.9746, Beta=1.0000
    151      |   -661.31    |   -593.29    |   -722.02    |   -648.38    |     527      |  ✅ Success  
    152      |    561.97    |   -174.59    |   -156.82    |   -164.49    |     128      |  ✅ Success  
    153      |    772.77    |    -75.88    |    -68.92    |    -70.49    |      61      |  ✅ Success  
    154      |    594.55    |   -132.74    |   -127.77    |   -141.13    |     113      |  ✅ Success  
    155      |    135.07    |   -266.95    |   -342.40    |   -281.30    |     214      |  ✅ Success  
    156      |    301.33    |   -253.38    |   -297.88    |   -255.01    |     226      |  ✅ Success  
    157      |   -491.32    |   -594.53    |   -603.82    |   -574.84    |     480      |  ✅ Success  
    158      |    615.71    |   -164.66    |   -139.06    |   -150.82    |     127      |  ✅ Success  
    159      |   -2381.56   |   -1183.15   |   -1122.90   |   -1157.27   |     938      |  ✅ Success  
    160      |    893.96    |    -46.59    |    -61.84    |    -60.77    |      53      |  ✅ Success  
  📊 统计 [Ep 160]: Actor Loss=20.7599, Critic Loss=36.2641, Alpha=0.0519, TD-error=2.7507, Beta=1.0000
    161      |   -644.07    |   -552.26    |   -529.94    |   -624.65    |     487      |  ✅ Success  
    162      |    532.65    |   -134.47    |   -147.76    |   -185.77    |     136      |  ✅ Success  
    163      |   -3416.66   |   -1279.23   |   -1257.54   |   -1270.08   |     1000     | ⏱️  Timeout 
    164      |   -3623.81   |   -1187.39   |   -1278.07   |   -1203.26   |     1000     | ⏱️  Timeout 
    165      |   -249.75    |   -390.56    |   -422.26    |   -385.03    |     323      |  ✅ Success  
    166      |    -76.50    |   -291.58    |   -294.58    |   -334.97    |     247      |  ✅ Success  
    167      |   -1910.71   |   -987.21    |   -1287.60   |   -1018.75   |     843      |  ✅ Success  
    168      |   -113.06    |   -344.55    |   -330.69    |   -343.20    |     279      |  ✅ Success  
    169      |    315.06    |   -194.80    |   -190.83    |   -315.69    |     169      |  ✅ Success  
    170      |   -1531.65   |   -360.50    |   -401.42    |   -456.41    |     363      |  ❌ Failure  
  📊 统计 [Ep 170]: Actor Loss=18.9383, Critic Loss=38.7150, Alpha=0.0333, TD-error=2.7324, Beta=1.0000
    171      |   -654.72    |    -54.72    |    -61.80    |    -67.64    |      53      |  ❌ Failure  
    172      |   -992.10    |   -730.02    |   -669.60    |   -751.57    |     501      |  ✅ Success  
    173      |   -749.77    |    -96.67    |    -69.15    |   -118.74    |      97      |  ❌ Failure  
    174      |   -1059.09   |   -201.32    |   -178.44    |   -205.72    |     168      |  ❌ Failure  
    175      |    799.96    |    -87.16    |    -76.90    |    -82.11    |      70      |  ✅ Success  
    176      |   -566.17    |    -22.62    |    -23.00    |    -23.77    |      20      |  ❌ Failure  
    177      |    901.97    |    -45.06    |    -44.54    |    -41.27    |      40      |  ✅ Success  
    178      |    842.04    |    -68.15    |    -67.59    |    -67.90    |      59      |  ✅ Success  
    179      |   -1078.96   |   -214.53    |   -248.78    |   -235.34    |     202      |  ❌ Failure  
    180      |   -918.44    |   -199.11    |   -168.30    |   -158.95    |     130      |  ❌ Failure  
  📊 统计 [Ep 180]: Actor Loss=19.4128, Critic Loss=57.8656, Alpha=0.0307, TD-error=3.3143, Beta=1.0000
    181      |    724.85    |   -129.29    |   -106.51    |   -117.59    |     103      |  ✅ Success  
    182      |    897.50    |    -42.08    |    -55.85    |    -50.78    |      47      |  ✅ Success  
    183      |    598.14    |   -138.84    |   -146.28    |   -149.91    |     124      |  ✅ Success  
    184      |   -761.39    |   -657.64    |   -651.16    |   -603.51    |     516      |  ✅ Success  
    185      |    436.63    |   -238.36    |   -232.79    |   -226.23    |     199      |  ✅ Success  
    186      |    372.05    |   -232.11    |   -230.80    |   -232.46    |     197      |  ✅ Success  
    187      |   -239.86    |   -367.61    |   -352.77    |   -459.99    |     298      |  ✅ Success  
    188      |    126.55    |   -375.66    |   -385.41    |   -367.94    |     326      |  ✅ Success  
    189      |   -1582.01   |   -1131.54   |   -1104.99   |   -1092.26   |     993      |  ✅ Success  
    190      |   -2460.89   |   -1253.20   |   -1118.89   |   -1198.96   |     1000     | ⏱️  Timeout 
  📊 统计 [Ep 190]: Actor Loss=18.0130, Critic Loss=55.3633, Alpha=0.0357, TD-error=2.9871, Beta=1.0000
    191      |   -2669.58   |   -1108.87   |   -1178.21   |   -1253.08   |     1000     | ⏱️  Timeout 
    192      |   -3504.76   |   -1260.14   |   -1167.56   |   -1315.92   |     1000     | ⏱️  Timeout 
    193      |   -3881.82   |   -1187.78   |   -1198.54   |   -1229.80   |     1000     | ⏱️  Timeout 
    194      |   -3968.07   |   -1258.72   |   -1342.80   |   -1281.57   |     1000     | ⏱️  Timeout 
    195      |   -4835.50   |   -1283.05   |   -1343.85   |   -1244.49   |     1000     | ⏱️  Timeout 
    196      |   -586.42    |    -36.48    |    -43.16    |    -41.17    |      32      |  ❌ Failure  
    197      |   -3393.90   |   -1323.27   |   -1094.37   |   -1231.11   |     1000     | ⏱️  Timeout 
    198      |   -4308.68   |   -1191.34   |   -1253.52   |   -1337.79   |     1000     | ⏱️  Timeout 
    199      |   -3678.35   |   -1115.78   |   -1170.53   |   -1337.91   |     1000     | ⏱️  Timeout 
    200      |   -3229.57   |   -1492.28   |   -1044.98   |   -1201.13   |     1000     | ⏱️  Timeout 
  📊 统计 [Ep 200]: Actor Loss=19.8939, Critic Loss=39.5155, Alpha=0.0446, TD-error=2.7065, Beta=1.0000
    201      |   -3889.44   |   -1327.48   |   -1158.73   |   -1264.21   |     1000     | ⏱️  Timeout 
    202      |   -3996.08   |   -1249.43   |   -1114.60   |   -1262.06   |     1000     | ⏱️  Timeout 
    203      |   -3996.36   |   -1171.23   |   -1020.68   |   -1248.90   |     1000     | ⏱️  Timeout 
    204      |   -4185.51   |   -1410.32   |   -1173.22   |   -1328.04   |     1000     | ⏱️  Timeout 
    205      |   -2118.40   |   -1005.79   |   -1069.86   |   -1093.05   |     1000     | ⏱️  Timeout 
    206      |   -2915.06   |   -1083.62   |   -1256.63   |   -1117.90   |     1000     | ⏱️  Timeout 
    207      |   -3341.39   |   -1061.46   |   -999.08    |   -1222.95   |     1000     | ⏱️  Timeout 
    208      |   -352.12    |   -570.75    |   -555.42    |   -699.80    |     610      |  ✅ Success  
    209      |    852.55    |    -77.30    |    -65.18    |    -68.74    |      59      |  ✅ Success  
    210      |    877.72    |    -46.70    |    -62.55    |    -55.93    |      43      |  ✅ Success  
  📊 统计 [Ep 210]: Actor Loss=18.2110, Critic Loss=33.8818, Alpha=0.0410, TD-error=2.4066, Beta=1.0000
    211      |   -3100.75   |   -1200.92   |   -1332.92   |   -1221.12   |     1000     | ⏱️  Timeout 
    212      |    852.17    |    -72.16    |    -67.61    |    -67.67    |      62      |  ✅ Success  
    213      |   -3976.61   |   -1170.48   |   -1160.66   |   -1255.88   |     1000     | ⏱️  Timeout 
    214      |   -519.98    |    -6.84     |    -7.20     |    -6.59     |      6       |  ❌ Failure  
    215      |    913.98    |    -43.40    |    -39.59    |    -39.71    |      37      |  ✅ Success  
    216      |    240.05    |   -324.07    |   -323.29    |   -369.95    |     302      |  ✅ Success  
    217      |   -3646.84   |   -1109.01   |   -970.72    |   -1260.85   |     1000     | ⏱️  Timeout 
    218      |   -2662.68   |   -928.48    |   -899.89    |   -1202.44   |     1000     | ⏱️  Timeout 
    219      |   -3563.66   |   -1069.48   |   -959.77    |   -1239.96   |     1000     | ⏱️  Timeout 
    220      |    914.28    |    -38.23    |    -39.73    |    -57.41    |      38      |  ✅ Success  
  📊 统计 [Ep 220]: Actor Loss=12.9342, Critic Loss=39.3245, Alpha=0.0622, TD-error=2.8292, Beta=1.0000
    221      |   -3155.20   |   -1147.66   |   -981.42    |   -1143.96   |     1000     | ⏱️  Timeout 
    222      |   -377.77    |   -800.62    |   -681.29    |   -798.72    |     590      |  ✅ Success  
    223      |   -3323.88   |   -1021.96   |   -1054.09   |   -1208.49   |     1000     | ⏱️  Timeout 
    224      |   -2085.30   |   -762.44    |   -788.69    |   -1178.86   |     1000     | ⏱️  Timeout 
    225      |   -3870.10   |   -1172.75   |   -1128.52   |   -1238.87   |     1000     | ⏱️  Timeout 
    226      |   -801.02    |   -643.62    |   -605.49    |   -846.60    |     710      |  ✅ Success  
    227      |    87.28     |   -372.04    |   -300.37    |   -423.18    |     330      |  ✅ Success  
    228      |    633.49    |   -159.78    |   -209.50    |   -166.70    |     140      |  ✅ Success  
    229      |   -3882.48   |   -1272.03   |   -999.07    |   -1185.78   |     1000     | ⏱️  Timeout 
    230      |   -2149.63   |   -999.15    |   -863.57    |   -1059.79   |     851      |  ✅ Success  
  📊 统计 [Ep 230]: Actor Loss=15.4182, Critic Loss=15.7608, Alpha=0.0421, TD-error=1.5644, Beta=1.0000
    231      |    70.71     |   -295.17    |   -407.62    |   -291.26    |     278      |  ✅ Success  
    232      |    143.80    |   -320.05    |   -309.12    |   -419.05    |     351      |  ✅ Success  
    233      |   -729.85    |   -684.87    |   -699.56    |   -655.03    |     491      |  ✅ Success  
    234      |    469.35    |   -215.27    |   -200.13    |   -266.07    |     231      |  ✅ Success  
    235      |   -126.62    |   -559.15    |   -358.53    |   -498.98    |     420      |  ✅ Success  
    236      |   -3715.71   |   -1144.02   |   -1058.07   |   -1172.02   |     1000     | ⏱️  Timeout 
    237      |   -283.28    |   -372.88    |   -493.72    |   -585.91    |     470      |  ✅ Success  
    238      |   -1388.55   |   -770.24    |   -700.41    |   -1452.92   |     820      |  ✅ Success  
    239      |    198.88    |   -366.15    |   -261.93    |   -441.97    |     368      |  ✅ Success  
    240      |    -88.86    |   -345.76    |   -381.04    |   -410.24    |     326      |  ✅ Success  
  📊 统计 [Ep 240]: Actor Loss=7.9608, Critic Loss=45.8656, Alpha=0.0680, TD-error=3.1802, Beta=1.0000
    241      |   -1917.11   |   -1159.14   |   -824.73    |   -949.62    |     799      |  ✅ Success  
    242      |   -3350.10   |   -1180.15   |   -1114.75   |   -1223.63   |     1000     | ⏱️  Timeout 
    243      |   -3060.04   |   -1275.21   |   -848.66    |   -1326.27   |     1000     | ⏱️  Timeout 
    244      |    79.55     |   -377.11    |   -233.26    |   -479.78    |     397      |  ✅ Success  
    245      |   -465.32    |   -558.51    |   -508.57    |   -731.96    |     579      |  ✅ Success  
    246      |   -2154.42   |   -1006.92   |   -655.07    |   -1483.61   |     1000     | ⏱️  Timeout 
    247      |    876.17    |    -62.67    |    -53.71    |    -54.53    |      48      |  ✅ Success  
    248      |   -1500.46   |   -329.23    |   -374.25    |   -435.41    |     360      |  ❌ Failure  
    249      |    606.02    |   -179.42    |   -143.95    |   -171.71    |     146      |  ✅ Success  
    250      |   -1700.86   |   -671.71    |   -601.56    |   -674.58    |     545      |  ❌ Failure  
  📊 统计 [Ep 250]: Actor Loss=5.4673, Critic Loss=65.0703, Alpha=0.0591, TD-error=4.0988, Beta=1.0000
    251      |   -514.81    |    -5.51     |    -5.45     |    -5.30     |      5       |  ❌ Failure  
    252      |   -918.35    |   -180.41    |   -118.95    |   -237.62    |     176      |  ❌ Failure  
    253      |    280.77    |   -244.06    |   -271.82    |   -402.15    |     314      |  ✅ Success  
    254      |    380.57    |   -268.89    |   -205.69    |   -320.56    |     269      |  ✅ Success  
    255      |   -1023.62   |   -760.24    |   -731.67    |   -828.56    |     711      |  ✅ Success  
    256      |    410.16    |   -229.05    |   -219.13    |   -214.85    |     180      |  ✅ Success  
    257      |    758.99    |   -110.13    |    -87.96    |    -90.17    |      82      |  ✅ Success  
    258      |    482.96    |   -209.35    |   -207.74    |   -198.05    |     174      |  ✅ Success  
    259      |    834.52    |    -69.45    |    -78.71    |    -68.95    |      63      |  ✅ Success  
    260      |    834.87    |    -73.77    |    -79.49    |    -63.63    |      59      |  ✅ Success  
  📊 统计 [Ep 260]: Actor Loss=5.6086, Critic Loss=93.2917, Alpha=0.0849, TD-error=6.1286, Beta=1.0000
    261      |   -399.14    |   -564.43    |   -561.69    |   -539.12    |     443      |  ✅ Success  
    262      |   -1531.72   |   -913.26    |   -840.11    |   -867.55    |     722      |  ✅ Success  
    263      |   -2913.61   |   -1348.49   |   -1087.21   |   -1176.96   |     1000     | ⏱️  Timeout 
    264      |    616.43    |   -160.29    |   -216.62    |   -140.54    |     119      |  ✅ Success  
    265      |    866.88    |    -54.48    |    -53.56    |    -56.29    |      50      |  ✅ Success  
    266      |   -2947.10   |   -813.99    |   -1293.04   |   -1309.57   |     1000     | ⏱️  Timeout 
    267      |   -2404.24   |   -874.30    |   -916.62    |   -1089.93   |     1000     | ⏱️  Timeout 
    268      |    253.49    |   -303.03    |   -403.29    |   -277.57    |     248      |  ✅ Success  
    269      |   -563.59    |    -21.89    |    -20.62    |    -21.31    |      20      |  ❌ Failure  
    270      |    63.32     |   -320.60    |   -373.19    |   -357.94    |     324      |  ✅ Success  
  📊 统计 [Ep 270]: Actor Loss=10.2405, Critic Loss=66.9124, Alpha=0.1042, TD-error=4.2410, Beta=1.0000
    271      |   -643.93    |   -547.45    |   -546.37    |   -697.02    |     540      |  ✅ Success  
    272      |   -4269.26   |   -1563.86   |   -1356.92   |   -1453.15   |     1000     | ⏱️  Timeout 
    273      |    769.15    |   -100.20    |    -92.99    |    -92.52    |      78      |  ✅ Success  
    274      |   -2065.94   |   -892.81    |   -1440.88   |   -964.99    |     824      |  ✅ Success  
    275      |   -702.37    |   -634.96    |   -561.70    |   -695.46    |     641      |  ✅ Success  
    276      |   -3017.61   |   -934.67    |   -977.07    |   -1131.44   |     1000     | ⏱️  Timeout 
    277      |   -3243.57   |   -1008.43   |   -1084.00   |   -1210.32   |     1000     | ⏱️  Timeout 
    278      |   -630.31    |   -647.87    |   -587.31    |   -894.22    |     775      |  ✅ Success  
    279      |   -415.57    |   -569.99    |   -545.49    |   -650.16    |     594      |  ✅ Success  
    280      |   -2250.71   |   -830.17    |   -775.36    |   -1089.71   |     1000     | ⏱️  Timeout 
  📊 统计 [Ep 280]: Actor Loss=7.6236, Critic Loss=69.7161, Alpha=0.1231, TD-error=4.3373, Beta=1.0000
    281      |   -1060.10   |   -782.60    |   -747.51    |   -1054.43   |     867      |  ✅ Success  
    282      |    836.19    |    -71.95    |    -74.65    |    -58.80    |      52      |  ✅ Success  
    283      |    707.41    |   -106.52    |   -113.21    |   -166.04    |      95      |  ✅ Success  
    284      |   -549.49    |    -15.02    |    -14.79    |    -15.00    |      14      |  ❌ Failure  
    285      |    30.58     |   -366.66    |   -400.10    |   -357.01    |     324      |  ✅ Success  
    286      |    562.02    |   -179.19    |   -231.82    |   -187.72    |     164      |  ✅ Success  
    287      |    459.14    |   -225.22    |   -224.20    |   -248.45    |     199      |  ✅ Success  
    288      |    518.41    |   -229.63    |   -254.08    |   -248.01    |     209      |  ✅ Success  
    289      |    142.77    |   -316.96    |   -348.44    |   -418.56    |     392      |  ✅ Success  
    290      |   -266.65    |   -466.10    |   -427.60    |   -537.14    |     472      |  ✅ Success  
  📊 统计 [Ep 290]: Actor Loss=10.1673, Critic Loss=70.7703, Alpha=0.1038, TD-error=4.8474, Beta=1.0000
    291      |    859.61    |    -55.36    |    -51.02    |    -66.59    |      45      |  ✅ Success  
    292      |    58.71     |   -343.50    |   -489.17    |   -393.46    |     387      |  ✅ Success  
    293      |   -3601.61   |   -1473.82   |   -1342.79   |   -1742.05   |     1000     | ⏱️  Timeout 
    294      |    447.13    |   -153.61    |   -184.11    |   -180.59    |     152      |  ✅ Success  
    295      |    819.55    |    -71.65    |    -68.15    |    -71.07    |      62      |  ✅ Success  
    296      |    601.92    |   -153.16    |   -159.98    |   -194.35    |     149      |  ✅ Success  
    297      |    806.62    |    -76.15    |    -77.58    |    -78.49    |      70      |  ✅ Success  
    298      |    406.28    |   -213.51    |   -217.07    |   -231.43    |     205      |  ✅ Success  
    299      |    755.80    |    -93.36    |    -94.04    |    -94.77    |      81      |  ✅ Success  
    300      |   -1126.16   |   -723.50    |   -738.82    |   -819.43    |     708      |  ✅ Success  
  📊 统计 [Ep 300]: Actor Loss=6.4388, Critic Loss=88.8567, Alpha=0.0813, TD-error=4.6807, Beta=1.0000
    301      |   -145.88    |   -376.18    |   -371.82    |   -338.34    |     294      |  ✅ Success  
    302      |    457.13    |   -160.83    |   -206.42    |   -179.87    |     143      |  ✅ Success  
    303      |   -2074.52   |   -768.65    |   -726.16    |   -1108.86   |     1000     | ⏱️  Timeout 
    304      |   -2571.44   |   -718.77    |   -658.45    |   -718.46    |     592      |  ❌ Failure  
    305      |   -2846.86   |   -1047.98   |   -961.79    |   -1179.32   |     809      |  ❌ Failure  
    306      |    785.72    |    -93.98    |    -81.75    |    -88.12    |      78      |  ✅ Success  
    307      |    791.69    |    -84.43    |   -101.04    |    -95.43    |      82      |  ✅ Success  
    308      |   -1488.07   |   -353.25    |   -374.44    |   -565.73    |     480      |  ❌ Failure  
    309      |    850.43    |    -56.43    |    -53.76    |    -54.38    |      49      |  ✅ Success  
    310      |    201.13    |   -345.66    |   -268.29    |   -318.41    |     276      |  ✅ Success  
  📊 统计 [Ep 310]: Actor Loss=15.5539, Critic Loss=81.9941, Alpha=0.0706, TD-error=4.5997, Beta=1.0000
    311      |   -1452.68   |   -823.13    |   -870.71    |   -911.87    |     793      |  ✅ Success  
    312      |    854.34    |    -61.36    |    -73.55    |    -71.82    |      56      |  ✅ Success  
    313      |    591.66    |   -189.42    |   -138.14    |   -195.04    |     171      |  ✅ Success  
    314      |   -127.52    |   -531.57    |   -536.56    |   -457.27    |     409      |  ✅ Success  
    315      |   -3541.71   |   -1245.01   |   -1200.06   |   -1364.96   |     1000     | ⏱️  Timeout 
    316      |   -909.13    |   -162.08    |   -164.42    |   -183.76    |     154      |  ❌ Failure  
    317      |   -1488.50   |   -386.26    |   -335.43    |   -384.24    |     344      |  ❌ Failure  
    318      |   -2705.91   |   -1272.47   |   -1303.71   |   -1159.01   |     1000     | ⏱️  Timeout 
    319      |   -715.04    |   -528.10    |   -590.29    |   -594.02    |     450      |  ✅ Success  
    320      |    339.61    |   -336.53    |   -237.25    |   -258.74    |     224      |  ✅ Success  
  📊 统计 [Ep 320]: Actor Loss=18.9230, Critic Loss=66.3862, Alpha=0.0607, TD-error=3.8746, Beta=1.0000
    321      |   -3798.28   |   -1167.78   |   -1563.42   |   -1260.71   |     1000     | ⏱️  Timeout 
    322      |   -103.86    |   -434.07    |   -346.63    |   -359.59    |     264      |  ✅ Success  
    323      |   -886.22    |   -652.56    |   -605.01    |   -670.37    |     591      |  ✅ Success  
    324      |    725.74    |   -117.42    |   -102.04    |   -102.86    |      92      |  ✅ Success  
    325      |    852.96    |   -105.34    |    -73.94    |    -56.01    |      50      |  ✅ Success  
    326      |    866.30    |    -51.16    |    -55.28    |    -56.30    |      48      |  ✅ Success  
    327      |    891.23    |    -44.96    |    -52.48    |    -46.63    |      42      |  ✅ Success  
    328      |    272.29    |   -241.10    |   -229.97    |   -233.57    |     204      |  ✅ Success  
    329      |    892.86    |    -42.17    |    -47.00    |    -46.30    |      42      |  ✅ Success  
    330      |   -1177.77   |   -211.03    |   -233.45    |   -176.79    |     172      |  ❌ Failure  
  📊 统计 [Ep 330]: Actor Loss=13.2872, Critic Loss=83.2085, Alpha=0.0639, TD-error=4.8241, Beta=1.0000
    331      |   -386.30    |   -576.48    |   -488.94    |   -419.27    |     371      |  ✅ Success  
    332      |   -695.96    |    -68.85    |    -98.43    |    -65.31    |      52      |  ❌ Failure  
    333      |    903.57    |    -39.49    |    -58.17    |    -40.32    |      36      |  ✅ Success  
    334      |    897.02    |    -42.48    |    -54.16    |    -44.08    |      39      |  ✅ Success  
    335      |    907.12    |    -42.34    |    -40.59    |    -54.73    |      39      |  ✅ Success  
    336      |   -691.49    |    -80.62    |    -57.54    |    -66.81    |      57      |  ❌ Failure  
    337      |    744.60    |   -100.47    |   -108.10    |    -93.43    |      85      |  ✅ Success  
    338      |    618.32    |   -151.88    |   -156.18    |   -143.13    |     128      |  ✅ Success  
    339      |   -1575.53   |   -979.09    |   -920.63    |   -1318.46   |     797      |  ✅ Success  
    340      |    891.29    |    -60.23    |    -44.35    |    -45.33    |      41      |  ✅ Success  
  📊 统计 [Ep 340]: Actor Loss=11.8565, Critic Loss=88.0916, Alpha=0.0819, TD-error=5.4260, Beta=1.0000
    341      |    893.93    |    -62.41    |    -43.33    |    -50.29    |      40      |  ✅ Success  
    342      |    906.52    |    -39.17    |    -39.66    |    -41.62    |      36      |  ✅ Success  
    343      |    422.07    |   -242.58    |   -260.95    |   -287.48    |     288      |  ✅ Success  
    344      |    383.26    |   -293.75    |   -221.78    |   -221.89    |     183      |  ✅ Success  
    345      |    733.37    |   -118.04    |   -144.46    |   -106.29    |      95      |  ✅ Success  
    346      |    866.94    |    -52.79    |    -59.98    |    -66.97    |      50      |  ✅ Success  
    347      |    787.93    |    -89.75    |    -74.75    |    -98.83    |      68      |  ✅ Success  
    348      |    795.21    |    -74.18    |    -74.32    |    -74.76    |      65      |  ✅ Success  
    349      |    719.84    |   -121.89    |   -111.25    |   -138.23    |     121      |  ✅ Success  
    350      |    899.17    |    -51.80    |    -40.05    |    -44.47    |      38      |  ✅ Success  
  📊 统计 [Ep 350]: Actor Loss=8.6087, Critic Loss=108.7847, Alpha=0.1006, TD-error=6.3331, Beta=1.0000
    351      |    703.54    |   -106.19    |   -113.56    |   -115.81    |      91      |  ✅ Success  
    352      |   -3027.38   |   -1168.20   |   -775.66    |   -1082.02   |     1000     | ⏱️  Timeout 
    353      |    876.18    |    -54.78    |    -54.30    |    -57.50    |      46      |  ✅ Success  
    354      |   -1995.55   |   -916.13    |   -978.40    |   -1014.66   |     854      |  ✅ Success  
    355      |    478.10    |   -183.93    |   -214.77    |   -172.75    |     155      |  ✅ Success  
    356      |    866.99    |    -62.75    |    -53.64    |    -54.64    |      49      |  ✅ Success  
    357      |   -4569.31   |   -1291.75   |   -1520.76   |   -1374.66   |     1000     | ⏱️  Timeout 
    358      |   -3328.36   |   -1312.90   |   -1058.66   |   -1166.44   |     1000     | ⏱️  Timeout 
    359      |   -2093.63   |   -478.87    |   -411.70    |   -525.51    |     400      |  ❌ Failure  
    360      |   -2648.84   |   -999.03    |   -1087.01   |   -1143.24   |     930      |  ❌ Failure  
  📊 统计 [Ep 360]: Actor Loss=10.8407, Critic Loss=76.6356, Alpha=0.0688, TD-error=4.1920, Beta=1.0000
    361      |    861.64    |    -49.54    |    -81.61    |    -84.44    |      48      |  ✅ Success  
    362      |    895.55    |    -42.91    |    -43.53    |    -75.65    |      41      |  ✅ Success  
    363      |    384.89    |   -230.61    |   -252.39    |   -280.34    |     208      |  ✅ Success  
    364      |   -1325.14   |   -641.90    |   -878.33    |   -880.49    |     659      |  ✅ Success  
    365      |    914.01    |    -36.63    |    -37.87    |    -37.92    |      34      |  ✅ Success  
    366      |   -1995.74   |   -893.03    |   -809.78    |   -1232.87   |     1000     | ⏱️  Timeout 
    367      |   -3742.02   |   -990.65    |   -1483.48   |   -1660.24   |     1000     | ⏱️  Timeout 
    368      |    901.89    |    -43.13    |    -41.77    |    -43.36    |      40      |  ✅ Success  
    369      |    607.02    |   -146.46    |   -124.26    |   -120.44    |     109      |  ✅ Success  
    370      |   -3668.83   |   -1163.63   |   -1126.74   |   -1500.59   |     1000     | ⏱️  Timeout 
  📊 统计 [Ep 370]: Actor Loss=9.2883, Critic Loss=84.9754, Alpha=0.0809, TD-error=4.8345, Beta=1.0000
    371      |   -4550.55   |   -1330.94   |   -1545.64   |   -1108.03   |     1000     | ⏱️  Timeout 
    372      |   -4330.90   |   -1298.67   |   -1190.71   |   -1168.43   |     1000     | ⏱️  Timeout 
    373      |    619.65    |   -131.28    |   -161.67    |   -127.02    |     115      |  ✅ Success  
    374      |    -94.55    |   -308.10    |   -348.30    |   -304.61    |     272      |  ✅ Success  
    375      |    844.84    |    -52.38    |    -58.89    |    -81.61    |      47      |  ✅ Success  
    376      |    572.73    |   -157.79    |   -210.00    |   -148.77    |     140      |  ✅ Success  
    377      |    763.19    |    -75.96    |    -91.04    |   -113.99    |      68      |  ✅ Success  
    378      |    847.21    |    -63.08    |    -77.68    |    -63.95    |      57      |  ✅ Success  
    379      |    843.14    |    -55.32    |    -60.40    |    -59.24    |      50      |  ✅ Success  
    380      |    248.91    |   -218.18    |   -215.45    |   -242.82    |     193      |  ✅ Success  
  📊 统计 [Ep 380]: Actor Loss=10.0714, Critic Loss=88.9061, Alpha=0.0576, TD-error=4.7462, Beta=1.0000
    381      |   -3811.22   |   -1399.15   |   -1051.83   |   -1091.30   |     1000     | ⏱️  Timeout 
    382      |    857.60    |    -61.50    |    -63.25    |    -58.29    |      52      |  ✅ Success  
    383      |   -1607.28   |   -756.47    |   -766.69    |   -790.52    |     686      |  ✅ Success  
    384      |    838.35    |    -80.04    |    -67.28    |    -62.06    |      55      |  ✅ Success  
    385      |    690.35    |   -112.42    |   -112.29    |   -129.36    |      94      |  ✅ Success  
    386      |    509.81    |   -159.93    |   -189.37    |   -172.60    |     131      |  ✅ Success  
    387      |    674.40    |   -109.90    |   -103.36    |   -102.25    |      87      |  ✅ Success  
    388      |    721.43    |    -90.87    |   -105.54    |    -97.32    |      81      |  ✅ Success  
    389      |    920.25    |    -34.79    |    -34.39    |    -35.83    |      32      |  ✅ Success  
    390      |    910.92    |    -47.97    |    -35.35    |    -38.21    |      33      |  ✅ Success  
  📊 统计 [Ep 390]: Actor Loss=6.8790, Critic Loss=121.2927, Alpha=0.0522, TD-error=6.1338, Beta=1.0000
    391      |   -1598.70   |   -816.38    |   -866.81    |   -822.40    |     810      |  ✅ Success  
    392      |    811.41    |    -72.11    |    -61.62    |    -76.07    |      63      |  ✅ Success  
    393      |    864.95    |    -58.25    |    -53.30    |    -76.31    |      48      |  ✅ Success  
    394      |    481.88    |   -177.43    |   -193.72    |   -154.59    |     129      |  ✅ Success  
    395      |    230.82    |   -264.10    |   -228.43    |   -202.29    |     166      |  ✅ Success  
    396      |    915.88    |    -36.17    |    -36.69    |    -37.11    |      33      |  ✅ Success  
    397      |   -379.65    |   -408.77    |   -408.51    |   -358.72    |     314      |  ✅ Success  
    398      |    862.55    |    -53.74    |    -59.78    |    -58.12    |      50      |  ✅ Success  
    399      |    451.02    |   -206.90    |   -172.45    |   -170.31    |     149      |  ✅ Success  
    400      |    753.90    |    -82.40    |   -128.48    |    -86.36    |      71      |  ✅ Success  
  📊 统计 [Ep 400]: Actor Loss=2.5170, Critic Loss=143.9661, Alpha=0.0709, TD-error=7.2147, Beta=1.0000
    401      |   -2247.06   |   -978.64    |   -1348.31   |   -992.92    |     912      |  ✅ Success  
    402      |   -3789.83   |   -1181.02   |   -1295.34   |   -1051.30   |     1000     | ⏱️  Timeout 
    403      |   -882.47    |   -593.31    |   -544.71    |   -572.84    |     472      |  ✅ Success  
    404      |   -522.26    |    -7.91     |    -7.83     |    -7.54     |      7       |  ❌ Failure  
    405      |   -4552.14   |   -1472.99   |   -1299.78   |   -1319.28   |     1000     | ⏱️  Timeout 
    406      |   -580.52    |    -25.08    |    -25.47    |    -25.37    |      23      |  ❌ Failure  
    407      |   -4236.41   |   -1219.00   |   -1158.54   |   -1127.88   |     1000     | ⏱️  Timeout 
    408      |   -4285.23   |   -1258.76   |   -1183.95   |   -1120.17   |     1000     | ⏱️  Timeout 
    409      |    931.49    |    -32.36    |    -36.63    |    -31.88    |      30      |  ✅ Success  
    410      |   -4150.98   |   -1443.69   |   -1499.29   |   -1355.33   |     1000     | ⏱️  Timeout 
  📊 统计 [Ep 410]: Actor Loss=5.5877, Critic Loss=92.2559, Alpha=0.0710, TD-error=5.1158, Beta=1.0000
    411      |    893.70    |    -44.65    |    -45.59    |    -46.98    |      42      |  ✅ Success  
    412      |   -4923.69   |   -1410.51   |   -1470.92   |   -1358.64   |     1000     | ⏱️  Timeout 
    413      |   -4315.33   |   -1366.54   |   -1273.50   |   -1379.08   |     1000     | ⏱️  Timeout 
    414      |    927.78    |    -35.08    |    -37.30    |    -33.61    |      31      |  ✅ Success  
    415      |   -4325.34   |   -1409.78   |   -1285.70   |   -1701.81   |     1000     | ⏱️  Timeout 
    416      |   -3848.59   |   -1365.34   |   -1462.15   |   -1593.17   |     1000     | ⏱️  Timeout 
    417      |   -4015.55   |   -1249.99   |   -1323.61   |   -1507.24   |     1000     | ⏱️  Timeout 
    418      |   -3376.06   |   -1350.85   |   -1318.54   |   -1379.30   |     1000     | ⏱️  Timeout 
    419      |   -3222.04   |   -1419.39   |   -1333.17   |   -1207.27   |     1000     | ⏱️  Timeout 
    420      |   -2674.10   |   -1270.28   |   -1205.91   |   -1213.17   |     1000     | ⏱️  Timeout 
  📊 统计 [Ep 420]: Actor Loss=2.2779, Critic Loss=65.8241, Alpha=0.0404, TD-error=3.6466, Beta=1.0000
    421      |    117.11    |   -431.32    |   -423.59    |   -513.98    |     322      |  ✅ Success  
    422      |    -71.04    |   -476.42    |   -457.77    |   -471.83    |     377      |  ✅ Success  
    423      |   -1381.26   |   -1260.69   |   -1129.05   |   -1215.47   |     932      |  ✅ Success  
    424      |   -3063.05   |   -1199.64   |   -1351.49   |   -1562.99   |     922      |  ❌ Failure  
    425      |   -1006.25   |   -209.85    |   -228.80    |   -170.74    |     142      |  ❌ Failure  
    426      |    561.92    |   -223.44    |   -191.53    |   -188.71    |     151      |  ✅ Success  
    427      |    -2.36     |   -340.80    |   -390.14    |   -345.24    |     300      |  ✅ Success  
    428      |   -859.05    |   -990.99    |   -923.87    |   -911.17    |     613      |  ✅ Success  
    429      |   -522.19    |    -8.01     |    -7.74     |    -8.02     |      7       |  ❌ Failure  
    430      |    702.69    |   -155.21    |   -145.19    |   -170.06    |     114      |  ✅ Success  
  📊 统计 [Ep 430]: Actor Loss=15.8835, Critic Loss=71.7439, Alpha=0.0413, TD-error=3.9548, Beta=1.0000
    431      |   -750.95    |   -517.78    |   -552.14    |   -534.89    |     426      |  ✅ Success  
    432      |   -3146.47   |   -1300.39   |   -1339.35   |   -1234.57   |     1000     | ⏱️  Timeout 
    433      |   -3549.93   |   -1448.60   |   -1354.26   |   -1243.75   |     1000     | ⏱️  Timeout 
    434      |    566.35    |   -181.53    |   -181.18    |   -213.57    |     128      |  ✅ Success  
    435      |   -1126.06   |   -1016.58   |   -842.03    |   -794.33    |     686      |  ✅ Success  
    436      |   -508.55    |   -610.05    |   -743.93    |   -600.26    |     477      |  ✅ Success  
    437      |    797.99    |    -83.71    |    -76.73    |    -94.71    |      68      |  ✅ Success  
    438      |   -3066.78   |   -1176.00   |   -1189.09   |   -1449.13   |     1000     | ⏱️  Timeout 
    439      |   -107.21    |   -406.52    |   -487.72    |   -421.37    |     358      |  ✅ Success  
    440      |    300.46    |   -320.82    |   -276.40    |   -265.97    |     226      |  ✅ Success  
  📊 统计 [Ep 440]: Actor Loss=22.8660, Critic Loss=40.3189, Alpha=0.0554, TD-error=3.0137, Beta=1.0000
    441      |    750.75    |   -109.68    |   -112.56    |   -101.01    |      77      |  ✅ Success  
    442      |    790.08    |    -85.58    |    -86.02    |    -82.26    |      66      |  ✅ Success  
    443      |    546.57    |   -225.61    |   -182.07    |   -174.25    |     148      |  ✅ Success  
    444      |   -2139.78   |   -1121.57   |   -1365.22   |   -1131.19   |     967      |  ✅ Success  
    445      |   -3420.36   |   -1194.93   |   -1262.96   |   -1223.29   |     1000     | ⏱️  Timeout 
    446      |   -3445.88   |   -1139.90   |   -1280.87   |   -1171.40   |     1000     | ⏱️  Timeout 
    447      |   -2913.22   |   -1157.60   |   -1213.42   |   -1397.23   |     1000     | ⏱️  Timeout 
    448      |    665.18    |   -154.63    |   -162.95    |   -144.15    |     122      |  ✅ Success  
    449      |    -25.82    |   -390.74    |   -381.98    |   -328.72    |     268      |  ✅ Success  
    450      |    672.18    |   -126.69    |   -162.92    |   -129.42    |     103      |  ✅ Success  
  📊 统计 [Ep 450]: Actor Loss=21.1578, Critic Loss=39.7361, Alpha=0.0636, TD-error=3.4213, Beta=1.0000
    451      |    642.79    |   -147.39    |   -133.69    |   -132.97    |     108      |  ✅ Success  
    452      |   -424.14    |   -574.91    |   -636.27    |   -539.31    |     467      |  ✅ Success  
    453      |    685.91    |   -205.78    |   -125.66    |   -136.69    |     101      |  ✅ Success  
    454      |   -3034.76   |   -1190.21   |   -1271.25   |   -1147.50   |     1000     | ⏱️  Timeout 
    455      |    -69.80    |   -421.11    |   -540.70    |   -401.65    |     346      |  ✅ Success  
    456      |   -3162.21   |   -1125.86   |   -1289.93   |   -1149.46   |     1000     | ⏱️  Timeout 
    457      |   -1909.83   |   -1175.69   |   -1132.04   |   -1059.56   |     865      |  ✅ Success  
    458      |    590.73    |   -193.80    |   -155.23    |   -224.76    |     124      |  ✅ Success  
    459      |   -3821.61   |   -1204.73   |   -1277.84   |   -1417.29   |     1000     | ⏱️  Timeout 
    460      |   -127.17    |   -380.77    |   -384.48    |   -453.70    |     268      |  ✅ Success  
  📊 统计 [Ep 460]: Actor Loss=17.6856, Critic Loss=52.7161, Alpha=0.0754, TD-error=4.0570, Beta=1.0000
    461      |   -1600.43   |   -837.65    |   -997.83    |   -1126.82   |     672      |  ✅ Success  
    462      |   -4431.12   |   -1574.55   |   -1479.61   |   -1224.34   |     1000     | ⏱️  Timeout 
    463      |   -256.41    |   -484.97    |   -497.70    |   -470.69    |     397      |  ✅ Success  
    464      |    464.95    |   -251.90    |   -226.82    |   -245.02    |     194      |  ✅ Success  
    465      |    667.16    |   -174.09    |   -153.29    |   -151.31    |     124      |  ✅ Success  
    466      |    243.91    |   -272.73    |   -320.04    |   -276.45    |     235      |  ✅ Success  
    467      |   -165.65    |   -334.88    |   -381.71    |   -353.12    |     245      |  ✅ Success  
    468      |   -548.18    |   -611.91    |   -725.32    |   -581.78    |     504      |  ✅ Success  
    469      |   -128.44    |   -433.88    |   -413.01    |   -410.39    |     341      |  ✅ Success  
    470      |    297.93    |   -253.39    |   -260.65    |   -249.30    |     193      |  ✅ Success  
  📊 统计 [Ep 470]: Actor Loss=14.1219, Critic Loss=75.4354, Alpha=0.0795, TD-error=5.5643, Beta=1.0000
    471      |   -581.59    |   -607.64    |   -708.79    |   -622.87    |     543      |  ✅ Success  
    472      |   -239.33    |   -505.30    |   -424.77    |   -424.79    |     324      |  ✅ Success  
    473      |   -4075.32   |   -1393.70   |   -1195.79   |   -1203.80   |     1000     | ⏱️  Timeout 
    474      |   -3924.24   |   -1391.20   |   -1368.65   |   -1336.81   |     1000     | ⏱️  Timeout 
    475      |   -4136.08   |   -1294.83   |   -1247.61   |   -1247.54   |     1000     | ⏱️  Timeout 
    476      |   -3391.66   |   -1155.72   |   -1190.91   |   -1161.15   |     1000     | ⏱️  Timeout 
    477      |   -2837.65   |   -1195.33   |   -1234.83   |   -1116.23   |     1000     | ⏱️  Timeout 
    478      |   -2771.71   |   -1132.40   |   -1042.98   |   -1081.45   |     1000     | ⏱️  Timeout 
    479      |   -2265.15   |   -1038.19   |   -1068.31   |   -1059.55   |     1000     | ⏱️  Timeout 
    480      |   -2700.32   |   -1121.82   |   -951.97    |   -1101.16   |     1000     | ⏱️  Timeout 
  📊 统计 [Ep 480]: Actor Loss=17.5659, Critic Loss=20.6910, Alpha=0.0263, TD-error=1.8030, Beta=1.0000
    481      |    86.62     |   -406.14    |   -311.19    |   -328.67    |     290      |  ✅ Success  
    482      |   -1966.30   |   -1136.49   |   -1039.73   |   -959.20    |     1000     | ⏱️  Timeout 
    483      |    729.22    |   -190.30    |   -162.23    |   -172.04    |     129      |  ✅ Success  
    484      |    394.99    |   -321.05    |   -209.60    |   -199.91    |     183      |  ✅ Success  
    485      |   -348.11    |   -515.02    |   -532.44    |   -631.29    |     455      |  ✅ Success  
    486      |    800.44    |   -101.13    |    -93.03    |    -88.52    |      75      |  ✅ Success  
    487      |    763.60    |    -92.84    |   -104.25    |    -96.72    |      79      |  ✅ Success  
    488      |    832.85    |    -78.97    |    -72.82    |    -74.79    |      66      |  ✅ Success  
    489      |    691.03    |   -131.62    |   -118.08    |   -228.23    |      96      |  ✅ Success  
    490      |    234.67    |   -370.48    |   -333.23    |   -351.72    |     322      |  ✅ Success  
  📊 统计 [Ep 490]: Actor Loss=16.6435, Critic Loss=42.7906, Alpha=0.0282, TD-error=3.3860, Beta=1.0000
    491      |   -1854.85   |   -1098.07   |   -1009.47   |   -994.55    |     1000     | ⏱️  Timeout 
    492      |   -2061.34   |   -1061.86   |   -1039.94   |   -1034.16   |     1000     | ⏱️  Timeout 
    493      |   -527.34    |    -8.70     |    -8.55     |    -8.74     |      8       |  ❌ Failure  
    494      |    806.30    |   -106.85    |    -82.28    |   -102.91    |      75      |  ✅ Success  
    495      |    80.61     |   -411.35    |   -558.76    |   -386.37    |     398      |  ✅ Success  
    496      |   -186.44    |   -677.87    |   -676.91    |   -544.24    |     536      |  ✅ Success  
    497      |    798.29    |   -100.17    |    -98.56    |    -92.68    |      81      |  ✅ Success  
    498      |    843.09    |    -75.40    |    -82.20    |    -79.83    |      67      |  ✅ Success  
    499      |   -2112.96   |   -1261.19   |   -1564.71   |   -1279.22   |     870      |  ✅ Success  
✅ 训练数据已保存: /home/zhangpeng/UAV_PATH_PLANNING/runs/exp_baseline_20251029_213156/training_data.pkl
✅ 总奖励曲线已保存: /home/zhangpeng/UAV_PATH_PLANNING/runs/exp_baseline_20251029_213156/plots/total_reward.png
✅ Leader奖励曲线已保存: /home/zhangpeng/UAV_PATH_PLANNING/runs/exp_baseline_20251029_213156/plots/leader_reward.png
✅ Follower奖励曲线已保存: /home/zhangpeng/UAV_PATH_PLANNING/runs/exp_baseline_20251029_213156/plots/follower_reward.png
