📝 日志文件: /home/zhangpeng/UAV_PATH_PLANNING/runs/exp_baseline_20251029_153426/training.log
💡 训练输出将实时保存到日志文件
🚀 启用AMP混合精度训练（预期加速40-100%）
🚀 启用异步数据传输（预期加速10-20%）
SAC训练中...
📊 优先级经验回放（PER）配置:
  - 容量: 20000
  - Alpha: 0.6 (优先级指数)
  - Beta: 0.4 → 1.0 (重要性采样权重)
  - 内存优化: float32 (节省50%内存)

================================================================================
  Episode    |    Leader    |  Follower0   |  Follower1   |  Follower2   |    Steps     |    Status   
================================================================================
     0       |   -1285.24   |   -524.69    |   -493.75    |   -463.33    |     550      |  ✅ Success  
  📊 统计 [Ep 0]: Actor Loss=0.3537, Critic Loss=1.6749, Alpha=0.9399, TD-error=0.3128, Beta=0.8230
     1       |   -3721.55   |   -702.33    |   -866.38    |   -761.13    |     1000     | ⏱️  Timeout 
     2       |   -724.73    |    -58.97    |    -39.24    |    -77.07    |      86      |  ❌ Failure  
     3       |    942.36    |    -35.82    |    -16.78    |    -19.66    |      32      |  ✅ Success  
     4       |   -1549.97   |   -617.18    |   -713.48    |   -443.69    |     693      |  ✅ Success  
     5       |   -3795.90   |   -732.59    |   -744.62    |   -791.54    |     820      |  ❌ Failure  
     6       |   -1315.30   |   -152.31    |   -244.79    |   -172.83    |     241      |  ❌ Failure  
     7       |   -4169.58   |   -768.89    |   -938.43    |   -1028.94   |     1000     | ⏱️  Timeout 
     8       |    509.19    |   -128.20    |   -146.34    |   -157.22    |     202      |  ✅ Success  
     9       |   -4405.37   |   -964.49    |   -886.96    |   -1135.09   |     1000     | ⏱️  Timeout 
     10      |   -4737.84   |   -1114.83   |   -901.66    |   -973.39    |     1000     | ⏱️  Timeout 
  📊 统计 [Ep 10]: Actor Loss=12.8379, Critic Loss=45.4048, Alpha=0.2440, TD-error=2.4240, Beta=1.0000
     11      |   -725.21    |   -345.08    |   -371.17    |   -354.78    |     398      |  ✅ Success  
     12      |    683.25    |   -105.14    |   -131.70    |    -76.92    |     107      |  ✅ Success  
     13      |    536.81    |    -89.15    |   -208.09    |   -148.49    |     257      |  ✅ Success  
     14      |   -1626.55   |   -696.19    |   -596.47    |   -591.36    |     794      |  ✅ Success  
     15      |   -1708.00   |   -628.65    |   -588.34    |   -818.08    |     854      |  ✅ Success  
     16      |    738.83    |    -53.87    |    -60.12    |    -76.40    |     124      |  ✅ Success  
     17      |    125.74    |   -122.35    |   -217.05    |   -218.51    |     264      |  ✅ Success  
     18      |   -1378.64   |   -175.99    |   -277.13    |   -110.46    |     236      |  ❌ Failure  
     19      |    303.81    |   -171.22    |   -133.41    |   -167.33    |     223      |  ✅ Success  
     20      |   -436.65    |   -280.45    |   -276.30    |   -313.74    |     406      |  ✅ Success  
  📊 统计 [Ep 20]: Actor Loss=15.7061, Critic Loss=67.0205, Alpha=0.1082, TD-error=2.7572, Beta=1.0000
     21      |    766.42    |    -25.61    |    -94.38    |    -39.43    |      89      |  ✅ Success  
     22      |   -4275.80   |   -967.42    |   -864.57    |   -794.79    |     1000     | ⏱️  Timeout 
     23      |    136.02    |   -147.63    |   -160.41    |   -117.30    |     292      |  ✅ Success  
     24      |   -3594.43   |   -738.00    |   -865.17    |   -718.14    |     1000     | ⏱️  Timeout 
     25      |   -4219.33   |   -576.05    |   -790.67    |   -679.80    |     1000     | ⏱️  Timeout 
     26      |   -4412.31   |   -535.00    |   -824.37    |   -770.33    |     1000     | ⏱️  Timeout 
     27      |   -2176.66   |   -482.48    |   -513.08    |   -530.75    |     822      |  ✅ Success  
     28      |   -584.72    |    -15.08    |    -7.49     |    -5.08     |      33      |  ❌ Failure  
     29      |    209.94    |   -112.23    |   -149.82    |   -173.06    |     227      |  ✅ Success  
     30      |    754.39    |    -10.35    |    -42.56    |    -17.88    |      93      |  ✅ Success  
  📊 统计 [Ep 30]: Actor Loss=13.8841, Critic Loss=36.5198, Alpha=0.0496, TD-error=2.0961, Beta=1.0000
     31      |   -1160.47   |   -188.74    |    -58.79    |    -86.86    |     232      |  ❌ Failure  
     32      |   -2994.44   |   -433.66    |   -410.79    |   -347.15    |     662      |  ❌ Failure  
     33      |   -3405.29   |   -485.10    |   -424.69    |   -615.18    |     1000     | ⏱️  Timeout 
     34      |   -2799.98   |   -469.23    |   -835.69    |   -833.72    |     1000     | ⏱️  Timeout 
     35      |   -979.76    |   -412.43    |   -208.85    |   -283.31    |     579      |  ✅ Success  
     36      |   -4540.21   |   -685.03    |   -741.48    |   -502.78    |     1000     | ⏱️  Timeout 
     37      |   -3122.55   |   -463.63    |   -475.02    |   -764.47    |     1000     | ⏱️  Timeout 
     38      |   -1780.84   |   -244.75    |   -275.00    |   -347.82    |     722      |  ✅ Success  
     39      |   -4041.34   |   -359.58    |   -467.61    |   -399.58    |     995      |  ❌ Failure  
     40      |   -1030.05   |   -112.23    |    -57.54    |    -72.77    |     177      |  ❌ Failure  
  📊 统计 [Ep 40]: Actor Loss=5.5049, Critic Loss=55.0386, Alpha=0.0521, TD-error=3.3148, Beta=1.0000
     41      |   -526.54    |    -1.37     |    -1.29     |    -2.00     |      14      |  ❌ Failure  
     42      |   -446.37    |   -130.31    |   -125.59    |   -293.19    |     595      |  ✅ Success  
     43      |   -1435.40   |   -247.90    |   -411.49    |   -478.48    |     828      |  ✅ Success  
     44      |    462.19    |    -67.69    |    -54.17    |    -86.27    |     221      |  ✅ Success  
     45      |   -525.12    |    -1.96     |    -0.76     |    -1.00     |      13      |  ❌ Failure  
     46      |   -1294.79   |   -200.55    |   -286.85    |   -291.86    |     604      |  ✅ Success  
     47      |    -56.62    |   -203.94    |    -91.07    |    -60.91    |     578      |  ✅ Success  
     48      |   -523.19    |    -1.47     |    -1.16     |    -0.70     |      11      |  ❌ Failure  
     49      |   -521.51    |    -1.11     |    -1.27     |    -1.22     |      9       |  ❌ Failure  
     50      |   -2371.09   |   -378.07    |   -524.30    |   -214.93    |     1000     | ⏱️  Timeout 
  📊 统计 [Ep 50]: Actor Loss=12.2891, Critic Loss=65.0162, Alpha=0.0611, TD-error=3.3954, Beta=1.0000
     51      |    349.93    |    -71.63    |   -133.15    |    -49.28    |     282      |  ✅ Success  
     52      |   -2536.07   |   -451.14    |   -420.76    |   -484.01    |     982      |  ✅ Success  
     53      |   -797.38    |    -11.57    |    -60.74    |    -61.10    |      79      |  ❌ Failure  
     54      |   -3626.45   |   -412.88    |   -460.38    |   -445.91    |     1000     | ⏱️  Timeout 
     55      |   -3309.23   |   -601.64    |   -375.12    |   -457.06    |     1000     | ⏱️  Timeout 
     56      |   -544.80    |    -4.74     |    -3.61     |    -3.38     |      21      |  ❌ Failure  
     57      |   -1011.68   |   -213.94    |   -243.81    |   -225.32    |     641      |  ✅ Success  
     58      |   -4280.72   |   -564.46    |   -760.99    |   -363.39    |     1000     | ⏱️  Timeout 
     59      |   -3861.70   |   -183.35    |   -336.85    |   -446.84    |     1000     | ⏱️  Timeout 
     60      |   -802.73    |    -60.49    |    -41.34    |    -31.37    |     128      |  ❌ Failure  
  📊 统计 [Ep 60]: Actor Loss=14.4233, Critic Loss=26.2248, Alpha=0.0432, TD-error=1.8523, Beta=1.0000
     61      |   -3354.80   |   -330.75    |   -404.94    |   -268.94    |     1000     | ⏱️  Timeout 
     62      |   -2294.68   |   -136.77    |   -136.00    |   -233.35    |     534      |  ❌ Failure  
     63      |   -3583.96   |   -224.73    |   -310.58    |   -478.09    |     1000     | ⏱️  Timeout 
     64      |   -587.08    |   -171.63    |   -222.35    |   -171.98    |     473      |  ✅ Success  
     65      |   -3071.99   |   -396.75    |   -280.16    |   -306.62    |     1000     | ⏱️  Timeout 
     66      |   -600.88    |    -8.60     |    -8.05     |    -6.78     |      46      |  ❌ Failure  
     67      |   -669.04    |    -24.74    |    -22.29    |    -27.17    |      77      |  ❌ Failure  
     68      |   -514.13    |    -0.98     |    -0.54     |    -1.01     |      7       |  ❌ Failure  
     69      |   -1045.79   |    -63.21    |   -155.21    |    -32.27    |     213      |  ❌ Failure  
     70      |   -803.22    |    -54.32    |    -17.79    |    -22.94    |      99      |  ❌ Failure  
  📊 统计 [Ep 70]: Actor Loss=17.4013, Critic Loss=30.8901, Alpha=0.0456, TD-error=2.4005, Beta=1.0000
     71      |   -4244.72   |   -578.04    |   -477.00    |   -514.47    |     1000     | ⏱️  Timeout 
     72      |   -2936.26   |   -271.73    |   -345.68    |   -306.63    |     1000     | ⏱️  Timeout 
     73      |   -4861.81   |   -285.67    |   -1102.26   |   -247.51    |     1000     | ⏱️  Timeout 
     74      |   -3897.52   |   -406.78    |   -373.68    |   -256.99    |     1000     | ⏱️  Timeout 
     75      |   -4181.13   |   -420.27    |   -447.59    |   -231.51    |     1000     | ⏱️  Timeout 
     76      |   -4414.90   |   -293.91    |   -532.29    |   -240.47    |     1000     | ⏱️  Timeout 
     77      |   -3589.62   |   -296.82    |   -506.76    |   -212.26    |     1000     | ⏱️  Timeout 
     78      |   -3775.06   |   -227.15    |   -450.20    |   -193.87    |     1000     | ⏱️  Timeout 
     79      |   -798.12    |   -248.93    |   -306.30    |   -353.59    |     699      |  ✅ Success  
     80      |   -3711.98   |   -695.06    |   -521.90    |   -347.76    |     1000     | ⏱️  Timeout 
  📊 统计 [Ep 80]: Actor Loss=20.0199, Critic Loss=26.3218, Alpha=0.0735, TD-error=2.5044, Beta=1.0000
     81      |   -1894.31   |   -433.36    |   -422.74    |   -230.18    |     908      |  ✅ Success  
     82      |   -2987.26   |   -413.15    |   -143.62    |   -558.62    |     1000     | ⏱️  Timeout 
     83      |   -1804.29   |    -94.10    |    -85.53    |   -140.10    |     388      |  ❌ Failure  
     84      |   -3364.03   |   -249.71    |   -449.96    |   -157.76    |     1000     | ⏱️  Timeout 
     85      |   -2714.56   |   -320.18    |   -440.69    |   -239.84    |     1000     | ⏱️  Timeout 
     86      |   -3059.52   |   -448.16    |   -382.72    |   -303.39    |     1000     | ⏱️  Timeout 
     87      |   -595.19    |    -85.47    |   -192.51    |   -127.02    |     484      |  ✅ Success  
     88      |   -1954.39   |   -164.06    |    -99.28    |   -106.22    |     494      |  ❌ Failure  
     89      |   -3274.47   |   -205.67    |   -485.24    |   -147.70    |     1000     | ⏱️  Timeout 
     90      |   -3322.02   |   -409.38    |   -403.32    |   -950.34    |     1000     | ⏱️  Timeout 
  📊 统计 [Ep 90]: Actor Loss=12.3092, Critic Loss=17.5872, Alpha=0.0475, TD-error=1.7468, Beta=1.0000
     91      |   -2734.75   |   -404.62    |   -378.52    |   -254.86    |     1000     | ⏱️  Timeout 
     92      |   -3291.60   |   -294.26    |   -424.75    |   -518.64    |     1000     | ⏱️  Timeout 
     93      |   -3685.94   |   -435.70    |   -259.36    |   -344.70    |     1000     | ⏱️  Timeout 
     94      |   -535.17    |    -1.97     |    -0.83     |    -8.60     |      13      |  ❌ Failure  
     95      |   -1033.40   |   -250.78    |   -190.43    |   -406.09    |     960      |  ✅ Success  
     96      |   -2846.86   |   -595.85    |   -425.40    |   -368.14    |     1000     | ⏱️  Timeout 
     97      |   -559.29    |    -6.50     |    -1.01     |    -10.32    |      36      |  ❌ Failure  
     98      |   -153.81    |    -89.18    |   -148.11    |   -192.17    |     585      |  ✅ Success  
     99      |    957.42    |    -4.01     |    -4.87     |    -3.09     |      30      |  ✅ Success  
    100      |    289.97    |    -52.41    |    -62.66    |    -65.53    |     337      |  ✅ Success  
  📊 统计 [Ep 100]: Actor Loss=12.1393, Critic Loss=11.9683, Alpha=0.0254, TD-error=1.0480, Beta=1.0000
    101      |    943.32    |    -13.02    |    -3.11     |    -2.91     |      44      |  ✅ Success  
    102      |    749.37    |    -28.77    |    -42.25    |    -20.42    |     121      |  ✅ Success  
    103      |    652.64    |    -32.80    |    -49.87    |    -27.11    |     152      |  ✅ Success  
    104      |    791.96    |    -12.90    |    -32.64    |    -27.19    |     125      |  ✅ Success  
    105      |   -512.90    |    -1.03     |    -0.68     |    -0.64     |      6       |  ❌ Failure  
    106      |    574.03    |    -30.79    |    -71.83    |    -61.15    |     243      |  ✅ Success  
    107      |   -524.20    |    -1.90     |    -2.06     |    -1.59     |      11      |  ❌ Failure  
    108      |   -2329.18   |   -160.13    |   -215.17    |   -193.73    |     1000     | ⏱️  Timeout 
    109      |   -3674.01   |   -400.04    |   -365.67    |   -483.67    |     1000     | ⏱️  Timeout 
    110      |   -2463.69   |   -338.41    |   -217.02    |   -269.90    |     1000     | ⏱️  Timeout 
  📊 统计 [Ep 110]: Actor Loss=13.1689, Critic Loss=27.6648, Alpha=0.0515, TD-error=1.9376, Beta=1.0000
    111      |   -2124.68   |   -145.65    |   -130.32    |   -240.00    |     614      |  ❌ Failure  
    112      |   -1641.88   |   -198.47    |   -278.19    |   -201.62    |     950      |  ✅ Success  
    113      |   -3310.67   |   -375.04    |   -349.96    |   -329.75    |     1000     | ⏱️  Timeout 
    114      |    518.38    |    -79.71    |    -53.70    |    -84.06    |     269      |  ✅ Success  
    115      |   -2805.87   |   -421.67    |   -338.85    |   -179.91    |     1000     | ⏱️  Timeout 
    116      |   -1746.57   |   -452.63    |   -328.58    |   -285.42    |     873      |  ✅ Success  
    117      |   -3768.08   |   -372.27    |   -361.22    |   -295.06    |     1000     | ⏱️  Timeout 
    118      |   -514.21    |    -0.46     |    -0.52     |    -0.42     |      7       |  ❌ Failure  
    119      |   -3835.02   |   -283.93    |   -194.53    |   -189.90    |     1000     | ⏱️  Timeout 
    120      |   -802.66    |    -17.53    |    -9.44     |    -36.63    |     133      |  ❌ Failure  
  📊 统计 [Ep 120]: Actor Loss=12.8368, Critic Loss=30.7665, Alpha=0.0421, TD-error=2.2758, Beta=1.0000
    121      |   -3245.09   |   -288.30    |   -305.07    |   -314.53    |     1000     | ⏱️  Timeout 
    122      |   -157.02    |   -144.61    |   -136.88    |   -100.66    |     532      |  ✅ Success  
    123      |   -2785.13   |   -351.03    |   -419.62    |   -168.91    |     1000     | ⏱️  Timeout 
    124      |   -883.63    |   -209.78    |   -232.45    |   -175.28    |     673      |  ✅ Success  
    125      |    789.84    |    -29.03    |    -46.57    |    -14.92    |     106      |  ✅ Success  
    126      |    243.28    |    -84.81    |   -148.78    |    -44.82    |     357      |  ✅ Success  
    127      |    704.83    |    -46.73    |    -47.45    |    -23.41    |     129      |  ✅ Success  
    128      |    148.10    |    -77.24    |   -207.10    |   -177.53    |     491      |  ✅ Success  
    129      |    -84.67    |   -282.86    |   -157.31    |   -133.94    |     537      |  ✅ Success  
    130      |   -2088.39   |   -171.83    |   -429.80    |    -61.06    |     1000     | ⏱️  Timeout 
  📊 统计 [Ep 130]: Actor Loss=10.2560, Critic Loss=41.0360, Alpha=0.0555, TD-error=2.5453, Beta=1.0000
    131      |   -1500.89   |   -290.85    |   -306.06    |   -146.11    |     965      |  ✅ Success  
    132      |   -3714.13   |   -341.04    |   -296.19    |   -162.10    |     1000     | ⏱️  Timeout 
    133      |   -2820.61   |   -227.43    |   -323.67    |   -194.78    |     1000     | ⏱️  Timeout 
    134      |    652.48    |    -38.76    |    -51.38    |    -14.11    |     219      |  ✅ Success  
    135      |   -164.81    |   -124.97    |   -177.57    |    -50.81    |     410      |  ✅ Success  
    136      |   -1957.70   |   -112.21    |   -213.15    |    -63.54    |     1000     | ⏱️  Timeout 
    137      |   -513.83    |    -0.81     |    -0.93     |    -0.70     |      6       |  ❌ Failure  
    138      |   -657.26    |    -16.19    |    -8.06     |    -10.84    |      52      |  ❌ Failure  
    139      |    321.81    |    -42.31    |   -146.08    |    -87.68    |     387      |  ✅ Success  
    140      |   -621.54    |   -169.01    |   -176.61    |   -118.07    |     724      |  ✅ Success  
  📊 统计 [Ep 140]: Actor Loss=7.8414, Critic Loss=37.0788, Alpha=0.0678, TD-error=2.6886, Beta=1.0000
    141      |   -733.09    |    -38.60    |    -16.33    |    -16.99    |      95      |  ❌ Failure  
    142      |    594.94    |    -27.16    |    -21.74    |    -23.64    |     201      |  ✅ Success  
    143      |   -529.95    |    -1.24     |    -1.90     |    -1.69     |      13      |  ❌ Failure  
    144      |   -691.35    |    -19.57    |    -9.01     |    -24.25    |      67      |  ❌ Failure  
    145      |   -547.17    |    -4.19     |    -5.55     |    -3.62     |      19      |  ❌ Failure  
    146      |    189.20    |    -74.12    |    -77.74    |    -87.31    |     363      |  ✅ Success  
    147      |   -2820.20   |   -174.97    |   -375.89    |   -159.45    |     1000     | ⏱️  Timeout 
    148      |   -3002.06   |   -181.71    |   -474.80    |   -246.96    |     1000     | ⏱️  Timeout 
    149      |   -2034.19   |   -179.42    |   -197.89    |   -127.30    |     1000     | ⏱️  Timeout 
    150      |   -2823.04   |   -235.22    |   -236.39    |   -144.32    |     1000     | ⏱️  Timeout 
  📊 统计 [Ep 150]: Actor Loss=8.0281, Critic Loss=33.2980, Alpha=0.0634, TD-error=2.5201, Beta=1.0000
    151      |   -1655.30   |   -188.91    |   -188.66    |   -192.46    |     755      |  ✅ Success  
    152      |   -706.16    |    -71.62    |    -32.04    |    -21.19    |      79      |  ❌ Failure  
    153      |   -521.80    |    -0.90     |    -1.10     |    -1.05     |      12      |  ❌ Failure  
    154      |   -209.07    |    -95.79    |   -353.35    |   -143.45    |     761      |  ✅ Success  
    155      |   -537.38    |    -3.41     |    -2.87     |    -4.16     |      15      |  ❌ Failure  
    156      |   -246.57    |   -136.35    |   -142.43    |   -193.69    |     471      |  ✅ Success  
    157      |   -3213.62   |   -335.29    |   -249.95    |   -139.00    |     1000     | ⏱️  Timeout 
    158      |   -2747.20   |   -175.20    |   -273.89    |   -147.88    |     1000     | ⏱️  Timeout 
    159      |   -194.96    |    -85.61    |   -120.69    |   -120.15    |     427      |  ✅ Success  
    160      |    755.91    |    -16.50    |    -10.20    |    -13.01    |      91      |  ✅ Success  
  📊 统计 [Ep 160]: Actor Loss=14.8544, Critic Loss=68.7695, Alpha=0.0845, TD-error=5.1406, Beta=1.0000
    161      |   -3264.25   |   -465.57    |   -346.92    |   -332.21    |     1000     | ⏱️  Timeout 
    162      |   -229.29    |   -109.41    |   -201.96    |   -249.01    |     461      |  ✅ Success  
    163      |   -2981.00   |   -130.13    |   -277.62    |   -184.25    |     1000     | ⏱️  Timeout 
    164      |   -3120.72   |   -253.44    |   -218.92    |   -434.06    |     1000     | ⏱️  Timeout 
    165      |    823.60    |    -8.89     |    -9.92     |    -8.64     |      68      |  ✅ Success  
    166      |   -617.52    |   -136.40    |   -145.62    |   -152.82    |     738      |  ✅ Success  
    167      |   -2784.02   |   -473.62    |   -201.22    |   -210.95    |     1000     | ⏱️  Timeout 
    168      |   -2674.35   |    -90.04    |   -132.05    |   -271.39    |     718      |  ❌ Failure  
    169      |   -219.45    |   -143.50    |   -138.55    |    -83.33    |     665      |  ✅ Success  
    170      |   -2354.32   |   -121.17    |   -142.17    |   -103.65    |     1000     | ⏱️  Timeout 
  📊 统计 [Ep 170]: Actor Loss=8.8605, Critic Loss=47.0600, Alpha=0.1007, TD-error=3.4390, Beta=1.0000
    171      |   -3110.06   |   -177.78    |   -179.31    |   -352.91    |     1000     | ⏱️  Timeout 
    172      |   -3322.95   |   -167.07    |   -166.57    |   -240.92    |     1000     | ⏱️  Timeout 
    173      |   -2947.29   |   -144.73    |   -145.54    |   -260.44    |     1000     | ⏱️  Timeout 
    174      |   -225.29    |    -71.34    |    -74.94    |   -116.56    |     449      |  ✅ Success  
    175      |   -1053.63   |   -194.81    |   -116.27    |   -120.29    |     678      |  ✅ Success  
    176      |    -9.47     |    -89.87    |    -55.58    |    -50.02    |     446      |  ✅ Success  
    177      |    656.85    |   -149.15    |    -53.49    |    -20.57    |     157      |  ✅ Success  
    178      |   -3397.11   |   -293.48    |   -244.96    |   -485.58    |     1000     | ⏱️  Timeout 
    179      |   -2597.02   |   -159.68    |   -181.67    |   -143.83    |     1000     | ⏱️  Timeout 
    180      |   -2430.00   |   -128.60    |   -128.22    |   -196.46    |     1000     | ⏱️  Timeout 
  📊 统计 [Ep 180]: Actor Loss=6.9790, Critic Loss=26.6108, Alpha=0.0596, TD-error=2.2185, Beta=1.0000
    181      |    793.55    |    -17.31    |    -15.73    |    -15.13    |      85      |  ✅ Success  
    182      |    759.27    |    -16.58    |    -35.09    |    -26.72    |     121      |  ✅ Success  
    183      |   -2701.20   |   -175.25    |   -204.06    |   -283.34    |     1000     | ⏱️  Timeout 
    184      |   -677.42    |    -27.37    |    -31.55    |    -17.76    |      70      |  ❌ Failure  
    185      |   -2932.17   |   -528.83    |   -433.12    |   -221.04    |     1000     | ⏱️  Timeout 
    186      |   -3622.31   |   -548.81    |   -449.67    |   -229.37    |     1000     | ⏱️  Timeout 
    187      |   -525.29    |   -249.72    |   -339.68    |   -428.55    |     672      |  ✅ Success  
    188      |   -641.13    |    -50.52    |    -8.75     |    -6.16     |      71      |  ❌ Failure  
    189      |   -1966.29   |   -168.71    |   -152.91    |   -200.19    |     807      |  ❌ Failure  
    190      |   -3150.96   |   -449.37    |   -308.50    |   -183.87    |     1000     | ⏱️  Timeout 
  📊 统计 [Ep 190]: Actor Loss=9.0640, Critic Loss=20.2454, Alpha=0.0273, TD-error=1.8652, Beta=1.0000
    191      |    969.21    |    -2.11     |    -1.64     |    -7.15     |      20      |  ✅ Success  
    192      |   -2785.07   |   -313.27    |   -185.58    |   -204.79    |     1000     | ⏱️  Timeout 
    193      |    710.78    |    -19.57    |    -13.24    |    -24.92    |     114      |  ✅ Success  
    194      |   -1944.04   |   -163.47    |   -260.39    |   -132.93    |     1000     | ⏱️  Timeout 
    195      |   -870.73    |   -138.24    |   -109.97    |    -93.14    |     585      |  ✅ Success  
    196      |    873.00    |    -21.52    |    -28.99    |    -26.63    |      73      |  ✅ Success  
    197      |   -1547.81   |   -137.12    |   -182.33    |   -101.96    |     1000     | ⏱️  Timeout 
    198      |    949.04    |    -12.52    |    -21.61    |    -13.82    |      29      |  ✅ Success  
    199      |   -470.13    |   -129.09    |   -178.62    |   -135.08    |     667      |  ✅ Success  
    200      |    883.09    |    -8.97     |    -26.10    |    -44.59    |      55      |  ✅ Success  
  📊 统计 [Ep 200]: Actor Loss=-3.9050, Critic Loss=72.3806, Alpha=0.0670, TD-error=5.4715, Beta=1.0000
    201      |   -3051.02   |   -210.75    |   -323.98    |   -176.18    |     1000     | ⏱️  Timeout 
    202      |   -3152.55   |   -486.48    |   -186.44    |   -198.37    |     1000     | ⏱️  Timeout 
    203      |   -2220.72   |   -283.72    |   -381.17    |   -133.10    |     1000     | ⏱️  Timeout 
    204      |    927.42    |    -10.08    |    -11.15    |    -8.68     |      45      |  ✅ Success  
    205      |    865.92    |    -12.82    |    -43.68    |    -19.62    |      63      |  ✅ Success  
    206      |    319.03    |    -58.26    |    -67.75    |    -62.70    |     329      |  ✅ Success  
    207      |   -653.55    |   -168.77    |   -125.54    |   -156.32    |     548      |  ✅ Success  
    208      |    158.23    |    -71.33    |    -67.40    |    -93.90    |     291      |  ✅ Success  
    209      |    516.22    |    -56.39    |    -50.05    |    -74.02    |     226      |  ✅ Success  
    210      |    537.33    |    -59.68    |   -145.29    |   -243.24    |     224      |  ✅ Success  
  📊 统计 [Ep 210]: Actor Loss=-2.0788, Critic Loss=59.9287, Alpha=0.1079, TD-error=4.8380, Beta=1.0000
    211      |    639.93    |    -14.95    |    -24.77    |    -25.21    |     144      |  ✅ Success  
    212      |    618.02    |    -34.01    |    -63.42    |    -29.77    |     188      |  ✅ Success  
    213      |   -3885.50   |   -358.15    |   -436.66    |   -242.21    |     1000     | ⏱️  Timeout 
    214      |   -3798.94   |   -294.19    |   -411.97    |   -444.02    |     1000     | ⏱️  Timeout 
    215      |   -512.30    |    -0.50     |    -0.95     |    -0.39     |      7       |  ❌ Failure  
    216      |   -512.24    |    -0.46     |    -0.41     |    -0.52     |      5       |  ❌ Failure  
    217      |   -1229.34   |   -196.85    |   -418.58    |   -152.15    |     763      |  ✅ Success  
    218      |   -1012.51   |   -184.66    |   -234.85    |   -286.24    |     641      |  ✅ Success  
    219      |   -2586.83   |   -177.05    |   -372.65    |   -350.46    |     1000     | ⏱️  Timeout 
    220      |    864.77    |    -23.54    |    -22.43    |    -35.36    |      67      |  ✅ Success  
  📊 统计 [Ep 220]: Actor Loss=7.4413, Critic Loss=38.5941, Alpha=0.0940, TD-error=3.0077, Beta=1.0000
    221      |    897.59    |    -21.74    |    -37.77    |    -17.21    |      56      |  ✅ Success  
    222      |   -1002.81   |    -53.80    |    -91.63    |   -130.94    |     324      |  ❌ Failure  
    223      |   -920.65    |   -158.42    |   -176.52    |   -169.53    |     991      |  ✅ Success  
    224      |   -2614.11   |   -280.85    |   -266.02    |   -280.77    |     1000     | ⏱️  Timeout 
    225      |    390.32    |   -144.11    |    -76.62    |    -90.29    |     288      |  ✅ Success  
    226      |   -1620.91   |   -114.64    |   -174.35    |   -157.99    |     689      |  ✅ Success  
    227      |    491.83    |    -25.76    |    -51.13    |    -67.44    |     185      |  ✅ Success  
    228      |   -3371.89   |   -176.32    |   -251.37    |   -216.39    |     1000     | ⏱️  Timeout 
    229      |   -3108.38   |   -109.62    |   -266.51    |   -218.14    |     1000     | ⏱️  Timeout 
    230      |   -2771.08   |   -128.34    |   -620.76    |   -175.29    |     1000     | ⏱️  Timeout 
  📊 统计 [Ep 230]: Actor Loss=8.5649, Critic Loss=26.5210, Alpha=0.0630, TD-error=1.9087, Beta=1.0000
    231      |   -2528.65   |   -178.44    |   -112.12    |    -91.73    |     1000     | ⏱️  Timeout 
    232      |   -2809.81   |    -60.58    |   -102.81    |   -282.60    |     1000     | ⏱️  Timeout 
    233      |   -1660.99   |    85.76     |    -40.22    |    -71.12    |     1000     | ⏱️  Timeout 
    234      |   -1584.11   |     0.41     |   -157.05    |    -28.24    |     1000     | ⏱️  Timeout 
    235      |   -3533.95   |   -276.29    |   -303.94    |   -681.06    |     1000     | ⏱️  Timeout 
    236      |    806.14    |    -19.29    |    -51.64    |    -34.66    |     122      |  ✅ Success  
    237      |   -1933.42   |    -91.38    |   -105.14    |    -85.19    |     1000     | ⏱️  Timeout 
    238      |   -1856.44   |    -77.64    |    -79.19    |    -69.63    |     386      |  ❌ Failure  
    239      |    708.22    |    -4.09     |    -8.33     |    -16.44    |     272      |  ✅ Success  
    240      |    930.49    |    -6.31     |    -7.64     |    -6.74     |      40      |  ✅ Success  
  📊 统计 [Ep 240]: Actor Loss=3.5663, Critic Loss=52.5410, Alpha=0.0536, TD-error=3.5790, Beta=1.0000
    241      |   -729.92    |    -53.10    |    -30.31    |    -34.46    |     127      |  ❌ Failure  
    242      |    759.91    |    -68.65    |    -22.21    |    -24.56    |     107      |  ✅ Success  
    243      |   -3077.85   |   -344.26    |   -299.84    |   -372.83    |     1000     | ⏱️  Timeout 
    244      |   -2463.66   |    -54.72    |   -212.03    |   -137.08    |     1000     | ⏱️  Timeout 
    245      |   -628.88    |    -17.32    |    -9.73     |    -8.46     |      55      |  ❌ Failure  
    246      |   -119.48    |   -110.24    |    -75.13    |   -237.64    |     561      |  ✅ Success  
    247      |   -814.49    |   -391.43    |   -250.89    |   -288.43    |     925      |  ✅ Success  
    248      |   -511.77    |    -4.15     |    -0.55     |    -0.66     |      6       |  ❌ Failure  
    249      |    597.64    |    -18.56    |    -42.65    |    -28.68    |     132      |  ✅ Success  
    250      |   -1761.18   |   -105.12    |    -81.68    |    -50.97    |     607      |  ❌ Failure  
  📊 统计 [Ep 250]: Actor Loss=10.9346, Critic Loss=38.4479, Alpha=0.0636, TD-error=2.8325, Beta=1.0000
    251      |   -480.35    |    -83.91    |    -70.89    |    -63.18    |     470      |  ✅ Success  
    252      |   -209.36    |   -111.62    |    -70.77    |   -102.60    |     559      |  ✅ Success  
    253      |    866.39    |    -26.31    |    -32.08    |     2.22     |      98      |  ✅ Success  
    254      |    532.55    |    -41.30    |    -25.04    |    -50.38    |     179      |  ✅ Success  
    255      |    455.88    |    -31.78    |    -19.66    |    -26.96    |     198      |  ✅ Success  
    256      |    513.72    |    -70.60    |    -27.89    |    -20.42    |     198      |  ✅ Success  
    257      |    779.31    |    -18.67    |    -13.99    |    -25.60    |     109      |  ✅ Success  
    258      |   -2877.63   |   -261.40    |   -329.51    |   -206.66    |     1000     | ⏱️  Timeout 
    259      |    250.26    |   -107.02    |    -69.72    |    -85.70    |     306      |  ✅ Success  
    260      |   -152.78    |   -163.22    |   -197.11    |   -118.36    |     458      |  ✅ Success  
  📊 统计 [Ep 260]: Actor Loss=7.1250, Critic Loss=47.5542, Alpha=0.0648, TD-error=2.9621, Beta=1.0000
    261      |    841.37    |    -11.68    |    -11.58    |     2.62     |      97      |  ✅ Success  
    262      |   -1051.16   |    -84.64    |   -139.94    |   -280.51    |     678      |  ✅ Success  
    263      |    795.56    |    -38.01    |    -13.16    |    -9.27     |      89      |  ✅ Success  
    264      |    904.00    |    -11.45    |    -6.61     |    -3.50     |      60      |  ✅ Success  
    265      |    861.20    |    -23.03    |    -10.67    |    -8.08     |      73      |  ✅ Success  
    266      |   -3004.92   |   -229.04    |   -193.73    |   -263.24    |     1000     | ⏱️  Timeout 
    267      |    724.45    |    -19.72    |    -18.21    |    -57.08    |     156      |  ✅ Success  
    268      |   -2748.70   |   -255.32    |   -258.79    |   -201.57    |     1000     | ⏱️  Timeout 
    269      |    530.54    |    -7.66     |    -30.98    |    -48.91    |     259      |  ✅ Success  
    270      |    692.53    |    -41.00    |    -47.91    |    -27.85    |     102      |  ✅ Success  
  📊 统计 [Ep 270]: Actor Loss=4.2165, Critic Loss=54.5637, Alpha=0.0679, TD-error=3.3781, Beta=1.0000
    271      |   -2972.71   |   -119.78    |   -167.90    |   -559.92    |     1000     | ⏱️  Timeout 
    272      |    479.45    |    -46.46    |    -34.18    |    -12.08    |     195      |  ✅ Success  
    273      |    908.08    |    -7.65     |    -4.95     |    -9.20     |      52      |  ✅ Success  
    274      |    883.62    |    -16.27    |    -20.84    |    -4.66     |      67      |  ✅ Success  
    275      |   -2512.56   |   -1116.85   |   -230.24    |   -231.11    |     1000     | ⏱️  Timeout 
    276      |    260.98    |    -42.80    |    -85.16    |    -52.83    |     350      |  ✅ Success  
    277      |    889.74    |    -10.19    |    -18.74    |    -7.61     |      58      |  ✅ Success  
    278      |   -2443.18   |   -121.77    |   -183.91    |   -188.65    |     1000     | ⏱️  Timeout 
    279      |    942.98    |    -5.30     |    -2.98     |    -3.12     |      40      |  ✅ Success  
    280      |   -862.31    |    -68.81    |   -160.51    |   -183.81    |     861      |  ✅ Success  
  📊 统计 [Ep 280]: Actor Loss=5.8274, Critic Loss=42.0893, Alpha=0.0680, TD-error=2.9770, Beta=1.0000
    281      |   -2282.49   |   -153.48    |   -186.09    |   -648.96    |     1000     | ⏱️  Timeout 
    282      |   -603.61    |   -169.36    |   -152.91    |   -127.55    |     757      |  ✅ Success  
    283      |    758.53    |    -30.07    |    -16.66    |    -31.03    |     123      |  ✅ Success  
    284      |    654.70    |    -26.76    |    -28.61    |     3.36     |     152      |  ✅ Success  
    285      |   -250.96    |    -89.22    |   -170.99    |    -84.21    |     520      |  ✅ Success  
    286      |   -485.02    |   -172.12    |    -99.69    |   -139.06    |     678      |  ✅ Success  
    287      |    888.63    |    -33.33    |    -9.80     |    -10.88    |      50      |  ✅ Success  
    288      |    894.86    |    -6.96     |    -7.90     |    -20.03    |      65      |  ✅ Success  
    289      |   -426.74    |   -127.56    |   -259.36    |   -236.16    |     517      |  ✅ Success  
    290      |   -367.26    |   -205.34    |   -149.59    |   -156.71    |     547      |  ✅ Success  
  📊 统计 [Ep 290]: Actor Loss=7.6754, Critic Loss=38.9263, Alpha=0.0558, TD-error=2.5349, Beta=1.0000
    291      |    558.71    |    -34.48    |    -30.11    |    -28.75    |     222      |  ✅ Success  
    292      |   -1165.34   |   -286.41    |    -81.09    |   -241.13    |     724      |  ✅ Success  
    293      |    -98.13    |    -34.52    |    -83.45    |    -76.79    |     434      |  ✅ Success  
    294      |   -4009.45   |   -250.37    |   -305.53    |   -351.26    |     1000     | ⏱️  Timeout 
    295      |   -2162.09   |   -416.23    |   -288.99    |   -323.18    |     976      |  ✅ Success  
    296      |    902.45    |    -8.84     |    -5.55     |     1.53     |      67      |  ✅ Success  
    297      |    589.79    |     5.79     |    -21.39    |    -69.35    |     188      |  ✅ Success  
    298      |    560.38    |    -24.72    |    -19.32    |    -88.80    |     181      |  ✅ Success  
    299      |    283.86    |    -46.96    |    -51.52    |    -36.05    |     260      |  ✅ Success  
    300      |    491.80    |    -35.92    |    -45.59    |    -72.78    |     235      |  ✅ Success  
  📊 统计 [Ep 300]: Actor Loss=5.5705, Critic Loss=50.3013, Alpha=0.0495, TD-error=2.9248, Beta=1.0000
    301      |   -3387.72   |   -185.27    |   -172.67    |   -470.54    |     1000     | ⏱️  Timeout 
    302      |    210.61    |    -72.90    |    -85.23    |    -56.53    |     366      |  ✅ Success  
    303      |   -3323.21   |   -316.88    |   -273.75    |   -343.84    |     1000     | ⏱️  Timeout 
    304      |   -1274.06   |   -244.92    |   -284.76    |   -227.55    |     951      |  ✅ Success  
    305      |   -2928.87   |   -109.48    |   -250.25    |   -375.65    |     1000     | ⏱️  Timeout 
    306      |    698.97    |    -23.95    |    -37.54    |    -17.33    |     168      |  ✅ Success  
    307      |    701.67    |    -24.22    |    -36.54    |    -20.11    |     151      |  ✅ Success  
    308      |   -1040.21   |    -65.90    |    -14.00    |   -104.84    |     194      |  ❌ Failure  
    309      |    955.55    |    -5.04     |     0.21     |    -5.10     |      34      |  ✅ Success  
    310      |   -2592.77   |   -124.94    |    -50.77    |   -342.09    |     1000     | ⏱️  Timeout 
  📊 统计 [Ep 310]: Actor Loss=7.3440, Critic Loss=31.1757, Alpha=0.0406, TD-error=2.0408, Beta=1.0000
    311      |    662.06    |    -31.79    |    -22.90    |    -22.52    |     147      |  ✅ Success  
    312      |    936.07    |    -5.39     |    -6.54     |    -12.34    |      53      |  ✅ Success  
    313      |    908.36    |    -6.18     |    -5.51     |    -5.51     |      60      |  ✅ Success  
    314      |    773.84    |    -20.15    |    -15.88    |    -15.62    |      96      |  ✅ Success  
    315      |    895.01    |    -16.71    |    -6.23     |    -4.54     |      63      |  ✅ Success  
    316      |   -516.60    |    -0.87     |    -0.84     |    -0.85     |      8       |  ❌ Failure  
    317      |   -653.82    |    -74.76    |    -0.59     |    -7.46     |      83      |  ❌ Failure  
    318      |   -537.46    |    -90.78    |   -121.12    |    -67.34    |     779      |  ✅ Success  
    319      |    670.62    |    -22.04    |    -6.35     |    -3.63     |     236      |  ✅ Success  
    320      |    523.87    |    -48.59    |    -26.52    |     2.01     |     319      |  ✅ Success  
  📊 统计 [Ep 320]: Actor Loss=7.0339, Critic Loss=53.6490, Alpha=0.0593, TD-error=3.0654, Beta=1.0000
    321      |    387.58    |    -73.80    |    -68.66    |    -39.92    |     266      |  ✅ Success  
    322      |    598.91    |    -41.28    |    -19.26    |    -25.65    |     165      |  ✅ Success  
    323      |    882.90    |    -13.49    |    -9.13     |    -5.55     |      93      |  ✅ Success  
    324      |   -503.84    |   -101.39    |   -125.74    |   -131.04    |     448      |  ✅ Success  
    325      |    165.59    |    -57.59    |    -90.92    |    -82.92    |     253      |  ✅ Success  
    326      |    333.70    |    -45.41    |    -31.28    |    -27.97    |     197      |  ✅ Success  
    327      |    708.70    |    -18.41    |    -26.08    |    -18.22    |     115      |  ✅ Success  
    328      |   -319.23    |   -127.97    |    -21.60    |   -138.38    |     560      |  ✅ Success  
    329      |   -515.73    |    -0.35     |    -0.73     |    -0.29     |      7       |  ❌ Failure  
    330      |   -3271.34   |   -444.54    |   -316.09    |   -193.79    |     1000     | ⏱️  Timeout 
  📊 统计 [Ep 330]: Actor Loss=6.1113, Critic Loss=54.3201, Alpha=0.0739, TD-error=3.2939, Beta=1.0000
    331      |    690.17    |    -64.37    |    -23.65    |    -13.09    |     149      |  ✅ Success  
    332      |   -1496.68   |    -84.55    |   -118.95    |   -164.74    |     857      |  ✅ Success  
    333      |   -1741.55   |   -126.72    |   -292.88    |   -378.05    |     762      |  ✅ Success  
    334      |    907.81    |    -15.70    |    -5.72     |    -7.88     |      46      |  ✅ Success  
    335      |   -1062.21   |   -129.37    |   -227.90    |   -137.25    |     556      |  ✅ Success  
    336      |    692.83    |    -25.96    |    -28.85    |    -11.06    |     152      |  ✅ Success  
    337      |    86.68     |    -97.19    |    -41.53    |    -55.32    |     285      |  ✅ Success  
    338      |    915.46    |    -10.95    |    -17.84    |    -4.08     |      53      |  ✅ Success  
    339      |   -1951.83   |    -86.68    |   -250.24    |    -85.16    |     1000     | ⏱️  Timeout 
    340      |   -3031.38   |   -186.02    |   -304.20    |   -126.18    |     1000     | ⏱️  Timeout 
  📊 统计 [Ep 340]: Actor Loss=6.5273, Critic Loss=49.2000, Alpha=0.0699, TD-error=2.9334, Beta=1.0000
    341      |    448.75    |    -47.39    |    -25.91    |    -81.47    |     181      |  ✅ Success  
    342      |    577.52    |    -64.97    |    -32.45    |    -25.97    |     192      |  ✅ Success  
    343      |   -143.96    |    -58.65    |    -50.72    |   -114.73    |     402      |  ✅ Success  
    344      |    682.36    |    -13.62    |    -29.36    |     5.19     |     132      |  ✅ Success  
    345      |    874.52    |    -22.73    |    -7.36     |    -8.53     |      72      |  ✅ Success  
    346      |    208.34    |    -22.32    |    -58.95    |   -152.16    |     313      |  ✅ Success  
    347      |    288.76    |    -75.28    |    -22.79    |   -106.89    |     273      |  ✅ Success  
    348      |    266.93    |    -42.07    |    -61.87    |    -30.67    |     250      |  ✅ Success  
    349      |    852.54    |    -8.98     |     0.78     |    -8.59     |      85      |  ✅ Success  
    350      |    931.14    |    -5.09     |    -2.87     |    -5.09     |      52      |  ✅ Success  
  📊 统计 [Ep 350]: Actor Loss=7.1373, Critic Loss=47.1331, Alpha=0.0571, TD-error=3.0806, Beta=1.0000
    351      |   -2708.57   |   -160.71    |   -237.48    |   -170.31    |     1000     | ⏱️  Timeout 
    352      |   -2001.19   |   -206.94    |   -265.17    |   -191.06    |     900      |  ✅ Success  
    353      |   -152.73    |    -66.10    |    -57.53    |    -59.13    |     383      |  ✅ Success  
    354      |   -782.73    |   -147.00    |   -183.55    |   -101.17    |     605      |  ✅ Success  
    355      |   -564.14    |    -72.81    |   -169.77    |    -38.78    |     536      |  ✅ Success  
    356      |    893.82    |    -6.19     |    -3.80     |    -6.98     |      67      |  ✅ Success  
    357      |    395.76    |    -52.06    |    -27.29    |    -16.04    |     223      |  ✅ Success  
    358      |   -3781.73   |   -162.19    |   -307.08    |   -124.20    |     1000     | ⏱️  Timeout 
    359      |   -1521.40   |   -173.89    |   -220.14    |   -311.05    |     647      |  ✅ Success  
    360      |   -1839.05   |   -186.93    |   -167.47    |   -139.64    |     844      |  ✅ Success  
  📊 统计 [Ep 360]: Actor Loss=-0.4733, Critic Loss=80.0091, Alpha=0.0741, TD-error=4.3370, Beta=1.0000
    361      |    394.47    |    -56.74    |    -51.20    |    -42.98    |     325      |  ✅ Success  
    362      |    467.64    |    -84.67    |   -160.53    |    -35.20    |     339      |  ✅ Success  
    363      |    649.37    |    -54.86    |    -49.53    |    -27.64    |     247      |  ✅ Success  
    364      |    688.45    |    -33.69    |    -20.60    |    -33.11    |     182      |  ✅ Success  
    365      |    317.22    |    -44.50    |    -50.40    |    -36.45    |     246      |  ✅ Success  
    366      |   -704.34    |   -145.18    |    -65.38    |   -202.43    |     706      |  ✅ Success  
    367      |    475.92    |   -109.31    |    -20.29    |    -19.42    |     179      |  ✅ Success  
    368      |    924.83    |    -6.19     |    -3.44     |    -4.51     |      53      |  ✅ Success  
    369      |    709.41    |    -19.27    |    -17.72    |    -14.23    |     188      |  ✅ Success  
    370      |    445.58    |    -72.26    |    -40.50    |    -69.53    |     252      |  ✅ Success  
  📊 统计 [Ep 370]: Actor Loss=3.0338, Critic Loss=53.6417, Alpha=0.0766, TD-error=3.6057, Beta=1.0000
    371      |   -510.45    |    -0.77     |    -0.49     |    -0.61     |      5       |  ❌ Failure  
    372      |    405.23    |    -31.18    |    -34.30    |    -24.81    |     218      |  ✅ Success  
    373      |   -1237.49   |   -219.31    |   -147.71    |   -197.14    |     817      |  ✅ Success  
    374      |    565.19    |    -11.65    |    -15.12    |    -18.76    |     197      |  ✅ Success  
    375      |   -140.07    |    -48.04    |    -44.96    |    -56.62    |     352      |  ✅ Success  
    376      |    471.96    |    -67.35    |    -56.78    |   -103.43    |     176      |  ✅ Success  
    377      |   -810.01    |    -82.92    |   -141.09    |    -62.68    |     557      |  ✅ Success  
    378      |    799.36    |    -10.82    |    -4.79     |    -0.65     |      99      |  ✅ Success  
    379      |   -1273.20   |   -249.89    |   -488.20    |   -401.55    |     880      |  ✅ Success  
    380      |   -518.57    |   -152.91    |    -88.43    |   -237.91    |     533      |  ✅ Success  
  📊 统计 [Ep 380]: Actor Loss=4.4548, Critic Loss=49.2089, Alpha=0.0654, TD-error=3.2602, Beta=1.0000
    381      |   -942.63    |   -283.76    |   -240.54    |   -306.55    |     603      |  ✅ Success  
    382      |   -1602.88   |   -124.09    |   -126.30    |   -144.88    |     837      |  ✅ Success  
    383      |   -759.24    |    -15.68    |    -22.68    |    -23.13    |      90      |  ❌ Failure  
    384      |    736.00    |    -18.44    |    -18.90    |    -13.73    |     135      |  ✅ Success  
    385      |   -2469.70   |   -146.77    |    -46.54    |   -261.25    |     810      |  ❌ Failure  
    386      |   -505.00    |    -73.83    |   -161.88    |   -123.70    |     521      |  ✅ Success  
    387      |   -477.99    |    -21.59    |   -124.13    |   -155.36    |     864      |  ✅ Success  
    388      |    473.57    |    -26.19    |    -27.13    |    -42.29    |     241      |  ✅ Success  
    389      |   -520.98    |    -0.67     |    -0.16     |    -1.02     |      13      |  ❌ Failure  
    390      |    452.16    |   -172.70    |    -16.72    |    -18.34    |     360      |  ✅ Success  
  📊 统计 [Ep 390]: Actor Loss=4.5221, Critic Loss=50.3243, Alpha=0.0661, TD-error=3.3497, Beta=1.0000
    391      |    37.61     |   -118.25    |    -31.98    |    -63.10    |     312      |  ✅ Success  
    392      |    534.93    |     8.01     |    -4.38     |    -65.66    |     311      |  ✅ Success  
    393      |   -2853.86   |   -108.74    |   -173.19    |   -128.15    |     1000     | ⏱️  Timeout 
    394      |    653.04    |    -14.09    |    -48.36    |    -8.16     |     172      |  ✅ Success  
    395      |    240.05    |    -64.20    |    -95.62    |    -21.64    |     321      |  ✅ Success  
    396      |   -260.05    |    -68.11    |    -55.22    |    -74.15    |     456      |  ✅ Success  
    397      |   -135.68    |    -53.78    |   -142.31    |    -63.04    |     419      |  ✅ Success  
    398      |    265.76    |    -30.79    |    -94.35    |    -32.42    |     357      |  ✅ Success  
    399      |    735.97    |    -7.51     |    -6.18     |    -12.80    |     144      |  ✅ Success  
    400      |    818.36    |    -4.86     |    -1.01     |    -1.55     |     157      |  ✅ Success  
  📊 统计 [Ep 400]: Actor Loss=5.4504, Critic Loss=58.4971, Alpha=0.0618, TD-error=3.3351, Beta=1.0000
    401      |   -674.69    |   -131.86    |   -127.07    |   -128.57    |     558      |  ✅ Success  
    402      |    839.93    |    -10.68    |    -16.29    |    -9.35     |      92      |  ✅ Success  
    403      |    590.64    |    -33.90    |    -67.63    |    -21.86    |     168      |  ✅ Success  
    404      |    369.16    |   -103.97    |    -94.87    |    -86.27    |     219      |  ✅ Success  
    405      |   -182.41    |   -119.80    |   -148.48    |    -77.20    |     699      |  ✅ Success  
    406      |    565.28    |   -139.76    |    -44.10    |    -83.53    |     145      |  ✅ Success  
    407      |    648.61    |    -32.38    |    -23.98    |    -16.32    |     268      |  ✅ Success  
    408      |    878.74    |    -14.18    |    -5.50     |    -9.29     |      68      |  ✅ Success  
    409      |    654.45    |    -23.69    |    -34.62    |    -38.81    |     261      |  ✅ Success  
    410      |    371.57    |    -36.72    |    -59.73    |    -24.28    |     232      |  ✅ Success  
  📊 统计 [Ep 410]: Actor Loss=6.1730, Critic Loss=46.1812, Alpha=0.0564, TD-error=2.9023, Beta=1.0000
    411      |    804.46    |    -5.82     |   -135.42    |    -4.32     |     112      |  ✅ Success  
    412      |    387.09    |    -84.05    |    -24.18    |    -18.91    |     191      |  ✅ Success  
    413      |    891.85    |    -5.71     |    -5.21     |    -5.26     |      70      |  ✅ Success  
    414      |    915.74    |    -10.19    |    -5.21     |    -4.01     |      54      |  ✅ Success  
    415      |    738.14    |    -16.61    |    -44.61    |    -38.55    |     147      |  ✅ Success  
    416      |    895.54    |    -12.10    |     4.66     |    -16.46    |      81      |  ✅ Success  
    417      |    766.64    |    -9.04     |    -61.19    |    -8.90     |      89      |  ✅ Success  
    418      |    537.01    |    -25.27    |    -35.27    |    -20.50    |     215      |  ✅ Success  
    419      |   -695.67    |    -11.15    |    -7.55     |    -15.60    |     117      |  ❌ Failure  
    420      |    -61.53    |    -57.80    |   -166.54    |   -156.67    |     568      |  ✅ Success  
  📊 统计 [Ep 420]: Actor Loss=5.7887, Critic Loss=58.8123, Alpha=0.0676, TD-error=3.2528, Beta=1.0000
    421      |    643.27    |    -26.74    |    -19.14    |    -64.00    |     148      |  ✅ Success  
    422      |    656.21    |    -32.23    |    -21.72    |    -3.62     |     161      |  ✅ Success  
    423      |    700.11    |    -13.02    |    -15.76    |    -17.38    |     161      |  ✅ Success  
    424      |    703.12    |    -48.98    |    -24.39    |    -19.83    |     177      |  ✅ Success  
    425      |    676.16    |    -19.32    |    -17.21    |    -2.27     |     184      |  ✅ Success  
    426      |    854.45    |    -20.66    |    -7.24     |    -40.58    |      92      |  ✅ Success  
    427      |    811.97    |    -10.30    |    -13.84    |    -12.27    |      82      |  ✅ Success  
    428      |   -1410.49   |   -102.35    |    -46.32    |    -23.48    |     402      |  ❌ Failure  
    429      |   -772.67    |    -65.70    |    -13.28    |    -17.17    |      92      |  ❌ Failure  
    430      |   -1045.00   |   -112.83    |    -28.58    |    -35.62    |     175      |  ❌ Failure  
  📊 统计 [Ep 430]: Actor Loss=3.7119, Critic Loss=65.3952, Alpha=0.0723, TD-error=3.6839, Beta=1.0000
    431      |   -309.82    |   -218.89    |   -167.42    |   -140.28    |     383      |  ✅ Success  
    432      |    466.91    |    -52.76    |    -45.88    |    -39.38    |     226      |  ✅ Success  
    433      |   -3111.28   |   -350.11    |   -119.99    |   -379.52    |     1000     | ⏱️  Timeout 
    434      |   -2660.52   |   -479.32    |   -289.98    |   -376.18    |     1000     | ⏱️  Timeout 
    435      |    358.46    |    -52.37    |    -39.07    |    -88.82    |     281      |  ✅ Success  
    436      |    594.70    |    -34.10    |    -18.87    |    -24.01    |     194      |  ✅ Success  
    437      |   -445.76    |    -34.87    |   -110.44    |   -166.30    |     457      |  ✅ Success  
    438      |    353.18    |    -72.77    |    -35.99    |    -45.29    |     216      |  ✅ Success  
    439      |   -3105.91   |   -264.01    |   -148.76    |   -217.09    |     1000     | ⏱️  Timeout 
    440      |   -2658.58   |   -256.39    |   -153.69    |   -195.12    |     1000     | ⏱️  Timeout 
  📊 统计 [Ep 440]: Actor Loss=7.0118, Critic Loss=58.1512, Alpha=0.0736, TD-error=3.6932, Beta=1.0000
    441      |   -795.91    |   -108.26    |   -144.16    |    -53.39    |     558      |  ✅ Success  
    442      |    846.60    |    -49.27    |    -14.22    |    -16.32    |      79      |  ✅ Success  
    443      |   -3473.24   |   -274.28    |   -213.02    |   -123.12    |     1000     | ⏱️  Timeout 
    444      |   -2991.72   |   -172.35    |   -485.24    |   -296.36    |     1000     | ⏱️  Timeout 
    445      |   -3087.05   |   -202.72    |   -111.12    |   -191.11    |     1000     | ⏱️  Timeout 
    446      |   -1098.35   |    21.21     |     7.96     |    -13.23    |     335      |  ❌ Failure  
    447      |   -2686.70   |   -394.15    |   -278.71    |   -142.72    |     1000     | ⏱️  Timeout 
    448      |   -761.35    |    -38.33    |    -28.08    |    -22.21    |     152      |  ❌ Failure  
    449      |   -3502.20   |   -149.37    |   -155.01    |   -287.62    |     1000     | ⏱️  Timeout 
    450      |   -1360.84   |   -121.43    |   -167.52    |   -228.09    |     726      |  ✅ Success  
  📊 统计 [Ep 450]: Actor Loss=8.5389, Critic Loss=44.0398, Alpha=0.0522, TD-error=2.8577, Beta=1.0000
    451      |   -842.98    |   -166.05    |   -131.15    |   -178.16    |     637      |  ✅ Success  
    452      |    820.99    |    -30.62    |    -21.04    |    -12.95    |     103      |  ✅ Success  
    453      |   -2965.65   |   -352.32    |   -240.59    |   -359.11    |     1000     | ⏱️  Timeout 
    454      |   -638.55    |    -14.57    |    -6.78     |    -7.12     |      66      |  ❌ Failure  
    455      |   -1580.17   |   -108.01    |   -100.26    |   -120.82    |     1000     | ⏱️  Timeout 
    456      |   -151.86    |    -41.32    |   -154.94    |   -179.06    |     537      |  ✅ Success  
    457      |   -1982.23   |   -207.27    |    -46.78    |   -248.09    |     1000     | ⏱️  Timeout 
    458      |   -2203.33   |   -114.64    |    -83.74    |   -212.82    |     1000     | ⏱️  Timeout 
    459      |   -2901.11   |   -229.41    |   -221.41    |   -343.47    |     1000     | ⏱️  Timeout 
    460      |   -585.59    |    -3.65     |    -27.33    |    -27.47    |      43      |  ❌ Failure  
  📊 统计 [Ep 460]: Actor Loss=11.5821, Critic Loss=18.3243, Alpha=0.0527, TD-error=1.9473, Beta=1.0000
    461      |    512.09    |    -27.68    |    -49.77    |    -23.70    |     235      |  ✅ Success  
    462      |   -2316.85   |   -351.89    |   -236.45    |   -105.32    |     1000     | ⏱️  Timeout 
    463      |    312.66    |    -95.27    |    -48.72    |    -31.55    |     262      |  ✅ Success  
    464      |    -22.90    |   -278.31    |   -117.84    |   -147.95    |     470      |  ✅ Success  
    465      |    387.96    |    -58.93    |    -38.08    |   -137.14    |     296      |  ✅ Success  
    466      |   -2650.06   |   -369.01    |   -333.15    |   -296.33    |     1000     | ⏱️  Timeout 
    467      |    924.85    |    -21.71    |    -1.76     |    -3.23     |      46      |  ✅ Success  
    468      |    581.60    |    -20.62    |    -18.31    |    -19.96    |     155      |  ✅ Success  
    469      |    248.55    |    -66.96    |   -111.52    |    -19.05    |     314      |  ✅ Success  
    470      |    907.49    |    -20.24    |    -25.34    |    -10.74    |      59      |  ✅ Success  
  📊 统计 [Ep 470]: Actor Loss=10.1764, Critic Loss=19.7148, Alpha=0.0605, TD-error=1.8718, Beta=1.0000
    471      |   -522.95    |    -1.22     |    -1.25     |    -2.53     |      10      |  ❌ Failure  
    472      |    75.59     |    -18.86    |    -67.56    |   -138.27    |     390      |  ✅ Success  
    473      |   -191.01    |   -224.62    |   -115.66    |   -315.90    |     627      |  ✅ Success  
    474      |   -191.87    |    -76.61    |   -216.46    |   -128.65    |     519      |  ✅ Success  
    475      |    956.25    |    -3.10     |    -1.77     |    -4.84     |      31      |  ✅ Success  
    476      |    305.24    |    -96.73    |    -60.78    |    -82.15    |     344      |  ✅ Success  
    477      |    944.99    |    -4.21     |    -6.61     |    -9.84     |      40      |  ✅ Success  
    478      |   -1533.16   |    -70.75    |    -22.43    |   -119.27    |     373      |  ❌ Failure  
    479      |   -1626.37   |    -24.11    |    -64.94    |   -273.94    |     1000     | ⏱️  Timeout 
    480      |   -737.20    |    -6.03     |    -11.85    |    -51.86    |     100      |  ❌ Failure  
  📊 统计 [Ep 480]: Actor Loss=9.6898, Critic Loss=35.8643, Alpha=0.0666, TD-error=2.3037, Beta=1.0000
    481      |    813.91    |    -17.57    |    -25.12    |    -22.94    |     116      |  ✅ Success  
    482      |   -706.63    |    -58.06    |   -130.22    |   -141.67    |     691      |  ✅ Success  
    483      |   -1398.12   |    -18.33    |    -98.76    |   -221.54    |     1000     | ⏱️  Timeout 
    484      |    316.43    |    -34.89    |    -27.04    |    -58.68    |     223      |  ✅ Success  
    485      |   -2359.39   |    -67.57    |   -205.56    |   -169.84    |     1000     | ⏱️  Timeout 
    486      |   -2286.67   |    -79.92    |    -96.72    |   -330.16    |     1000     | ⏱️  Timeout 
    487      |   -2782.37   |   -128.73    |   -213.51    |   -358.39    |     1000     | ⏱️  Timeout 
    488      |    334.04    |    -58.27    |    -37.34    |    -75.31    |     213      |  ✅ Success  
    489      |   -2734.54   |   -125.43    |    -60.42    |   -489.37    |     1000     | ⏱️  Timeout 
    490      |   -119.17    |    -56.23    |   -222.78    |    -79.05    |     384      |  ✅ Success  
  📊 统计 [Ep 490]: Actor Loss=5.4125, Critic Loss=57.9032, Alpha=0.1069, TD-error=3.2099, Beta=1.0000
    491      |   -2717.83   |   -145.60    |    -85.78    |   -635.12    |     1000     | ⏱️  Timeout 
    492      |    951.00    |    -15.52    |    -24.02    |    -2.96     |      31      |  ✅ Success  
    493      |   -2793.65   |   -230.13    |    -95.27    |   -325.84    |     1000     | ⏱️  Timeout 
    494      |   -748.76    |   -127.30    |    -99.37    |   -131.01    |     746      |  ✅ Success  
    495      |   -3552.89   |   -170.76    |   -192.67    |   -277.77    |     1000     | ⏱️  Timeout 
    496      |   -1759.88   |   -171.80    |   -230.74    |   -206.20    |     829      |  ✅ Success  
    497      |   -3510.82   |   -180.33    |   -168.72    |   -488.56    |     1000     | ⏱️  Timeout 
    498      |   -3341.13   |   -129.84    |   -285.44    |   -332.68    |     1000     | ⏱️  Timeout 
    499      |   -3268.21   |   -175.44    |   -218.29    |   -234.56    |     1000     | ⏱️  Timeout 
✅ 训练数据已保存: /home/zhangpeng/UAV_PATH_PLANNING/runs/exp_baseline_20251029_153426/training_data.pkl
✅ 总奖励曲线已保存: /home/zhangpeng/UAV_PATH_PLANNING/runs/exp_baseline_20251029_153426/plots/total_reward.png
✅ Leader奖励曲线已保存: /home/zhangpeng/UAV_PATH_PLANNING/runs/exp_baseline_20251029_153426/plots/leader_reward.png
✅ Follower奖励曲线已保存: /home/zhangpeng/UAV_PATH_PLANNING/runs/exp_baseline_20251029_153426/plots/follower_reward.png
