📝 日志文件: /home/zhangpeng/UAV_PATH_PLANNING/runs/exp_baseline_20251029_205148/training.log
💡 训练输出将实时保存到日志文件
🚀 启用AMP混合精度训练（预期加速40-100%）
🚀 启用异步数据传输（预期加速10-20%）
SAC训练中...
📊 优先级经验回放（PER）配置:
  - 容量: 20000
  - Alpha: 0.6 (优先级指数)
  - Beta: 0.4 → 1.0 (重要性采样权重)
  - 内存优化: float32 (节省50%内存)

================================================================================
  Episode    |    Leader    |  Follower0   |  Follower1   |    Steps     |    Status   
================================================================================
     0       |   -512.07    |    -4.61     |    -4.44     |      4       |  ❌ Failure  
     1       |    367.96    |   -346.15    |   -273.69    |     172      |  ✅ Success  
     2       |   -648.06    |    -74.75    |    -92.33    |      57      |  ❌ Failure  
     3       |   -562.02    |    -39.04    |    -23.77    |      21      |  ❌ Failure  
     4       |   -5356.36   |   -2105.69   |   -1837.24   |     1000     | ⏱️  Timeout 
     5       |   -521.01    |    -9.55     |    -7.87     |      7       |  ❌ Failure  
     6       |   -1990.12   |   -655.69    |   -579.47    |     295      |  ❌ Failure  
     7       |   -681.47    |    -66.86    |    -76.20    |      56      |  ❌ Failure  
     8       |   -2770.25   |   -997.01    |   -940.59    |     538      |  ❌ Failure  
     9       |   -4613.01   |   -1894.70   |   -1921.33   |     1000     | ⏱️  Timeout 
     10      |   -4761.97   |   -1693.42   |   -1917.98   |     1000     | ⏱️  Timeout 
  📊 统计 [Ep 10]: Actor Loss=35.3279, Critic Loss=105.0990, Alpha=0.4372, TD-error=5.4513, Beta=1.0000
     11      |   -1483.32   |   -406.22    |   -351.19    |     217      |  ❌ Failure  
     12      |   -4896.40   |   -1815.71   |   -1791.01   |     1000     | ⏱️  Timeout 
     13      |   -519.72    |    -6.69     |    -7.16     |      6       |  ❌ Failure  
     14      |   -4454.26   |   -1823.00   |   -1909.71   |     1000     | ⏱️  Timeout 
     15      |   -5113.43   |   -1868.30   |   -1706.81   |     1000     | ⏱️  Timeout 
     16      |   -5019.79   |   -2060.93   |   -1876.61   |     1000     | ⏱️  Timeout 
     17      |   -5203.22   |   -2084.05   |   -2095.38   |     1000     | ⏱️  Timeout 
     18      |   -4291.53   |   -1803.20   |   -1752.37   |     1000     | ⏱️  Timeout 
     19      |   -4838.99   |   -1892.46   |   -1721.23   |     1000     | ⏱️  Timeout 
     20      |   -1057.29   |   -741.55    |   -877.78    |     489      |  ✅ Success  
  📊 统计 [Ep 20]: Actor Loss=39.7150, Critic Loss=89.7065, Alpha=0.0779, TD-error=3.0204, Beta=1.0000
     21      |   -4336.19   |   -1837.95   |   -1881.09   |     1000     | ⏱️  Timeout 
     22      |   -4564.30   |   -1822.61   |   -1444.87   |     1000     | ⏱️  Timeout 
     23      |   -4293.07   |   -1644.35   |   -1359.15   |     1000     | ⏱️  Timeout 
     24      |   -3993.58   |   -1551.84   |   -1513.82   |     1000     | ⏱️  Timeout 
     25      |   -579.58    |    -34.45    |    -29.00    |      23      |  ❌ Failure  
     26      |   -4500.00   |   -1791.02   |   -1352.57   |     1000     | ⏱️  Timeout 
     27      |   -575.61    |    -33.78    |    -36.17    |      25      |  ❌ Failure  
     28      |   -178.00    |   -560.25    |   -515.76    |     357      |  ✅ Success  
     29      |   -270.37    |   -665.02    |   -545.84    |     367      |  ✅ Success  
     30      |   -4063.72   |   -1541.02   |   -1559.09   |     1000     | ⏱️  Timeout 
  📊 统计 [Ep 30]: Actor Loss=38.7060, Critic Loss=242.4793, Alpha=0.0282, TD-error=6.0847, Beta=1.0000
     31      |   -3141.90   |   -973.34    |   -850.76    |     665      |  ❌ Failure  
     32      |    -90.87    |   -493.96    |   -534.03    |     395      |  ✅ Success  
     33      |   -4158.58   |   -1585.19   |   -1505.10   |     1000     | ⏱️  Timeout 
     34      |   -4606.26   |   -1371.71   |   -1326.23   |     1000     | ⏱️  Timeout 
     35      |   -4079.46   |   -1600.57   |   -1283.52   |     1000     | ⏱️  Timeout 
     36      |   -4147.29   |   -1399.89   |   -1404.59   |     1000     | ⏱️  Timeout 
     37      |   -4634.73   |   -1402.78   |   -1376.34   |     1000     | ⏱️  Timeout 
     38      |   -4326.40   |   -1341.98   |   -1330.15   |     1000     | ⏱️  Timeout 
     39      |   -1150.53   |   -246.47    |   -221.62    |     186      |  ❌ Failure  
     40      |   -3466.60   |   -1390.95   |   -1332.58   |     1000     | ⏱️  Timeout 
  📊 统计 [Ep 40]: Actor Loss=28.1103, Critic Loss=24.9044, Alpha=0.0177, TD-error=1.7031, Beta=1.0000
     41      |   -3767.62   |   -1482.63   |   -1522.75   |     937      |  ✅ Success  
     42      |    804.65    |    -71.17    |    -67.85    |      59      |  ✅ Success  
     43      |   -3079.29   |   -1213.86   |   -1370.31   |     1000     | ⏱️  Timeout 
     44      |   -2948.74   |   -1245.98   |   -1487.97   |     1000     | ⏱️  Timeout 
     45      |    937.06    |    -32.30    |    -33.53    |      30      |  ✅ Success  
     46      |   -533.94    |    -12.52    |    -12.33    |      11      |  ❌ Failure  
     47      |   -553.27    |    -19.30    |    -23.58    |      18      |  ❌ Failure  
     48      |    933.37    |    -41.00    |    -33.39    |      31      |  ✅ Success  
     49      |   -537.28    |    -18.09    |    -18.32    |      13      |  ❌ Failure  
     50      |    942.07    |    -30.84    |    -28.06    |      25      |  ✅ Success  
  📊 统计 [Ep 50]: Actor Loss=23.8911, Critic Loss=38.2577, Alpha=0.0234, TD-error=3.6541, Beta=1.0000
     51      |   -524.71    |    -9.92     |    -9.65     |      9       |  ❌ Failure  
     52      |   -3116.80   |   -1304.78   |   -1389.77   |     1000     | ⏱️  Timeout 
     53      |   -3291.39   |   -1379.51   |   -1401.54   |     1000     | ⏱️  Timeout 
     54      |   -4038.55   |   -1518.80   |   -1565.91   |     1000     | ⏱️  Timeout 
     55      |   -4290.43   |   -1336.41   |   -1390.19   |     1000     | ⏱️  Timeout 
     56      |   -517.24    |    -6.87     |    -7.26     |      6       |  ❌ Failure  
     57      |   -3943.23   |   -1059.61   |   -1020.97   |     809      |  ❌ Failure  
     58      |   -3851.25   |   -1445.29   |   -1415.06   |     1000     | ⏱️  Timeout 
     59      |   -3820.68   |   -1499.89   |   -1347.50   |     1000     | ⏱️  Timeout 
     60      |   -523.68    |   -614.33    |   -640.14    |     485      |  ✅ Success  
  📊 统计 [Ep 60]: Actor Loss=29.2956, Critic Loss=77.8546, Alpha=0.0471, TD-error=4.7828, Beta=1.0000
     61      |   -3487.96   |   -1249.97   |   -1342.00   |     1000     | ⏱️  Timeout 
     62      |   -3324.38   |   -1260.70   |   -1229.23   |     1000     | ⏱️  Timeout 
     63      |    935.68    |    -29.79    |    -30.22    |      27      |  ✅ Success  
     64      |   -2934.17   |   -1254.63   |   -1218.06   |     1000     | ⏱️  Timeout 
     65      |    872.30    |    -65.23    |    -64.36    |      60      |  ✅ Success  
     66      |    929.41    |    -34.06    |    -37.59    |      33      |  ✅ Success  
     67      |   -1311.91   |   -864.63    |   -916.44    |     666      |  ✅ Success  
     68      |    928.90    |    -31.96    |    -32.39    |      29      |  ✅ Success  
     69      |    826.87    |    -75.31    |    -89.27    |      64      |  ✅ Success  
     70      |    786.08    |   -100.17    |   -101.42    |      79      |  ✅ Success  
  📊 统计 [Ep 70]: Actor Loss=25.0593, Critic Loss=92.6294, Alpha=0.0337, TD-error=4.5683, Beta=1.0000
     71      |   -595.87    |    -52.60    |    -43.85    |      39      |  ❌ Failure  
     72      |    598.32    |   -160.05    |   -183.15    |     139      |  ✅ Success  
     73      |    391.10    |   -287.26    |   -250.25    |     212      |  ✅ Success  
     74      |    932.81    |    -30.27    |    -30.66    |      27      |  ✅ Success  
     75      |   -890.21    |   -742.25    |   -812.05    |     555      |  ✅ Success  
     76      |   -3311.36   |   -1638.20   |   -1282.29   |     1000     | ⏱️  Timeout 
     77      |   -3033.82   |   -1253.73   |   -1299.38   |     1000     | ⏱️  Timeout 
     78      |   -2968.29   |   -1272.33   |   -1285.22   |     1000     | ⏱️  Timeout 
     79      |    894.70    |    -44.22    |    -45.02    |      41      |  ✅ Success  
     80      |    936.62    |    -30.03    |    -36.05    |      28      |  ✅ Success  
  📊 统计 [Ep 80]: Actor Loss=18.0881, Critic Loss=111.2119, Alpha=0.0464, TD-error=5.0724, Beta=1.0000
     81      |   -3081.74   |   -1249.38   |   -1202.97   |     1000     | ⏱️  Timeout 
     82      |    944.52    |    -24.19    |    -30.14    |      27      |  ✅ Success  
     83      |   -2869.94   |   -1224.66   |   -1181.96   |     1000     | ⏱️  Timeout 
     84      |   -3026.55   |   -1212.43   |   -1196.69   |     1000     | ⏱️  Timeout 
     85      |    888.65    |    -51.37    |    -52.32    |      47      |  ✅ Success  
     86      |    917.04    |    -42.94    |    -39.56    |      37      |  ✅ Success  
     87      |    950.77    |    -22.95    |    -30.24    |      21      |  ✅ Success  
     88      |   -3331.78   |   -1244.10   |   -1202.87   |     1000     | ⏱️  Timeout 
     89      |   -3716.15   |   -1395.93   |   -1471.59   |     1000     | ⏱️  Timeout 
     90      |    941.39    |    -29.15    |    -29.47    |      28      |  ✅ Success  
  📊 统计 [Ep 90]: Actor Loss=17.3926, Critic Loss=45.6479, Alpha=0.0653, TD-error=3.7964, Beta=1.0000
     91      |   -3861.09   |   -1483.74   |   -1321.23   |     1000     | ⏱️  Timeout 
     92      |    819.98    |    -73.68    |    -77.09    |      66      |  ✅ Success  
     93      |    767.11    |    -99.53    |    -95.59    |      78      |  ✅ Success  
     94      |    951.80    |    -22.77    |    -24.03    |      22      |  ✅ Success  
     95      |    674.03    |   -142.21    |   -147.34    |     122      |  ✅ Success  
     96      |   -3627.61   |   -1404.94   |   -1347.35   |     1000     | ⏱️  Timeout 
     97      |    886.44    |    -57.36    |    -47.79    |      41      |  ✅ Success  
     98      |   -3456.27   |   -1414.57   |   -1251.13   |     1000     | ⏱️  Timeout 
     99      |    527.30    |   -199.13    |   -198.99    |     172      |  ✅ Success  
    100      |    953.05    |    -21.14    |    -24.37    |      22      |  ✅ Success  
  📊 统计 [Ep 100]: Actor Loss=14.5155, Critic Loss=96.5931, Alpha=0.1003, TD-error=7.3743, Beta=1.0000
    101      |   -4385.88   |   -1838.09   |   -1503.58   |     1000     | ⏱️  Timeout 
    102      |   -636.82    |   -645.70    |   -615.88    |     480      |  ✅ Success  
    103      |   -566.12    |    -21.16    |    -21.12    |      18      |  ❌ Failure  
    104      |    356.21    |   -232.62    |   -207.63    |     165      |  ✅ Success  
    105      |   -528.36    |    -10.54    |    -10.34    |      9       |  ❌ Failure  
    106      |    -83.03    |   -396.97    |   -412.85    |     325      |  ✅ Success  
    107      |    899.63    |    -46.60    |    -46.59    |      41      |  ✅ Success  
    108      |    818.84    |    -79.16    |    -82.57    |      70      |  ✅ Success  
    109      |   -792.56    |   -149.79    |   -135.36    |     117      |  ❌ Failure  
    110      |    949.94    |    -28.18    |    -23.47    |      27      |  ✅ Success  
  📊 统计 [Ep 110]: Actor Loss=10.5380, Critic Loss=130.4807, Alpha=0.1290, TD-error=10.3951, Beta=1.0000
    111      |    387.16    |   -209.63    |   -203.54    |     162      |  ✅ Success  
    112      |   -3558.68   |   -1264.60   |   -1401.20   |     1000     | ⏱️  Timeout 
    113      |    315.49    |   -345.34    |   -325.74    |     233      |  ✅ Success  
    114      |    721.54    |   -132.84    |   -128.78    |     113      |  ✅ Success  
    115      |   -607.80    |    -55.00    |    -59.30    |      51      |  ❌ Failure  
    116      |   -868.29    |   -663.81    |   -774.24    |     471      |  ✅ Success  
    117      |   -1585.24   |   -907.11    |   -880.43    |     669      |  ✅ Success  
    118      |    696.05    |   -139.86    |   -137.70    |     119      |  ✅ Success  
    119      |   -1879.94   |   -552.17    |   -538.18    |     433      |  ❌ Failure  
    120      |    850.15    |    -61.96    |    -65.34    |      53      |  ✅ Success  
  📊 统计 [Ep 120]: Actor Loss=9.6531, Critic Loss=192.0643, Alpha=0.2052, TD-error=13.1549, Beta=1.0000
    121      |    948.81    |    -25.22    |    -25.10    |      24      |  ✅ Success  
    122      |   -4409.69   |   -1341.52   |   -1521.16   |     1000     | ⏱️  Timeout 
    123      |   -4162.32   |   -1233.16   |   -1611.84   |     1000     | ⏱️  Timeout 
    124      |   -4257.04   |   -1259.13   |   -1491.96   |     1000     | ⏱️  Timeout 
    125      |   -1741.75   |   -836.79    |   -1192.88   |     676      |  ✅ Success  
    126      |    -96.30    |   -446.74    |   -515.80    |     387      |  ✅ Success  
    127      |    200.41    |   -327.43    |   -339.02    |     288      |  ✅ Success  
    128      |   -4089.09   |   -1194.13   |   -1358.47   |     1000     | ⏱️  Timeout 
    129      |   -3303.14   |   -1169.52   |   -1224.93   |     1000     | ⏱️  Timeout 
    130      |   -4280.26   |   -1206.64   |   -1326.63   |     1000     | ⏱️  Timeout 
  📊 统计 [Ep 130]: Actor Loss=16.6131, Critic Loss=106.7056, Alpha=0.1148, TD-error=7.4298, Beta=1.0000
    131      |   -5134.44   |   -1457.37   |   -1595.12   |     1000     | ⏱️  Timeout 
    132      |    893.87    |    -46.93    |    -50.23    |      46      |  ✅ Success  
    133      |   -3612.88   |   -1230.06   |   -1442.63   |     1000     | ⏱️  Timeout 
    134      |   -3736.56   |   -1344.52   |   -1281.50   |     1000     | ⏱️  Timeout 
    135      |   -3434.60   |   -1421.63   |   -1179.15   |     1000     | ⏱️  Timeout 
    136      |    432.03    |   -225.99    |   -212.17    |     190      |  ✅ Success  
    137      |    848.93    |    -68.18    |    -59.58    |      53      |  ✅ Success  
    138      |    626.85    |   -164.22    |   -122.33    |     101      |  ✅ Success  
    139      |   -3845.97   |   -1502.68   |   -1199.52   |     1000     | ⏱️  Timeout 
    140      |    954.75    |    -23.70    |    -22.70    |      21      |  ✅ Success  
  📊 统计 [Ep 140]: Actor Loss=15.2226, Critic Loss=54.9022, Alpha=0.0804, TD-error=4.7227, Beta=1.0000
    141      |    801.68    |    -72.16    |    -69.70    |      59      |  ✅ Success  
    142      |    905.46    |    -45.68    |    -45.49    |      40      |  ✅ Success  
    143      |    782.53    |   -116.88    |    -73.44    |      62      |  ✅ Success  
    144      |    932.32    |    -33.42    |    -31.10    |      29      |  ✅ Success  
    145      |    852.66    |    -52.28    |    -53.24    |      46      |  ✅ Success  
    146      |    825.52    |    -67.38    |    -68.75    |      60      |  ✅ Success  
    147      |    935.52    |    -31.72    |    -29.54    |      29      |  ✅ Success  
    148      |    905.80    |    -42.63    |    -41.02    |      38      |  ✅ Success  
    149      |    769.26    |    -71.59    |    -69.10    |      61      |  ✅ Success  
    150      |   -3524.50   |   -1455.93   |   -1167.60   |     1000     | ⏱️  Timeout 
  📊 统计 [Ep 150]: Actor Loss=4.1860, Critic Loss=120.9105, Alpha=0.0962, TD-error=8.1938, Beta=1.0000
    151      |    568.71    |   -163.79    |   -141.81    |     122      |  ✅ Success  
    152      |   -4839.56   |   -1522.77   |   -1589.24   |     1000     | ⏱️  Timeout 
    153      |    659.34    |   -116.25    |   -116.70    |      98      |  ✅ Success  
    154      |    896.28    |    -43.65    |    -41.97    |      38      |  ✅ Success  
    155      |   -390.58    |   -446.88    |   -431.30    |     282      |  ✅ Success  
    156      |    -64.65    |   -385.43    |   -440.53    |     336      |  ✅ Success  
    157      |    949.43    |    -23.43    |    -25.48    |      24      |  ✅ Success  
    158      |    834.26    |    -67.34    |    -75.18    |      62      |  ✅ Success  
    159      |    911.59    |    -48.80    |    -40.16    |      35      |  ✅ Success  
    160      |    912.79    |    -38.02    |    -38.61    |      35      |  ✅ Success  
  📊 统计 [Ep 160]: Actor Loss=-12.9425, Critic Loss=137.7351, Alpha=0.1947, TD-error=11.6273, Beta=1.0000
    161      |    623.33    |   -126.03    |   -130.75    |     103      |  ✅ Success  
    162      |    899.70    |    -44.20    |    -43.65    |      40      |  ✅ Success  
    163      |    844.30    |    -54.21    |    -54.56    |      47      |  ✅ Success  
    164      |    868.87    |    -56.15    |    -58.11    |      52      |  ✅ Success  
    165      |   -953.81    |   -711.49    |   -711.80    |     606      |  ✅ Success  
    166      |    863.11    |    -48.68    |    -49.83    |      42      |  ✅ Success  
    167      |   -4389.75   |   -1211.43   |   -1277.19   |     1000     | ⏱️  Timeout 
    168      |    928.38    |    -35.22    |    -34.55    |      32      |  ✅ Success  
    169      |    925.49    |    -33.01    |    -33.83    |      31      |  ✅ Success  
    170      |   -3301.77   |   -1325.99   |   -1189.00   |     1000     | ⏱️  Timeout 
  📊 统计 [Ep 170]: Actor Loss=-19.3819, Critic Loss=138.7242, Alpha=0.2300, TD-error=9.9946, Beta=1.0000
    171      |    916.46    |    -36.57    |    -39.10    |      34      |  ✅ Success  
    172      |    -9.91     |   -379.48    |   -382.90    |     321      |  ✅ Success  
    173      |    923.53    |    -38.21    |    -36.18    |      33      |  ✅ Success  
    174      |    931.98    |    -33.79    |    -35.27    |      31      |  ✅ Success  
    175      |   -1552.12   |   -876.17    |   -931.24    |     743      |  ✅ Success  
    176      |    102.46    |   -419.61    |   -360.61    |     305      |  ✅ Success  
    177      |    941.47    |    -26.60    |    -30.06    |      29      |  ✅ Success  
    178      |    675.22    |   -136.65    |   -133.36    |     122      |  ✅ Success  
    179      |    914.52    |    -37.69    |    -39.74    |      35      |  ✅ Success  
    180      |    917.27    |    -38.69    |    -39.18    |      37      |  ✅ Success  
  📊 统计 [Ep 180]: Actor Loss=-13.8568, Critic Loss=135.8192, Alpha=0.2533, TD-error=10.1562, Beta=1.0000
    181      |    874.27    |    -65.10    |    -50.07    |      44      |  ✅ Success  
    182      |    300.81    |   -310.74    |   -288.47    |     245      |  ✅ Success  
    183      |    889.99    |    -53.72    |    -53.62    |      46      |  ✅ Success  
    184      |    294.84    |   -253.43    |   -235.74    |     205      |  ✅ Success  
    185      |    939.55    |    -27.24    |    -28.86    |      27      |  ✅ Success  
    186      |    952.59    |    -25.07    |    -22.75    |      20      |  ✅ Success  
    187      |    943.99    |    -26.21    |    -27.22    |      24      |  ✅ Success  
    188      |   -955.58    |   -753.48    |   -1189.06   |     643      |  ✅ Success  
    189      |    893.79    |    -46.75    |    -51.19    |      44      |  ✅ Success  
    190      |    924.15    |    -40.10    |    -34.43    |      34      |  ✅ Success  
  📊 统计 [Ep 190]: Actor Loss=-34.4884, Critic Loss=218.5520, Alpha=0.3164, TD-error=14.3395, Beta=1.0000
    191      |    911.60    |    -46.93    |    -37.59    |      33      |  ✅ Success  
    192      |    875.17    |    -50.15    |    -49.60    |      44      |  ✅ Success  
    193      |    429.87    |   -247.01    |   -246.72    |     219      |  ✅ Success  
    194      |    944.35    |    -26.95    |    -28.66    |      23      |  ✅ Success  
    195      |    944.73    |    -27.40    |    -27.66    |      26      |  ✅ Success  
    196      |    701.44    |   -141.33    |   -143.32    |     126      |  ✅ Success  
    197      |   -219.18    |   -402.18    |   -387.44    |     331      |  ✅ Success  
    198      |    883.37    |    -55.84    |    -49.55    |      44      |  ✅ Success  
    199      |    925.50    |    -33.26    |    -35.80    |      31      |  ✅ Success  
    200      |    537.13    |   -223.82    |   -237.09    |     198      |  ✅ Success  
  📊 统计 [Ep 200]: Actor Loss=-34.2226, Critic Loss=241.4955, Alpha=0.4192, TD-error=15.8225, Beta=1.0000
    201      |    932.49    |    -49.77    |    -29.67    |      30      |  ✅ Success  
    202      |   -521.06    |    -7.92     |    -7.95     |      7       |  ❌ Failure  
    203      |    882.88    |    -49.33    |    -48.89    |      45      |  ✅ Success  
    204      |    299.13    |   -284.10    |   -321.60    |     244      |  ✅ Success  
    205      |    942.76    |    -28.48    |    -29.16    |      27      |  ✅ Success  
    206      |    914.89    |    -41.15    |    -35.18    |      34      |  ✅ Success  
    207      |    865.20    |    -80.35    |    -53.43    |      48      |  ✅ Success  
    208      |    828.31    |    -92.95    |    -82.18    |      75      |  ✅ Success  
    209      |    698.10    |   -142.91    |   -138.95    |     125      |  ✅ Success  
    210      |    534.39    |   -250.70    |   -200.53    |     139      |  ✅ Success  
  📊 统计 [Ep 210]: Actor Loss=-31.6708, Critic Loss=250.8438, Alpha=0.4668, TD-error=16.7521, Beta=1.0000
    211      |    912.40    |    -39.11    |    -40.82    |      36      |  ✅ Success  
    212      |    918.09    |    -45.72    |    -36.86    |      34      |  ✅ Success  
    213      |    882.78    |    -69.40    |    -50.54    |      46      |  ✅ Success  
    214      |    606.69    |   -146.55    |   -148.93    |     129      |  ✅ Success  
    215      |    501.60    |   -211.98    |   -244.78    |     186      |  ✅ Success  
    216      |    924.02    |    -36.54    |    -37.52    |      34      |  ✅ Success  
    217      |    908.98    |    -64.50    |    -41.27    |      39      |  ✅ Success  
    218      |    833.63    |    -78.27    |    -84.61    |      70      |  ✅ Success  
    219      |    863.61    |    -73.45    |    -74.40    |      68      |  ✅ Success  
    220      |    947.73    |    -25.75    |    -28.32    |      27      |  ✅ Success  
  📊 统计 [Ep 220]: Actor Loss=-47.7636, Critic Loss=306.9847, Alpha=0.4742, TD-error=18.8202, Beta=1.0000
    221      |    937.64    |    -31.33    |    -30.00    |      28      |  ✅ Success  
    222      |    932.50    |    -31.70    |    -31.86    |      30      |  ✅ Success  
    223      |    948.87    |    -25.13    |    -26.41    |      25      |  ✅ Success  
    224      |    902.02    |    -44.14    |    -45.34    |      39      |  ✅ Success  
    225      |    881.90    |    -49.02    |    -49.39    |      45      |  ✅ Success  
    226      |    936.88    |    -31.03    |    -30.56    |      29      |  ✅ Success  
    227      |    918.99    |    -34.06    |    -57.38    |      35      |  ✅ Success  
    228      |    881.23    |    -74.80    |    -64.74    |      62      |  ✅ Success  
    229      |    909.02    |    -51.85    |    -36.84    |      34      |  ✅ Success  
    230      |    892.79    |    -48.15    |    -46.03    |      41      |  ✅ Success  
  📊 统计 [Ep 230]: Actor Loss=-46.5338, Critic Loss=265.3723, Alpha=0.4963, TD-error=19.0868, Beta=1.0000
    231      |    909.45    |    -41.35    |    -38.06    |      38      |  ✅ Success  
    232      |    919.48    |    -37.71    |    -38.46    |      35      |  ✅ Success  
    233      |    896.44    |    -46.29    |    -47.76    |      42      |  ✅ Success  
    234      |    891.93    |    -51.78    |    -50.49    |      46      |  ✅ Success  
    235      |    904.18    |    -41.72    |    -46.87    |      40      |  ✅ Success  
    236      |    899.53    |    -44.18    |    -50.28    |      41      |  ✅ Success  
    237      |    937.50    |    -30.33    |    -32.55    |      29      |  ✅ Success  
    238      |    911.82    |    -37.47    |    -42.95    |      38      |  ✅ Success  
    239      |    840.12    |    -65.13    |    -68.14    |      58      |  ✅ Success  
    240      |    927.64    |    -32.60    |    -37.75    |      34      |  ✅ Success  
  📊 统计 [Ep 240]: Actor Loss=-40.7695, Critic Loss=266.9626, Alpha=0.5335, TD-error=18.8781, Beta=1.0000
    241      |    849.14    |    -70.58    |    -63.75    |      54      |  ✅ Success  
    242      |    893.75    |    -47.20    |    -48.94    |      41      |  ✅ Success  
    243      |    911.49    |    -39.34    |    -37.27    |      35      |  ✅ Success  
    244      |    889.04    |    -46.86    |    -52.59    |      43      |  ✅ Success  
    245      |    872.98    |    -51.15    |    -51.07    |      44      |  ✅ Success  
    246      |    879.31    |    -60.17    |    -48.77    |      44      |  ✅ Success  
    247      |    915.83    |    -39.96    |    -40.56    |      34      |  ✅ Success  
    248      |    948.77    |    -25.34    |    -25.29    |      24      |  ✅ Success  
    249      |    944.62    |    -28.52    |    -25.30    |      25      |  ✅ Success  
    250      |    928.34    |    -36.09    |    -36.21    |      34      |  ✅ Success  
  📊 统计 [Ep 250]: Actor Loss=-50.7202, Critic Loss=423.1503, Alpha=0.5684, TD-error=22.1126, Beta=1.0000
    251      |    938.38    |    -28.94    |    -29.69    |      27      |  ✅ Success  
    252      |    914.58    |    -38.85    |    -38.59    |      35      |  ✅ Success  
    253      |    909.41    |    -37.46    |    -40.70    |      35      |  ✅ Success  
    254      |    921.44    |    -37.02    |    -36.01    |      33      |  ✅ Success  
    255      |    934.22    |    -31.13    |    -31.48    |      29      |  ✅ Success  
    256      |    884.46    |    -59.18    |    -50.07    |      44      |  ✅ Success  
    257      |    893.84    |    -43.19    |    -45.57    |      40      |  ✅ Success  
    258      |    915.09    |    -38.27    |    -38.06    |      34      |  ✅ Success  
    259      |    944.66    |    -27.18    |    -25.73    |      24      |  ✅ Success  
    260      |    938.00    |    -27.24    |    -28.72    |      27      |  ✅ Success  
  📊 统计 [Ep 260]: Actor Loss=-62.6067, Critic Loss=498.4473, Alpha=0.6227, TD-error=25.2442, Beta=1.0000
    261      |    910.68    |    -41.80    |    -41.69    |      37      |  ✅ Success  
    262      |    918.72    |    -38.26    |    -36.78    |      34      |  ✅ Success  
    263      |    875.42    |    -70.01    |    -50.90    |      46      |  ✅ Success  
    264      |   -520.80    |    -7.97     |    -7.61     |      7       |  ❌ Failure  
    265      |    918.81    |    -35.86    |    -37.30    |      33      |  ✅ Success  
    266      |    922.48    |    -36.37    |    -37.17    |      33      |  ✅ Success  
    267      |    934.20    |    -33.74    |    -31.20    |      30      |  ✅ Success  
    268      |    953.15    |    -25.93    |    -21.21    |      24      |  ✅ Success  
    269      |    921.77    |    -34.61    |    -33.17    |      35      |  ✅ Success  
    270      |    896.21    |    -42.03    |    -50.72    |      38      |  ✅ Success  
  📊 统计 [Ep 270]: Actor Loss=-73.7037, Critic Loss=462.9183, Alpha=0.6949, TD-error=26.0466, Beta=1.0000
    271      |   -518.45    |    -6.57     |    -6.67     |      6       |  ❌ Failure  
    272      |    940.51    |    -31.00    |    -26.63    |      28      |  ✅ Success  
    273      |    909.11    |    -38.29    |    -39.08    |      35      |  ✅ Success  
    274      |    891.64    |    -47.65    |    -44.80    |      44      |  ✅ Success  
    275      |    933.29    |    -31.96    |    -31.33    |      30      |  ✅ Success  
    276      |    932.74    |    -28.47    |    -30.42    |      28      |  ✅ Success  
    277      |    896.83    |    -41.65    |    -47.43    |      40      |  ✅ Success  
    278      |    948.27    |    -26.87    |    -23.72    |      24      |  ✅ Success  
    279      |    891.97    |    -47.22    |    -46.38    |      41      |  ✅ Success  
    280      |    845.98    |    -56.34    |    -61.73    |      51      |  ✅ Success  
  📊 统计 [Ep 280]: Actor Loss=-87.5794, Critic Loss=535.2142, Alpha=0.7762, TD-error=28.0306, Beta=1.0000
    281      |    832.45    |    -74.44    |    -74.27    |      58      |  ✅ Success  
    282      |    926.63    |    -36.78    |    -35.30    |      33      |  ✅ Success  
    283      |    922.59    |    -34.69    |    -34.32    |      32      |  ✅ Success  
    284      |    898.66    |    -46.24    |    -46.67    |      43      |  ✅ Success  
    285      |    884.93    |    -51.28    |    -55.37    |      48      |  ✅ Success  
    286      |    931.81    |    -33.69    |    -32.52    |      30      |  ✅ Success  
    287      |   -561.34    |    -20.92    |    -21.02    |      18      |  ❌ Failure  
    288      |    910.00    |    -39.86    |    -39.95    |      35      |  ✅ Success  
    289      |    911.22    |    -39.81    |    -41.29    |      36      |  ✅ Success  
    290      |    919.56    |    -36.51    |    -36.45    |      34      |  ✅ Success  
  📊 统计 [Ep 290]: Actor Loss=-95.0762, Critic Loss=554.4346, Alpha=0.8706, TD-error=26.7149, Beta=1.0000
    291      |    897.97    |    -41.85    |    -42.46    |      37      |  ✅ Success  
    292      |    871.34    |    -53.83    |    -55.05    |      48      |  ✅ Success  
    293      |    886.49    |    -47.61    |    -47.43    |      42      |  ✅ Success  
    294      |    857.27    |    -56.06    |    -54.91    |      50      |  ✅ Success  
    295      |    843.05    |    -73.05    |    -75.91    |      65      |  ✅ Success  
    296      |    887.54    |    -47.44    |    -52.39    |      44      |  ✅ Success  
    297      |    888.76    |    -48.06    |    -49.98    |      43      |  ✅ Success  
    298      |    912.54    |    -39.12    |    -41.33    |      37      |  ✅ Success  
    299      |    939.44    |    -29.00    |    -29.01    |      28      |  ✅ Success  
    300      |    898.01    |    -42.22    |    -47.92    |      42      |  ✅ Success  
  📊 统计 [Ep 300]: Actor Loss=-126.5642, Critic Loss=748.1817, Alpha=0.9703, TD-error=32.9594, Beta=1.0000
    301      |    882.09    |    -49.22    |    -48.79    |      44      |  ✅ Success  
    302      |    913.34    |    -48.11    |    -51.57    |      32      |  ✅ Success  
    303      |    861.51    |    -58.48    |    -74.04    |      51      |  ✅ Success  
    304      |    872.29    |    -62.70    |    -50.10    |      44      |  ✅ Success  
    305      |    941.98    |    -31.46    |    -25.90    |      29      |  ✅ Success  
    306      |    906.85    |    -42.74    |    -41.28    |      40      |  ✅ Success  
    307      |    941.71    |    -32.81    |    -27.87    |      30      |  ✅ Success  
    308      |   -535.71    |    -11.98    |    -11.06    |      10      |  ❌ Failure  
    309      |    956.41    |    -21.76    |    -23.00    |      21      |  ✅ Success  
    310      |    855.49    |    -60.37    |    -70.42    |      53      |  ✅ Success  
  📊 统计 [Ep 310]: Actor Loss=-139.0418, Critic Loss=778.7452, Alpha=1.0831, TD-error=35.3543, Beta=1.0000
    311      |    857.15    |    -57.61    |    -60.99    |      53      |  ✅ Success  
    312      |    923.02    |    -31.97    |    -38.24    |      34      |  ✅ Success  
    313      |    899.48    |    -45.45    |    -46.45    |      42      |  ✅ Success  
    314      |    926.07    |    -34.86    |    -32.05    |      31      |  ✅ Success  
    315      |    854.77    |    -58.89    |    -70.16    |      52      |  ✅ Success  
    316      |    891.75    |    -47.05    |    -47.82    |      43      |  ✅ Success  
    317      |    813.37    |    -84.02    |    -85.50    |      74      |  ✅ Success  
    318      |   -539.88    |    -12.42    |    -12.61    |      11      |  ❌ Failure  
    319      |    934.64    |    -28.67    |    -28.67    |      27      |  ✅ Success  
    320      |    865.84    |    -52.74    |    -52.71    |      47      |  ✅ Success  
  📊 统计 [Ep 320]: Actor Loss=-162.6321, Critic Loss=964.4821, Alpha=1.2190, TD-error=38.5244, Beta=1.0000
    321      |    632.73    |   -109.09    |   -122.78    |      94      |  ✅ Success  
    322      |    760.81    |   -103.37    |   -112.28    |      86      |  ✅ Success  
    323      |    836.23    |    -68.65    |    -67.16    |      57      |  ✅ Success  
    324      |    777.61    |    -85.54    |    -84.30    |      77      |  ✅ Success  
    325      |    874.68    |    -53.78    |    -55.77    |      50      |  ✅ Success  
    326      |    952.64    |    -24.47    |    -23.85    |      23      |  ✅ Success  
    327      |    910.61    |    -39.83    |    -41.46    |      37      |  ✅ Success  
    328      |    857.23    |    -78.00    |    -57.54    |      51      |  ✅ Success  
    329      |    928.71    |    -30.78    |    -36.74    |      32      |  ✅ Success  
    330      |    873.93    |    -52.31    |    -52.78    |      48      |  ✅ Success  
  📊 统计 [Ep 330]: Actor Loss=-153.2101, Critic Loss=924.2574, Alpha=1.3713, TD-error=34.8094, Beta=1.0000
    331      |    849.42    |    -60.08    |    -63.42    |      57      |  ✅ Success  
    332      |    900.42    |    -63.66    |    -41.06    |      39      |  ✅ Success  
    333      |    919.89    |    -35.26    |    -41.79    |      36      |  ✅ Success  
    334      |    817.44    |    -92.05    |    -98.40    |      84      |  ✅ Success  
    335      |    913.93    |    -41.29    |    -43.04    |      38      |  ✅ Success  
    336      |    899.53    |    -41.86    |    -48.76    |      42      |  ✅ Success  
    337      |    831.42    |    -88.33    |    -66.18    |      57      |  ✅ Success  
    338      |    873.60    |    -49.42    |    -55.02    |      50      |  ✅ Success  
    339      |    924.32    |    -35.01    |    -36.11    |      32      |  ✅ Success  
    340      |    886.95    |    -86.62    |    -47.49    |      42      |  ✅ Success  
  📊 统计 [Ep 340]: Actor Loss=-156.6509, Critic Loss=874.4728, Alpha=1.5184, TD-error=37.0155, Beta=1.0000
    341      |    922.57    |    -33.69    |    -34.79    |      32      |  ✅ Success  
    342      |    960.84    |    -20.80    |    -20.54    |      20      |  ✅ Success  
    343      |    859.97    |    -56.89    |    -63.38    |      52      |  ✅ Success  
    344      |    939.59    |    -32.74    |    -29.51    |      26      |  ✅ Success  
    345      |    939.90    |    -30.07    |    -33.50    |      30      |  ✅ Success  
    346      |    901.50    |    -41.93    |    -44.16    |      38      |  ✅ Success  
    347      |   -514.81    |    -5.72     |    -5.36     |      5       |  ❌ Failure  
    348      |    921.12    |    -33.92    |    -35.47    |      32      |  ✅ Success  
    349      |    927.27    |    -36.81    |    -34.73    |      33      |  ✅ Success  
    350      |    935.13    |    -32.43    |    -27.36    |      28      |  ✅ Success  
  📊 统计 [Ep 350]: Actor Loss=-158.9053, Critic Loss=829.1053, Alpha=1.6182, TD-error=37.8360, Beta=1.0000
    351      |    865.19    |    -56.52    |    -54.72    |      49      |  ✅ Success  
    352      |    870.38    |    -53.16    |    -54.92    |      48      |  ✅ Success  
    353      |    924.88    |    -35.30    |    -34.17    |      32      |  ✅ Success  
    354      |    781.18    |    -79.66    |    -82.42    |      72      |  ✅ Success  
    355      |    876.77    |    -53.62    |    -57.19    |      48      |  ✅ Success  
    356      |    905.45    |    -48.73    |    -47.29    |      43      |  ✅ Success  
    357      |    889.76    |    -46.26    |    -51.74    |      43      |  ✅ Success  
    358      |    876.79    |    -65.10    |    -49.63    |      44      |  ✅ Success  
    359      |    881.93    |    -48.81    |    -75.05    |      44      |  ✅ Success  
    360      |    874.40    |    -49.04    |    -49.91    |      44      |  ✅ Success  
  📊 统计 [Ep 360]: Actor Loss=-166.4407, Critic Loss=919.4656, Alpha=1.7592, TD-error=35.7068, Beta=1.0000
    361      |    883.21    |    -60.33    |    -66.43    |      50      |  ✅ Success  
    362      |    919.14    |    -39.81    |    -39.41    |      35      |  ✅ Success  
    363      |    797.04    |   -101.15    |   -106.83    |      94      |  ✅ Success  
    364      |    944.55    |    -29.42    |    -24.48    |      28      |  ✅ Success  
    365      |    924.61    |    -33.05    |    -33.19    |      30      |  ✅ Success  
    366      |    834.52    |    -58.57    |    -59.10    |      52      |  ✅ Success  
    367      |    921.13    |    -34.36    |    -35.27    |      33      |  ✅ Success  
    368      |    932.76    |    -48.35    |    -30.11    |      29      |  ✅ Success  
    369      |    917.84    |    -42.33    |    -44.10    |      40      |  ✅ Success  
    370      |    937.30    |    -31.07    |    -33.35    |      32      |  ✅ Success  
  📊 统计 [Ep 370]: Actor Loss=-175.8030, Critic Loss=997.6081, Alpha=1.7940, TD-error=35.3019, Beta=1.0000
    371      |    870.00    |    -53.55    |    -52.82    |      48      |  ✅ Success  
    372      |    939.75    |    -29.22    |    -28.26    |      31      |  ✅ Success  
    373      |    840.36    |    -64.28    |    -63.58    |      57      |  ✅ Success  
    374      |    875.90    |    -51.93    |    -51.47    |      46      |  ✅ Success  
    375      |    915.51    |    -42.65    |    -36.14    |      33      |  ✅ Success  
    376      |    828.09    |    -69.51    |    -68.06    |      60      |  ✅ Success  
    377      |    850.68    |    -62.16    |    -77.42    |      55      |  ✅ Success  
    378      |    847.19    |    -82.50    |    -79.51    |      74      |  ✅ Success  
    379      |    890.28    |    -43.35    |    -41.94    |      38      |  ✅ Success  
    380      |    933.61    |    -31.68    |    -33.43    |      30      |  ✅ Success  
  📊 统计 [Ep 380]: Actor Loss=-189.0520, Critic Loss=1015.2743, Alpha=1.8812, TD-error=39.2560, Beta=1.0000
    381      |    895.03    |    -76.40    |    -41.67    |      38      |  ✅ Success  
    382      |    933.86    |    -31.25    |    -31.92    |      30      |  ✅ Success  
    383      |    879.43    |    -55.33    |    -53.93    |      47      |  ✅ Success  
    384      |    876.88    |    -52.34    |    -51.98    |      48      |  ✅ Success  
    385      |    856.30    |    -72.63    |   -102.70    |      63      |  ✅ Success  
    386      |    917.64    |    -38.42    |    -39.07    |      35      |  ✅ Success  
    387      |    867.65    |    -53.59    |    -55.09    |      48      |  ✅ Success  
    388      |    884.82    |    -48.46    |    -51.07    |      46      |  ✅ Success  
    389      |    959.93    |    -24.12    |    -21.70    |      22      |  ✅ Success  
    390      |    952.59    |    -24.89    |    -22.45    |      23      |  ✅ Success  
  📊 统计 [Ep 390]: Actor Loss=-194.6756, Critic Loss=1071.1340, Alpha=1.9158, TD-error=41.4145, Beta=1.0000
    391      |    892.45    |    -49.58    |    -50.04    |      48      |  ✅ Success  
    392      |    914.84    |    -40.21    |    -38.92    |      36      |  ✅ Success  
    393      |    874.90    |    -54.24    |    -54.39    |      48      |  ✅ Success  
    394      |    920.54    |    -37.08    |    -34.66    |      35      |  ✅ Success  
    395      |    890.78    |    -45.80    |    -45.33    |      41      |  ✅ Success  
    396      |    917.44    |    -40.45    |    -36.88    |      35      |  ✅ Success  
    397      |    866.24    |    -56.23    |    -55.08    |      50      |  ✅ Success  
    398      |    910.92    |    -48.74    |    -44.93    |      42      |  ✅ Success  
    399      |    886.14    |    -51.52    |    -48.87    |      45      |  ✅ Success  
    400      |    939.61    |    -31.50    |    -30.45    |      31      |  ✅ Success  
  📊 统计 [Ep 400]: Actor Loss=-177.7732, Critic Loss=914.4480, Alpha=2.0246, TD-error=35.0757, Beta=1.0000
    401      |    890.49    |    -56.30    |    -47.29    |      48      |  ✅ Success  
    402      |    892.28    |    -49.88    |    -45.87    |      43      |  ✅ Success  
    403      |    941.14    |    -29.10    |    -30.82    |      29      |  ✅ Success  
    404      |    945.44    |    -29.02    |    -27.26    |      26      |  ✅ Success  
    405      |    939.03    |    -30.15    |    -29.33    |      28      |  ✅ Success  
    406      |    927.66    |    -33.18    |    -34.43    |      32      |  ✅ Success  
    407      |    881.16    |    -52.31    |    -47.73    |      46      |  ✅ Success  
    408      |    906.94    |    -64.15    |    -48.19    |      44      |  ✅ Success  
    409      |    912.56    |    -45.79    |    -47.40    |      45      |  ✅ Success  
    410      |    926.77    |    -32.98    |    -35.59    |      31      |  ✅ Success  
  📊 统计 [Ep 410]: Actor Loss=-202.4531, Critic Loss=1079.9435, Alpha=2.0582, TD-error=39.2575, Beta=1.0000
    411      |    921.06    |    -45.98    |    -37.75    |      35      |  ✅ Success  
    412      |    844.56    |    -65.18    |    -58.10    |      60      |  ✅ Success  
    413      |    854.65    |    -59.96    |    -61.27    |      57      |  ✅ Success  
    414      |    937.28    |    -30.08    |    -28.96    |      28      |  ✅ Success  
    415      |    909.74    |    -42.29    |    -41.91    |      40      |  ✅ Success  
    416      |    921.51    |    -44.79    |    -38.04    |      41      |  ✅ Success  
    417      |    935.32    |    -30.06    |    -29.69    |      28      |  ✅ Success  
    418      |    779.89    |    -70.43    |    -77.15    |      64      |  ✅ Success  
    419      |    927.60    |    -32.64    |    -33.73    |      31      |  ✅ Success  
    420      |    933.24    |    -34.23    |    -27.80    |      31      |  ✅ Success  
  📊 统计 [Ep 420]: Actor Loss=-212.1239, Critic Loss=1224.9782, Alpha=2.0957, TD-error=38.9654, Beta=1.0000
    421      |    930.75    |    -31.84    |    -31.56    |      30      |  ✅ Success  
    422      |    878.69    |    -67.57    |    -50.79    |      46      |  ✅ Success  
    423      |    923.13    |    -38.98    |    -35.58    |      32      |  ✅ Success  
    424      |    852.65    |    -66.64    |    -66.49    |      61      |  ✅ Success  
    425      |    909.87    |    -39.04    |    -46.43    |      36      |  ✅ Success  
    426      |    912.90    |    -41.71    |    -40.59    |      38      |  ✅ Success  
    427      |    894.59    |    -44.70    |    -42.28    |      39      |  ✅ Success  
    428      |    894.81    |    -46.81    |    -46.99    |      44      |  ✅ Success  
    429      |    941.76    |    -31.60    |    -27.95    |      26      |  ✅ Success  
    430      |    890.45    |    -57.02    |    -44.88    |      47      |  ✅ Success  
  📊 统计 [Ep 430]: Actor Loss=-219.2551, Critic Loss=941.7443, Alpha=2.1803, TD-error=38.6154, Beta=1.0000
    431      |    950.70    |    -25.17    |    -22.39    |      26      |  ✅ Success  
    432      |    887.19    |    -51.70    |    -51.15    |      46      |  ✅ Success  
    433      |    888.51    |    -55.86    |    -47.96    |      46      |  ✅ Success  
    434      |    933.65    |    -50.08    |    -29.17    |      28      |  ✅ Success  
    435      |    923.55    |    -37.05    |    -35.54    |      33      |  ✅ Success  
    436      |    923.80    |    -33.12    |    -33.54    |      31      |  ✅ Success  
    437      |    911.21    |    -37.79    |    -38.03    |      35      |  ✅ Success  
    438      |    841.42    |    -59.90    |    -57.92    |      53      |  ✅ Success  
    439      |    960.79    |    -19.48    |    -19.02    |      21      |  ✅ Success  
    440      |    921.92    |    -35.20    |    -33.03    |      32      |  ✅ Success  
  📊 统计 [Ep 440]: Actor Loss=-203.5703, Critic Loss=1162.6137, Alpha=2.2206, TD-error=39.1665, Beta=1.0000
    441      |    953.38    |    -23.03    |    -23.57    |      22      |  ✅ Success  
    442      |    861.36    |    -59.07    |    -55.79    |      46      |  ✅ Success  
    443      |    895.78    |    -46.04    |    -45.60    |      41      |  ✅ Success  
    444      |    863.75    |    -54.71    |    -57.16    |      50      |  ✅ Success  
    445      |    943.00    |    -27.51    |    -28.90    |      26      |  ✅ Success  
    446      |    887.21    |    -47.61    |    -49.53    |      44      |  ✅ Success  
    447      |    912.57    |    -40.87    |    -39.63    |      36      |  ✅ Success  
    448      |    945.72    |    -27.87    |    -22.83    |      26      |  ✅ Success  
    449      |    904.30    |    -41.53    |    -41.82    |      38      |  ✅ Success  
    450      |    954.45    |    -23.80    |    -22.88    |      22      |  ✅ Success  
  📊 统计 [Ep 450]: Actor Loss=-199.4883, Critic Loss=1076.9865, Alpha=2.2594, TD-error=37.3051, Beta=1.0000
    451      |    928.53    |    -33.88    |    -34.07    |      32      |  ✅ Success  
    452      |    947.72    |    -27.77    |    -23.63    |      25      |  ✅ Success  
    453      |    918.01    |    -35.98    |    -35.12    |      33      |  ✅ Success  
    454      |    942.47    |    -30.13    |    -29.34    |      28      |  ✅ Success  
    455      |    937.02    |    -31.61    |    -30.96    |      30      |  ✅ Success  
    456      |    912.25    |    -39.09    |    -37.87    |      35      |  ✅ Success  
    457      |    405.54    |   -174.00    |   -178.50    |     131      |  ✅ Success  
    458      |    912.77    |    -42.94    |    -43.32    |      40      |  ✅ Success  
    459      |    941.75    |    -32.39    |    -26.37    |      29      |  ✅ Success  
    460      |    943.60    |    -31.04    |    -26.17    |      25      |  ✅ Success  
  📊 统计 [Ep 460]: Actor Loss=-219.3615, Critic Loss=1085.6767, Alpha=2.3012, TD-error=38.6133, Beta=1.0000
    461      |    896.02    |    -43.31    |    -49.31    |      43      |  ✅ Success  
    462      |    953.79    |    -24.98    |    -23.19    |      26      |  ✅ Success  
    463      |    893.39    |    -58.15    |    -59.21    |      53      |  ✅ Success  
    464      |    932.73    |    -30.49    |    -29.90    |      28      |  ✅ Success  
    465      |    953.35    |    -23.32    |    -22.42    |      24      |  ✅ Success  
    466      |    950.72    |    -23.85    |    -25.68    |      23      |  ✅ Success  
    467      |    945.66    |    -30.51    |    -25.79    |      29      |  ✅ Success  
    468      |    952.77    |    -23.58    |    -21.03    |      22      |  ✅ Success  
    469      |    886.62    |    -51.28    |    -46.66    |      47      |  ✅ Success  
    470      |    837.16    |    -67.34    |    -66.06    |      61      |  ✅ Success  
  📊 统计 [Ep 470]: Actor Loss=-236.3829, Critic Loss=1216.6726, Alpha=2.3462, TD-error=40.7383, Beta=1.0000
    471      |    854.51    |    -59.39    |    -62.32    |      57      |  ✅ Success  
    472      |    786.47    |    -92.37    |    -75.03    |      65      |  ✅ Success  
    473      |    908.24    |    -44.04    |    -44.45    |      42      |  ✅ Success  
    474      |    714.60    |    -93.63    |    -98.24    |      86      |  ✅ Success  
    475      |    850.21    |    -57.48    |    -55.19    |      50      |  ✅ Success  
    476      |    942.62    |    -26.96    |    -28.65    |      27      |  ✅ Success  
    477      |    953.80    |    -25.52    |    -21.13    |      23      |  ✅ Success  
    478      |    664.55    |   -120.93    |   -121.29    |     104      |  ✅ Success  
    479      |    209.22    |   -212.67    |   -219.72    |     187      |  ✅ Success  
    480      |    821.75    |    -72.11    |    -72.19    |      63      |  ✅ Success  
  📊 统计 [Ep 480]: Actor Loss=-251.5711, Critic Loss=1196.8025, Alpha=2.5798, TD-error=39.4659, Beta=1.0000
    481      |    936.13    |    -27.97    |    -35.76    |      29      |  ✅ Success  
    482      |    903.83    |    -43.38    |    -42.92    |      40      |  ✅ Success  
    483      |    942.44    |    -26.89    |    -29.23    |      27      |  ✅ Success  
    484      |    926.35    |    -35.90    |    -35.37    |      36      |  ✅ Success  
    485      |    946.17    |    -27.76    |    -23.92    |      26      |  ✅ Success  
    486      |    775.92    |   -100.07    |    -98.34    |      91      |  ✅ Success  
    487      |    910.20    |    -44.20    |    -37.14    |      34      |  ✅ Success  
    488      |    901.48    |    -43.77    |    -43.15    |      40      |  ✅ Success  
    489      |    844.25    |    -59.94    |    -54.13    |      47      |  ✅ Success  
    490      |    917.37    |    -42.01    |    -40.57    |      39      |  ✅ Success  
  📊 统计 [Ep 490]: Actor Loss=-256.2808, Critic Loss=1258.7992, Alpha=2.6229, TD-error=39.7076, Beta=1.0000
    491      |    912.65    |    -35.05    |    -38.55    |      35      |  ✅ Success  
    492      |    950.70    |    -26.09    |    -29.87    |      25      |  ✅ Success  
    493      |    897.38    |    -46.60    |    -46.42    |      43      |  ✅ Success  
    494      |    685.82    |   -133.88    |    -95.70    |      82      |  ✅ Success  
    495      |    939.98    |    -34.19    |    -32.73    |      33      |  ✅ Success  
    496      |    885.82    |    -47.60    |    -50.82    |      47      |  ✅ Success  
    497      |    712.14    |    -84.81    |    -97.41    |      76      |  ✅ Success  
    498      |    863.92    |    -49.52    |    -53.21    |      45      |  ✅ Success  
    499      |    888.11    |    -46.25    |    -47.64    |      42      |  ✅ Success  
✅ 训练数据已保存: /home/zhangpeng/UAV_PATH_PLANNING/runs/exp_baseline_20251029_205148/training_data.pkl
✅ 总奖励曲线已保存: /home/zhangpeng/UAV_PATH_PLANNING/runs/exp_baseline_20251029_205148/plots/total_reward.png
✅ Leader奖励曲线已保存: /home/zhangpeng/UAV_PATH_PLANNING/runs/exp_baseline_20251029_205148/plots/leader_reward.png
✅ Follower奖励曲线已保存: /home/zhangpeng/UAV_PATH_PLANNING/runs/exp_baseline_20251029_205148/plots/follower_reward.png
