📝 日志文件: /home/zhangpeng/UAV_PATH_PLANNING/runs/exp_baseline_20251031_200029/training.log
💡 训练输出将实时保存到日志文件
🚀 启用AMP混合精度训练（预期加速40-100%）
🚀 启用异步数据传输（预期加速10-20%）
SAC训练中...
📊 优先级经验回放（PER）配置:
  - 容量: 20000
  - Alpha: 0.6 (优先级指数)
  - Beta: 0.4 → 1.0 (重要性采样权重)
  - 内存优化: float32 (节省50%内存)

================================================================================
  Episode    |    Leader    |   Follower   |    Steps     |    Status   
================================================================================
     0       |   -134.67    |   -486.74    |     147      |  ✅ Success  
  📊 统计 [Ep 0]: Actor Loss=2.4640, Critic Loss=141.8193, Alpha=0.9969, TD-error=2.1835, Beta=0.4200
     1       |   -2016.58   |   -285.58    |     146      |  ❌ Failure  
     2       |  -10607.50   |   -2726.75   |     1000     | ⏱️  Timeout 
     3       |   -567.51    |    -8.94     |      10      |  ❌ Failure  
     4       |   -555.30    |    -10.01    |      7       |  ❌ Failure  
     5       |  -10324.01   |   -2812.90   |     1000     | ⏱️  Timeout 
     6       |  -10634.34   |   -2024.16   |     1000     | ⏱️  Timeout 
     7       |  -12350.15   |   -3519.43   |     1000     | ⏱️  Timeout 
     8       |   -4448.48   |   -1405.78   |     564      |  ✅ Success  
     9       |   -2371.19   |   -1458.65   |     363      |  ✅ Success  
     10      |   -8549.46   |   -3434.73   |     1000     | ⏱️  Timeout 
  📊 统计 [Ep 10]: Actor Loss=59.2993, Critic Loss=53.8366, Alpha=0.2687, TD-error=3.9524, Beta=1.0000
     11      |   -126.03    |   -275.18    |     136      |  ✅ Success  
     12      |   -6603.90   |   -3116.43   |     1000     | ⏱️  Timeout 
     13      |   -254.75    |   -570.53    |     178      |  ✅ Success  
     14      |   -5052.07   |   -2329.45   |     854      |  ✅ Success  
     15      |   -9518.99   |   -2148.71   |     1000     | ⏱️  Timeout 
     16      |   -6886.88   |   -1851.37   |     1000     | ⏱️  Timeout 
     17      |   -7784.98   |   -2087.13   |     1000     | ⏱️  Timeout 
     18      |   -2489.10   |   -996.24    |     577      |  ✅ Success  
     19      |   -838.57    |   -617.46    |     356      |  ✅ Success  
     20      |    697.89    |    -84.20    |      47      |  ✅ Success  
  📊 统计 [Ep 20]: Actor Loss=18.6418, Critic Loss=249.0844, Alpha=0.2194, TD-error=13.9958, Beta=1.0000
     21      |   -612.66    |    -23.86    |      14      |  ❌ Failure  
     22      |   -600.05    |    -12.04    |      13      |  ❌ Failure  
     23      |    732.00    |    -77.34    |      41      |  ✅ Success  
     24      |    384.15    |   -131.45    |      89      |  ✅ Success  
     25      |   -5046.44   |   -1683.84   |     1000     | ⏱️  Timeout 
     26      |   -1208.24   |   -195.66    |     105      |  ❌ Failure  
     27      |   -2558.15   |   -1205.94   |     564      |  ✅ Success  
     28      |   -1571.46   |   -831.44    |     368      |  ✅ Success  
     29      |   -560.17    |    -9.22     |      9       |  ❌ Failure  
     30      |  -10423.54   |   -2159.46   |     1000     | ⏱️  Timeout 
  📊 统计 [Ep 30]: Actor Loss=29.4750, Critic Loss=249.5845, Alpha=0.3196, TD-error=16.0928, Beta=1.0000
     31      |    769.28    |    -54.59    |      43      |  ✅ Success  
     32      |   -3225.54   |   -979.68    |     585      |  ✅ Success  
     33      |    734.85    |    -83.33    |      57      |  ✅ Success  
     34      |    719.74    |    -71.31    |      53      |  ✅ Success  
     35      |    228.77    |   -334.11    |     158      |  ✅ Success  
     36      |    408.38    |   -160.35    |      82      |  ✅ Success  
     37      |   -660.71    |    -26.09    |      23      |  ❌ Failure  
     38      |    299.91    |   -174.69    |      92      |  ✅ Success  
     39      |   -764.95    |    -47.25    |      32      |  ❌ Failure  
     40      |   -735.57    |    -55.39    |      32      |  ❌ Failure  
  📊 统计 [Ep 40]: Actor Loss=45.6662, Critic Loss=223.8713, Alpha=0.2455, TD-error=16.9769, Beta=1.0000
     41      |   -635.80    |    -24.43    |      18      |  ❌ Failure  
     42      |    766.96    |    -90.51    |      39      |  ✅ Success  
     43      |   -598.04    |    -19.01    |      13      |  ❌ Failure  
     44      |   -733.19    |    -50.37    |      30      |  ❌ Failure  
     45      |   -869.47    |    -58.20    |      47      |  ❌ Failure  
     46      |   -2357.29   |   -886.88    |     349      |  ✅ Success  
     47      |   -951.69    |    -97.20    |      51      |  ❌ Failure  
     48      |   -757.27    |    -52.29    |      33      |  ❌ Failure  
     49      |   -559.40    |    -9.49     |      9       |  ❌ Failure  
     50      |   -630.39    |    -17.86    |      18      |  ❌ Failure  
  📊 统计 [Ep 50]: Actor Loss=48.4291, Critic Loss=363.7293, Alpha=0.2476, TD-error=23.5867, Beta=1.0000
     51      |   -7372.07   |   -2304.65   |     1000     | ⏱️  Timeout 
     52      |   -641.39    |    -21.81    |      18      |  ❌ Failure  
     53      |  -10452.68   |   -2328.65   |     1000     | ⏱️  Timeout 
     54      |   -8351.83   |   -1867.83   |     1000     | ⏱️  Timeout 
     55      |   -103.92    |   -416.73    |     230      |  ✅ Success  
     56      |    542.65    |   -123.66    |      87      |  ✅ Success  
     57      |   -555.75    |    -8.81     |      8       |  ❌ Failure  
     58      |   -117.63    |   -484.76    |     250      |  ✅ Success  
     59      |  -11259.73   |   -2114.31   |     1000     | ⏱️  Timeout 
     60      |   -994.03    |   -160.02    |      98      |  ❌ Failure  
  📊 统计 [Ep 60]: Actor Loss=50.8198, Critic Loss=232.3227, Alpha=0.2241, TD-error=12.3937, Beta=1.0000
     61      |   -5396.19   |   -1560.94   |     1000     | ⏱️  Timeout 
     62      |   -5105.88   |   -1677.38   |     484      |  ✅ Success  
     63      |   -1699.45   |   -395.96    |     123      |  ❌ Failure  
     64      |   -8214.01   |   -2323.62   |     1000     | ⏱️  Timeout 
     65      |    776.61    |    -53.12    |      41      |  ✅ Success  
     66      |  -11063.55   |   -1887.24   |     1000     | ⏱️  Timeout 
     67      |   -5670.46   |   -754.58    |     442      |  ❌ Failure  
     68      |   -5473.62   |   -1468.73   |     1000     | ⏱️  Timeout 
     69      |   -7592.64   |   -1569.09   |     1000     | ⏱️  Timeout 
     70      |   -6124.52   |   -1585.21   |     1000     | ⏱️  Timeout 
  📊 统计 [Ep 70]: Actor Loss=40.0857, Critic Loss=150.1528, Alpha=0.1700, TD-error=9.2454, Beta=1.0000
     71      |   -2876.47   |   -585.95    |     388      |  ✅ Success  
     72      |   -538.00    |    -4.39     |      6       |  ❌ Failure  
     73      |   -7650.33   |   -1545.43   |     1000     | ⏱️  Timeout 
     74      |   -2374.53   |   -334.50    |     250      |  ❌ Failure  
     75      |   -6817.84   |   -1485.09   |     1000     | ⏱️  Timeout 
     76      |   -1602.18   |   -223.29    |     157      |  ❌ Failure  
     77      |   -5761.83   |   -1689.94   |     714      |  ✅ Success  
     78      |   -3357.80   |   -927.42    |     565      |  ✅ Success  
     79      |   -5943.94   |   -1637.73   |     1000     | ⏱️  Timeout 
     80      |   -2136.96   |   -848.50    |     594      |  ✅ Success  
  📊 统计 [Ep 80]: Actor Loss=19.4805, Critic Loss=261.7415, Alpha=0.2016, TD-error=14.5729, Beta=1.0000
     81      |   -859.98    |   -648.56    |     225      |  ✅ Success  
     82      |   -5970.99   |   -1589.02   |     936      |  ✅ Success  
     83      |   -7462.24   |   -1243.95   |     598      |  ❌ Failure  
     84      |   -9582.35   |   -1916.11   |     1000     | ⏱️  Timeout 
     85      |   -6840.76   |   -1403.77   |     734      |  ✅ Success  
     86      |   -2513.83   |   -288.03    |     209      |  ❌ Failure  
     87      |   -5785.88   |   -1174.49   |     664      |  ✅ Success  
     88      |   -533.58    |    -5.29     |      5       |  ❌ Failure  
     89      |   -4356.78   |   -878.16    |     527      |  ✅ Success  
     90      |   -4891.81   |   -952.03    |     511      |  ✅ Success  
  📊 统计 [Ep 90]: Actor Loss=44.8045, Critic Loss=142.1220, Alpha=0.1647, TD-error=11.8184, Beta=1.0000
     91      |   -6922.89   |   -955.20    |     585      |  ❌ Failure  
     92      |   -9888.93   |   -1684.24   |     958      |  ✅ Success  
     93      |   -6984.12   |   -1410.55   |     853      |  ✅ Success  
     94      |   -3154.88   |   -837.66    |     511      |  ✅ Success  
     95      |   -208.00    |   -245.89    |     209      |  ✅ Success  
     96      |   -2298.95   |   -566.08    |     403      |  ✅ Success  
     97      |   -1506.91   |   -383.12    |     284      |  ✅ Success  
     98      |   -1201.69   |   -325.65    |     203      |  ✅ Success  
     99      |  -10893.75   |   -1694.53   |     1000     | ⏱️  Timeout 
    100      |   -445.67    |   -370.13    |     239      |  ✅ Success  
  📊 统计 [Ep 100]: Actor Loss=11.1120, Critic Loss=181.0772, Alpha=0.3377, TD-error=15.7161, Beta=1.0000
    101      |    302.67    |    -88.42    |      89      |  ✅ Success  
    102      |  -10677.16   |   -1933.98   |     963      |  ✅ Success  
    103      |   -4745.34   |   -841.39    |     501      |  ✅ Success  
    104      |   -3028.89   |   -686.25    |     393      |  ✅ Success  
    105      |   -2917.86   |   -603.36    |     334      |  ✅ Success  
    106      |   -4169.43   |   -694.14    |     446      |  ✅ Success  
    107      |   -850.58    |   -392.73    |     193      |  ✅ Success  
    108      |    395.04    |   -173.00    |     121      |  ✅ Success  
    109      |    496.50    |    -74.76    |      62      |  ✅ Success  
    110      |   -1216.73   |   -488.83    |     225      |  ✅ Success  
  📊 统计 [Ep 110]: Actor Loss=-17.8998, Critic Loss=377.6085, Alpha=0.3989, TD-error=22.3910, Beta=1.0000
    111      |    552.78    |   -106.01    |      93      |  ✅ Success  
    112      |   -127.93    |   -355.36    |     158      |  ✅ Success  
    113      |   -2266.45   |   -477.73    |     286      |  ✅ Success  
    114      |   -2019.89   |   -398.86    |     291      |  ✅ Success  
    115      |   -3588.04   |   -1291.60   |     457      |  ✅ Success  
    116      |   -630.01    |   -277.39    |     196      |  ✅ Success  
    117      |   -4874.98   |   -1081.66   |     689      |  ✅ Success  
    118      |   -4715.11   |   -569.67    |     441      |  ❌ Failure  
    119      |   -3984.13   |   -494.60    |     348      |  ❌ Failure  
    120      |   -572.65    |    -11.37    |      11      |  ❌ Failure  
  📊 统计 [Ep 120]: Actor Loss=-22.5030, Critic Loss=334.3606, Alpha=0.5536, TD-error=22.1334, Beta=1.0000
    121      |   -4126.65   |   -762.20    |     514      |  ✅ Success  
    122      |   -158.40    |   -296.21    |     139      |  ✅ Success  
    123      |   -3879.89   |   -793.77    |     503      |  ✅ Success  
    124      |   -1082.87   |   -475.27    |     324      |  ✅ Success  
    125      |    403.43    |   -145.51    |     102      |  ✅ Success  
    126      |   -3634.13   |   -651.20    |     437      |  ✅ Success  
    127      |   -3031.09   |   -452.40    |     403      |  ✅ Success  
    128      |   -6310.33   |   -852.64    |     735      |  ✅ Success  
    129      |   -1415.86   |   -388.45    |     288      |  ✅ Success  
    130      |  -12002.86   |   -1243.08   |     1000     | ⏱️  Timeout 
  📊 统计 [Ep 130]: Actor Loss=-7.1310, Critic Loss=283.0036, Alpha=0.4252, TD-error=18.0907, Beta=1.0000
    131      |    509.77    |    -75.06    |      81      |  ✅ Success  
    132      |    663.10    |    -49.04    |      52      |  ✅ Success  
    133      |   -843.73    |   -275.38    |     204      |  ✅ Success  
    134      |    484.16    |    -98.24    |      70      |  ✅ Success  
    135      |   -801.67    |   -244.52    |     257      |  ✅ Success  
    136      |    621.45    |    -83.59    |      65      |  ✅ Success  
    137      |   -550.63    |    -8.01     |      7       |  ❌ Failure  
    138      |    236.54    |   -113.08    |      94      |  ✅ Success  
    139      |    203.91    |   -115.85    |      78      |  ✅ Success  
    140      |    167.81    |   -156.23    |     100      |  ✅ Success  
  📊 统计 [Ep 140]: Actor Loss=-24.6176, Critic Loss=308.6683, Alpha=0.4121, TD-error=21.8330, Beta=1.0000
    141      |   -265.89    |   -208.15    |     155      |  ✅ Success  
    142      |   -2601.49   |   -500.47    |     373      |  ✅ Success  
    143      |    99.87     |   -215.97    |     138      |  ✅ Success  
    144      |    558.57    |    -77.03    |      67      |  ✅ Success  
    145      |    -13.44    |   -243.10    |     130      |  ✅ Success  
    146      |    -41.87    |   -173.90    |     159      |  ✅ Success  
    147      |   -1147.92   |   -524.51    |     192      |  ✅ Success  
    148      |   -972.17    |   -290.28    |     214      |  ✅ Success  
    149      |    753.43    |    -86.69    |      52      |  ✅ Success  
    150      |   -670.13    |    -22.81    |      21      |  ❌ Failure  
  📊 统计 [Ep 150]: Actor Loss=-63.2266, Critic Loss=519.7878, Alpha=0.4739, TD-error=28.0727, Beta=1.0000
    151      |   -4510.57   |   -440.32    |     382      |  ❌ Failure  
    152      |    406.50    |   -141.38    |     130      |  ✅ Success  
    153      |    479.26    |   -120.52    |     114      |  ✅ Success  
    154      |    729.52    |    -39.82    |      39      |  ✅ Success  
    155      |    68.60     |   -126.93    |      99      |  ✅ Success  
    156      |   -2948.13   |   -308.53    |     233      |  ❌ Failure  
    157      |   -1592.71   |   -189.89    |     137      |  ❌ Failure  
    158      |   -862.78    |   -385.58    |     248      |  ✅ Success  
    159      |    316.95    |    -86.84    |      81      |  ✅ Success  
    160      |   -1283.74   |   -420.75    |     250      |  ✅ Success  
  📊 统计 [Ep 160]: Actor Loss=-42.2202, Critic Loss=497.8330, Alpha=0.6311, TD-error=28.2943, Beta=1.0000
    161      |   -1505.56   |   -137.38    |      99      |  ❌ Failure  
    162      |    464.23    |    -98.23    |      86      |  ✅ Success  
    163      |    37.26     |   -122.20    |     119      |  ✅ Success  
    164      |    709.06    |    -46.61    |      54      |  ✅ Success  
    165      |   -335.76    |   -189.08    |     137      |  ✅ Success  
    166      |   -2655.71   |   -359.87    |     184      |  ❌ Failure  
    167      |   -7951.31   |   -1240.85   |     791      |  ✅ Success  
    168      |   -4844.27   |   -841.82    |     520      |  ✅ Success  
    169      |   -916.80    |   -304.20    |     170      |  ✅ Success  
    170      |   -1671.51   |   -372.87    |     238      |  ✅ Success  
  📊 统计 [Ep 170]: Actor Loss=-75.3221, Critic Loss=663.2233, Alpha=0.8677, TD-error=31.5191, Beta=1.0000
    171      |   -1962.75   |   -354.67    |     272      |  ✅ Success  
    172      |    571.02    |    -60.65    |      54      |  ✅ Success  
    173      |   -1143.54   |   -262.24    |     205      |  ✅ Success  
    174      |   -374.20    |   -190.22    |     135      |  ✅ Success  
    175      |   -1078.45   |   -255.98    |     198      |  ✅ Success  
    176      |   -433.91    |   -163.87    |     150      |  ✅ Success  
    177      |    562.52    |    -88.45    |      95      |  ✅ Success  
    178      |    655.38    |    -61.90    |      59      |  ✅ Success  
    179      |   -149.12    |   -159.41    |     143      |  ✅ Success  
    180      |   -2640.78   |   -485.27    |     359      |  ✅ Success  
  📊 统计 [Ep 180]: Actor Loss=-129.6295, Critic Loss=798.1146, Alpha=0.9521, TD-error=37.5630, Beta=1.0000
    181      |   -3273.67   |   -801.82    |     415      |  ✅ Success  
    182      |   -3070.68   |   -760.10    |     378      |  ✅ Success  
    183      |   -577.18    |    -11.58    |      11      |  ❌ Failure  
    184      |   -621.76    |   -243.36    |     161      |  ✅ Success  
    185      |   -132.36    |   -146.88    |     111      |  ✅ Success  
    186      |    -17.55    |   -190.06    |     128      |  ✅ Success  
    187      |    569.00    |    -55.12    |      57      |  ✅ Success  
    188      |   -1131.66   |    -82.35    |      62      |  ❌ Failure  
    189      |   -1065.17   |   -348.91    |     200      |  ✅ Success  
    190      |   -1159.87   |   -292.31    |     198      |  ✅ Success  
  📊 统计 [Ep 190]: Actor Loss=-164.3226, Critic Loss=810.3468, Alpha=1.1323, TD-error=38.5989, Beta=1.0000
    191      |   -5761.08   |   -1031.89   |     619      |  ✅ Success  
    192      |   -442.05    |   -162.42    |     130      |  ✅ Success  
    193      |    808.73    |    -51.32    |      32      |  ✅ Success  
    194      |    565.46    |    -97.52    |      75      |  ✅ Success  
    195      |    750.20    |    -54.48    |      51      |  ✅ Success  
    196      |    731.11    |    -37.76    |      42      |  ✅ Success  
    197      |   -3344.24   |   -570.40    |     399      |  ✅ Success  
    198      |   -7858.46   |   -1171.58   |     786      |  ✅ Success  
    199      |    692.57    |    -66.84    |      64      |  ✅ Success  
    200      |   -297.21    |   -184.46    |     124      |  ✅ Success  
  📊 统计 [Ep 200]: Actor Loss=-162.0928, Critic Loss=737.7209, Alpha=1.1768, TD-error=34.9170, Beta=1.0000
    201      |    657.41    |   -110.14    |      53      |  ✅ Success  
    202      |    873.40    |    -35.35    |      25      |  ✅ Success  
    203      |    304.64    |   -105.68    |      95      |  ✅ Success  
    204      |   -1067.69   |   -350.18    |     211      |  ✅ Success  
    205      |   -1627.19   |   -611.14    |     252      |  ✅ Success  
    206      |    755.88    |    -35.37    |      37      |  ✅ Success  
    207      |    687.15    |    -42.84    |      51      |  ✅ Success  
    208      |    811.99    |    -33.69    |      38      |  ✅ Success  
    209      |    849.83    |    -23.77    |      29      |  ✅ Success  
    210      |    655.26    |    -61.69    |      52      |  ✅ Success  
  📊 统计 [Ep 210]: Actor Loss=-205.4175, Critic Loss=1062.7696, Alpha=1.2070, TD-error=43.4204, Beta=1.0000
    211      |    842.41    |    -28.60    |      33      |  ✅ Success  
    212      |    852.86    |    -32.41    |      28      |  ✅ Success  
    213      |   -221.94    |   -154.69    |     126      |  ✅ Success  
    214      |    284.85    |    -97.98    |      78      |  ✅ Success  
    215      |   -675.92    |    -33.95    |      25      |  ❌ Failure  
    216      |    872.98    |    -34.30    |      26      |  ✅ Success  
    217      |   -1485.59   |   -426.82    |     255      |  ✅ Success  
    218      |   -2653.66   |   -498.31    |     326      |  ✅ Success  
    219      |   -1074.38   |   -290.40    |     218      |  ✅ Success  
    220      |    808.48    |    -45.40    |      31      |  ✅ Success  
  📊 统计 [Ep 220]: Actor Loss=-253.2600, Critic Loss=1103.3446, Alpha=1.3561, TD-error=47.2653, Beta=1.0000
    221      |    718.49    |    -50.00    |      44      |  ✅ Success  
    222      |    871.40    |    -25.51    |      25      |  ✅ Success  
    223      |    746.62    |    -30.86    |      40      |  ✅ Success  
    224      |    560.40    |    -95.43    |      66      |  ✅ Success  
    225      |   -1375.39   |   -326.22    |     216      |  ✅ Success  
    226      |    604.69    |    -55.14    |      51      |  ✅ Success  
    227      |    -85.33    |   -159.71    |     120      |  ✅ Success  
    228      |    621.47    |    -67.46    |      56      |  ✅ Success  
    229      |    137.29    |   -189.52    |     124      |  ✅ Success  
    230      |   -527.49    |    -5.75     |      4       |  ❌ Failure  
  📊 统计 [Ep 230]: Actor Loss=-295.3487, Critic Loss=1625.4444, Alpha=1.5340, TD-error=51.1162, Beta=1.0000
    231      |   -432.95    |   -191.99    |     154      |  ✅ Success  
    232      |    772.39    |    -32.72    |      41      |  ✅ Success  
    233      |   -955.84    |   -230.75    |     182      |  ✅ Success  
    234      |    652.94    |    -43.91    |      49      |  ✅ Success  
    235      |    666.30    |    -44.49    |      51      |  ✅ Success  
    236      |    704.70    |    -38.36    |      45      |  ✅ Success  
    237      |    835.61    |    -32.26    |      31      |  ✅ Success  
    238      |    138.52    |   -135.55    |      88      |  ✅ Success  
    239      |   -804.93    |   -252.52    |     199      |  ✅ Success  
    240      |    807.37    |    -39.02    |      36      |  ✅ Success  
  📊 统计 [Ep 240]: Actor Loss=-340.7817, Critic Loss=1384.0848, Alpha=1.7630, TD-error=52.6222, Beta=1.0000
    241      |   -1133.72   |   -263.75    |     194      |  ✅ Success  
    242      |    557.22    |    -83.45    |      69      |  ✅ Success  
    243      |    522.22    |    -64.42    |      57      |  ✅ Success  
    244      |    20.24     |   -151.92    |     119      |  ✅ Success  
    245      |    -48.74    |   -140.72    |     100      |  ✅ Success  
    246      |   -1998.90   |   -457.72    |     265      |  ✅ Success  
    247      |    848.29    |    -26.82    |      29      |  ✅ Success  
    248      |    613.08    |   -168.05    |      73      |  ✅ Success  
    249      |    735.49    |    -38.17    |      42      |  ✅ Success  
    250      |   -2820.03   |   -565.56    |     344      |  ✅ Success  
  📊 统计 [Ep 250]: Actor Loss=-453.0754, Critic Loss=1836.9951, Alpha=2.1586, TD-error=64.6715, Beta=1.0000
    251      |   -544.41    |    -7.09     |      7       |  ❌ Failure  
    252      |   -2871.59   |   -781.17    |     310      |  ✅ Success  
    253      |   -104.55    |   -205.45    |     138      |  ✅ Success  
    254      |    720.13    |    -48.82    |      63      |  ✅ Success  
    255      |   -747.29    |    -31.29    |      41      |  ❌ Failure  
    256      |    333.76    |    -95.92    |      87      |  ✅ Success  
    257      |   -4249.24   |   -581.58    |     462      |  ✅ Success  
    258      |    -5.00     |   -129.34    |      97      |  ✅ Success  
    259      |    804.93    |    -50.45    |      33      |  ✅ Success  
    260      |    791.47    |    -31.57    |      32      |  ✅ Success  
  📊 统计 [Ep 260]: Actor Loss=-470.7696, Critic Loss=1792.6430, Alpha=2.6017, TD-error=70.2170, Beta=1.0000
    261      |    584.26    |    -61.56    |      61      |  ✅ Success  
    262      |    676.81    |    -52.76    |      52      |  ✅ Success  
    263      |    186.46    |   -113.73    |      94      |  ✅ Success  
    264      |   -1929.27   |   -387.04    |     240      |  ✅ Success  
    265      |    223.02    |   -140.89    |      77      |  ✅ Success  
    266      |   -4363.18   |   -1087.77   |     427      |  ✅ Success  
    267      |    34.04     |   -153.03    |     107      |  ✅ Success  
    268      |    517.22    |    -63.50    |      62      |  ✅ Success  
    269      |    658.29    |    -43.03    |      49      |  ✅ Success  
    270      |    514.39    |    -64.12    |      56      |  ✅ Success  
  📊 统计 [Ep 270]: Actor Loss=-496.5622, Critic Loss=1999.5120, Alpha=2.9456, TD-error=65.4593, Beta=1.0000
    271      |    867.11    |    -27.48    |      25      |  ✅ Success  
    272      |   -574.41    |   -181.80    |     154      |  ✅ Success  
    273      |    715.47    |    -44.90    |      41      |  ✅ Success  
    274      |    52.43     |   -134.40    |     110      |  ✅ Success  
    275      |   -2376.06   |   -493.40    |     314      |  ✅ Success  
    276      |   -1485.68   |   -131.84    |      81      |  ❌ Failure  
    277      |    638.44    |    -54.66    |      56      |  ✅ Success  
    278      |    536.71    |    -77.98    |      55      |  ✅ Success  
    279      |    344.11    |    -82.00    |      77      |  ✅ Success  
    280      |   -4555.12   |   -2295.09   |     658      |  ✅ Success  
  📊 统计 [Ep 280]: Actor Loss=-502.9430, Critic Loss=2023.8688, Alpha=3.0416, TD-error=64.4538, Beta=1.0000
    281      |   -987.26    |   -231.40    |     194      |  ✅ Success  
    282      |    825.66    |    -29.10    |      30      |  ✅ Success  
    283      |    432.76    |    -80.77    |      68      |  ✅ Success  
    284      |    591.07    |    -71.74    |      59      |  ✅ Success  
    285      |    782.30    |    -32.05    |      42      |  ✅ Success  
    286      |    797.48    |    -36.20    |      34      |  ✅ Success  
    287      |   -552.58    |    -7.37     |      8       |  ❌ Failure  
    288      |    498.94    |    -60.84    |      59      |  ✅ Success  
    289      |    719.96    |    -47.26    |      42      |  ✅ Success  
    290      |    409.41    |    -92.57    |      73      |  ✅ Success  
  📊 统计 [Ep 290]: Actor Loss=-569.6480, Critic Loss=2043.7626, Alpha=3.0592, TD-error=66.0015, Beta=1.0000
    291      |    896.61    |    -30.93    |      21      |  ✅ Success  
    292      |   -1253.91   |   -276.80    |     210      |  ✅ Success  
    293      |   -2089.35   |   -379.56    |     277      |  ✅ Success  
    294      |    534.60    |    -62.72    |      65      |  ✅ Success  
    295      |   -1511.36   |   -330.28    |     273      |  ✅ Success  
    296      |    489.68    |    -92.45    |      76      |  ✅ Success  
    297      |   -2006.74   |   -378.02    |     300      |  ✅ Success  
    298      |    375.02    |    -85.93    |      79      |  ✅ Success  
    299      |    98.96     |   -134.12    |      96      |  ✅ Success  
    300      |    733.98    |    -32.74    |      47      |  ✅ Success  
  📊 统计 [Ep 300]: Actor Loss=-618.7252, Critic Loss=2139.4236, Alpha=3.1959, TD-error=71.5113, Beta=1.0000
    301      |   -940.94    |   -267.06    |     190      |  ✅ Success  
    302      |   -282.11    |   -187.75    |     121      |  ✅ Success  
    303      |   -6231.91   |   -1655.37   |     613      |  ✅ Success  
    304      |    591.71    |    -60.93    |      52      |  ✅ Success  
    305      |    769.46    |    -30.87    |      37      |  ✅ Success  
    306      |    623.22    |   -124.60    |      64      |  ✅ Success  
    307      |   -553.15    |    -6.55     |      8       |  ❌ Failure  
    308      |    69.56     |   -117.71    |     100      |  ✅ Success  
    309      |    903.71    |    -21.79    |      19      |  ✅ Success  
    310      |    626.29    |   -120.26    |      59      |  ✅ Success  
  📊 统计 [Ep 310]: Actor Loss=-586.4528, Critic Loss=2004.0170, Alpha=3.2088, TD-error=63.6592, Beta=1.0000
    311      |   -432.42    |   -173.84    |     141      |  ✅ Success  
    312      |    778.28    |    -38.27    |      41      |  ✅ Success  
    313      |    716.95    |    -48.50    |      47      |  ✅ Success  
    314      |    474.86    |    -81.01    |      60      |  ✅ Success  
    315      |   -228.44    |   -149.69    |     155      |  ✅ Success  
    316      |   -264.28    |   -258.39    |     158      |  ✅ Success  
    317      |   -551.47    |    -5.74     |      8       |  ❌ Failure  
    318      |    701.82    |    -41.11    |      52      |  ✅ Success  
    319      |    342.09    |   -106.63    |      71      |  ✅ Success  
    320      |    604.06    |    -53.24    |      49      |  ✅ Success  
  📊 统计 [Ep 320]: Actor Loss=-659.9787, Critic Loss=2012.2439, Alpha=3.3209, TD-error=70.7466, Beta=1.0000
    321      |    318.27    |   -106.05    |      93      |  ✅ Success  
    322      |   -283.67    |   -245.82    |     158      |  ✅ Success  
    323      |   -990.22    |   -309.84    |     198      |  ✅ Success  
    324      |   -1925.59   |   -349.02    |     272      |  ✅ Success  
    325      |    665.62    |    -43.76    |      50      |  ✅ Success  
    326      |    896.66    |    -24.79    |      21      |  ✅ Success  
    327      |    867.79    |    -21.71    |      26      |  ✅ Success  
    328      |    104.09    |   -129.88    |     100      |  ✅ Success  
    329      |    116.30    |    -92.20    |      93      |  ✅ Success  
    330      |    833.40    |    -25.58    |      35      |  ✅ Success  
  📊 统计 [Ep 330]: Actor Loss=-652.1455, Critic Loss=1691.0958, Alpha=3.4260, TD-error=66.9392, Beta=1.0000
    331      |   -638.51    |   -239.82    |     171      |  ✅ Success  
    332      |    320.48    |   -137.18    |      96      |  ✅ Success  
    333      |    771.35    |    -27.01    |      43      |  ✅ Success  
    334      |    773.30    |    -37.48    |      35      |  ✅ Success  
    335      |    665.47    |    -55.78    |      53      |  ✅ Success  
    336      |    673.56    |    -44.85    |      51      |  ✅ Success  
    337      |    444.56    |    -71.69    |      74      |  ✅ Success  
    338      |    615.58    |    -49.32    |      59      |  ✅ Success  
    339      |   -1592.06   |   -135.93    |     104      |  ❌ Failure  
    340      |    302.96    |   -124.08    |      86      |  ✅ Success  
  📊 统计 [Ep 340]: Actor Loss=-646.7559, Critic Loss=2073.3519, Alpha=3.4164, TD-error=69.3032, Beta=1.0000
    341      |     0.47     |   -139.02    |     108      |  ✅ Success  
    342      |    875.82    |    -23.14    |      26      |  ✅ Success  
    343      |   -7715.18   |   -1040.63   |     708      |  ✅ Success  
    344      |    549.12    |    -60.90    |      56      |  ✅ Success  
    345      |    836.29    |    -45.51    |      40      |  ✅ Success  
    346      |    604.75    |    -45.21    |      52      |  ✅ Success  
    347      |    888.07    |    -21.65    |      23      |  ✅ Success  
    348      |    818.77    |    -26.27    |      30      |  ✅ Success  
    349      |    766.23    |    -32.67    |      38      |  ✅ Success  
    350      |    848.92    |    -38.75    |      38      |  ✅ Success  
  📊 统计 [Ep 350]: Actor Loss=-679.9816, Critic Loss=2032.9363, Alpha=3.3325, TD-error=73.9645, Beta=1.0000
    351      |    631.45    |    -43.16    |      55      |  ✅ Success  
    352      |   -1976.57   |   -380.19    |     271      |  ✅ Success  
    353      |    804.98    |    -32.50    |      36      |  ✅ Success  
    354      |    450.45    |    -87.00    |      83      |  ✅ Success  
    355      |   -1772.40   |   -403.13    |     241      |  ✅ Success  
    356      |   -1203.61   |   -301.32    |     201      |  ✅ Success  
    357      |   -2354.71   |   -447.17    |     346      |  ✅ Success  
    358      |   -1382.43   |   -398.12    |     231      |  ✅ Success  
    359      |   -259.81    |   -192.93    |     139      |  ✅ Success  
    360      |    325.96    |    -97.18    |      86      |  ✅ Success  
  📊 统计 [Ep 360]: Actor Loss=-734.8707, Critic Loss=2226.7702, Alpha=3.5595, TD-error=73.0985, Beta=1.0000
    361      |    679.52    |    -59.98    |      52      |  ✅ Success  
    362      |    -35.73    |   -147.05    |     112      |  ✅ Success  
    363      |   -1426.88   |   -291.60    |     210      |  ✅ Success  
    364      |    682.66    |    -81.14    |      45      |  ✅ Success  
    365      |    593.08    |    -58.61    |      64      |  ✅ Success  
    366      |    502.04    |    -62.80    |      63      |  ✅ Success  
    367      |    625.79    |    -49.50    |      49      |  ✅ Success  
    368      |    584.73    |    -65.28    |      63      |  ✅ Success  
    369      |    543.93    |    -75.97    |      63      |  ✅ Success  
    370      |    250.93    |   -134.19    |      87      |  ✅ Success  
  📊 统计 [Ep 370]: Actor Loss=-771.2680, Critic Loss=2696.9574, Alpha=3.7600, TD-error=79.6544, Beta=1.0000
    371      |    363.70    |   -122.87    |      67      |  ✅ Success  
    372      |    817.34    |    -28.79    |      34      |  ✅ Success  
    373      |    455.04    |    -76.98    |      73      |  ✅ Success  
    374      |    315.07    |   -138.89    |      75      |  ✅ Success  
    375      |   -251.49    |   -197.95    |     134      |  ✅ Success  
    376      |   -149.10    |   -158.54    |     113      |  ✅ Success  
    377      |   -101.49    |   -127.69    |     107      |  ✅ Success  
    378      |   -414.80    |   -188.81    |     131      |  ✅ Success  
    379      |    300.29    |    -91.97    |      78      |  ✅ Success  
    380      |    796.91    |    -27.50    |      36      |  ✅ Success  
  📊 统计 [Ep 380]: Actor Loss=-805.6614, Critic Loss=2716.5032, Alpha=3.9247, TD-error=79.5520, Beta=1.0000
    381      |   -1034.85   |   -234.54    |     197      |  ✅ Success  
    382      |    591.11    |    -50.60    |      53      |  ✅ Success  
    383      |    -36.94    |   -161.45    |     101      |  ✅ Success  
    384      |    651.46    |    -41.55    |      52      |  ✅ Success  
    385      |    384.48    |    -79.50    |      78      |  ✅ Success  
    386      |    848.12    |    -30.91    |      31      |  ✅ Success  
    387      |   -148.42    |   -173.72    |     118      |  ✅ Success  
    388      |    248.31    |   -104.45    |      86      |  ✅ Success  
    389      |    857.97    |    -22.59    |      29      |  ✅ Success  
    390      |    215.42    |   -101.17    |      78      |  ✅ Success  
  📊 统计 [Ep 390]: Actor Loss=-770.6801, Critic Loss=2837.3491, Alpha=3.8441, TD-error=75.7363, Beta=1.0000
    391      |   -907.53    |   -290.21    |     198      |  ✅ Success  
    392      |    345.85    |    -85.24    |      79      |  ✅ Success  
    393      |    343.36    |   -103.00    |      75      |  ✅ Success  
    394      |    614.06    |    -77.47    |      52      |  ✅ Success  
    395      |    123.62    |   -118.31    |      86      |  ✅ Success  
    396      |    787.87    |    -26.48    |      37      |  ✅ Success  
    397      |    505.87    |    -56.01    |      62      |  ✅ Success  
    398      |    826.45    |    -31.48    |      40      |  ✅ Success  
    399      |    620.55    |    -46.75    |      53      |  ✅ Success  
    400      |    813.22    |    -51.71    |      40      |  ✅ Success  
  📊 统计 [Ep 400]: Actor Loss=-783.6493, Critic Loss=2346.1421, Alpha=3.7944, TD-error=81.0075, Beta=1.0000
    401      |    322.88    |    -83.54    |      83      |  ✅ Success  
    402      |    417.89    |   -107.99    |      70      |  ✅ Success  
    403      |   -247.00    |   -182.49    |     109      |  ✅ Success  
    404      |    864.52    |    -19.34    |      27      |  ✅ Success  
    405      |    239.04    |    -89.56    |      86      |  ✅ Success  
    406      |    168.78    |   -104.03    |      85      |  ✅ Success  
    407      |   -324.80    |   -143.31    |     131      |  ✅ Success  
    408      |    711.92    |    -37.97    |      44      |  ✅ Success  
    409      |    612.16    |    -48.63    |      58      |  ✅ Success  
    410      |   -1855.66   |   -179.29    |     129      |  ❌ Failure  
  📊 统计 [Ep 410]: Actor Loss=-819.1458, Critic Loss=2771.9632, Alpha=3.9147, TD-error=82.2894, Beta=1.0000
    411      |    791.84    |    -36.70    |      34      |  ✅ Success  
    412      |   -1223.00   |   -362.76    |     224      |  ✅ Success  
    413      |    629.78    |    -57.48    |      65      |  ✅ Success  
    414      |    663.10    |    -39.31    |      44      |  ✅ Success  
    415      |   -2505.10   |   -259.77    |     159      |  ❌ Failure  
    416      |    656.07    |    -53.76    |      55      |  ✅ Success  
    417      |    606.82    |   -133.00    |      65      |  ✅ Success  
    418      |   -470.34    |   -151.86    |     139      |  ✅ Success  
    419      |    822.74    |    -26.04    |      31      |  ✅ Success  
    420      |   -4488.58   |   -607.94    |     458      |  ✅ Success  
  📊 统计 [Ep 420]: Actor Loss=-766.0299, Critic Loss=2442.9988, Alpha=3.9739, TD-error=74.7671, Beta=1.0000
    421      |   -720.40    |   -207.50    |     157      |  ✅ Success  
    422      |   -1646.23   |   -1018.71   |     352      |  ✅ Success  
    423      |    635.17    |    -70.16    |      55      |  ✅ Success  
    424      |    270.06    |    -96.29    |      88      |  ✅ Success  
    425      |    861.40    |    -24.90    |      28      |  ✅ Success  
    426      |    336.68    |    -73.64    |      86      |  ✅ Success  
    427      |    222.36    |   -115.92    |      99      |  ✅ Success  
    428      |    310.26    |    -72.79    |      87      |  ✅ Success  
    429      |    214.41    |    -91.19    |      82      |  ✅ Success  
    430      |    448.93    |   -105.51    |      78      |  ✅ Success  
  📊 统计 [Ep 430]: Actor Loss=-723.9552, Critic Loss=2087.2589, Alpha=3.5559, TD-error=72.4781, Beta=1.0000
    431      |   -676.12    |   -218.92    |     179      |  ✅ Success  
    432      |   -2534.34   |   -444.72    |     339      |  ✅ Success  
    433      |    710.78    |    -34.50    |      46      |  ✅ Success  
    434      |    849.01    |    -31.08    |      29      |  ✅ Success  
    435      |    759.05    |    -62.05    |      37      |  ✅ Success  
    436      |   -906.01    |   -276.14    |     171      |  ✅ Success  
    437      |   -860.91    |   -245.63    |     177      |  ✅ Success  
    438      |   -1518.97   |   -320.41    |     222      |  ✅ Success  
    439      |   -813.02    |   -224.44    |     160      |  ✅ Success  
    440      |    511.47    |    -58.76    |      59      |  ✅ Success  
  📊 统计 [Ep 440]: Actor Loss=-768.6733, Critic Loss=2835.0995, Alpha=3.5622, TD-error=81.8623, Beta=1.0000
    441      |    863.66    |    -25.11    |      27      |  ✅ Success  
    442      |   -243.84    |   -196.32    |     123      |  ✅ Success  
    443      |   -129.24    |   -151.72    |     120      |  ✅ Success  
    444      |   -1144.31   |   -268.86    |     196      |  ✅ Success  
    445      |   -540.55    |    -7.15     |      6       |  ❌ Failure  
    446      |   -649.56    |   -215.10    |     168      |  ✅ Success  
    447      |   -534.51    |   -202.66    |     157      |  ✅ Success  
    448      |    827.97    |    -43.69    |      31      |  ✅ Success  
    449      |    156.07    |   -113.73    |      86      |  ✅ Success  
    450      |    893.51    |    -28.46    |      22      |  ✅ Success  
  📊 统计 [Ep 450]: Actor Loss=-789.3465, Critic Loss=2788.4297, Alpha=3.5097, TD-error=78.9285, Beta=1.0000
    451      |    421.27    |    -90.52    |      74      |  ✅ Success  
    452      |    879.44    |    -28.01    |      23      |  ✅ Success  
    453      |    490.42    |    -77.67    |      61      |  ✅ Success  
    454      |    855.22    |    -48.66    |      27      |  ✅ Success  
    455      |    184.40    |    -97.94    |      91      |  ✅ Success  
    456      |    735.34    |    -43.13    |      41      |  ✅ Success  
    457      |    368.18    |    -82.29    |      85      |  ✅ Success  
    458      |    590.34    |    -46.44    |      52      |  ✅ Success  
    459      |    218.73    |   -119.86    |      87      |  ✅ Success  
    460      |    810.45    |    -29.75    |      33      |  ✅ Success  
  📊 统计 [Ep 460]: Actor Loss=-810.8121, Critic Loss=3248.9940, Alpha=3.5202, TD-error=83.5896, Beta=1.0000
    461      |    468.79    |    -86.69    |      83      |  ✅ Success  
    462      |    905.44    |    -23.64    |      20      |  ✅ Success  
    463      |    576.79    |    -56.49    |      60      |  ✅ Success  
    464      |    793.03    |    -37.66    |      35      |  ✅ Success  
    465      |    866.23    |    -26.26    |      27      |  ✅ Success  
    466      |    887.63    |    -18.63    |      23      |  ✅ Success  
    467      |   -428.32    |   -220.54    |     153      |  ✅ Success  
    468      |    162.70    |   -114.97    |      82      |  ✅ Success  
    469      |    703.41    |    -41.10    |      48      |  ✅ Success  
    470      |    761.30    |    -39.24    |      44      |  ✅ Success  
  📊 统计 [Ep 470]: Actor Loss=-831.9981, Critic Loss=2911.3775, Alpha=3.6634, TD-error=83.5095, Beta=1.0000
    471      |    386.61    |    -70.07    |      82      |  ✅ Success  
    472      |   -750.91    |   -205.26    |     176      |  ✅ Success  
    473      |    558.39    |    -89.23    |      68      |  ✅ Success  
    474      |   -459.59    |   -226.49    |     150      |  ✅ Success  
    475      |    672.63    |    -56.88    |      44      |  ✅ Success  
    476      |    845.08    |    -23.77    |      31      |  ✅ Success  
    477      |    863.05    |    -29.50    |      28      |  ✅ Success  
    478      |    -36.83    |   -113.76    |     109      |  ✅ Success  
    479      |   -2231.34   |   -363.91    |     286      |  ✅ Success  
    480      |   -296.90    |   -145.51    |     134      |  ✅ Success  
  📊 统计 [Ep 480]: Actor Loss=-859.9489, Critic Loss=2634.5251, Alpha=3.7557, TD-error=78.2052, Beta=1.0000
    481      |    778.52    |    -34.94    |      35      |  ✅ Success  
    482      |    776.38    |    -33.44    |      39      |  ✅ Success  
    483      |    827.19    |    -30.75    |      34      |  ✅ Success  
    484      |    83.39     |   -126.32    |     115      |  ✅ Success  
    485      |    862.80    |    -24.74    |      28      |  ✅ Success  
    486      |   -1572.50   |   -281.87    |     257      |  ✅ Success  
    487      |   -1754.19   |   -415.11    |     263      |  ✅ Success  
    488      |    355.98    |   -101.02    |      84      |  ✅ Success  
    489      |   -1154.34   |    -74.64    |      57      |  ❌ Failure  
    490      |    -23.54    |   -128.96    |     105      |  ✅ Success  
  📊 统计 [Ep 490]: Actor Loss=-875.4805, Critic Loss=2406.4726, Alpha=3.6900, TD-error=77.2661, Beta=1.0000
    491      |    650.76    |    -53.96    |      54      |  ✅ Success  
    492      |    878.76    |    -25.70    |      25      |  ✅ Success  
    493      |   -1643.60   |   -118.97    |     110      |  ❌ Failure  
    494      |    156.56    |   -105.70    |      91      |  ✅ Success  
    495      |   -4604.58   |   -553.74    |     446      |  ✅ Success  
    496      |    41.36     |   -143.69    |     109      |  ✅ Success  
    497      |    821.00    |    -27.36    |      32      |  ✅ Success  
    498      |    667.32    |    -80.06    |      46      |  ✅ Success  
    499      |   -2302.25   |   -189.84    |     147      |  ❌ Failure  
✅ 训练数据已保存: /home/zhangpeng/UAV_PATH_PLANNING/runs/exp_baseline_20251031_200029/training_data.pkl
✅ 总奖励曲线已保存: /home/zhangpeng/UAV_PATH_PLANNING/runs/exp_baseline_20251031_200029/plots/total_reward.png
✅ Leader奖励曲线已保存: /home/zhangpeng/UAV_PATH_PLANNING/runs/exp_baseline_20251031_200029/plots/leader_reward.png
✅ Follower奖励曲线已保存: /home/zhangpeng/UAV_PATH_PLANNING/runs/exp_baseline_20251031_200029/plots/follower_reward.png
