📝 日志文件: /home/zhangpeng/UAV_PATH_PLANNING/runs/exp_baseline_20251029_200802/training.log
💡 训练输出将实时保存到日志文件
🚀 启用AMP混合精度训练（预期加速40-100%）
🚀 启用异步数据传输（预期加速10-20%）
SAC训练中...
📊 优先级经验回放（PER）配置:
  - 容量: 20000
  - Alpha: 0.6 (优先级指数)
  - Beta: 0.4 → 1.0 (重要性采样权重)
  - 内存优化: float32 (节省50%内存)

================================================================================
  Episode    |    Leader    |   Follower   |    Steps     |    Status   
================================================================================
     0       |   -4229.29   |   -1911.45   |     1000     | ⏱️  Timeout 
  📊 统计 [Ep 0]: Actor Loss=6.5351, Critic Loss=0.1266, Alpha=0.8834, TD-error=0.3292, Beta=1.0000
     1       |   -1781.11   |   -557.60    |     292      |  ❌ Failure  
     2       |   -775.61    |   -123.87    |      77      |  ❌ Failure  
     3       |   -527.15    |    -10.73    |      10      |  ❌ Failure  
     4       |    256.14    |   -447.32    |     212      |  ✅ Success  
     5       |   -4014.92   |   -1532.25   |     795      |  ❌ Failure  
     6       |   -4925.10   |   -1800.21   |     1000     | ⏱️  Timeout 
     7       |   -3703.25   |   -1732.31   |     1000     | ⏱️  Timeout 
     8       |   -4287.88   |   -1766.95   |     1000     | ⏱️  Timeout 
     9       |   -3593.63   |   -1674.26   |     1000     | ⏱️  Timeout 
     10      |    720.14    |   -129.57    |      84      |  ✅ Success  
  📊 统计 [Ep 10]: Actor Loss=-3.1355, Critic Loss=218.4308, Alpha=0.2548, TD-error=16.2723, Beta=1.0000
     11      |    626.76    |   -165.90    |      86      |  ✅ Success  
     12      |   -4031.81   |   -1678.89   |     1000     | ⏱️  Timeout 
     13      |   -4510.82   |   -1930.26   |     1000     | ⏱️  Timeout 
     14      |   -3998.47   |   -2008.45   |     1000     | ⏱️  Timeout 
     15      |   -4522.33   |   -1707.23   |     1000     | ⏱️  Timeout 
     16      |   -3728.80   |   -1722.52   |     1000     | ⏱️  Timeout 
     17      |   -4284.45   |   -1896.13   |     1000     | ⏱️  Timeout 
     18      |   -4480.52   |   -1760.33   |     1000     | ⏱️  Timeout 
     19      |   -4551.68   |   -2052.20   |     1000     | ⏱️  Timeout 
     20      |   -3676.04   |   -1614.05   |     1000     | ⏱️  Timeout 
  📊 统计 [Ep 20]: Actor Loss=31.8156, Critic Loss=27.3401, Alpha=0.0512, TD-error=2.6179, Beta=1.0000
     21      |   -3419.75   |   -1904.99   |     1000     | ⏱️  Timeout 
     22      |   -4177.82   |   -1516.81   |     1000     | ⏱️  Timeout 
     23      |   -4096.22   |   -1436.68   |     1000     | ⏱️  Timeout 
     24      |   -3099.10   |   -1584.83   |     1000     | ⏱️  Timeout 
     25      |   -3545.02   |   -1506.21   |     1000     | ⏱️  Timeout 
     26      |   -4847.36   |   -1708.98   |     1000     | ⏱️  Timeout 
     27      |   -4756.98   |   -1476.50   |     1000     | ⏱️  Timeout 
     28      |   -4593.71   |   -1304.21   |     1000     | ⏱️  Timeout 
     29      |   -4320.27   |   -2166.92   |     1000     | ⏱️  Timeout 
     30      |   -3492.64   |   -1470.02   |     1000     | ⏱️  Timeout 
  📊 统计 [Ep 30]: Actor Loss=29.9713, Critic Loss=12.1114, Alpha=0.0222, TD-error=1.9585, Beta=1.0000
     31      |   -529.58    |    -10.60    |      9       |  ❌ Failure  
     32      |   -516.87    |    -6.86     |      6       |  ❌ Failure  
     33      |   -161.11    |   -515.51    |     379      |  ✅ Success  
     34      |   -521.47    |    -8.50     |      8       |  ❌ Failure  
     35      |   -521.60    |    -8.84     |      8       |  ❌ Failure  
     36      |    665.20    |   -159.11    |     117      |  ✅ Success  
     37      |   -3983.70   |   -1645.34   |     1000     | ⏱️  Timeout 
     38      |   -3403.88   |   -1791.24   |     1000     | ⏱️  Timeout 
     39      |   -3110.49   |   -1393.05   |     1000     | ⏱️  Timeout 
     40      |   -192.01    |   -540.63    |     466      |  ✅ Success  
  📊 统计 [Ep 40]: Actor Loss=25.4118, Critic Loss=10.7497, Alpha=0.0332, TD-error=2.1589, Beta=1.0000
     41      |   -1017.59   |   -256.90    |     175      |  ❌ Failure  
     42      |   -2911.26   |   -1250.90   |     1000     | ⏱️  Timeout 
     43      |    456.19    |   -274.61    |     208      |  ✅ Success  
     44      |   -3059.70   |   -1391.12   |     1000     | ⏱️  Timeout 
     45      |    885.09    |    -55.92    |      48      |  ✅ Success  
     46      |   -454.07    |   -924.98    |     489      |  ✅ Success  
     47      |   -2959.82   |   -1306.90   |     1000     | ⏱️  Timeout 
     48      |    781.35    |   -108.92    |      95      |  ✅ Success  
     49      |   -525.90    |    -10.33    |      9       |  ❌ Failure  
     50      |    805.99    |   -110.76    |      75      |  ✅ Success  
  📊 统计 [Ep 50]: Actor Loss=14.2289, Critic Loss=58.4055, Alpha=0.0571, TD-error=6.9130, Beta=1.0000
     51      |   -3281.79   |   -1393.68   |     1000     | ⏱️  Timeout 
     52      |    883.84    |    -57.14    |      50      |  ✅ Success  
     53      |    920.59    |    -39.90    |      33      |  ✅ Success  
     54      |   -557.86    |    -23.56    |      19      |  ❌ Failure  
     55      |   -529.91    |    -11.37    |      10      |  ❌ Failure  
     56      |   -511.16    |    -4.47     |      4       |  ❌ Failure  
     57      |    797.14    |   -158.89    |     109      |  ✅ Success  
     58      |   -3040.18   |   -1215.63   |     1000     | ⏱️  Timeout 
     59      |   -4267.15   |   -1424.83   |     1000     | ⏱️  Timeout 
     60      |   -3292.08   |   -1330.91   |     1000     | ⏱️  Timeout 
  📊 统计 [Ep 60]: Actor Loss=20.4932, Critic Loss=93.6156, Alpha=0.1423, TD-error=9.2385, Beta=1.0000
     61      |   -4180.77   |   -2185.90   |     1000     | ⏱️  Timeout 
     62      |   -4320.89   |   -1346.25   |     1000     | ⏱️  Timeout 
     63      |   -3763.69   |   -1429.77   |     1000     | ⏱️  Timeout 
     64      |   -3401.16   |   -1183.88   |     1000     | ⏱️  Timeout 
     65      |   -3445.37   |   -1239.25   |     1000     | ⏱️  Timeout 
     66      |   -4255.42   |   -1247.85   |     1000     | ⏱️  Timeout 
     67      |   -3036.81   |   -1128.61   |     1000     | ⏱️  Timeout 
     68      |   -3613.27   |   -1163.05   |     1000     | ⏱️  Timeout 
     69      |   -2955.30   |   -1313.77   |     1000     | ⏱️  Timeout 
     70      |   -4062.81   |   -1214.61   |     1000     | ⏱️  Timeout 
  📊 统计 [Ep 70]: Actor Loss=14.7725, Critic Loss=49.4135, Alpha=0.1276, TD-error=5.5448, Beta=1.0000
     71      |   -3962.25   |   -1159.13   |     1000     | ⏱️  Timeout 
     72      |   -521.17    |    -7.80     |      7       |  ❌ Failure  
     73      |   -4410.36   |   -1295.34   |     1000     | ⏱️  Timeout 
     74      |   -3629.03   |   -1197.84   |     1000     | ⏱️  Timeout 
     75      |   -3771.71   |   -1162.72   |     1000     | ⏱️  Timeout 
     76      |   -3871.31   |   -1411.65   |     1000     | ⏱️  Timeout 
     77      |   -1479.20   |   -797.31    |     688      |  ✅ Success  
     78      |   -1514.79   |   -1006.77   |     769      |  ✅ Success  
     79      |   -3525.37   |   -1351.30   |     1000     | ⏱️  Timeout 
     80      |   -731.79    |   -510.34    |     433      |  ✅ Success  
  📊 统计 [Ep 80]: Actor Loss=26.7488, Critic Loss=4.7209, Alpha=0.0420, TD-error=1.0607, Beta=1.0000
     81      |    334.52    |   -301.16    |     241      |  ✅ Success  
     82      |    255.21    |   -284.06    |     243      |  ✅ Success  
     83      |   -3287.32   |   -1349.96   |     1000     | ⏱️  Timeout 
     84      |   -531.09    |    -12.56    |      11      |  ❌ Failure  
     85      |   -3056.38   |   -1244.48   |     1000     | ⏱️  Timeout 
     86      |    670.07    |   -158.57    |     132      |  ✅ Success  
     87      |   -745.90    |    -83.12    |      68      |  ❌ Failure  
     88      |   -763.68    |   -104.94    |      89      |  ❌ Failure  
     89      |   -3473.84   |   -1267.82   |     1000     | ⏱️  Timeout 
     90      |   -3710.10   |   -1179.30   |     1000     | ⏱️  Timeout 
  📊 统计 [Ep 90]: Actor Loss=21.1153, Critic Loss=56.4782, Alpha=0.0366, TD-error=5.9868, Beta=1.0000
     91      |   -4463.49   |   -1235.57   |     1000     | ⏱️  Timeout 
     92      |   -3611.69   |   -1206.38   |     1000     | ⏱️  Timeout 
     93      |   -2483.40   |   -700.73    |     594      |  ❌ Failure  
     94      |   -3110.20   |   -1405.49   |     1000     | ⏱️  Timeout 
     95      |   -1237.95   |   -334.55    |     301      |  ❌ Failure  
     96      |   -3869.01   |   -1165.32   |     1000     | ⏱️  Timeout 
     97      |   -2075.05   |   -1109.15   |     1000     | ⏱️  Timeout 
     98      |    640.52    |   -162.74    |     144      |  ✅ Success  
     99      |    -47.69    |   -510.96    |     348      |  ✅ Success  
    100      |   -4077.14   |   -1742.68   |     1000     | ⏱️  Timeout 
  📊 统计 [Ep 100]: Actor Loss=30.1473, Critic Loss=62.5105, Alpha=0.0767, TD-error=7.2685, Beta=1.0000
    101      |   -703.31    |    -81.23    |      70      |  ❌ Failure  
    102      |   -1035.32   |   -680.29    |     503      |  ✅ Success  
    103      |   -1429.23   |   -1126.46   |     717      |  ✅ Success  
    104      |   -3179.31   |   -1547.61   |     1000     | ⏱️  Timeout 
    105      |   -3876.11   |   -1302.36   |     1000     | ⏱️  Timeout 
    106      |   -973.55    |   -1372.09   |     844      |  ✅ Success  
    107      |    570.19    |   -213.66    |     210      |  ✅ Success  
    108      |    808.58    |    -83.62    |      78      |  ✅ Success  
    109      |    578.81    |   -201.42    |     169      |  ✅ Success  
    110      |    539.85    |   -181.36    |     150      |  ✅ Success  
  📊 统计 [Ep 110]: Actor Loss=23.3287, Critic Loss=90.5757, Alpha=0.0564, TD-error=8.0561, Beta=1.0000
    111      |   -529.42    |    -11.40    |      10      |  ❌ Failure  
    112      |   -1910.75   |   -1256.62   |     850      |  ✅ Success  
    113      |    748.68    |   -112.38    |     102      |  ✅ Success  
    114      |   -2918.43   |   -1261.79   |     1000     | ⏱️  Timeout 
    115      |    887.05    |    -65.09    |      50      |  ✅ Success  
    116      |    593.71    |   -213.05    |     174      |  ✅ Success  
    117      |    745.70    |   -124.37    |     113      |  ✅ Success  
    118      |    798.00    |    -90.12    |      82      |  ✅ Success  
    119      |    316.43    |   -401.31    |     380      |  ✅ Success  
    120      |    740.81    |   -134.60    |     123      |  ✅ Success  
  📊 统计 [Ep 120]: Actor Loss=1.8035, Critic Loss=161.6097, Alpha=0.1011, TD-error=16.8994, Beta=1.0000
    121      |   -3069.87   |   -1177.57   |     1000     | ⏱️  Timeout 
    122      |    753.11    |   -135.79    |     125      |  ✅ Success  
    123      |    794.92    |   -104.49    |      97      |  ✅ Success  
    124      |   -2809.49   |   -1161.37   |     1000     | ⏱️  Timeout 
    125      |    878.28    |    -56.75    |      53      |  ✅ Success  
    126      |   -1570.24   |   -484.52    |     399      |  ❌ Failure  
    127      |   -2865.95   |   -1136.46   |     1000     | ⏱️  Timeout 
    128      |    898.15    |    -58.58    |      56      |  ✅ Success  
    129      |    850.83    |    -72.96    |      66      |  ✅ Success  
    130      |   -913.96    |   -747.38    |     650      |  ✅ Success  
  📊 统计 [Ep 130]: Actor Loss=23.0105, Critic Loss=106.8419, Alpha=0.1356, TD-error=9.7637, Beta=1.0000
    131      |   -570.97    |    -26.64    |      24      |  ❌ Failure  
    132      |   -609.66    |    -44.90    |      39      |  ❌ Failure  
    133      |    387.05    |   -208.13    |     184      |  ✅ Success  
    134      |   -604.13    |    -39.97    |      35      |  ❌ Failure  
    135      |    835.37    |    -88.24    |      76      |  ✅ Success  
    136      |    832.26    |    -91.25    |      86      |  ✅ Success  
    137      |    762.25    |    -90.85    |      81      |  ✅ Success  
    138      |    747.33    |   -138.64    |     125      |  ✅ Success  
    139      |    774.25    |    -93.95    |      79      |  ✅ Success  
    140      |    856.71    |    -74.40    |      66      |  ✅ Success  
  📊 统计 [Ep 140]: Actor Loss=31.0080, Critic Loss=240.8281, Alpha=0.1391, TD-error=19.7169, Beta=1.0000
    141      |    827.57    |    -82.87    |      70      |  ✅ Success  
    142      |    925.97    |    -35.43    |      32      |  ✅ Success  
    143      |    913.41    |    -42.42    |      39      |  ✅ Success  
    144      |    603.40    |   -202.43    |     176      |  ✅ Success  
    145      |    593.75    |   -174.85    |     150      |  ✅ Success  
    146      |    858.97    |    -88.66    |      66      |  ✅ Success  
    147      |    774.84    |    -93.38    |      84      |  ✅ Success  
    148      |    851.31    |    -73.99    |      67      |  ✅ Success  
    149      |   -296.76    |   -545.44    |     432      |  ✅ Success  
    150      |    201.51    |   -331.58    |     215      |  ✅ Success  
  📊 统计 [Ep 150]: Actor Loss=25.8063, Critic Loss=291.1172, Alpha=0.2239, TD-error=22.4059, Beta=1.0000
    151      |    763.65    |   -106.52    |      91      |  ✅ Success  
    152      |    704.58    |   -162.73    |     126      |  ✅ Success  
    153      |    818.73    |    -93.88    |      71      |  ✅ Success  
    154      |    406.07    |   -216.02    |     189      |  ✅ Success  
    155      |    811.51    |    -90.92    |      83      |  ✅ Success  
    156      |    863.47    |    -69.94    |      65      |  ✅ Success  
    157      |    938.61    |    -31.60    |      26      |  ✅ Success  
    158      |   -3497.36   |   -1326.97   |     1000     | ⏱️  Timeout 
    159      |   -750.63    |   -758.55    |     636      |  ✅ Success  
    160      |   -3995.32   |   -1294.12   |     1000     | ⏱️  Timeout 
  📊 统计 [Ep 160]: Actor Loss=-12.6092, Critic Loss=421.0281, Alpha=0.4982, TD-error=29.0904, Beta=1.0000
    161      |   -121.66    |   -525.39    |     459      |  ✅ Success  
    162      |   -4107.03   |   -1336.11   |     1000     | ⏱️  Timeout 
    163      |   -1776.21   |   -404.35    |     295      |  ❌ Failure  
    164      |   -4632.24   |   -1270.34   |     1000     | ⏱️  Timeout 
    165      |   -4832.89   |   -1429.50   |     1000     | ⏱️  Timeout 
    166      |    78.48     |   -312.65    |     264      |  ✅ Success  
    167      |    910.08    |    -48.89    |      46      |  ✅ Success  
    168      |    436.02    |   -165.74    |     142      |  ✅ Success  
    169      |    623.46    |   -201.11    |     118      |  ✅ Success  
    170      |   -1810.56   |   -824.04    |     654      |  ✅ Success  
  📊 统计 [Ep 170]: Actor Loss=-50.6360, Critic Loss=346.3622, Alpha=0.6568, TD-error=25.1661, Beta=1.0000
    171      |   -3576.62   |   -1263.99   |     1000     | ⏱️  Timeout 
    172      |    535.10    |   -181.48    |     158      |  ✅ Success  
    173      |    130.75    |   -289.33    |     248      |  ✅ Success  
    174      |   -732.22    |    -88.18    |      77      |  ❌ Failure  
    175      |    101.02    |   -285.91    |     211      |  ✅ Success  
    176      |   -2303.44   |   -996.20    |     786      |  ✅ Success  
    177      |    782.51    |    -84.23    |      72      |  ✅ Success  
    178      |    105.00    |   -361.35    |     252      |  ✅ Success  
    179      |    513.89    |   -189.07    |     164      |  ✅ Success  
    180      |   -1143.80   |   -197.60    |     172      |  ❌ Failure  
  📊 统计 [Ep 180]: Actor Loss=-28.5001, Critic Loss=279.1259, Alpha=0.7409, TD-error=24.5922, Beta=1.0000
    181      |    707.14    |   -105.76    |      90      |  ✅ Success  
    182      |    395.34    |   -191.11    |     163      |  ✅ Success  
    183      |   -505.58    |   -454.45    |     359      |  ✅ Success  
    184      |    588.22    |   -142.60    |     122      |  ✅ Success  
    185      |    709.93    |   -116.67    |     102      |  ✅ Success  
    186      |   -3340.49   |   -1163.29   |     1000     | ⏱️  Timeout 
    187      |   -4204.08   |   -1322.74   |     1000     | ⏱️  Timeout 
    188      |    499.92    |   -164.78    |     140      |  ✅ Success  
    189      |    135.56    |   -284.99    |     241      |  ✅ Success  
    190      |   -519.84    |    -7.97     |      7       |  ❌ Failure  
  📊 统计 [Ep 190]: Actor Loss=-19.7968, Critic Loss=171.9428, Alpha=0.5672, TD-error=20.2525, Beta=1.0000
    191      |   -809.61    |   -593.13    |     503      |  ✅ Success  
    192      |    209.18    |   -251.29    |     194      |  ✅ Success  
    193      |   -628.01    |   -463.81    |     366      |  ✅ Success  
    194      |    449.52    |   -172.14    |     143      |  ✅ Success  
    195      |    894.14    |    -59.75    |      47      |  ✅ Success  
    196      |   -399.34    |   -552.23    |     353      |  ✅ Success  
    197      |    727.11    |   -102.33    |      88      |  ✅ Success  
    198      |    475.02    |   -171.02    |     141      |  ✅ Success  
    199      |   -1071.84   |   -775.81    |     635      |  ✅ Success  
    200      |    18.81     |   -417.78    |     278      |  ✅ Success  
  📊 统计 [Ep 200]: Actor Loss=-23.0916, Critic Loss=242.7726, Alpha=0.5974, TD-error=21.4346, Beta=1.0000
    201      |   -458.19    |   -490.20    |     367      |  ✅ Success  
    202      |    634.64    |   -165.00    |     147      |  ✅ Success  
    203      |   -1238.54   |   -775.70    |     599      |  ✅ Success  
    204      |   -530.86    |    -10.19    |      9       |  ❌ Failure  
    205      |    872.26    |    -58.87    |      55      |  ✅ Success  
    206      |    68.38     |   -296.98    |     233      |  ✅ Success  
    207      |    463.64    |   -171.60    |     147      |  ✅ Success  
    208      |    642.12    |   -189.26    |     176      |  ✅ Success  
    209      |    702.50    |   -111.10    |     103      |  ✅ Success  
    210      |    822.11    |    -75.33    |      67      |  ✅ Success  
  📊 统计 [Ep 210]: Actor Loss=-29.1249, Critic Loss=224.2128, Alpha=0.5950, TD-error=22.0632, Beta=1.0000
    211      |    721.82    |   -110.43    |      90      |  ✅ Success  
    212      |    883.25    |    -71.07    |      47      |  ✅ Success  
    213      |   -2234.08   |   -526.57    |     394      |  ❌ Failure  
    214      |    621.67    |   -132.76    |     113      |  ✅ Success  
    215      |   -579.76    |    -32.74    |      27      |  ❌ Failure  
    216      |   -597.91    |    -49.90    |      35      |  ❌ Failure  
    217      |   -4605.82   |   -1183.75   |     1000     | ⏱️  Timeout 
    218      |    403.62    |   -277.01    |     245      |  ✅ Success  
    219      |    639.27    |   -126.52    |     119      |  ✅ Success  
    220      |    859.22    |    -60.65    |      59      |  ✅ Success  
  📊 统计 [Ep 220]: Actor Loss=-19.7654, Critic Loss=258.0937, Alpha=0.4732, TD-error=21.4291, Beta=1.0000
    221      |   -1594.61   |   -836.84    |     602      |  ✅ Success  
    222      |    828.31    |   -101.09    |      88      |  ✅ Success  
    223      |    92.47     |   -284.80    |     243      |  ✅ Success  
    224      |   -2252.04   |   -1036.58   |     818      |  ✅ Success  
    225      |   -219.09    |   -339.11    |     288      |  ✅ Success  
    226      |    853.73    |    -71.86    |      65      |  ✅ Success  
    227      |    841.19    |    -74.38    |      69      |  ✅ Success  
    228      |    812.43    |    -95.28    |      88      |  ✅ Success  
    229      |    22.12     |   -341.05    |     292      |  ✅ Success  
    230      |    342.88    |   -224.52    |     203      |  ✅ Success  
  📊 统计 [Ep 230]: Actor Loss=-6.7018, Critic Loss=244.4976, Alpha=0.4968, TD-error=21.6590, Beta=1.0000
    231      |   -661.02    |   -433.46    |     364      |  ✅ Success  
    232      |    459.14    |   -209.98    |     191      |  ✅ Success  
    233      |    814.69    |    -85.09    |      80      |  ✅ Success  
    234      |   -607.54    |   -418.41    |     364      |  ✅ Success  
    235      |   -508.14    |   -481.92    |     326      |  ✅ Success  
    236      |    727.50    |    -99.77    |      84      |  ✅ Success  
    237      |    163.73    |   -321.25    |     251      |  ✅ Success  
    238      |    241.29    |   -224.72    |     184      |  ✅ Success  
    239      |    100.19    |   -253.71    |     214      |  ✅ Success  
    240      |    75.47     |   -267.23    |     227      |  ✅ Success  
  📊 统计 [Ep 240]: Actor Loss=-16.0207, Critic Loss=244.3257, Alpha=0.6045, TD-error=23.0936, Beta=1.0000
    241      |   -465.68    |   -437.06    |     303      |  ✅ Success  
    242      |    440.84    |   -193.91    |     168      |  ✅ Success  
    243      |    273.39    |   -271.31    |     181      |  ✅ Success  
    244      |    204.54    |   -252.06    |     183      |  ✅ Success  
    245      |    662.61    |   -132.89    |      85      |  ✅ Success  
    246      |    500.07    |   -197.76    |     161      |  ✅ Success  
    247      |    297.51    |   -224.14    |     166      |  ✅ Success  
    248      |   -666.91    |   -641.44    |     448      |  ✅ Success  
    249      |   -524.86    |    -9.23     |      8       |  ❌ Failure  
    250      |   -461.31    |   -405.44    |     328      |  ✅ Success  
  📊 统计 [Ep 250]: Actor Loss=-23.2699, Critic Loss=334.7838, Alpha=0.7451, TD-error=26.5847, Beta=1.0000
    251      |    575.02    |   -196.83    |     132      |  ✅ Success  
    252      |    452.62    |   -269.14    |     213      |  ✅ Success  
    253      |   -665.77    |   -518.72    |     406      |  ✅ Success  
    254      |    415.19    |   -214.14    |     186      |  ✅ Success  
    255      |     4.55     |   -353.72    |     305      |  ✅ Success  
    256      |    426.69    |   -245.23    |     194      |  ✅ Success  
    257      |   -668.56    |   -502.32    |     401      |  ✅ Success  
    258      |    650.84    |   -148.82    |     115      |  ✅ Success  
    259      |    250.75    |   -235.69    |     183      |  ✅ Success  
    260      |    664.32    |   -121.01    |      97      |  ✅ Success  
  📊 统计 [Ep 260]: Actor Loss=-23.6556, Critic Loss=369.1252, Alpha=0.8275, TD-error=25.3889, Beta=1.0000
    261      |    478.64    |   -202.17    |     158      |  ✅ Success  
    262      |    818.73    |    -79.37    |      69      |  ✅ Success  
    263      |    686.72    |   -154.86    |      96      |  ✅ Success  
    264      |   -1561.76   |   -330.24    |     257      |  ❌ Failure  
    265      |    654.38    |   -128.54    |     106      |  ✅ Success  
    266      |   -750.49    |   -515.37    |     460      |  ✅ Success  
    267      |   -2347.69   |   -1254.34   |     932      |  ✅ Success  
    268      |    753.28    |    -97.79    |      86      |  ✅ Success  
    269      |   -368.23    |   -425.13    |     348      |  ✅ Success  
    270      |    505.10    |   -179.58    |     127      |  ✅ Success  
  📊 统计 [Ep 270]: Actor Loss=-40.0823, Critic Loss=373.4617, Alpha=0.8764, TD-error=28.3105, Beta=1.0000
    271      |    550.75    |   -164.16    |     119      |  ✅ Success  
    272      |    654.73    |   -194.28    |     104      |  ✅ Success  
    273      |   -2828.92   |   -1245.42   |     959      |  ✅ Success  
    274      |    578.94    |   -212.29    |     164      |  ✅ Success  
    275      |   -544.94    |   -474.07    |     337      |  ✅ Success  
    276      |    -91.05    |   -333.37    |     272      |  ✅ Success  
    277      |   -300.37    |   -389.40    |     324      |  ✅ Success  
    278      |    243.27    |   -219.40    |     182      |  ✅ Success  
    279      |   -1830.40   |   -784.02    |     643      |  ✅ Success  
    280      |    426.73    |   -235.51    |     172      |  ✅ Success  
  📊 统计 [Ep 280]: Actor Loss=-71.6909, Critic Loss=381.3839, Alpha=0.8673, TD-error=26.7539, Beta=1.0000
    281      |   -129.46    |   -365.25    |     275      |  ✅ Success  
    282      |    536.86    |   -155.12    |     130      |  ✅ Success  
    283      |    690.22    |   -109.15    |      84      |  ✅ Success  
    284      |    328.43    |   -238.98    |     198      |  ✅ Success  
    285      |    897.58    |    -50.53    |      46      |  ✅ Success  
    286      |   -1439.74   |   -729.55    |     595      |  ✅ Success  
    287      |    709.94    |   -126.28    |     110      |  ✅ Success  
    288      |    655.50    |   -123.86    |      95      |  ✅ Success  
    289      |    736.73    |    -95.07    |      81      |  ✅ Success  
    290      |    614.87    |   -156.71    |     120      |  ✅ Success  
  📊 统计 [Ep 290]: Actor Loss=-93.1025, Critic Loss=349.2904, Alpha=0.9628, TD-error=27.8074, Beta=1.0000
    291      |    750.92    |   -110.64    |      73      |  ✅ Success  
    292      |    885.57    |    -54.74    |      51      |  ✅ Success  
    293      |   -1615.19   |   -315.98    |     275      |  ❌ Failure  
    294      |   -545.85    |    -16.50    |      15      |  ❌ Failure  
    295      |   -2681.53   |   -1146.61   |     912      |  ✅ Success  
    296      |    233.92    |   -211.70    |     174      |  ✅ Success  
    297      |    599.24    |   -136.19    |     113      |  ✅ Success  
    298      |    727.79    |    -96.04    |      83      |  ✅ Success  
    299      |    854.10    |    -64.71    |      56      |  ✅ Success  
    300      |    618.16    |   -137.35    |     118      |  ✅ Success  
  📊 统计 [Ep 300]: Actor Loss=-90.3678, Critic Loss=370.9323, Alpha=0.9176, TD-error=26.7567, Beta=1.0000
    301      |    848.06    |    -76.00    |      57      |  ✅ Success  
    302      |   -1026.27   |   -677.82    |     478      |  ✅ Success  
    303      |    748.29    |    -94.53    |      81      |  ✅ Success  
    304      |   -565.46    |   -515.99    |     380      |  ✅ Success  
    305      |    637.33    |   -114.25    |      96      |  ✅ Success  
    306      |   -528.62    |    -9.36     |      9       |  ❌ Failure  
    307      |    858.67    |    -63.12    |      58      |  ✅ Success  
    308      |   -565.28    |    -36.43    |      25      |  ❌ Failure  
    309      |    530.75    |   -167.91    |     124      |  ✅ Success  
    310      |    566.96    |   -158.93    |     125      |  ✅ Success  
  📊 统计 [Ep 310]: Actor Loss=-113.4938, Critic Loss=457.0486, Alpha=1.0480, TD-error=31.5165, Beta=1.0000
    311      |    -8.04     |   -357.65    |     279      |  ✅ Success  
    312      |    417.29    |   -185.35    |     163      |  ✅ Success  
    313      |    692.80    |   -119.40    |      92      |  ✅ Success  
    314      |    448.28    |   -173.31    |     141      |  ✅ Success  
    315      |    133.62    |   -299.30    |     223      |  ✅ Success  
    316      |   -792.46    |   -591.66    |     456      |  ✅ Success  
    317      |    546.17    |   -181.62    |     133      |  ✅ Success  
    318      |    249.20    |   -255.59    |     246      |  ✅ Success  
    319      |    12.34     |   -283.46    |     218      |  ✅ Success  
    320      |    550.63    |   -152.84    |     116      |  ✅ Success  
  📊 统计 [Ep 320]: Actor Loss=-134.9118, Critic Loss=420.7649, Alpha=1.2783, TD-error=33.3855, Beta=1.0000
    321      |    520.26    |   -191.47    |     151      |  ✅ Success  
    322      |   -735.96    |   -579.53    |     451      |  ✅ Success  
    323      |    457.00    |   -173.92    |     140      |  ✅ Success  
    324      |   -1736.46   |   -898.17    |     738      |  ✅ Success  
    325      |   -871.04    |   -155.63    |      96      |  ❌ Failure  
    326      |   -550.62    |   -517.06    |     351      |  ✅ Success  
    327      |    832.21    |    -70.27    |      67      |  ✅ Success  
    328      |    214.24    |   -248.85    |     213      |  ✅ Success  
    329      |    352.99    |   -237.69    |     158      |  ✅ Success  
    330      |    835.44    |    -71.63    |      65      |  ✅ Success  
  📊 统计 [Ep 330]: Actor Loss=-175.2237, Critic Loss=439.4634, Alpha=1.2653, TD-error=31.4738, Beta=1.0000
    331      |    169.71    |   -246.11    |     212      |  ✅ Success  
    332      |    556.87    |   -163.05    |     121      |  ✅ Success  
    333      |    556.73    |   -159.36    |     140      |  ✅ Success  
    334      |    402.58    |   -219.21    |     182      |  ✅ Success  
    335      |    888.92    |    -46.56    |      42      |  ✅ Success  
    336      |    820.76    |    -76.38    |      69      |  ✅ Success  
    337      |    567.52    |   -170.04    |     123      |  ✅ Success  
    338      |    17.88     |   -339.88    |     246      |  ✅ Success  
    339      |    116.60    |   -434.17    |     228      |  ✅ Success  
    340      |    795.41    |    -83.42    |      75      |  ✅ Success  
  📊 统计 [Ep 340]: Actor Loss=-172.8304, Critic Loss=524.9013, Alpha=1.4034, TD-error=37.3285, Beta=1.0000
    341      |   -705.09    |   -516.63    |     410      |  ✅ Success  
    342      |    882.05    |    -60.55    |      44      |  ✅ Success  
    343      |    412.95    |   -194.42    |     161      |  ✅ Success  
    344      |    625.35    |   -118.34    |     105      |  ✅ Success  
    345      |    881.70    |    -57.96    |      49      |  ✅ Success  
    346      |    133.15    |   -263.47    |     203      |  ✅ Success  
    347      |    899.27    |    -44.29    |      41      |  ✅ Success  
    348      |    895.43    |    -45.86    |      38      |  ✅ Success  
    349      |    911.56    |    -45.06    |      37      |  ✅ Success  
    350      |    923.35    |    -40.24    |      37      |  ✅ Success  
  📊 统计 [Ep 350]: Actor Loss=-142.5868, Critic Loss=399.3218, Alpha=1.2728, TD-error=30.8614, Beta=1.0000
    351      |    692.40    |   -124.70    |     100      |  ✅ Success  
    352      |   -1608.13   |   -823.19    |     604      |  ✅ Success  
    353      |   -1494.18   |   -695.62    |     565      |  ✅ Success  
    354      |   -508.59    |   -439.59    |     377      |  ✅ Success  
    355      |   -963.65    |   -527.21    |     434      |  ✅ Success  
    356      |    701.28    |   -108.03    |      81      |  ✅ Success  
    357      |    613.89    |   -132.12    |     110      |  ✅ Success  
    358      |   -322.22    |   -413.31    |     312      |  ✅ Success  
    359      |    754.51    |    -93.82    |      72      |  ✅ Success  
    360      |    174.81    |   -302.20    |     205      |  ✅ Success  
  📊 统计 [Ep 360]: Actor Loss=-161.6796, Critic Loss=379.8232, Alpha=1.0506, TD-error=28.9573, Beta=1.0000
    361      |    927.80    |    -46.92    |      37      |  ✅ Success  
    362      |    509.39    |   -162.84    |     142      |  ✅ Success  
    363      |    572.24    |   -161.24    |     120      |  ✅ Success  
    364      |    928.50    |    -32.05    |      32      |  ✅ Success  
    365      |    833.88    |    -92.25    |      56      |  ✅ Success  
    366      |    741.26    |    -91.41    |      76      |  ✅ Success  
    367      |    898.38    |    -42.85    |      40      |  ✅ Success  
    368      |    935.54    |    -32.14    |      30      |  ✅ Success  
    369      |    882.53    |    -72.73    |      55      |  ✅ Success  
    370      |    920.51    |    -36.60    |      34      |  ✅ Success  
  📊 统计 [Ep 370]: Actor Loss=-179.8626, Critic Loss=553.0179, Alpha=1.1506, TD-error=36.0870, Beta=1.0000
    371      |    718.76    |    -97.73    |      77      |  ✅ Success  
    372      |    786.50    |    -74.85    |      63      |  ✅ Success  
    373      |    762.10    |    -84.97    |      73      |  ✅ Success  
    374      |    760.68    |    -94.37    |      80      |  ✅ Success  
    375      |    592.55    |   -121.07    |     105      |  ✅ Success  
    376      |    697.53    |   -104.17    |      83      |  ✅ Success  
    377      |   -335.58    |   -432.73    |     290      |  ✅ Success  
    378      |    803.68    |    -87.03    |      66      |  ✅ Success  
    379      |   -1390.88   |   -858.81    |     512      |  ✅ Success  
    380      |    468.78    |   -150.60    |     127      |  ✅ Success  
  📊 统计 [Ep 380]: Actor Loss=-182.2688, Critic Loss=444.2412, Alpha=1.3806, TD-error=31.5235, Beta=1.0000
    381      |    353.03    |   -239.61    |     150      |  ✅ Success  
    382      |    631.25    |   -119.64    |     101      |  ✅ Success  
    383      |    663.87    |   -166.03    |      86      |  ✅ Success  
    384      |    820.91    |    -75.82    |      66      |  ✅ Success  
    385      |    865.69    |    -69.59    |      52      |  ✅ Success  
    386      |    731.82    |   -136.78    |     102      |  ✅ Success  
    387      |   -943.23    |   -136.26    |     111      |  ❌ Failure  
    388      |     9.94     |   -361.49    |     252      |  ✅ Success  
    389      |    949.50    |    -26.00    |      24      |  ✅ Success  
    390      |    495.65    |   -250.29    |     125      |  ✅ Success  
  📊 统计 [Ep 390]: Actor Loss=-206.6463, Critic Loss=449.3454, Alpha=1.4812, TD-error=34.2179, Beta=1.0000
    391      |    941.64    |    -30.65    |      26      |  ✅ Success  
    392      |    221.23    |   -229.74    |     201      |  ✅ Success  
    393      |    469.53    |   -176.05    |     135      |  ✅ Success  
    394      |   -2294.03   |   -994.06    |     737      |  ✅ Success  
    395      |    143.28    |   -272.42    |     185      |  ✅ Success  
    396      |    463.77    |   -172.89    |     135      |  ✅ Success  
    397      |    843.97    |    -65.06    |      55      |  ✅ Success  
    398      |    865.03    |    -84.45    |      56      |  ✅ Success  
    399      |    309.59    |   -249.32    |     195      |  ✅ Success  
    400      |   -531.76    |    -12.31    |      11      |  ❌ Failure  
  📊 统计 [Ep 400]: Actor Loss=-237.2391, Critic Loss=521.5153, Alpha=1.7820, TD-error=39.4035, Beta=1.0000
    401      |    605.94    |   -147.20    |     123      |  ✅ Success  
    402      |    925.32    |    -33.91    |      32      |  ✅ Success  
    403      |    953.44    |    -23.67    |      22      |  ✅ Success  
    404      |    855.44    |    -56.30    |      48      |  ✅ Success  
    405      |    700.64    |    -98.93    |      84      |  ✅ Success  
    406      |   -595.86    |   -516.58    |     364      |  ✅ Success  
    407      |     3.91     |   -285.55    |     241      |  ✅ Success  
    408      |    922.52    |    -36.42    |      34      |  ✅ Success  
    409      |    150.72    |   -254.47    |     210      |  ✅ Success  
    410      |    537.29    |   -197.88    |     151      |  ✅ Success  
  📊 统计 [Ep 410]: Actor Loss=-235.6471, Critic Loss=676.5783, Alpha=2.0320, TD-error=45.5015, Beta=1.0000
    411      |    630.20    |   -128.09    |     107      |  ✅ Success  
    412      |    751.18    |   -105.61    |      81      |  ✅ Success  
    413      |    375.52    |   -185.47    |     163      |  ✅ Success  
    414      |    754.81    |    -94.98    |      70      |  ✅ Success  
    415      |    895.81    |    -47.56    |      42      |  ✅ Success  
    416      |   -532.26    |    -13.56    |      11      |  ❌ Failure  
    417      |    956.00    |    -22.25    |      21      |  ✅ Success  
    418      |    333.12    |   -218.50    |     179      |  ✅ Success  
    419      |    773.87    |    -84.47    |      66      |  ✅ Success  
    420      |    860.76    |    -53.82    |      48      |  ✅ Success  
  📊 统计 [Ep 420]: Actor Loss=-224.2996, Critic Loss=602.6876, Alpha=2.0032, TD-error=43.4619, Beta=1.0000
    421      |    230.79    |   -236.86    |     194      |  ✅ Success  
    422      |   -693.69    |    -74.20    |      53      |  ❌ Failure  
    423      |    912.96    |    -44.03    |      38      |  ✅ Success  
    424      |    392.24    |   -196.19    |     177      |  ✅ Success  
    425      |    939.28    |    -30.92    |      27      |  ✅ Success  
    426      |    779.47    |    -79.40    |      77      |  ✅ Success  
    427      |    355.97    |   -238.40    |     163      |  ✅ Success  
    428      |   -1247.06   |   -255.13    |     212      |  ❌ Failure  
    429      |    617.67    |   -140.49    |     104      |  ✅ Success  
    430      |    884.24    |    -59.59    |      49      |  ✅ Success  
  📊 统计 [Ep 430]: Actor Loss=-214.1800, Critic Loss=501.0224, Alpha=2.0124, TD-error=39.2678, Beta=1.0000
    431      |    483.36    |   -209.03    |     146      |  ✅ Success  
    432      |    719.94    |    -98.15    |      85      |  ✅ Success  
    433      |    611.60    |   -120.95    |     107      |  ✅ Success  
    434      |    942.21    |    -28.99    |      27      |  ✅ Success  
    435      |   -134.43    |   -393.36    |     256      |  ✅ Success  
    436      |    424.71    |   -180.76    |     134      |  ✅ Success  
    437      |    458.36    |   -161.76    |     137      |  ✅ Success  
    438      |    667.50    |   -124.94    |     101      |  ✅ Success  
    439      |    836.84    |    -64.09    |      50      |  ✅ Success  
    440      |    407.46    |   -203.38    |     153      |  ✅ Success  
  📊 统计 [Ep 440]: Actor Loss=-229.4155, Critic Loss=634.5462, Alpha=2.1072, TD-error=41.2829, Beta=1.0000
    441      |    922.57    |    -35.23    |      33      |  ✅ Success  
    442      |    886.36    |    -79.81    |      38      |  ✅ Success  
    443      |   -542.53    |    -16.51    |      14      |  ❌ Failure  
    444      |    491.75    |   -193.36    |     160      |  ✅ Success  
    445      |    543.22    |   -155.05    |     120      |  ✅ Success  
    446      |    649.97    |   -133.35    |     121      |  ✅ Success  
    447      |   -783.98    |   -100.86    |      84      |  ❌ Failure  
    448      |    949.02    |    -25.27    |      24      |  ✅ Success  
    449      |    708.44    |   -101.54    |      77      |  ✅ Success  
    450      |    744.28    |   -119.91    |      70      |  ✅ Success  
  📊 统计 [Ep 450]: Actor Loss=-261.3315, Critic Loss=653.9068, Alpha=2.2378, TD-error=44.6868, Beta=1.0000
    451      |    657.80    |   -133.81    |     101      |  ✅ Success  
    452      |    938.81    |    -29.46    |      27      |  ✅ Success  
    453      |    536.45    |   -148.01    |     105      |  ✅ Success  
    454      |    21.55     |   -293.48    |     221      |  ✅ Success  
    455      |    294.70    |   -231.83    |     190      |  ✅ Success  
    456      |    843.74    |    -59.86    |      49      |  ✅ Success  
    457      |    615.95    |   -128.41    |     115      |  ✅ Success  
    458      |    -75.54    |   -303.42    |     234      |  ✅ Success  
    459      |    764.99    |    -87.99    |      66      |  ✅ Success  
    460      |    778.95    |    -80.59    |      66      |  ✅ Success  
  📊 统计 [Ep 460]: Actor Loss=-310.7509, Critic Loss=597.2951, Alpha=2.4340, TD-error=43.7136, Beta=1.0000
    461      |    93.82     |   -363.40    |     275      |  ✅ Success  
    462      |    723.61    |   -113.94    |      81      |  ✅ Success  
    463      |   -524.10    |    -9.30     |      8       |  ❌ Failure  
    464      |    714.77    |    -97.97    |      80      |  ✅ Success  
    465      |    942.65    |    -40.62    |      25      |  ✅ Success  
    466      |    957.48    |    -21.75    |      21      |  ✅ Success  
    467      |    835.34    |    -79.87    |      56      |  ✅ Success  
    468      |    419.02    |   -201.69    |     146      |  ✅ Success  
    469      |    428.50    |   -174.69    |     150      |  ✅ Success  
    470      |    911.16    |    -43.19    |      39      |  ✅ Success  
  📊 统计 [Ep 470]: Actor Loss=-333.1533, Critic Loss=648.6423, Alpha=2.5534, TD-error=42.6722, Beta=1.0000
    471      |    808.55    |   -129.14    |      69      |  ✅ Success  
    472      |    634.80    |   -181.73    |     118      |  ✅ Success  
    473      |    292.34    |   -288.01    |     181      |  ✅ Success  
    474      |    815.29    |    -76.40    |      60      |  ✅ Success  
    475      |    840.59    |    -61.91    |      54      |  ✅ Success  
    476      |    608.77    |   -138.28    |     113      |  ✅ Success  
    477      |    925.59    |    -44.10    |      34      |  ✅ Success  
    478      |    446.10    |   -179.07    |     146      |  ✅ Success  
    479      |    565.99    |   -143.33    |     111      |  ✅ Success  
    480      |   -1152.80   |   -608.25    |     502      |  ✅ Success  
  📊 统计 [Ep 480]: Actor Loss=-333.8758, Critic Loss=715.5156, Alpha=2.5678, TD-error=42.9019, Beta=1.0000
    481      |    861.91    |    -61.19    |      50      |  ✅ Success  
    482      |   -230.31    |   -351.58    |     263      |  ✅ Success  
    483      |    582.31    |   -120.87    |     106      |  ✅ Success  
    484      |   -354.62    |   -381.23    |     317      |  ✅ Success  
    485      |    951.21    |    -24.62    |      23      |  ✅ Success  
    486      |    198.24    |   -278.27    |     228      |  ✅ Success  
    487      |    837.53    |    -75.32    |      59      |  ✅ Success  
    488      |    792.24    |    -79.73    |      63      |  ✅ Success  
    489      |    434.95    |   -172.39    |     130      |  ✅ Success  
    490      |    230.07    |   -215.95    |     180      |  ✅ Success  
  📊 统计 [Ep 490]: Actor Loss=-361.8635, Critic Loss=701.0525, Alpha=2.5644, TD-error=44.9203, Beta=1.0000
    491      |    887.62    |    -48.51    |      40      |  ✅ Success  
    492      |    922.28    |    -34.73    |      30      |  ✅ Success  
    493      |    -73.78    |   -302.61    |     255      |  ✅ Success  
    494      |    870.35    |    -61.02    |      56      |  ✅ Success  
    495      |   -441.45    |   -425.73    |     336      |  ✅ Success  
    496      |    784.72    |    -94.21    |      85      |  ✅ Success  
    497      |    652.70    |   -121.00    |     105      |  ✅ Success  
    498      |    812.66    |    -87.52    |      57      |  ✅ Success  
    499      |    541.72    |   -138.84    |     111      |  ✅ Success  
✅ 训练数据已保存: /home/zhangpeng/UAV_PATH_PLANNING/runs/exp_baseline_20251029_200802/training_data.pkl
✅ 总奖励曲线已保存: /home/zhangpeng/UAV_PATH_PLANNING/runs/exp_baseline_20251029_200802/plots/total_reward.png
✅ Leader奖励曲线已保存: /home/zhangpeng/UAV_PATH_PLANNING/runs/exp_baseline_20251029_200802/plots/leader_reward.png
✅ Follower奖励曲线已保存: /home/zhangpeng/UAV_PATH_PLANNING/runs/exp_baseline_20251029_200802/plots/follower_reward.png
