📝 日志文件: /home/zhangpeng/UAV_PATH_PLANNING/runs/exp_baseline_20251030_112631/training.log
💡 训练输出将实时保存到日志文件
🚀 启用AMP混合精度训练（预期加速40-100%）
🚀 启用异步数据传输（预期加速10-20%）
SAC训练中...
📊 优先级经验回放（PER）配置:
  - 容量: 20000
  - Alpha: 0.6 (优先级指数)
  - Beta: 0.4 → 1.0 (重要性采样权重)
  - 内存优化: float32 (节省50%内存)

================================================================================
  Episode    |    Leader    |  Follower0   |  Follower1   |  Follower2   |  Follower3   |    Steps     |    Status   
================================================================================
     0       |   -556.71    |    -5.77     |    -6.55     |    -7.26     |    -5.87     |      6       |  ❌ Failure  
     1       |   -752.64    |    -26.01    |    -29.89    |    -18.44    |    -39.42    |      28      |  ❌ Failure  
     2       |   -6758.68   |   -1184.14   |   -1288.45   |   -1187.90   |   -1220.27   |     474      |  ✅ Success  
     3       |   -1026.81   |    -71.26    |    -92.33    |   -100.33    |    -88.20    |      49      |  ❌ Failure  
     4       |   -554.14    |    -5.62     |    -6.69     |    -7.00     |    -3.39     |      6       |  ❌ Failure  
     5       |   -6821.46   |   -1356.98   |   -1299.22   |   -1325.27   |   -1459.49   |     556      |  ✅ Success  
     6       |   -656.07    |    -12.30    |    -20.01    |    -17.36    |    -32.29    |      18      |  ❌ Failure  
     7       |  -17284.76   |   -3029.10   |   -2418.18   |   -2542.83   |   -2162.43   |     1000     | ⏱️  Timeout 
     8       |  -15710.35   |   -2461.37   |   -2500.80   |   -3052.29   |   -2326.89   |     972      |  ✅ Success  
     9       |  -14857.75   |   -2864.11   |   -2265.26   |   -2289.42   |   -3258.76   |     1000     | ⏱️  Timeout 
     10      |  -16692.04   |   -2643.30   |   -3050.23   |   -2677.89   |   -2682.33   |     1000     | ⏱️  Timeout 
  📊 统计 [Ep 10]: Actor Loss=53.8094, Critic Loss=54.2835, Alpha=0.3471, TD-error=2.5091, Beta=1.0000
     11      |   -895.06    |    -37.37    |    -42.82    |    -49.97    |    -68.87    |      38      |  ❌ Failure  
     12      |   -1266.95   |    -99.69    |   -129.60    |   -159.95    |   -114.51    |      63      |  ❌ Failure  
     13      |   -2571.99   |   -379.61    |   -517.84    |   -567.32    |   -431.33    |     197      |  ❌ Failure  
     14      |  -14898.73   |   -2581.29   |   -2184.72   |   -2274.80   |   -2927.80   |     1000     | ⏱️  Timeout 
     15      |   -5300.36   |   -937.32    |   -685.22    |   -859.20    |   -486.91    |     353      |  ❌ Failure  
     16      |  -18810.15   |   -2710.50   |   -2883.15   |   -2323.02   |   -3106.62   |     1000     | ⏱️  Timeout 
     17      |  -12089.07   |   -2235.73   |   -1684.69   |   -2448.19   |   -1891.86   |     790      |  ✅ Success  
     18      |  -11869.10   |   -1738.32   |   -1610.24   |   -1688.06   |   -1599.82   |     665      |  ❌ Failure  
     19      |   -3114.57   |   -901.94    |   -732.29    |   -786.07    |   -792.39    |     303      |  ✅ Success  
     20      |   -565.44    |    -5.95     |    -7.34     |    -8.42     |    -9.47     |      7       |  ❌ Failure  
  📊 统计 [Ep 20]: Actor Loss=57.9994, Critic Loss=156.4758, Alpha=0.1359, TD-error=4.8924, Beta=1.0000
     21      |  -14610.11   |   -2401.09   |   -2206.59   |   -1698.89   |   -2532.11   |     1000     | ⏱️  Timeout 
     22      |  -12453.56   |   -2337.68   |   -2416.93   |   -1963.60   |   -2505.34   |     1000     | ⏱️  Timeout 
     23      |  -12041.72   |   -2169.45   |   -2868.91   |   -2157.37   |   -2460.43   |     1000     | ⏱️  Timeout 
     24      |   -9162.67   |   -2060.31   |   -1658.51   |   -1547.13   |   -2301.25   |     1000     | ⏱️  Timeout 
     25      |    531.34    |    -95.86    |    -65.70    |    -58.45    |   -109.09    |      49      |  ✅ Success  
     26      |   -9581.86   |   -1921.65   |   -1806.00   |   -1498.81   |   -2101.71   |     1000     | ⏱️  Timeout 
     27      |   -965.27    |    -73.32    |    -60.74    |    -69.25    |    -51.69    |      43      |  ❌ Failure  
     28      |   -810.55    |    -29.19    |    -28.27    |    -36.69    |    -42.58    |      35      |  ❌ Failure  
     29      |   -768.72    |    -24.64    |    -36.82    |    -25.74    |    -31.44    |      32      |  ❌ Failure  
     30      |   -880.49    |   -379.37    |   -172.81    |   -240.84    |   -245.76    |     192      |  ✅ Success  
  📊 统计 [Ep 30]: Actor Loss=52.2361, Critic Loss=45.7116, Alpha=0.0536, TD-error=2.2963, Beta=1.0000
     31      |   -3729.38   |   -669.91    |   -1325.27   |   -804.20    |   -887.52    |     420      |  ✅ Success  
     32      |    207.15    |   -137.42    |   -146.33    |   -137.87    |   -135.11    |      62      |  ✅ Success  
     33      |    260.12    |   -103.73    |    -70.69    |   -105.18    |    -79.41    |      73      |  ✅ Success  
     34      |   -616.00    |    -11.35    |    -16.76    |    -9.77     |    -8.79     |      13      |  ❌ Failure  
     35      |   -585.91    |    -9.63     |    -5.75     |    -8.30     |    -6.06     |      12      |  ❌ Failure  
     36      |  -10794.80   |   -2255.34   |   -1702.70   |   -1714.58   |   -2984.78   |     1000     | ⏱️  Timeout 
     37      |  -15003.98   |   -1803.31   |   -2252.07   |   -977.72    |   -2236.44   |     1000     | ⏱️  Timeout 
     38      |  -12074.37   |   -1530.21   |   -1259.38   |   -1177.10   |   -2622.12   |     1000     | ⏱️  Timeout 
     39      |  -16251.05   |   -1792.84   |   -1610.88   |   -2730.81   |   -1844.33   |     1000     | ⏱️  Timeout 
     40      |   -8329.23   |   -1223.64   |   -1274.29   |   -1282.80   |   -1318.99   |     769      |  ✅ Success  
  📊 统计 [Ep 40]: Actor Loss=60.9402, Critic Loss=91.5240, Alpha=0.0920, TD-error=3.6419, Beta=1.0000
     41      |   -3785.92   |   -955.25    |   -780.61    |   -839.08    |   -1062.48   |     614      |  ✅ Success  
     42      |   -1574.90   |   -258.54    |   -205.15    |   -317.56    |   -313.65    |     244      |  ✅ Success  
     43      |   -2265.30   |   -277.19    |   -257.09    |   -327.39    |   -305.92    |     209      |  ❌ Failure  
     44      |  -11805.75   |   -1302.54   |   -1129.91   |   -900.91    |   -1170.98   |     1000     | ⏱️  Timeout 
     45      |   -9336.12   |   -881.74    |   -809.22    |   -1195.77   |   -1095.50   |     1000     | ⏱️  Timeout 
     46      |  -12191.48   |   -1339.34   |   -989.33    |   -1301.31   |   -965.40    |     1000     | ⏱️  Timeout 
     47      |  -11892.09   |   -1124.80   |   -1216.60   |   -896.84    |   -878.76    |     1000     | ⏱️  Timeout 
     48      |  -11996.37   |   -1147.60   |   -882.97    |   -870.86    |   -946.32    |     1000     | ⏱️  Timeout 
     49      |  -12344.09   |   -1089.29   |   -736.53    |   -838.82    |   -955.58    |     1000     | ⏱️  Timeout 
     50      |  -11290.38   |   -1231.52   |   -892.41    |   -795.41    |   -822.33    |     1000     | ⏱️  Timeout 
  📊 统计 [Ep 50]: Actor Loss=42.1128, Critic Loss=20.3096, Alpha=0.0407, TD-error=1.6196, Beta=1.0000
     51      |  -12786.14   |   -1124.55   |   -1206.12   |   -1081.44   |   -1270.38   |     1000     | ⏱️  Timeout 
     52      |  -10435.48   |   -900.22    |   -830.56    |   -756.53    |   -691.36    |     1000     | ⏱️  Timeout 
     53      |   -6802.05   |   -484.66    |   -511.97    |   -480.22    |   -647.23    |     1000     | ⏱️  Timeout 
     54      |   -5019.95   |   -385.20    |   -471.04    |   -250.23    |   -383.73    |     597      |  ❌ Failure  
     55      |  -11346.52   |   -3607.79   |   -1039.63   |   -1761.69   |   -1000.97   |     1000     | ⏱️  Timeout 
     56      |   -6190.35   |   -737.99    |   -759.30    |   -689.28    |   -661.67    |     1000     | ⏱️  Timeout 
     57      |    305.56    |    -60.22    |    -78.69    |   -107.25    |    -86.92    |      92      |  ✅ Success  
     58      |   -4562.37   |   -828.33    |   -600.24    |   -472.29    |   -602.81    |     991      |  ✅ Success  
     59      |   -7870.87   |   -1218.89   |   -1937.09   |   -946.13    |   -1130.07   |     1000     | ⏱️  Timeout 
     60      |   -335.32    |   -139.12    |   -167.29    |   -177.53    |   -154.25    |     191      |  ✅ Success  
  📊 统计 [Ep 60]: Actor Loss=34.6279, Critic Loss=16.4870, Alpha=0.0469, TD-error=1.4713, Beta=1.0000
     61      |   -1428.55   |   -120.55    |    -74.81    |    -20.90    |    -62.58    |     116      |  ❌ Failure  
     62      |   -735.01    |    -17.82    |    -16.31    |    -22.46    |    -11.71    |      28      |  ❌ Failure  
     63      |    137.67    |    -90.22    |   -111.94    |   -164.21    |   -143.09    |     102      |  ✅ Success  
     64      |   -1075.66   |   -401.85    |   -370.43    |   -333.51    |   -329.16    |     306      |  ✅ Success  
     65      |   -597.99    |    -5.79     |    -6.25     |    -7.74     |    -8.44     |      13      |  ❌ Failure  
     66      |   -569.11    |    -4.55     |    -5.54     |    -4.65     |    -6.38     |      9       |  ❌ Failure  
     67      |   -811.31    |    -32.73    |    -30.34    |    -18.69    |    -22.98    |      40      |  ❌ Failure  
     68      |   -892.82    |    -27.91    |    -26.91    |    -30.52    |    -33.61    |      44      |  ❌ Failure  
     69      |   -763.28    |    -26.94    |    -21.86    |    -20.05    |    -33.43    |      30      |  ❌ Failure  
     70      |   -1417.91   |   -131.96    |   -136.66    |    -38.50    |   -114.40    |     104      |  ❌ Failure  
  📊 统计 [Ep 70]: Actor Loss=34.0003, Critic Loss=38.3939, Alpha=0.0447, TD-error=2.5676, Beta=1.0000
     71      |   -1890.15   |   -125.39    |   -110.51    |    50.47     |   -136.14    |     241      |  ❌ Failure  
     72      |    425.25    |    -80.41    |    -61.49    |    -49.95    |    -64.40    |      82      |  ✅ Success  
     73      |   -1933.48   |   -172.62    |   -192.86    |    -37.04    |   -118.76    |     196      |  ❌ Failure  
     74      |   -444.52    |   -255.40    |   -180.44    |   -201.39    |   -190.52    |     188      |  ✅ Success  
     75      |    95.07     |   -128.86    |   -126.50    |   -123.40    |   -132.31    |     130      |  ✅ Success  
     76      |    692.13    |    -50.53    |    -43.68    |    -38.92    |    -37.57    |      45      |  ✅ Success  
     77      |    -39.66    |   -116.04    |   -126.89    |   -133.31    |   -144.54    |     171      |  ✅ Success  
     78      |   -3944.00   |   -255.34    |   -278.46    |   -266.06    |   -275.53    |     385      |  ❌ Failure  
     79      |   -662.42    |    -10.64    |    -18.78    |    -8.70     |    -10.91    |      19      |  ❌ Failure  
     80      |    302.11    |    -58.06    |    -62.92    |   -101.28    |    -74.91    |      74      |  ✅ Success  
  📊 统计 [Ep 80]: Actor Loss=35.3037, Critic Loss=141.6382, Alpha=0.0541, TD-error=4.7001, Beta=1.0000
     81      |   -5438.15   |   -745.06    |   -711.20    |   -615.91    |   -603.83    |     1000     | ⏱️  Timeout 
     82      |   -5793.18   |   -296.49    |   -428.70    |   -203.27    |   -483.63    |     1000     | ⏱️  Timeout 
     83      |   -1482.53   |   -125.19    |   -104.80    |    -66.05    |    19.71     |     123      |  ❌ Failure  
     84      |    713.90    |    -38.86    |    -39.46    |    -28.94    |    -41.36    |      42      |  ✅ Success  
     85      |   -9675.43   |   -823.90    |   -872.84    |   -520.20    |   -1052.01   |     1000     | ⏱️  Timeout 
     86      |   -6084.70   |   -774.42    |   -928.80    |   -763.37    |   -862.80    |     1000     | ⏱️  Timeout 
     87      |   -2230.43   |   -188.12    |   -432.73    |   -134.19    |   -493.11    |     359      |  ✅ Success  
     88      |   -542.56    |    -3.51     |    -4.43     |    -3.75     |    -4.34     |      5       |  ❌ Failure  
     89      |   -6522.68   |   -378.59    |   -532.69    |   -222.38    |   -578.39    |     1000     | ⏱️  Timeout 
     90      |   -5409.26   |   -285.31    |   -274.88    |   -158.51    |   -560.28    |     1000     | ⏱️  Timeout 
  📊 统计 [Ep 90]: Actor Loss=32.1485, Critic Loss=97.7405, Alpha=0.0738, TD-error=3.5087, Beta=1.0000
     91      |   -3265.24   |   -340.41    |   -358.40    |   -423.41    |   -596.61    |     827      |  ✅ Success  
     92      |    614.11    |    -52.45    |    -43.43    |    -19.19    |    -50.94    |      72      |  ✅ Success  
     93      |   -752.18    |   -140.74    |   -237.10    |   -111.14    |   -194.31    |     292      |  ✅ Success  
     94      |    628.45    |    -41.73    |    -31.79    |    -30.35    |    -44.65    |      55      |  ✅ Success  
     95      |   -1830.46   |   -221.65    |   -382.55    |    -9.18     |   -287.22    |     638      |  ✅ Success  
     96      |   -5702.25   |   -218.56    |   -320.92    |    -89.82    |   -534.47    |     1000     | ⏱️  Timeout 
     97      |   -874.26    |    -59.18    |    -29.51    |    -13.45    |    -23.38    |      44      |  ❌ Failure  
     98      |   -1737.96   |   -104.46    |   -130.43    |    -51.72    |   -179.02    |     138      |  ❌ Failure  
     99      |   -7484.29   |   -896.28    |   -1664.91   |   -933.81    |   -1055.64   |     1000     | ⏱️  Timeout 
    100      |   -4655.30   |   -141.97    |   -252.43    |    65.78     |   -420.77    |     1000     | ⏱️  Timeout 
  📊 统计 [Ep 100]: Actor Loss=26.7580, Critic Loss=73.2431, Alpha=0.1022, TD-error=3.0534, Beta=1.0000
    101      |   -4218.35   |   -277.15    |   -160.97    |    280.12    |   -728.77    |     1000     | ⏱️  Timeout 
    102      |    753.30    |    -17.96    |    -23.60    |    -32.82    |    -25.46    |      39      |  ✅ Success  
    103      |   -1920.24   |   -255.13    |   -318.13    |    -59.32    |   -291.91    |     584      |  ✅ Success  
    104      |   -3415.47   |   -372.79    |   -513.56    |   -411.90    |   -785.94    |     656      |  ✅ Success  
    105      |    -97.71    |    -71.55    |    -72.31    |   -110.67    |    -27.30    |     173      |  ✅ Success  
    106      |   -2112.32   |    -28.92    |    -67.90    |    11.36     |   -200.37    |     315      |  ❌ Failure  
    107      |   -1561.57   |   -397.52    |   -385.17    |   -555.67    |   -403.59    |     447      |  ✅ Success  
    108      |   -1668.69   |   -163.09    |   -417.11    |   -183.15    |   -325.97    |     412      |  ✅ Success  
    109      |   -111.14    |    -66.92    |    -86.69    |   -117.70    |   -115.21    |     161      |  ✅ Success  
    110      |    315.54    |    -73.81    |    -74.08    |    -87.68    |   -183.24    |      97      |  ✅ Success  
  📊 统计 [Ep 110]: Actor Loss=23.4468, Critic Loss=94.0877, Alpha=0.0805, TD-error=3.4376, Beta=1.0000
    111      |   -397.73    |    -81.85    |   -161.36    |    -27.84    |   -157.24    |     228      |  ✅ Success  
    112      |   -1471.83   |    -61.83    |    -25.32    |    -25.68    |   -103.50    |     152      |  ❌ Failure  
    113      |   -463.95    |    -39.77    |   -100.49    |    -46.33    |   -155.38    |     284      |  ✅ Success  
    114      |   -1170.51   |   -139.03    |    -34.17    |    -96.52    |   -179.47    |     379      |  ✅ Success  
    115      |   -7183.33   |   -966.11    |   -1257.63   |   -875.90    |   -1074.75   |     1000     | ⏱️  Timeout 
    116      |    304.72    |   -117.78    |   -102.63    |   -111.77    |    -95.70    |     118      |  ✅ Success  
    117      |   -471.60    |    -39.22    |   -125.41    |    -97.09    |    -78.29    |     274      |  ✅ Success  
    118      |    411.03    |    -51.06    |    -13.81    |    -42.98    |    -44.26    |      97      |  ✅ Success  
    119      |   -1452.58   |   -154.60    |   -149.26    |    -22.27    |    -41.48    |     405      |  ✅ Success  
    120      |    613.82    |    -34.75    |    -31.10    |    -53.31    |    -42.59    |      58      |  ✅ Success  
  📊 统计 [Ep 120]: Actor Loss=18.0902, Critic Loss=100.8073, Alpha=0.0754, TD-error=4.0366, Beta=1.0000
    121      |    633.92    |    -94.29    |    -55.04    |    -33.28    |    -32.65    |      63      |  ✅ Success  
    122      |    637.72    |    -45.06    |    -85.20    |    -38.18    |    -27.31    |      57      |  ✅ Success  
    123      |    164.71    |   -111.77    |    -84.13    |    -87.96    |    -92.03    |     166      |  ✅ Success  
    124      |    663.88    |    -39.00    |    -27.70    |    -28.07    |    -52.80    |      49      |  ✅ Success  
    125      |   -4109.41   |   -659.76    |   -631.63    |   -537.10    |   -776.85    |     720      |  ✅ Success  
    126      |   -6324.09   |   -950.04    |   -1022.43   |   -731.00    |   -952.02    |     1000     | ⏱️  Timeout 
    127      |    602.11    |    -49.93    |    -32.43    |    -60.09    |    -12.95    |      67      |  ✅ Success  
    128      |    687.40    |    -47.68    |    -37.73    |    -87.71    |    -21.29    |      47      |  ✅ Success  
    129      |    474.11    |    -83.12    |   -122.76    |    -62.53    |    -68.28    |     100      |  ✅ Success  
    130      |    190.83    |    -67.95    |    -35.21    |    -98.87    |    -42.31    |     127      |  ✅ Success  
  📊 统计 [Ep 130]: Actor Loss=14.9453, Critic Loss=113.1481, Alpha=0.0957, TD-error=4.3504, Beta=1.0000
    131      |   -2152.51   |   -527.84    |   -506.23    |   -428.02    |   -554.07    |     587      |  ✅ Success  
    132      |   -391.43    |   -201.50    |   -204.70    |   -147.94    |   -214.96    |     291      |  ✅ Success  
    133      |    510.29    |    -70.90    |    -55.22    |    -50.21    |    -76.79    |      85      |  ✅ Success  
    134      |   -674.56    |    -43.41    |    -23.10    |    -53.10    |   -163.23    |     281      |  ✅ Success  
    135      |    702.76    |    -39.13    |    -50.19    |    -33.62    |    -18.65    |      49      |  ✅ Success  
    136      |    756.07    |    -31.03    |    -26.69    |    -40.44    |    -20.70    |      45      |  ✅ Success  
    137      |    545.67    |    -24.71    |    -56.12    |    -79.91    |    -42.68    |      74      |  ✅ Success  
    138      |    567.85    |   -103.64    |    -34.85    |    -48.28    |    -36.18    |      60      |  ✅ Success  
    139      |    835.52    |    -49.87    |    -14.37    |    -13.40    |    -21.79    |      24      |  ✅ Success  
    140      |    711.79    |    -44.53    |    -34.23    |    -44.36    |    -36.86    |      51      |  ✅ Success  
  📊 统计 [Ep 140]: Actor Loss=16.4820, Critic Loss=90.8396, Alpha=0.0946, TD-error=3.7387, Beta=1.0000
    141      |   -683.11    |    -28.12    |    -11.39    |    -14.28    |    -13.58    |      19      |  ❌ Failure  
    142      |   -1416.32   |   -308.97    |   -259.10    |   -257.04    |   -544.07    |     371      |  ✅ Success  
    143      |   -161.08    |   -174.58    |   -156.08    |   -152.21    |   -175.74    |     191      |  ✅ Success  
    144      |   -1175.60   |    -39.51    |    -36.67    |    -26.00    |    -64.63    |     111      |  ❌ Failure  
    145      |   -636.55    |    -9.93     |    -6.28     |    -12.53    |    -9.55     |      17      |  ❌ Failure  
    146      |   -857.72    |    -20.01    |    -35.99    |    -26.43    |    -24.90    |      44      |  ❌ Failure  
    147      |    414.13    |    -56.64    |   -101.46    |    -59.33    |    -78.98    |     111      |  ✅ Success  
    148      |   -1016.45   |    -18.48    |    -89.08    |    -42.96    |    -37.21    |      58      |  ❌ Failure  
    149      |   -1477.42   |    -43.50    |    -55.00    |   -101.56    |    -50.89    |     126      |  ❌ Failure  
    150      |   -793.17    |    -18.54    |    -33.73    |    -26.97    |    -16.50    |      35      |  ❌ Failure  
  📊 统计 [Ep 150]: Actor Loss=13.8297, Critic Loss=171.8345, Alpha=0.1152, TD-error=6.2011, Beta=1.0000
    151      |   -204.95    |    -83.96    |   -170.56    |   -102.40    |    -30.32    |     165      |  ✅ Success  
    152      |   -999.70    |    -70.05    |    -60.60    |    -25.45    |    -42.79    |      56      |  ❌ Failure  
    153      |   -106.99    |   -148.02    |   -130.32    |   -135.89    |   -138.71    |     169      |  ✅ Success  
    154      |    136.50    |    -79.00    |   -127.88    |    -65.61    |    -79.25    |     140      |  ✅ Success  
    155      |   -164.60    |    -79.00    |    -97.01    |    -55.57    |    -55.08    |     192      |  ✅ Success  
    156      |   -408.28    |    -16.69    |    -28.99    |    30.99     |    -66.76    |     300      |  ✅ Success  
    157      |    591.12    |    -61.56    |    -40.12    |    -48.70    |    -50.54    |      73      |  ✅ Success  
    158      |    178.27    |    -64.73    |    -46.77    |    -19.22    |    -24.70    |     164      |  ✅ Success  
    159      |   -417.84    |   -129.39    |   -158.03    |    -58.59    |    -55.11    |     209      |  ✅ Success  
    160      |    10.98     |    -1.35     |    -52.32    |    -53.93    |    -76.70    |     187      |  ✅ Success  
  📊 统计 [Ep 160]: Actor Loss=17.0132, Critic Loss=189.4259, Alpha=0.1362, TD-error=6.5173, Beta=1.0000
    161      |    -50.36    |   -296.62    |   -139.51    |    -64.69    |    -50.66    |     126      |  ✅ Success  
    162      |    691.98    |    -27.63    |    -30.49    |    -30.09    |    -26.75    |      43      |  ✅ Success  
    163      |    76.52     |    -47.77    |    -60.47    |    -12.95    |    -26.44    |     190      |  ✅ Success  
    164      |   -710.24    |    -33.13    |    -20.76    |    -21.49    |    -16.10    |      24      |  ❌ Failure  
    165      |    786.08    |    -21.34    |    -20.08    |    -20.21    |    -10.55    |      32      |  ✅ Success  
    166      |    325.54    |    -48.93    |    -48.61    |    -42.48    |    -53.11    |      93      |  ✅ Success  
    167      |    822.25    |    -20.06    |    -16.10    |    -23.83    |    -16.51    |      28      |  ✅ Success  
    168      |    696.23    |    -32.06    |    -40.82    |    -44.80    |    -29.10    |      42      |  ✅ Success  
    169      |    704.94    |    -41.06    |    -26.59    |    -33.71    |    -9.44     |      41      |  ✅ Success  
    170      |    701.73    |    -31.91    |    -23.78    |    -31.14    |    -26.28    |      40      |  ✅ Success  
  📊 统计 [Ep 170]: Actor Loss=17.0986, Critic Loss=247.5817, Alpha=0.1411, TD-error=8.0155, Beta=1.0000
    171      |   -1276.96   |    -33.31    |    -36.86    |    -17.97    |    -22.89    |     135      |  ❌ Failure  
    172      |    747.44    |    -22.79    |    -20.22    |    -55.35    |    -12.69    |      41      |  ✅ Success  
    173      |   -849.15    |    -20.62    |    -32.17    |    -16.79    |    -17.82    |      53      |  ❌ Failure  
    174      |    372.06    |    -33.33    |    -53.56    |    -41.45    |    -52.67    |      88      |  ✅ Success  
    175      |    526.33    |    -45.51    |    -35.10    |    -41.36    |    -33.20    |      74      |  ✅ Success  
    176      |   -794.40    |    -28.55    |    -27.41    |    -27.65    |    -12.44    |      36      |  ❌ Failure  
    177      |    135.91    |    -97.69    |    -99.30    |   -121.67    |   -205.44    |     120      |  ✅ Success  
    178      |   -802.55    |    -14.50    |    -25.03    |    -5.46     |    -25.45    |      46      |  ❌ Failure  
    179      |    721.43    |    -28.48    |    -29.79    |    -29.15    |    -29.98    |      49      |  ✅ Success  
    180      |    -99.68    |   -116.09    |   -125.44    |    -78.73    |   -126.76    |     204      |  ✅ Success  
  📊 统计 [Ep 180]: Actor Loss=16.8105, Critic Loss=253.3059, Alpha=0.1494, TD-error=8.2588, Beta=1.0000
    181      |   -174.41    |   -112.49    |    -67.00    |    -86.68    |    -83.01    |     153      |  ✅ Success  
    182      |    364.87    |    -37.91    |    -43.27    |    -90.05    |    -32.00    |      95      |  ✅ Success  
    183      |    678.32    |    -33.74    |    -28.50    |    -29.91    |    -29.79    |      48      |  ✅ Success  
    184      |    622.93    |    -45.62    |    -33.75    |    -46.59    |    -32.72    |      48      |  ✅ Success  
    185      |    426.63    |    -50.51    |    -41.26    |    -51.00    |    -77.78    |      68      |  ✅ Success  
    186      |   -1218.22   |   -207.19    |   -159.59    |   -172.18    |   -169.10    |     356      |  ✅ Success  
    187      |    486.66    |    -65.87    |    -55.58    |    -58.23    |    -47.65    |      57      |  ✅ Success  
    188      |    165.62    |   -123.96    |   -132.33    |   -122.04    |   -115.71    |     141      |  ✅ Success  
    189      |   -520.38    |   -133.75    |   -195.77    |   -122.32    |   -176.49    |     245      |  ✅ Success  
    190      |    703.92    |    -33.45    |    -43.42    |    -28.96    |    -26.90    |      48      |  ✅ Success  
  📊 统计 [Ep 190]: Actor Loss=17.9720, Critic Loss=244.4915, Alpha=0.1630, TD-error=8.4347, Beta=1.0000
    191      |    539.95    |    -41.87    |    -37.79    |    -46.88    |    -51.30    |      51      |  ✅ Success  
    192      |    117.20    |    -46.68    |    -42.82    |    -23.14    |   -268.40    |     119      |  ✅ Success  
    193      |    339.94    |    -95.29    |    -88.20    |    -81.92    |   -100.28    |     113      |  ✅ Success  
    194      |    258.87    |   -102.38    |    -89.02    |    -98.13    |    -59.30    |     113      |  ✅ Success  
    195      |    745.64    |    -22.43    |    -20.93    |    -23.97    |    -16.83    |      37      |  ✅ Success  
    196      |    765.82    |    -21.32    |    -20.78    |    -36.65    |    -16.07    |      35      |  ✅ Success  
    197      |   -1030.21   |   -280.37    |   -189.56    |   -127.42    |   -236.63    |     407      |  ✅ Success  
    198      |   -616.66    |   -274.36    |   -233.78    |   -241.85    |   -268.30    |     321      |  ✅ Success  
    199      |    527.44    |    -71.54    |    -50.44    |    -58.45    |    -63.14    |      77      |  ✅ Success  
    200      |    282.61    |    -99.70    |    -71.11    |    -88.78    |    -69.95    |      97      |  ✅ Success  
  📊 统计 [Ep 200]: Actor Loss=18.4834, Critic Loss=259.3815, Alpha=0.1759, TD-error=8.3598, Beta=1.0000
    201      |    321.04    |    -81.03    |    -78.79    |   -130.30    |    -76.48    |     100      |  ✅ Success  
    202      |    747.41    |    -24.42    |    -36.15    |    -34.88    |    -26.17    |      37      |  ✅ Success  
    203      |    430.81    |    -52.10    |    -54.20    |   -102.69    |    -33.43    |      70      |  ✅ Success  
    204      |    472.75    |    -33.79    |    -45.83    |    -68.80    |    -39.16    |      74      |  ✅ Success  
    205      |    768.15    |    -21.11    |    -33.89    |    -17.01    |    -24.44    |      36      |  ✅ Success  
    206      |    718.17    |    -28.98    |    -20.88    |    -22.68    |    -19.14    |      45      |  ✅ Success  
    207      |    422.51    |   -119.38    |    -48.87    |    -60.54    |    -54.33    |      91      |  ✅ Success  
    208      |    758.02    |    -17.56    |    -61.66    |    -23.69    |    -20.18    |      36      |  ✅ Success  
    209      |    408.95    |    -62.61    |    -93.87    |    -49.76    |   -108.40    |      84      |  ✅ Success  
    210      |    746.04    |    -21.99    |    -43.64    |    -29.62    |    -18.40    |      33      |  ✅ Success  
  📊 统计 [Ep 210]: Actor Loss=17.3510, Critic Loss=272.3077, Alpha=0.1816, TD-error=9.0958, Beta=1.0000
    211      |    392.10    |    -52.45    |    -42.89    |    -55.46    |    -44.86    |      79      |  ✅ Success  
    212      |    555.65    |    -47.14    |    -56.86    |    -77.18    |    -68.66    |      90      |  ✅ Success  
    213      |    531.99    |    -34.74    |    -57.82    |    -39.47    |   -146.16    |      59      |  ✅ Success  
    214      |    340.30    |    -74.99    |    -86.70    |    -69.84    |    -67.16    |     112      |  ✅ Success  
    215      |    689.87    |    -29.28    |    -27.17    |    -62.06    |    -21.91    |      44      |  ✅ Success  
    216      |    574.10    |    -41.19    |    -41.26    |    -50.18    |    -37.36    |      50      |  ✅ Success  
    217      |    653.71    |    -38.57    |    -23.52    |    -50.37    |    -20.37    |      52      |  ✅ Success  
    218      |    534.17    |    -67.46    |    -34.02    |    -42.60    |    -32.84    |      61      |  ✅ Success  
    219      |    482.42    |    -42.91    |    -48.59    |    -54.55    |    -36.29    |      61      |  ✅ Success  
    220      |    428.97    |    -68.78    |    -73.41    |    -91.15    |    -79.07    |     102      |  ✅ Success  
  📊 统计 [Ep 220]: Actor Loss=15.6793, Critic Loss=261.7281, Alpha=0.1857, TD-error=8.5318, Beta=1.0000
    221      |    516.16    |    -35.57    |    -29.84    |   -132.97    |    -37.76    |      57      |  ✅ Success  
    222      |    595.54    |    -29.46    |    -36.00    |    -26.38    |    -56.76    |      47      |  ✅ Success  
    223      |    614.63    |    -32.40    |    -32.65    |    -29.88    |    -45.29    |      56      |  ✅ Success  
    224      |    -1.37     |   -125.37    |   -122.65    |   -110.54    |   -162.71    |     163      |  ✅ Success  
    225      |    655.68    |    -30.10    |    -22.50    |    -34.79    |    -25.13    |      53      |  ✅ Success  
    226      |    755.88    |    -19.67    |    -17.38    |    -37.00    |    -15.65    |      35      |  ✅ Success  
    227      |    659.09    |    -37.24    |    -42.27    |    -48.09    |    -25.87    |      58      |  ✅ Success  
    228      |   -143.56    |   -133.65    |   -140.44    |   -117.72    |   -170.95    |     216      |  ✅ Success  
    229      |    555.09    |   -109.72    |    -65.19    |    -47.90    |    -27.60    |      52      |  ✅ Success  
    230      |    557.37    |    -34.09    |    -34.66    |    -51.01    |    -35.88    |      54      |  ✅ Success  
  📊 统计 [Ep 230]: Actor Loss=13.6832, Critic Loss=318.4424, Alpha=0.1718, TD-error=9.6760, Beta=1.0000
    231      |   -654.04    |   -122.72    |   -154.07    |   -145.60    |   -244.98    |     258      |  ✅ Success  
    232      |    369.45    |    -20.36    |    -35.49    |    -49.13    |    -47.04    |      99      |  ✅ Success  
    233      |    510.73    |    -26.94    |    -62.86    |    -32.43    |    -28.10    |      74      |  ✅ Success  
    234      |   -653.60    |   -201.95    |   -185.57    |   -295.74    |   -367.72    |     250      |  ✅ Success  
    235      |    614.93    |    -5.76     |    -44.47    |    -19.18    |    -17.70    |      79      |  ✅ Success  
    236      |    671.30    |    -22.98    |    -32.10    |    -85.72    |    -33.34    |      41      |  ✅ Success  
    237      |    629.86    |    -47.06    |    -28.92    |    -26.16    |    -57.81    |      50      |  ✅ Success  
    238      |    734.74    |    -16.22    |    -19.74    |    -80.02    |    -20.94    |      38      |  ✅ Success  
    239      |    628.11    |    -33.44    |    -37.46    |    -40.48    |    -17.20    |      59      |  ✅ Success  
    240      |    639.22    |    -28.51    |    -26.82    |    -49.27    |    -30.33    |      45      |  ✅ Success  
  📊 统计 [Ep 240]: Actor Loss=10.3270, Critic Loss=317.2246, Alpha=0.1696, TD-error=10.2346, Beta=1.0000
    241      |    165.28    |    -78.20    |    -65.77    |    -58.11    |    -41.79    |     121      |  ✅ Success  
    242      |    485.63    |    -43.24    |    -39.01    |    -35.40    |    -95.37    |      69      |  ✅ Success  
    243      |    296.20    |    -95.21    |   -113.69    |    -90.33    |    -96.29    |     104      |  ✅ Success  
    244      |    135.44    |    -90.39    |   -109.69    |   -135.64    |    -84.24    |     103      |  ✅ Success  
    245      |    325.95    |   -105.16    |   -180.87    |    -55.12    |    -44.80    |      65      |  ✅ Success  
    246      |    614.53    |    -38.51    |    -28.56    |    -36.10    |    -53.55    |      49      |  ✅ Success  
    247      |    608.18    |    -46.39    |    -33.26    |    -36.22    |    -69.54    |      52      |  ✅ Success  
    248      |    503.33    |    -67.72    |    -46.21    |    -54.21    |    -54.68    |      82      |  ✅ Success  
    249      |   -105.46    |   -153.93    |   -162.40    |   -152.34    |   -181.61    |     191      |  ✅ Success  
    250      |    670.69    |    -21.73    |    -47.26    |    -32.18    |    -81.99    |      43      |  ✅ Success  
  📊 统计 [Ep 250]: Actor Loss=8.7468, Critic Loss=368.0056, Alpha=0.1847, TD-error=9.8991, Beta=1.0000
    251      |   -404.78    |   -178.16    |   -182.98    |   -286.29    |   -301.60    |     189      |  ✅ Success  
    252      |   -383.72    |   -168.77    |   -187.70    |   -195.00    |   -163.77    |     224      |  ✅ Success  
    253      |    528.55    |    -53.91    |    -41.40    |    -58.31    |    -49.93    |      77      |  ✅ Success  
    254      |    62.43     |   -122.79    |   -121.06    |   -143.25    |   -127.53    |     156      |  ✅ Success  
    255      |     7.27     |    -91.26    |   -104.95    |    -92.07    |   -160.54    |      90      |  ✅ Success  
    256      |   -289.15    |    -74.85    |    -75.68    |   -121.03    |   -135.38    |     150      |  ✅ Success  
    257      |    416.85    |    -66.13    |    -60.06    |   -110.28    |    -54.80    |      69      |  ✅ Success  
    258      |    461.23    |    -43.36    |    -40.67    |    -53.40    |    -44.10    |      58      |  ✅ Success  
    259      |    676.26    |    -30.11    |    -24.95    |    -31.40    |    -57.08    |      43      |  ✅ Success  
    260      |   -109.37    |   -100.16    |   -212.41    |   -112.52    |   -124.02    |     145      |  ✅ Success  
  📊 统计 [Ep 260]: Actor Loss=11.0399, Critic Loss=337.0281, Alpha=0.1962, TD-error=9.7419, Beta=1.0000
    261      |    577.34    |    -38.63    |    -32.91    |    -43.11    |    -33.38    |      56      |  ✅ Success  
    262      |    711.37    |    -30.95    |    -36.53    |    -29.91    |    -19.45    |      43      |  ✅ Success  
    263      |    412.65    |    -10.98    |    -22.19    |    -38.53    |    -46.89    |      90      |  ✅ Success  
    264      |    364.83    |    -86.10    |   -261.47    |    -52.87    |    -59.75    |      81      |  ✅ Success  
    265      |    267.48    |    -54.12    |    -93.44    |   -115.47    |    -49.07    |      69      |  ✅ Success  
    266      |    -79.79    |   -175.12    |   -117.86    |   -163.11    |   -116.63    |     170      |  ✅ Success  
    267      |    585.61    |    -20.61    |   -113.43    |    -26.87    |    -86.31    |      50      |  ✅ Success  
    268      |    265.56    |    -81.43    |   -113.38    |    -89.22    |    -99.34    |      88      |  ✅ Success  
    269      |   -732.13    |   -201.65    |   -343.33    |   -305.13    |   -222.34    |     250      |  ✅ Success  
    270      |   -145.06    |    -75.48    |   -123.09    |    -87.34    |   -112.91    |     121      |  ✅ Success  
  📊 统计 [Ep 270]: Actor Loss=9.9093, Critic Loss=332.4646, Alpha=0.1982, TD-error=9.2749, Beta=1.0000
    271      |    143.30    |    -64.05    |    -80.16    |    -74.79    |    -94.97    |     105      |  ✅ Success  
    272      |    451.13    |    -57.25    |    -43.86    |    -56.07    |    -35.37    |      76      |  ✅ Success  
    273      |   -149.43    |    -94.82    |    -99.92    |    -88.11    |    -91.95    |     116      |  ✅ Success  
    274      |    512.78    |    -44.78    |    -35.59    |    -94.57    |    -61.54    |      65      |  ✅ Success  
    275      |   -581.60    |    -12.63    |    -6.47     |    -6.43     |    -6.02     |      9       |  ❌ Failure  
    276      |   -280.92    |    -92.54    |   -108.11    |   -179.77    |   -114.53    |     126      |  ✅ Success  
    277      |   -781.37    |   -135.93    |   -155.55    |   -179.13    |   -211.22    |     151      |  ✅ Success  
    278      |     3.16     |    -72.17    |    -65.00    |    -71.62    |    -95.29    |      99      |  ✅ Success  
    279      |    323.34    |    -57.96    |    -54.90    |    -85.80    |    -50.44    |      83      |  ✅ Success  
    280      |    10.62     |    -73.38    |    -74.43    |    -71.69    |    -96.17    |     115      |  ✅ Success  
  📊 统计 [Ep 280]: Actor Loss=8.2478, Critic Loss=366.9532, Alpha=0.2189, TD-error=10.1109, Beta=1.0000
    281      |    224.35    |   -172.02    |    -54.25    |    -85.18    |    -56.07    |      85      |  ✅ Success  
    282      |    373.56    |    -50.99    |    -56.90    |    -58.94    |    -64.35    |      70      |  ✅ Success  
    283      |    -53.37    |   -111.78    |    -94.07    |    -84.40    |   -174.70    |      91      |  ✅ Success  
    284      |    430.03    |    -80.00    |    -46.55    |    -43.19    |    -60.88    |      75      |  ✅ Success  
    285      |    688.83    |    -22.57    |    -87.66    |    -29.71    |    -28.91    |      46      |  ✅ Success  
    286      |   -1380.15   |   -160.51    |   -296.72    |   -145.96    |   -147.72    |     205      |  ✅ Success  
    287      |    675.93    |    -37.49    |    -32.97    |    -20.50    |    -21.50    |      48      |  ✅ Success  
    288      |   -843.05    |   -142.29    |   -141.80    |   -217.15    |   -138.33    |     182      |  ✅ Success  
    289      |    370.31    |   -151.71    |    -54.23    |    -74.83    |    -55.36    |      94      |  ✅ Success  
    290      |   -284.02    |   -113.83    |    -98.17    |    -83.98    |   -124.80    |     144      |  ✅ Success  
  📊 统计 [Ep 290]: Actor Loss=10.0183, Critic Loss=330.0925, Alpha=0.2172, TD-error=9.7392, Beta=1.0000
    291      |   -664.08    |   -147.36    |   -274.69    |   -152.20    |   -168.58    |     184      |  ✅ Success  
    292      |   -771.44    |    -18.67    |    -27.72    |    -15.46    |    -19.10    |      30      |  ❌ Failure  
    293      |    609.62    |    -40.46    |   -136.85    |    -34.29    |    -36.28    |      55      |  ✅ Success  
    294      |    -64.69    |    -50.57    |    -94.55    |    -79.85    |    -75.82    |     131      |  ✅ Success  
    295      |    504.56    |    -43.72    |    -40.06    |    -44.40    |    -35.67    |      71      |  ✅ Success  
    296      |    684.38    |    -31.49    |    -26.97    |    -26.75    |    -25.89    |      54      |  ✅ Success  
    297      |    362.68    |    -79.51    |    -51.21    |    -53.35    |    -62.08    |     109      |  ✅ Success  
    298      |    644.90    |    -33.53    |    -26.97    |    -44.97    |    -24.00    |      50      |  ✅ Success  
    299      |   -1150.12   |    -52.01    |    -45.39    |    -40.03    |    -64.17    |      55      |  ❌ Failure  
    300      |    673.21    |    -92.29    |    -43.10    |    -22.48    |    -33.53    |      46      |  ✅ Success  
  📊 统计 [Ep 300]: Actor Loss=11.8032, Critic Loss=324.2349, Alpha=0.2256, TD-error=9.8431, Beta=1.0000
    301      |    536.79    |    -28.79    |    -32.14    |    -38.27    |    -38.64    |      67      |  ✅ Success  
    302      |    633.44    |    -35.52    |    -38.65    |    -76.17    |    -36.22    |      48      |  ✅ Success  
    303      |   -728.51    |    -23.06    |    -19.98    |    -16.21    |    -18.34    |      28      |  ❌ Failure  
    304      |    25.41     |    -76.92    |    -69.42    |    -76.99    |    -84.68    |      92      |  ✅ Success  
    305      |    807.99    |    -21.73    |    -24.44    |    -22.78    |    -26.17    |      33      |  ✅ Success  
    306      |    625.75    |    -32.56    |    -58.72    |    -31.89    |    -33.27    |      51      |  ✅ Success  
    307      |   -541.57    |    -3.25     |    -3.31     |    -3.65     |    -5.08     |      5       |  ❌ Failure  
    308      |    518.69    |    -62.37    |    -40.17    |    -51.72    |    -48.34    |      60      |  ✅ Success  
    309      |   -2020.58   |   -281.27    |   -275.38    |   -223.77    |   -298.75    |     266      |  ✅ Success  
    310      |    536.62    |    -38.91    |    -88.73    |    -48.09    |    -33.38    |      58      |  ✅ Success  
  📊 统计 [Ep 310]: Actor Loss=12.7459, Critic Loss=327.4699, Alpha=0.2338, TD-error=9.7086, Beta=1.0000
    311      |    356.60    |    -44.11    |   -157.63    |    -53.77    |    -59.86    |      77      |  ✅ Success  
    312      |    692.32    |    -38.57    |    -30.62    |    -26.87    |    -20.76    |      53      |  ✅ Success  
    313      |    414.25    |    -48.45    |    -69.42    |    -50.78    |    -40.40    |      71      |  ✅ Success  
    314      |    398.39    |    -53.32    |    -52.57    |    -68.47    |    -47.40    |      63      |  ✅ Success  
    315      |    537.50    |    -40.24    |    -35.00    |    -41.98    |    -56.42    |      65      |  ✅ Success  
    316      |    580.47    |    -47.78    |    -29.70    |    -44.95    |    -42.66    |      64      |  ✅ Success  
    317      |    607.64    |    -34.27    |    -29.03    |    -34.92    |    -34.21    |      57      |  ✅ Success  
    318      |    379.53    |    -79.96    |    -69.60    |    -75.12    |    -70.94    |      90      |  ✅ Success  
    319      |    556.35    |    -45.20    |    -51.73    |    -44.46    |    -38.02    |      58      |  ✅ Success  
    320      |    49.46     |    -77.98    |    -69.33    |    -83.03    |    -80.51    |      94      |  ✅ Success  
  📊 统计 [Ep 320]: Actor Loss=10.9443, Critic Loss=375.3852, Alpha=0.2440, TD-error=10.2927, Beta=1.0000
    321      |    -9.50     |    -85.59    |    -65.07    |    -87.32    |    -96.46    |     101      |  ✅ Success  
    322      |    361.79    |    -99.13    |    -79.04    |    -60.71    |    -80.26    |     133      |  ✅ Success  
    323      |   -953.96    |   -215.47    |   -197.18    |   -276.08    |   -189.50    |     218      |  ✅ Success  
    324      |    132.82    |   -100.02    |    -81.77    |    -62.78    |    -64.15    |     102      |  ✅ Success  
    325      |    371.54    |    -33.56    |    -51.62    |    -55.62    |    -67.14    |      90      |  ✅ Success  
    326      |   -773.62    |   -184.26    |   -264.13    |   -144.75    |   -150.29    |     162      |  ✅ Success  
    327      |    441.27    |    -51.30    |    -42.26    |    -42.65    |    -43.89    |      66      |  ✅ Success  
    328      |   -238.20    |    -72.15    |   -109.55    |   -100.66    |   -120.01    |     144      |  ✅ Success  
    329      |   -559.31    |    -6.34     |    -3.27     |    -4.46     |    -6.27     |      8       |  ❌ Failure  
    330      |   -814.69    |    -13.16    |    -26.42    |    -17.44    |    -33.74    |      42      |  ❌ Failure  
  📊 统计 [Ep 330]: Actor Loss=8.7149, Critic Loss=389.4921, Alpha=0.2542, TD-error=10.8155, Beta=1.0000
    331      |    578.21    |    -38.01    |    -38.65    |    -39.76    |    -33.46    |      63      |  ✅ Success  
    332      |   -156.16    |   -105.86    |   -165.45    |   -126.91    |    -93.00    |     131      |  ✅ Success  
    333      |    556.68    |    -64.09    |    -58.58    |    -47.26    |    -69.65    |     112      |  ✅ Success  
    334      |   -320.02    |   -101.64    |   -111.45    |    -82.85    |   -190.73    |     134      |  ✅ Success  
    335      |    354.17    |    -72.10    |   -140.96    |    -69.66    |   -146.39    |      87      |  ✅ Success  
    336      |    389.13    |    -48.11    |    -48.69    |    -60.23    |    -88.62    |      90      |  ✅ Success  
    337      |   -1161.62   |    -43.74    |    -59.24    |    -19.71    |    -44.52    |      82      |  ❌ Failure  
    338      |    628.70    |    -38.66    |    -31.80    |    -37.99    |    -28.13    |      61      |  ✅ Success  
    339      |   -1774.64   |   -283.47    |   -349.68    |   -259.35    |   -314.36    |     230      |  ✅ Success  
    340      |   -4198.02   |   -448.90    |   -532.12    |   -509.16    |   -453.05    |     467      |  ✅ Success  
  📊 统计 [Ep 340]: Actor Loss=8.8595, Critic Loss=421.9536, Alpha=0.2932, TD-error=11.2316, Beta=1.0000
    341      |    633.09    |    -32.93    |    -27.79    |    -30.82    |    -30.67    |      52      |  ✅ Success  
    342      |    736.88    |    -30.23    |    -32.94    |    -41.91    |    -12.75    |      38      |  ✅ Success  
    343      |    311.62    |    -63.95    |    -49.44    |    -90.09    |    -50.40    |      92      |  ✅ Success  
    344      |   -1162.94   |   -191.51    |   -266.22    |   -164.75    |   -238.72    |     173      |  ✅ Success  
    345      |    300.96    |    -73.86    |    -48.61    |    -60.42    |    -81.23    |      83      |  ✅ Success  
    346      |   -429.55    |   -138.04    |   -169.64    |   -117.40    |   -131.99    |     147      |  ✅ Success  
    347      |   -657.30    |   -319.10    |   -160.03    |   -174.94    |   -156.83    |     166      |  ✅ Success  
    348      |   -2628.37   |   -427.27    |   -400.57    |   -617.22    |   -360.00    |     273      |  ✅ Success  
    349      |   -311.79    |   -127.24    |   -142.40    |   -195.44    |   -115.32    |     180      |  ✅ Success  
    350      |    325.91    |   -110.48    |    -60.89    |    -44.65    |    -57.87    |      74      |  ✅ Success  
  📊 统计 [Ep 350]: Actor Loss=10.0469, Critic Loss=351.8067, Alpha=0.2755, TD-error=9.7718, Beta=1.0000
    351      |   -861.20    |   -210.77    |   -201.86    |   -125.93    |   -165.84    |     205      |  ✅ Success  
    352      |    348.92    |    -58.73    |    -41.89    |    -82.78    |   -118.15    |      71      |  ✅ Success  
    353      |    586.25    |    -35.35    |    -31.05    |    -64.48    |    -27.10    |      60      |  ✅ Success  
    354      |   -781.89    |   -131.50    |   -265.83    |   -102.66    |   -274.05    |     180      |  ✅ Success  
    355      |   -336.57    |   -127.13    |   -164.28    |   -143.00    |   -149.93    |     145      |  ✅ Success  
    356      |    598.39    |    -60.58    |    -30.54    |    -32.26    |    -39.60    |      56      |  ✅ Success  
    357      |    384.37    |    -85.36    |   -114.78    |    -52.79    |    -62.35    |     106      |  ✅ Success  
    358      |    161.92    |   -118.23    |    -96.87    |    -93.10    |    -50.14    |     131      |  ✅ Success  
    359      |    568.97    |    -73.89    |    -32.07    |    -42.43    |    -50.40    |      70      |  ✅ Success  
    360      |    145.93    |    -63.25    |    -78.18    |    -82.30    |    -59.85    |      92      |  ✅ Success  
  📊 统计 [Ep 360]: Actor Loss=11.2331, Critic Loss=372.3908, Alpha=0.2556, TD-error=9.6815, Beta=1.0000
    361      |    643.13    |    -37.57    |    -86.84    |    -26.68    |    -31.87    |      53      |  ✅ Success  
    362      |    456.98    |    -41.13    |    -33.25    |    -52.44    |    -87.49    |      72      |  ✅ Success  
    363      |    468.12    |    -90.17    |    -61.62    |   -144.90    |    -17.49    |      67      |  ✅ Success  
    364      |    607.54    |    -63.62    |    -35.58    |    -66.86    |    -30.75    |      54      |  ✅ Success  
    365      |    405.85    |    -60.44    |    -56.12    |    -56.50    |    -48.42    |      71      |  ✅ Success  
    366      |   -1691.12   |   -623.05    |   -349.85    |   -301.64    |   -307.58    |     295      |  ✅ Success  
    367      |    15.19     |    -73.41    |    -59.81    |   -107.36    |    -77.63    |     100      |  ✅ Success  
    368      |    738.46    |    -33.06    |    -19.30    |    -70.70    |    -29.68    |      39      |  ✅ Success  
    369      |    580.59    |    -51.12    |    -41.84    |    -40.60    |    -42.83    |      79      |  ✅ Success  
    370      |    479.69    |    -39.60    |   -155.42    |    -36.94    |    -41.53    |      61      |  ✅ Success  
  📊 统计 [Ep 370]: Actor Loss=10.5491, Critic Loss=395.0660, Alpha=0.2528, TD-error=9.7062, Beta=1.0000
    371      |   -348.93    |   -189.92    |   -109.45    |   -118.78    |   -107.54    |     127      |  ✅ Success  
    372      |   -485.82    |   -111.82    |   -166.56    |   -122.16    |   -164.96    |     140      |  ✅ Success  
    373      |    328.02    |    -56.29    |   -100.39    |    -64.05    |    -52.90    |      72      |  ✅ Success  
    374      |    533.16    |   -105.06    |    -40.15    |    -37.21    |    -49.01    |      78      |  ✅ Success  
    375      |    786.52    |    -24.04    |    -4.69     |    -41.73    |    -21.74    |      39      |  ✅ Success  
    376      |    480.12    |    -41.24    |    -44.14    |    -44.65    |    -43.83    |      68      |  ✅ Success  
    377      |    -43.94    |   -145.56    |    -71.94    |    -67.17    |    -94.98    |     109      |  ✅ Success  
    378      |    469.52    |    -66.81    |    -62.81    |    -43.74    |    -50.83    |      83      |  ✅ Success  
    379      |   -1455.23   |   -242.04    |   -201.72    |   -163.16    |   -176.39    |     230      |  ✅ Success  
    380      |    373.33    |    -51.44    |    -59.47    |    -52.16    |    -48.74    |      77      |  ✅ Success  
  📊 统计 [Ep 380]: Actor Loss=8.6796, Critic Loss=400.0476, Alpha=0.2549, TD-error=10.3715, Beta=1.0000
    381      |    -77.21    |   -102.70    |   -116.72    |   -326.41    |    -97.06    |     119      |  ✅ Success  
    382      |    -18.13    |   -101.71    |    -92.96    |    -69.99    |   -100.35    |     101      |  ✅ Success  
    383      |    584.70    |    -36.66    |    -30.26    |    -45.86    |    -38.81    |      58      |  ✅ Success  
    384      |    723.42    |    -15.77    |    -19.43    |    -11.77    |    -23.01    |      50      |  ✅ Success  
    385      |    468.51    |    -46.92    |    -43.19    |    -51.30    |    -45.04    |      75      |  ✅ Success  
    386      |    579.68    |    -63.73    |    -30.73    |    -27.56    |    -30.80    |      54      |  ✅ Success  
    387      |    734.04    |    -27.47    |    -27.62    |    -19.35    |    -19.73    |      39      |  ✅ Success  
    388      |   -544.55    |    -3.30     |    -4.50     |    -3.95     |    -3.67     |      6       |  ❌ Failure  
    389      |    680.31    |    -44.46    |    -31.17    |    -46.66    |    -33.85    |      66      |  ✅ Success  
    390      |    789.72    |    -14.00    |    -13.84    |    -19.80    |    -17.36    |      34      |  ✅ Success  
  📊 统计 [Ep 390]: Actor Loss=8.8075, Critic Loss=397.2074, Alpha=0.2549, TD-error=9.9032, Beta=1.0000
    391      |    259.37    |   -161.04    |    -47.41    |   -395.82    |    -42.65    |     132      |  ✅ Success  
    392      |    376.20    |    -51.36    |    -56.56    |    -89.44    |    -44.67    |      77      |  ✅ Success  
    393      |    646.38    |    -26.43    |    -29.39    |    -26.03    |    -25.81    |      52      |  ✅ Success  
    394      |    12.06     |    -66.24    |   -132.68    |   -124.74    |    -89.36    |     106      |  ✅ Success  
    395      |    672.18    |    -52.83    |    -23.39    |    -33.70    |    -22.61    |      49      |  ✅ Success  
    396      |    397.04    |    -78.08    |    -82.41    |    -36.53    |   -132.16    |      67      |  ✅ Success  
    397      |    588.67    |    -36.71    |    -27.14    |    -98.54    |    -22.62    |      57      |  ✅ Success  
    398      |    601.39    |    -51.50    |    -50.03    |    -35.03    |    -80.10    |      72      |  ✅ Success  
    399      |    544.30    |    -44.58    |    -85.53    |    -34.26    |    -31.29    |      61      |  ✅ Success  
    400      |    542.28    |    -48.19    |   -150.97    |    -26.66    |    -20.26    |      60      |  ✅ Success  
  📊 统计 [Ep 400]: Actor Loss=6.6211, Critic Loss=390.8717, Alpha=0.2598, TD-error=10.9958, Beta=1.0000
    401      |    458.08    |    -36.55    |    -47.24    |    -44.81    |    -56.38    |      73      |  ✅ Success  
    402      |    656.88    |    -41.30    |    -31.27    |    -31.03    |    -29.68    |      53      |  ✅ Success  
    403      |    691.33    |    -29.41    |    -25.43    |    -23.34    |    -23.82    |      44      |  ✅ Success  
    404      |    809.20    |    -21.51    |    -16.43    |    -11.73    |    -23.84    |      36      |  ✅ Success  
    405      |    744.28    |    -23.36    |    -15.98    |    -49.42    |    -23.21    |      37      |  ✅ Success  
    406      |    283.53    |    -65.06    |   -113.74    |    -55.77    |    -64.95    |     104      |  ✅ Success  
    407      |    360.12    |    -63.01    |    -74.66    |    -53.85    |    -29.67    |      87      |  ✅ Success  
    408      |    257.71    |    -62.63    |    -74.24    |    -59.35    |   -222.21    |      96      |  ✅ Success  
    409      |    696.92    |    -29.10    |    -29.53    |    -35.23    |    -35.20    |      47      |  ✅ Success  
    410      |    154.64    |    -58.03    |    -76.51    |   -258.21    |    -62.79    |      87      |  ✅ Success  
  📊 统计 [Ep 410]: Actor Loss=2.1041, Critic Loss=437.0740, Alpha=0.2679, TD-error=11.6386, Beta=1.0000
    411      |    620.47    |    -13.92    |    -30.23    |   -113.11    |    -28.29    |      63      |  ✅ Success  
    412      |    381.60    |    -46.79    |    -44.21    |    -59.85    |    -82.83    |      68      |  ✅ Success  
    413      |    608.09    |    -45.25    |    -43.17    |    -37.91    |    -33.84    |      64      |  ✅ Success  
    414      |    740.83    |    -21.53    |    -18.05    |    -34.66    |    -14.19    |      39      |  ✅ Success  
    415      |   -140.25    |   -109.98    |   -129.03    |    -76.45    |    -83.50    |     202      |  ✅ Success  
    416      |   -172.05    |   -130.50    |   -136.64    |    -76.57    |   -106.63    |     169      |  ✅ Success  
    417      |   -211.99    |   -141.75    |   -120.75    |    -91.69    |   -128.79    |     128      |  ✅ Success  
    418      |    186.00    |    -55.80    |    -77.33    |   -104.95    |    -72.16    |      80      |  ✅ Success  
    419      |    764.06    |    -24.09    |    -23.77    |    -21.43    |    -25.73    |      49      |  ✅ Success  
    420      |    801.29    |    -19.96    |    -12.16    |    -13.87    |    -19.49    |      34      |  ✅ Success  
  📊 统计 [Ep 420]: Actor Loss=1.6816, Critic Loss=418.4993, Alpha=0.2904, TD-error=11.5565, Beta=1.0000
    421      |   -248.44    |   -148.23    |   -140.01    |   -113.11    |   -140.18    |     190      |  ✅ Success  
    422      |    332.58    |    -57.24    |    -67.38    |    -56.73    |    -63.82    |     103      |  ✅ Success  
    423      |    647.96    |    -36.97    |    -20.77    |    -32.65    |   -110.83    |      48      |  ✅ Success  
    424      |    197.35    |    -66.31    |    -76.01    |    -47.53    |    -58.28    |     115      |  ✅ Success  
    425      |    558.27    |    -40.12    |    -41.69    |    -36.59    |    -33.97    |      75      |  ✅ Success  
    426      |    346.88    |    -48.32    |    -62.66    |   -134.87    |    -45.52    |     121      |  ✅ Success  
    427      |    636.22    |    -30.10    |    -40.88    |    -52.34    |    -25.27    |      50      |  ✅ Success  
    428      |    594.16    |    -34.74    |   -106.46    |    -39.08    |    -30.09    |      57      |  ✅ Success  
    429      |   -435.18    |   -231.62    |   -114.35    |   -119.71    |   -224.87    |     149      |  ✅ Success  
    430      |    515.63    |    -29.07    |    -33.43    |    -24.40    |   -131.62    |      75      |  ✅ Success  
  📊 统计 [Ep 430]: Actor Loss=-1.4903, Critic Loss=440.9359, Alpha=0.3058, TD-error=12.3527, Beta=1.0000
    431      |   -889.41    |   -178.40    |   -215.87    |   -227.44    |   -165.67    |     182      |  ✅ Success  
    432      |    589.00    |    -16.97    |    -29.26    |    -61.32    |    -71.14    |      61      |  ✅ Success  
    433      |   -428.23    |   -133.25    |   -124.69    |   -128.71    |    -97.82    |     188      |  ✅ Success  
    434      |    455.73    |    -93.46    |    -53.64    |    -47.32    |    -37.30    |      56      |  ✅ Success  
    435      |    693.51    |    -30.69    |    -44.57    |    -28.05    |    -23.37    |      40      |  ✅ Success  
    436      |    412.59    |    -71.61    |    -60.00    |   -179.64    |    -77.41    |     128      |  ✅ Success  
    437      |    529.86    |    -44.70    |    -46.60    |    -68.86    |    -35.72    |      67      |  ✅ Success  
    438      |    570.18    |    -37.73    |    -41.09    |    -33.85    |    -34.63    |      54      |  ✅ Success  
    439      |    265.80    |    -55.83    |    -59.68    |    -63.40    |    -43.32    |     100      |  ✅ Success  
    440      |    680.67    |    -32.42    |    -28.54    |    -25.82    |    -23.46    |      46      |  ✅ Success  
  📊 统计 [Ep 440]: Actor Loss=-3.2603, Critic Loss=405.4917, Alpha=0.3290, TD-error=12.1031, Beta=1.0000
    441      |    766.76    |    -31.68    |    -37.97    |    -26.29    |    -18.15    |      36      |  ✅ Success  
    442      |    498.66    |    -44.32    |    -40.00    |    -46.95    |    -76.54    |      65      |  ✅ Success  
    443      |    395.75    |   -134.52    |    -43.25    |    -37.03    |    -52.98    |      69      |  ✅ Success  
    444      |    290.33    |    -53.11    |    -69.11    |    -37.23    |   -108.24    |     104      |  ✅ Success  
    445      |    574.94    |    -33.47    |    -41.01    |    -36.91    |    -43.23    |      57      |  ✅ Success  
    446      |    636.66    |    -34.69    |    -33.08    |    -40.94    |    -11.17    |      58      |  ✅ Success  
    447      |    581.70    |    -38.20    |    -36.86    |    -30.88    |    -30.19    |      58      |  ✅ Success  
    448      |    754.31    |    -21.96    |    -16.99    |    -16.54    |    -21.71    |      40      |  ✅ Success  
    449      |    36.87     |   -135.19    |   -138.47    |   -100.26    |   -112.59    |     133      |  ✅ Success  
    450      |    818.76    |    -37.27    |    -16.60    |    -23.51    |    -22.00    |      27      |  ✅ Success  
  📊 统计 [Ep 450]: Actor Loss=-6.3891, Critic Loss=538.5720, Alpha=0.3575, TD-error=12.6479, Beta=1.0000
    451      |    751.29    |    -29.98    |    -15.29    |    -16.68    |    -17.00    |      44      |  ✅ Success  
    452      |    812.38    |    -28.25    |    -18.27    |    -13.24    |    -22.36    |      27      |  ✅ Success  
    453      |    641.68    |    -22.78    |    -32.34    |    -29.37    |    -49.65    |      42      |  ✅ Success  
    454      |    818.22    |    -20.06    |    -51.95    |    -10.85    |    -15.80    |      29      |  ✅ Success  
    455      |    452.18    |    -54.67    |    -92.11    |    -43.53    |    -37.87    |      67      |  ✅ Success  
    456      |    606.30    |    -42.09    |    -34.89    |    -18.45    |    -38.10    |      59      |  ✅ Success  
    457      |    193.00    |    -79.31    |    -55.68    |    -59.23    |    -75.15    |      87      |  ✅ Success  
    458      |    672.79    |    -38.73    |    -40.78    |    -29.20    |    -51.84    |      57      |  ✅ Success  
    459      |    455.65    |    -41.71    |    -47.43    |    -49.90    |    -47.22    |      60      |  ✅ Success  
    460      |    777.40    |    -18.21    |    -25.47    |    -14.84    |    -19.27    |      34      |  ✅ Success  
  📊 统计 [Ep 460]: Actor Loss=-6.8331, Critic Loss=487.5290, Alpha=0.3749, TD-error=12.4067, Beta=1.0000
    461      |    579.96    |    -80.24    |    -89.89    |    -40.92    |    -59.98    |     157      |  ✅ Success  
    462      |    826.94    |    -34.13    |    -16.06    |    -11.81    |    -20.26    |      28      |  ✅ Success  
    463      |    600.39    |    -40.64    |    -60.78    |    -28.33    |    -25.04    |      62      |  ✅ Success  
    464      |    723.05    |    -28.81    |    -34.97    |    -23.38    |    -22.80    |      47      |  ✅ Success  
    465      |    696.76    |    -35.82    |    -39.67    |    -24.03    |   -131.93    |      49      |  ✅ Success  
    466      |    740.08    |    -18.08    |    -83.78    |    -15.81    |    -26.69    |      35      |  ✅ Success  
    467      |    629.20    |    -43.42    |    -26.86    |    -33.59    |    -34.58    |      54      |  ✅ Success  
    468      |    354.94    |    -99.26    |    -51.99    |    -48.99    |   -110.70    |     193      |  ✅ Success  
    469      |    707.33    |    -38.30    |    -22.92    |    -13.00    |    -20.36    |      48      |  ✅ Success  
    470      |    728.17    |    -73.82    |    -17.38    |    -48.71    |    -19.25    |      41      |  ✅ Success  
  📊 统计 [Ep 470]: Actor Loss=-5.0914, Critic Loss=443.0402, Alpha=0.4081, TD-error=12.9184, Beta=1.0000
    471      |    337.05    |    -38.80    |    -97.39    |    -48.55    |   -112.76    |      81      |  ✅ Success  
    472      |    388.34    |    -53.40    |    -36.70    |    -52.26    |    -39.65    |      89      |  ✅ Success  
    473      |    674.69    |    -2.69     |    -19.46    |    -75.09    |    -77.91    |      54      |  ✅ Success  
    474      |    572.34    |    -57.30    |    -49.34    |    -24.75    |    -28.17    |      56      |  ✅ Success  
    475      |    651.50    |    -44.11    |    -20.94    |    -31.77    |    -78.86    |      42      |  ✅ Success  
    476      |    757.15    |    -22.67    |    -20.07    |    -27.98    |    -17.17    |      39      |  ✅ Success  
    477      |    646.94    |    -40.42    |    -24.51    |    -33.81    |    -33.33    |      47      |  ✅ Success  
    478      |    536.01    |    -42.20    |    -35.38    |    -51.11    |    -67.60    |      70      |  ✅ Success  
    479      |    487.88    |    -63.26    |    -48.80    |    -45.82    |    -60.74    |      80      |  ✅ Success  
    480      |    668.72    |    -38.61    |    -65.24    |    -24.52    |    -18.04    |      49      |  ✅ Success  
  📊 统计 [Ep 480]: Actor Loss=-7.8633, Critic Loss=496.0841, Alpha=0.4395, TD-error=13.3620, Beta=1.0000
    481      |    609.39    |    -38.37    |    -27.33    |    -88.65    |    -22.13    |      47      |  ✅ Success  
    482      |    494.39    |    -48.17    |    -44.83    |    -29.23    |    -36.40    |      69      |  ✅ Success  
    483      |    748.78    |    -22.83    |    -33.44    |    -21.46    |    -21.15    |      39      |  ✅ Success  
    484      |    427.59    |    -40.39    |    -70.30    |    -65.36    |    -47.48    |      70      |  ✅ Success  
    485      |    813.07    |    -19.53    |    -15.10    |    -19.21    |    -20.09    |      36      |  ✅ Success  
    486      |    578.11    |    -54.62    |    -32.65    |    -38.50    |    -48.70    |      77      |  ✅ Success  
    487      |    764.61    |    -27.81    |    -22.57    |    -21.86    |    -20.15    |      32      |  ✅ Success  
    488      |    269.99    |    -74.86    |    -84.52    |   -144.53    |    -71.93    |      92      |  ✅ Success  
    489      |    659.82    |    -51.66    |    -28.58    |    -41.57    |    -30.06    |      42      |  ✅ Success  
    490      |    660.07    |    -53.17    |    -40.28    |    -36.05    |    -40.31    |      64      |  ✅ Success  
  📊 统计 [Ep 490]: Actor Loss=-14.6987, Critic Loss=551.9288, Alpha=0.4632, TD-error=13.6291, Beta=1.0000
    491      |    716.95    |    -21.22    |    -28.41    |    -15.73    |    -15.48    |      44      |  ✅ Success  
    492      |    515.59    |    -51.68    |    -36.03    |    -55.42    |    -44.87    |      70      |  ✅ Success  
    493      |    -87.31    |    -73.69    |   -156.85    |    -91.31    |    -65.81    |     122      |  ✅ Success  
    494      |    487.14    |    -41.92    |    -42.69    |    -41.80    |    -62.76    |      65      |  ✅ Success  
    495      |   -645.00    |    -11.68    |    -11.62    |    -13.15    |    -16.14    |      16      |  ❌ Failure  
    496      |    611.94    |    -37.90    |    -32.31    |    -44.48    |    -64.60    |      57      |  ✅ Success  
    497      |    679.50    |    -28.08    |    -20.17    |    -32.18    |    -37.66    |      48      |  ✅ Success  
    498      |    600.67    |    -53.16    |    -55.99    |    -51.33    |    -47.66    |      74      |  ✅ Success  
    499      |    657.03    |    -38.80    |    -23.33    |    -15.66    |    -25.06    |      51      |  ✅ Success  
✅ 训练数据已保存: /home/zhangpeng/UAV_PATH_PLANNING/runs/exp_baseline_20251030_112631/training_data.pkl
✅ 总奖励曲线已保存: /home/zhangpeng/UAV_PATH_PLANNING/runs/exp_baseline_20251030_112631/plots/total_reward.png
✅ Leader奖励曲线已保存: /home/zhangpeng/UAV_PATH_PLANNING/runs/exp_baseline_20251030_112631/plots/leader_reward.png
✅ Follower奖励曲线已保存: /home/zhangpeng/UAV_PATH_PLANNING/runs/exp_baseline_20251030_112631/plots/follower_reward.png
