📝 日志文件: /home/zhangpeng/UAV_PATH_PLANNING/runs/exp_baseline_20251031_211015/training.log
💡 训练输出将实时保存到日志文件
🚀 启用AMP混合精度训练（预期加速40-100%）
🚀 启用异步数据传输（预期加速10-20%）
SAC训练中...
📊 优先级经验回放（PER）配置:
  - 容量: 20000
  - Alpha: 0.6 (优先级指数)
  - Beta: 0.4 → 1.0 (重要性采样权重)
  - 内存优化: float32 (节省50%内存)

================================================================================
  Episode    |    Leader    |  Follower0   |  Follower1   |  Follower2   |  Follower3   |    Steps     |    Status   
================================================================================
     0       |   -558.18    |    -7.37     |    -6.94     |    -9.23     |    -7.81     |      6       |  ❌ Failure  
     1       |  -11543.14   |   -1756.87   |   -2006.48   |   -1511.37   |   -1912.83   |     568      |  ❌ Failure  
     2       |  -17748.39   |   -2902.51   |   -3241.93   |   -3108.63   |   -2901.54   |     1000     | ⏱️  Timeout 
     3       |  -17640.70   |   -2941.21   |   -2923.33   |   -2358.27   |   -3516.36   |     1000     | ⏱️  Timeout 
     4       |   -3161.97   |   -506.58    |   -436.37    |   -489.01    |   -449.69    |     171      |  ❌ Failure  
     5       |  -10117.79   |   -2318.53   |   -2128.63   |   -1499.09   |   -2417.94   |     637      |  ✅ Success  
     6       |  -16034.07   |   -3799.62   |   -3177.74   |   -2776.40   |   -2703.15   |     1000     | ⏱️  Timeout 
     7       |  -14744.82   |   -3961.87   |   -2415.63   |   -3429.22   |   -2200.74   |     1000     | ⏱️  Timeout 
     8       |   -1147.29   |    -75.11    |   -130.57    |    -84.54    |    -72.77    |      50      |  ❌ Failure  
     9       |   -2158.11   |   -711.23    |   -721.94    |   -527.37    |   -491.61    |     224      |  ✅ Success  
     10      |   -1956.01   |   -361.37    |   -251.18    |   -184.85    |   -191.74    |     126      |  ❌ Failure  
  📊 统计 [Ep 10]: Actor Loss=58.8195, Critic Loss=27.1831, Alpha=0.2596, TD-error=2.0087, Beta=1.0000
     11      |   -8283.64   |   -1508.46   |   -1403.30   |   -1250.08   |   -1144.77   |     518      |  ❌ Failure  
     12      |  -10661.09   |   -1851.12   |   -1791.64   |   -1631.21   |   -1801.91   |     637      |  ❌ Failure  
     13      |  -16209.08   |   -3298.09   |   -2717.77   |   -3039.23   |   -1872.85   |     1000     | ⏱️  Timeout 
     14      |  -15447.47   |   -3120.74   |   -4144.77   |   -3293.74   |   -2094.61   |     1000     | ⏱️  Timeout 
     15      |   -2475.51   |   -804.00    |   -603.80    |   -646.83    |   -789.21    |     274      |  ✅ Success  
     16      |   -876.18    |    -40.87    |    -66.80    |    -77.85    |    -56.77    |      34      |  ❌ Failure  
     17      |   -1310.77   |   -172.12    |   -160.76    |   -116.55    |   -130.01    |      67      |  ❌ Failure  
     18      |   -2744.31   |   -501.10    |   -502.55    |   -410.47    |   -746.89    |     297      |  ✅ Success  
     19      |   -3525.58   |   -885.85    |   -764.23    |   -642.81    |   -930.19    |     322      |  ✅ Success  
     20      |   -557.26    |    -6.45     |    -8.07     |    -9.31     |    -9.66     |      6       |  ❌ Failure  
  📊 统计 [Ep 20]: Actor Loss=61.4065, Critic Loss=61.3268, Alpha=0.1104, TD-error=2.9084, Beta=1.0000
     21      |  -14814.17   |   -3477.61   |   -3762.58   |   -2391.10   |   -2636.74   |     1000     | ⏱️  Timeout 
     22      |  -13005.12   |   -3575.27   |   -3467.82   |   -2434.98   |   -1742.15   |     1000     | ⏱️  Timeout 
     23      |   -1240.59   |   -343.40    |   -475.94    |   -486.42    |   -483.55    |     196      |  ✅ Success  
     24      |  -11424.44   |   -2934.75   |   -2578.58   |   -2021.15   |   -2184.08   |     804      |  ❌ Failure  
     25      |  -13623.64   |   -4037.33   |   -2256.04   |   -3068.78   |   -3194.10   |     1000     | ⏱️  Timeout 
     26      |  -12091.82   |   -2669.95   |   -3133.04   |   -1877.75   |   -2404.28   |     1000     | ⏱️  Timeout 
     27      |  -13528.62   |   -3397.59   |   -3902.24   |   -2939.33   |   -2675.48   |     1000     | ⏱️  Timeout 
     28      |   -2317.79   |   -619.20    |   -633.78    |   -455.77    |   -709.84    |     267      |  ✅ Success  
     29      |   -1386.27   |   -474.87    |   -279.76    |   -471.82    |   -432.67    |     215      |  ✅ Success  
     30      |   -2654.41   |   -672.92    |   -428.35    |   -691.56    |   -445.29    |     307      |  ✅ Success  
  📊 统计 [Ep 30]: Actor Loss=55.9543, Critic Loss=33.3275, Alpha=0.0464, TD-error=2.3535, Beta=1.0000
     31      |  -12298.20   |   -2646.73   |   -2018.60   |   -1782.50   |   -2093.19   |     1000     | ⏱️  Timeout 
     32      |  -10483.58   |   -1922.99   |   -1555.51   |   -1410.40   |   -2796.67   |     1000     | ⏱️  Timeout 
     33      |   -575.13    |    -9.52     |    -10.33    |    -8.50     |    -10.20    |      8       |  ❌ Failure  
     34      |   -550.30    |    -4.70     |    -7.64     |    -5.94     |    -6.73     |      6       |  ❌ Failure  
     35      |   -844.53    |    -69.55    |    -35.23    |    -45.57    |    -45.61    |      37      |  ❌ Failure  
     36      |   -4669.04   |   -1618.08   |   -1058.54   |   -869.96    |   -1168.75   |     468      |  ✅ Success  
     37      |   -1209.49   |   -144.36    |    -84.92    |    -95.92    |   -102.66    |      63      |  ❌ Failure  
     38      |   -3701.06   |   -1391.29   |   -871.43    |   -966.52    |   -938.52    |     509      |  ✅ Success  
     39      |   -1203.89   |   -483.47    |   -525.35    |   -440.37    |   -556.70    |     189      |  ✅ Success  
     40      |   -912.37    |    -58.76    |    -60.72    |    -63.05    |    -51.89    |      47      |  ❌ Failure  
  📊 统计 [Ep 40]: Actor Loss=52.4158, Critic Loss=73.1668, Alpha=0.0480, TD-error=3.5176, Beta=1.0000
     41      |   -3184.08   |   -692.74    |   -534.73    |   -519.43    |   -837.52    |     310      |  ✅ Success  
     42      |   -1290.28   |   -170.94    |    -69.09    |    -96.02    |   -112.76    |      83      |  ❌ Failure  
     43      |  -14795.16   |   -2185.50   |   -2595.40   |   -2130.85   |   -2101.72   |     1000     | ⏱️  Timeout 
     44      |   -3758.02   |   -944.33    |   -530.73    |   -631.16    |   -934.60    |     470      |  ✅ Success  
     45      |  -12242.07   |   -2598.51   |   -1677.83   |   -1867.19   |   -2416.87   |     1000     | ⏱️  Timeout 
     46      |   -4509.93   |   -964.38    |   -904.36    |   -641.66    |   -624.31    |     456      |  ✅ Success  
     47      |   -236.19    |   -285.36    |   -177.50    |   -129.23    |   -214.59    |     123      |  ✅ Success  
     48      |   -6963.88   |   -1410.62   |   -1150.51   |   -1148.62   |   -1074.37   |     683      |  ✅ Success  
     49      |   -2771.86   |   -870.41    |   -369.19    |   -748.09    |   -580.56    |     315      |  ✅ Success  
     50      |   -1603.61   |   -517.00    |   -292.61    |   -328.35    |   -450.22    |     264      |  ✅ Success  
  📊 统计 [Ep 50]: Actor Loss=41.6312, Critic Loss=114.1448, Alpha=0.0592, TD-error=4.4069, Beta=1.0000
     51      |   -5746.38   |   -966.73    |   -818.48    |   -691.48    |   -875.42    |     470      |  ❌ Failure  
     52      |   -1022.97   |    -73.48    |    -75.04    |    -90.22    |    -62.47    |      44      |  ❌ Failure  
     53      |   -4545.01   |   -770.48    |   -431.73    |   -422.06    |   -601.48    |     321      |  ❌ Failure  
     54      |   -332.78    |   -194.17    |   -184.60    |   -267.29    |   -221.47    |     139      |  ✅ Success  
     55      |  -12539.99   |   -1587.52   |   -2012.89   |   -1601.48   |   -1874.66   |     1000     | ⏱️  Timeout 
     56      |   -541.29    |    -5.30     |    -5.51     |    -6.21     |    -4.25     |      5       |  ❌ Failure  
     57      |   -2985.26   |   -632.28    |   -595.61    |   -1100.68   |   -523.58    |     390      |  ✅ Success  
     58      |   -1644.71   |   -196.40    |   -153.15    |   -128.79    |   -146.78    |     125      |  ❌ Failure  
     59      |   -668.57    |    -20.07    |    -24.43    |    -25.12    |    -23.58    |      17      |  ❌ Failure  
     60      |   -4094.34   |   -1112.66   |   -910.87    |   -982.38    |   -750.01    |     511      |  ✅ Success  
  📊 统计 [Ep 60]: Actor Loss=46.3553, Critic Loss=132.7343, Alpha=0.0893, TD-error=4.4001, Beta=1.0000
     61      |   -1961.69   |   -253.33    |   -170.69    |   -184.55    |   -153.04    |     138      |  ❌ Failure  
     62      |  -10396.65   |   -2054.94   |   -1713.59   |   -2252.90   |   -1672.89   |     1000     | ⏱️  Timeout 
     63      |  -12989.94   |   -1940.82   |   -2828.86   |   -2186.94   |   -2467.33   |     1000     | ⏱️  Timeout 
     64      |  -11048.61   |   -1848.94   |   -1773.57   |   -2214.64   |   -1694.91   |     1000     | ⏱️  Timeout 
     65      |  -13543.27   |   -1678.14   |   -2595.51   |   -1373.73   |   -2910.47   |     1000     | ⏱️  Timeout 
     66      |  -11571.78   |   -1679.27   |   -1901.21   |   -1766.53   |   -1904.47   |     1000     | ⏱️  Timeout 
     67      |   -3552.73   |   -803.79    |   -1116.12   |   -707.79    |   -681.93    |     489      |  ✅ Success  
     68      |   -3357.90   |   -733.27    |   -594.35    |   -666.65    |   -718.88    |     392      |  ✅ Success  
     69      |   -8128.19   |   -967.23    |   -974.27    |   -936.98    |   -1236.19   |     648      |  ❌ Failure  
     70      |   -1511.04   |   -141.73    |   -142.53    |   -130.75    |   -127.35    |      93      |  ❌ Failure  
  📊 统计 [Ep 70]: Actor Loss=43.5361, Critic Loss=43.2433, Alpha=0.0559, TD-error=2.3903, Beta=1.0000
     71      |  -11146.58   |   -1424.08   |   -1424.54   |   -1240.42   |   -1945.92   |     972      |  ❌ Failure  
     72      |   -598.26    |    -8.25     |    -14.35    |    -11.00    |    -12.30    |      11      |  ❌ Failure  
     73      |   -6319.67   |   -1206.96   |   -1558.23   |   -1307.97   |   -1688.20   |     735      |  ✅ Success  
     74      |  -15017.04   |   -1932.35   |   -1456.76   |   -2141.61   |   -2141.86   |     1000     | ⏱️  Timeout 
     75      |  -13101.43   |   -2475.72   |   -1541.88   |   -1577.13   |   -1795.12   |     1000     | ⏱️  Timeout 
     76      |  -10544.12   |   -1467.86   |   -1637.04   |   -1124.57   |   -1239.30   |     1000     | ⏱️  Timeout 
     77      |  -13145.86   |   -1481.61   |   -1598.05   |   -1722.32   |   -1439.01   |     1000     | ⏱️  Timeout 
     78      |  -14328.60   |   -2222.30   |   -1655.89   |   -1882.01   |   -1754.42   |     1000     | ⏱️  Timeout 
     79      |   -3588.16   |   -549.84    |   -535.26    |   -444.07    |   -627.45    |     425      |  ✅ Success  
     80      |   -4833.03   |   -743.46    |   -494.11    |   -493.30    |   -566.06    |     407      |  ❌ Failure  
  📊 统计 [Ep 80]: Actor Loss=41.5556, Critic Loss=28.9593, Alpha=0.0473, TD-error=1.8179, Beta=1.0000
     81      |   -4444.55   |   -528.18    |   -606.40    |   -529.48    |   -522.55    |     380      |  ❌ Failure  
     82      |   -543.24    |    -4.05     |    -6.28     |    -5.01     |    -5.73     |      5       |  ❌ Failure  
     83      |   -6082.38   |   -1064.72   |   -993.86    |   -895.69    |   -1181.43   |     752      |  ✅ Success  
     84      |  -12265.66   |   -1703.93   |   -1619.54   |   -1501.76   |   -2016.90   |     1000     | ⏱️  Timeout 
     85      |   -9945.38   |   -1583.90   |   -1361.90   |   -1340.31   |   -1416.20   |     1000     | ⏱️  Timeout 
     86      |   -9737.59   |   -1230.85   |   -1646.29   |   -1237.01   |   -1549.82   |     1000     | ⏱️  Timeout 
     87      |  -10419.73   |   -1398.81   |   -1411.74   |   -1120.68   |   -1179.25   |     1000     | ⏱️  Timeout 
     88      |   -542.40    |    -3.93     |    -5.92     |    -4.99     |    -5.50     |      5       |  ❌ Failure  
     89      |  -10222.27   |   -1273.25   |   -1179.47   |   -1365.46   |   -1396.39   |     897      |  ❌ Failure  
     90      |  -10201.41   |   -1475.07   |   -1213.19   |   -1428.19   |   -1199.12   |     1000     | ⏱️  Timeout 
  📊 统计 [Ep 90]: Actor Loss=39.5619, Critic Loss=25.1665, Alpha=0.0389, TD-error=1.7231, Beta=1.0000
     91      |  -10093.39   |   -1316.24   |   -1085.46   |   -1532.78   |   -1399.28   |     1000     | ⏱️  Timeout 
     92      |  -11990.59   |   -2089.83   |   -1932.49   |   -2344.43   |   -1977.24   |     1000     | ⏱️  Timeout 
     93      |  -10164.88   |   -1329.44   |   -3708.61   |   -1224.98   |   -1295.71   |     1000     | ⏱️  Timeout 
     94      |  -11552.15   |   -1579.12   |   -2099.60   |   -1817.61   |   -1637.12   |     1000     | ⏱️  Timeout 
     95      |  -11877.21   |   -1585.32   |   -2030.06   |   -2361.90   |   -1559.59   |     1000     | ⏱️  Timeout 
     96      |   -3735.90   |   -435.77    |   -462.51    |   -284.87    |   -419.59    |     309      |  ❌ Failure  
     97      |   -6928.28   |   -936.53    |   -867.23    |   -598.82    |   -925.59    |     649      |  ❌ Failure  
     98      |   -4515.00   |   -518.78    |   -448.13    |   -859.93    |   -300.85    |     372      |  ❌ Failure  
     99      |   -551.04    |    -4.35     |    -7.05     |    -5.41     |    -7.33     |      7       |  ❌ Failure  
    100      |   -3305.10   |   -382.28    |   -397.34    |   -362.55    |   -319.90    |     294      |  ❌ Failure  
  📊 统计 [Ep 100]: Actor Loss=37.5867, Critic Loss=22.1327, Alpha=0.0385, TD-error=1.5385, Beta=1.0000
    101      |   -9166.29   |   -1322.48   |   -1130.85   |   -929.00    |   -1542.85   |     1000     | ⏱️  Timeout 
    102      |  -10622.21   |   -1389.49   |   -1463.79   |   -1726.67   |   -1776.88   |     1000     | ⏱️  Timeout 
    103      |  -10098.29   |   -1824.59   |   -1592.95   |   -1723.31   |   -1828.99   |     1000     | ⏱️  Timeout 
    104      |   -8569.81   |   -1224.66   |   -1201.21   |   -907.46    |   -1071.88   |     1000     | ⏱️  Timeout 
    105      |  -11191.88   |   -2198.68   |   -1616.90   |   -2126.46   |   -1820.05   |     1000     | ⏱️  Timeout 
    106      |   -8657.77   |   -1200.69   |   -1300.08   |   -1044.70   |   -1195.13   |     1000     | ⏱️  Timeout 
    107      |   -1253.25   |   -105.95    |    -91.88    |    -92.68    |    -65.04    |      80      |  ❌ Failure  
    108      |   -2343.73   |   -292.81    |   -243.04    |   -287.87    |   -218.08    |     223      |  ❌ Failure  
    109      |   -895.77    |    -44.10    |    -41.89    |    -39.35    |    -46.97    |      42      |  ❌ Failure  
    110      |   -6642.38   |   -1651.88   |   -1059.51   |   -1255.06   |   -1406.59   |     1000     | ⏱️  Timeout 
  📊 统计 [Ep 110]: Actor Loss=38.2319, Critic Loss=19.4806, Alpha=0.0464, TD-error=1.6117, Beta=1.0000
    111      |   -822.70    |   -236.47    |   -311.44    |   -240.08    |   -228.63    |     187      |  ✅ Success  
    112      |   -910.06    |    -56.43    |    -62.16    |    -36.20    |    -52.61    |      44      |  ❌ Failure  
    113      |   -2239.96   |   -238.02    |   -229.07    |   -159.60    |   -196.38    |     185      |  ❌ Failure  
    114      |   -3736.67   |   -539.12    |   -367.30    |   -254.40    |   -325.73    |     327      |  ❌ Failure  
    115      |   -859.38    |   -227.73    |   -199.96    |   -218.16    |   -273.41    |     204      |  ✅ Success  
    116      |   -1411.53   |   -426.43    |   -415.39    |   -345.19    |   -711.14    |     355      |  ✅ Success  
    117      |   -1063.49   |   -274.04    |   -257.85    |   -308.93    |   -277.88    |     219      |  ✅ Success  
    118      |   -591.93    |    -11.52    |    -8.94     |    -9.70     |    -11.92    |      11      |  ❌ Failure  
    119      |    247.99    |    -94.85    |   -133.87    |   -137.50    |   -115.20    |      85      |  ✅ Success  
    120      |   -615.72    |    -13.63    |    -11.22    |    -13.87    |    -12.11    |      13      |  ❌ Failure  
  📊 统计 [Ep 120]: Actor Loss=38.1335, Critic Loss=31.3274, Alpha=0.0563, TD-error=2.1258, Beta=1.0000
    121      |   -2984.23   |   -287.36    |   -306.13    |   -183.72    |   -290.98    |     248      |  ❌ Failure  
    122      |   -574.88    |    -7.09     |    -6.72     |    -10.66    |    -7.97     |      9       |  ❌ Failure  
    123      |  -10035.48   |   -1299.48   |   -1451.52   |   -1263.60   |   -1861.57   |     1000     | ⏱️  Timeout 
    124      |   -9220.56   |   -1389.62   |   -1360.02   |   -819.70    |   -966.46    |     1000     | ⏱️  Timeout 
    125      |  -11122.48   |   -1386.75   |   -988.21    |   -1042.57   |   -919.24    |     1000     | ⏱️  Timeout 
    126      |   -9318.19   |   -2188.71   |   -1726.12   |   -1461.40   |   -1715.39   |     1000     | ⏱️  Timeout 
    127      |   -8960.87   |   -1111.44   |   -1009.13   |   -773.00    |   -957.65    |     1000     | ⏱️  Timeout 
    128      |  -10595.34   |   -1426.58   |   -1189.82   |   -851.38    |   -1091.49   |     1000     | ⏱️  Timeout 
    129      |   -752.73    |    -25.74    |    -33.17    |    -37.49    |    -35.39    |      27      |  ❌ Failure  
    130      |  -10447.36   |   -1195.92   |   -1340.08   |   -1019.70   |   -1192.46   |     1000     | ⏱️  Timeout 
  📊 统计 [Ep 130]: Actor Loss=36.7934, Critic Loss=27.7924, Alpha=0.0790, TD-error=2.4139, Beta=1.0000
    131      |  -14449.40   |   -1622.32   |   -1636.80   |   -1306.60   |   -1958.48   |     1000     | ⏱️  Timeout 
    132      |  -10562.52   |   -1340.67   |   -1220.09   |   -961.80    |   -907.91    |     1000     | ⏱️  Timeout 
    133      |   -9072.35   |   -1225.58   |   -1035.16   |   -833.79    |   -1067.55   |     1000     | ⏱️  Timeout 
    134      |  -10274.45   |   -1299.19   |   -1149.85   |   -798.98    |   -912.03    |     1000     | ⏱️  Timeout 
    135      |   -2378.08   |   -255.03    |   -253.38    |   -180.13    |   -164.69    |     207      |  ❌ Failure  
    136      |  -10062.94   |   -1523.74   |   -1444.59   |   -1337.62   |   -2555.23   |     1000     | ⏱️  Timeout 
    137      |  -14863.89   |   -1394.88   |   -1375.36   |   -2180.23   |   -2302.26   |     1000     | ⏱️  Timeout 
    138      |  -14583.42   |   -1410.50   |   -1791.78   |   -1681.58   |   -1577.53   |     1000     | ⏱️  Timeout 
    139      |  -11518.04   |   -1368.47   |   -1662.85   |   -2299.02   |   -1983.64   |     1000     | ⏱️  Timeout 
    140      |   -9743.47   |   -1394.48   |   -1247.01   |   -1216.08   |   -1312.40   |     1000     | ⏱️  Timeout 
  📊 统计 [Ep 140]: Actor Loss=34.9633, Critic Loss=11.4454, Alpha=0.0548, TD-error=1.4926, Beta=1.0000
    141      |   -4130.37   |   -447.64    |   -435.69    |   -324.65    |   -430.25    |     391      |  ❌ Failure  
    142      |   -6782.10   |   -809.84    |   -744.59    |   -528.52    |   -720.83    |     649      |  ❌ Failure  
    143      |   -742.67    |    -33.87    |    -38.58    |    -34.33    |    -27.73    |      28      |  ❌ Failure  
    144      |   -1362.18   |   -123.36    |    -98.30    |    -69.72    |    -88.31    |     100      |  ❌ Failure  
    145      |   -5021.12   |   -621.95    |   -662.35    |   -469.44    |   -571.89    |     503      |  ❌ Failure  
    146      |   -3512.24   |   -392.31    |   -370.23    |   -297.12    |   -367.99    |     353      |  ❌ Failure  
    147      |   -1572.84   |   -157.44    |   -123.44    |   -109.50    |   -103.72    |     115      |  ❌ Failure  
    148      |   -9023.05   |   -1138.60   |   -1091.94   |   -846.72    |   -1003.07   |     1000     | ⏱️  Timeout 
    149      |   -9179.79   |   -1266.10   |   -1111.28   |   -1117.60   |   -976.57    |     1000     | ⏱️  Timeout 
    150      |   -7567.19   |   -823.71    |   -829.53    |   -687.10    |   -829.13    |     755      |  ❌ Failure  
  📊 统计 [Ep 150]: Actor Loss=37.5263, Critic Loss=9.3936, Alpha=0.0607, TD-error=1.4126, Beta=1.0000
    151      |   -9182.27   |   -1156.06   |   -1279.13   |   -827.54    |   -1013.02   |     1000     | ⏱️  Timeout 
    152      |   -9565.01   |   -1304.31   |   -1160.65   |   -834.85    |   -1281.90   |     1000     | ⏱️  Timeout 
    153      |   -3622.73   |   -404.33    |   -455.29    |   -262.04    |   -282.56    |     340      |  ❌ Failure  
    154      |   -9747.38   |   -1191.35   |   -1137.35   |   -821.31    |   -1181.68   |     1000     | ⏱️  Timeout 
    155      |  -10525.06   |   -1364.85   |   -1311.34   |   -1253.70   |   -1137.50   |     1000     | ⏱️  Timeout 
    156      |   -9649.87   |   -1187.76   |   -1048.77   |   -816.29    |   -1187.52   |     1000     | ⏱️  Timeout 
    157      |  -10842.43   |   -1946.79   |   -1816.75   |   -1915.63   |   -2298.27   |     1000     | ⏱️  Timeout 
    158      |   -9488.22   |   -1182.46   |   -1074.81   |   -1141.33   |   -905.34    |     1000     | ⏱️  Timeout 
    159      |   -9704.98   |   -1288.38   |   -1250.96   |   -840.27    |   -818.47    |     1000     | ⏱️  Timeout 
    160      |   -9250.70   |   -1069.02   |   -1054.48   |   -2445.46   |   -1130.58   |     664      |  ❌ Failure  
  📊 统计 [Ep 160]: Actor Loss=36.5017, Critic Loss=6.0478, Alpha=0.0566, TD-error=1.1896, Beta=1.0000
    161      |   -8400.68   |   -1049.47   |   -1040.28   |   -795.26    |   -856.73    |     1000     | ⏱️  Timeout 
    162      |   -8761.35   |   -1110.69   |   -1095.69   |   -781.63    |   -733.30    |     1000     | ⏱️  Timeout 
    163      |   -9417.60   |   -1309.22   |   -1285.22   |   -834.30    |   -771.38    |     1000     | ⏱️  Timeout 
    164      |   -9166.69   |   -1227.92   |   -1272.85   |   -757.47    |   -827.90    |     1000     | ⏱️  Timeout 
    165      |   -2788.22   |   -277.27    |   -293.00    |   -209.66    |   -198.12    |     266      |  ❌ Failure  
    166      |   -8973.60   |   -1252.05   |   -1272.51   |   -975.94    |   -1875.31   |     1000     | ⏱️  Timeout 
    167      |   -8562.11   |   -1243.34   |   -1042.85   |   -722.46    |   -809.48    |     1000     | ⏱️  Timeout 
    168      |   -611.32    |    -13.66    |    -14.84    |    -21.15    |    -11.08    |      12      |  ❌ Failure  
    169      |   -4533.22   |   -676.68    |   -456.05    |   -537.57    |   -417.97    |     495      |  ❌ Failure  
    170      |   -4483.95   |   -501.36    |   -476.27    |   -412.93    |   -387.98    |     453      |  ❌ Failure  
  📊 统计 [Ep 170]: Actor Loss=33.8672, Critic Loss=7.6135, Alpha=0.0555, TD-error=1.1881, Beta=1.0000
    171      |   -8209.64   |   -1107.08   |   -1061.72   |   -672.24    |   -726.52    |     1000     | ⏱️  Timeout 
    172      |   -8463.01   |   -1210.44   |   -1071.53   |   -921.96    |   -759.36    |     1000     | ⏱️  Timeout 
    173      |   -7107.65   |   -870.75    |   -956.48    |   -794.75    |   -764.01    |     823      |  ❌ Failure  
    174      |   -8423.34   |   -1298.93   |   -1336.61   |   -1381.23   |   -1184.62   |     1000     | ⏱️  Timeout 
    175      |   -7817.34   |   -1098.19   |   -1028.49   |   -1222.39   |   -864.90    |     1000     | ⏱️  Timeout 
    176      |   -1414.67   |   -113.60    |   -152.55    |    -74.75    |    -76.09    |     104      |  ❌ Failure  
    177      |   -8852.62   |   -1145.14   |   -1051.73   |   -1198.73   |   -742.25    |     1000     | ⏱️  Timeout 
    178      |   -8290.16   |   -1232.43   |   -1040.91   |   -881.68    |   -788.09    |     1000     | ⏱️  Timeout 
    179      |   -8687.88   |   -1770.35   |   -1295.19   |   -1059.91   |   -1153.78   |     1000     | ⏱️  Timeout 
    180      |   -8095.81   |   -1183.67   |   -1063.81   |   -1219.17   |   -679.90    |     1000     | ⏱️  Timeout 
  📊 统计 [Ep 180]: Actor Loss=32.4390, Critic Loss=4.3685, Alpha=0.0535, TD-error=1.0070, Beta=1.0000
    181      |   -4167.25   |   -486.88    |   -442.76    |   -285.31    |   -342.78    |     427      |  ❌ Failure  
    182      |   -8313.36   |   -1256.20   |   -1116.26   |   -775.26    |   -795.63    |     1000     | ⏱️  Timeout 
    183      |   -9922.04   |   -1621.09   |   -1658.81   |   -1672.63   |   -1633.00   |     1000     | ⏱️  Timeout 
    184      |   -8097.86   |   -1278.11   |   -959.97    |   -640.28    |   -763.31    |     1000     | ⏱️  Timeout 
    185      |   -8217.21   |   -1120.42   |   -1032.59   |   -1203.59   |   -968.58    |     1000     | ⏱️  Timeout 
    186      |   -9163.79   |   -1251.88   |   -1381.84   |   -1444.56   |   -1429.88   |     1000     | ⏱️  Timeout 
    187      |   -929.62    |   -339.85    |   -276.91    |   -241.41    |   -227.18    |     247      |  ✅ Success  
    188      |   -8677.53   |   -1101.03   |   -1031.93   |   -1274.21   |   -667.29    |     1000     | ⏱️  Timeout 
    189      |   -2939.49   |   -294.57    |   -403.96    |   -303.98    |   -172.69    |     265      |  ❌ Failure  
    190      |   -5556.59   |   -679.04    |   -607.03    |   -777.33    |   -482.61    |     616      |  ❌ Failure  
  📊 统计 [Ep 190]: Actor Loss=31.0727, Critic Loss=6.8398, Alpha=0.0519, TD-error=1.1359, Beta=1.0000
    191      |   -9794.64   |   -1771.71   |   -1618.35   |   -1607.94   |   -1445.94   |     1000     | ⏱️  Timeout 
    192      |  -14103.68   |   -1889.73   |   -1723.05   |   -1928.58   |   -3708.69   |     1000     | ⏱️  Timeout 
    193      |   -9516.01   |   -2006.63   |   -1567.68   |   -1568.32   |   -1623.26   |     1000     | ⏱️  Timeout 
    194      |   -7991.40   |   -1185.11   |   -1125.13   |   -865.86    |   -1074.26   |     1000     | ⏱️  Timeout 
    195      |   -549.81    |    -6.76     |    -6.31     |    -6.72     |    -4.91     |      6       |  ❌ Failure  
    196      |   -8817.83   |   -1517.30   |   -1355.60   |   -1258.05   |   -1287.98   |     1000     | ⏱️  Timeout 
    197      |   -6413.45   |   -844.67    |   -702.86    |   -509.28    |   -560.80    |     649      |  ❌ Failure  
    198      |   -9175.43   |   -1167.30   |   -1035.14   |   -807.06    |   -821.88    |     1000     | ⏱️  Timeout 
    199      |   -9450.70   |   -1142.85   |   -1135.88   |   -1095.85   |   -831.39    |     1000     | ⏱️  Timeout 
    200      |   -8918.07   |   -1167.37   |   -1158.37   |   -918.07    |   -774.12    |     1000     | ⏱️  Timeout 
  📊 统计 [Ep 200]: Actor Loss=37.3909, Critic Loss=18.4716, Alpha=0.0656, TD-error=1.8857, Beta=1.0000
    201      |   -9119.80   |   -973.44    |   -900.42    |   -826.71    |   -709.41    |     1000     | ⏱️  Timeout 
    202      |   -8877.35   |   -1204.30   |   -1044.23   |   -1063.71   |   -947.12    |     1000     | ⏱️  Timeout 
    203      |   -8755.89   |   -1110.33   |   -978.69    |   -931.50    |   -637.12    |     1000     | ⏱️  Timeout 
    204      |   -8516.39   |   -1082.73   |   -979.96    |   -614.86    |   -787.47    |     1000     | ⏱️  Timeout 
    205      |   -3615.55   |   -591.67    |   -603.67    |   -493.77    |   -400.24    |     562      |  ✅ Success  
    206      |   -7644.04   |   -1936.26   |   -1446.80   |   -1636.08   |   -1707.34   |     1000     | ⏱️  Timeout 
    207      |   -8914.37   |   -1284.17   |   -1131.61   |   -758.98    |   -675.13    |     1000     | ⏱️  Timeout 
    208      |   -9033.78   |   -1146.59   |   -2231.13   |   -802.05    |   -688.80    |     1000     | ⏱️  Timeout 
    209      |   -7399.23   |   -1144.60   |   -1106.33   |   -777.22    |   -823.59    |     1000     | ⏱️  Timeout 
    210      |   -5095.07   |   -670.70    |   -547.48    |   -608.50    |   -390.15    |     516      |  ❌ Failure  
  📊 统计 [Ep 210]: Actor Loss=31.7272, Critic Loss=4.4823, Alpha=0.0463, TD-error=1.0049, Beta=1.0000
    211      |   -2865.48   |   -417.61    |   -431.04    |   -556.64    |   -841.04    |     373      |  ✅ Success  
    212      |   -4376.28   |   -594.53    |   -511.18    |   -445.81    |   -298.31    |     445      |  ❌ Failure  
    213      |   -7181.99   |   -1880.82   |   -1416.42   |   -1680.67   |   -1515.93   |     1000     | ⏱️  Timeout 
    214      |   -7388.17   |   -1106.01   |   -1108.70   |   -1057.64   |   -1099.24   |     1000     | ⏱️  Timeout 
    215      |   -1213.78   |   -102.34    |    -87.09    |    -84.30    |    -68.28    |      84      |  ❌ Failure  
    216      |   -9852.67   |   -1353.46   |   -1226.69   |   -2422.39   |   -1001.34   |     1000     | ⏱️  Timeout 
    217      |   -7925.75   |   -1110.09   |   -1047.17   |   -779.89    |   -798.69    |     1000     | ⏱️  Timeout 
    218      |   -8187.19   |   -1179.64   |   -1046.09   |   -718.73    |   -719.23    |     1000     | ⏱️  Timeout 
    219      |  -13320.65   |   -1164.65   |   -1182.30   |   -758.96    |   -4197.59   |     1000     | ⏱️  Timeout 
    220      |   -8647.43   |   -1195.02   |   -1143.68   |   -944.46    |   -766.78    |     1000     | ⏱️  Timeout 
  📊 统计 [Ep 220]: Actor Loss=32.8444, Critic Loss=9.9376, Alpha=0.0600, TD-error=1.3788, Beta=1.0000
    221      |   -7457.76   |   -1087.06   |   -929.25    |   -646.89    |   -757.82    |     1000     | ⏱️  Timeout 
