📝 日志文件: /home/zhangpeng/UAV_PATH_PLANNING/runs/exp_baseline_20251029_233830/training.log
💡 训练输出将实时保存到日志文件
🚀 启用AMP混合精度训练（预期加速40-100%）
🚀 启用异步数据传输（预期加速10-20%）
SAC训练中...
📊 优先级经验回放（PER）配置:
  - 容量: 20000
  - Alpha: 0.6 (优先级指数)
  - Beta: 0.4 → 1.0 (重要性采样权重)
  - 内存优化: float32 (节省50%内存)

================================================================================
  Episode    |    Leader    |  Follower0   |  Follower1   |  Follower2   |  Follower3   |    Steps     |    Status   
================================================================================
     0       |   -520.40    |    -6.91     |    -7.87     |    -7.21     |    -6.93     |      6       |  ❌ Failure  
     1       |   -589.19    |    -32.08    |    -38.46    |    -30.57    |    -45.16    |      28      |  ❌ Failure  
     2       |    91.90     |   -330.00    |   -310.39    |   -326.74    |   -271.77    |     182      |  ✅ Success  
     3       |   -5463.58   |   -1980.35   |   -1842.08   |   -1746.15   |   -1622.11   |     1000     | ⏱️  Timeout 
     4       |   -521.53    |    -6.89     |    -7.13     |    -8.98     |    -6.50     |      6       |  ❌ Failure  
     5       |   -500.19    |   -569.87    |   -507.56    |   -441.88    |   -570.67    |     292      |  ✅ Success  
     6       |   -1464.75   |   -954.00    |   -989.07    |   -798.60    |   -976.93    |     468      |  ✅ Success  
     7       |   -422.50    |   -688.08    |   -543.48    |   -716.11    |   -580.78    |     331      |  ✅ Success  
     8       |   -559.13    |   -627.24    |   -651.66    |   -778.85    |   -610.58    |     362      |  ✅ Success  
     9       |    -12.47    |   -536.00    |   -451.33    |   -483.71    |   -578.61    |     283      |  ✅ Success  
     10      |   -4420.79   |   -1996.36   |   -2046.15   |   -1791.88   |   -1739.77   |     1000     | ⏱️  Timeout 
  📊 统计 [Ep 10]: Actor Loss=17.7096, Critic Loss=19.2458, Alpha=0.4333, TD-error=1.3721, Beta=1.0000
     11      |   -565.79    |    -22.64    |    -22.41    |    -26.11    |    -30.19    |      18      |  ❌ Failure  
     12      |   -5665.07   |   -1996.78   |   -1930.47   |   -1851.41   |   -2117.61   |     1000     | ⏱️  Timeout 
     13      |   -554.30    |    -17.23    |    -17.81    |    -29.19    |    -20.68    |      15      |  ❌ Failure  
     14      |   -4220.73   |   -1947.22   |   -1790.33   |   -1819.20   |   -1620.64   |     1000     | ⏱️  Timeout 
     15      |   -529.02    |    -9.19     |    -9.12     |    -14.84    |    -9.27     |      8       |  ❌ Failure  
     16      |   -518.94    |    -6.79     |    -6.86     |    -9.01     |    -6.52     |      6       |  ❌ Failure  
     17      |   -5269.85   |   -1985.76   |   -1705.09   |   -1722.64   |   -2101.62   |     1000     | ⏱️  Timeout 
     18      |   -6048.90   |   -2076.76   |   -1827.41   |   -1895.99   |   -1946.65   |     1000     | ⏱️  Timeout 
     19      |   -5942.44   |   -1849.25   |   -2001.43   |   -1903.92   |   -1945.82   |     1000     | ⏱️  Timeout 
     20      |   -5588.62   |   -1837.43   |   -1638.20   |   -1770.46   |   -1726.11   |     1000     | ⏱️  Timeout 
  📊 统计 [Ep 20]: Actor Loss=36.4451, Critic Loss=54.4523, Alpha=0.1320, TD-error=2.7851, Beta=1.0000
     21      |   -5722.68   |   -1776.54   |   -2056.57   |   -1822.51   |   -1751.75   |     1000     | ⏱️  Timeout 
     22      |   -2807.55   |   -685.44    |   -774.03    |   -709.71    |   -684.60    |     400      |  ❌ Failure  
     23      |   -1126.49   |   -229.74    |   -183.47    |   -226.74    |   -177.34    |     141      |  ❌ Failure  
     24      |   -4793.26   |   -1784.70   |   -1852.06   |   -1720.46   |   -1728.55   |     1000     | ⏱️  Timeout 
     25      |   -5726.40   |   -1797.18   |   -1727.13   |   -1915.84   |   -1583.14   |     1000     | ⏱️  Timeout 
     26      |   -5747.58   |   -1393.28   |   -1659.83   |   -1703.64   |   -1910.58   |     1000     | ⏱️  Timeout 
     27      |   -5398.07   |   -1838.18   |   -1560.63   |   -1822.60   |   -1632.95   |     1000     | ⏱️  Timeout 
     28      |   -1891.45   |   -935.42    |   -988.07    |   -865.11    |   -729.95    |     453      |  ✅ Success  
     29      |   -5950.18   |   -1673.67   |   -1522.39   |   -1701.72   |   -1581.98   |     1000     | ⏱️  Timeout 
     30      |   -6457.89   |   -1835.20   |   -2031.07   |   -1859.72   |   -1657.96   |     1000     | ⏱️  Timeout 
  📊 统计 [Ep 30]: Actor Loss=32.3058, Critic Loss=51.0248, Alpha=0.0281, TD-error=2.1572, Beta=1.0000
     31      |   -6502.32   |   -1771.87   |   -1452.70   |   -1827.18   |   -1696.32   |     1000     | ⏱️  Timeout 
     32      |   -4310.59   |   -1729.63   |   -1620.04   |   -1460.97   |   -1620.88   |     1000     | ⏱️  Timeout 
     33      |   -5859.97   |   -1449.77   |   -1578.92   |   -1551.91   |   -1796.05   |     1000     | ⏱️  Timeout 
     34      |   -5505.80   |   -1855.68   |   -1636.53   |   -1614.51   |   -1557.48   |     1000     | ⏱️  Timeout 
     35      |   -2591.20   |   -944.05    |   -982.58    |   -997.51    |   -975.79    |     671      |  ✅ Success  
     36      |   -5288.16   |   -1461.93   |   -1373.76   |   -1387.87   |   -1297.07   |     1000     | ⏱️  Timeout 
     37      |   -5617.36   |   -1565.93   |   -1461.25   |   -1493.10   |   -1375.81   |     1000     | ⏱️  Timeout 
     38      |   -4473.05   |   -1466.79   |   -1357.20   |   -1414.28   |   -1396.15   |     1000     | ⏱️  Timeout 
     39      |   -2934.82   |   -1058.44   |   -1069.38   |   -1062.30   |   -1069.62   |     782      |  ✅ Success  
     40      |    576.00    |   -157.51    |   -195.40    |   -129.55    |   -183.81    |     108      |  ✅ Success  
  📊 统计 [Ep 40]: Actor Loss=26.4071, Critic Loss=11.5079, Alpha=0.0148, TD-error=0.9643, Beta=1.0000
     41      |    86.96     |   -332.31    |   -349.14    |   -301.17    |   -360.08    |     224      |  ✅ Success  
     42      |   -1675.49   |   -445.86    |   -595.31    |   -530.84    |   -439.15    |     336      |  ❌ Failure  
     43      |    649.47    |   -135.96    |   -141.10    |   -136.13    |   -146.69    |     110      |  ✅ Success  
     44      |    648.90    |   -139.57    |   -143.03    |   -134.19    |   -126.91    |     114      |  ✅ Success  
     45      |   -4127.16   |   -1374.51   |   -1557.42   |   -1668.44   |   -1502.39   |     1000     | ⏱️  Timeout 
     46      |   -2217.33   |   -925.10    |   -1120.78   |   -1072.90   |   -902.80    |     704      |  ✅ Success  
     47      |   -694.20    |   -764.52    |   -773.31    |   -648.03    |   -582.94    |     465      |  ✅ Success  
     48      |    81.99     |   -408.35    |   -365.56    |   -339.01    |   -381.80    |     292      |  ✅ Success  
     49      |   -662.81    |    -54.15    |    -58.26    |    -50.45    |    -56.35    |      45      |  ❌ Failure  
     50      |   -1116.50   |   -234.02    |   -217.46    |   -228.89    |   -209.01    |     183      |  ❌ Failure  
  📊 统计 [Ep 50]: Actor Loss=19.3519, Critic Loss=76.5831, Alpha=0.0210, TD-error=3.1524, Beta=1.0000
     51      |   -1044.72   |   -159.30    |   -177.17    |   -171.99    |   -156.26    |     127      |  ❌ Failure  
     52      |   -529.23    |    -9.98     |    -11.56    |    -11.52    |    -9.89     |      9       |  ❌ Failure  
     53      |   -1868.06   |   -520.94    |   -545.76    |   -499.65    |   -458.98    |     393      |  ❌ Failure  
     54      |    361.36    |   -283.62    |   -292.90    |   -325.10    |   -267.79    |     216      |  ✅ Success  
     55      |   -4271.45   |   -1319.35   |   -1299.20   |   -1361.45   |   -1474.81   |     1000     | ⏱️  Timeout 
     56      |   -3487.61   |   -1086.51   |   -1079.21   |   -932.45    |   -975.36    |     736      |  ❌ Failure  
     57      |   -582.77    |    -34.66    |    -50.77    |    -29.86    |    -35.02    |      26      |  ❌ Failure  
     58      |   -1671.52   |   -449.10    |   -435.36    |   -349.74    |   -435.75    |     355      |  ❌ Failure  
     59      |   -1439.13   |   -858.75    |   -1130.71   |   -844.23    |   -1071.02   |     697      |  ✅ Success  
     60      |   -1809.56   |   -409.11    |   -406.07    |   -332.38    |   -367.15    |     296      |  ❌ Failure  
  📊 统计 [Ep 60]: Actor Loss=19.1629, Critic Loss=127.1597, Alpha=0.0468, TD-error=5.3229, Beta=1.0000
     61      |   -2948.47   |   -1277.53   |   -1269.12   |   -1425.09   |   -1326.26   |     875      |  ✅ Success  
     62      |   -5095.43   |   -1381.53   |   -1554.65   |   -1680.53   |   -1254.00   |     1000     | ⏱️  Timeout 
     63      |   -4912.46   |   -1376.68   |   -1418.17   |   -1314.86   |   -1214.47   |     1000     | ⏱️  Timeout 
     64      |   -1657.36   |   -980.43    |   -763.34    |   -681.06    |   -740.82    |     541      |  ✅ Success  
     65      |   -3729.28   |   -1074.56   |   -1215.04   |   -1053.29   |   -1040.75   |     818      |  ❌ Failure  
     66      |    326.47    |   -233.08    |   -226.64    |   -279.76    |   -295.96    |     189      |  ✅ Success  
     67      |   -4055.02   |   -1409.75   |   -1280.26   |   -1680.83   |   -1394.05   |     1000     | ⏱️  Timeout 
     68      |   -563.85    |    -20.56    |    -21.38    |    -25.34    |    -20.84    |      19      |  ❌ Failure  
     69      |   -640.73    |    -57.95    |    -52.14    |    -51.99    |    -49.68    |      46      |  ❌ Failure  
     70      |   -589.18    |    -31.36    |    -33.67    |    -45.14    |    -28.28    |      29      |  ❌ Failure  
  📊 统计 [Ep 70]: Actor Loss=22.1057, Critic Loss=104.1631, Alpha=0.0418, TD-error=3.8997, Beta=1.0000
     71      |   -1579.12   |   -821.03    |   -881.12    |   -772.13    |   -822.85    |     628      |  ✅ Success  
     72      |   -265.23    |   -452.58    |   -489.69    |   -448.15    |   -531.30    |     340      |  ✅ Success  
     73      |    16.23     |   -392.82    |   -307.93    |   -340.62    |   -354.99    |     281      |  ✅ Success  
     74      |   -572.28    |    -23.46    |    -25.25    |    -24.92    |    -23.60    |      21      |  ❌ Failure  
     75      |   -1265.96   |   -270.41    |   -252.41    |   -231.37    |   -219.12    |     193      |  ❌ Failure  
     76      |   -4498.01   |   -1436.22   |   -1412.53   |   -1318.22   |   -1494.72   |     1000     | ⏱️  Timeout 
     77      |   -1741.57   |   -745.23    |   -737.83    |   -735.83    |   -709.45    |     565      |  ✅ Success  
     78      |   -3110.89   |   -650.14    |   -690.49    |   -615.17    |   -651.04    |     490      |  ❌ Failure  
     79      |   -736.43    |    -84.15    |    -84.09    |    -77.22    |    -79.78    |      64      |  ❌ Failure  
     80      |   -1794.97   |   -1198.24   |   -1149.48   |   -1175.57   |   -1045.57   |     929      |  ✅ Success  
  📊 统计 [Ep 80]: Actor Loss=25.9477, Critic Loss=73.3620, Alpha=0.0682, TD-error=3.9773, Beta=1.0000
     81      |    749.52    |   -151.53    |    -87.51    |    -90.72    |   -113.47    |      80      |  ✅ Success  
     82      |   -2319.45   |   -871.82    |   -830.71    |   -882.89    |   -928.37    |     680      |  ✅ Success  
     83      |   -130.75    |   -434.57    |   -390.92    |   -395.01    |   -404.83    |     340      |  ✅ Success  
     84      |   -127.81    |   -501.47    |   -483.95    |   -478.74    |   -437.52    |     419      |  ✅ Success  
     85      |   -1598.54   |   -855.09    |   -737.71    |   -706.36    |   -708.49    |     612      |  ✅ Success  
     86      |    401.42    |   -335.87    |   -275.93    |   -254.24    |   -239.31    |     251      |  ✅ Success  
     87      |   -4032.00   |   -1270.69   |   -1344.67   |   -1160.14   |   -1213.50   |     1000     | ⏱️  Timeout 
     88      |   -2530.84   |   -1147.11   |   -1012.87   |   -1008.35   |   -1006.49   |     837      |  ✅ Success  
     89      |   -3697.03   |   -1225.15   |   -1115.83   |   -1157.37   |   -1301.19   |     1000     | ⏱️  Timeout 
     90      |   -112.44    |   -430.31    |   -436.39    |   -401.61    |   -401.85    |     346      |  ✅ Success  
  📊 统计 [Ep 90]: Actor Loss=25.7416, Critic Loss=67.1362, Alpha=0.0790, TD-error=3.4095, Beta=1.0000
     91      |   -635.68    |    -43.93    |    -49.26    |    -43.03    |    -43.78    |      39      |  ❌ Failure  
     92      |   -4327.16   |   -1546.82   |   -1162.13   |   -1229.47   |   -1169.66   |     1000     | ⏱️  Timeout 
     93      |   -4903.10   |   -1375.57   |   -1166.67   |   -1303.20   |   -1214.53   |     1000     | ⏱️  Timeout 
     94      |   -4997.88   |   -1335.88   |   -1168.03   |   -1751.56   |   -1240.88   |     1000     | ⏱️  Timeout 
     95      |   -5372.43   |   -1287.45   |   -1233.71   |   -1299.54   |   -1182.89   |     1000     | ⏱️  Timeout 
     96      |   -836.35    |   -620.25    |   -529.45    |   -543.56    |   -557.78    |     472      |  ✅ Success  
     97      |   -3190.89   |   -1474.03   |   -1174.96   |   -1433.73   |   -1284.88   |     1000     | ⏱️  Timeout 
     98      |   -4940.35   |   -1274.19   |   -1237.79   |   -1226.27   |   -1163.55   |     1000     | ⏱️  Timeout 
     99      |   -171.28    |   -321.39    |   -290.34    |   -305.05    |   -301.72    |     262      |  ✅ Success  
    100      |   -5228.98   |   -1399.35   |   -1222.91   |   -1221.12   |   -1167.67   |     1000     | ⏱️  Timeout 
  📊 统计 [Ep 100]: Actor Loss=21.9969, Critic Loss=25.8224, Alpha=0.0277, TD-error=1.9443, Beta=1.0000
    101      |   -4796.95   |   -1279.37   |   -1187.08   |   -1129.62   |   -1199.57   |     1000     | ⏱️  Timeout 
    102      |   -3003.98   |   -1124.22   |   -1085.37   |   -1046.07   |   -1104.16   |     910      |  ✅ Success  
    103      |   -5491.42   |   -1284.03   |   -1162.76   |   -1275.44   |   -1338.64   |     1000     | ⏱️  Timeout 
    104      |   -131.94    |   -332.75    |   -341.01    |   -318.47    |   -398.37    |     277      |  ✅ Success  
    105      |    558.12    |   -156.05    |   -214.03    |   -157.89    |   -153.60    |     135      |  ✅ Success  
    106      |   -5497.08   |   -1258.01   |   -1177.30   |   -1210.65   |   -1242.03   |     1000     | ⏱️  Timeout 
    107      |   -5408.70   |   -1261.17   |   -1188.26   |   -1224.55   |   -1193.95   |     1000     | ⏱️  Timeout 
    108      |    162.68    |   -343.66    |   -342.82    |   -273.01    |   -307.40    |     255      |  ✅ Success  
    109      |   -4942.84   |   -1361.31   |   -1505.55   |   -1143.25   |   -1234.84   |     1000     | ⏱️  Timeout 
    110      |   -5457.77   |   -1262.78   |   -1172.31   |   -1176.79   |   -1168.61   |     1000     | ⏱️  Timeout 
  📊 统计 [Ep 110]: Actor Loss=9.9008, Critic Loss=97.6146, Alpha=0.0254, TD-error=5.1713, Beta=1.0000
    111      |   -4549.98   |   -1262.48   |   -1260.15   |   -1190.49   |   -1146.68   |     1000     | ⏱️  Timeout 
    112      |    299.87    |   -292.25    |   -260.94    |   -277.98    |   -332.45    |     238      |  ✅ Success  
    113      |   -1930.22   |   -961.03    |   -849.04    |   -892.20    |   -838.62    |     727      |  ✅ Success  
    114      |   -1815.46   |   -1248.68   |   -862.82    |   -999.68    |   -855.52    |     737      |  ✅ Success  
    115      |   -3657.40   |   -1723.23   |   -1375.91   |   -1341.68   |   -1414.76   |     1000     | ⏱️  Timeout 
    116      |   -219.02    |   -392.88    |   -341.98    |   -344.98    |   -329.89    |     304      |  ✅ Success  
    117      |    -47.30    |   -449.58    |   -512.42    |   -439.33    |   -439.52    |     368      |  ✅ Success  
    118      |   -3142.81   |   -1397.38   |   -1297.59   |   -1309.73   |   -1182.97   |     1000     | ⏱️  Timeout 
    119      |   -4759.74   |   -1348.97   |   -1434.13   |   -1492.95   |   -1718.01   |     1000     | ⏱️  Timeout 
    120      |    622.34    |   -165.41    |   -159.09    |   -171.50    |   -156.23    |     144      |  ✅ Success  
  📊 统计 [Ep 120]: Actor Loss=19.9546, Critic Loss=10.6330, Alpha=0.0132, TD-error=0.7668, Beta=1.0000
    121      |    701.86    |   -155.77    |   -179.12    |   -129.40    |   -192.60    |     108      |  ✅ Success  
    122      |   -691.78    |    -88.08    |    -82.49    |    -58.61    |   -102.44    |      76      |  ❌ Failure  
    123      |    377.29    |   -240.53    |   -231.48    |   -219.84    |   -234.32    |     197      |  ✅ Success  
    124      |    210.41    |   -338.73    |   -344.14    |   -300.40    |   -347.37    |     252      |  ✅ Success  
    125      |   -1335.04   |   -1019.96   |   -928.73    |   -1010.68   |   -987.16    |     778      |  ✅ Success  
    126      |   -351.30    |   -632.15    |   -588.73    |   -550.28    |   -574.54    |     511      |  ✅ Success  
    127      |    239.45    |   -496.24    |   -332.50    |   -354.10    |   -301.51    |     323      |  ✅ Success  
    128      |    90.51     |   -469.07    |   -470.58    |   -461.17    |   -420.41    |     374      |  ✅ Success  
    129      |    25.56     |   -440.62    |   -419.72    |   -432.85    |   -436.74    |     347      |  ✅ Success  
    130      |   -3273.44   |   -1275.08   |   -1220.70   |   -1215.29   |   -1239.28   |     1000     | ⏱️  Timeout 
  📊 统计 [Ep 130]: Actor Loss=19.2429, Critic Loss=12.4039, Alpha=0.0170, TD-error=0.9747, Beta=1.0000
    131      |    -6.94     |   -701.50    |   -549.13    |   -754.87    |   -559.09    |     567      |  ✅ Success  
    132      |    842.25    |    -65.25    |    -65.79    |    -84.54    |    -66.70    |      62      |  ✅ Success  
    133      |   -5165.92   |   -1348.19   |   -1306.83   |   -1408.81   |   -1322.14   |     1000     | ⏱️  Timeout 
    134      |   -1936.87   |   -1201.57   |   -946.48    |   -1241.32   |   -890.75    |     1000     | ⏱️  Timeout 
    135      |    871.96    |    -58.69    |    -58.79    |   -110.79    |    -72.54    |      52      |  ✅ Success  
    136      |   -2270.22   |   -1314.44   |   -1079.62   |   -1257.73   |   -963.92    |     1000     | ⏱️  Timeout 
    137      |    34.71     |   -406.06    |   -408.55    |   -454.76    |   -381.65    |     355      |  ✅ Success  
    138      |   -2673.51   |   -1208.22   |   -1192.88   |   -1157.36   |   -1272.61   |     1000     | ⏱️  Timeout 
    139      |    737.50    |   -159.94    |   -167.24    |   -152.20    |   -179.00    |     146      |  ✅ Success  
    140      |   -3085.07   |   -1300.01   |   -1106.94   |   -1162.35   |   -1325.65   |     1000     | ⏱️  Timeout 
  📊 统计 [Ep 140]: Actor Loss=17.7263, Critic Loss=18.8884, Alpha=0.0196, TD-error=0.8026, Beta=1.0000
    141      |   -795.84    |   -104.31    |   -105.97    |   -106.65    |   -122.90    |      92      |  ❌ Failure  
    142      |    225.97    |   -796.96    |   -572.45    |   -656.82    |   -517.29    |     627      |  ✅ Success  
    143      |   -985.46    |   -1194.04   |   -888.16    |   -880.14    |   -826.32    |     1000     | ⏱️  Timeout 
    144      |   -538.47    |    -14.22    |    -14.16    |    -14.48    |    -13.87    |      13      |  ❌ Failure  
    145      |    639.62    |   -561.07    |   -414.10    |   -483.85    |   -367.68    |     472      |  ✅ Success  
    146      |   -520.70    |    -6.80     |    -6.85     |    -6.95     |    -10.34    |      6       |  ❌ Failure  
    147      |    755.50    |   -100.85    |   -100.58    |   -103.92    |   -106.05    |      91      |  ✅ Success  
    148      |    808.04    |    -90.29    |    -69.21    |    -92.30    |    -88.20    |      74      |  ✅ Success  
    149      |   -382.29    |   -655.76    |   -574.15    |   -551.70    |   -642.68    |     522      |  ✅ Success  
    150      |   -242.43    |   -1181.74   |   -792.98    |   -692.90    |   -709.10    |     1000     | ⏱️  Timeout 
  📊 统计 [Ep 150]: Actor Loss=16.2430, Critic Loss=35.4867, Alpha=0.0255, TD-error=1.7561, Beta=1.0000
    151      |    758.54    |   -121.67    |   -117.05    |   -126.78    |   -128.07    |     113      |  ✅ Success  
    152      |    595.34    |   -670.50    |   -507.93    |   -465.24    |   -466.85    |     609      |  ✅ Success  
    153      |    392.18    |   -197.61    |   -212.01    |   -207.32    |   -196.06    |     172      |  ✅ Success  
    154      |   -946.88    |   -664.01    |   -562.93    |   -689.76    |   -572.79    |     534      |  ✅ Success  
    155      |    836.36    |   -239.78    |   -157.14    |   -234.01    |   -155.11    |     213      |  ✅ Success  
    156      |   -1260.30   |   -709.08    |   -652.55    |   -726.50    |   -712.17    |     589      |  ✅ Success  
    157      |   -3494.41   |   -1244.77   |   -1065.05   |   -1070.72   |   -980.91    |     1000     | ⏱️  Timeout 
    158      |   -3441.48   |   -1385.22   |   -1078.56   |   -1116.32   |   -1219.85   |     1000     | ⏱️  Timeout 
    159      |   -787.02    |   -733.42    |   -596.28    |   -608.17    |   -592.24    |     563      |  ✅ Success  
    160      |   -3688.08   |   -1265.85   |   -1150.25   |   -1233.15   |   -1154.94   |     1000     | ⏱️  Timeout 
  📊 统计 [Ep 160]: Actor Loss=12.5121, Critic Loss=75.4286, Alpha=0.0376, TD-error=3.1800, Beta=1.0000
    161      |   -3933.72   |   -1335.97   |   -1162.96   |   -1146.67   |   -1121.69   |     1000     | ⏱️  Timeout 
    162      |   -5513.12   |   -1557.43   |   -1529.92   |   -1273.69   |   -1650.50   |     1000     | ⏱️  Timeout 
    163      |    646.99    |   -147.16    |   -144.78    |   -147.40    |   -156.89    |     134      |  ✅ Success  
    164      |    762.51    |   -142.80    |   -122.13    |   -129.12    |   -125.27    |     124      |  ✅ Success  
    165      |   -2887.77   |   -1243.28   |   -1068.32   |   -973.90    |   -981.12    |     1000     | ⏱️  Timeout 
    166      |    543.75    |   -536.82    |   -300.60    |   -373.86    |   -343.17    |     467      |  ✅ Success  
    167      |    876.77    |    -56.51    |    -48.18    |    -76.27    |    -50.52    |      51      |  ✅ Success  
    168      |   -2313.01   |   -1238.78   |   -913.73    |   -929.31    |   -939.12    |     1000     | ⏱️  Timeout 
    169      |    840.54    |    -72.89    |    -67.45    |    -72.31    |   -140.52    |      66      |  ✅ Success  
    170      |   -656.10    |   -469.94    |   -500.73    |   -479.86    |   -412.29    |     392      |  ✅ Success  
  📊 统计 [Ep 170]: Actor Loss=8.6219, Critic Loss=79.0476, Alpha=0.0653, TD-error=4.1512, Beta=1.0000
    171      |   -2231.19   |   -1036.03   |   -815.80    |   -991.60    |   -1124.37   |     863      |  ✅ Success  
    172      |    934.34    |    -33.92    |    -33.74    |    -29.12    |    -32.99    |      31      |  ✅ Success  
    173      |    840.81    |   -156.47    |    -94.47    |    -75.62    |   -118.61    |     128      |  ✅ Success  
    174      |    822.85    |    -89.05    |    -76.86    |    -85.54    |    -89.51    |      82      |  ✅ Success  
    175      |    854.13    |    -68.09    |    -55.38    |    -62.54    |    -66.95    |      55      |  ✅ Success  
    176      |    468.32    |   -239.23    |   -202.82    |   -198.81    |   -202.16    |     175      |  ✅ Success  
    177      |    906.53    |    -48.24    |    -38.39    |    -40.38    |    -41.15    |      36      |  ✅ Success  
    178      |    819.37    |    -84.14    |    -73.07    |    -75.73    |    -74.50    |      68      |  ✅ Success  
    179      |    837.23    |    -68.86    |    -66.14    |    -71.72    |    -74.37    |      63      |  ✅ Success  
    180      |    824.98    |    -97.80    |    -72.22    |    -71.79    |    -72.48    |      67      |  ✅ Success  
  📊 统计 [Ep 180]: Actor Loss=0.8365, Critic Loss=119.9068, Alpha=0.0913, TD-error=6.4937, Beta=1.0000
    181      |    851.65    |    -65.84    |    -57.07    |    -62.33    |    -62.07    |      54      |  ✅ Success  
    182      |    844.11    |    -68.99    |    -77.83    |    -69.13    |    -68.63    |      62      |  ✅ Success  
    183      |    866.58    |    -59.83    |    -57.30    |    -58.31    |    -60.03    |      54      |  ✅ Success  
    184      |    757.58    |   -159.07    |   -113.08    |   -101.60    |   -115.56    |     128      |  ✅ Success  
    185      |    790.10    |    -81.86    |    -92.41    |    -81.62    |    -75.37    |      72      |  ✅ Success  
    186      |   -454.95    |   -552.36    |   -544.14    |   -591.32    |   -527.85    |     436      |  ✅ Success  
    187      |   -3504.23   |   -1271.39   |   -1195.51   |   -1293.70   |   -1389.84   |     1000     | ⏱️  Timeout 
    188      |   -319.98    |   -438.84    |   -416.14    |   -403.31    |   -384.48    |     284      |  ✅ Success  
    189      |    339.25    |   -237.51    |   -176.73    |   -207.38    |   -233.29    |     169      |  ✅ Success  
    190      |    803.90    |    -79.69    |    -78.78    |   -103.64    |    -78.67    |      71      |  ✅ Success  
  📊 统计 [Ep 190]: Actor Loss=-11.3888, Critic Loss=149.2256, Alpha=0.1752, TD-error=6.9652, Beta=1.0000
    191      |   -232.77    |   -500.91    |   -494.62    |   -476.12    |   -526.57    |     356      |  ✅ Success  
    192      |   -530.44    |    -10.55    |    -10.06    |    -10.58    |    -10.15    |      9       |  ❌ Failure  
    193      |    798.42    |    -79.76    |    -78.06    |    -79.76    |    -76.29    |      71      |  ✅ Success  
    194      |   -519.46    |    -7.10     |    -6.81     |    -6.75     |    -6.57     |      6       |  ❌ Failure  
    195      |   -272.67    |   -422.31    |   -434.93    |   -360.23    |   -373.15    |     295      |  ✅ Success  
    196      |    772.47    |   -100.56    |    -92.39    |    -91.76    |    -88.05    |      82      |  ✅ Success  
    197      |   -699.63    |   -669.83    |   -622.83    |   -599.98    |   -568.67    |     525      |  ✅ Success  
    198      |   -994.31    |   -132.72    |   -152.21    |   -127.53    |   -151.20    |     107      |  ❌ Failure  
    199      |   -251.49    |   -440.79    |   -407.18    |   -514.28    |   -491.20    |     335      |  ✅ Success  
    200      |    -19.67    |   -425.39    |   -428.33    |   -391.10    |   -473.93    |     359      |  ✅ Success  
  📊 统计 [Ep 200]: Actor Loss=-5.1320, Critic Loss=105.8645, Alpha=0.1389, TD-error=5.5662, Beta=1.0000
    201      |   -1353.38   |   -233.07    |   -231.92    |   -303.65    |   -217.55    |     171      |  ❌ Failure  
    202      |    -77.12    |   -331.30    |   -302.56    |   -299.88    |   -330.09    |     276      |  ✅ Success  
    203      |   -254.50    |   -415.42    |   -487.89    |   -577.43    |   -401.99    |     277      |  ✅ Success  
    204      |    848.90    |    -81.02    |    -74.34    |    -65.70    |    -79.66    |      75      |  ✅ Success  
    205      |   -1104.86   |   -264.87    |   -193.20    |   -208.65    |   -197.41    |     170      |  ❌ Failure  
    206      |    167.65    |   -226.51    |   -252.32    |   -288.22    |   -217.27    |     149      |  ✅ Success  
    207      |   -669.49    |    -49.82    |    -48.77    |    -49.24    |    -42.74    |      43      |  ❌ Failure  
    208      |   -523.25    |    -7.51     |    -7.97     |    -7.93     |    -8.04     |      7       |  ❌ Failure  
    209      |   -529.75    |    -8.75     |    -9.36     |    -8.99     |    -8.56     |      8       |  ❌ Failure  
    210      |   -3832.78   |   -1383.40   |   -1086.76   |   -1166.46   |   -1158.19   |     1000     | ⏱️  Timeout 
  📊 统计 [Ep 210]: Actor Loss=6.0830, Critic Loss=106.8944, Alpha=0.0897, TD-error=5.3693, Beta=1.0000
    211      |   -4665.29   |   -1232.76   |   -1063.75   |   -1251.87   |   -1967.07   |     1000     | ⏱️  Timeout 
    212      |    312.94    |   -280.23    |   -265.66    |   -269.47    |   -288.71    |     243      |  ✅ Success  
    213      |    35.68     |   -403.03    |   -375.57    |   -361.28    |   -359.73    |     345      |  ✅ Success  
    214      |    75.39     |   -280.73    |   -257.21    |   -280.00    |   -277.66    |     240      |  ✅ Success  
    215      |    804.91    |    -82.34    |    -82.18    |    -77.74    |    -86.64    |      76      |  ✅ Success  
    216      |    730.93    |   -137.50    |   -109.25    |   -133.41    |   -108.35    |      98      |  ✅ Success  
    217      |    866.35    |    -54.54    |    -52.98    |    -58.64    |    -64.78    |      52      |  ✅ Success  
    218      |    852.27    |    -64.42    |    -63.32    |    -63.93    |    -63.92    |      59      |  ✅ Success  
    219      |   -640.90    |    -48.44    |    -43.73    |    -49.10    |    -59.89    |      45      |  ❌ Failure  
    220      |    828.12    |    -74.30    |    -81.23    |    -74.77    |    -73.57    |      70      |  ✅ Success  
  📊 统计 [Ep 220]: Actor Loss=11.4763, Critic Loss=109.7577, Alpha=0.0612, TD-error=5.1649, Beta=1.0000
    221      |   -604.86    |   -654.40    |   -680.31    |   -591.45    |   -590.59    |     510      |  ✅ Success  
    222      |   -194.42    |   -509.63    |   -527.27    |   -526.78    |   -562.36    |     410      |  ✅ Success  
    223      |    793.27    |    -82.76    |    -85.62    |    -80.65    |    -96.60    |      74      |  ✅ Success  
    224      |    880.18    |    -59.57    |    -50.25    |    -54.62    |    -59.58    |      54      |  ✅ Success  
    225      |    572.62    |   -155.73    |   -151.29    |   -155.18    |   -158.82    |     136      |  ✅ Success  
    226      |   -611.19    |    -38.25    |    -37.62    |    -49.78    |    -42.31    |      34      |  ❌ Failure  
    227      |    851.18    |    -66.41    |    -66.36    |    -64.62    |    -60.66    |      63      |  ✅ Success  
    228      |   -545.60    |   -645.24    |   -570.77    |   -559.56    |   -563.06    |     507      |  ✅ Success  
    229      |    692.47    |   -125.31    |   -111.05    |   -115.57    |   -102.00    |     105      |  ✅ Success  
    230      |    721.51    |   -126.99    |   -137.33    |   -117.83    |   -113.10    |     102      |  ✅ Success  
  📊 统计 [Ep 230]: Actor Loss=13.2811, Critic Loss=114.8346, Alpha=0.0655, TD-error=5.3168, Beta=1.0000
    231      |   -2436.61   |   -1195.06   |   -1073.40   |   -1248.39   |   -1076.99   |     925      |  ✅ Success  
    232      |    846.49    |    -63.86    |    -56.90    |    -64.15    |    -63.38    |      57      |  ✅ Success  
    233      |    834.46    |    -83.93    |   -106.17    |    -63.00    |    -63.41    |      64      |  ✅ Success  
    234      |    820.18    |    -64.28    |    -62.80    |    -56.04    |    -62.39    |      56      |  ✅ Success  
    235      |    847.69    |    -77.82    |    -68.51    |    -60.79    |    -72.17    |      68      |  ✅ Success  
    236      |    587.63    |   -190.05    |   -120.57    |   -122.11    |   -121.35    |     114      |  ✅ Success  
    237      |    715.56    |    -94.00    |    -90.86    |    -94.88    |    -92.05    |      83      |  ✅ Success  
    238      |    884.51    |    -50.61    |    -44.78    |    -45.36    |    -47.42    |      42      |  ✅ Success  
    239      |    692.18    |    -93.06    |   -104.51    |   -100.07    |   -102.01    |      90      |  ✅ Success  
    240      |    665.49    |   -105.86    |   -108.83    |   -106.83    |   -107.08    |      95      |  ✅ Success  
  📊 统计 [Ep 240]: Actor Loss=11.7031, Critic Loss=120.5918, Alpha=0.0748, TD-error=5.8936, Beta=1.0000
    241      |    697.37    |    -94.50    |   -149.94    |   -101.53    |    -90.82    |      83      |  ✅ Success  
    242      |    851.78    |    -61.72    |    -58.32    |    -58.93    |    -60.61    |      54      |  ✅ Success  
    243      |    815.39    |    -78.66    |    -79.71    |    -71.00    |    -75.42    |      70      |  ✅ Success  
    244      |    847.20    |    -63.19    |    -58.48    |    -56.24    |    -65.66    |      54      |  ✅ Success  
    245      |    799.73    |    -96.08    |    -66.40    |    -67.83    |    -87.05    |      60      |  ✅ Success  
    246      |    760.31    |    -84.56    |    -88.37    |    -78.35    |    -82.29    |      75      |  ✅ Success  
    247      |    882.82    |    -55.19    |    -46.49    |    -47.84    |    -48.75    |      43      |  ✅ Success  
    248      |    855.22    |    -56.43    |    -51.59    |    -56.02    |    -57.46    |      51      |  ✅ Success  
    249      |    914.03    |    -41.58    |    -32.82    |    -37.73    |    -40.13    |      35      |  ✅ Success  
    250      |    893.36    |    -46.19    |    -46.77    |    -47.03    |    -47.27    |      44      |  ✅ Success  
  📊 统计 [Ep 250]: Actor Loss=9.9854, Critic Loss=142.2095, Alpha=0.0861, TD-error=7.0826, Beta=1.0000
    251      |    445.62    |   -255.54    |   -222.28    |   -237.11    |   -356.74    |     174      |  ✅ Success  
    252      |    623.98    |   -136.80    |   -154.94    |   -132.28    |   -130.86    |     119      |  ✅ Success  
    253      |    182.96    |   -288.10    |   -283.69    |   -304.77    |   -383.99    |     251      |  ✅ Success  
    254      |    751.88    |   -101.51    |    -81.12    |    -83.94    |    -83.16    |      76      |  ✅ Success  
    255      |    865.65    |    -51.64    |    -51.61    |    -51.54    |    -54.17    |      47      |  ✅ Success  
    256      |    846.26    |    -64.24    |    -59.49    |    -61.71    |    -61.97    |      58      |  ✅ Success  
    257      |    854.54    |    -55.08    |    -55.05    |    -57.03    |    -58.20    |      51      |  ✅ Success  
    258      |   -118.06    |   -397.31    |   -496.25    |   -479.86    |   -499.76    |     362      |  ✅ Success  
    259      |    -53.05    |   -354.62    |   -415.65    |   -354.17    |   -412.35    |     290      |  ✅ Success  
    260      |    840.38    |    -61.07    |    -61.02    |    -58.17    |    -60.68    |      55      |  ✅ Success  
  📊 统计 [Ep 260]: Actor Loss=3.6337, Critic Loss=195.3372, Alpha=0.1268, TD-error=8.5707, Beta=1.0000
    261      |    784.02    |    -84.29    |    -76.89    |    -82.81    |    -81.15    |      76      |  ✅ Success  
    262      |    854.46    |    -78.33    |    -62.73    |    -62.18    |    -56.67    |      57      |  ✅ Success  
    263      |    -21.33    |   -321.99    |   -292.25    |   -271.85    |   -262.44    |     224      |  ✅ Success  
    264      |    886.36    |    -50.92    |    -47.48    |    -51.45    |    -45.99    |      47      |  ✅ Success  
    265      |   -1050.75   |   -629.95    |   -761.66    |   -980.54    |   -658.03    |     539      |  ✅ Success  
    266      |   -4072.99   |   -1382.29   |   -1295.40   |   -1263.07   |   -1770.69   |     846      |  ✅ Success  
    267      |    866.68    |    -57.12    |    -57.73    |    -59.34    |    -55.55    |      53      |  ✅ Success  
    268      |    867.16    |    -53.09    |    -51.60    |    -67.36    |    -64.12    |      49      |  ✅ Success  
    269      |    624.27    |   -112.10    |   -108.78    |   -115.13    |   -119.36    |      96      |  ✅ Success  
    270      |    381.22    |   -191.07    |   -185.59    |   -181.19    |   -201.08    |     160      |  ✅ Success  
  📊 统计 [Ep 270]: Actor Loss=5.4329, Critic Loss=180.9578, Alpha=0.1582, TD-error=7.7282, Beta=1.0000
    271      |    859.63    |    -53.99    |    -57.75    |    -72.02    |    -59.49    |      52      |  ✅ Success  
    272      |    874.76    |    -54.27    |    -49.56    |    -68.91    |    -57.77    |      50      |  ✅ Success  
    273      |    812.49    |    -77.84    |    -67.93    |    -65.75    |    -71.16    |      61      |  ✅ Success  
    274      |    759.73    |    -94.08    |    -88.81    |    -90.01    |    -89.20    |      82      |  ✅ Success  
    275      |   -935.24    |   -128.13    |   -124.91    |   -131.95    |   -138.10    |     105      |  ❌ Failure  
    276      |   -608.34    |   -470.43    |   -461.42    |   -528.43    |   -450.03    |     338      |  ✅ Success  
    277      |    779.97    |    -81.07    |   -109.74    |    -83.82    |    -81.53    |      73      |  ✅ Success  
    278      |    874.71    |    -47.03    |    -47.91    |    -47.04    |    -79.17    |      44      |  ✅ Success  
    279      |    836.02    |    -67.38    |    -76.65    |    -64.44    |    -92.77    |      62      |  ✅ Success  
    280      |   -362.99    |   -356.30    |   -363.88    |   -379.26    |   -375.02    |     283      |  ✅ Success  
  📊 统计 [Ep 280]: Actor Loss=2.1279, Critic Loss=213.5244, Alpha=0.1708, TD-error=8.5058, Beta=1.0000
    281      |   -612.13    |   -454.56    |   -464.88    |   -442.17    |   -525.77    |     320      |  ✅ Success  
    282      |    874.74    |    -51.15    |    -50.97    |    -50.32    |    -54.00    |      47      |  ✅ Success  
    283      |    570.13    |   -129.47    |   -128.45    |   -109.64    |   -154.52    |      95      |  ✅ Success  
    284      |    849.00    |    -76.43    |    -57.39    |    -57.24    |    -56.79    |      53      |  ✅ Success  
    285      |    834.92    |    -69.05    |    -68.46    |    -67.83    |    -68.68    |      63      |  ✅ Success  
    286      |    488.37    |   -220.11    |   -176.09    |   -179.30    |   -206.64    |     151      |  ✅ Success  
    287      |    849.67    |    -65.56    |    -60.96    |    -61.88    |    -63.51    |      57      |  ✅ Success  
    288      |   -1199.40   |   -190.49    |   -167.56    |   -244.06    |   -168.50    |     130      |  ❌ Failure  
    289      |    189.95    |   -294.52    |   -260.26    |   -276.79    |   -263.78    |     229      |  ✅ Success  
    290      |   -439.46    |   -496.14    |   -479.05    |   -454.18    |   -416.96    |     334      |  ✅ Success  
  📊 统计 [Ep 290]: Actor Loss=-0.7882, Critic Loss=265.9198, Alpha=0.1797, TD-error=9.7377, Beta=1.0000
    291      |   -710.34    |   -443.07    |   -467.65    |   -573.23    |   -422.37    |     337      |  ✅ Success  
    292      |    824.55    |    -73.39    |    -70.82    |    -70.36    |    -77.01    |      67      |  ✅ Success  
    293      |    352.64    |   -214.23    |   -220.50    |   -197.55    |   -216.66    |     188      |  ✅ Success  
    294      |    815.80    |    -59.98    |    -73.69    |   -111.89    |    -92.69    |      68      |  ✅ Success  
    295      |   -824.14    |   -100.74    |   -102.22    |   -110.97    |   -112.28    |      78      |  ❌ Failure  
    296      |    839.66    |    -70.43    |    -71.69    |    -65.63    |    -63.92    |      65      |  ✅ Success  
    297      |    866.32    |    -55.61    |    -54.65    |    -63.97    |    -52.50    |      50      |  ✅ Success  
    298      |    433.39    |   -349.22    |   -183.79    |   -210.58    |   -189.23    |     159      |  ✅ Success  
    299      |   -4863.27   |   -1214.25   |   -1205.82   |   -1477.52   |   -1347.36   |     1000     | ⏱️  Timeout 
    300      |    609.78    |   -158.93    |   -145.20    |   -164.41    |   -160.81    |     126      |  ✅ Success  
  📊 统计 [Ep 300]: Actor Loss=2.9769, Critic Loss=210.7504, Alpha=0.1929, TD-error=8.4216, Beta=1.0000
    301      |   -6115.85   |   -1894.35   |   -1617.73   |   -1682.36   |   -1356.03   |     1000     | ⏱️  Timeout 
    302      |    768.73    |    -87.12    |    -83.18    |    -81.49    |    -81.97    |      72      |  ✅ Success  
    303      |   -6035.25   |   -1478.97   |   -1532.04   |   -1678.57   |   -1594.49   |     1000     | ⏱️  Timeout 
    304      |   -6241.22   |   -1516.85   |   -1377.87   |   -1535.50   |   -1738.21   |     1000     | ⏱️  Timeout 
    305      |   -1980.49   |   -794.48    |   -754.59    |   -838.53    |   -805.23    |     681      |  ✅ Success  
    306      |    882.18    |    -51.78    |    -52.06    |    -52.18    |    -50.97    |      48      |  ✅ Success  
    307      |   -531.57    |    -8.88     |    -8.79     |    -8.88     |    -9.34     |      8       |  ❌ Failure  
    308      |   -6314.19   |   -1456.14   |   -1425.17   |   -1562.08   |   -1540.65   |     1000     | ⏱️  Timeout 
    309      |   -243.42    |   -336.70    |   -323.69    |   -426.64    |   -405.03    |     267      |  ✅ Success  
    310      |   -6118.69   |   -1453.07   |   -1409.32   |   -1392.20   |   -1419.60   |     1000     | ⏱️  Timeout 
  📊 统计 [Ep 310]: Actor Loss=-4.2849, Critic Loss=177.2115, Alpha=0.1466, TD-error=7.9072, Beta=1.0000
    311      |    626.27    |   -111.94    |   -112.25    |   -110.14    |   -109.49    |      98      |  ✅ Success  
    312      |   -5948.16   |   -1442.53   |   -1396.94   |   -1690.16   |   -1432.43   |     1000     | ⏱️  Timeout 
    313      |   -5484.45   |   -1451.52   |   -1463.74   |   -1385.44   |   -1292.66   |     1000     | ⏱️  Timeout 
    314      |   -6043.97   |   -1463.95   |   -1359.22   |   -1418.91   |   -1283.18   |     1000     | ⏱️  Timeout 
    315      |    858.52    |    -60.27    |    -60.38    |    -66.30    |    -52.38    |      57      |  ✅ Success  
    316      |   -4938.46   |   -1446.85   |   -1487.02   |   -1367.92   |   -1227.94   |     1000     | ⏱️  Timeout 
    317      |    804.80    |    -75.23    |   -106.61    |    -82.90    |    -78.08    |      68      |  ✅ Success  
    318      |    818.54    |    -77.52    |    -66.48    |    -85.69    |    -66.32    |      61      |  ✅ Success  
    319      |   -5786.94   |   -1548.71   |   -1414.14   |   -1546.36   |   -1279.31   |     1000     | ⏱️  Timeout 
    320      |   -5337.30   |   -1510.19   |   -1177.78   |   -1398.68   |   -1259.80   |     1000     | ⏱️  Timeout 
  📊 统计 [Ep 320]: Actor Loss=5.5119, Critic Loss=80.2961, Alpha=0.0846, TD-error=4.1274, Beta=1.0000
    321      |   -5406.37   |   -1433.27   |   -1257.82   |   -1411.21   |   -1226.25   |     1000     | ⏱️  Timeout 
    322      |    210.69    |   -264.52    |   -227.25    |   -281.06    |   -226.27    |     190      |  ✅ Success  
    323      |   -6103.20   |   -1451.94   |   -1227.45   |   -1422.64   |   -1256.99   |     1000     | ⏱️  Timeout 
    324      |   -5609.30   |   -1487.39   |   -1254.15   |   -1347.56   |   -1258.09   |     1000     | ⏱️  Timeout 
    325      |    468.09    |   -157.62    |   -162.00    |   -190.34    |   -169.50    |     143      |  ✅ Success  
    326      |    917.49    |    -34.53    |    -45.16    |    -34.96    |    -34.36    |      31      |  ✅ Success  
    327      |    892.52    |    -41.10    |    -41.93    |    -44.92    |    -60.34    |      39      |  ✅ Success  
    328      |    819.38    |    -71.80    |    -72.00    |    -78.90    |    -73.98    |      66      |  ✅ Success  
    329      |    899.03    |    -39.60    |    -64.97    |    -43.89    |    -40.49    |      36      |  ✅ Success  
    330      |    897.23    |    -49.13    |    -42.17    |    -40.44    |    -45.04    |      41      |  ✅ Success  
  📊 统计 [Ep 330]: Actor Loss=6.7700, Critic Loss=66.4837, Alpha=0.0392, TD-error=3.9545, Beta=1.0000
    331      |   -5680.28   |   -1478.85   |   -1192.51   |   -1502.88   |   -1234.97   |     1000     | ⏱️  Timeout 
    332      |   -5660.84   |   -1479.16   |   -1283.87   |   -1465.68   |   -1299.40   |     1000     | ⏱️  Timeout 
    333      |   -2590.42   |   -975.68    |   -856.77    |   -978.50    |   -820.24    |     669      |  ✅ Success  
    334      |   -218.13    |   -468.53    |   -430.19    |   -450.50    |   -417.88    |     372      |  ✅ Success  
    335      |   -4806.32   |   -1422.55   |   -1355.86   |   -1331.32   |   -1303.08   |     1000     | ⏱️  Timeout 
    336      |     6.39     |   -453.96    |   -284.01    |   -314.10    |   -270.73    |     205      |  ✅ Success  
    337      |    -23.15    |   -291.89    |   -275.49    |   -346.57    |   -285.32    |     237      |  ✅ Success  
    338      |   -129.15    |   -315.10    |   -279.44    |   -317.80    |   -297.93    |     234      |  ✅ Success  
    339      |   -1671.31   |   -932.28    |   -1137.29   |   -926.62    |   -846.52    |     728      |  ✅ Success  
    340      |    872.70    |    -57.58    |    -50.15    |    -72.55    |    -66.94    |      45      |  ✅ Success  
  📊 统计 [Ep 340]: Actor Loss=17.3025, Critic Loss=34.0165, Alpha=0.0256, TD-error=2.0195, Beta=1.0000
    341      |    886.42    |    -43.02    |    -43.79    |    -44.75    |    -48.56    |      39      |  ✅ Success  
    342      |    893.40    |    -50.33    |    -52.15    |    -61.12    |    -46.12    |      45      |  ✅ Success  
    343      |    743.30    |   -120.76    |    -90.48    |    -87.45    |    -86.29    |      77      |  ✅ Success  
    344      |    925.06    |    -32.97    |    -31.21    |    -30.51    |    -32.10    |      29      |  ✅ Success  
    345      |   -595.05    |    -58.26    |    -44.17    |    -43.99    |    -35.51    |      29      |  ❌ Failure  
    346      |    890.90    |    -41.22    |    -43.03    |    -46.55    |    -36.82    |      37      |  ✅ Success  
    347      |    948.06    |    -21.32    |    -38.98    |    -25.70    |    -26.63    |      25      |  ✅ Success  
    348      |    911.17    |    -36.16    |    -38.01    |    -37.99    |    -38.53    |      35      |  ✅ Success  
    349      |   -526.23    |    -8.93     |    -8.96     |    -8.89     |    -9.19     |      8       |  ❌ Failure  
    350      |    917.20    |    -37.83    |    -35.41    |    -36.36    |    -35.98    |      33      |  ✅ Success  
  📊 统计 [Ep 350]: Actor Loss=15.3310, Critic Loss=59.4671, Alpha=0.0268, TD-error=3.2659, Beta=1.0000
    351      |    893.21    |    -40.94    |    -41.77    |    -46.37    |    -45.25    |      38      |  ✅ Success  
    352      |    338.63    |   -219.30    |   -217.20    |   -263.13    |   -230.40    |     178      |  ✅ Success  
    353      |    872.79    |    -53.11    |    -50.17    |    -59.93    |    -54.02    |      45      |  ✅ Success  
    354      |   -2399.74   |   -958.39    |   -1051.74   |   -953.10    |   -926.56    |     790      |  ✅ Success  
    355      |    339.46    |   -214.44    |   -199.04    |   -197.78    |   -180.46    |     158      |  ✅ Success  
    356      |    670.17    |    -98.84    |   -106.79    |   -111.18    |   -104.01    |      83      |  ✅ Success  
    357      |   -4297.34   |   -1299.24   |   -1158.43   |   -1173.59   |   -1272.39   |     1000     | ⏱️  Timeout 
    358      |   -102.94    |   -325.59    |   -314.61    |   -312.63    |   -323.39    |     267      |  ✅ Success  
    359      |    383.12    |   -236.01    |   -214.71    |   -228.20    |   -201.83    |     194      |  ✅ Success  
    360      |    71.95     |   -419.84    |   -342.10    |   -313.60    |   -332.83    |     288      |  ✅ Success  
  📊 统计 [Ep 360]: Actor Loss=-10.3375, Critic Loss=126.8246, Alpha=0.0557, TD-error=5.8738, Beta=1.0000
    361      |    168.87    |   -305.24    |   -290.35    |   -291.12    |   -293.72    |     262      |  ✅ Success  
    362      |    819.50    |    -69.00    |    -68.51    |    -66.53    |    -66.18    |      60      |  ✅ Success  
    363      |    622.77    |   -148.07    |   -122.65    |   -135.83    |   -147.91    |     124      |  ✅ Success  
    364      |   -502.91    |   -648.69    |   -553.31    |   -666.46    |   -649.85    |     575      |  ✅ Success  
    365      |    766.04    |    -91.34    |    -91.90    |    -93.49    |    -97.73    |      81      |  ✅ Success  
    366      |    588.95    |   -127.29    |   -124.31    |   -126.66    |   -122.24    |     109      |  ✅ Success  
    367      |    517.41    |   -157.91    |   -146.81    |   -132.16    |   -140.80    |     107      |  ✅ Success  
    368      |    891.46    |    -43.64    |    -76.11    |    -39.67    |    -46.45    |      38      |  ✅ Success  
    369      |    552.58    |   -176.17    |   -167.11    |   -160.83    |   -166.70    |     146      |  ✅ Success  
    370      |    853.28    |    -62.48    |    -65.13    |    -74.60    |    -58.76    |      56      |  ✅ Success  
  📊 统计 [Ep 370]: Actor Loss=-26.2354, Critic Loss=169.2272, Alpha=0.0875, TD-error=8.8915, Beta=1.0000
    371      |    732.75    |   -117.54    |   -104.76    |   -110.87    |    -99.79    |      89      |  ✅ Success  
    372      |    -95.58    |   -448.57    |   -360.75    |   -559.91    |   -381.73    |     379      |  ✅ Success  
    373      |    702.63    |    -95.27    |    -93.80    |   -113.04    |    -90.36    |      81      |  ✅ Success  
    374      |    757.39    |   -107.23    |    -98.04    |    -93.50    |    -98.70    |      86      |  ✅ Success  
    375      |    916.68    |    -38.21    |    -37.51    |    -36.36    |    -35.03    |      34      |  ✅ Success  
    376      |    794.76    |    -77.66    |    -76.19    |    -76.73    |    -75.66    |      69      |  ✅ Success  
    377      |    727.22    |    -92.95    |    -87.94    |    -88.25    |    -87.47    |      78      |  ✅ Success  
    378      |    472.27    |   -221.31    |   -218.05    |   -378.65    |   -221.21    |     184      |  ✅ Success  
    379      |    900.83    |    -43.30    |    -38.50    |    -44.55    |    -57.37    |      37      |  ✅ Success  
    380      |    895.01    |    -46.68    |    -45.22    |    -45.87    |    -47.37    |      42      |  ✅ Success  
  📊 统计 [Ep 380]: Actor Loss=-10.1997, Critic Loss=154.9050, Alpha=0.1139, TD-error=7.5725, Beta=1.0000
    381      |    782.55    |    -81.22    |    -90.87    |    -77.37    |    -85.27    |      70      |  ✅ Success  
    382      |    813.83    |    -76.96    |    -77.06    |    -77.49    |    -82.31    |      68      |  ✅ Success  
    383      |   -875.57    |   -760.16    |   -614.20    |   -707.75    |   -726.51    |     580      |  ✅ Success  
    384      |    864.10    |    -59.17    |    -54.90    |    -57.40    |    -54.51    |      51      |  ✅ Success  
    385      |    707.72    |   -131.21    |   -126.63    |    -97.85    |    -94.25    |      87      |  ✅ Success  
    386      |   -2048.41   |   -844.83    |   -681.77    |   -827.13    |   -709.10    |     588      |  ✅ Success  
    387      |   -1553.40   |   -714.55    |   -586.90    |   -823.80    |   -673.13    |     527      |  ✅ Success  
    388      |    753.87    |    -97.82    |   -100.73    |    -98.89    |   -101.90    |      88      |  ✅ Success  
    389      |    924.83    |    -33.06    |    -40.42    |    -33.90    |    -41.71    |      31      |  ✅ Success  
    390      |    927.73    |    -31.38    |    -31.07    |    -31.31    |    -31.94    |      29      |  ✅ Success  
  📊 统计 [Ep 390]: Actor Loss=-7.5906, Critic Loss=193.3089, Alpha=0.1271, TD-error=8.6483, Beta=1.0000
    391      |   -4686.47   |   -1392.71   |   -1326.89   |   -1340.19   |   -1313.86   |     1000     | ⏱️  Timeout 
    392      |   -5551.14   |   -1424.57   |   -1161.26   |   -1318.80   |   -1215.11   |     1000     | ⏱️  Timeout 
    393      |   -779.14    |   -468.99    |   -433.19    |   -426.82    |   -415.37    |     351      |  ✅ Success  
    394      |   -1378.30   |   -741.69    |   -606.59    |   -664.89    |   -647.31    |     528      |  ✅ Success  
    395      |    752.10    |    -77.87    |    -91.13    |    -76.70    |    -75.02    |      67      |  ✅ Success  
    396      |    891.91    |    -42.67    |    -44.55    |    -45.30    |    -43.07    |      40      |  ✅ Success  
    397      |    461.33    |   -144.91    |   -142.21    |   -163.51    |   -159.03    |     123      |  ✅ Success  
    398      |    910.96    |    -38.83    |    -42.84    |    -40.43    |    -39.23    |      36      |  ✅ Success  
    399      |    584.32    |   -142.07    |   -112.71    |   -115.83    |   -132.88    |     101      |  ✅ Success  
    400      |    748.13    |    -83.03    |    -80.14    |    -80.24    |    -84.29    |      72      |  ✅ Success  
  📊 统计 [Ep 400]: Actor Loss=-2.7354, Critic Loss=120.7697, Alpha=0.0999, TD-error=6.1913, Beta=1.0000
    401      |   -5668.08   |   -1422.32   |   -1148.38   |   -1539.10   |   -1376.89   |     1000     | ⏱️  Timeout 
    402      |    845.77    |    -66.37    |    -59.40    |    -63.48    |    -60.26    |      55      |  ✅ Success  
    403      |    899.31    |    -36.43    |    -61.11    |    -41.79    |    -38.78    |      36      |  ✅ Success  
    404      |   -5601.63   |   -1461.83   |   -1135.62   |   -1380.00   |   -1207.10   |     1000     | ⏱️  Timeout 
    405      |    904.58    |    -38.31    |    -40.31    |    -38.97    |    -40.26    |      37      |  ✅ Success  
    406      |    859.19    |    -53.24    |    -54.92    |    -53.74    |    -53.08    |      48      |  ✅ Success  
    407      |   -845.34    |   -492.34    |   -479.71    |   -482.12    |   -533.75    |     398      |  ✅ Success  
    408      |    890.69    |    -43.82    |    -44.54    |    -47.40    |    -44.72    |      41      |  ✅ Success  
    409      |    912.42    |    -35.29    |    -39.14    |    -40.46    |    -38.27    |      36      |  ✅ Success  
    410      |   -1247.07   |   -653.49    |   -597.39    |   -665.39    |   -619.32    |     522      |  ✅ Success  
  📊 统计 [Ep 410]: Actor Loss=-11.7349, Critic Loss=146.4599, Alpha=0.1102, TD-error=7.1361, Beta=1.0000
    411      |    398.58    |   -179.44    |   -185.63    |   -181.55    |   -172.83    |     157      |  ✅ Success  
    412      |    891.56    |    -43.10    |    -44.12    |    -43.02    |    -40.87    |      39      |  ✅ Success  
    413      |    853.85    |    -51.99    |    -59.14    |    -56.76    |    -59.50    |      52      |  ✅ Success  
    414      |    909.30    |    -36.81    |    -35.48    |    -34.93    |    -40.48    |      33      |  ✅ Success  
    415      |    814.56    |    -80.81    |    -83.06    |    -77.29    |    -91.09    |      71      |  ✅ Success  
    416      |    98.98     |   -417.71    |   -411.23    |   -422.94    |   -483.80    |     365      |  ✅ Success  
    417      |    866.36    |    -44.27    |    -63.26    |    -44.61    |    -46.38    |      40      |  ✅ Success  
    418      |    750.39    |    -75.51    |    -73.05    |    -74.89    |    -74.94    |      66      |  ✅ Success  
    419      |    922.61    |    -33.76    |    -34.00    |    -33.01    |    -32.55    |      31      |  ✅ Success  
    420      |    906.99    |    -37.48    |    -45.13    |    -37.28    |    -40.11    |      35      |  ✅ Success  
  📊 统计 [Ep 420]: Actor Loss=-14.3400, Critic Loss=164.6530, Alpha=0.1368, TD-error=9.1482, Beta=1.0000
    421      |    792.43    |    -88.92    |    -87.25    |    -94.69    |   -101.88    |      78      |  ✅ Success  
    422      |    652.21    |   -146.65    |   -159.44    |   -148.69    |   -142.12    |     126      |  ✅ Success  
    423      |    665.40    |   -154.39    |   -132.00    |   -165.28    |   -136.04    |     119      |  ✅ Success  
    424      |   -2134.34   |   -893.46    |   -758.02    |   -936.53    |   -940.68    |     671      |  ✅ Success  
    425      |    883.12    |    -49.62    |    -51.03    |    -49.69    |    -50.47    |      46      |  ✅ Success  
    426      |    533.67    |   -213.42    |   -233.87    |   -231.09    |   -214.56    |     191      |  ✅ Success  
    427      |    511.09    |   -228.78    |   -262.37    |   -240.93    |   -214.86    |     186      |  ✅ Success  
    428      |    856.29    |    -57.36    |    -75.46    |    -59.38    |    -60.11    |      53      |  ✅ Success  
    429      |    512.01    |   -153.61    |   -156.97    |   -160.54    |   -155.12    |     130      |  ✅ Success  
    430      |    793.00    |    -97.82    |    -79.21    |    -76.93    |    -77.21    |      71      |  ✅ Success  
  📊 统计 [Ep 430]: Actor Loss=-7.7619, Critic Loss=162.3553, Alpha=0.1672, TD-error=7.7296, Beta=1.0000
    431      |    836.19    |    -72.82    |    -79.60    |    -95.40    |    -69.52    |      65      |  ✅ Success  
    432      |    799.11    |    -76.29    |    -73.80    |    -76.86    |    -79.41    |      68      |  ✅ Success  
    433      |    678.00    |    -99.10    |   -114.70    |    -92.90    |   -100.91    |      82      |  ✅ Success  
    434      |    290.03    |   -197.60    |   -239.73    |   -183.92    |   -214.41    |     160      |  ✅ Success  
    435      |    887.26    |    -45.94    |    -46.30    |    -48.19    |    -45.86    |      42      |  ✅ Success  
    436      |    807.34    |    -80.81    |    -79.10    |    -81.06    |    -80.74    |      71      |  ✅ Success  
    437      |    900.55    |    -48.03    |    -40.92    |    -53.46    |    -35.72    |      37      |  ✅ Success  
    438      |    798.15    |    -59.84    |    -64.46    |    -64.01    |    -63.77    |      57      |  ✅ Success  
    439      |    782.72    |    -67.69    |    -69.11    |    -69.36    |    -67.96    |      60      |  ✅ Success  
    440      |    887.33    |    -42.68    |    -44.57    |    -42.90    |    -44.58    |      39      |  ✅ Success  
  📊 统计 [Ep 440]: Actor Loss=-7.8215, Critic Loss=180.8584, Alpha=0.1776, TD-error=8.9017, Beta=1.0000
    441      |    883.59    |    -48.49    |    -50.44    |    -52.89    |    -50.40    |      44      |  ✅ Success  
    442      |   -651.59    |   -471.05    |   -393.02    |   -396.51    |   -415.11    |     334      |  ✅ Success  
    443      |    678.94    |   -105.73    |   -112.84    |    -94.04    |   -104.05    |      92      |  ✅ Success  
    444      |    706.31    |   -101.35    |    -97.41    |   -106.51    |    -97.92    |      88      |  ✅ Success  
    445      |    781.49    |    -77.94    |    -92.01    |    -73.45    |    -73.92    |      66      |  ✅ Success  
    446      |    798.16    |    -71.85    |    -74.45    |    -77.43    |    -70.54    |      64      |  ✅ Success  
    447      |    770.82    |    -74.42    |    -71.53    |    -70.10    |    -85.99    |      64      |  ✅ Success  
    448      |    435.19    |   -162.84    |   -172.71    |   -157.30    |   -200.49    |     144      |  ✅ Success  
    449      |    144.52    |   -263.57    |   -253.98    |   -247.09    |   -250.66    |     221      |  ✅ Success  
    450      |    918.98    |    -35.57    |    -34.96    |    -36.45    |    -38.88    |      33      |  ✅ Success  
  📊 统计 [Ep 450]: Actor Loss=-14.4321, Critic Loss=260.2230, Alpha=0.2029, TD-error=9.6306, Beta=1.0000
    451      |    895.69    |    -40.98    |    -48.75    |    -41.89    |    -41.09    |      38      |  ✅ Success  
    452      |    848.97    |    -73.14    |    -72.63    |    -85.45    |    -71.86    |      63      |  ✅ Success  
    453      |    237.94    |   -205.54    |   -189.75    |   -205.05    |   -196.21    |     164      |  ✅ Success  
    454      |    528.61    |   -158.74    |   -164.27    |   -155.63    |   -160.22    |     135      |  ✅ Success  
    455      |    807.83    |    -65.92    |    -62.18    |    -63.57    |    -64.56    |      57      |  ✅ Success  
    456      |    309.50    |   -192.56    |   -185.47    |   -183.00    |   -191.50    |     164      |  ✅ Success  
    457      |   -1462.53   |   -742.99    |   -608.89    |   -653.97    |   -723.17    |     537      |  ✅ Success  
    458      |    888.77    |    -46.26    |    -49.01    |    -48.23    |    -51.68    |      43      |  ✅ Success  
    459      |    277.85    |   -265.12    |   -252.59    |   -212.67    |   -252.38    |     182      |  ✅ Success  
    460      |    845.25    |    -50.31    |    -49.96    |    -48.54    |    -53.28    |      45      |  ✅ Success  
  📊 统计 [Ep 460]: Actor Loss=-10.1575, Critic Loss=198.9371, Alpha=0.2440, TD-error=9.5391, Beta=1.0000
    461      |   -2007.08   |   -932.87    |   -782.35    |   -869.21    |   -965.85    |     696      |  ✅ Success  
    462      |   -327.32    |   -372.88    |   -331.93    |   -334.40    |   -325.38    |     281      |  ✅ Success  
    463      |    737.64    |   -107.41    |   -106.05    |   -102.77    |    -98.09    |      96      |  ✅ Success  
    464      |    890.68    |    -44.54    |    -43.07    |    -55.80    |    -43.95    |      40      |  ✅ Success  
    465      |    572.92    |   -178.02    |   -180.91    |   -189.82    |   -179.99    |     154      |  ✅ Success  
    466      |    680.41    |    -97.59    |    -95.16    |    -91.95    |   -110.12    |      83      |  ✅ Success  
    467      |    645.00    |   -106.68    |   -104.84    |   -101.39    |   -102.22    |      90      |  ✅ Success  
    468      |    892.13    |    -40.90    |    -40.99    |    -40.45    |    -54.18    |      38      |  ✅ Success  
    469      |    881.55    |    -46.10    |    -54.78    |    -46.29    |    -49.83    |      43      |  ✅ Success  
    470      |    887.61    |    -49.21    |    -48.98    |    -54.01    |    -49.05    |      45      |  ✅ Success  
  📊 统计 [Ep 470]: Actor Loss=-12.3024, Critic Loss=202.6929, Alpha=0.2429, TD-error=9.0375, Beta=1.0000
    471      |    592.71    |   -143.05    |   -143.25    |   -143.16    |   -131.71    |     118      |  ✅ Success  
    472      |    829.34    |    -65.33    |    -64.13    |    -74.31    |    -61.58    |      57      |  ✅ Success  
    473      |    905.69    |    -40.37    |    -41.92    |    -42.50    |    -40.73    |      38      |  ✅ Success  
    474      |   -150.90    |   -273.77    |   -268.56    |   -306.86    |   -347.80    |     222      |  ✅ Success  
    475      |    849.63    |    -51.94    |    -50.52    |    -50.79    |    -50.43    |      46      |  ✅ Success  
    476      |    633.09    |   -105.03    |   -112.07    |   -113.53    |   -103.38    |      90      |  ✅ Success  
    477      |   -2730.93   |   -1100.30   |   -922.39    |   -922.16    |   -963.11    |     792      |  ✅ Success  
    478      |    454.74    |   -254.97    |   -240.82    |   -247.90    |   -239.94    |     208      |  ✅ Success  
    479      |    604.30    |   -123.64    |   -129.59    |   -126.02    |   -129.12    |     108      |  ✅ Success  
    480      |    861.67    |    -58.92    |    -52.37    |    -56.21    |    -50.92    |      50      |  ✅ Success  
  📊 统计 [Ep 480]: Actor Loss=-19.4177, Critic Loss=206.1074, Alpha=0.2471, TD-error=9.9927, Beta=1.0000
    481      |    582.00    |   -126.59    |   -125.12    |   -127.76    |   -129.65    |     109      |  ✅ Success  
    482      |    551.72    |   -166.90    |   -161.91    |   -168.01    |   -157.79    |     145      |  ✅ Success  
    483      |   -524.46    |    -7.81     |    -8.29     |    -7.50     |    -7.71     |      7       |  ❌ Failure  
    484      |    -59.72    |   -431.47    |   -323.36    |   -398.95    |   -359.27    |     337      |  ✅ Success  
    485      |    926.01    |    -33.07    |    -34.53    |    -48.81    |    -32.14    |      31      |  ✅ Success  
    486      |    777.19    |    -89.92    |   -101.59    |   -116.15    |   -129.72    |      85      |  ✅ Success  
    487      |    759.85    |    -72.32    |    -71.70    |    -82.98    |    -74.27    |      64      |  ✅ Success  
    488      |   -796.40    |   -520.07    |   -473.90    |   -563.59    |   -458.29    |     406      |  ✅ Success  
    489      |    822.65    |    -56.47    |    -54.81    |    -57.18    |    -67.50    |      51      |  ✅ Success  
    490      |    869.27    |    -60.67    |    -79.09    |    -62.86    |    -51.91    |      55      |  ✅ Success  
  📊 统计 [Ep 490]: Actor Loss=-20.4716, Critic Loss=185.1342, Alpha=0.2500, TD-error=9.4895, Beta=1.0000
    491      |    765.70    |    -80.30    |    -75.31    |    -76.77    |    -78.46    |      69      |  ✅ Success  
    492      |    217.99    |   -362.03    |   -426.87    |   -375.58    |   -373.49    |     311      |  ✅ Success  
    493      |   -1104.30   |   -260.04    |   -216.41    |   -221.36    |   -275.18    |     199      |  ❌ Failure  
    494      |    629.96    |   -128.70    |   -107.77    |   -133.95    |   -108.33    |      95      |  ✅ Success  
    495      |    844.41    |    -56.49    |    -56.17    |    -56.56    |    -61.61    |      51      |  ✅ Success  
    496      |   -943.64    |   -147.62    |   -162.04    |   -158.42    |   -163.04    |     119      |  ❌ Failure  
    497      |    900.22    |    -43.20    |    -47.40    |    -54.37    |    -43.56    |      39      |  ✅ Success  
    498      |   -1430.14   |   -829.56    |   -678.09    |   -664.15    |   -665.01    |     578      |  ✅ Success  
    499      |    813.53    |    -65.61    |    -62.71    |    -64.84    |    -63.15    |      57      |  ✅ Success  
✅ 训练数据已保存: /home/zhangpeng/UAV_PATH_PLANNING/runs/exp_baseline_20251029_233830/training_data.pkl
✅ 总奖励曲线已保存: /home/zhangpeng/UAV_PATH_PLANNING/runs/exp_baseline_20251029_233830/plots/total_reward.png
✅ Leader奖励曲线已保存: /home/zhangpeng/UAV_PATH_PLANNING/runs/exp_baseline_20251029_233830/plots/leader_reward.png
✅ Follower奖励曲线已保存: /home/zhangpeng/UAV_PATH_PLANNING/runs/exp_baseline_20251029_233830/plots/follower_reward.png
