📝 日志文件: /home/zhangpeng/UAV_PATH_PLANNING/runs/exp_baseline_20251031_163318/training.log
💡 训练输出将实时保存到日志文件
🚀 启用AMP混合精度训练（预期加速40-100%）
🚀 启用异步数据传输（预期加速10-20%）
SAC训练中...
📊 优先级经验回放（PER）配置:
  - 容量: 20000
  - Alpha: 0.6 (优先级指数)
  - Beta: 0.4 → 1.0 (重要性采样权重)
  - 内存优化: float32 (节省50%内存)

================================================================================
  Episode    |    Leader    |  Follower0   |  Follower1   |    Steps     |    Status   
================================================================================
     0       |   -528.07    |    -3.85     |    -2.96     |      4       |  ❌ Failure  
     1       |   -695.08    |   -496.39    |   -554.86    |     180      |  ✅ Success  
     2       |   -568.88    |    -7.59     |    -7.66     |      9       |  ❌ Failure  
     3       |  -13641.86   |   -2740.20   |   -2321.48   |     1000     | ⏱️  Timeout 
     4       |   -571.76    |    -12.47    |    -9.87     |      8       |  ❌ Failure  
     5       |   -768.75    |    -99.65    |    -39.42    |      39      |  ❌ Failure  
     6       |   -1744.82   |   -207.17    |   -264.70    |     123      |  ❌ Failure  
     7       |   -4530.15   |   -1482.41   |   -1306.81   |     460      |  ✅ Success  
     8       |   -6338.12   |   -2056.16   |   -2335.22   |     789      |  ✅ Success  
     9       |   -594.05    |   -292.52    |   -489.80    |     132      |  ✅ Success  
     10      |    -86.67    |   -269.00    |   -309.05    |     140      |  ✅ Success  
  📊 统计 [Ep 10]: Actor Loss=49.3966, Critic Loss=161.8412, Alpha=0.5139, TD-error=8.7387, Beta=1.0000
     11      |   -706.57    |    -44.92    |    -25.99    |      25      |  ❌ Failure  
     12      |  -13641.30   |   -3366.38   |   -1891.26   |     1000     | ⏱️  Timeout 
     13      |  -12009.72   |   -2041.72   |   -3275.40   |     1000     | ⏱️  Timeout 
     14      |  -13416.11   |   -3331.97   |   -2868.27   |     1000     | ⏱️  Timeout 
     15      |   -1079.13   |   -125.00    |   -115.30    |      60      |  ❌ Failure  
     16      |   -1279.12   |   -400.39    |   -304.78    |     222      |  ✅ Success  
     17      |   -6775.36   |   -2150.24   |   -1871.96   |     794      |  ✅ Success  
     18      |   -4531.61   |   -1180.35   |   -1079.80   |     547      |  ✅ Success  
     19      |   -766.01    |   -373.16    |   -373.95    |     207      |  ✅ Success  
     20      |   -808.68    |    -56.50    |    -61.33    |      33      |  ❌ Failure  
  📊 统计 [Ep 20]: Actor Loss=46.5819, Critic Loss=96.2301, Alpha=0.2000, TD-error=6.1358, Beta=1.0000
     21      |   -994.77    |   -365.49    |   -452.28    |     194      |  ✅ Success  
     22      |   -1780.76   |   -781.14    |   -633.16    |     350      |  ✅ Success  
     23      |   -3007.42   |   -767.63    |   -758.37    |     391      |  ✅ Success  
     24      |   -550.74    |    -4.47     |    -10.43    |      7       |  ❌ Failure  
     25      |   -348.34    |   -219.83    |   -330.26    |     161      |  ✅ Success  
     26      |   -9727.16   |   -2829.63   |   -2600.15   |     1000     | ⏱️  Timeout 
     27      |  -13277.59   |   -1834.97   |   -2382.17   |     1000     | ⏱️  Timeout 
     28      |   -1086.55   |   -661.22    |   -443.03    |     253      |  ✅ Success  
     29      |   -4707.83   |   -1704.11   |   -1154.73   |     584      |  ✅ Success  
     30      |   -3912.89   |   -960.62    |   -1115.03   |     486      |  ✅ Success  
  📊 统计 [Ep 30]: Actor Loss=34.9054, Critic Loss=163.7018, Alpha=0.1800, TD-error=8.5948, Beta=1.0000
     31      |   -5192.21   |   -685.73    |   -1096.32   |     417      |  ❌ Failure  
     32      |   -869.39    |    -78.39    |    -75.14    |      40      |  ❌ Failure  
     33      |   -7299.98   |   -1758.07   |   -2216.83   |     959      |  ✅ Success  
     34      |   -3914.63   |   -786.58    |   -1263.86   |     520      |  ✅ Success  
     35      |   -9789.15   |   -1915.67   |   -2884.19   |     977      |  ✅ Success  
     36      |   -1180.14   |   -552.93    |   -513.97    |     258      |  ✅ Success  
     37      |   -5654.30   |   -1253.05   |   -1606.54   |     422      |  ✅ Success  
     38      |   -5406.74   |   -991.87    |   -787.58    |     599      |  ✅ Success  
     39      |   -3023.87   |   -694.32    |   -620.66    |     360      |  ✅ Success  
     40      |   -1175.44   |   -363.23    |   -355.52    |     199      |  ✅ Success  
  📊 统计 [Ep 40]: Actor Loss=31.2578, Critic Loss=219.2736, Alpha=0.1590, TD-error=10.2256, Beta=1.0000
     41      |   -562.71    |    -5.35     |    -5.14     |      9       |  ❌ Failure  
     42      |  -14216.82   |   -4577.20   |   -2973.65   |     1000     | ⏱️  Timeout 
     43      |   -3089.65   |   -901.09    |   -644.00    |     314      |  ✅ Success  
     44      |  -10520.15   |   -1890.57   |   -1758.11   |     948      |  ✅ Success  
     45      |   -568.32    |    -6.00     |    -6.65     |      11      |  ❌ Failure  
     46      |    181.54    |   -102.22    |   -121.41    |      75      |  ✅ Success  
     47      |    827.44    |    -17.34    |    -44.82    |      31      |  ✅ Success  
     48      |   -3254.85   |   -558.16    |   -1036.60   |     320      |  ✅ Success  
     49      |   -796.91    |   -270.76    |   -367.76    |     159      |  ✅ Success  
     50      |   -850.75    |    -48.10    |    -48.99    |      38      |  ❌ Failure  
  📊 统计 [Ep 50]: Actor Loss=36.2255, Critic Loss=263.8225, Alpha=0.1503, TD-error=10.6831, Beta=1.0000
     51      |   -1743.43   |   -223.29    |   -115.63    |     112      |  ❌ Failure  
     52      |   -1152.28   |   -465.15    |   -366.09    |     245      |  ✅ Success  
     53      |   -894.61    |   -307.03    |   -369.01    |     193      |  ✅ Success  
     54      |   -905.89    |    -69.88    |    -88.00    |      54      |  ❌ Failure  
     55      |   -848.98    |   -276.54    |   -255.95    |     197      |  ✅ Success  
     56      |   -539.65    |    -5.73     |    -4.68     |      6       |  ❌ Failure  
     57      |    737.39    |    -53.29    |    -44.19    |      36      |  ✅ Success  
     58      |   -548.57    |    -3.89     |    -7.17     |      7       |  ❌ Failure  
     59      |   -620.56    |   -235.66    |   -356.62    |     170      |  ✅ Success  
     60      |   -972.53    |   -349.32    |   -380.29    |     194      |  ✅ Success  
  📊 统计 [Ep 60]: Actor Loss=34.7873, Critic Loss=245.6929, Alpha=0.1686, TD-error=10.7764, Beta=1.0000
     61      |   -2403.91   |   -642.31    |   -363.03    |     339      |  ✅ Success  
     62      |  -12446.97   |   -2431.20   |   -2593.76   |     1000     | ⏱️  Timeout 
     63      |   -4350.08   |   -672.52    |   -962.72    |     456      |  ✅ Success  
     64      |  -12181.09   |   -1581.83   |   -2848.74   |     978      |  ✅ Success  
     65      |   -211.99    |   -283.64    |   -204.41    |     180      |  ✅ Success  
     66      |   -658.96    |    -10.71    |    -16.43    |      20      |  ❌ Failure  
     67      |    442.37    |    -89.84    |    -76.92    |      62      |  ✅ Success  
     68      |   -570.34    |    -13.86    |    -9.92     |      10      |  ❌ Failure  
     69      |   -2967.82   |   -450.93    |   -276.83    |     219      |  ❌ Failure  
     70      |    358.78    |    -91.32    |    -78.07    |      68      |  ✅ Success  
  📊 统计 [Ep 70]: Actor Loss=8.1594, Critic Loss=390.1584, Alpha=0.3171, TD-error=15.3557, Beta=1.0000
     71      |   -2274.07   |   -840.51    |   -767.01    |     571      |  ✅ Success  
     72      |    539.51    |    -64.50    |   -111.61    |      66      |  ✅ Success  
     73      |   -240.92    |   -212.51    |   -191.25    |     143      |  ✅ Success  
     74      |   -456.93    |   -152.59    |   -239.68    |     138      |  ✅ Success  
     75      |   -166.81    |   -133.26    |   -186.17    |     105      |  ✅ Success  
     76      |   -1726.88   |   -353.30    |   -611.93    |     231      |  ✅ Success  
     77      |   -1008.49   |   -213.79    |   -289.84    |     166      |  ✅ Success  
     78      |   -1471.19   |   -157.67    |   -121.68    |     102      |  ❌ Failure  
     79      |   -811.91    |   -210.46    |   -268.06    |     164      |  ✅ Success  
     80      |    768.42    |    -60.31    |    -43.03    |      39      |  ✅ Success  
  📊 统计 [Ep 80]: Actor Loss=8.7782, Critic Loss=359.6876, Alpha=0.3280, TD-error=16.3343, Beta=1.0000
     81      |   -208.04    |   -187.57    |   -227.71    |     156      |  ✅ Success  
     82      |   -1547.65   |   -388.77    |   -289.00    |     240      |  ✅ Success  
     83      |   -3638.46   |   -589.03    |   -504.88    |     413      |  ✅ Success  
     84      |   -788.22    |   -311.35    |   -373.72    |     224      |  ✅ Success  
     85      |    105.14    |   -121.76    |   -169.39    |     102      |  ✅ Success  
     86      |    -61.92    |   -284.93    |   -258.74    |     182      |  ✅ Success  
     87      |    169.20    |   -162.77    |   -193.00    |     130      |  ✅ Success  
     88      |    231.59    |   -116.98    |   -119.12    |     111      |  ✅ Success  
     89      |    -17.65    |   -101.54    |   -167.75    |     115      |  ✅ Success  
     90      |   -308.80    |   -206.25    |   -269.58    |     147      |  ✅ Success  
  📊 统计 [Ep 90]: Actor Loss=4.2155, Critic Loss=414.3832, Alpha=0.3596, TD-error=17.0676, Beta=1.0000
     91      |    190.85    |   -108.48    |    -96.24    |      85      |  ✅ Success  
     92      |    -23.70    |   -121.92    |   -154.12    |     102      |  ✅ Success  
     93      |   -1036.15   |    -50.42    |    -70.01    |      61      |  ❌ Failure  
     94      |  -12724.65   |   -1282.15   |   -2158.43   |     1000     | ⏱️  Timeout 
     95      |   -778.55    |   -231.29    |   -270.04    |     175      |  ✅ Success  
     96      |   -1701.90   |   -287.94    |   -460.10    |     232      |  ✅ Success  
     97      |   -2288.13   |   -397.32    |   -303.48    |     281      |  ✅ Success  
     98      |   -488.30    |   -199.13    |   -202.19    |     171      |  ✅ Success  
     99      |    216.83    |   -103.83    |    -90.92    |      82      |  ✅ Success  
    100      |   -1406.65   |   -322.49    |   -217.48    |     210      |  ✅ Success  
  📊 统计 [Ep 100]: Actor Loss=-8.7158, Critic Loss=391.1940, Alpha=0.3419, TD-error=16.2116, Beta=1.0000
    101      |  -12397.70   |   -2034.51   |   -1660.07   |     1000     | ⏱️  Timeout 
    102      |   -4465.67   |   -773.84    |   -577.83    |     451      |  ✅ Success  
    103      |   -5841.17   |   -605.42    |   -1242.38   |     530      |  ✅ Success  
    104      |   -3401.13   |   -486.43    |   -473.80    |     384      |  ✅ Success  
    105      |   -5501.87   |   -827.63    |   -750.16    |     507      |  ✅ Success  
    106      |   -1136.43   |   -275.02    |   -324.44    |     209      |  ✅ Success  
    107      |   -4710.15   |   -782.65    |   -687.48    |     499      |  ✅ Success  
    108      |   -3894.77   |   -330.85    |   -400.38    |     313      |  ❌ Failure  
    109      |    -5.35     |   -127.78    |   -109.32    |     103      |  ✅ Success  
    110      |   -8648.85   |   -870.03    |   -1083.06   |     828      |  ✅ Success  
  📊 统计 [Ep 110]: Actor Loss=-18.3174, Critic Loss=372.4115, Alpha=0.3014, TD-error=15.2613, Beta=1.0000
    111      |   -4061.59   |   -340.59    |   -380.93    |     285      |  ❌ Failure  
    112      |   -4863.61   |   -633.78    |   -594.59    |     477      |  ✅ Success  
    113      |   -1509.18   |   -277.20    |   -272.82    |     227      |  ✅ Success  
    114      |   -1999.56   |   -157.65    |   -190.38    |     127      |  ❌ Failure  
    115      |  -12289.63   |   -1083.44   |   -1579.23   |     1000     | ⏱️  Timeout 
    116      |   -4180.26   |   -495.18    |   -552.27    |     443      |  ✅ Success  
    117      |   -2720.15   |   -358.63    |   -357.69    |     334      |  ✅ Success  
    118      |    102.44    |   -116.89    |   -113.69    |     104      |  ✅ Success  
    119      |    475.76    |    -52.36    |    -61.36    |      66      |  ✅ Success  
    120      |   -2655.00   |   -459.58    |   -451.03    |     329      |  ✅ Success  
  📊 统计 [Ep 120]: Actor Loss=-32.6403, Critic Loss=383.0535, Alpha=0.2527, TD-error=15.9782, Beta=1.0000
    121      |   -2110.97   |   -380.58    |   -348.50    |     263      |  ✅ Success  
    122      |    695.93    |    -58.79    |    -34.09    |      50      |  ✅ Success  
    123      |   -1222.62   |   -232.90    |   -204.39    |     216      |  ✅ Success  
    124      |    175.12    |   -108.62    |    -95.78    |      88      |  ✅ Success  
    125      |    669.28    |    -68.21    |    -54.21    |      48      |  ✅ Success  
    126      |   -563.38    |    -4.53     |    -6.09     |      9       |  ❌ Failure  
    127      |   -583.12    |    -9.53     |    -11.22    |      12      |  ❌ Failure  
    128      |    708.98    |    -47.45    |    -40.28    |      49      |  ✅ Success  
    129      |    575.38    |    -34.51    |    -48.03    |      54      |  ✅ Success  
    130      |    513.77    |    -44.13    |    -36.67    |      59      |  ✅ Success  
  📊 统计 [Ep 130]: Actor Loss=-46.2006, Critic Loss=443.9976, Alpha=0.2824, TD-error=18.5448, Beta=1.0000
    131      |    745.20    |    -28.90    |    -26.41    |      38      |  ✅ Success  
    132      |    418.89    |   -133.13    |   -127.44    |     153      |  ✅ Success  
    133      |   -348.83    |   -157.11    |   -145.26    |     141      |  ✅ Success  
    134      |    670.19    |    -57.98    |    -50.97    |      54      |  ✅ Success  
    135      |    756.27    |    -23.11    |    -32.87    |      38      |  ✅ Success  
    136      |    752.75    |    -45.49    |    -30.55    |      46      |  ✅ Success  
    137      |    703.79    |    -68.07    |    -67.26    |      64      |  ✅ Success  
    138      |    465.38    |    -84.95    |    -81.16    |      85      |  ✅ Success  
    139      |    398.02    |    -52.94    |    -94.60    |      65      |  ✅ Success  
    140      |   -887.57    |   -236.29    |   -305.40    |     263      |  ✅ Success  
  📊 统计 [Ep 140]: Actor Loss=-55.3221, Critic Loss=519.4141, Alpha=0.3135, TD-error=19.6233, Beta=1.0000
    141      |   -724.59    |    -19.10    |    -25.39    |      24      |  ❌ Failure  
    142      |   -569.18    |    -11.56    |    -5.84     |      10      |  ❌ Failure  
    143      |    426.25    |   -102.31    |   -109.63    |      80      |  ✅ Success  
    144      |    817.40    |    -26.63    |    -58.39    |      33      |  ✅ Success  
    145      |    538.82    |    -51.41    |    -63.79    |      56      |  ✅ Success  
    146      |   -3499.78   |   -264.61    |   -217.78    |     271      |  ❌ Failure  
    147      |    806.42    |    -30.17    |    -22.17    |      30      |  ✅ Success  
    148      |   -548.12    |   -197.12    |   -157.00    |     184      |  ✅ Success  
    149      |    873.92    |    -15.17    |    -17.56    |      23      |  ✅ Success  
    150      |   -536.21    |    -4.13     |    -3.92     |      5       |  ❌ Failure  
  📊 统计 [Ep 150]: Actor Loss=-49.6538, Critic Loss=511.5131, Alpha=0.3356, TD-error=20.0372, Beta=1.0000
    151      |   -562.83    |    -4.49     |    -6.34     |      8       |  ❌ Failure  
    152      |   -651.72    |    -15.30    |    -14.44    |      20      |  ❌ Failure  
    153      |   -1384.65   |   -129.82    |    -88.11    |      75      |  ❌ Failure  
    154      |    807.81    |    -20.40    |    -29.01    |      30      |  ✅ Success  
    155      |   -780.14    |    -43.07    |    -25.46    |      37      |  ❌ Failure  
    156      |    693.84    |    -26.18    |    -55.69    |      50      |  ✅ Success  
    157      |    816.70    |    -32.67    |    -22.34    |      33      |  ✅ Success  
    158      |    705.20    |    -39.42    |    -42.30    |      52      |  ✅ Success  
    159      |    677.59    |    -90.21    |    -69.78    |      77      |  ✅ Success  
    160      |    416.87    |    -74.25    |    -45.10    |      65      |  ✅ Success  
  📊 统计 [Ep 160]: Actor Loss=-69.8905, Critic Loss=726.8628, Alpha=0.3381, TD-error=24.4760, Beta=1.0000
    161      |   -494.38    |   -169.80    |   -133.91    |     148      |  ✅ Success  
    162      |   -593.26    |    -8.84     |    -7.86     |      12      |  ❌ Failure  
    163      |    -80.75    |   -147.15    |   -253.34    |     211      |  ✅ Success  
    164      |   -1101.20   |    -64.32    |    -58.82    |      80      |  ❌ Failure  
    165      |    778.18    |    -50.23    |    -24.71    |      32      |  ✅ Success  
    166      |    109.85    |    -98.66    |    -99.56    |      97      |  ✅ Success  
    167      |    851.63    |    -31.84    |    -26.92    |      25      |  ✅ Success  
    168      |    741.70    |    -37.94    |    -41.24    |      47      |  ✅ Success  
    169      |   -557.64    |    -5.46     |    -4.92     |      8       |  ❌ Failure  
    170      |    645.59    |    -37.28    |    -29.22    |      45      |  ✅ Success  
  📊 统计 [Ep 170]: Actor Loss=-93.8315, Critic Loss=1090.2957, Alpha=0.4000, TD-error=29.6985, Beta=1.0000
    171      |    341.39    |    -99.77    |   -101.40    |     106      |  ✅ Success  
    172      |   -998.23    |   -247.26    |   -411.92    |     221      |  ✅ Success  
    173      |   -501.50    |   -265.88    |   -159.24    |     187      |  ✅ Success  
    174      |   -878.76    |    -67.92    |    -27.41    |      47      |  ❌ Failure  
    175      |   -1594.44   |   -156.33    |    -87.96    |      94      |  ❌ Failure  
    176      |    704.95    |    -50.00    |    -37.41    |      47      |  ✅ Success  
    177      |    756.84    |    -22.35    |    -27.96    |      37      |  ✅ Success  
    178      |   -2195.09   |   -334.81    |   -324.69    |     325      |  ✅ Success  
    179      |    548.45    |    -61.82    |    -66.16    |      88      |  ✅ Success  
    180      |   -166.31    |   -122.07    |   -206.22    |     124      |  ✅ Success  
  📊 统计 [Ep 180]: Actor Loss=-112.0755, Critic Loss=1044.1052, Alpha=0.5424, TD-error=32.9487, Beta=1.0000
    181      |   -1131.89   |    -57.53    |    -53.25    |      57      |  ❌ Failure  
    182      |    545.67    |    -80.76    |    -33.37    |      74      |  ✅ Success  
    183      |   -2132.27   |   -359.98    |   -322.76    |     274      |  ✅ Success  
    184      |   -1042.79   |   -173.50    |   -163.72    |     201      |  ✅ Success  
    185      |   -3790.05   |   -599.79    |   -437.26    |     425      |  ✅ Success  
    186      |    527.23    |    -92.57    |    -44.40    |      65      |  ✅ Success  
    187      |   -1067.32   |   -212.46    |   -216.05    |     196      |  ✅ Success  
    188      |   -3848.17   |   -609.96    |   -453.29    |     406      |  ✅ Success  
    189      |   -1390.72   |   -346.13    |   -237.69    |     227      |  ✅ Success  
    190      |   -975.53    |   -173.08    |   -180.01    |     185      |  ✅ Success  
  📊 统计 [Ep 190]: Actor Loss=-111.0600, Critic Loss=945.3541, Alpha=0.7648, TD-error=29.7233, Beta=1.0000
    191      |    623.13    |    -57.61    |    -53.14    |      73      |  ✅ Success  
    192      |    577.77    |    -64.16    |    -46.17    |      50      |  ✅ Success  
    193      |    810.15    |    -23.64    |    -23.37    |      31      |  ✅ Success  
    194      |   -306.24    |   -115.73    |   -138.15    |     126      |  ✅ Success  
    195      |   -980.45    |   -213.78    |   -224.02    |     173      |  ✅ Success  
    196      |   -552.78    |   -133.68    |   -142.59    |     141      |  ✅ Success  
    197      |   -631.61    |   -195.91    |   -152.92    |     150      |  ✅ Success  
    198      |    515.94    |    -64.91    |    -41.97    |      54      |  ✅ Success  
    199      |    240.23    |    -82.50    |    -90.92    |      73      |  ✅ Success  
    200      |    16.44     |   -116.15    |    -92.52    |      98      |  ✅ Success  
  📊 统计 [Ep 200]: Actor Loss=-123.1108, Critic Loss=925.1025, Alpha=0.8257, TD-error=30.1466, Beta=1.0000
    201      |    497.45    |    -74.21    |    -59.67    |      68      |  ✅ Success  
    202      |    858.34    |    -15.07    |    -17.53    |      28      |  ✅ Success  
    203      |   -2818.08   |   -352.43    |   -374.42    |     342      |  ✅ Success  
    204      |   -1913.91   |   -287.19    |   -319.34    |     258      |  ✅ Success  
    205      |   -895.95    |   -211.53    |   -302.96    |     159      |  ✅ Success  
    206      |   -484.43    |   -168.47    |   -140.33    |     133      |  ✅ Success  
    207      |   -304.93    |   -128.52    |   -150.18    |     123      |  ✅ Success  
    208      |    719.46    |    -34.51    |    -32.34    |      40      |  ✅ Success  
    209      |    692.43    |    -36.68    |    -31.74    |      44      |  ✅ Success  
    210      |    506.24    |    -75.00    |    -66.97    |      63      |  ✅ Success  
  📊 统计 [Ep 210]: Actor Loss=-119.8068, Critic Loss=939.4906, Alpha=0.8459, TD-error=29.3407, Beta=1.0000
    211      |   -560.26    |   -141.18    |   -169.61    |     139      |  ✅ Success  
    212      |    545.36    |    -40.05    |    -69.24    |      57      |  ✅ Success  
    213      |    241.75    |    -85.72    |    -76.91    |      80      |  ✅ Success  
    214      |   -2813.27   |   -259.62    |   -204.58    |     194      |  ❌ Failure  
    215      |     4.08     |    -99.89    |    -99.39    |     109      |  ✅ Success  
    216      |    794.75    |    -23.17    |    -29.83    |      32      |  ✅ Success  
    217      |   -265.27    |   -119.46    |   -166.21    |     128      |  ✅ Success  
    218      |   -700.00    |   -153.76    |   -172.57    |     169      |  ✅ Success  
    219      |   -640.52    |   -179.82    |   -200.18    |     155      |  ✅ Success  
    220      |    782.63    |    -26.97    |    -19.90    |      34      |  ✅ Success  
  📊 统计 [Ep 220]: Actor Loss=-129.0881, Critic Loss=913.9598, Alpha=0.7942, TD-error=27.2314, Beta=1.0000
    221      |   -318.94    |   -118.34    |   -136.67    |     123      |  ✅ Success  
    222      |   -516.24    |   -177.83    |   -113.49    |     139      |  ✅ Success  
    223      |   -162.37    |   -106.01    |   -139.05    |     106      |  ✅ Success  
    224      |    659.93    |    -41.60    |    -30.28    |      49      |  ✅ Success  
    225      |   -935.04    |   -219.80    |   -148.44    |     185      |  ✅ Success  
    226      |    426.30    |    -57.65    |    -57.38    |      64      |  ✅ Success  
    227      |   -473.00    |   -139.95    |   -139.31    |     140      |  ✅ Success  
    228      |   -2852.43   |   -417.19    |   -370.35    |     352      |  ✅ Success  
    229      |   -170.73    |    -98.80    |    -92.76    |     108      |  ✅ Success  
    230      |    -25.40    |   -110.30    |    -84.90    |     101      |  ✅ Success  
  📊 统计 [Ep 230]: Actor Loss=-162.9914, Critic Loss=828.7088, Alpha=0.7970, TD-error=26.5117, Beta=1.0000
    231      |   -1312.54   |    -85.90    |    -62.08    |      78      |  ❌ Failure  
    232      |   -796.79    |   -263.17    |   -167.70    |     167      |  ✅ Success  
    233      |   -2902.03   |   -367.13    |   -353.15    |     336      |  ✅ Success  
    234      |   -1049.57   |   -162.54    |   -186.01    |     200      |  ✅ Success  
    235      |    659.67    |    -41.16    |    -27.91    |      51      |  ✅ Success  
    236      |   -2277.15   |   -142.49    |   -135.08    |     150      |  ❌ Failure  
    237      |    -33.89    |   -100.66    |   -105.89    |     112      |  ✅ Success  
    238      |    685.02    |    -42.49    |    -35.90    |      51      |  ✅ Success  
    239      |   -3923.98   |   -270.02    |   -290.06    |     309      |  ❌ Failure  
    240      |    805.39    |    -26.36    |    -25.25    |      31      |  ✅ Success  
  📊 统计 [Ep 240]: Actor Loss=-207.0892, Critic Loss=1099.7243, Alpha=0.8771, TD-error=31.5638, Beta=1.0000
    241      |    403.52    |    -56.10    |    -87.87    |      71      |  ✅ Success  
    242      |   -1832.34   |   -199.97    |   -276.62    |     248      |  ✅ Success  
    243      |   -2523.12   |   -359.57    |   -314.99    |     293      |  ✅ Success  
    244      |    436.65    |    -58.33    |    -54.83    |      63      |  ✅ Success  
    245      |   -498.80    |   -146.43    |   -168.44    |     132      |  ✅ Success  
    246      |    631.54    |    -47.50    |    -31.69    |      52      |  ✅ Success  
    247      |    790.09    |    -41.98    |    -17.89    |      33      |  ✅ Success  
    248      |    651.54    |    -39.42    |    -33.19    |      46      |  ✅ Success  
    249      |    237.16    |   -101.56    |    -64.44    |      74      |  ✅ Success  
    250      |    833.19    |    -21.36    |    -21.98    |      30      |  ✅ Success  
  📊 统计 [Ep 250]: Actor Loss=-180.1758, Critic Loss=811.9263, Alpha=0.8863, TD-error=27.3603, Beta=1.0000
    251      |    761.80    |    -22.42    |    -23.11    |      35      |  ✅ Success  
    252      |    439.35    |    -67.18    |    -59.13    |      65      |  ✅ Success  
    253      |    346.29    |    -69.41    |    -51.23    |      69      |  ✅ Success  
    254      |    458.42    |    -52.53    |    -43.54    |      62      |  ✅ Success  
    255      |    754.43    |    -48.76    |    -30.91    |      39      |  ✅ Success  
    256      |    207.31    |    -80.66    |    -67.07    |      86      |  ✅ Success  
    257      |    489.20    |    -80.87    |    -43.58    |      57      |  ✅ Success  
    258      |    633.25    |    -41.08    |    -32.85    |      46      |  ✅ Success  
    259      |    606.04    |    -56.21    |    -47.02    |      56      |  ✅ Success  
    260      |   -4157.29   |   -1138.94   |   -500.19    |     377      |  ✅ Success  
  📊 统计 [Ep 260]: Actor Loss=-207.0392, Critic Loss=963.1750, Alpha=0.9498, TD-error=29.5507, Beta=1.0000
    261      |    639.81    |    -36.64    |    -40.36    |      52      |  ✅ Success  
    262      |    632.17    |    -33.85    |    -41.57    |      51      |  ✅ Success  
    263      |   -813.44    |   -146.05    |   -203.40    |     179      |  ✅ Success  
    264      |   -561.08    |   -232.91    |   -143.81    |     144      |  ✅ Success  
    265      |   -364.82    |   -184.17    |   -113.76    |     122      |  ✅ Success  
    266      |    402.18    |    -55.58    |    -68.25    |      77      |  ✅ Success  
    267      |    483.78    |    -50.55    |    -51.96    |      68      |  ✅ Success  
    268      |    255.72    |    -61.94    |    -76.08    |      86      |  ✅ Success  
    269      |   -1185.06   |   -193.97    |   -253.33    |     190      |  ✅ Success  
    270      |    411.54    |    -52.78    |    -60.77    |      71      |  ✅ Success  
  📊 统计 [Ep 270]: Actor Loss=-215.1444, Critic Loss=1203.1248, Alpha=1.0468, TD-error=33.6246, Beta=1.0000
    271      |    -9.22     |   -108.03    |    -86.00    |     101      |  ✅ Success  
    272      |   -1345.06   |   -215.79    |   -196.11    |     212      |  ✅ Success  
    273      |    643.37    |    -33.83    |    -28.89    |      48      |  ✅ Success  
    274      |    446.58    |    -36.68    |    -59.79    |      66      |  ✅ Success  
    275      |    494.87    |    -46.00    |    -46.10    |      57      |  ✅ Success  
    276      |    462.05    |    -60.33    |    -66.53    |      79      |  ✅ Success  
    277      |    533.61    |    -46.00    |    -59.26    |      69      |  ✅ Success  
    278      |   -357.86    |   -203.81    |   -115.39    |     130      |  ✅ Success  
    279      |   -3448.16   |   -334.20    |   -672.69    |     392      |  ✅ Success  
    280      |   -1221.93   |    -52.57    |    -58.80    |      69      |  ❌ Failure  
  📊 统计 [Ep 280]: Actor Loss=-193.9128, Critic Loss=1153.0278, Alpha=1.1432, TD-error=34.9323, Beta=1.0000
    281      |    516.48    |    -34.99    |    -34.91    |      60      |  ✅ Success  
    282      |   -912.49    |   -207.05    |   -201.71    |     184      |  ✅ Success  
    283      |    786.55    |    -21.35    |    -23.54    |      35      |  ✅ Success  
    284      |    613.20    |    -74.91    |    -39.43    |      50      |  ✅ Success  
    285      |    768.00    |    -30.35    |    -23.84    |      40      |  ✅ Success  
    286      |   -3146.00   |   -437.27    |   -469.30    |     385      |  ✅ Success  
    287      |    615.85    |    -45.59    |    -66.15    |      82      |  ✅ Success  
    288      |    350.55    |    -62.78    |    -51.18    |      71      |  ✅ Success  
    289      |   -5370.43   |   -1401.58   |   -453.91    |     523      |  ✅ Success  
    290      |    697.48    |    -51.64    |    -21.92    |      41      |  ✅ Success  
  📊 统计 [Ep 290]: Actor Loss=-203.6473, Critic Loss=1207.5501, Alpha=1.1761, TD-error=34.4545, Beta=1.0000
    291      |    285.75    |    -72.06    |    -62.96    |      75      |  ✅ Success  
    292      |    362.24    |    -75.22    |    -47.16    |      74      |  ✅ Success  
    293      |     6.95     |    -97.57    |   -101.35    |      98      |  ✅ Success  
    294      |    502.89    |    -35.95    |    -40.49    |      64      |  ✅ Success  
    295      |    529.42    |    -33.53    |    -49.55    |      62      |  ✅ Success  
    296      |    489.22    |    -43.69    |    -69.07    |      61      |  ✅ Success  
    297      |    772.06    |    -21.47    |    -20.88    |      39      |  ✅ Success  
    298      |    723.82    |    -61.42    |    -20.65    |      39      |  ✅ Success  
    299      |   -1203.98   |   -241.61    |   -177.12    |     189      |  ✅ Success  
    300      |    723.41    |    -31.66    |    -28.14    |      44      |  ✅ Success  
  📊 统计 [Ep 300]: Actor Loss=-200.2500, Critic Loss=1306.4894, Alpha=1.1756, TD-error=34.7085, Beta=1.0000
    301      |    662.28    |    -31.80    |    -38.63    |      47      |  ✅ Success  
    302      |    695.49    |    -34.01    |    -37.62    |      50      |  ✅ Success  
    303      |    -59.90    |   -147.98    |   -193.39    |     118      |  ✅ Success  
    304      |    483.38    |    -46.06    |    -60.34    |      58      |  ✅ Success  
    305      |    788.10    |    -38.46    |    -47.62    |      32      |  ✅ Success  
    306      |    730.76    |    -43.77    |    -24.97    |      40      |  ✅ Success  
    307      |    608.41    |    -31.96    |    -45.16    |      55      |  ✅ Success  
    308      |    -10.45    |    -88.05    |    -71.35    |     104      |  ✅ Success  
    309      |    868.02    |    -17.76    |    -17.62    |      27      |  ✅ Success  
    310      |    293.48    |   -102.79    |    -55.10    |      78      |  ✅ Success  
  📊 统计 [Ep 310]: Actor Loss=-212.9067, Critic Loss=1318.7250, Alpha=1.2362, TD-error=36.9101, Beta=1.0000
    311      |    502.42    |    -42.89    |    -62.70    |      60      |  ✅ Success  
    312      |    749.85    |    -27.22    |    -26.47    |      40      |  ✅ Success  
    313      |    727.27    |    -28.90    |    -39.20    |      51      |  ✅ Success  
    314      |    663.05    |    -31.39    |    -29.78    |      46      |  ✅ Success  
    315      |    317.67    |    -75.76    |    -64.58    |      74      |  ✅ Success  
    316      |    533.96    |    -41.46    |    -42.33    |      58      |  ✅ Success  
    317      |    513.12    |    -49.60    |    -46.20    |      63      |  ✅ Success  
    318      |   -553.18    |    -4.91     |    -6.18     |      7       |  ❌ Failure  
    319      |    789.99    |    -26.17    |    -17.98    |      33      |  ✅ Success  
    320      |    181.35    |    -84.92    |   -135.08    |      82      |  ✅ Success  
  📊 统计 [Ep 320]: Actor Loss=-214.5494, Critic Loss=1625.6956, Alpha=1.2559, TD-error=39.0506, Beta=1.0000
    321      |   -280.69    |   -112.29    |   -151.41    |     126      |  ✅ Success  
    322      |   -338.71    |   -100.58    |   -119.99    |     135      |  ✅ Success  
    323      |    446.43    |    -41.74    |    -51.19    |      65      |  ✅ Success  
    324      |   -257.35    |    -98.78    |   -137.59    |     120      |  ✅ Success  
    325      |   -1519.64   |   -269.32    |   -199.85    |     215      |  ✅ Success  
    326      |    779.51    |    -42.53    |    -25.22    |      33      |  ✅ Success  
    327      |    667.44    |    -48.63    |    -38.66    |      50      |  ✅ Success  
    328      |    526.19    |    -36.35    |    -43.25    |      58      |  ✅ Success  
    329      |    646.32    |    -57.89    |    -31.10    |      46      |  ✅ Success  
    330      |   -551.62    |   -127.74    |   -136.00    |     146      |  ✅ Success  
  📊 统计 [Ep 330]: Actor Loss=-238.9747, Critic Loss=1440.5645, Alpha=1.2695, TD-error=37.3785, Beta=1.0000
    331      |    -94.52    |   -312.74    |   -211.11    |     177      |  ✅ Success  
    332      |   -160.31    |    -93.57    |   -115.28    |     119      |  ✅ Success  
    333      |    759.43    |    -27.30    |    -27.09    |      39      |  ✅ Success  
    334      |   -225.97    |   -164.40    |   -143.70    |     114      |  ✅ Success  
    335      |    654.85    |    -33.56    |    -27.45    |      54      |  ✅ Success  
    336      |   -469.53    |   -135.14    |   -127.02    |     144      |  ✅ Success  
    337      |    249.29    |    -54.99    |    -57.89    |      93      |  ✅ Success  
    338      |    -52.38    |   -100.22    |   -110.86    |     109      |  ✅ Success  
    339      |    479.05    |    -38.23    |    -49.96    |      65      |  ✅ Success  
    340      |    411.41    |    -54.18    |    -72.62    |      73      |  ✅ Success  
  📊 统计 [Ep 340]: Actor Loss=-293.7589, Critic Loss=1664.7379, Alpha=1.3040, TD-error=41.1430, Beta=1.0000
    341      |   -635.76    |   -137.26    |   -139.04    |     133      |  ✅ Success  
    342      |    880.29    |    -24.03    |    -9.30     |      23      |  ✅ Success  
    343      |    267.69    |   -105.66    |    -67.98    |      91      |  ✅ Success  
    344      |    789.40    |    -19.40    |    -21.79    |      34      |  ✅ Success  
    345      |    -15.66    |    -97.16    |    -99.11    |     102      |  ✅ Success  
    346      |    580.90    |    -32.47    |    -39.27    |      53      |  ✅ Success  
    347      |    746.50    |    -22.32    |    -42.77    |      37      |  ✅ Success  
    348      |   -654.03    |   -169.15    |   -177.83    |     139      |  ✅ Success  
    349      |    721.14    |    -25.71    |    -31.71    |      41      |  ✅ Success  
    350      |    140.26    |    -70.69    |    -93.58    |      83      |  ✅ Success  
  📊 统计 [Ep 350]: Actor Loss=-307.5923, Critic Loss=1651.8155, Alpha=1.4076, TD-error=41.2196, Beta=1.0000
    351      |   -538.44    |   -124.66    |   -141.23    |     141      |  ✅ Success  
    352      |    565.02    |    -29.31    |    -45.11    |      59      |  ✅ Success  
    353      |   -597.94    |   -188.80    |   -154.95    |     141      |  ✅ Success  
    354      |    227.85    |    -61.10    |    -71.27    |      83      |  ✅ Success  
    355      |    546.20    |    -63.89    |    -62.96    |      64      |  ✅ Success  
    356      |   -403.56    |   -170.05    |   -175.02    |     127      |  ✅ Success  
    357      |    345.44    |   -137.29    |    -60.10    |      76      |  ✅ Success  
    358      |    525.64    |    -43.17    |    -35.62    |      61      |  ✅ Success  
    359      |    400.56    |    -68.84    |    -72.59    |      63      |  ✅ Success  
    360      |    342.85    |    -71.55    |    -55.23    |      70      |  ✅ Success  
  📊 统计 [Ep 360]: Actor Loss=-343.9980, Critic Loss=1620.3261, Alpha=1.5111, TD-error=40.0320, Beta=1.0000
    361      |   -560.35    |    -5.43     |    -3.30     |      9       |  ❌ Failure  
    362      |    765.94    |    -29.54    |    -20.88    |      42      |  ✅ Success  
    363      |    498.66    |    -42.05    |    -81.28    |      68      |  ✅ Success  
    364      |    839.77    |    -14.65    |    -11.00    |      31      |  ✅ Success  
    365      |    453.36    |    -48.30    |    -69.25    |      61      |  ✅ Success  
    366      |    -3.63     |    -90.62    |    -90.22    |     103      |  ✅ Success  
    367      |    313.58    |    -56.95    |    -63.80    |      74      |  ✅ Success  
    368      |    811.88    |    -35.65    |    -21.01    |      33      |  ✅ Success  
    369      |    707.27    |    -25.83    |    -40.89    |      49      |  ✅ Success  
    370      |    847.41    |    -19.91    |    -36.40    |      26      |  ✅ Success  
  📊 统计 [Ep 370]: Actor Loss=-352.2241, Critic Loss=1582.0538, Alpha=1.5171, TD-error=43.7507, Beta=1.0000
    371      |    861.50    |    -19.78    |    -23.85    |      26      |  ✅ Success  
    372      |    850.42    |    -13.97    |    -16.48    |      27      |  ✅ Success  
    373      |   -166.47    |    -94.37    |   -118.34    |     123      |  ✅ Success  
    374      |    648.92    |    -28.88    |    -30.12    |      47      |  ✅ Success  
    375      |    330.00    |    -74.52    |    -67.09    |      67      |  ✅ Success  
    376      |    230.32    |    -64.41    |    -71.25    |      82      |  ✅ Success  
    377      |    440.66    |    -43.35    |    -46.16    |      68      |  ✅ Success  
    378      |    654.00    |    -34.72    |    -55.37    |      55      |  ✅ Success  
    379      |   -700.27    |   -138.06    |   -138.08    |     155      |  ✅ Success  
    380      |    830.46    |    -20.24    |    -26.56    |      32      |  ✅ Success  
  📊 统计 [Ep 380]: Actor Loss=-380.7499, Critic Loss=1661.1892, Alpha=1.5886, TD-error=42.3263, Beta=1.0000
    381      |    575.91    |    -49.30    |    -39.78    |      50      |  ✅ Success  
    382      |    773.92    |    -56.49    |    -15.00    |      33      |  ✅ Success  
    383      |   -204.38    |    -92.30    |   -110.41    |     115      |  ✅ Success  
    384      |    745.23    |    -16.03    |    -32.17    |      44      |  ✅ Success  
    385      |    690.31    |    -36.45    |    -31.59    |      48      |  ✅ Success  
    386      |   -392.26    |   -112.00    |   -140.70    |     132      |  ✅ Success  
    387      |   -1368.23   |   -211.25    |   -195.64    |     208      |  ✅ Success  
    388      |    606.41    |    -57.99    |    -66.57    |      61      |  ✅ Success  
    389      |    691.35    |    -25.75    |    -23.41    |      48      |  ✅ Success  
    390      |    335.76    |    -79.15    |    -60.15    |      68      |  ✅ Success  
  📊 统计 [Ep 390]: Actor Loss=-382.3305, Critic Loss=1620.5610, Alpha=1.6485, TD-error=40.4522, Beta=1.0000
    391      |    800.93    |    -11.68    |    -23.31    |      41      |  ✅ Success  
    392      |   -1751.94   |   -269.84    |   -234.72    |     247      |  ✅ Success  
    393      |    287.60    |    -74.97    |    -54.16    |      80      |  ✅ Success  
    394      |    518.49    |    -42.08    |    -41.35    |      70      |  ✅ Success  
    395      |    112.09    |    -84.40    |    -94.81    |      94      |  ✅ Success  
    396      |    711.67    |    -21.46    |    -26.34    |      43      |  ✅ Success  
    397      |   -216.57    |   -100.91    |   -138.03    |     120      |  ✅ Success  
    398      |    423.56    |   -100.96    |   -109.08    |     113      |  ✅ Success  
    399      |    670.04    |    -37.25    |    -26.95    |      53      |  ✅ Success  
    400      |    870.44    |    -14.03    |    -15.14    |      26      |  ✅ Success  
  📊 统计 [Ep 400]: Actor Loss=-426.0246, Critic Loss=1796.0305, Alpha=1.7693, TD-error=46.4369, Beta=1.0000
    401      |    -8.59     |   -115.30    |    -95.18    |     110      |  ✅ Success  
    402      |    824.23    |    -32.02    |    -30.68    |      31      |  ✅ Success  
    403      |    222.79    |   -164.05    |   -115.59    |     139      |  ✅ Success  
    404      |    171.26    |    -94.23    |   -129.98    |      76      |  ✅ Success  
    405      |    695.42    |    -32.94    |    -29.91    |      43      |  ✅ Success  
    406      |   -151.40    |    -88.89    |   -117.51    |     112      |  ✅ Success  
    407      |    289.84    |    -61.69    |    -52.45    |      82      |  ✅ Success  
    408      |    706.43    |    -27.89    |    -40.52    |      49      |  ✅ Success  
    409      |    681.12    |    -21.58    |    -51.02    |      51      |  ✅ Success  
    410      |    865.56    |    -6.64     |    -20.77    |      26      |  ✅ Success  
  📊 统计 [Ep 410]: Actor Loss=-446.6618, Critic Loss=1856.3913, Alpha=1.8256, TD-error=45.2211, Beta=1.0000
    411      |    693.00    |    -49.49    |    -25.94    |      43      |  ✅ Success  
    412      |    293.54    |    -81.04    |    -95.09    |      86      |  ✅ Success  
    413      |    -3.63     |    -96.48    |    -75.47    |     117      |  ✅ Success  
    414      |    555.40    |    -46.74    |    -40.98    |      54      |  ✅ Success  
    415      |    723.77    |    -24.32    |    -20.24    |      48      |  ✅ Success  
    416      |    783.62    |    -20.35    |    -25.77    |      42      |  ✅ Success  
    417      |    853.73    |    -9.73     |    -15.74    |      30      |  ✅ Success  
    418      |   -193.29    |   -124.78    |    -96.64    |     132      |  ✅ Success  
    419      |    432.34    |    -46.66    |    -40.21    |      66      |  ✅ Success  
    420      |    274.41    |    -73.37    |    -69.77    |      74      |  ✅ Success  
  📊 统计 [Ep 420]: Actor Loss=-437.9184, Critic Loss=1710.5912, Alpha=1.8157, TD-error=42.4493, Beta=1.0000
    421      |    481.34    |    -45.05    |    -54.67    |      61      |  ✅ Success  
    422      |    119.95    |    -78.54    |    -82.91    |      91      |  ✅ Success  
    423      |   -573.53    |    -7.54     |    -5.44     |      9       |  ❌ Failure  
    424      |    384.00    |    -89.01    |    -45.99    |      76      |  ✅ Success  
    425      |    797.16    |    -21.05    |    -21.44    |      33      |  ✅ Success  
    426      |    710.31    |    -29.85    |    -32.50    |      46      |  ✅ Success  
    427      |   -117.71    |   -130.03    |   -157.62    |     105      |  ✅ Success  
    428      |    474.37    |    -37.31    |    -57.34    |      71      |  ✅ Success  
    429      |   -243.18    |   -129.58    |   -165.03    |     123      |  ✅ Success  
    430      |    794.33    |    -13.65    |    -18.39    |      38      |  ✅ Success  
  📊 统计 [Ep 430]: Actor Loss=-445.4728, Critic Loss=1809.2217, Alpha=1.7902, TD-error=43.4771, Beta=1.0000
    431      |    831.36    |    -12.71    |    -17.30    |      31      |  ✅ Success  
    432      |    677.52    |    -18.56    |    -26.99    |      50      |  ✅ Success  
    433      |    575.69    |    -36.64    |    -43.78    |      57      |  ✅ Success  
    434      |    862.53    |    -36.63    |    -13.44    |      25      |  ✅ Success  
    435      |   -939.91    |   -210.87    |   -224.95    |     169      |  ✅ Success  
    436      |   -551.55    |    -5.91     |    -4.46     |      7       |  ❌ Failure  
    437      |    573.92    |    -39.01    |    -32.65    |      50      |  ✅ Success  
    438      |    598.72    |    -51.59    |    -28.57    |      57      |  ✅ Success  
    439      |    860.94    |    -38.48    |    -11.60    |      26      |  ✅ Success  
    440      |    654.07    |    -37.57    |    -33.10    |      46      |  ✅ Success  
  📊 统计 [Ep 440]: Actor Loss=-472.0769, Critic Loss=1639.9126, Alpha=1.8078, TD-error=47.9585, Beta=1.0000
    441      |    823.27    |    -22.84    |    -12.77    |      34      |  ✅ Success  
    442      |    -27.62    |   -111.05    |    -88.09    |      99      |  ✅ Success  
    443      |    757.95    |    -27.12    |    -22.15    |      37      |  ✅ Success  
    444      |    623.24    |    -28.88    |    -28.73    |      58      |  ✅ Success  
    445      |    873.78    |    -13.56    |    -15.59    |      24      |  ✅ Success  
    446      |    612.38    |    -55.14    |    -32.80    |      54      |  ✅ Success  
    447      |    605.58    |    -41.62    |    -38.29    |      58      |  ✅ Success  
    448      |    837.54    |    -21.46    |    -17.31    |      27      |  ✅ Success  
    449      |    152.76    |    -70.88    |   -117.49    |      80      |  ✅ Success  
    450      |    886.65    |    -14.36    |    -7.74     |      24      |  ✅ Success  
  📊 统计 [Ep 450]: Actor Loss=-492.7241, Critic Loss=2238.5322, Alpha=1.8569, TD-error=48.2134, Beta=1.0000
    451      |    598.53    |    -45.11    |    -69.36    |      51      |  ✅ Success  
    452      |    839.82    |    -32.86    |    -11.43    |      27      |  ✅ Success  
    453      |    553.22    |    -34.65    |    -52.29    |      53      |  ✅ Success  
    454      |    709.36    |    -26.92    |    -24.76    |      41      |  ✅ Success  
    455      |    672.87    |    -37.17    |    -38.09    |      50      |  ✅ Success  
    456      |    641.91    |    -33.84    |    -33.27    |      45      |  ✅ Success  
    457      |    576.15    |    -41.56    |    -49.66    |      65      |  ✅ Success  
    458      |    736.26    |    -29.33    |    -26.56    |      37      |  ✅ Success  
    459      |    105.31    |   -131.83    |   -175.75    |      83      |  ✅ Success  
    460      |    866.59    |    -11.10    |    -14.62    |      25      |  ✅ Success  
  📊 统计 [Ep 460]: Actor Loss=-489.9591, Critic Loss=1870.0596, Alpha=1.8761, TD-error=49.7298, Beta=1.0000
    461      |   -554.30    |    -6.23     |    -7.10     |      7       |  ❌ Failure  
    462      |    882.96    |    -17.31    |    -22.11    |      24      |  ✅ Success  
    463      |    662.01    |    -23.66    |    -78.22    |      47      |  ✅ Success  
    464      |    131.07    |    -88.13    |    -68.44    |      85      |  ✅ Success  
    465      |    840.83    |    -13.91    |    -16.73    |      31      |  ✅ Success  
    466      |    888.96    |    -11.95    |    -10.72    |      23      |  ✅ Success  
    467      |    229.94    |    -80.13    |    -82.13    |      86      |  ✅ Success  
    468      |    805.62    |    -27.47    |    -39.64    |      40      |  ✅ Success  
    469      |    542.04    |    -58.57    |    -39.88    |      62      |  ✅ Success  
    470      |   -1701.40   |   -253.88    |   -223.50    |     243      |  ✅ Success  
  📊 统计 [Ep 470]: Actor Loss=-484.5280, Critic Loss=1922.9343, Alpha=1.9001, TD-error=47.5282, Beta=1.0000
    471      |   -1020.52   |    -50.95    |    -84.53    |      87      |  ❌ Failure  
    472      |   -1185.10   |   -219.34    |   -210.90    |     213      |  ✅ Success  
    473      |    -99.03    |    -85.68    |   -153.80    |     109      |  ✅ Success  
    474      |    -59.86    |    -83.13    |    -91.58    |     105      |  ✅ Success  
    475      |    249.73    |    -69.95    |    -78.34    |      76      |  ✅ Success  
    476      |    855.31    |    -16.29    |    -15.95    |      27      |  ✅ Success  
    477      |    212.21    |    -58.28    |    -69.46    |      78      |  ✅ Success  
    478      |   -693.40    |   -162.06    |   -141.92    |     187      |  ✅ Success  
    479      |   -483.96    |   -123.99    |   -139.30    |     133      |  ✅ Success  
    480      |    144.24    |   -112.03    |    -75.50    |      91      |  ✅ Success  
  📊 统计 [Ep 480]: Actor Loss=-480.2094, Critic Loss=2012.1742, Alpha=1.9473, TD-error=46.3640, Beta=1.0000
    481      |    701.55    |    -24.23    |    -42.81    |      41      |  ✅ Success  
    482      |    808.38    |    -32.45    |    -26.14    |      32      |  ✅ Success  
    483      |    806.06    |    -25.97    |    -27.45    |      31      |  ✅ Success  
    484      |    211.63    |    -68.01    |   -115.21    |      91      |  ✅ Success  
    485      |    875.04    |    -14.77    |    -13.98    |      25      |  ✅ Success  
    486      |    321.10    |    -73.13    |    -75.09    |      79      |  ✅ Success  
    487      |    773.28    |    -18.19    |    -22.82    |      34      |  ✅ Success  
    488      |    262.66    |    -59.91    |    -83.56    |      81      |  ✅ Success  
    489      |    114.86    |   -156.24    |    -74.39    |      83      |  ✅ Success  
    490      |    831.84    |    -9.58     |    -15.79    |      31      |  ✅ Success  
  📊 统计 [Ep 490]: Actor Loss=-470.9123, Critic Loss=1899.2460, Alpha=1.9233, TD-error=47.6674, Beta=1.0000
    491      |    785.00    |    -32.17    |    -16.16    |      35      |  ✅ Success  
    492      |   -532.80    |    -5.92     |    -2.53     |      5       |  ❌ Failure  
    493      |   -6279.38   |   -476.94    |   -1725.15   |     593      |  ✅ Success  
    494      |    273.36    |    -63.15    |    -52.69    |      79      |  ✅ Success  
    495      |   -185.22    |   -142.26    |   -129.05    |     121      |  ✅ Success  
    496      |    519.29    |    -51.34    |    -29.10    |      66      |  ✅ Success  
    497      |   -2751.92   |   -337.82    |   -363.61    |     331      |  ✅ Success  
    498      |    483.91    |    -54.42    |    -47.27    |      62      |  ✅ Success  
    499      |    624.94    |    -47.80    |    -25.12    |      55      |  ✅ Success  
✅ 训练数据已保存: /home/zhangpeng/UAV_PATH_PLANNING/runs/exp_baseline_20251031_163318/training_data.pkl
✅ 总奖励曲线已保存: /home/zhangpeng/UAV_PATH_PLANNING/runs/exp_baseline_20251031_163318/plots/total_reward.png
✅ Leader奖励曲线已保存: /home/zhangpeng/UAV_PATH_PLANNING/runs/exp_baseline_20251031_163318/plots/leader_reward.png
✅ Follower奖励曲线已保存: /home/zhangpeng/UAV_PATH_PLANNING/runs/exp_baseline_20251031_163318/plots/follower_reward.png
