
============================================================
🎓 开始训练
============================================================
  Leader × 1 | Follower × 1 | Episodes: 500
  配置已保存: /home/zhangpeng/UAV_PATH_PLANNING/output/baseline/1follower/config.yaml
  日志已保存: /home/zhangpeng/UAV_PATH_PLANNING/output/baseline/1follower/training_20251025_155817.log
============================================================

Episode   0, Steps:  296, Total: -2129.16, Leader: -1445.40, [F0: -683.75] - ✓ success
Episode   1, Steps:   79, Total: -1100.25, Leader: -970.94, [F0: -129.31] - ✗ failure
Episode   2, Steps:   72, Total: -1469.62, Leader: -1109.12, [F0: -360.50] - ✗ failure
Episode   3, Steps: 1000, Total: -20040.90, Leader: -16208.39, [F0: -3832.51] - ⏱ timeout
Episode   4, Steps: 1000, Total: -18473.87, Leader: -13647.50, [F0: -4826.37] - ⏱ timeout
Episode   5, Steps:  840, Total: -11564.44, Leader: -9465.40, [F0: -2099.05] - ✓ success
Episode   6, Steps: 1000, Total: -17983.72, Leader: -15432.43, [F0: -2551.29] - ⏱ timeout
Episode   7, Steps:   64, Total:  814.56, Leader:  848.46, [F0: -33.90] - ✓ success
Episode   8, Steps:  112, Total:  118.99, Leader:  270.21, [F0: -151.22] - ✓ success
Episode   9, Steps: 1000, Total: -16449.78, Leader: -14809.03, [F0: -1640.76] - ⏱ timeout
Episode  10, Steps: 1000, Total: -14721.27, Leader: -13237.68, [F0: -1483.59] - ⏱ timeout
Episode  11, Steps:  172, Total: -286.20, Leader: -107.57, [F0: -178.62] - ✓ success
Episode  12, Steps:  218, Total: -352.85, Leader:  -48.70, [F0: -304.15] - ✓ success
Episode  13, Steps:    7, Total: -536.22, Leader: -532.45, [F0: -3.76] - ✗ failure
Episode  14, Steps:  105, Total:  244.14, Leader:  383.02, [F0: -138.88] - ✓ success
Episode  15, Steps: 1000, Total: -16968.50, Leader: -14512.05, [F0: -2456.45] - ⏱ timeout
Episode  16, Steps: 1000, Total: -16139.07, Leader: -14512.10, [F0: -1626.97] - ⏱ timeout
Episode  17, Steps: 1000, Total: -15108.02, Leader: -13496.58, [F0: -1611.43] - ⏱ timeout
Episode  18, Steps:  229, Total: -613.98, Leader: -313.53, [F0: -300.44] - ✓ success
Episode  19, Steps:   26, Total:  913.30, Leader:  931.83, [F0: -18.54] - ✓ success
Episode  20, Steps: 1000, Total: -14444.08, Leader: -12863.06, [F0: -1581.02] - ⏱ timeout
Episode  21, Steps: 1000, Total: -14160.94, Leader: -13239.45, [F0: -921.49] - ⏱ timeout
Episode  22, Steps:   38, Total:  852.02, Leader:  897.92, [F0: -45.90] - ✓ success
Episode  23, Steps:   29, Total:  900.25, Leader:  920.76, [F0: -20.51] - ✓ success
Episode  24, Steps:   44, Total:  806.96, Leader:  853.76, [F0: -46.80] - ✓ success
Episode  25, Steps:   53, Total:  755.38, Leader:  824.51, [F0: -69.13] - ✓ success
Episode  26, Steps:   19, Total: -604.12, Leader: -593.04, [F0: -11.08] - ✗ failure
Episode  27, Steps:   35, Total:  868.27, Leader:  898.37, [F0: -30.10] - ✓ success
Episode  28, Steps:   36, Total:  874.66, Leader:  907.88, [F0: -33.23] - ✓ success
Episode  29, Steps:   98, Total:  770.37, Leader:  833.85, [F0: -63.49] - ✓ success
Episode  30, Steps:   37, Total:  872.94, Leader:  894.92, [F0: -21.99] - ✓ success
Episode  31, Steps:   34, Total:  885.39, Leader:  904.96, [F0: -19.57] - ✓ success
Episode  32, Steps:  117, Total:  341.01, Leader:  432.18, [F0: -91.17] - ✓ success
Episode  33, Steps:   53, Total:  821.52, Leader:  862.59, [F0: -41.08] - ✓ success
Episode  34, Steps:   27, Total:  912.95, Leader:  942.72, [F0: -29.77] - ✓ success
Episode  35, Steps:   50, Total:  857.86, Leader:  895.49, [F0: -37.63] - ✓ success
Episode  36, Steps:    8, Total: -530.43, Leader: -528.40, [F0: -2.03] - ✗ failure
Episode  37, Steps:   34, Total:  889.96, Leader:  905.08, [F0: -15.12] - ✓ success
Episode  38, Steps:   28, Total:  916.27, Leader:  941.10, [F0: -24.83] - ✓ success
Episode  39, Steps:   10, Total: -529.41, Leader: -533.64, [F0: 4.22] - ✗ failure
Episode  40, Steps:   28, Total:  899.26, Leader:  933.63, [F0: -34.37] - ✓ success
Episode  41, Steps:    7, Total: -521.10, Leader: -523.82, [F0: 2.71] - ✗ failure
Episode  42, Steps:   14, Total: -563.69, Leader: -550.95, [F0: -12.74] - ✗ failure
Episode  43, Steps:   26, Total:  910.51, Leader:  933.73, [F0: -23.22] - ✓ success
Episode  44, Steps:   38, Total:  899.28, Leader:  907.50, [F0: -8.22] - ✓ success
Episode  45, Steps:   25, Total:  925.49, Leader:  938.89, [F0: -13.40] - ✓ success
Episode  46, Steps: 1000, Total: -12724.54, Leader: -11850.01, [F0: -874.53] - ⏱ timeout
Episode  47, Steps:   27, Total:  912.20, Leader:  930.59, [F0: -18.40] - ✓ success
Episode  48, Steps:   22, Total:  958.16, Leader:  965.81, [F0: -7.65] - ✓ success
Episode  49, Steps:   42, Total:  912.10, Leader:  922.51, [F0: -10.42] - ✓ success
Episode  50, Steps:   79, Total:  807.18, Leader:  851.51, [F0: -44.33] - ✓ success
Episode  51, Steps:   54, Total:  838.13, Leader:  887.68, [F0: -49.56] - ✓ success
Episode  52, Steps:    7, Total: -532.54, Leader: -529.30, [F0: -3.24] - ✗ failure
Episode  53, Steps:   49, Total:  847.01, Leader:  888.76, [F0: -41.74] - ✓ success
Episode  54, Steps:   26, Total:  923.28, Leader:  939.54, [F0: -16.26] - ✓ success
Episode  55, Steps:  102, Total:  453.66, Leader:  549.95, [F0: -96.29] - ✓ success
Episode  56, Steps:    3, Total: -514.72, Leader: -513.16, [F0: -1.56] - ✗ failure
Episode  57, Steps:  629, Total: -6210.36, Leader: -5674.24, [F0: -536.12] - ✓ success
Episode  58, Steps:  103, Total:  392.59, Leader:  471.34, [F0: -78.76] - ✓ success
Episode  59, Steps:   36, Total:  871.51, Leader:  906.79, [F0: -35.29] - ✓ success
Episode  60, Steps:   32, Total:  867.67, Leader:  909.73, [F0: -42.06] - ✓ success
Episode  61, Steps: 1000, Total: -8887.49, Leader: -7720.92, [F0: -1166.57] - ⏱ timeout
Episode  62, Steps:  390, Total: -328.23, Leader:   -7.06, [F0: -321.17] - ✓ success
Episode  63, Steps:   22, Total:  946.41, Leader:  951.89, [F0: -5.48] - ✓ success
Episode  64, Steps:    9, Total: -546.24, Leader: -531.95, [F0: -14.29] - ✗ failure
Episode  65, Steps:   55, Total:  899.02, Leader:  917.47, [F0: -18.44] - ✓ success
Episode  66, Steps:   30, Total:  912.68, Leader:  928.81, [F0: -16.12] - ✓ success
Episode  67, Steps:   25, Total:  950.06, Leader:  951.43, [F0: -1.37] - ✓ success
Episode  68, Steps:   51, Total:  849.69, Leader:  888.23, [F0: -38.53] - ✓ success
Episode  69, Steps:   29, Total:  916.54, Leader:  928.89, [F0: -12.36] - ✓ success
Episode  70, Steps:   23, Total:  947.53, Leader:  952.34, [F0: -4.81] - ✓ success
Episode  71, Steps:   35, Total:  912.60, Leader:  930.82, [F0: -18.22] - ✓ success
Episode  72, Steps:   39, Total:  887.50, Leader:  907.43, [F0: -19.93] - ✓ success
Episode  73, Steps:   40, Total:  873.53, Leader:  896.65, [F0: -23.12] - ✓ success
Episode  74, Steps:   51, Total:  736.81, Leader:  789.77, [F0: -52.96] - ✓ success
Episode  75, Steps:   33, Total:  859.36, Leader:  892.01, [F0: -32.65] - ✓ success
Episode  76, Steps:   69, Total:  810.81, Leader:  858.25, [F0: -47.44] - ✓ success
Episode  77, Steps:   56, Total:  836.48, Leader:  887.94, [F0: -51.46] - ✓ success
Episode  78, Steps:  255, Total:  471.15, Leader:  559.75, [F0: -88.60] - ✓ success
Episode  79, Steps:   32, Total:  896.66, Leader:  914.80, [F0: -18.13] - ✓ success
Episode  80, Steps:    8, Total: -536.83, Leader: -532.78, [F0: -4.05] - ✗ failure
Episode  81, Steps:   42, Total:  833.31, Leader:  882.50, [F0: -49.19] - ✓ success
Episode  82, Steps:    4, Total: -516.56, Leader: -514.94, [F0: -1.63] - ✗ failure
Episode  83, Steps:   30, Total:  917.60, Leader:  929.10, [F0: -11.50] - ✓ success
Episode  84, Steps:    8, Total: -531.60, Leader: -531.36, [F0: -0.24] - ✗ failure
Episode  85, Steps:   61, Total:  841.26, Leader:  878.86, [F0: -37.60] - ✓ success
Episode  86, Steps:   27, Total:  970.80, Leader:  957.37, [F0: 13.43] - ✓ success
Episode  87, Steps:   70, Total:  880.11, Leader:  884.22, [F0: -4.11] - ✓ success
Episode  88, Steps:   75, Total:  745.20, Leader:  792.49, [F0: -47.29] - ✓ success
Episode  89, Steps:   27, Total:  893.92, Leader:  933.82, [F0: -39.90] - ✓ success
Episode  90, Steps:   35, Total:  876.40, Leader:  909.42, [F0: -33.02] - ✓ success
Episode  91, Steps:   31, Total:  911.32, Leader:  923.31, [F0: -12.00] - ✓ success
Episode  92, Steps:   36, Total:  918.19, Leader:  926.90, [F0: -8.71] - ✓ success
Episode  93, Steps:   41, Total:  835.64, Leader:  889.47, [F0: -53.84] - ✓ success
Episode  94, Steps:   46, Total:  895.03, Leader:  908.62, [F0: -13.59] - ✓ success
Episode  95, Steps:   10, Total: -553.00, Leader: -545.89, [F0: -7.12] - ✗ failure
Episode  96, Steps:  105, Total:  398.92, Leader:  461.48, [F0: -62.56] - ✓ success
Episode  97, Steps:   91, Total:  859.15, Leader:  873.64, [F0: -14.49] - ✓ success
Episode  98, Steps:   69, Total:  845.32, Leader:  876.05, [F0: -30.73] - ✓ success
Episode  99, Steps:   35, Total:  851.18, Leader:  890.45, [F0: -39.27] - ✓ success
Episode 100, Steps:   20, Total:  973.66, Leader:  968.63, [F0: 5.03] - ✓ success
Episode 101, Steps:   30, Total:  920.55, Leader:  926.72, [F0: -6.17] - ✓ success
Episode 102, Steps:   33, Total:  920.07, Leader:  930.87, [F0: -10.80] - ✓ success
Episode 103, Steps:   43, Total:  836.10, Leader:  860.88, [F0: -24.78] - ✓ success
Episode 104, Steps:   30, Total:  953.36, Leader:  945.39, [F0: 7.97] - ✓ success
Episode 105, Steps:   81, Total:  736.30, Leader:  796.66, [F0: -60.36] - ✓ success
Episode 106, Steps:   42, Total:  899.88, Leader:  904.86, [F0: -4.98] - ✓ success
Episode 107, Steps:   42, Total:  851.82, Leader:  875.25, [F0: -23.42] - ✓ success
Episode 108, Steps:   22, Total:  932.34, Leader:  945.19, [F0: -12.85] - ✓ success
Episode 109, Steps:   21, Total:  973.93, Leader:  968.00, [F0: 5.93] - ✓ success
Episode 110, Steps:  112, Total:  726.27, Leader:  775.99, [F0: -49.72] - ✓ success
Episode 111, Steps:    7, Total: -535.42, Leader: -530.50, [F0: -4.92] - ✗ failure
Episode 112, Steps:   28, Total:  955.00, Leader:  947.05, [F0: 7.95] - ✓ success
Episode 113, Steps:   16, Total: -568.92, Leader: -562.07, [F0: -6.85] - ✗ failure
Episode 114, Steps:   35, Total:  866.29, Leader:  899.23, [F0: -32.94] - ✓ success
Episode 115, Steps:   73, Total:  678.54, Leader:  722.06, [F0: -43.51] - ✓ success
Episode 116, Steps:   21, Total:  958.11, Leader:  959.13, [F0: -1.02] - ✓ success
Episode 117, Steps:   46, Total:  860.27, Leader:  874.30, [F0: -14.03] - ✓ success
Episode 118, Steps:   40, Total:  889.93, Leader:  909.32, [F0: -19.39] - ✓ success
Episode 119, Steps:   23, Total:  939.23, Leader:  949.21, [F0: -9.97] - ✓ success
Episode 120, Steps:   27, Total:  934.09, Leader:  939.72, [F0: -5.63] - ✓ success
Episode 121, Steps:   26, Total:  952.28, Leader:  949.32, [F0: 2.95] - ✓ success
Episode 122, Steps:   37, Total:  887.58, Leader:  913.28, [F0: -25.70] - ✓ success
Episode 123, Steps:   35, Total:  885.91, Leader:  912.30, [F0: -26.39] - ✓ success
Episode 124, Steps:   39, Total:  928.56, Leader:  930.88, [F0: -2.32] - ✓ success
Episode 125, Steps:   44, Total:  873.37, Leader:  886.49, [F0: -13.12] - ✓ success
Episode 126, Steps:   29, Total:  925.79, Leader:  931.36, [F0: -5.57] - ✓ success
Episode 127, Steps:   74, Total:  824.60, Leader:  840.91, [F0: -16.30] - ✓ success
Episode 128, Steps:   24, Total:  937.71, Leader:  948.35, [F0: -10.64] - ✓ success
Episode 129, Steps:   73, Total:  864.71, Leader:  886.64, [F0: -21.93] - ✓ success
Episode 130, Steps:  122, Total:  710.39, Leader:  733.02, [F0: -22.63] - ✓ success
Episode 131, Steps:   35, Total:  897.13, Leader:  914.68, [F0: -17.55] - ✓ success
Episode 132, Steps:   75, Total:  844.51, Leader:  864.98, [F0: -20.47] - ✓ success
Episode 133, Steps:   65, Total:  875.91, Leader:  889.74, [F0: -13.83] - ✓ success
Episode 134, Steps:   42, Total:  874.71, Leader:  892.23, [F0: -17.52] - ✓ success
Episode 135, Steps:   58, Total:  834.43, Leader:  859.56, [F0: -25.13] - ✓ success
Episode 136, Steps:   28, Total:  927.59, Leader:  933.37, [F0: -5.78] - ✓ success
Episode 137, Steps:    6, Total: -532.88, Leader: -528.98, [F0: -3.90] - ✗ failure
Episode 138, Steps:   48, Total:  835.12, Leader:  862.07, [F0: -26.95] - ✓ success
Episode 139, Steps:   24, Total:  920.66, Leader:  935.52, [F0: -14.86] - ✓ success
Episode 140, Steps:   24, Total:  929.04, Leader:  940.88, [F0: -11.84] - ✓ success
Episode 141, Steps:   32, Total:  896.93, Leader:  911.35, [F0: -14.42] - ✓ success
Episode 142, Steps:   65, Total:  850.22, Leader:  864.95, [F0: -14.72] - ✓ success
Episode 143, Steps:    8, Total: -552.54, Leader: -530.74, [F0: -21.80] - ✗ failure
Episode 144, Steps:   26, Total:  956.93, Leader:  953.96, [F0: 2.97] - ✓ success
Episode 145, Steps:   38, Total:  938.16, Leader:  937.46, [F0: 0.70] - ✓ success
Episode 146, Steps:   31, Total:  928.69, Leader:  927.91, [F0: 0.78] - ✓ success
Episode 147, Steps:   25, Total:  956.37, Leader:  953.16, [F0: 3.21] - ✓ success
Episode 148, Steps:   33, Total:  928.79, Leader:  927.25, [F0: 1.55] - ✓ success
Episode 149, Steps:   31, Total:  922.87, Leader:  935.45, [F0: -12.58] - ✓ success
Episode 150, Steps:    3, Total: -514.51, Leader: -513.03, [F0: -1.48] - ✗ failure
Episode 151, Steps:  101, Total:  816.47, Leader:  844.52, [F0: -28.05] - ✓ success
Episode 152, Steps:    5, Total: -527.03, Leader: -522.50, [F0: -4.53] - ✗ failure
Episode 153, Steps:   25, Total:  949.67, Leader:  949.80, [F0: -0.13] - ✓ success
Episode 154, Steps:   23, Total:  945.49, Leader:  950.13, [F0: -4.64] - ✓ success
Episode 155, Steps:   34, Total:  899.73, Leader:  904.46, [F0: -4.73] - ✓ success
Episode 156, Steps:   36, Total:  900.61, Leader:  906.32, [F0: -5.71] - ✓ success
Episode 157, Steps:   64, Total:  854.18, Leader:  870.13, [F0: -15.95] - ✓ success
Episode 158, Steps:   33, Total:  905.03, Leader:  915.02, [F0: -9.99] - ✓ success
Episode 159, Steps:   25, Total:  930.01, Leader:  944.58, [F0: -14.57] - ✓ success
Episode 160, Steps:   31, Total:  907.61, Leader:  917.90, [F0: -10.29] - ✓ success
Episode 161, Steps:   38, Total:  859.90, Leader:  879.44, [F0: -19.55] - ✓ success
Episode 162, Steps:    8, Total: -540.92, Leader: -535.89, [F0: -5.03] - ✗ failure
Episode 163, Steps:   10, Total: -550.79, Leader: -544.06, [F0: -6.73] - ✗ failure
Episode 164, Steps:   28, Total:  904.41, Leader:  936.25, [F0: -31.84] - ✓ success
Episode 165, Steps:   39, Total:  931.66, Leader:  931.10, [F0: 0.56] - ✓ success
Episode 166, Steps:   74, Total:  808.03, Leader:  835.53, [F0: -27.51] - ✓ success
Episode 167, Steps:   21, Total:  973.16, Leader:  968.41, [F0: 4.75] - ✓ success
Episode 168, Steps:   28, Total:  877.63, Leader:  919.93, [F0: -42.30] - ✓ success
Episode 169, Steps:   24, Total:  955.55, Leader:  953.20, [F0: 2.34] - ✓ success
Episode 170, Steps:  106, Total:  808.61, Leader:  815.75, [F0: -7.14] - ✓ success
Episode 171, Steps:    8, Total: -536.52, Leader: -530.99, [F0: -5.53] - ✗ failure
Episode 172, Steps:   27, Total:  936.28, Leader:  939.94, [F0: -3.66] - ✓ success
Episode 173, Steps:  167, Total:  586.92, Leader:  649.49, [F0: -62.57] - ✓ success
Episode 174, Steps:   25, Total:  964.77, Leader:  960.27, [F0: 4.51] - ✓ success
Episode 175, Steps:  182, Total:  631.10, Leader:  675.18, [F0: -44.08] - ✓ success
Episode 176, Steps:   24, Total:  909.15, Leader:  923.81, [F0: -14.66] - ✓ success
Episode 177, Steps:   53, Total:  917.39, Leader:  922.53, [F0: -5.15] - ✓ success
Episode 178, Steps:   22, Total:  966.58, Leader:  963.92, [F0: 2.66] - ✓ success
Episode 179, Steps:   26, Total:  938.68, Leader:  942.70, [F0: -4.02] - ✓ success
Episode 180, Steps:   26, Total:  946.01, Leader:  947.65, [F0: -1.64] - ✓ success
Episode 181, Steps:   31, Total:  894.64, Leader:  911.77, [F0: -17.12] - ✓ success
Episode 182, Steps:   87, Total:  896.03, Leader:  877.19, [F0: 18.85] - ✓ success
Episode 183, Steps:   26, Total:  954.69, Leader:  950.11, [F0: 4.57] - ✓ success
Episode 184, Steps:    7, Total: -535.30, Leader: -532.11, [F0: -3.19] - ✗ failure
Episode 185, Steps:   27, Total:  959.92, Leader:  951.22, [F0: 8.69] - ✓ success
Episode 186, Steps:   49, Total:  910.04, Leader:  916.18, [F0: -6.14] - ✓ success
Episode 187, Steps:    6, Total: -522.86, Leader: -520.34, [F0: -2.51] - ✗ failure
Episode 188, Steps:   34, Total:  898.40, Leader:  907.62, [F0: -9.22] - ✓ success
Episode 189, Steps:   34, Total:  873.52, Leader:  895.30, [F0: -21.78] - ✓ success
Episode 190, Steps:   61, Total:  900.80, Leader:  901.36, [F0: -0.55] - ✓ success
Episode 191, Steps:   22, Total:  931.72, Leader:  944.74, [F0: -13.02] - ✓ success
Episode 192, Steps:   26, Total:  932.12, Leader:  935.00, [F0: -2.88] - ✓ success
Episode 193, Steps:   25, Total:  965.49, Leader:  957.34, [F0: 8.15] - ✓ success
Episode 194, Steps:   21, Total:  935.20, Leader:  948.65, [F0: -13.45] - ✓ success
Episode 195, Steps:   58, Total:  856.82, Leader:  882.65, [F0: -25.84] - ✓ success
Episode 196, Steps:    7, Total: -527.20, Leader: -526.27, [F0: -0.93] - ✗ failure
Episode 197, Steps:   31, Total:  884.49, Leader:  905.44, [F0: -20.95] - ✓ success
Episode 198, Steps:   27, Total:  921.25, Leader:  929.87, [F0: -8.62] - ✓ success
Episode 199, Steps:   26, Total:  947.45, Leader:  947.12, [F0: 0.33] - ✓ success
Episode 200, Steps:   11, Total: -538.75, Leader: -532.82, [F0: -5.94] - ✗ failure
Episode 201, Steps:    4, Total: -510.49, Leader: -512.49, [F0: 2.00] - ✗ failure
Episode 202, Steps:   21, Total:  932.16, Leader:  945.73, [F0: -13.57] - ✓ success
Episode 203, Steps:   32, Total:  915.01, Leader:  919.91, [F0: -4.91] - ✓ success
Episode 204, Steps:  125, Total:  725.30, Leader:  762.60, [F0: -37.29] - ✓ success
Episode 205, Steps:   25, Total:  945.17, Leader:  946.89, [F0: -1.72] - ✓ success
Episode 206, Steps:   28, Total:  915.26, Leader:  926.27, [F0: -11.01] - ✓ success
Episode 207, Steps:   31, Total:  883.42, Leader:  903.78, [F0: -20.36] - ✓ success
Episode 208, Steps:   22, Total:  974.22, Leader:  967.18, [F0: 7.04] - ✓ success
Episode 209, Steps:   20, Total:  978.49, Leader:  971.71, [F0: 6.78] - ✓ success
Episode 210, Steps:    7, Total: -533.74, Leader: -530.01, [F0: -3.73] - ✗ failure
Episode 211, Steps:   26, Total:  926.09, Leader:  934.71, [F0: -8.62] - ✓ success
Episode 212, Steps:   24, Total:  946.35, Leader:  949.13, [F0: -2.79] - ✓ success
Episode 213, Steps:   41, Total:  846.93, Leader:  866.54, [F0: -19.61] - ✓ success
Episode 214, Steps:    8, Total: -532.06, Leader: -528.75, [F0: -3.31] - ✗ failure
Episode 215, Steps:    4, Total: -521.92, Leader: -519.59, [F0: -2.32] - ✗ failure
Episode 216, Steps:    4, Total: -520.37, Leader: -517.89, [F0: -2.48] - ✗ failure
Episode 217, Steps:   10, Total: -544.68, Leader: -541.11, [F0: -3.57] - ✗ failure
Episode 218, Steps:   35, Total:  861.09, Leader:  885.31, [F0: -24.22] - ✓ success
Episode 219, Steps:   29, Total:  925.15, Leader:  929.68, [F0: -4.53] - ✓ success
Episode 220, Steps:   26, Total:  929.21, Leader:  936.67, [F0: -7.46] - ✓ success
  💾 模型已保存 (episode 220)
Episode 221, Steps:    6, Total: -528.07, Leader: -525.84, [F0: -2.23] - ✗ failure
Episode 222, Steps:   22, Total:  932.81, Leader:  944.30, [F0: -11.49] - ✓ success
Episode 223, Steps:   23, Total:  958.51, Leader:  956.75, [F0: 1.76] - ✓ success
Episode 224, Steps:   30, Total:  938.29, Leader:  938.56, [F0: -0.27] - ✓ success
Episode 225, Steps:  219, Total:  621.36, Leader:  666.17, [F0: -44.81] - ✓ success
Episode 226, Steps:   22, Total:  937.61, Leader:  947.94, [F0: -10.33] - ✓ success
Episode 227, Steps:   30, Total:  913.79, Leader:  925.07, [F0: -11.29] - ✓ success
Episode 228, Steps:   26, Total:  939.01, Leader:  945.97, [F0: -6.96] - ✓ success
Episode 229, Steps:    7, Total: -535.07, Leader: -530.10, [F0: -4.97] - ✗ failure
Episode 230, Steps:   29, Total:  907.39, Leader:  924.01, [F0: -16.61] - ✓ success
Episode 231, Steps:   25, Total:  931.66, Leader:  933.96, [F0: -2.30] - ✓ success
Episode 232, Steps:   26, Total:  939.72, Leader:  945.64, [F0: -5.91] - ✓ success
Episode 233, Steps:   26, Total:  917.99, Leader:  927.18, [F0: -9.19] - ✓ success
Episode 234, Steps:   29, Total:  930.42, Leader:  935.48, [F0: -5.06] - ✓ success
Episode 235, Steps:   30, Total:  940.66, Leader:  936.70, [F0: 3.96] - ✓ success
Episode 236, Steps:  318, Total:  335.74, Leader:  444.02, [F0: -108.28] - ✓ success
Episode 237, Steps:   29, Total:  915.55, Leader:  930.19, [F0: -14.64] - ✓ success
Episode 238, Steps:   29, Total:  909.77, Leader:  922.34, [F0: -12.58] - ✓ success
Episode 239, Steps:   12, Total: -553.04, Leader: -545.23, [F0: -7.81] - ✗ failure
Episode 240, Steps:   29, Total:  933.28, Leader:  935.42, [F0: -2.15] - ✓ success
  💾 模型已保存 (episode 240)
Episode 241, Steps:   36, Total:  867.99, Leader:  885.56, [F0: -17.57] - ✓ success
Episode 242, Steps:   32, Total:  880.58, Leader:  901.17, [F0: -20.59] - ✓ success
Episode 243, Steps:   71, Total:  574.80, Leader:  625.72, [F0: -50.92] - ✓ success
Episode 244, Steps:   62, Total:  719.26, Leader:  768.00, [F0: -48.74] - ✓ success
Episode 245, Steps:   41, Total:  870.92, Leader:  894.63, [F0: -23.71] - ✓ success
Episode 246, Steps:   10, Total: -559.47, Leader: -549.89, [F0: -9.58] - ✗ failure
Episode 247, Steps:   23, Total:  950.17, Leader:  955.08, [F0: -4.91] - ✓ success
Episode 248, Steps:   25, Total:  962.26, Leader:  956.37, [F0: 5.89] - ✓ success
Episode 249, Steps:    6, Total: -527.32, Leader: -524.42, [F0: -2.90] - ✗ failure
Episode 250, Steps:   58, Total:  720.58, Leader:  739.75, [F0: -19.17] - ✓ success
Episode 251, Steps:   27, Total:  928.95, Leader:  943.46, [F0: -14.50] - ✓ success
Episode 252, Steps:   28, Total:  898.50, Leader:  913.68, [F0: -15.19] - ✓ success
Episode 253, Steps:  119, Total:  756.85, Leader:  809.35, [F0: -52.50] - ✓ success
Episode 254, Steps:   32, Total:  914.83, Leader:  928.82, [F0: -13.99] - ✓ success
Episode 255, Steps:   30, Total:  938.10, Leader:  937.22, [F0: 0.88] - ✓ success
Episode 256, Steps:   25, Total:  942.35, Leader:  946.99, [F0: -4.64] - ✓ success
Episode 257, Steps:   36, Total:  894.58, Leader:  909.61, [F0: -15.03] - ✓ success
Episode 258, Steps:   26, Total:  933.70, Leader:  938.70, [F0: -5.00] - ✓ success
Episode 259, Steps:   29, Total:  929.03, Leader:  934.65, [F0: -5.62] - ✓ success
Episode 260, Steps:   26, Total:  934.50, Leader:  939.28, [F0: -4.78] - ✓ success
  💾 模型已保存 (episode 260)
Episode 261, Steps:   12, Total: -556.55, Leader: -551.74, [F0: -4.81] - ✗ failure
Episode 262, Steps:    8, Total: -541.38, Leader: -534.92, [F0: -6.46] - ✗ failure
Episode 263, Steps:    8, Total: -542.04, Leader: -536.21, [F0: -5.83] - ✗ failure
Episode 264, Steps:   26, Total:  948.90, Leader:  946.68, [F0: 2.23] - ✓ success
Episode 265, Steps:   34, Total:  872.80, Leader:  890.50, [F0: -17.70] - ✓ success
Episode 266, Steps:    7, Total: -533.99, Leader: -531.00, [F0: -2.99] - ✗ failure
Episode 267, Steps:   26, Total:  958.41, Leader:  952.94, [F0: 5.46] - ✓ success
Episode 268, Steps:   27, Total:  917.57, Leader:  931.35, [F0: -13.78] - ✓ success
Episode 269, Steps:   27, Total:  946.70, Leader:  940.32, [F0: 6.38] - ✓ success
Episode 270, Steps:   24, Total:  922.79, Leader:  936.07, [F0: -13.29] - ✓ success
Episode 271, Steps:    6, Total: -526.49, Leader: -523.50, [F0: -2.98] - ✗ failure
Episode 272, Steps:   23, Total:  940.35, Leader:  943.75, [F0: -3.40] - ✓ success
Episode 273, Steps:   57, Total:  871.06, Leader:  880.69, [F0: -9.63] - ✓ success
Episode 274, Steps:   28, Total:  946.01, Leader:  943.95, [F0: 2.05] - ✓ success
Episode 275, Steps:    7, Total: -533.48, Leader: -528.79, [F0: -4.70] - ✗ failure
Episode 276, Steps:   30, Total:  890.63, Leader:  909.15, [F0: -18.52] - ✓ success
Episode 277, Steps:   33, Total:  923.30, Leader:  923.38, [F0: -0.08] - ✓ success
Episode 278, Steps:   24, Total:  984.90, Leader:  968.40, [F0: 16.50] - ✓ success
Episode 279, Steps:   24, Total:  925.01, Leader:  939.29, [F0: -14.28] - ✓ success
Episode 280, Steps:   14, Total: -561.04, Leader: -551.69, [F0: -9.35] - ✗ failure
  💾 模型已保存 (episode 280)
Episode 281, Steps:   37, Total:  855.69, Leader:  879.69, [F0: -24.00] - ✓ success
Episode 282, Steps:    6, Total: -531.43, Leader: -527.93, [F0: -3.50] - ✗ failure
Episode 283, Steps:   30, Total:  936.44, Leader:  934.16, [F0: 2.28] - ✓ success
Episode 284, Steps:   27, Total:  921.01, Leader:  932.44, [F0: -11.43] - ✓ success
Episode 285, Steps:   27, Total:  927.78, Leader:  930.72, [F0: -2.93] - ✓ success
Episode 286, Steps:   21, Total:  963.36, Leader:  964.15, [F0: -0.79] - ✓ success
Episode 287, Steps:    7, Total: -531.54, Leader: -527.35, [F0: -4.19] - ✗ failure
Episode 288, Steps:   26, Total:  936.93, Leader:  938.28, [F0: -1.35] - ✓ success
Episode 289, Steps:   29, Total:  947.61, Leader:  941.98, [F0: 5.64] - ✓ success
Episode 290, Steps:   31, Total:  932.97, Leader:  940.63, [F0: -7.67] - ✓ success
Episode 291, Steps:   43, Total:  903.80, Leader:  919.87, [F0: -16.07] - ✓ success
Episode 292, Steps:   24, Total:  967.84, Leader:  960.58, [F0: 7.25] - ✓ success
Episode 293, Steps:   61, Total:  858.32, Leader:  875.44, [F0: -17.12] - ✓ success
Episode 294, Steps:   33, Total:  924.80, Leader:  923.31, [F0: 1.49] - ✓ success
Episode 295, Steps:   27, Total:  953.06, Leader:  948.60, [F0: 4.46] - ✓ success
Episode 296, Steps:   36, Total:  823.57, Leader:  880.88, [F0: -57.31] - ✓ success
Episode 297, Steps:   33, Total:  963.61, Leader:  943.29, [F0: 20.32] - ✓ success
Episode 298, Steps:   10, Total: -544.35, Leader: -538.62, [F0: -5.73] - ✗ failure
Episode 299, Steps:   24, Total:  991.38, Leader:  971.71, [F0: 19.67] - ✓ success
Episode 300, Steps:   28, Total:  953.25, Leader:  945.99, [F0: 7.26] - ✓ success
  💾 模型已保存 (episode 300)
Episode 301, Steps:   35, Total:  901.32, Leader:  909.23, [F0: -7.91] - ✓ success
Episode 302, Steps:   22, Total:  943.04, Leader:  947.84, [F0: -4.80] - ✓ success
Episode 303, Steps:    8, Total: -537.56, Leader: -533.03, [F0: -4.53] - ✗ failure
Episode 304, Steps:   16, Total: -579.21, Leader: -570.25, [F0: -8.96] - ✗ failure
Episode 305, Steps:   25, Total:  925.48, Leader:  937.13, [F0: -11.66] - ✓ success
Episode 306, Steps:   24, Total:  960.96, Leader:  957.12, [F0: 3.84] - ✓ success
Episode 307, Steps:    7, Total: -532.98, Leader: -529.34, [F0: -3.64] - ✗ failure
Episode 308, Steps:    6, Total: -528.29, Leader: -523.82, [F0: -4.46] - ✗ failure
Episode 309, Steps:   20, Total:  943.50, Leader:  955.12, [F0: -11.61] - ✓ success
Episode 310, Steps:   28, Total:  905.12, Leader:  915.96, [F0: -10.83] - ✓ success
Episode 311, Steps:  844, Total: -9324.05, Leader: -8584.58, [F0: -739.47] - ✓ success
Episode 312, Steps:   26, Total:  956.06, Leader:  951.58, [F0: 4.48] - ✓ success
Episode 313, Steps:   29, Total:  925.78, Leader:  930.53, [F0: -4.75] - ✓ success
Episode 314, Steps:   14, Total: -571.50, Leader: -563.38, [F0: -8.12] - ✗ failure
Episode 315, Steps:   32, Total:  912.74, Leader:  920.89, [F0: -8.15] - ✓ success
Episode 316, Steps:   30, Total:  927.11, Leader:  931.45, [F0: -4.34] - ✓ success
Episode 317, Steps:    6, Total: -525.38, Leader: -522.65, [F0: -2.74] - ✗ failure
Episode 318, Steps:    5, Total: -527.53, Leader: -524.31, [F0: -3.22] - ✗ failure
Episode 319, Steps:   24, Total:  929.66, Leader:  939.92, [F0: -10.26] - ✓ success
Episode 320, Steps:   34, Total:  868.73, Leader:  884.26, [F0: -15.54] - ✓ success
  💾 模型已保存 (episode 320)
Episode 321, Steps:   34, Total:  903.18, Leader:  911.98, [F0: -8.80] - ✓ success
Episode 322, Steps:   36, Total:  933.27, Leader:  929.35, [F0: 3.92] - ✓ success
Episode 323, Steps:   24, Total:  926.80, Leader:  938.93, [F0: -12.14] - ✓ success
Episode 324, Steps:   28, Total:  937.63, Leader:  939.38, [F0: -1.75] - ✓ success
Episode 325, Steps:   34, Total:  966.93, Leader:  948.25, [F0: 18.67] - ✓ success
Episode 326, Steps:   20, Total:  940.45, Leader:  952.69, [F0: -12.24] - ✓ success
Episode 327, Steps:   22, Total:  981.16, Leader:  969.71, [F0: 11.45] - ✓ success
Episode 328, Steps:   19, Total: -586.81, Leader: -577.83, [F0: -8.97] - ✗ failure
Episode 329, Steps:   24, Total:  983.36, Leader:  969.19, [F0: 14.17] - ✓ success
Episode 330, Steps:   28, Total:  937.41, Leader:  938.50, [F0: -1.09] - ✓ success
Episode 331, Steps:   32, Total:  903.63, Leader:  915.69, [F0: -12.06] - ✓ success
Episode 332, Steps:   29, Total:  926.87, Leader:  933.45, [F0: -6.58] - ✓ success
Episode 333, Steps:   26, Total:  923.29, Leader:  935.75, [F0: -12.46] - ✓ success
Episode 334, Steps:   28, Total:  916.40, Leader:  926.17, [F0: -9.78] - ✓ success
Episode 335, Steps:   28, Total:  925.15, Leader:  932.74, [F0: -7.60] - ✓ success
Episode 336, Steps:   38, Total:  909.63, Leader:  905.41, [F0: 4.21] - ✓ success
Episode 337, Steps:   53, Total:  834.82, Leader:  864.02, [F0: -29.19] - ✓ success
Episode 338, Steps:   34, Total:  926.92, Leader:  923.72, [F0: 3.20] - ✓ success
Episode 339, Steps:    5, Total: -523.32, Leader: -520.58, [F0: -2.73] - ✗ failure
Episode 340, Steps:    9, Total: -539.48, Leader: -533.75, [F0: -5.73] - ✗ failure
  💾 模型已保存 (episode 340)
Episode 341, Steps:   27, Total:  963.18, Leader:  954.26, [F0: 8.91] - ✓ success
Episode 342, Steps:   40, Total:  949.23, Leader:  947.36, [F0: 1.87] - ✓ success
Episode 343, Steps:   31, Total:  915.11, Leader:  923.43, [F0: -8.32] - ✓ success
Episode 344, Steps:    7, Total: -530.76, Leader: -527.89, [F0: -2.87] - ✗ failure
Episode 345, Steps:    5, Total: -523.09, Leader: -520.36, [F0: -2.73] - ✗ failure
Episode 346, Steps:   28, Total:  940.10, Leader:  938.95, [F0: 1.15] - ✓ success
Episode 347, Steps:   71, Total:  784.41, Leader:  812.84, [F0: -28.43] - ✓ success
Episode 348, Steps:   29, Total:  908.47, Leader:  920.72, [F0: -12.25] - ✓ success
Episode 349, Steps:    7, Total: -523.05, Leader: -524.15, [F0: 1.11] - ✗ failure
Episode 350, Steps:   37, Total:  913.05, Leader:  931.40, [F0: -18.35] - ✓ success
Episode 351, Steps:   24, Total:  928.80, Leader:  939.35, [F0: -10.55] - ✓ success
Episode 352, Steps:   24, Total:  924.79, Leader:  934.58, [F0: -9.80] - ✓ success
Episode 353, Steps:   23, Total:  965.99, Leader:  961.17, [F0: 4.81] - ✓ success
Episode 354, Steps:   31, Total:  933.48, Leader:  933.33, [F0: 0.14] - ✓ success
Episode 355, Steps:   38, Total:  857.26, Leader:  886.96, [F0: -29.71] - ✓ success
Episode 356, Steps:   29, Total:  933.91, Leader:  933.21, [F0: 0.70] - ✓ success
Episode 357, Steps:   34, Total:  886.11, Leader:  917.42, [F0: -31.31] - ✓ success
Episode 358, Steps:   24, Total:  921.70, Leader:  940.13, [F0: -18.42] - ✓ success
Episode 359, Steps:   37, Total:  868.65, Leader:  885.41, [F0: -16.76] - ✓ success
Episode 360, Steps:   17, Total: -590.16, Leader: -578.90, [F0: -11.26] - ✗ failure
  💾 模型已保存 (episode 360)
Episode 361, Steps:   27, Total:  962.46, Leader:  954.35, [F0: 8.11] - ✓ success
Episode 362, Steps:   24, Total:  922.94, Leader:  938.64, [F0: -15.70] - ✓ success
Episode 363, Steps:   32, Total:  908.86, Leader:  918.56, [F0: -9.70] - ✓ success
Episode 364, Steps:   27, Total:  952.09, Leader:  946.95, [F0: 5.14] - ✓ success
Episode 365, Steps:    9, Total: -530.66, Leader: -530.02, [F0: -0.64] - ✗ failure
Episode 366, Steps:   27, Total:  942.64, Leader:  950.49, [F0: -7.85] - ✓ success
Episode 367, Steps:   31, Total:  908.58, Leader:  916.05, [F0: -7.46] - ✓ success
Episode 368, Steps:   25, Total:  953.40, Leader:  951.67, [F0: 1.73] - ✓ success
Episode 369, Steps:   51, Total:  891.81, Leader:  893.52, [F0: -1.71] - ✓ success
Episode 370, Steps:   27, Total:  942.39, Leader:  943.47, [F0: -1.08] - ✓ success
Episode 371, Steps:   45, Total:  786.96, Leader:  817.69, [F0: -30.73] - ✓ success
Episode 372, Steps:   76, Total:  389.05, Leader:  435.22, [F0: -46.17] - ✓ success
Episode 373, Steps:   29, Total:  913.82, Leader:  937.39, [F0: -23.56] - ✓ success
Episode 374, Steps:   29, Total:  963.56, Leader:  949.48, [F0: 14.07] - ✓ success
Episode 375, Steps:   29, Total:  926.35, Leader:  929.05, [F0: -2.70] - ✓ success
Episode 376, Steps:   23, Total:  925.04, Leader:  935.42, [F0: -10.38] - ✓ success
Episode 377, Steps:    8, Total: -535.60, Leader: -531.81, [F0: -3.79] - ✗ failure
Episode 378, Steps:   32, Total:  902.46, Leader:  909.13, [F0: -6.67] - ✓ success
Episode 379, Steps:   29, Total:  939.35, Leader:  935.72, [F0: 3.62] - ✓ success
Episode 380, Steps:   23, Total:  922.56, Leader:  937.56, [F0: -15.00] - ✓ success
  💾 模型已保存 (episode 380)
Episode 381, Steps:   28, Total:  950.37, Leader:  944.86, [F0: 5.51] - ✓ success
Episode 382, Steps:   46, Total:  843.84, Leader:  866.50, [F0: -22.65] - ✓ success
Episode 383, Steps:   69, Total:  773.78, Leader:  798.35, [F0: -24.57] - ✓ success
Episode 384, Steps:   28, Total:  925.44, Leader:  932.74, [F0: -7.30] - ✓ success
Episode 385, Steps:   25, Total:  951.51, Leader:  952.16, [F0: -0.65] - ✓ success
Episode 386, Steps:   42, Total:  915.02, Leader:  914.82, [F0: 0.20] - ✓ success
Episode 387, Steps:   23, Total:  933.22, Leader:  947.90, [F0: -14.68] - ✓ success
Episode 388, Steps:   24, Total:  931.92, Leader:  944.31, [F0: -12.39] - ✓ success
Episode 389, Steps:   24, Total:  975.65, Leader:  964.81, [F0: 10.84] - ✓ success
Episode 390, Steps:   25, Total:  958.73, Leader:  953.76, [F0: 4.97] - ✓ success
Episode 391, Steps:   25, Total:  960.17, Leader:  955.40, [F0: 4.77] - ✓ success
Episode 392, Steps:   26, Total:  916.90, Leader:  927.68, [F0: -10.78] - ✓ success
Episode 393, Steps:   30, Total:  949.87, Leader:  941.83, [F0: 8.04] - ✓ success
Episode 394, Steps:   28, Total:  936.54, Leader:  940.16, [F0: -3.61] - ✓ success
Episode 395, Steps:  122, Total:  766.77, Leader:  781.27, [F0: -14.51] - ✓ success
Episode 396, Steps:   29, Total:  911.26, Leader:  922.41, [F0: -11.16] - ✓ success
Episode 397, Steps:    5, Total: -523.42, Leader: -520.46, [F0: -2.96] - ✗ failure
Episode 398, Steps:  100, Total:  719.76, Leader:  757.59, [F0: -37.84] - ✓ success
Episode 399, Steps:   33, Total:  956.12, Leader:  937.73, [F0: 18.39] - ✓ success
Episode 400, Steps:   26, Total:  981.46, Leader:  963.96, [F0: 17.50] - ✓ success
  💾 模型已保存 (episode 400)
Episode 401, Steps:   33, Total:  956.37, Leader:  939.22, [F0: 17.16] - ✓ success
Episode 402, Steps:   21, Total:  975.19, Leader:  965.37, [F0: 9.82] - ✓ success
Episode 403, Steps:   22, Total:  939.38, Leader:  949.88, [F0: -10.49] - ✓ success
Episode 404, Steps:   24, Total:  938.26, Leader:  945.47, [F0: -7.21] - ✓ success
Episode 405, Steps:   27, Total:  924.52, Leader:  932.11, [F0: -7.60] - ✓ success
Episode 406, Steps:   30, Total:  927.65, Leader:  931.57, [F0: -3.92] - ✓ success
Episode 407, Steps:   32, Total:  939.80, Leader:  932.92, [F0: 6.88] - ✓ success
Episode 408, Steps:   35, Total:  889.37, Leader:  900.33, [F0: -10.96] - ✓ success
Episode 409, Steps:   25, Total:  911.85, Leader:  929.41, [F0: -17.56] - ✓ success
Episode 410, Steps:   28, Total:  966.79, Leader:  953.56, [F0: 13.23] - ✓ success
Episode 411, Steps:   28, Total:  911.64, Leader:  924.97, [F0: -13.33] - ✓ success
Episode 412, Steps:   34, Total:  941.06, Leader:  927.54, [F0: 13.53] - ✓ success
Episode 413, Steps:   38, Total:  904.50, Leader:  901.84, [F0: 2.66] - ✓ success
Episode 414, Steps:   48, Total:  905.98, Leader:  919.45, [F0: -13.46] - ✓ success
Episode 415, Steps:   29, Total:  952.38, Leader:  943.62, [F0: 8.76] - ✓ success
Episode 416, Steps:   27, Total:  938.60, Leader:  941.78, [F0: -3.18] - ✓ success
Episode 417, Steps:   20, Total:  951.34, Leader:  957.61, [F0: -6.27] - ✓ success
Episode 418, Steps:   32, Total:  927.11, Leader:  926.00, [F0: 1.11] - ✓ success
Episode 419, Steps:   24, Total:  948.79, Leader:  950.45, [F0: -1.66] - ✓ success
Episode 420, Steps:   26, Total:  949.75, Leader:  948.22, [F0: 1.53] - ✓ success
  💾 模型已保存 (episode 420)
Episode 421, Steps:   29, Total:  917.95, Leader:  924.36, [F0: -6.41] - ✓ success
Episode 422, Steps:   28, Total:  917.98, Leader:  929.48, [F0: -11.50] - ✓ success
Episode 423, Steps:   26, Total:  971.76, Leader:  959.98, [F0: 11.78] - ✓ success
Episode 424, Steps:   27, Total:  931.40, Leader:  936.37, [F0: -4.97] - ✓ success
Episode 425, Steps:   26, Total:  957.64, Leader:  950.85, [F0: 6.79] - ✓ success
Episode 426, Steps:   36, Total:  905.82, Leader:  909.71, [F0: -3.89] - ✓ success
Episode 427, Steps:   35, Total:  892.09, Leader:  899.33, [F0: -7.25] - ✓ success
Episode 428, Steps:   28, Total:  939.54, Leader:  939.76, [F0: -0.22] - ✓ success
Episode 429, Steps:   26, Total:  932.69, Leader:  937.99, [F0: -5.30] - ✓ success
Episode 430, Steps:   29, Total:  904.58, Leader:  918.88, [F0: -14.29] - ✓ success
Episode 431, Steps:   28, Total:  919.88, Leader:  929.62, [F0: -9.74] - ✓ success
Episode 432, Steps:   30, Total:  939.48, Leader:  936.94, [F0: 2.54] - ✓ success
Episode 433, Steps:   36, Total:  895.97, Leader:  901.50, [F0: -5.53] - ✓ success
Episode 434, Steps:   24, Total:  962.53, Leader:  956.37, [F0: 6.16] - ✓ success
Episode 435, Steps:   29, Total:  906.64, Leader:  919.12, [F0: -12.48] - ✓ success
Episode 436, Steps:   29, Total:  917.65, Leader:  926.38, [F0: -8.73] - ✓ success
Episode 437, Steps:   30, Total:  900.15, Leader:  914.07, [F0: -13.92] - ✓ success
Episode 438, Steps:   25, Total:  930.06, Leader:  939.18, [F0: -9.12] - ✓ success
Episode 439, Steps:   10, Total: -548.80, Leader: -543.19, [F0: -5.61] - ✗ failure
Episode 440, Steps:   10, Total: -549.12, Leader: -543.25, [F0: -5.87] - ✗ failure
  💾 模型已保存 (episode 440)
Episode 441, Steps:   22, Total:  984.08, Leader:  971.60, [F0: 12.48] - ✓ success
Episode 442, Steps:    7, Total: -531.15, Leader: -527.59, [F0: -3.56] - ✗ failure
Episode 443, Steps:   31, Total:  903.72, Leader:  917.59, [F0: -13.87] - ✓ success
Episode 444, Steps:   30, Total:  914.30, Leader:  924.95, [F0: -10.66] - ✓ success
Episode 445, Steps:   20, Total:  946.03, Leader:  951.91, [F0: -5.88] - ✓ success
Episode 446, Steps:   36, Total:  915.28, Leader:  911.54, [F0: 3.74] - ✓ success
Episode 447, Steps:   29, Total:  960.44, Leader:  948.54, [F0: 11.90] - ✓ success
Episode 448, Steps:   23, Total:  956.20, Leader:  956.39, [F0: -0.19] - ✓ success
Episode 449, Steps:   28, Total:  949.05, Leader:  942.19, [F0: 6.86] - ✓ success
Episode 450, Steps:   22, Total:  977.56, Leader:  969.25, [F0: 8.31] - ✓ success
Episode 451, Steps:   27, Total:  924.85, Leader:  933.70, [F0: -8.85] - ✓ success
Episode 452, Steps:   19, Total:  928.53, Leader:  940.19, [F0: -11.66] - ✓ success
Episode 453, Steps:   32, Total:  888.86, Leader:  904.25, [F0: -15.38] - ✓ success
Episode 454, Steps:   21, Total:  963.11, Leader:  961.14, [F0: 1.98] - ✓ success
Episode 455, Steps:   25, Total:  927.80, Leader:  936.74, [F0: -8.93] - ✓ success
Episode 456, Steps:   25, Total:  935.26, Leader:  941.21, [F0: -5.95] - ✓ success
Episode 457, Steps:   29, Total:  920.21, Leader:  929.42, [F0: -9.21] - ✓ success
Episode 458, Steps:   30, Total:  908.25, Leader:  917.97, [F0: -9.71] - ✓ success
Episode 459, Steps:   22, Total:  969.92, Leader:  960.82, [F0: 9.09] - ✓ success
Episode 460, Steps:   27, Total:  943.04, Leader:  941.49, [F0: 1.55] - ✓ success
  💾 模型已保存 (episode 460)
Episode 461, Steps:   26, Total:  949.13, Leader:  949.09, [F0: 0.04] - ✓ success
Episode 462, Steps:   23, Total:  935.44, Leader:  948.01, [F0: -12.57] - ✓ success
Episode 463, Steps:   26, Total:  966.92, Leader:  957.05, [F0: 9.87] - ✓ success
Episode 464, Steps:   27, Total:  930.24, Leader:  934.94, [F0: -4.70] - ✓ success
Episode 465, Steps:   22, Total:  935.57, Leader:  946.54, [F0: -10.97] - ✓ success
Episode 466, Steps:   21, Total:  978.81, Leader:  970.65, [F0: 8.16] - ✓ success
Episode 467, Steps:   22, Total:  925.32, Leader:  938.48, [F0: -13.16] - ✓ success
Episode 468, Steps:   24, Total:  950.86, Leader:  949.94, [F0: 0.93] - ✓ success
Episode 469, Steps:   31, Total:  948.79, Leader:  938.28, [F0: 10.52] - ✓ success
Episode 470, Steps:    8, Total: -536.97, Leader: -533.13, [F0: -3.84] - ✗ failure
Episode 471, Steps:   30, Total:  954.37, Leader:  944.44, [F0: 9.94] - ✓ success
Episode 472, Steps:   32, Total:  904.72, Leader:  915.33, [F0: -10.61] - ✓ success
Episode 473, Steps:   29, Total:  926.62, Leader:  931.93, [F0: -5.31] - ✓ success
Episode 474, Steps:   28, Total:  945.55, Leader:  942.69, [F0: 2.86] - ✓ success
Episode 475, Steps:   24, Total:  949.03, Leader:  950.08, [F0: -1.05] - ✓ success
Episode 476, Steps:   25, Total:  961.21, Leader:  955.06, [F0: 6.15] - ✓ success
Episode 477, Steps:    4, Total: -519.03, Leader: -517.27, [F0: -1.76] - ✗ failure
Episode 478, Steps:   30, Total:  916.68, Leader:  924.62, [F0: -7.94] - ✓ success
Episode 479, Steps:   32, Total:  931.60, Leader:  929.48, [F0: 2.12] - ✓ success
Episode 480, Steps:   31, Total:  947.43, Leader:  938.83, [F0: 8.60] - ✓ success
  💾 模型已保存 (episode 480)
Episode 481, Steps:    7, Total: -531.76, Leader: -528.18, [F0: -3.59] - ✗ failure
Episode 482, Steps:   31, Total:  953.35, Leader:  940.14, [F0: 13.21] - ✓ success
Episode 483, Steps:    7, Total: -529.74, Leader: -527.04, [F0: -2.70] - ✗ failure
Episode 484, Steps:   25, Total:  964.31, Leader:  958.39, [F0: 5.92] - ✓ success
Episode 485, Steps:   22, Total:  969.55, Leader:  964.45, [F0: 5.10] - ✓ success
Episode 486, Steps:   30, Total:  969.55, Leader:  949.31, [F0: 20.25] - ✓ success
Episode 487, Steps:   57, Total:  878.53, Leader:  882.38, [F0: -3.85] - ✓ success
Episode 488, Steps:   31, Total:  924.57, Leader:  926.66, [F0: -2.09] - ✓ success
Episode 489, Steps:   25, Total:  910.32, Leader:  923.97, [F0: -13.65] - ✓ success
Episode 490, Steps:   28, Total:  941.49, Leader:  939.36, [F0: 2.14] - ✓ success
Episode 491, Steps:   47, Total:  863.23, Leader:  869.89, [F0: -6.66] - ✓ success
Episode 492, Steps:   23, Total:  996.21, Leader:  975.97, [F0: 20.24] - ✓ success
Episode 493, Steps:   29, Total:  952.02, Leader:  944.86, [F0: 7.15] - ✓ success
Episode 494, Steps:   29, Total:  935.72, Leader:  935.50, [F0: 0.23] - ✓ success
Episode 495, Steps:    5, Total: -526.33, Leader: -524.24, [F0: -2.09] - ✗ failure
Episode 496, Steps:   21, Total:  973.60, Leader:  968.61, [F0: 4.99] - ✓ success
Episode 497, Steps:   32, Total:  924.59, Leader:  923.50, [F0: 1.08] - ✓ success
Episode 498, Steps:   31, Total:  906.11, Leader:  915.98, [F0: -9.87] - ✓ success
Episode 499, Steps:   30, Total:  952.56, Leader:  939.33, [F0: 13.23] - ✓ success
训练曲线已保存到: /home/zhangpeng/UAV_PATH_PLANNING/output/baseline/1follower/training_curve.png

✅ 训练完成! 共500轮
总平均奖励: 210.68
  - Leader平均: 281.56
  - Follower平均: -70.88
总最佳奖励: 996.21
模型已保存到: /home/zhangpeng/UAV_PATH_PLANNING/output/baseline/1follower
训练数据已保存到: /home/zhangpeng/UAV_PATH_PLANNING/output/baseline/1follower/MASAC_new1
训练日志已保存到: /home/zhangpeng/UAV_PATH_PLANNING/output/baseline/1follower/training_20251025_155817.log
