📝 日志文件: /home/zhangpeng/UAV_PATH_PLANNING/runs/exp_baseline_20251031_161952/training.log
💡 训练输出将实时保存到日志文件
🚀 启用AMP混合精度训练（预期加速40-100%）
🚀 启用异步数据传输（预期加速10-20%）
SAC训练中...
📊 优先级经验回放（PER）配置:
  - 容量: 20000
  - Alpha: 0.6 (优先级指数)
  - Beta: 0.4 → 1.0 (重要性采样权重)
  - 内存优化: float32 (节省50%内存)

================================================================================
  Episode    |    Leader    |   Follower   |    Steps     |    Status   
================================================================================
     0       |    -89.84    |   -441.90    |     147      |  ✅ Success  
  📊 统计 [Ep 0]: Actor Loss=2.2732, Critic Loss=114.1447, Alpha=0.9969, TD-error=2.0745, Beta=0.4200
     1       |  -10521.93   |   -2825.58   |     1000     | ⏱️  Timeout 
     2       |   -751.04    |    -85.79    |      41      |  ❌ Failure  
     3       |   -6246.55   |   -1349.77   |     514      |  ❌ Failure  
     4       |   -901.67    |    -95.95    |      58      |  ❌ Failure  
     5       |   -1879.88   |   -1196.22   |     438      |  ✅ Success  
     6       |   -1293.93   |   -130.14    |      70      |  ❌ Failure  
     7       |   -1600.84   |   -203.13    |     125      |  ❌ Failure  
     8       |   -9864.36   |   -1988.68   |     1000     | ⏱️  Timeout 
     9       |   -1943.65   |   -303.53    |     170      |  ❌ Failure  
     10      |   -7561.80   |   -2577.36   |     1000     | ⏱️  Timeout 
  📊 统计 [Ep 10]: Actor Loss=50.0345, Critic Loss=120.0990, Alpha=0.4150, TD-error=8.6884, Beta=1.0000
     11      |   -905.42    |    -99.10    |      57      |  ❌ Failure  
     12      |   -587.73    |    -20.48    |      13      |  ❌ Failure  
     13      |   -8460.56   |   -2375.21   |     1000     | ⏱️  Timeout 
     14      |   -8383.53   |   -2098.91   |     1000     | ⏱️  Timeout 
     15      |   -8566.95   |   -2029.10   |     1000     | ⏱️  Timeout 
     16      |   -682.69    |    -27.60    |      27      |  ❌ Failure  
     17      |   -2191.41   |   -834.87    |     509      |  ✅ Success  
     18      |  -11430.59   |   -2130.23   |     1000     | ⏱️  Timeout 
     19      |  -12924.36   |   -2521.89   |     1000     | ⏱️  Timeout 
     20      |   -550.21    |    -7.67     |      7       |  ❌ Failure  
  📊 统计 [Ep 20]: Actor Loss=55.3727, Critic Loss=86.0033, Alpha=0.1463, TD-error=5.9207, Beta=1.0000
     21      |   -741.79    |    -31.09    |      29      |  ❌ Failure  
     22      |   -603.52    |    -15.24    |      13      |  ❌ Failure  
     23      |   -547.39    |    -6.56     |      7       |  ❌ Failure  
     24      |   -1446.00   |   -616.02    |     357      |  ✅ Success  
     25      |   -626.04    |    -26.70    |      19      |  ❌ Failure  
     26      |   -5480.82   |   -2239.65   |     1000     | ⏱️  Timeout 
     27      |   -611.95    |    -21.45    |      17      |  ❌ Failure  
     28      |   -1735.89   |   -956.30    |     409      |  ✅ Success  
     29      |   -549.01    |    -8.10     |      8       |  ❌ Failure  
     30      |   -793.57    |    -35.00    |      32      |  ❌ Failure  
  📊 统计 [Ep 30]: Actor Loss=55.3092, Critic Loss=100.0822, Alpha=0.1409, TD-error=7.3616, Beta=1.0000
     31      |   -1150.62   |   -173.27    |     110      |  ❌ Failure  
     32      |   -678.04    |    -27.27    |      29      |  ❌ Failure  
     33      |   -7387.14   |   -1977.00   |     1000     | ⏱️  Timeout 
     34      |   -4363.00   |   -1398.04   |     770      |  ✅ Success  
     35      |   -562.79    |    -12.31    |      9       |  ❌ Failure  
     36      |    201.52    |   -234.14    |     113      |  ✅ Success  
     37      |   -611.94    |    -16.61    |      16      |  ❌ Failure  
     38      |   -566.17    |    -8.08     |      9       |  ❌ Failure  
     39      |   -663.44    |    -16.36    |      20      |  ❌ Failure  
     40      |   -4177.41   |   -972.57    |     487      |  ✅ Success  
  📊 统计 [Ep 40]: Actor Loss=47.5516, Critic Loss=250.1725, Alpha=0.1858, TD-error=17.5009, Beta=1.0000
     41      |   -7747.71   |   -1927.90   |     1000     | ⏱️  Timeout 
     42      |   -552.00    |    -5.61     |      8       |  ❌ Failure  
     43      |   -3382.02   |   -908.54    |     606      |  ✅ Success  
     44      |   -3186.84   |   -1074.36   |     675      |  ✅ Success  
     45      |   -133.42    |   -223.47    |     138      |  ✅ Success  
     46      |   -4597.74   |   -826.24    |     498      |  ✅ Success  
     47      |   -5324.59   |   -1840.20   |     584      |  ✅ Success  
     48      |   -5647.07   |   -1506.02   |     1000     | ⏱️  Timeout 
     49      |   -5765.99   |   -1972.45   |     874      |  ✅ Success  
     50      |   -2449.32   |   -708.65    |     365      |  ✅ Success  
  📊 统计 [Ep 50]: Actor Loss=42.7125, Critic Loss=193.4466, Alpha=0.2581, TD-error=13.0948, Beta=1.0000
     51      |   -237.01    |   -347.19    |     215      |  ✅ Success  
     52      |   -308.79    |   -314.93    |     148      |  ✅ Success  
     53      |   -2776.01   |   -1045.68   |     618      |  ✅ Success  
     54      |   -346.20    |   -280.51    |     156      |  ✅ Success  
     55      |   -1774.28   |   -569.44    |     311      |  ✅ Success  
     56      |  -12956.85   |   -2537.99   |     1000     | ⏱️  Timeout 
     57      |   -3054.86   |   -1101.56   |     374      |  ✅ Success  
     58      |  -11385.29   |   -1798.19   |     1000     | ⏱️  Timeout 
     59      |   -5653.17   |   -1436.33   |     609      |  ✅ Success  
     60      |   -1143.95   |   -361.41    |     228      |  ✅ Success  
  📊 统计 [Ep 60]: Actor Loss=-31.2806, Critic Loss=477.4989, Alpha=0.5544, TD-error=25.5514, Beta=1.0000
     61      |   -1764.36   |   -186.93    |     128      |  ❌ Failure  
     62      |   -765.64    |   -321.62    |     266      |  ✅ Success  
     63      |   -4484.26   |   -679.81    |     547      |  ✅ Success  
     64      |   -9206.09   |   -1547.70   |     1000     | ⏱️  Timeout 
     65      |   -7836.14   |   -989.82    |     661      |  ✅ Success  
     66      |   -2179.04   |   -435.24    |     297      |  ✅ Success  
     67      |   -3497.89   |   -376.55    |     258      |  ❌ Failure  
     68      |    -53.43    |   -156.66    |     129      |  ✅ Success  
     69      |   -4079.88   |   -464.37    |     351      |  ❌ Failure  
     70      |   -1826.91   |   -458.98    |     306      |  ✅ Success  
  📊 统计 [Ep 70]: Actor Loss=-32.0645, Critic Loss=543.3241, Alpha=0.5698, TD-error=24.5954, Beta=1.0000
     71      |   -3270.17   |   -682.09    |     337      |  ❌ Failure  
     72      |   -795.73    |   -307.65    |     228      |  ✅ Success  
     73      |   -1486.76   |   -162.67    |      91      |  ❌ Failure  
     74      |   -556.87    |    -6.66     |      9       |  ❌ Failure  
     75      |   -960.04    |    -50.43    |      61      |  ❌ Failure  
     76      |   -1508.88   |   -493.46    |     243      |  ✅ Success  
     77      |    44.98     |   -124.87    |     108      |  ✅ Success  
     78      |    671.25    |   -108.41    |      63      |  ✅ Success  
     79      |   -1113.53   |    -80.48    |      72      |  ❌ Failure  
     80      |    844.09    |    -26.74    |      29      |  ✅ Success  
  📊 统计 [Ep 80]: Actor Loss=-35.7295, Critic Loss=538.4467, Alpha=0.5742, TD-error=27.8307, Beta=1.0000
     81      |   -2637.48   |   -1121.87   |     477      |  ✅ Success  
     82      |    623.07    |    -51.37    |      60      |  ✅ Success  
     83      |    401.45    |   -102.71    |      99      |  ✅ Success  
     84      |    691.20    |    -75.80    |      46      |  ✅ Success  
     85      |    278.19    |   -104.54    |      95      |  ✅ Success  
     86      |    759.96    |    -49.19    |      42      |  ✅ Success  
     87      |    700.97    |    -35.84    |      48      |  ✅ Success  
     88      |   -184.82    |   -147.23    |     132      |  ✅ Success  
     89      |    478.48    |    -59.01    |      66      |  ✅ Success  
     90      |   -719.41    |   -325.56    |     169      |  ✅ Success  
  📊 统计 [Ep 90]: Actor Loss=-36.0786, Critic Loss=580.9151, Alpha=0.5543, TD-error=29.3573, Beta=1.0000
     91      |    19.45     |   -181.58    |      95      |  ✅ Success  
     92      |   -1134.82   |   -333.54    |     202      |  ✅ Success  
     93      |    -19.68    |   -158.58    |     101      |  ✅ Success  
     94      |    657.29    |    -47.48    |      50      |  ✅ Success  
     95      |   -3876.65   |   -684.08    |     411      |  ✅ Success  
     96      |  -12326.15   |   -1445.45   |     1000     | ⏱️  Timeout 
     97      |   -1182.54   |   -404.61    |     206      |  ✅ Success  
     98      |   -1208.80   |   -253.23    |     205      |  ✅ Success  
     99      |    480.02    |    -60.58    |      64      |  ✅ Success  
    100      |    438.47    |    -57.50    |      68      |  ✅ Success  
  📊 统计 [Ep 100]: Actor Loss=-132.7367, Critic Loss=977.8725, Alpha=0.8204, TD-error=36.8128, Beta=1.0000
    101      |    246.54    |   -117.69    |     115      |  ✅ Success  
    102      |    486.02    |    -73.30    |      67      |  ✅ Success  
    103      |   -182.93    |   -164.34    |     132      |  ✅ Success  
    104      |   -268.59    |   -235.30    |     185      |  ✅ Success  
    105      |    486.69    |    -80.93    |      68      |  ✅ Success  
    106      |    183.44    |    -97.50    |      81      |  ✅ Success  
    107      |   -936.91    |   -311.15    |     195      |  ✅ Success  
    108      |    351.54    |   -123.64    |      89      |  ✅ Success  
    109      |   -1010.42   |   -342.53    |     200      |  ✅ Success  
    110      |   -3561.01   |   -730.17    |     544      |  ✅ Success  
  📊 统计 [Ep 110]: Actor Loss=-194.0904, Critic Loss=1071.8566, Alpha=1.0218, TD-error=44.6407, Beta=1.0000
    111      |    287.05    |    -89.98    |      76      |  ✅ Success  
    112      |    320.98    |    -70.67    |      81      |  ✅ Success  
    113      |    338.15    |    -82.87    |      72      |  ✅ Success  
    114      |    412.79    |   -147.42    |      72      |  ✅ Success  
    115      |    58.49     |   -126.55    |      97      |  ✅ Success  
    116      |    200.25    |   -111.31    |      81      |  ✅ Success  
    117      |   -1045.08   |   -206.11    |     213      |  ✅ Success  
    118      |   -565.98    |    -7.05     |      10      |  ❌ Failure  
    119      |    459.93    |    -96.27    |      95      |  ✅ Success  
    120      |   -3082.05   |   -457.21    |     379      |  ✅ Success  
  📊 统计 [Ep 120]: Actor Loss=-198.9920, Critic Loss=1184.3250, Alpha=1.1696, TD-error=45.7393, Beta=1.0000
    121      |    468.16    |    -77.37    |      63      |  ✅ Success  
    122      |   -6977.48   |   -871.01    |     722      |  ✅ Success  
    123      |    200.57    |    -73.66    |     103      |  ✅ Success  
    124      |    43.63     |   -136.68    |     127      |  ✅ Success  
    125      |  -10252.28   |   -1246.36   |     969      |  ✅ Success  
    126      |   -333.01    |   -144.15    |     149      |  ✅ Success  
    127      |   -644.52    |   -164.87    |     153      |  ✅ Success  
    128      |   -1788.98   |   -333.75    |     265      |  ✅ Success  
    129      |   -1131.17   |   -282.57    |     286      |  ✅ Success  
    130      |   -1801.56   |   -263.80    |     255      |  ✅ Success  
  📊 统计 [Ep 130]: Actor Loss=-223.1069, Critic Loss=1185.6028, Alpha=1.3747, TD-error=48.3478, Beta=1.0000
    131      |   -534.51    |   -179.95    |     142      |  ✅ Success  
    132      |   -1936.39   |   -576.74    |     287      |  ✅ Success  
    133      |    192.89    |    -93.68    |      86      |  ✅ Success  
    134      |   -736.22    |   -145.00    |     168      |  ✅ Success  
    135      |   -2245.42   |   -239.78    |     163      |  ❌ Failure  
    136      |   -338.08    |   -166.93    |     153      |  ✅ Success  
    137      |   -145.79    |   -131.15    |     127      |  ✅ Success  
    138      |   -982.61    |   -261.30    |     198      |  ✅ Success  
    139      |   -1217.99   |   -207.66    |     180      |  ✅ Success  
    140      |    311.99    |   -126.80    |     110      |  ✅ Success  
  📊 统计 [Ep 140]: Actor Loss=-288.8313, Critic Loss=1465.5231, Alpha=1.3312, TD-error=55.7874, Beta=1.0000
    141      |    489.49    |    -50.83    |      73      |  ✅ Success  
    142      |   -868.99    |   -186.86    |     175      |  ✅ Success  
    143      |   -536.00    |   -214.82    |     298      |  ✅ Success  
    144      |    745.03    |    -37.12    |      50      |  ✅ Success  
    145      |   -1186.76   |   -264.80    |     205      |  ✅ Success  
    146      |   -1941.43   |   -164.00    |     219      |  ❌ Failure  
    147      |   -5572.35   |   -634.34    |     519      |  ✅ Success  
    148      |   -5926.47   |   -710.60    |     868      |  ✅ Success  
    149      |   -527.46    |   -213.58    |     130      |  ✅ Success  
    150      |   -1238.85   |   -224.96    |     206      |  ✅ Success  
  📊 统计 [Ep 150]: Actor Loss=-240.4394, Critic Loss=1313.2713, Alpha=1.3669, TD-error=53.4012, Beta=1.0000
    151      |    312.01    |    -73.08    |      89      |  ✅ Success  
    152      |     3.07     |    -97.12    |     100      |  ✅ Success  
    153      |   -988.94    |   -248.84    |     182      |  ✅ Success  
    154      |   -505.24    |   -181.34    |     142      |  ✅ Success  
    155      |   -4338.53   |   -512.95    |     451      |  ✅ Success  
    156      |   -296.52    |   -147.08    |     144      |  ✅ Success  
    157      |    537.16    |    -58.53    |      60      |  ✅ Success  
    158      |   -439.01    |   -138.85    |     146      |  ✅ Success  
    159      |   -5667.54   |   -520.46    |     447      |  ❌ Failure  
    160      |    -75.02    |    -92.95    |     110      |  ✅ Success  
  📊 统计 [Ep 160]: Actor Loss=-206.6326, Critic Loss=1227.5821, Alpha=1.3847, TD-error=47.4759, Beta=1.0000
    161      |   -3560.10   |   -353.34    |     290      |  ❌ Failure  
    162      |    -31.48    |   -157.87    |     157      |  ✅ Success  
    163      |   -995.99    |   -302.57    |     216      |  ✅ Success  
    164      |    519.49    |    -58.54    |      72      |  ✅ Success  
    165      |    180.47    |    -69.15    |      87      |  ✅ Success  
    166      |   -1992.69   |   -160.08    |     122      |  ❌ Failure  
    167      |    901.53    |    -14.37    |      24      |  ✅ Success  
    168      |   -1158.77   |   -250.99    |     250      |  ✅ Success  
    169      |    799.50    |    -27.08    |      39      |  ✅ Success  
    170      |   -1250.49   |    -58.23    |      74      |  ❌ Failure  
  📊 统计 [Ep 170]: Actor Loss=-233.2456, Critic Loss=1186.7508, Alpha=1.3902, TD-error=51.6481, Beta=1.0000
    171      |   -564.44    |   -135.12    |     149      |  ✅ Success  
    172      |    538.92    |    -41.41    |      60      |  ✅ Success  
    173      |    738.98    |    -28.92    |      46      |  ✅ Success  
    174      |   -1409.23   |    -86.53    |     103      |  ❌ Failure  
    175      |    131.86    |   -150.05    |     156      |  ✅ Success  
    176      |   -249.59    |   -136.14    |     193      |  ✅ Success  
    177      |    844.78    |    -8.36     |      31      |  ✅ Success  
    178      |    70.39     |   -103.20    |     108      |  ✅ Success  
    179      |    756.25    |    -37.23    |      47      |  ✅ Success  
    180      |    672.85    |    -35.81    |      70      |  ✅ Success  
  📊 统计 [Ep 180]: Actor Loss=-251.3838, Critic Loss=1577.6805, Alpha=1.4958, TD-error=56.8361, Beta=1.0000
    181      |    636.47    |    -35.27    |      50      |  ✅ Success  
    182      |   -201.16    |    -91.23    |     148      |  ✅ Success  
    183      |   -222.15    |   -145.78    |     137      |  ✅ Success  
    184      |    513.17    |    -40.99    |      61      |  ✅ Success  
    185      |    767.98    |    -38.86    |      42      |  ✅ Success  
    186      |   -191.89    |   -120.34    |     111      |  ✅ Success  
    187      |    314.34    |    -83.09    |      86      |  ✅ Success  
    188      |   -1042.35   |   -208.78    |     208      |  ✅ Success  
    189      |    567.54    |    -50.03    |      70      |  ✅ Success  
    190      |    826.91    |    -18.58    |      35      |  ✅ Success  
  📊 统计 [Ep 190]: Actor Loss=-276.1605, Critic Loss=1324.6729, Alpha=1.7130, TD-error=53.4740, Beta=1.0000
    191      |    522.59    |    -73.43    |      79      |  ✅ Success  
    192      |    478.92    |    -71.52    |      80      |  ✅ Success  
    193      |    863.10    |    -17.63    |      31      |  ✅ Success  
    194      |    462.71    |    -61.35    |      78      |  ✅ Success  
    195      |    697.18    |    -72.34    |      63      |  ✅ Success  
    196      |    733.56    |    -24.45    |      48      |  ✅ Success  
    197      |   -4297.59   |   -479.04    |     497      |  ✅ Success  
    198      |    418.08    |    -54.93    |      76      |  ✅ Success  
    199      |    815.15    |    -25.68    |      37      |  ✅ Success  
    200      |    463.74    |    -86.17    |      80      |  ✅ Success  
  📊 统计 [Ep 200]: Actor Loss=-315.7658, Critic Loss=1688.3502, Alpha=1.9378, TD-error=62.1701, Beta=1.0000
    201      |   -1165.74   |   -226.95    |     226      |  ✅ Success  
    202      |     5.16     |   -111.26    |     108      |  ✅ Success  
    203      |   -656.80    |   -149.62    |     162      |  ✅ Success  
    204      |   -1900.21   |   -451.03    |     703      |  ✅ Success  
    205      |    790.62    |    -21.81    |      37      |  ✅ Success  
    206      |    461.41    |    -52.67    |      70      |  ✅ Success  
    207      |    508.10    |    -49.54    |      67      |  ✅ Success  
    208      |    845.58    |    -17.14    |      32      |  ✅ Success  
    209      |    825.82    |    -37.53    |      47      |  ✅ Success  
    210      |    710.51    |    -38.18    |      63      |  ✅ Success  
  📊 统计 [Ep 210]: Actor Loss=-296.4807, Critic Loss=1862.3040, Alpha=1.9975, TD-error=63.6601, Beta=1.0000
    211      |    856.88    |    -23.09    |      28      |  ✅ Success  
    212      |    804.62    |    -22.99    |      36      |  ✅ Success  
    213      |   -311.58    |   -191.19    |     185      |  ✅ Success  
    214      |    -15.54    |    -96.78    |     108      |  ✅ Success  
    215      |   -851.22    |    -51.33    |      41      |  ❌ Failure  
    216      |   -1113.37   |    -69.64    |      60      |  ❌ Failure  
    217      |    607.33    |    -36.66    |      63      |  ✅ Success  
    218      |   -2303.19   |   -347.93    |     275      |  ✅ Success  
    219      |    553.41    |    -52.85    |      63      |  ✅ Success  
    220      |    215.61    |    -69.86    |      86      |  ✅ Success  
  📊 统计 [Ep 220]: Actor Loss=-300.3596, Critic Loss=1535.6494, Alpha=1.9235, TD-error=57.0257, Beta=1.0000
    221      |   -547.71    |    -4.57     |      7       |  ❌ Failure  
    222      |    766.35    |    -24.95    |      40      |  ✅ Success  
    223      |   -572.78    |    -7.05     |      10      |  ❌ Failure  
    224      |   -2045.99   |   -327.39    |     279      |  ✅ Success  
    225      |    733.57    |    -31.74    |      57      |  ✅ Success  
    226      |    743.29    |    -27.61    |      43      |  ✅ Success  
    227      |   -3289.08   |   -482.65    |     437      |  ✅ Success  
    228      |   -350.60    |   -147.24    |     183      |  ✅ Success  
    229      |   -474.57    |   -159.66    |     240      |  ✅ Success  
    230      |   -158.48    |   -170.67    |     113      |  ✅ Success  
  📊 统计 [Ep 230]: Actor Loss=-260.7989, Critic Loss=1418.3980, Alpha=1.9483, TD-error=55.7967, Beta=1.0000
    231      |   -816.50    |   -221.16    |     176      |  ✅ Success  
    232      |   -1135.48   |   -215.78    |     235      |  ✅ Success  
    233      |    820.62    |    -17.10    |      38      |  ✅ Success  
    234      |    151.61    |    -89.79    |      95      |  ✅ Success  
    235      |   -688.39    |   -164.28    |     169      |  ✅ Success  
    236      |    779.81    |    -23.98    |      42      |  ✅ Success  
    237      |    747.98    |    -37.89    |      50      |  ✅ Success  
    238      |   -1377.23   |   -389.87    |     317      |  ✅ Success  
    239      |    519.71    |    -87.02    |      86      |  ✅ Success  
    240      |    155.09    |    -80.68    |      87      |  ✅ Success  
  📊 统计 [Ep 240]: Actor Loss=-327.8302, Critic Loss=1687.7888, Alpha=1.8676, TD-error=60.8632, Beta=1.0000
    241      |   -1027.80   |   -247.79    |     203      |  ✅ Success  
    242      |    613.42    |    -46.99    |      67      |  ✅ Success  
    243      |    829.40    |    -26.73    |      34      |  ✅ Success  
    244      |    74.45     |    -79.20    |      96      |  ✅ Success  
    245      |    559.11    |    -80.17    |      57      |  ✅ Success  
    246      |   -1986.20   |   -270.31    |     310      |  ✅ Success  
    247      |   -752.29    |   -216.04    |     173      |  ✅ Success  
    248      |    840.54    |    -18.32    |      31      |  ✅ Success  
    249      |    309.11    |   -143.76    |      70      |  ✅ Success  
    250      |    13.58     |   -198.54    |     204      |  ✅ Success  
  📊 统计 [Ep 250]: Actor Loss=-325.3814, Critic Loss=1372.4561, Alpha=2.0118, TD-error=56.3057, Beta=1.0000
    251      |   -1442.37   |   -563.41    |     526      |  ✅ Success  
    252      |    106.84    |   -117.71    |     115      |  ✅ Success  
    253      |    717.60    |    -23.94    |      52      |  ✅ Success  
    254      |    783.18    |    -27.13    |      48      |  ✅ Success  
    255      |    433.80    |    -68.34    |      74      |  ✅ Success  
    256      |    126.59    |    -70.67    |     114      |  ✅ Success  
    257      |   -485.69    |   -138.58    |     151      |  ✅ Success  
    258      |    398.27    |    -76.03    |      85      |  ✅ Success  
    259      |    834.62    |    -22.50    |      33      |  ✅ Success  
    260      |   -501.23    |   -163.16    |     174      |  ✅ Success  
  📊 统计 [Ep 260]: Actor Loss=-332.7608, Critic Loss=1834.0159, Alpha=2.2128, TD-error=64.0204, Beta=1.0000
    261      |   -342.62    |   -154.69    |     152      |  ✅ Success  
    262      |    776.71    |    -37.34    |      41      |  ✅ Success  
    263      |    323.96    |    -65.30    |      82      |  ✅ Success  
    264      |    803.15    |    -17.55    |      36      |  ✅ Success  
    265      |    55.00     |   -117.00    |     102      |  ✅ Success  
    266      |   -1714.99   |   -402.88    |     312      |  ✅ Success  
    267      |   -581.95    |    -7.73     |      12      |  ❌ Failure  
    268      |    843.26    |    -22.12    |      30      |  ✅ Success  
    269      |   -2937.11   |   -321.40    |     365      |  ✅ Success  
    270      |    -82.83    |   -138.20    |     109      |  ✅ Success  
  📊 统计 [Ep 270]: Actor Loss=-294.6190, Critic Loss=1668.5207, Alpha=2.2592, TD-error=58.4925, Beta=1.0000
    271      |    813.61    |    -53.32    |      34      |  ✅ Success  
    272      |   -819.87    |   -163.93    |     194      |  ✅ Success  
    273      |    346.04    |   -105.82    |      98      |  ✅ Success  
    274      |   -4099.62   |   -518.95    |     452      |  ✅ Success  
    275      |    855.95    |    -20.03    |      30      |  ✅ Success  
    276      |    21.63     |    -97.13    |      98      |  ✅ Success  
    277      |    128.09    |    -85.37    |     130      |  ✅ Success  
    278      |    763.49    |    -21.36    |      39      |  ✅ Success  
    279      |    20.71     |    -72.03    |     109      |  ✅ Success  
    280      |   -6530.52   |   -1485.15   |     657      |  ✅ Success  
  📊 统计 [Ep 280]: Actor Loss=-337.2933, Critic Loss=1719.0886, Alpha=2.1800, TD-error=62.8920, Beta=1.0000
    281      |   -3552.30   |   -634.58    |     400      |  ✅ Success  
    282      |    839.58    |    -26.58    |      30      |  ✅ Success  
    283      |    792.63    |    -29.13    |      37      |  ✅ Success  
    284      |    559.39    |    -48.98    |      66      |  ✅ Success  
    285      |   -587.54    |    -5.74     |      13      |  ❌ Failure  
    286      |   -405.95    |   -190.09    |     163      |  ✅ Success  
    287      |    813.16    |    -22.14    |      36      |  ✅ Success  
    288      |    147.62    |   -105.37    |      87      |  ✅ Success  
    289      |    714.45    |    -31.14    |      45      |  ✅ Success  
    290      |    210.23    |    -69.96    |      89      |  ✅ Success  
  📊 统计 [Ep 290]: Actor Loss=-362.3638, Critic Loss=1857.8685, Alpha=2.1284, TD-error=62.6060, Beta=1.0000
    291      |   -550.06    |    -6.45     |      8       |  ❌ Failure  
    292      |   -1280.56   |   -199.44    |     255      |  ✅ Success  
    293      |    -30.48    |   -131.54    |     129      |  ✅ Success  
    294      |    58.95     |    -82.13    |     101      |  ✅ Success  
    295      |   -1171.63   |   -244.53    |     232      |  ✅ Success  
    296      |   -310.23    |   -144.70    |     130      |  ✅ Success  
    297      |   -2561.98   |   -366.52    |     510      |  ✅ Success  
    298      |    116.34    |    -65.51    |      92      |  ✅ Success  
    299      |    702.87    |    -86.37    |      55      |  ✅ Success  
    300      |   -768.23    |   -165.59    |     201      |  ✅ Success  
  📊 统计 [Ep 300]: Actor Loss=-356.7000, Critic Loss=1504.6463, Alpha=2.2823, TD-error=58.1751, Beta=1.0000
    301      |   -1652.24   |   -245.82    |     261      |  ✅ Success  
    302      |   -1585.13   |   -220.87    |     232      |  ✅ Success  
    303      |    190.55    |    -75.40    |     103      |  ✅ Success  
    304      |    759.53    |    -31.61    |      36      |  ✅ Success  
    305      |    -85.37    |   -188.17    |     114      |  ✅ Success  
    306      |   -383.66    |   -153.12    |     178      |  ✅ Success  
    307      |    221.59    |   -102.25    |      82      |  ✅ Success  
    308      |    13.52     |   -154.86    |     129      |  ✅ Success  
    309      |    894.00    |    -21.29    |      26      |  ✅ Success  
    310      |    555.86    |    -50.77    |      69      |  ✅ Success  
  📊 统计 [Ep 310]: Actor Loss=-407.3677, Critic Loss=1730.2283, Alpha=2.3470, TD-error=63.4154, Beta=1.0000
    311      |   -871.67    |   -327.45    |     199      |  ✅ Success  
    312      |    849.58    |    -1.38     |      39      |  ✅ Success  
    313      |   -305.92    |   -170.62    |     140      |  ✅ Success  
    314      |   -879.30    |   -199.09    |     182      |  ✅ Success  
    315      |   -307.75    |   -168.19    |     142      |  ✅ Success  
    316      |    504.09    |    -62.17    |      74      |  ✅ Success  
    317      |   -200.91    |   -108.74    |     147      |  ✅ Success  
    318      |   -537.84    |    -4.74     |      6       |  ❌ Failure  
    319      |    692.01    |    -60.47    |      45      |  ✅ Success  
    320      |    214.86    |   -102.65    |      88      |  ✅ Success  
  📊 统计 [Ep 320]: Actor Loss=-434.6490, Critic Loss=1648.4683, Alpha=2.5465, TD-error=65.4295, Beta=1.0000
    321      |    539.10    |    -59.16    |      71      |  ✅ Success  
    322      |    710.06    |    -23.74    |      56      |  ✅ Success  
    323      |    878.33    |    -26.50    |      25      |  ✅ Success  
    324      |    183.90    |    -71.66    |     100      |  ✅ Success  
    325      |    297.36    |    -65.58    |      91      |  ✅ Success  
    326      |    849.94    |    -15.09    |      32      |  ✅ Success  
    327      |    846.89    |    -13.91    |      31      |  ✅ Success  
    328      |    96.67     |    -77.59    |     121      |  ✅ Success  
    329      |    737.09    |    -31.03    |      44      |  ✅ Success  
    330      |    829.45    |    -16.02    |      38      |  ✅ Success  
  📊 统计 [Ep 330]: Actor Loss=-490.7413, Critic Loss=2042.8007, Alpha=2.7411, TD-error=71.7642, Beta=1.0000
    331      |    84.73     |    -90.00    |     107      |  ✅ Success  
    332      |   -704.65    |   -145.25    |     190      |  ✅ Success  
    333      |    697.24    |    -26.44    |      55      |  ✅ Success  
    334      |    569.80    |    -35.19    |      57      |  ✅ Success  
    335      |    817.19    |    -50.17    |      32      |  ✅ Success  
    336      |    365.37    |   -116.48    |      80      |  ✅ Success  
    337      |   -336.87    |   -205.37    |     136      |  ✅ Success  
    338      |    208.97    |    -85.46    |      95      |  ✅ Success  
    339      |    662.63    |    -30.94    |      56      |  ✅ Success  
    340      |   -178.05    |   -275.89    |     182      |  ✅ Success  
  📊 统计 [Ep 340]: Actor Loss=-512.5484, Critic Loss=2097.2294, Alpha=2.9068, TD-error=72.5642, Beta=1.0000
    341      |    297.52    |    -54.75    |      84      |  ✅ Success  
    342      |    897.84    |    -12.02    |      23      |  ✅ Success  
    343      |    138.88    |    -84.80    |     104      |  ✅ Success  
    344      |    820.88    |    -19.68    |      32      |  ✅ Success  
    345      |    845.29    |    -15.32    |      31      |  ✅ Success  
    346      |    -15.64    |    -99.22    |     113      |  ✅ Success  
    347      |    884.27    |    -13.77    |      24      |  ✅ Success  
    348      |    595.69    |   -115.16    |      52      |  ✅ Success  
    349      |   -135.52    |    -89.75    |     117      |  ✅ Success  
    350      |    896.73    |    -3.24     |      26      |  ✅ Success  
  📊 统计 [Ep 350]: Actor Loss=-506.5391, Critic Loss=2202.2412, Alpha=2.8726, TD-error=72.4193, Beta=1.0000
    351      |    430.27    |    -66.37    |      84      |  ✅ Success  
    352      |    170.94    |   -109.41    |      95      |  ✅ Success  
    353      |    577.81    |    -46.22    |      56      |  ✅ Success  
    354      |   -1406.90   |   -225.42    |     269      |  ✅ Success  
    355      |   -186.81    |   -107.09    |     134      |  ✅ Success  
    356      |   -1445.70   |   -380.15    |     259      |  ✅ Success  
    357      |    450.75    |    -86.00    |      83      |  ✅ Success  
    358      |    740.45    |    -33.66    |      44      |  ✅ Success  
    359      |    395.31    |    -73.10    |      80      |  ✅ Success  
    360      |    842.96    |    -32.94    |      31      |  ✅ Success  
  📊 统计 [Ep 360]: Actor Loss=-459.3458, Critic Loss=2121.6320, Alpha=2.7290, TD-error=67.5925, Beta=1.0000
    361      |    53.03     |    -93.38    |     110      |  ✅ Success  
    362      |   -1000.70   |   -434.60    |     573      |  ✅ Success  
    363      |   -348.42    |   -154.47    |     137      |  ✅ Success  
    364      |    844.11    |    -25.66    |      32      |  ✅ Success  
    365      |    718.91    |    -44.69    |      44      |  ✅ Success  
    366      |    528.30    |    -46.59    |      58      |  ✅ Success  
    367      |    632.93    |    -35.18    |      52      |  ✅ Success  
    368      |    739.96    |    -71.05    |      42      |  ✅ Success  
    369      |    -3.19     |   -159.98    |     190      |  ✅ Success  
    370      |    859.65    |    -12.94    |      31      |  ✅ Success  
  📊 统计 [Ep 370]: Actor Loss=-419.2123, Critic Loss=1693.7264, Alpha=2.6304, TD-error=61.7525, Beta=1.0000
    371      |   -624.34    |    -15.05    |      18      |  ❌ Failure  
    372      |    779.50    |    -22.70    |      55      |  ✅ Success  
    373      |    705.47    |    -37.06    |      47      |  ✅ Success  
    374      |    749.76    |    -23.33    |      46      |  ✅ Success  
    375      |    777.55    |    -26.07    |      35      |  ✅ Success  
    376      |    632.55    |    -33.11    |      51      |  ✅ Success  
    377      |    606.63    |    -52.38    |      51      |  ✅ Success  
    378      |   -482.93    |   -178.46    |     134      |  ✅ Success  
    379      |    197.16    |    -70.40    |      87      |  ✅ Success  
    380      |    885.28    |    -20.45    |      24      |  ✅ Success  
  📊 统计 [Ep 380]: Actor Loss=-450.9788, Critic Loss=2163.4821, Alpha=2.6606, TD-error=69.1424, Beta=1.0000
    381      |   -263.51    |   -148.43    |     129      |  ✅ Success  
    382      |    527.61    |    -47.86    |      58      |  ✅ Success  
    383      |    238.23    |   -110.65    |      84      |  ✅ Success  
    384      |    771.16    |    -17.51    |      48      |  ✅ Success  
    385      |   -966.38    |    -62.65    |      50      |  ❌ Failure  
    386      |    272.50    |    -76.97    |      86      |  ✅ Success  
    387      |    913.19    |    -18.33    |      19      |  ✅ Success  
    388      |    116.84    |    -74.13    |     102      |  ✅ Success  
    389      |    886.73    |    -20.07    |      25      |  ✅ Success  
    390      |    841.49    |    -20.13    |      29      |  ✅ Success  
  📊 统计 [Ep 390]: Actor Loss=-514.1094, Critic Loss=2411.6095, Alpha=2.7921, TD-error=75.5613, Beta=1.0000
    391      |   -566.13    |    -7.56     |      9       |  ❌ Failure  
    392      |    809.89    |    -44.37    |      39      |  ✅ Success  
    393      |    498.90    |    -43.02    |      67      |  ✅ Success  
    394      |    436.69    |    -59.89    |      75      |  ✅ Success  
    395      |    344.11    |    -79.61    |      72      |  ✅ Success  
    396      |    789.11    |    -39.67    |      36      |  ✅ Success  
    397      |    859.19    |    -25.73    |      31      |  ✅ Success  
    398      |    841.54    |    -8.93     |      38      |  ✅ Success  
    399      |   -2161.96   |   -271.55    |     277      |  ✅ Success  
    400      |    866.11    |    -17.05    |      31      |  ✅ Success  
  📊 统计 [Ep 400]: Actor Loss=-530.4380, Critic Loss=2428.4157, Alpha=2.8897, TD-error=75.9178, Beta=1.0000
    401      |    620.54    |    -34.84    |      63      |  ✅ Success  
    402      |   -544.39    |    -6.15     |      7       |  ❌ Failure  
    403      |    838.15    |    -14.78    |      36      |  ✅ Success  
    404      |    576.72    |    -39.82    |      57      |  ✅ Success  
    405      |    175.29    |   -139.86    |     127      |  ✅ Success  
    406      |    662.80    |    -50.76    |      47      |  ✅ Success  
    407      |   -271.45    |   -134.27    |     123      |  ✅ Success  
    408      |    668.84    |    -30.59    |      51      |  ✅ Success  
    409      |    700.53    |    -17.31    |      55      |  ✅ Success  
    410      |    794.59    |    -16.77    |      39      |  ✅ Success  
  📊 统计 [Ep 410]: Actor Loss=-560.4417, Critic Loss=2827.2019, Alpha=2.9603, TD-error=77.7501, Beta=1.0000
    411      |    92.15     |    -85.77    |      96      |  ✅ Success  
    412      |    -68.08    |   -129.71    |     147      |  ✅ Success  
    413      |   -321.00    |   -100.27    |     141      |  ✅ Success  
    414      |    321.81    |    -71.29    |      86      |  ✅ Success  
    415      |    367.86    |    -76.88    |      82      |  ✅ Success  
    416      |    814.46    |    -27.18    |      36      |  ✅ Success  
    417      |    885.55    |    -15.35    |      24      |  ✅ Success  
    418      |   -2247.34   |   -310.10    |     310      |  ✅ Success  
    419      |    469.74    |    -49.47    |      66      |  ✅ Success  
    420      |    546.94    |    -49.73    |      56      |  ✅ Success  
  📊 统计 [Ep 420]: Actor Loss=-585.6411, Critic Loss=2397.1739, Alpha=3.1845, TD-error=79.5853, Beta=1.0000
    421      |    675.33    |    -47.93    |      61      |  ✅ Success  
    422      |    306.23    |    -72.22    |      92      |  ✅ Success  
    423      |    814.00    |    -18.72    |      39      |  ✅ Success  
    424      |    16.89     |    -95.68    |     115      |  ✅ Success  
    425      |    869.64    |    -11.93    |      29      |  ✅ Success  
    426      |    710.41    |    -31.29    |      53      |  ✅ Success  
    427      |   -474.37    |   -106.21    |     147      |  ✅ Success  
    428      |    268.48    |    -80.79    |      92      |  ✅ Success  
    429      |   -1032.47   |   -230.45    |     216      |  ✅ Success  
    430      |   -607.34    |   -117.59    |     163      |  ✅ Success  
  📊 统计 [Ep 430]: Actor Loss=-597.4545, Critic Loss=2621.3131, Alpha=3.3672, TD-error=78.1266, Beta=1.0000
    431      |   -2492.91   |   -371.86    |     375      |  ✅ Success  
    432      |   -727.32    |   -183.93    |     183      |  ✅ Success  
    433      |    649.38    |    -29.14    |      53      |  ✅ Success  
    434      |    879.29    |    -10.39    |      25      |  ✅ Success  
    435      |    440.42    |    -64.42    |      66      |  ✅ Success  
    436      |    538.06    |   -181.85    |      71      |  ✅ Success  
    437      |    520.58    |    -67.56    |      65      |  ✅ Success  
    438      |   -577.62    |    -7.80     |      11      |  ❌ Failure  
    439      |    841.60    |    -23.41    |      39      |  ✅ Success  
    440      |   -157.67    |   -100.44    |     120      |  ✅ Success  
  📊 统计 [Ep 440]: Actor Loss=-595.5542, Critic Loss=2498.2057, Alpha=3.2979, TD-error=76.2039, Beta=1.0000
    441      |    882.76    |    -13.09    |      28      |  ✅ Success  
    442      |    804.71    |    -35.63    |      51      |  ✅ Success  
    443      |    216.83    |    -99.24    |      92      |  ✅ Success  
    444      |   -753.39    |   -175.24    |     187      |  ✅ Success  
    445      |    878.75    |    -11.53    |      27      |  ✅ Success  
    446      |    374.88    |    -68.92    |      79      |  ✅ Success  
    447      |   -944.65    |   -182.19    |     194      |  ✅ Success  
    448      |    789.01    |    -24.63    |      37      |  ✅ Success  
    449      |    606.16    |    -39.34    |      51      |  ✅ Success  
    450      |    897.70    |    -10.86    |      24      |  ✅ Success  
  📊 统计 [Ep 450]: Actor Loss=-609.9539, Critic Loss=2275.1919, Alpha=3.2866, TD-error=76.8550, Beta=1.0000
    451      |    129.10    |    -63.31    |      97      |  ✅ Success  
    452      |    855.36    |    -18.26    |      27      |  ✅ Success  
    453      |   -396.81    |   -135.97    |     135      |  ✅ Success  
    454      |    859.31    |    -24.49    |      29      |  ✅ Success  
    455      |    234.81    |   -384.28    |     130      |  ✅ Success  
    456      |    594.03    |    -61.34    |      54      |  ✅ Success  
    457      |    228.57    |    -76.27    |      95      |  ✅ Success  
    458      |   -1396.84   |   -230.36    |     230      |  ✅ Success  
    459      |    805.55    |    -16.96    |      35      |  ✅ Success  
    460      |    688.69    |    -25.93    |      47      |  ✅ Success  
  📊 统计 [Ep 460]: Actor Loss=-613.7719, Critic Loss=2087.1350, Alpha=3.2803, TD-error=74.0027, Beta=1.0000
    461      |   -555.85    |    -5.70     |      9       |  ❌ Failure  
    462      |    849.76    |    -68.09    |      27      |  ✅ Success  
    463      |   -562.86    |    -7.94     |      9       |  ❌ Failure  
    464      |    815.41    |    -18.61    |      32      |  ✅ Success  
    465      |    863.72    |    -15.67    |      28      |  ✅ Success  
    466      |    887.95    |    -12.63    |      26      |  ✅ Success  
    467      |    789.05    |    -25.47    |      41      |  ✅ Success  
    468      |    350.45    |    -65.87    |      75      |  ✅ Success  
    469      |    736.44    |    -30.80    |      45      |  ✅ Success  
    470      |    761.91    |    -26.96    |      45      |  ✅ Success  
  📊 统计 [Ep 470]: Actor Loss=-668.5014, Critic Loss=2790.7148, Alpha=3.1992, TD-error=79.7872, Beta=1.0000
    471      |    501.84    |    -41.40    |      76      |  ✅ Success  
    472      |   -925.73    |   -179.59    |     195      |  ✅ Success  
    473      |    814.52    |    -19.74    |      36      |  ✅ Success  
    474      |    504.05    |    -47.82    |      70      |  ✅ Success  
    475      |   -603.13    |    -8.47     |      14      |  ❌ Failure  
    476      |    824.77    |    -18.64    |      35      |  ✅ Success  
    477      |    894.96    |    -10.65    |      24      |  ✅ Success  
    478      |    158.58    |   -123.28    |      90      |  ✅ Success  
    479      |    305.85    |    -63.42    |      90      |  ✅ Success  
    480      |    793.67    |    -40.56    |      39      |  ✅ Success  
  📊 统计 [Ep 480]: Actor Loss=-664.7220, Critic Loss=2468.9710, Alpha=3.2122, TD-error=80.9730, Beta=1.0000
    481      |    743.51    |    -73.74    |      59      |  ✅ Success  
    482      |    785.70    |    -22.58    |      40      |  ✅ Success  
    483      |    855.07    |    -14.19    |      31      |  ✅ Success  
    484      |    415.16    |    -51.94    |      76      |  ✅ Success  
    485      |    871.55    |    -11.16    |      28      |  ✅ Success  
    486      |    547.04    |    -34.51    |      66      |  ✅ Success  
    487      |    767.36    |    -26.00    |      38      |  ✅ Success  
    488      |    816.99    |    -14.33    |      36      |  ✅ Success  
    489      |    313.88    |    -93.75    |      90      |  ✅ Success  
    490      |     1.03     |   -171.58    |     103      |  ✅ Success  
  📊 统计 [Ep 490]: Actor Loss=-643.5284, Critic Loss=2873.5444, Alpha=3.2794, TD-error=83.7355, Beta=1.0000
    491      |    633.07    |    -47.29    |      49      |  ✅ Success  
    492      |   -1714.25   |   -282.12    |     278      |  ✅ Success  
    493      |    537.12    |    -58.17    |     127      |  ✅ Success  
    494      |   -862.24    |    -51.47    |      45      |  ❌ Failure  
    495      |    816.14    |    -28.75    |      39      |  ✅ Success  
    496      |   -1412.08   |   -228.78    |     237      |  ✅ Success  
    497      |    801.95    |    -19.43    |      39      |  ✅ Success  
    498      |   -295.33    |   -109.88    |     123      |  ✅ Success  
    499      |    -48.76    |   -105.74    |     112      |  ✅ Success  
✅ 训练数据已保存: /home/zhangpeng/UAV_PATH_PLANNING/runs/exp_baseline_20251031_161952/training_data.pkl
✅ 总奖励曲线已保存: /home/zhangpeng/UAV_PATH_PLANNING/runs/exp_baseline_20251031_161952/plots/total_reward.png
✅ Leader奖励曲线已保存: /home/zhangpeng/UAV_PATH_PLANNING/runs/exp_baseline_20251031_161952/plots/leader_reward.png
✅ Follower奖励曲线已保存: /home/zhangpeng/UAV_PATH_PLANNING/runs/exp_baseline_20251031_161952/plots/follower_reward.png
