📝 日志文件: /home/zhangpeng/UAV_PATH_PLANNING/runs/exp_baseline_20251030_111616/training.log
💡 训练输出将实时保存到日志文件
🚀 启用AMP混合精度训练（预期加速40-100%）
🚀 启用异步数据传输（预期加速10-20%）
SAC训练中...
📊 优先级经验回放（PER）配置:
  - 容量: 20000
  - Alpha: 0.6 (优先级指数)
  - Beta: 0.4 → 1.0 (重要性采样权重)
  - 内存优化: float32 (节省50%内存)

================================================================================
  Episode    |    Leader    |  Follower0   |  Follower1   |  Follower2   |    Steps     |    Status   
================================================================================
     0       |   -5135.59   |   -1146.15   |   -1056.29   |   -1183.07   |     399      |  ✅ Success  
  📊 统计 [Ep 0]: Actor Loss=7.6824, Critic Loss=6.7756, Alpha=0.9605, TD-error=0.7972, Beta=0.6720
     1       |  -15655.62   |   -2484.46   |   -2793.17   |   -2862.58   |     1000     | ⏱️  Timeout 
     2       |  -12849.04   |   -3157.86   |   -2768.99   |   -2444.02   |     1000     | ⏱️  Timeout 
     3       |   -4018.45   |   -418.71    |   -641.69    |   -682.91    |     226      |  ❌ Failure  
     4       |   -1020.78   |   -420.73    |   -445.23    |   -368.53    |     174      |  ✅ Success  
     5       |   -2265.48   |   -290.85    |   -324.80    |   -283.02    |     133      |  ❌ Failure  
     6       |   -7077.72   |   -1806.43   |   -1454.61   |   -1283.87   |     583      |  ✅ Success  
     7       |   -370.59    |   -224.56    |   -282.87    |   -276.48    |     123      |  ✅ Success  
     8       |   -553.23    |   -403.15    |   -372.86    |   -297.25    |     141      |  ✅ Success  
     9       |   -914.86    |   -470.22    |   -527.68    |   -413.92    |     178      |  ✅ Success  
     10      |   -2020.43   |   -588.66    |   -782.15    |   -603.59    |     267      |  ✅ Success  
  📊 统计 [Ep 10]: Actor Loss=47.6687, Critic Loss=64.1088, Alpha=0.3752, TD-error=2.7831, Beta=1.0000
     11      |    797.08    |    -26.44    |    -27.98    |    -32.34    |      27      |  ✅ Success  
     12      |   -1577.18   |   -200.33    |   -124.13    |   -189.03    |     101      |  ❌ Failure  
     13      |    629.10    |    -47.36    |    -66.29    |   -102.87    |      42      |  ✅ Success  
     14      |    238.44    |    -94.47    |   -127.87    |   -146.44    |      66      |  ✅ Success  
     15      |   -1483.81   |   -219.61    |   -187.89    |   -170.54    |      99      |  ❌ Failure  
     16      |    119.07    |   -186.23    |   -138.91    |   -268.09    |     100      |  ✅ Success  
     17      |    381.75    |   -103.01    |   -143.46    |   -140.83    |      64      |  ✅ Success  
     18      |   -3255.89   |   -1196.46   |   -884.86    |   -908.93    |     415      |  ✅ Success  
     19      |   -2672.35   |   -795.76    |   -1071.57   |   -975.55    |     378      |  ✅ Success  
     20      |   -550.17    |    -6.97     |    -4.00     |    -7.72     |      6       |  ❌ Failure  
  📊 统计 [Ep 20]: Actor Loss=39.3242, Critic Loss=200.6515, Alpha=0.2910, TD-error=6.6838, Beta=1.0000
     21      |   -173.35    |   -192.10    |   -179.80    |   -205.38    |     109      |  ✅ Success  
     22      |   -5946.03   |   -1292.13   |   -1476.69   |   -1121.65   |     498      |  ✅ Success  
     23      |    -57.52    |   -137.05    |   -206.19    |   -176.75    |      79      |  ✅ Success  
     24      |    -13.76    |   -195.00    |   -185.49    |   -260.64    |     114      |  ✅ Success  
     25      |    399.65    |   -139.08    |   -137.13    |    -85.48    |      56      |  ✅ Success  
     26      |   -3712.86   |   -905.62    |   -1022.66   |   -661.25    |     306      |  ✅ Success  
     27      |   -563.77    |    -8.84     |    -8.15     |    -7.79     |      7       |  ❌ Failure  
     28      |    272.77    |   -163.80    |   -150.61    |   -128.54    |      72      |  ✅ Success  
     29      |   -1568.91   |   -531.81    |   -468.56    |   -417.84    |     225      |  ✅ Success  
     30      |   -992.24    |   -574.54    |   -364.07    |   -535.90    |     193      |  ✅ Success  
  📊 统计 [Ep 30]: Actor Loss=36.2799, Critic Loss=234.9996, Alpha=0.2385, TD-error=7.9377, Beta=1.0000
     31      |    301.87    |   -136.23    |   -161.56    |   -183.46    |      76      |  ✅ Success  
     32      |    77.86     |   -254.78    |   -283.01    |   -212.93    |     123      |  ✅ Success  
     33      |    160.29    |   -217.23    |    -97.54    |   -137.06    |      90      |  ✅ Success  
     34      |   -2441.50   |   -550.31    |   -490.03    |   -848.56    |     261      |  ✅ Success  
     35      |  -10344.62   |   -1931.63   |   -1946.78   |   -1319.57   |     802      |  ✅ Success  
     36      |   -5045.89   |   -1135.86   |   -925.99    |   -1045.85   |     435      |  ✅ Success  
     37      |    240.97    |   -199.84    |   -129.60    |   -166.60    |      82      |  ✅ Success  
     38      |   -669.77    |    -36.81    |    -29.89    |    -16.71    |      18      |  ❌ Failure  
     39      |   -3057.10   |   -544.77    |   -481.64    |   -698.66    |     285      |  ❌ Failure  
     40      |   -1948.17   |   -201.24    |   -338.27    |   -245.50    |     126      |  ❌ Failure  
  📊 统计 [Ep 40]: Actor Loss=38.5098, Critic Loss=258.9004, Alpha=0.2290, TD-error=8.4598, Beta=1.0000
     41      |    866.98    |    -24.54    |    -23.14    |    -22.34    |      21      |  ✅ Success  
     42      |   -1216.08   |   -111.82    |    -50.75    |   -100.21    |      79      |  ❌ Failure  
     43      |   -320.11    |   -178.44    |   -147.95    |   -204.31    |     127      |  ✅ Success  
     44      |   -774.97    |    -54.41    |    -16.07    |    -38.73    |      33      |  ❌ Failure  
     45      |    521.53    |   -127.96    |    -93.10    |   -149.54    |      62      |  ✅ Success  
     46      |    638.59    |    -72.74    |    -19.00    |    -53.59    |      48      |  ✅ Success  
     47      |    711.80    |    -60.07    |    -36.93    |    -33.67    |      38      |  ✅ Success  
     48      |    665.75    |    -75.46    |    -28.20    |    -63.22    |      54      |  ✅ Success  
     49      |    151.67    |   -205.31    |   -106.39    |   -142.01    |     110      |  ✅ Success  
     50      |    781.84    |    -58.70    |    -22.89    |    -46.53    |      28      |  ✅ Success  
  📊 统计 [Ep 50]: Actor Loss=41.4019, Critic Loss=306.2626, Alpha=0.2343, TD-error=9.3602, Beta=1.0000
     51      |    648.91    |    -44.15    |    -34.63    |    -95.88    |      45      |  ✅ Success  
     52      |    695.06    |    -79.43    |    -64.10    |    -53.29    |      40      |  ✅ Success  
     53      |    252.51    |   -109.64    |    -65.31    |    -86.35    |      73      |  ✅ Success  
     54      |    657.83    |    -91.36    |    -48.18    |    -54.59    |      45      |  ✅ Success  
     55      |    416.06    |   -130.84    |    -37.94    |    -91.73    |      61      |  ✅ Success  
     56      |   -1899.04   |   -616.64    |   -359.09    |   -467.65    |     207      |  ✅ Success  
     57      |    407.18    |   -111.49    |   -102.79    |   -148.40    |      75      |  ✅ Success  
     58      |    321.70    |   -125.02    |    -80.54    |   -104.67    |      75      |  ✅ Success  
     59      |   -1116.65   |    -82.24    |    -60.60    |    -99.54    |      58      |  ❌ Failure  
     60      |   -164.92    |   -242.83    |   -145.98    |   -179.43    |      99      |  ✅ Success  
  📊 统计 [Ep 60]: Actor Loss=38.0514, Critic Loss=396.9645, Alpha=0.2493, TD-error=11.0797, Beta=1.0000
     61      |    137.29    |   -116.32    |   -118.52    |    -94.51    |      78      |  ✅ Success  
     62      |    338.79    |   -108.83    |    -94.20    |   -169.12    |      81      |  ✅ Success  
     63      |    43.73     |   -270.15    |    -91.15    |   -279.81    |     109      |  ✅ Success  
     64      |    357.97    |   -111.79    |    -65.70    |   -144.64    |      68      |  ✅ Success  
     65      |    692.97    |    -43.79    |    -55.15    |    -64.49    |      42      |  ✅ Success  
     66      |    730.84    |    -63.25    |    -38.23    |    -34.01    |      40      |  ✅ Success  
     67      |    594.56    |    -72.14    |    -62.22    |    -42.65    |      48      |  ✅ Success  
     68      |    504.06    |    -96.62    |    -72.50    |   -112.93    |      56      |  ✅ Success  
     69      |    665.78    |    -82.49    |    -28.83    |    -53.07    |      44      |  ✅ Success  
     70      |    788.17    |    -34.56    |    -17.94    |    -38.71    |      30      |  ✅ Success  
  📊 统计 [Ep 70]: Actor Loss=28.2044, Critic Loss=484.8371, Alpha=0.2777, TD-error=12.5220, Beta=1.0000
     71      |    774.48    |    -47.72    |    -20.82    |    -24.90    |      35      |  ✅ Success  
     72      |    731.02    |    -65.11    |    -12.86    |    -47.31    |      36      |  ✅ Success  
     73      |    690.01    |    -66.24    |    -41.54    |    -47.32    |      38      |  ✅ Success  
     74      |    652.50    |    -67.04    |    -47.21    |    -58.44    |      44      |  ✅ Success  
     75      |   -593.02    |    -13.73    |    -14.58    |    -16.93    |      12      |  ❌ Failure  
     76      |    322.33    |    -98.13    |    -60.38    |    -72.81    |      60      |  ✅ Success  
     77      |    775.26    |    -35.13    |    -20.15    |    -50.90    |      35      |  ✅ Success  
     78      |    666.75    |    -66.74    |    -70.13    |    -33.44    |      39      |  ✅ Success  
     79      |    72.82     |   -229.22    |   -138.40    |   -233.31    |     134      |  ✅ Success  
     80      |    721.43    |    -55.01    |    -37.03    |    -39.39    |      37      |  ✅ Success  
  📊 统计 [Ep 80]: Actor Loss=25.3473, Critic Loss=628.3604, Alpha=0.3125, TD-error=14.8396, Beta=1.0000
     81      |    723.45    |    -27.39    |    -33.84    |    -32.48    |      42      |  ✅ Success  
     82      |   -251.49    |   -333.35    |   -206.35    |   -187.11    |     137      |  ✅ Success  
     83      |   -888.79    |   -414.80    |   -304.72    |   -376.32    |     214      |  ✅ Success  
     84      |   -2028.65   |   -573.12    |   -373.89    |   -449.08    |     290      |  ✅ Success  
     85      |    591.00    |    -95.65    |    -54.22    |    -78.75    |      60      |  ✅ Success  
     86      |    768.61    |    -63.39    |    -30.13    |    -21.80    |      35      |  ✅ Success  
     87      |    686.64    |    -30.91    |    -27.13    |    -66.85    |      43      |  ✅ Success  
     88      |   -542.98    |    -3.78     |    -3.91     |    -4.00     |      6       |  ❌ Failure  
     89      |    583.33    |    -52.48    |    -50.49    |    -58.06    |      48      |  ✅ Success  
     90      |    769.10    |    -74.04    |    -18.34    |    -39.04    |      31      |  ✅ Success  
  📊 统计 [Ep 90]: Actor Loss=29.3984, Critic Loss=523.7189, Alpha=0.3484, TD-error=13.8412, Beta=1.0000
     91      |   -2492.72   |   -746.23    |   -534.60    |   -512.61    |     312      |  ✅ Success  
     92      |   -1266.28   |   -547.01    |   -296.80    |   -403.99    |     261      |  ✅ Success  
     93      |    648.21    |    -96.81    |    -48.10    |    -61.31    |      48      |  ✅ Success  
     94      |    688.79    |    -61.79    |    -44.63    |    -33.60    |      44      |  ✅ Success  
     95      |   -634.00    |    -27.94    |    -12.38    |    -24.48    |      14      |  ❌ Failure  
     96      |    744.97    |    -78.37    |    -30.27    |    -36.67    |      36      |  ✅ Success  
     97      |   -206.62    |   -167.90    |   -136.65    |   -281.79    |     132      |  ✅ Success  
     98      |    -2.70     |   -217.46    |   -107.56    |   -120.15    |      96      |  ✅ Success  
     99      |   -1004.37   |   -574.94    |   -242.20    |   -423.38    |     232      |  ✅ Success  
    100      |    204.57    |   -173.45    |    -94.54    |   -118.61    |      86      |  ✅ Success  
  📊 统计 [Ep 100]: Actor Loss=30.9138, Critic Loss=459.3444, Alpha=0.3232, TD-error=12.2243, Beta=1.0000
    101      |   -774.33    |   -234.06    |   -296.89    |   -241.51    |     162      |  ✅ Success  
    102      |    796.43    |    -24.72    |    -30.44    |    -17.27    |      33      |  ✅ Success  
    103      |   -605.38    |    -14.79    |    -9.40     |    -12.49    |      13      |  ❌ Failure  
    104      |   -309.63    |   -251.57    |   -149.07    |   -225.94    |     136      |  ✅ Success  
    105      |    728.50    |    -51.47    |    -36.09    |    -29.02    |      40      |  ✅ Success  
    106      |    762.41    |    -23.06    |    -29.58    |    -30.83    |      35      |  ✅ Success  
    107      |    580.19    |    -58.32    |    -62.10    |    -62.39    |      59      |  ✅ Success  
    108      |    412.67    |   -132.32    |   -136.19    |    -73.29    |      71      |  ✅ Success  
    109      |    847.38    |    -34.60    |    -13.15    |    -15.13    |      27      |  ✅ Success  
    110      |   -350.21    |   -298.62    |   -217.37    |   -266.78    |     150      |  ✅ Success  
  📊 统计 [Ep 110]: Actor Loss=29.5844, Critic Loss=526.7696, Alpha=0.3048, TD-error=12.8947, Beta=1.0000
    111      |    804.66    |    -23.96    |    -24.59    |    -24.90    |      30      |  ✅ Success  
    112      |    577.41    |    -66.03    |    -78.66    |    -80.87    |      65      |  ✅ Success  
    113      |   -175.42    |   -262.57    |   -176.02    |   -238.95    |     172      |  ✅ Success  
    114      |    489.96    |   -121.28    |    -55.61    |   -123.32    |      76      |  ✅ Success  
    115      |   -528.90    |    -2.00     |    -3.45     |    -3.71     |      4       |  ❌ Failure  
    116      |    836.16    |    -23.42    |    -15.08    |    -18.66    |      28      |  ✅ Success  
    117      |   -1587.38   |   -344.32    |   -325.19    |   -226.98    |     223      |  ✅ Success  
    118      |   -146.47    |   -202.24    |   -107.34    |   -127.63    |     121      |  ✅ Success  
    119      |    795.19    |    -22.02    |    -19.57    |    -26.44    |      32      |  ✅ Success  
    120      |    -29.67    |   -147.01    |    -99.67    |   -162.36    |     108      |  ✅ Success  
  📊 统计 [Ep 120]: Actor Loss=23.6880, Critic Loss=579.1084, Alpha=0.3041, TD-error=13.6266, Beta=1.0000
    121      |    793.82    |    -27.80    |    -22.86    |    -11.34    |      33      |  ✅ Success  
    122      |    435.88    |   -117.67    |    -40.77    |    -79.52    |      69      |  ✅ Success  
    123      |   -119.83    |   -305.89    |   -199.48    |   -231.42    |     176      |  ✅ Success  
    124      |    679.97    |    -40.57    |    -31.41    |    -51.97    |      60      |  ✅ Success  
    125      |    377.53    |   -133.13    |    -61.87    |    -61.26    |      74      |  ✅ Success  
    126      |   -3480.01   |   -474.80    |   -406.66    |   -716.03    |     342      |  ✅ Success  
    127      |   -2976.16   |   -483.08    |   -557.21    |   -626.50    |     300      |  ✅ Success  
    128      |   -680.94    |    -22.24    |    -23.36    |    -21.65    |      22      |  ❌ Failure  
    129      |    761.87    |    -23.10    |    -25.02    |    -51.02    |      33      |  ✅ Success  
    130      |    705.07    |    -37.33    |    -26.60    |    -32.19    |      45      |  ✅ Success  
  📊 统计 [Ep 130]: Actor Loss=18.0121, Critic Loss=723.7293, Alpha=0.3312, TD-error=16.7040, Beta=1.0000
    131      |    484.95    |    -69.12    |    -39.26    |    -81.16    |      57      |  ✅ Success  
    132      |    609.91    |    -69.98    |    -46.58    |    -66.71    |      52      |  ✅ Success  
    133      |    763.10    |    -42.31    |    -23.23    |    -19.33    |      36      |  ✅ Success  
    134      |    452.52    |    -77.35    |    -36.64    |   -117.62    |      75      |  ✅ Success  
    135      |    683.93    |    -62.28    |    -34.65    |    -24.27    |      45      |  ✅ Success  
    136      |    80.11     |    -87.72    |    -96.87    |    -88.14    |     116      |  ✅ Success  
    137      |    465.94    |    -93.43    |    -41.82    |   -126.14    |      58      |  ✅ Success  
    138      |    314.73    |   -140.56    |    -96.15    |    -67.52    |      74      |  ✅ Success  
    139      |    827.71    |    -37.82    |    -12.79    |    -16.21    |      28      |  ✅ Success  
    140      |    838.55    |    -24.73    |    -10.04    |    -22.91    |      27      |  ✅ Success  
  📊 统计 [Ep 140]: Actor Loss=9.0985, Critic Loss=728.0670, Alpha=0.3424, TD-error=16.1521, Beta=1.0000
    141      |    710.60    |    -39.02    |    -32.02    |    -20.13    |      40      |  ✅ Success  
    142      |    576.13    |    -63.66    |    -36.04    |    -63.57    |      56      |  ✅ Success  
    143      |    451.52    |    -80.02    |    -45.34    |    -56.98    |      75      |  ✅ Success  
    144      |    777.43    |    -42.54    |    -19.74    |    -26.24    |      33      |  ✅ Success  
    145      |    772.34    |    -51.72    |    -20.04    |    -21.40    |      34      |  ✅ Success  
    146      |   -770.29    |    -33.15    |    -24.88    |    -17.24    |      32      |  ❌ Failure  
    147      |    797.29    |    -41.10    |    -20.22    |    -19.10    |      31      |  ✅ Success  
    148      |   -793.19    |    -35.73    |    -26.00    |    -41.21    |      36      |  ❌ Failure  
    149      |    395.46    |    -72.61    |    -36.72    |   -102.85    |      65      |  ✅ Success  
    150      |   -833.59    |    -43.22    |    -30.20    |    -47.40    |      36      |  ❌ Failure  
  📊 统计 [Ep 150]: Actor Loss=4.2193, Critic Loss=690.1319, Alpha=0.3556, TD-error=17.3104, Beta=1.0000
    151      |    305.01    |    -90.88    |    -53.15    |   -117.42    |      75      |  ✅ Success  
    152      |    234.31    |    -84.36    |    -61.88    |    -93.24    |      84      |  ✅ Success  
    153      |    865.35    |    -25.00    |    -16.05    |    -8.61     |      23      |  ✅ Success  
    154      |    748.53    |    -27.90    |    -18.58    |    -36.28    |      36      |  ✅ Success  
    155      |    581.68    |    -55.51    |    -33.02    |    -42.23    |      50      |  ✅ Success  
    156      |    790.25    |    -27.70    |    -24.24    |    -30.65    |      34      |  ✅ Success  
    157      |    821.89    |    -28.53    |    -20.48    |    -12.28    |      31      |  ✅ Success  
    158      |    623.50    |    -66.67    |    -33.35    |    -31.59    |      56      |  ✅ Success  
    159      |    556.91    |    -63.50    |    -51.81    |    -28.77    |      65      |  ✅ Success  
    160      |    829.45    |    -18.40    |    -17.28    |    -14.62    |      31      |  ✅ Success  
  📊 统计 [Ep 160]: Actor Loss=0.0748, Critic Loss=796.4729, Alpha=0.3825, TD-error=18.0573, Beta=1.0000
    161      |    472.89    |    -60.56    |    -41.29    |    -50.18    |      66      |  ✅ Success  
    162      |    696.53    |    -42.43    |    -29.76    |    -44.89    |      42      |  ✅ Success  
    163      |    418.86    |    -65.67    |    -62.79    |    -58.75    |      63      |  ✅ Success  
    164      |    478.76    |    -84.59    |    -90.45    |    -42.90    |      71      |  ✅ Success  
    165      |    741.73    |    -21.43    |    -14.75    |    -29.87    |      36      |  ✅ Success  
    166      |    310.57    |    -79.95    |    -51.45    |    -78.33    |      88      |  ✅ Success  
    167      |    477.53    |    -98.12    |    -63.98    |    -37.09    |      57      |  ✅ Success  
    168      |   -207.84    |   -152.21    |   -107.64    |   -186.02    |      97      |  ✅ Success  
    169      |    663.45    |    -32.36    |    -34.01    |    -44.54    |      43      |  ✅ Success  
    170      |    663.10    |    -34.86    |    -39.15    |    -35.86    |      42      |  ✅ Success  
  📊 统计 [Ep 170]: Actor Loss=-4.5694, Critic Loss=726.5697, Alpha=0.4283, TD-error=19.0615, Beta=1.0000
    171      |    633.93    |    -76.41    |    -27.49    |    -35.19    |      53      |  ✅ Success  
    172      |    761.96    |    -19.40    |    -26.68    |    -35.70    |      33      |  ✅ Success  
    173      |    580.47    |    -32.41    |    -68.28    |    -23.16    |      59      |  ✅ Success  
    174      |   -539.21    |    -6.33     |    -3.62     |    -3.56     |      6       |  ❌ Failure  
    175      |    495.49    |    -51.10    |    -43.37    |    -50.13    |      66      |  ✅ Success  
    176      |   -274.16    |   -186.48    |   -251.74    |   -153.09    |     150      |  ✅ Success  
    177      |    829.59    |    -19.36    |    -18.93    |    -16.00    |      28      |  ✅ Success  
    178      |   -587.73    |    -12.72    |    -8.28     |    -10.26    |      12      |  ❌ Failure  
    179      |    275.03    |    -70.09    |    -87.45    |    -65.42    |      82      |  ✅ Success  
    180      |   -790.21    |    -28.52    |    -45.31    |    -40.16    |      37      |  ❌ Failure  
  📊 统计 [Ep 180]: Actor Loss=-10.2625, Critic Loss=923.2161, Alpha=0.4378, TD-error=19.6700, Beta=1.0000
    181      |    727.00    |    -23.80    |    -29.90    |    -19.85    |      42      |  ✅ Success  
    182      |    567.46    |    -73.23    |    -47.64    |   -114.29    |      68      |  ✅ Success  
    183      |    736.06    |    -37.37    |    -39.57    |    -18.31    |      41      |  ✅ Success  
    184      |    668.32    |    -29.73    |    -45.60    |    -18.04    |      48      |  ✅ Success  
    185      |    715.61    |    -23.64    |    -21.32    |    -49.76    |      38      |  ✅ Success  
    186      |    766.15    |    -22.40    |    -25.60    |    -12.28    |      36      |  ✅ Success  
    187      |    561.68    |    -73.98    |    -55.60    |    -89.33    |      76      |  ✅ Success  
    188      |    712.00    |    -35.18    |    -20.54    |    -36.72    |      45      |  ✅ Success  
    189      |    745.68    |    -23.11    |    -36.92    |    -11.19    |      41      |  ✅ Success  
    190      |    870.85    |    -22.79    |    -14.32    |    -10.92    |      24      |  ✅ Success  
  📊 统计 [Ep 190]: Actor Loss=-21.9977, Critic Loss=837.4224, Alpha=0.4705, TD-error=21.3473, Beta=1.0000
    191      |    121.11    |   -144.79    |   -166.69    |   -158.61    |      75      |  ✅ Success  
    192      |    310.56    |    -63.73    |    -81.84    |    -63.81    |      77      |  ✅ Success  
    193      |    818.29    |    -14.23    |    -14.78    |    -13.88    |      34      |  ✅ Success  
    194      |    541.04    |    -40.89    |    -40.19    |    -54.72    |      59      |  ✅ Success  
    195      |    294.13    |    -92.12    |    -63.46    |    -59.08    |      67      |  ✅ Success  
    196      |    728.69    |    -50.52    |    -17.48    |    -24.27    |      44      |  ✅ Success  
    197      |    590.12    |    -37.55    |    -51.06    |    -31.67    |      55      |  ✅ Success  
    198      |    378.29    |    -65.36    |    -57.67    |    -85.94    |      62      |  ✅ Success  
    199      |    700.96    |    -27.36    |    -40.93    |    -31.23    |      50      |  ✅ Success  
    200      |    352.75    |    -66.20    |    -53.77    |    -70.53    |      73      |  ✅ Success  
  📊 统计 [Ep 200]: Actor Loss=-32.9555, Critic Loss=1105.7059, Alpha=0.5162, TD-error=22.8603, Beta=1.0000
    201      |    768.99    |    -41.99    |    -25.12    |    -19.98    |      32      |  ✅ Success  
    202      |    590.21    |    -38.23    |    -49.63    |    -39.05    |      50      |  ✅ Success  
    203      |    655.65    |    -25.71    |    -34.28    |    -36.70    |      50      |  ✅ Success  
    204      |    827.95    |    -22.70    |    -24.32    |    -18.87    |      31      |  ✅ Success  
    205      |    577.09    |    -55.41    |    -37.30    |    -36.78    |      50      |  ✅ Success  
    206      |    320.56    |    -80.23    |    -87.76    |    -84.43    |      67      |  ✅ Success  
    207      |   -1632.31   |   -223.01    |   -262.43    |   -185.11    |     176      |  ❌ Failure  
    208      |    654.68    |    -37.50    |    -51.02    |    -29.36    |      46      |  ✅ Success  
    209      |    887.89    |    -9.66     |    -8.91     |    -9.29     |      24      |  ✅ Success  
    210      |    516.24    |    -57.19    |    -37.94    |    -69.01    |      52      |  ✅ Success  
  📊 统计 [Ep 210]: Actor Loss=-47.4773, Critic Loss=1133.8043, Alpha=0.5577, TD-error=23.8912, Beta=1.0000
    211      |    790.84    |    -13.76    |    -31.55    |    -17.15    |      32      |  ✅ Success  
    212      |    793.26    |    -40.67    |    -16.44    |    -22.73    |      31      |  ✅ Success  
    213      |    660.91    |    -31.55    |    -93.92    |    -22.73    |      48      |  ✅ Success  
    214      |    581.86    |    -46.72    |    -40.83    |    -50.72    |      49      |  ✅ Success  
    215      |    415.32    |   -117.23    |    -70.88    |    -72.65    |      70      |  ✅ Success  
    216      |    783.13    |    -38.99    |    -26.97    |    -27.32    |      34      |  ✅ Success  
    217      |    562.90    |    -59.76    |    -42.98    |    -53.62    |      59      |  ✅ Success  
    218      |    744.15    |    -27.49    |    -29.48    |    -26.44    |      37      |  ✅ Success  
    219      |    454.36    |    -73.17    |    -58.20    |    -75.92    |      68      |  ✅ Success  
    220      |    782.45    |    -19.50    |    -21.62    |    -27.98    |      39      |  ✅ Success  
  📊 统计 [Ep 220]: Actor Loss=-53.7301, Critic Loss=1191.1985, Alpha=0.6166, TD-error=24.3201, Beta=1.0000
    221      |    204.98    |   -117.22    |   -103.45    |    -99.43    |      90      |  ✅ Success  
    222      |    819.13    |    -21.24    |    -23.71    |    -21.61    |      31      |  ✅ Success  
    223      |   -783.22    |    -34.06    |    -30.55    |    -43.31    |      32      |  ❌ Failure  
    224      |    -20.15    |   -143.49    |   -128.96    |   -159.21    |     133      |  ✅ Success  
    225      |    723.03    |    -24.01    |    -24.31    |    -26.48    |      45      |  ✅ Success  
    226      |    849.17    |    -21.99    |    -18.69    |    -19.92    |      28      |  ✅ Success  
    227      |    644.10    |    -42.46    |    -37.78    |    -33.04    |      58      |  ✅ Success  
    228      |    731.06    |    -41.24    |    -26.69    |    -37.34    |      42      |  ✅ Success  
    229      |    609.78    |    -49.02    |    -42.00    |    -57.06    |      46      |  ✅ Success  
    230      |    377.99    |    -80.54    |    -85.40    |   -110.40    |      67      |  ✅ Success  
  📊 统计 [Ep 230]: Actor Loss=-57.7631, Critic Loss=1323.0244, Alpha=0.6838, TD-error=26.2582, Beta=1.0000
    231      |    572.79    |    -42.48    |    -52.26    |    -28.96    |      53      |  ✅ Success  
    232      |    741.74    |    -30.34    |    -19.54    |    -22.52    |      42      |  ✅ Success  
    233      |    619.08    |    -62.03    |    -45.64    |    -46.55    |      61      |  ✅ Success  
    234      |    754.04    |    -22.17    |    -28.74    |    -36.85    |      38      |  ✅ Success  
    235      |    626.96    |    -51.37    |    -36.68    |    -33.27    |      55      |  ✅ Success  
    236      |    733.76    |    -42.95    |    -21.42    |    -34.37    |      42      |  ✅ Success  
    237      |    838.15    |    -12.34    |    -16.22    |    -20.35    |      29      |  ✅ Success  
    238      |    739.67    |    -31.59    |    -35.02    |    -24.06    |      41      |  ✅ Success  
    239      |    244.03    |    -75.79    |    -82.34    |    -79.95    |      87      |  ✅ Success  
    240      |    719.95    |    -49.02    |    -47.57    |    -37.62    |      36      |  ✅ Success  
  📊 统计 [Ep 240]: Actor Loss=-67.6419, Critic Loss=1310.6782, Alpha=0.7357, TD-error=26.2985, Beta=1.0000
    241      |    368.80    |    -81.06    |    -66.78    |    -71.00    |      92      |  ✅ Success  
    242      |    689.61    |    -34.28    |    -36.31    |    -29.81    |      49      |  ✅ Success  
    243      |    771.54    |    -44.83    |    -30.16    |    -35.72    |      43      |  ✅ Success  
    244      |    584.88    |    -62.03    |    -64.62    |    -79.89    |      49      |  ✅ Success  
    245      |    686.52    |    -55.43    |    -39.20    |    -39.55    |      42      |  ✅ Success  
    246      |    607.67    |    -28.59    |    -51.32    |    -50.03    |      57      |  ✅ Success  
    247      |    734.89    |    -23.54    |    -46.25    |    -22.31    |      38      |  ✅ Success  
    248      |    774.86    |    -26.33    |    -28.17    |    -55.69    |      34      |  ✅ Success  
    249      |    811.36    |    -25.29    |    -16.56    |    -15.22    |      30      |  ✅ Success  
    250      |    837.29    |    -15.84    |    -21.25    |    -6.38     |      30      |  ✅ Success  
  📊 统计 [Ep 250]: Actor Loss=-62.1527, Critic Loss=1266.7797, Alpha=0.7780, TD-error=26.3842, Beta=1.0000
    251      |    856.51    |    -14.15    |    -16.01    |    -26.73    |      26      |  ✅ Success  
    252      |    708.01    |    -28.80    |    -30.36    |    -30.85    |      51      |  ✅ Success  
    253      |    802.40    |    -23.11    |    -20.31    |    -17.26    |      34      |  ✅ Success  
    254      |    657.06    |    -38.18    |    -33.97    |    -26.54    |      53      |  ✅ Success  
    255      |    714.12    |    -31.68    |    -53.79    |    -20.80    |      36      |  ✅ Success  
    256      |    743.68    |    -57.71    |    -36.52    |    -28.96    |      56      |  ✅ Success  
    257      |    523.08    |    -57.43    |    -62.41    |    -47.07    |      53      |  ✅ Success  
    258      |    811.23    |    -30.55    |    -26.54    |    -53.42    |      36      |  ✅ Success  
    259      |    782.74    |    -25.55    |    -25.55    |    -20.00    |      37      |  ✅ Success  
    260      |    839.95    |    -10.68    |    -16.95    |    -21.95    |      26      |  ✅ Success  
  📊 统计 [Ep 260]: Actor Loss=-66.5523, Critic Loss=1208.7822, Alpha=0.8298, TD-error=25.7359, Beta=1.0000
    261      |    697.80    |    -20.39    |    -61.14    |    -27.75    |      43      |  ✅ Success  
    262      |    727.53    |    -30.43    |    -28.11    |    -34.90    |      46      |  ✅ Success  
    263      |    691.21    |    -29.21    |    -29.50    |    -21.52    |      43      |  ✅ Success  
    264      |    805.37    |    -39.55    |    -20.72    |    -15.01    |      32      |  ✅ Success  
    265      |    576.26    |    -49.10    |    -37.14    |    -54.45    |      53      |  ✅ Success  
    266      |   -576.08    |    -10.01    |    -5.82     |    -14.17    |      9       |  ❌ Failure  
    267      |    705.97    |    -30.85    |    -24.08    |    -26.97    |      48      |  ✅ Success  
    268      |   -736.67    |    -26.04    |    -28.57    |    -27.84    |      28      |  ❌ Failure  
    269      |    795.24    |    -18.23    |    -22.15    |    -24.46    |      33      |  ✅ Success  
    270      |    653.97    |    -45.89    |    -79.20    |    -42.59    |      51      |  ✅ Success  
  📊 统计 [Ep 270]: Actor Loss=-66.2347, Critic Loss=1264.3795, Alpha=0.8651, TD-error=26.3259, Beta=1.0000
    271      |    808.03    |    -33.09    |    -15.39    |    -47.94    |      27      |  ✅ Success  
    272      |    670.75    |    -38.60    |    -37.56    |    -33.88    |      45      |  ✅ Success  
    273      |    739.93    |    -30.05    |    -26.77    |    -36.85    |      35      |  ✅ Success  
    274      |    638.80    |    -37.27    |    -39.51    |    -37.52    |      56      |  ✅ Success  
    275      |     7.93     |   -100.57    |   -147.54    |   -118.72    |     101      |  ✅ Success  
    276      |    691.73    |    -42.85    |    -27.27    |    -43.46    |      41      |  ✅ Success  
    277      |   -615.43    |    -10.72    |    -12.60    |    -11.70    |      15      |  ❌ Failure  
    278      |    779.88    |    -36.69    |    -25.75    |    -21.40    |      33      |  ✅ Success  
    279      |    746.70    |    -29.58    |    -58.04    |    -28.90    |      39      |  ✅ Success  
    280      |    617.99    |    -53.20    |    -31.86    |    -44.46    |      51      |  ✅ Success  
  📊 统计 [Ep 280]: Actor Loss=-63.7005, Critic Loss=1304.0844, Alpha=0.9044, TD-error=24.3858, Beta=1.0000
    281      |    648.94    |    -55.71    |    -36.40    |    -33.95    |      52      |  ✅ Success  
    282      |    776.42    |    -28.32    |    -23.37    |    -34.02    |      30      |  ✅ Success  
    283      |   -631.08    |    -10.16    |    -11.80    |    -12.98    |      14      |  ❌ Failure  
    284      |    842.21    |    -25.83    |    -16.51    |    -14.84    |      30      |  ✅ Success  
    285      |    782.19    |    -40.46    |    -32.74    |    -31.35    |      40      |  ✅ Success  
    286      |    789.54    |    -27.23    |    -32.27    |    -33.47    |      34      |  ✅ Success  
    287      |   -561.10    |    -5.07     |    -5.54     |    -4.42     |      8       |  ❌ Failure  
    288      |    729.64    |    -33.18    |    -17.12    |    -52.19    |      45      |  ✅ Success  
    289      |    765.92    |    -31.38    |    -29.87    |    -22.50    |      37      |  ✅ Success  
    290      |    724.36    |    -16.62    |    -33.38    |    -27.47    |      40      |  ✅ Success  
  📊 统计 [Ep 290]: Actor Loss=-72.1110, Critic Loss=1210.9174, Alpha=0.9264, TD-error=26.0974, Beta=1.0000
    291      |    862.28    |    -19.82    |    -25.09    |    -19.75    |      22      |  ✅ Success  
    292      |    718.34    |    -21.23    |    -44.40    |    -33.94    |      38      |  ✅ Success  
    293      |    779.16    |    -19.97    |    -18.59    |    -19.43    |      35      |  ✅ Success  
    294      |    574.12    |    -44.55    |    -57.51    |    -51.25    |      56      |  ✅ Success  
    295      |    549.99    |    -50.72    |    -38.02    |    -40.07    |      56      |  ✅ Success  
    296      |    737.26    |    -30.67    |    -19.80    |    -27.33    |      44      |  ✅ Success  
    297      |    682.23    |    -19.46    |    -27.54    |    -27.47    |      51      |  ✅ Success  
    298      |    636.79    |    -44.00    |    -43.04    |    -39.22    |      48      |  ✅ Success  
    299      |    759.86    |    -72.73    |    -26.46    |    -24.39    |      35      |  ✅ Success  
    300      |    778.69    |    -34.72    |    -14.57    |    -21.06    |      37      |  ✅ Success  
  📊 统计 [Ep 300]: Actor Loss=-66.7485, Critic Loss=1324.3744, Alpha=0.9283, TD-error=25.6445, Beta=1.0000
    301      |    541.84    |    -87.00    |    -36.30    |    -49.86    |      51      |  ✅ Success  
    302      |    699.64    |    -36.47    |    -83.59    |    -32.08    |      40      |  ✅ Success  
    303      |    541.45    |    -45.72    |    -41.29    |    -57.78    |      54      |  ✅ Success  
    304      |    703.22    |    -27.06    |    -23.90    |    -36.79    |      42      |  ✅ Success  
    305      |    859.99    |    -12.94    |    -16.85    |    -14.39    |      25      |  ✅ Success  
    306      |   -541.81    |    -3.63     |    -4.13     |    -3.57     |      6       |  ❌ Failure  
    307      |   -568.52    |    -6.82     |    -6.08     |    -7.85     |      8       |  ❌ Failure  
    308      |    649.49    |    -48.50    |    -53.45    |    -56.64    |      43      |  ✅ Success  
    309      |    824.63    |    -19.80    |    -38.16    |    -26.03    |      33      |  ✅ Success  
    310      |   -734.53    |    -19.85    |    -29.16    |    -29.19    |      23      |  ❌ Failure  
  📊 统计 [Ep 310]: Actor Loss=-79.8974, Critic Loss=1346.6916, Alpha=0.9273, TD-error=27.0462, Beta=1.0000
    311      |    626.66    |    -58.01    |    -63.32    |    -37.65    |      64      |  ✅ Success  
    312      |    759.12    |    -52.83    |    -58.34    |    -18.98    |      47      |  ✅ Success  
    313      |    645.43    |    -45.02    |    -38.80    |    -42.00    |      52      |  ✅ Success  
    314      |    411.26    |    -64.75    |    -55.38    |    -50.06    |      61      |  ✅ Success  
    315      |    713.74    |    -19.67    |    -27.37    |    -46.62    |      45      |  ✅ Success  
    316      |    722.58    |    -42.71    |    -31.33    |    -20.97    |      39      |  ✅ Success  
    317      |    623.34    |    -43.73    |    -40.50    |    -35.74    |      50      |  ✅ Success  
    318      |    690.23    |    -37.83    |    -42.76    |    -43.24    |      46      |  ✅ Success  
    319      |    771.65    |    -29.12    |    -31.20    |    -26.26    |      36      |  ✅ Success  
    320      |    783.55    |    -15.23    |    -24.27    |    -23.53    |      31      |  ✅ Success  
  📊 统计 [Ep 320]: Actor Loss=-75.8507, Critic Loss=1589.2674, Alpha=0.9761, TD-error=28.1269, Beta=1.0000
    321      |    674.94    |    -31.07    |    -19.01    |    -49.97    |      47      |  ✅ Success  
    322      |    788.78    |    -18.16    |    -27.55    |    -25.70    |      37      |  ✅ Success  
    323      |    770.34    |    -21.47    |    -45.51    |    -17.69    |      38      |  ✅ Success  
    324      |    692.15    |    -25.82    |    -35.06    |    -31.49    |      44      |  ✅ Success  
    325      |    703.44    |    -23.96    |    -31.19    |    -26.63    |      48      |  ✅ Success  
    326      |    829.48    |    -32.80    |    -18.29    |    -19.48    |      30      |  ✅ Success  
    327      |    877.39    |    -11.54    |    -13.09    |    -14.28    |      23      |  ✅ Success  
    328      |    757.35    |    -26.43    |    -28.08    |    -18.62    |      41      |  ✅ Success  
    329      |    850.27    |    -10.70    |    -11.16    |    -16.78    |      27      |  ✅ Success  
    330      |    852.41    |    -18.24    |    -12.01    |    -12.18    |      29      |  ✅ Success  
  📊 统计 [Ep 330]: Actor Loss=-89.8125, Critic Loss=1444.8349, Alpha=1.0099, TD-error=29.0932, Beta=1.0000
    331      |    636.92    |    -24.03    |    -35.99    |    -41.13    |      52      |  ✅ Success  
    332      |    754.47    |    -30.42    |    -28.32    |    -37.43    |      34      |  ✅ Success  
    333      |    828.72    |    -23.43    |    -17.09    |    -9.26     |      32      |  ✅ Success  
    334      |    798.47    |    -26.08    |    -21.61    |    -16.33    |      29      |  ✅ Success  
    335      |    852.16    |    -12.35    |    -15.81    |    -16.20    |      27      |  ✅ Success  
    336      |    790.15    |    -17.24    |    -23.50    |    -17.95    |      35      |  ✅ Success  
    337      |    571.07    |    -42.68    |    -43.28    |    -44.36    |      53      |  ✅ Success  
    338      |    782.30    |    -17.21    |    -23.51    |    -22.81    |      35      |  ✅ Success  
    339      |    781.31    |    -28.50    |    -23.66    |    -52.71    |      32      |  ✅ Success  
    340      |    751.57    |    -23.60    |    -28.55    |    -22.97    |      42      |  ✅ Success  
  📊 统计 [Ep 340]: Actor Loss=-80.8552, Critic Loss=1335.4237, Alpha=1.0433, TD-error=26.5442, Beta=1.0000
    341      |    734.05    |    -30.22    |    -40.06    |    -34.76    |      38      |  ✅ Success  
    342      |    857.10    |    -19.30    |    -20.20    |    -13.33    |      29      |  ✅ Success  
    343      |    598.46    |    -45.36    |    -40.68    |    -38.59    |      57      |  ✅ Success  
    344      |    760.45    |    -29.76    |    -30.65    |    -22.27    |      35      |  ✅ Success  
    345      |    556.89    |    -76.57    |    -63.77    |    -68.65    |      78      |  ✅ Success  
    346      |    763.06    |    -35.96    |    -26.04    |    -36.10    |      39      |  ✅ Success  
    347      |    854.63    |    -23.09    |    -11.39    |    -18.07    |      25      |  ✅ Success  
    348      |    727.33    |    -31.23    |    -29.92    |    -25.94    |      37      |  ✅ Success  
    349      |    784.72    |    -21.48    |    -39.72    |    -21.54    |      31      |  ✅ Success  
    350      |    861.49    |    -21.42    |    -6.35     |    -22.49    |      24      |  ✅ Success  
  📊 统计 [Ep 350]: Actor Loss=-102.1869, Critic Loss=1624.9394, Alpha=1.0692, TD-error=30.3350, Beta=1.0000
    351      |   -763.73    |    -28.79    |    -20.84    |    -20.43    |      29      |  ❌ Failure  
    352      |    490.09    |    -69.54    |    -41.85    |    -87.09    |      59      |  ✅ Success  
    353      |    826.55    |    -29.65    |    -29.29    |    -24.59    |      30      |  ✅ Success  
    354      |    583.31    |    -34.28    |    -40.91    |    -42.91    |      56      |  ✅ Success  
    355      |    659.88    |    -41.09    |    -37.67    |    -76.50    |      46      |  ✅ Success  
    356      |    243.64    |   -161.00    |   -147.81    |   -137.93    |     154      |  ✅ Success  
    357      |    621.52    |    -44.12    |    -34.73    |    -29.75    |      54      |  ✅ Success  
    358      |    654.51    |    -27.44    |    -61.11    |    -31.02    |      44      |  ✅ Success  
    359      |    731.03    |    -17.94    |    -24.27    |    -34.58    |      38      |  ✅ Success  
    360      |    670.06    |    -44.37    |    -37.43    |    -35.42    |      41      |  ✅ Success  
  📊 统计 [Ep 360]: Actor Loss=-106.1819, Critic Loss=1594.8914, Alpha=1.1356, TD-error=28.8982, Beta=1.0000
    361      |    762.91    |    -24.09    |    -25.55    |    -16.35    |      38      |  ✅ Success  
    362      |    794.98    |    -18.41    |    -11.19    |    -22.38    |      35      |  ✅ Success  
    363      |    545.95    |    -57.80    |    -69.62    |    -66.69    |      84      |  ✅ Success  
    364      |    865.32    |    -15.61    |    -11.32    |    -10.08    |      25      |  ✅ Success  
    365      |    804.70    |    -23.18    |    -17.07    |    -16.51    |      31      |  ✅ Success  
    366      |    633.84    |    -63.39    |    -44.44    |    -46.70    |      46      |  ✅ Success  
    367      |    761.46    |    -26.39    |    -23.59    |    -29.78    |      34      |  ✅ Success  
    368      |    869.04    |    -11.81    |    -10.73    |    -18.29    |      26      |  ✅ Success  
    369      |    670.42    |    -31.42    |    -30.25    |    -30.50    |      47      |  ✅ Success  
    370      |    737.15    |    -27.43    |    -50.58    |    -95.83    |      37      |  ✅ Success  
  📊 统计 [Ep 370]: Actor Loss=-111.5740, Critic Loss=1889.0400, Alpha=1.1904, TD-error=32.8080, Beta=1.0000
    371      |    767.88    |    -43.58    |    -28.27    |    -29.75    |      37      |  ✅ Success  
    372      |    699.34    |    -26.74    |    -29.50    |    -20.10    |      42      |  ✅ Success  
    373      |    577.85    |    -34.68    |    -41.11    |    -44.26    |      50      |  ✅ Success  
    374      |    725.11    |    -27.04    |    -25.46    |    -25.21    |      39      |  ✅ Success  
    375      |    835.16    |    -13.56    |    -28.53    |    -9.52     |      27      |  ✅ Success  
    376      |    649.98    |    -40.42    |    -46.02    |    -50.86    |      67      |  ✅ Success  
    377      |    626.27    |    -36.51    |    -31.15    |    -54.71    |      47      |  ✅ Success  
    378      |    760.14    |    -22.96    |    -17.65    |    -18.89    |      41      |  ✅ Success  
    379      |    789.04    |    -15.50    |    -18.37    |    -21.40    |      34      |  ✅ Success  
    380      |    825.83    |    -16.47    |    -21.51    |    -15.70    |      29      |  ✅ Success  
  📊 统计 [Ep 380]: Actor Loss=-112.2845, Critic Loss=2110.6946, Alpha=1.2601, TD-error=34.2768, Beta=1.0000
    381      |    715.93    |    -19.94    |    -27.48    |    -45.12    |      38      |  ✅ Success  
    382      |    822.61    |    -16.05    |    -17.16    |    -24.30    |      27      |  ✅ Success  
    383      |    746.92    |    -30.72    |    -23.44    |    -20.34    |      36      |  ✅ Success  
    384      |    779.55    |    -19.62    |    -26.31    |    -24.36    |      34      |  ✅ Success  
    385      |    822.77    |    -21.33    |    -27.00    |    -22.69    |      33      |  ✅ Success  
    386      |    347.20    |    -63.93    |    -81.12    |    -77.13    |      67      |  ✅ Success  
    387      |    665.80    |    -31.85    |    -37.31    |    -33.73    |      42      |  ✅ Success  
    388      |    734.37    |    -30.38    |    -28.21    |    -32.42    |      44      |  ✅ Success  
    389      |    846.99    |    -32.05    |    -7.44     |    -17.34    |      28      |  ✅ Success  
    390      |    788.54    |    -48.54    |    -20.13    |    -15.76    |      30      |  ✅ Success  
  📊 统计 [Ep 390]: Actor Loss=-101.0784, Critic Loss=1637.6396, Alpha=1.3283, TD-error=29.4002, Beta=1.0000
    391      |    627.72    |    -28.37    |    -30.44    |    -33.02    |      52      |  ✅ Success  
    392      |    591.73    |    -31.38    |    -70.01    |    -38.11    |      51      |  ✅ Success  
    393      |    794.40    |    -20.83    |    -22.74    |    -21.52    |      32      |  ✅ Success  
    394      |    462.87    |    -45.25    |    -51.67    |    -49.37    |      67      |  ✅ Success  
    395      |    743.13    |    -25.89    |    -24.76    |    -28.55    |      34      |  ✅ Success  
    396      |    804.27    |    -18.06    |    -19.22    |    -20.24    |      32      |  ✅ Success  
    397      |    682.14    |    -30.59    |    -22.12    |    -35.84    |      43      |  ✅ Success  
    398      |    761.36    |    -26.20    |    -19.07    |    -23.72    |      41      |  ✅ Success  
    399      |    803.92    |    -19.32    |    -15.03    |    -31.75    |      34      |  ✅ Success  
    400      |    838.63    |    -32.68    |    -9.97     |    -18.52    |      29      |  ✅ Success  
  📊 统计 [Ep 400]: Actor Loss=-105.1197, Critic Loss=1606.3578, Alpha=1.3314, TD-error=29.1961, Beta=1.0000
    401      |    575.75    |    -52.22    |    -44.18    |    -51.03    |      54      |  ✅ Success  
    402      |    698.91    |    -23.84    |    -40.80    |    -30.71    |      40      |  ✅ Success  
    403      |    782.86    |    -33.27    |    -26.70    |    -37.77    |      42      |  ✅ Success  
    404      |    872.82    |    -14.80    |    -11.22    |    -12.49    |      24      |  ✅ Success  
    405      |    843.58    |    -12.80    |    -14.14    |    -11.17    |      28      |  ✅ Success  
    406      |    763.53    |    -15.53    |    -23.75    |    -18.84    |      38      |  ✅ Success  
    407      |    672.28    |    -29.19    |    -44.63    |    -42.85    |      47      |  ✅ Success  
    408      |    816.12    |    -18.37    |    -20.43    |    -16.72    |      32      |  ✅ Success  
    409      |    841.39    |    -12.92    |    -15.90    |    -18.00    |      30      |  ✅ Success  
    410      |    799.21    |    -24.57    |    -27.64    |    -18.60    |      30      |  ✅ Success  
  📊 统计 [Ep 410]: Actor Loss=-108.1930, Critic Loss=1739.0748, Alpha=1.3894, TD-error=31.0023, Beta=1.0000
    411      |    839.95    |    -23.68    |    -18.45    |    -12.49    |      32      |  ✅ Success  
    412      |    723.96    |    -23.61    |    -37.68    |    -31.49    |      39      |  ✅ Success  
    413      |    745.87    |    -30.09    |    -23.27    |    -16.17    |      44      |  ✅ Success  
    414      |    860.00    |    -11.25    |    -16.94    |    -13.75    |      25      |  ✅ Success  
    415      |    828.29    |    -14.77    |    -19.23    |    -16.67    |      31      |  ✅ Success  
    416      |    715.63    |    -23.34    |    -25.45    |    -34.55    |      42      |  ✅ Success  
    417      |    780.90    |    -21.31    |    -14.94    |    -19.39    |      32      |  ✅ Success  
    418      |    776.61    |    -14.73    |    -17.09    |    -18.83    |      35      |  ✅ Success  
    419      |    849.85    |    -12.74    |    -6.00     |    -21.50    |      28      |  ✅ Success  
    420      |    836.67    |    -17.61    |    -14.19    |    -17.14    |      27      |  ✅ Success  
  📊 统计 [Ep 420]: Actor Loss=-117.0204, Critic Loss=2156.4635, Alpha=1.3693, TD-error=31.3171, Beta=1.0000
    421      |    876.32    |    -12.26    |    -4.82     |    -10.13    |      27      |  ✅ Success  
    422      |    491.27    |    -50.16    |    -42.32    |    -39.51    |      59      |  ✅ Success  
    423      |    687.60    |    -41.30    |    -45.81    |    -36.56    |      46      |  ✅ Success  
    424      |    777.14    |    -14.48    |    -25.89    |    -24.29    |      38      |  ✅ Success  
    425      |    830.79    |    -16.94    |    -17.60    |    -10.43    |      30      |  ✅ Success  
    426      |   -621.28    |    -10.18    |    -11.12    |    -9.21     |      15      |  ❌ Failure  
    427      |    631.11    |    -37.19    |    -28.42    |    -23.82    |      48      |  ✅ Success  
    428      |    768.95    |    -29.22    |    -22.50    |    -20.87    |      43      |  ✅ Success  
    429      |    763.38    |    -28.58    |    -33.14    |    -41.70    |      33      |  ✅ Success  
    430      |    650.44    |    -30.00    |    -36.87    |    -23.89    |      47      |  ✅ Success  
  📊 统计 [Ep 430]: Actor Loss=-134.8979, Critic Loss=1813.5448, Alpha=1.3394, TD-error=32.4528, Beta=1.0000
    431      |    817.80    |    -31.12    |    -10.14    |    -22.61    |      30      |  ✅ Success  
    432      |    776.92    |    -16.39    |    -29.24    |    -27.06    |      35      |  ✅ Success  
    433      |    700.61    |    -34.45    |    -42.52    |    -32.76    |      42      |  ✅ Success  
    434      |    699.14    |    -42.64    |    -25.23    |    -26.68    |      40      |  ✅ Success  
    435      |    840.55    |    -16.21    |    -15.75    |    -16.75    |      27      |  ✅ Success  
    436      |    675.78    |    -32.89    |    -35.50    |    -31.68    |      43      |  ✅ Success  
    437      |    794.96    |    -21.89    |    -17.76    |    -15.58    |      33      |  ✅ Success  
    438      |    781.15    |    -25.32    |    -11.30    |    -26.54    |      34      |  ✅ Success  
    439      |    677.12    |    -26.64    |    -31.34    |    -50.23    |      39      |  ✅ Success  
    440      |    715.89    |    -29.71    |    -27.04    |    -30.71    |      37      |  ✅ Success  
  📊 统计 [Ep 440]: Actor Loss=-138.5782, Critic Loss=1705.5001, Alpha=1.3395, TD-error=32.0770, Beta=1.0000
    441      |    821.85    |    -26.32    |    -27.65    |    -22.92    |      27      |  ✅ Success  
    442      |    559.83    |    -42.46    |    -43.05    |    -38.48    |      49      |  ✅ Success  
    443      |    601.48    |    -28.99    |    -29.63    |    -31.88    |      51      |  ✅ Success  
    444      |    671.50    |    -27.40    |    -41.11    |    -26.35    |      45      |  ✅ Success  
    445      |    605.23    |    -46.70    |    -40.17    |    -40.39    |      55      |  ✅ Success  
    446      |    715.49    |    -21.89    |    -31.74    |    -46.52    |      40      |  ✅ Success  
    447      |    736.45    |    -27.49    |    -18.11    |    -28.86    |      41      |  ✅ Success  
    448      |    861.21    |    -15.53    |    -15.54    |    -11.47    |      26      |  ✅ Success  
    449      |    702.75    |    -21.80    |    -19.18    |    -31.30    |      40      |  ✅ Success  
    450      |    863.90    |    -19.41    |    -31.07    |    -14.83    |      22      |  ✅ Success  
  📊 统计 [Ep 450]: Actor Loss=-153.9528, Critic Loss=1923.3429, Alpha=1.3973, TD-error=35.7868, Beta=1.0000
    451      |    823.93    |    -15.69    |    -17.96    |    -18.45    |      30      |  ✅ Success  
    452      |    837.75    |    -16.25    |    -36.82    |    -20.01    |      25      |  ✅ Success  
    453      |    695.05    |    -53.17    |    -24.47    |    -22.47    |      38      |  ✅ Success  
    454      |    868.03    |    -14.81    |    -19.38    |    -21.19    |      25      |  ✅ Success  
    455      |    838.39    |    -20.52    |    -25.03    |    -18.13    |      27      |  ✅ Success  
    456      |    825.52    |    -13.67    |    -14.02    |    -10.36    |      31      |  ✅ Success  
    457      |    662.57    |    -28.27    |    -33.04    |    -35.25    |      45      |  ✅ Success  
    458      |    742.85    |    -25.63    |    -34.91    |    -23.59    |      34      |  ✅ Success  
    459      |    460.96    |    -52.30    |    -50.16    |    -57.26    |      57      |  ✅ Success  
    460      |    793.52    |    -16.18    |    -24.05    |    -21.92    |      31      |  ✅ Success  
  📊 统计 [Ep 460]: Actor Loss=-153.1340, Critic Loss=1605.9219, Alpha=1.4085, TD-error=30.3900, Beta=1.0000
    461      |    647.81    |    -34.25    |    -39.08    |    -28.38    |      49      |  ✅ Success  
    462      |    837.47    |    -25.70    |    -26.71    |    -17.50    |      25      |  ✅ Success  
    463      |    649.98    |    -38.57    |    -41.38    |    -35.12    |      48      |  ✅ Success  
    464      |    839.33    |    -26.78    |    -16.26    |    -12.11    |      27      |  ✅ Success  
    465      |    881.44    |    -18.31    |    -15.46    |    -15.14    |      21      |  ✅ Success  
    466      |    846.99    |    -26.62    |    -20.94    |    -10.13    |      26      |  ✅ Success  
    467      |    613.96    |    -60.56    |    -71.50    |    -52.25    |      60      |  ✅ Success  
    468      |    828.46    |    -15.87    |    -35.17    |    -15.95    |      27      |  ✅ Success  
    469      |    842.89    |    -10.69    |    -11.10    |    -14.57    |      32      |  ✅ Success  
    470      |    793.95    |    -19.74    |    -29.54    |    -38.70    |      34      |  ✅ Success  
  📊 统计 [Ep 470]: Actor Loss=-163.3391, Critic Loss=1865.2813, Alpha=1.4318, TD-error=32.3206, Beta=1.0000
    471      |    417.02    |    -44.24    |    -49.55    |    -99.35    |      72      |  ✅ Success  
    472      |    637.24    |    -57.74    |    -16.82    |    -28.19    |      48      |  ✅ Success  
    473      |    775.63    |    -21.26    |    -19.99    |    -22.81    |      37      |  ✅ Success  
    474      |    715.89    |    -17.56    |    -28.55    |    -16.26    |      45      |  ✅ Success  
    475      |    759.93    |    -18.25    |    -16.60    |    -25.64    |      34      |  ✅ Success  
    476      |    817.32    |    -11.51    |    -31.47    |    -13.91    |      29      |  ✅ Success  
    477      |    606.44    |    -41.42    |    -41.89    |    -39.85    |      51      |  ✅ Success  
    478      |    715.79    |    -18.54    |    -34.41    |    -26.90    |      42      |  ✅ Success  
    479      |    619.24    |    -30.06    |    -40.88    |    -28.67    |      55      |  ✅ Success  
    480      |    712.41    |    -25.58    |    -27.62    |    -25.56    |      44      |  ✅ Success  
  📊 统计 [Ep 480]: Actor Loss=-158.7501, Critic Loss=1796.2729, Alpha=1.5183, TD-error=32.8370, Beta=1.0000
    481      |    864.11    |    -14.02    |    -8.92     |    -16.25    |      26      |  ✅ Success  
    482      |    772.75    |    -38.81    |    -14.48    |    -24.76    |      36      |  ✅ Success  
    483      |    820.72    |    -13.63    |    -26.18    |    -27.34    |      30      |  ✅ Success  
    484      |    548.15    |    -61.63    |    -39.93    |    -42.94    |      51      |  ✅ Success  
    485      |    867.39    |    -13.08    |    -11.41    |    -16.34    |      26      |  ✅ Success  
    486      |    654.88    |    -27.79    |    -20.82    |    -34.86    |      51      |  ✅ Success  
    487      |    784.94    |    -23.43    |    -15.14    |    -19.71    |      32      |  ✅ Success  
    488      |    547.59    |    -60.45    |    -43.86    |    -44.72    |      49      |  ✅ Success  
    489      |    659.25    |    -31.61    |    -25.69    |    -32.66    |      42      |  ✅ Success  
    490      |    581.10    |    -41.66    |    -35.62    |    -31.44    |      49      |  ✅ Success  
  📊 统计 [Ep 490]: Actor Loss=-171.3549, Critic Loss=1671.4727, Alpha=1.5371, TD-error=31.3247, Beta=1.0000
    491      |    759.42    |    -26.67    |    -29.65    |    -25.13    |      33      |  ✅ Success  
    492      |    721.87    |    -19.32    |    -41.20    |    -48.78    |      37      |  ✅ Success  
    493      |    607.88    |    -62.92    |    -35.71    |    -72.16    |      53      |  ✅ Success  
    494      |    705.52    |    -29.92    |    -23.64    |    -25.25    |      42      |  ✅ Success  
    495      |    423.73    |    -40.08    |    -62.50    |    -64.10    |      59      |  ✅ Success  
    496      |    593.28    |    -43.63    |    -39.18    |    -38.90    |      55      |  ✅ Success  
    497      |    768.08    |    -34.53    |    -19.68    |    -51.22    |      31      |  ✅ Success  
    498      |    704.39    |    -34.58    |    -27.52    |    -29.91    |      37      |  ✅ Success  
    499      |    522.55    |    -35.61    |    -38.65    |    -52.46    |      51      |  ✅ Success  
✅ 训练数据已保存: /home/zhangpeng/UAV_PATH_PLANNING/runs/exp_baseline_20251030_111616/training_data.pkl
✅ 总奖励曲线已保存: /home/zhangpeng/UAV_PATH_PLANNING/runs/exp_baseline_20251030_111616/plots/total_reward.png
✅ Leader奖励曲线已保存: /home/zhangpeng/UAV_PATH_PLANNING/runs/exp_baseline_20251030_111616/plots/leader_reward.png
✅ Follower奖励曲线已保存: /home/zhangpeng/UAV_PATH_PLANNING/runs/exp_baseline_20251030_111616/plots/follower_reward.png
