📝 日志文件: /home/zhangpeng/UAV_PATH_PLANNING/runs/exp_baseline_20251029_175136/training.log
💡 训练输出将实时保存到日志文件
🚀 启用AMP混合精度训练（预期加速40-100%）
🚀 启用异步数据传输（预期加速10-20%）
SAC训练中...
📊 优先级经验回放（PER）配置:
  - 容量: 20000
  - Alpha: 0.6 (优先级指数)
  - Beta: 0.4 → 1.0 (重要性采样权重)
  - 内存优化: float32 (节省50%内存)

================================================================================
  Episode    |    Leader    |  Follower0   |  Follower1   |  Follower2   |  Follower3   |    Steps     |    Status   
================================================================================
     0       |   -514.40    |    -0.91     |    -1.87     |    -1.21     |    -0.93     |      6       |  ❌ Failure  
     1       |   -561.19    |    -4.08     |    -10.46    |    -2.57     |    -17.16    |      28      |  ❌ Failure  
     2       |    222.37    |   -157.50    |   -120.69    |   -148.47    |    -98.14    |     195      |  ✅ Success  
     3       |   -697.17    |    -44.40    |    -43.29    |    -44.83    |    -15.73    |      67      |  ❌ Failure  
     4       |   -515.83    |    -2.96     |    -1.18     |    -4.06     |    -0.55     |      6       |  ❌ Failure  
     5       |   -610.81    |    -26.77    |    -32.57    |    -17.05    |    -36.89    |      40      |  ❌ Failure  
     6       |    903.34    |    -6.97     |    -40.42    |    -16.80    |    -42.42    |      51      |  ✅ Success  
     7       |   -2763.89   |   -593.85    |   -511.70    |   -482.88    |   -661.67    |     574      |  ❌ Failure  
     8       |   -4614.40   |   -914.36    |   -797.92    |   -800.77    |   -853.35    |     1000     | ⏱️  Timeout 
     9       |   -4746.56   |   -1015.81   |   -608.56    |   -1010.81   |   -778.33    |     1000     | ⏱️  Timeout 
     10      |   -982.85    |   -105.63    |    -75.70    |    -83.89    |   -147.89    |     140      |  ❌ Failure  
  📊 统计 [Ep 10]: Actor Loss=14.4302, Critic Loss=105.6391, Alpha=0.4791, TD-error=3.9963, Beta=1.0000
     11      |   -4450.49   |   -656.65    |   -913.29    |   -879.31    |   -1060.24   |     1000     | ⏱️  Timeout 
     12      |   -4858.01   |   -886.97    |   -1058.21   |   -891.62    |   -983.26    |     1000     | ⏱️  Timeout 
     13      |   -5101.29   |   -735.85    |   -933.45    |   -997.28    |   -1042.16   |     1000     | ⏱️  Timeout 
     14      |   -4633.81   |   -822.82    |   -749.04    |   -1041.67   |   -843.96    |     1000     | ⏱️  Timeout 
     15      |   -4173.46   |   -810.19    |   -559.18    |   -817.50    |   -867.88    |     1000     | ⏱️  Timeout 
     16      |   -4454.17   |   -821.14    |   -789.94    |   -639.76    |   -979.59    |     1000     | ⏱️  Timeout 
     17      |   -4614.76   |   -757.87    |   -595.21    |   -755.05    |   -853.16    |     1000     | ⏱️  Timeout 
     18      |   -4557.63   |   -807.10    |   -828.22    |   -609.23    |   -1084.03   |     1000     | ⏱️  Timeout 
     19      |   -4400.13   |   -873.00    |   -705.06    |   -779.45    |   -830.08    |     1000     | ⏱️  Timeout 
     20      |    720.21    |    -37.37    |    -85.46    |   -100.52    |    -59.50    |     100      |  ✅ Success  
  📊 统计 [Ep 20]: Actor Loss=11.5320, Critic Loss=68.2753, Alpha=0.0660, TD-error=2.8526, Beta=1.0000
     21      |   -4610.71   |   -760.06    |   -773.65    |   -796.03    |   -710.43    |     1000     | ⏱️  Timeout 
     22      |   -3865.51   |   -845.58    |   -889.41    |   -641.88    |   -609.04    |     1000     | ⏱️  Timeout 
     23      |   -3316.54   |   -666.79    |   -330.90    |   -602.43    |   -411.87    |     1000     | ⏱️  Timeout 
     24      |   -3874.16   |   -548.98    |   -740.21    |   -723.84    |   -350.53    |     1000     | ⏱️  Timeout 
     25      |   -3365.10   |   -419.25    |   -824.54    |   -545.00    |   -1037.03   |     1000     | ⏱️  Timeout 
     26      |   -2782.31   |   -526.71    |   -348.11    |   -658.92    |   -498.75    |     1000     | ⏱️  Timeout 
     27      |   -2773.21   |   -300.89    |   -359.49    |   -518.29    |   -359.90    |     1000     | ⏱️  Timeout 
     28      |   -2918.30   |   -444.55    |   -587.51    |   -354.63    |   -378.95    |     1000     | ⏱️  Timeout 
     29      |   -2882.22   |   -378.39    |   -195.72    |   -354.05    |   -844.40    |     1000     | ⏱️  Timeout 
     30      |   -1169.75   |   -133.04    |    -74.61    |    -99.88    |   -104.35    |     286      |  ❌ Failure  
  📊 统计 [Ep 30]: Actor Loss=16.2169, Critic Loss=12.2829, Alpha=0.0260, TD-error=1.0059, Beta=1.0000
     31      |   -1079.31   |    -65.56    |    -49.42    |   -102.61    |   -107.06    |     227      |  ❌ Failure  
     32      |   -885.06    |    -39.32    |    -61.27    |    -43.91    |    -29.04    |     128      |  ❌ Failure  
     33      |   -1946.88   |   -458.00    |   -400.73    |   -477.83    |   -150.80    |     1000     | ⏱️  Timeout 
     34      |   -1962.86   |   -381.75    |   -245.41    |   -282.88    |   -551.62    |     1000     | ⏱️  Timeout 
     35      |   -515.96    |    -3.17     |    -0.63     |    -0.67     |    -0.85     |      7       |  ❌ Failure  
     36      |   -1845.22   |   -447.68    |   -298.07    |   -467.24    |   -411.42    |     1000     | ⏱️  Timeout 
     37      |   -699.73    |    -14.77    |    -18.81    |    -18.85    |    -17.29    |      78      |  ❌ Failure  
     38      |   -1127.77   |    -63.60    |    -43.45    |    -76.25    |    -83.61    |     213      |  ❌ Failure  
     39      |   -3699.74   |   -394.55    |   -622.84    |   -1039.41   |   -703.91    |     1000     | ⏱️  Timeout 
     40      |   -3803.26   |   -568.88    |   -552.45    |   -456.38    |   -511.90    |     1000     | ⏱️  Timeout 
  📊 统计 [Ep 40]: Actor Loss=16.4517, Critic Loss=42.7999, Alpha=0.0376, TD-error=2.3929, Beta=1.0000
     41      |   -3621.70   |   -553.34    |   -576.06    |   -1034.98   |   -506.14    |     1000     | ⏱️  Timeout 
     42      |   -2416.95   |   -271.01    |   -121.37    |   -443.37    |   -270.09    |     1000     | ⏱️  Timeout 
     43      |   -1211.26   |   -135.64    |   -323.70    |   -335.84    |   -165.51    |     694      |  ✅ Success  
     44      |   -3291.37   |   -560.78    |   -382.26    |   -735.31    |   -365.17    |     1000     | ⏱️  Timeout 
     45      |   -3379.66   |   -881.26    |   -344.50    |   -420.93    |   -501.78    |     1000     | ⏱️  Timeout 
     46      |   -3357.05   |   -434.98    |   -764.11    |   -448.66    |   -506.95    |     1000     | ⏱️  Timeout 
     47      |   -3168.12   |   -352.02    |   -992.84    |   -434.76    |   -263.28    |     1000     | ⏱️  Timeout 
     48      |   -521.49    |    -1.20     |    -1.23     |    -1.18     |    -0.71     |      9       |  ❌ Failure  
     49      |   -2533.66   |   -258.39    |   -597.68    |   -856.28    |   -278.68    |     1000     | ⏱️  Timeout 
     50      |   -3101.92   |   -358.01    |   -312.07    |   -343.06    |   -298.39    |     1000     | ⏱️  Timeout 
  📊 统计 [Ep 50]: Actor Loss=15.0598, Critic Loss=76.5958, Alpha=0.0352, TD-error=2.9567, Beta=1.0000
     51      |   -3946.09   |   -257.51    |   -430.22    |   -327.78    |   -328.13    |     1000     | ⏱️  Timeout 
     52      |   -3486.04   |   -243.33    |   -327.06    |   -279.17    |   -351.84    |     1000     | ⏱️  Timeout 
     53      |   -3862.74   |   -264.72    |   -329.01    |   -317.26    |   -360.17    |     1000     | ⏱️  Timeout 
     54      |   -4265.37   |   -301.94    |   -417.44    |   -389.24    |   -305.74    |     1000     | ⏱️  Timeout 
     55      |   -1606.68   |    -70.88    |   -144.35    |   -278.88    |    -68.19    |     395      |  ❌ Failure  
     56      |   -515.17    |    -0.97     |    -1.04     |    -0.85     |    -0.42     |      6       |  ❌ Failure  
     57      |   -3141.08   |   -230.63    |   -430.99    |   -253.57    |   -471.20    |     1000     | ⏱️  Timeout 
     58      |   -672.49    |    -16.33    |    -28.90    |    -24.66    |    -19.09    |      78      |  ❌ Failure  
     59      |   -735.41    |   -108.80    |   -155.21    |   -150.89    |   -129.01    |     473      |  ✅ Success  
     60      |   -3252.71   |   -180.69    |   -194.90    |   -465.98    |   -255.33    |     1000     | ⏱️  Timeout 
  📊 统计 [Ep 60]: Actor Loss=18.2437, Critic Loss=54.7311, Alpha=0.0790, TD-error=3.2019, Beta=1.0000
     61      |   -4258.14   |   -199.43    |   -261.51    |   -467.39    |   -282.27    |     1000     | ⏱️  Timeout 
     62      |   -4079.18   |   -166.45    |   -245.82    |   -354.06    |   -335.92    |     1000     | ⏱️  Timeout 
     63      |   -4233.11   |   -257.01    |   -325.34    |   -278.49    |   -323.17    |     1000     | ⏱️  Timeout 
     64      |   -2929.11   |   -188.74    |   -320.69    |   -220.43    |   -234.04    |     1000     | ⏱️  Timeout 
     65      |   -2935.08   |   -142.89    |   -187.59    |   -210.50    |   -356.47    |     1000     | ⏱️  Timeout 
     66      |   -2849.81   |    -70.62    |   -283.61    |   -242.54    |   -272.86    |     1000     | ⏱️  Timeout 
     67      |   -710.13    |    -17.07    |    -23.59    |    -33.10    |    -15.20    |      82      |  ❌ Failure  
     68      |   -3049.33   |   -199.05    |   -315.41    |   -255.91    |   -253.48    |     1000     | ⏱️  Timeout 
     69      |   -1899.29   |   -261.36    |   -266.49    |   -162.10    |   -144.18    |     1000     | ⏱️  Timeout 
     70      |   -3729.11   |   -144.36    |   -378.84    |   -228.71    |   -343.21    |     1000     | ⏱️  Timeout 
  📊 统计 [Ep 70]: Actor Loss=16.9476, Critic Loss=113.3599, Alpha=0.0300, TD-error=3.3861, Beta=1.0000
     71      |   -3861.66   |   -198.93    |   -221.13    |   -433.83    |   -285.44    |     1000     | ⏱️  Timeout 
     72      |   -3127.44   |   -104.58    |   -189.74    |   -230.06    |   -241.98    |     1000     | ⏱️  Timeout 
     73      |   -2991.34   |   -163.56    |   -207.24    |   -231.82    |   -279.88    |     1000     | ⏱️  Timeout 
     74      |   -2784.68   |   -140.29    |   -255.62    |   -166.21    |   -256.02    |     1000     | ⏱️  Timeout 
     75      |   -2773.98   |   -185.73    |   -353.08    |   -170.37    |   -228.54    |     1000     | ⏱️  Timeout 
     76      |   -2464.34   |   -121.29    |   -147.04    |   -301.60    |   -158.77    |     1000     | ⏱️  Timeout 
     77      |    251.36    |   -121.92    |    -35.57    |    -59.26    |    -49.53    |     237      |  ✅ Success  
     78      |   -3510.27   |   -124.88    |   -134.02    |   -323.49    |   -339.40    |     1000     | ⏱️  Timeout 
     79      |   -3394.62   |   -136.79    |   -187.56    |   -214.85    |   -280.69    |     1000     | ⏱️  Timeout 
     80      |   -3739.85   |   -148.43    |   -276.54    |   -231.86    |   -264.68    |     1000     | ⏱️  Timeout 
  📊 统计 [Ep 80]: Actor Loss=14.3012, Critic Loss=55.3025, Alpha=0.0260, TD-error=2.5733, Beta=1.0000
     81      |   -2879.39   |   -268.91    |   -205.71    |   -367.07    |   -212.50    |     1000     | ⏱️  Timeout 
     82      |   -512.67    |    -0.47     |    -0.68     |    -0.55     |    -0.56     |      5       |  ❌ Failure  
     83      |   -2034.49   |   -421.92    |   -169.18    |   -210.79    |   -185.56    |     1000     | ⏱️  Timeout 
     84      |   -3512.42   |   -299.96    |   -396.26    |   -349.90    |   -354.91    |     1000     | ⏱️  Timeout 
     85      |   -1742.82   |   -248.67    |   -479.51    |   -167.80    |   -114.15    |     1000     | ⏱️  Timeout 
     86      |   -1170.52   |    -48.21    |   -155.29    |   -114.36    |    -75.14    |     1000     | ⏱️  Timeout 
     87      |   -2311.62   |   -136.54    |   -279.51    |   -218.22    |   -129.07    |     1000     | ⏱️  Timeout 
     88      |   -2515.20   |    -94.74    |   -438.88    |   -258.03    |   -209.91    |     1000     | ⏱️  Timeout 
     89      |   -2163.52   |   -104.02    |   -266.61    |   -184.57    |   -229.49    |     1000     | ⏱️  Timeout 
     90      |   -2402.67   |   -115.26    |   -243.69    |   -192.48    |   -189.09    |     1000     | ⏱️  Timeout 
  📊 统计 [Ep 90]: Actor Loss=10.0128, Critic Loss=21.3964, Alpha=0.0212, TD-error=0.9160, Beta=1.0000
     91      |   -2951.96   |   -268.07    |   -243.94    |   -223.99    |   -193.56    |     1000     | ⏱️  Timeout 
     92      |   -2787.26   |   -346.98    |   -184.93    |   -272.73    |   -207.25    |     1000     | ⏱️  Timeout 
     93      |   -3626.97   |   -653.26    |   -261.40    |   -385.77    |   -311.84    |     1000     | ⏱️  Timeout 
     94      |   -513.06    |    -0.49     |    -2.59     |    -0.45     |    -0.78     |      6       |  ❌ Failure  
     95      |   -2820.97   |   -269.67    |   -257.30    |   -272.47    |   -202.48    |     1000     | ⏱️  Timeout 
     96      |   -2950.18   |   -253.08    |   -363.06    |   -358.16    |   -507.36    |     1000     | ⏱️  Timeout 
     97      |   -2550.52   |   -252.21    |   -200.53    |   -328.00    |   -224.14    |     1000     | ⏱️  Timeout 
     98      |   -610.96    |    -3.96     |    -32.70    |    -10.35    |    -16.58    |      42      |  ❌ Failure  
     99      |   -517.53    |    -0.69     |    -1.20     |    -0.87     |    -0.44     |      8       |  ❌ Failure  
    100      |   -568.89    |    -9.38     |    -5.07     |    -3.67     |    -5.22     |      31      |  ❌ Failure  
  📊 统计 [Ep 100]: Actor Loss=9.9061, Critic Loss=35.9305, Alpha=0.0195, TD-error=1.6393, Beta=1.0000
    101      |   -2950.14   |   -229.00    |   -259.57    |   -341.33    |   -540.39    |     1000     | ⏱️  Timeout 
    102      |   -2760.41   |   -213.08    |   -156.19    |   -196.62    |   -244.43    |     1000     | ⏱️  Timeout 
    103      |   -3547.70   |   -541.57    |   -382.89    |   -222.64    |   -208.97    |     1000     | ⏱️  Timeout 
    104      |    379.97    |    -44.96    |    -37.40    |    -42.71    |    -40.68    |     248      |  ✅ Success  
    105      |   -520.27    |    -1.15     |    -1.46     |    -1.32     |    -0.41     |      8       |  ❌ Failure  
    106      |   -2679.30   |   -244.65    |   -151.35    |   -339.47    |   -210.80    |     1000     | ⏱️  Timeout 
    107      |   -2225.04   |   -174.03    |   -141.11    |   -252.60    |   -166.21    |     1000     | ⏱️  Timeout 
    108      |   -2109.92   |   -172.60    |   -141.51    |   -184.53    |   -144.59    |     1000     | ⏱️  Timeout 
    109      |   -2110.72   |   -204.84    |   -155.59    |   -199.71    |   -148.12    |     1000     | ⏱️  Timeout 
    110      |    913.85    |    -3.97     |    -3.86     |    -24.51    |    -4.08     |      55      |  ✅ Success  
  📊 统计 [Ep 110]: Actor Loss=12.8433, Critic Loss=25.7094, Alpha=0.0220, TD-error=1.7427, Beta=1.0000
    111      |    747.99    |    -16.01    |    -50.10    |    -13.50    |    -25.95    |     127      |  ✅ Success  
    112      |   -434.22    |    -94.02    |    -65.83    |    -96.26    |    -87.41    |     412      |  ✅ Success  
    113      |    809.86    |    -9.69     |    -11.80    |    -11.58    |    -11.66    |      80      |  ✅ Success  
    114      |    742.59    |    -9.50     |    -14.75    |    -19.05    |    -13.24    |      99      |  ✅ Success  
    115      |    926.34    |    -5.19     |    -5.51     |    -4.20     |    -5.34     |      58      |  ✅ Success  
    116      |   -668.10    |   -215.40    |   -227.62    |   -138.64    |   -109.53    |     685      |  ✅ Success  
    117      |    866.36    |    -7.08     |    -8.83     |    -7.96     |    -7.07     |      66      |  ✅ Success  
    118      |    333.35    |    -33.18    |    -61.15    |    -44.48    |    -44.19    |     261      |  ✅ Success  
    119      |    703.71    |    -21.25    |    -16.28    |    -37.98    |    -15.97    |     115      |  ✅ Success  
    120      |    881.41    |    -7.91     |    -7.31     |    -6.70     |    -8.22     |      68      |  ✅ Success  
  📊 统计 [Ep 120]: Actor Loss=6.4980, Critic Loss=51.3043, Alpha=0.0308, TD-error=2.9057, Beta=1.0000
    121      |    946.40    |    -1.06     |    -4.02     |    -3.15     |    -20.41    |      44      |  ✅ Success  
    122      |    913.48    |    -12.39    |    -5.81     |    -7.22     |    -10.40    |      50      |  ✅ Success  
    123      |    902.57    |    -7.15     |    -1.64     |    -3.90     |    -13.34    |      63      |  ✅ Success  
    124      |    934.41    |    -5.28     |    -6.38     |    -1.78     |    -0.58     |      49      |  ✅ Success  
    125      |    907.56    |    -6.04     |    -5.81     |    -4.20     |    -3.96     |      61      |  ✅ Success  
    126      |    865.90    |    -7.44     |    -9.31     |    -6.38     |    -3.10     |      73      |  ✅ Success  
    127      |   -3705.40   |   -397.33    |   -713.47    |   -518.52    |   -453.59    |     1000     | ⏱️  Timeout 
    128      |   -3656.36   |   -738.78    |   -370.05    |   -184.65    |   -345.43    |     1000     | ⏱️  Timeout 
    129      |   -2034.97   |   -322.98    |   -174.28    |   -193.14    |   -170.80    |     1000     | ⏱️  Timeout 
    130      |    624.91    |    -36.72    |    -17.87    |   -138.18    |   -128.90    |     212      |  ✅ Success  
  📊 统计 [Ep 130]: Actor Loss=3.4282, Critic Loss=47.2917, Alpha=0.0878, TD-error=3.0550, Beta=1.0000
    131      |    910.17    |    -6.12     |    -4.13     |    -35.04    |    -4.85     |      51      |  ✅ Success  
    132      |    931.16    |    -1.47     |    -3.61     |    -3.87     |    -4.38     |      48      |  ✅ Success  
    133      |    817.95    |    -15.72    |    -17.84    |    -15.94    |    -14.52    |     120      |  ✅ Success  
    134      |    657.51    |    -32.03    |    -33.00    |    -19.27    |    -39.05    |     178      |  ✅ Success  
    135      |    883.89    |    -7.92     |    -14.78    |    -7.58     |    -6.42     |      76      |  ✅ Success  
    136      |   -1248.25   |   -367.81    |   -141.15    |   -145.90    |   -149.94    |     966      |  ✅ Success  
    137      |    904.33    |     5.02     |    -7.17     |    -4.40     |    -8.36     |      61      |  ✅ Success  
    138      |    920.63    |    -2.52     |    -3.15     |    -5.19     |    -4.92     |      56      |  ✅ Success  
    139      |    965.10    |     0.21     |    -2.75     |    -2.93     |    -1.81     |      33      |  ✅ Success  
    140      |    934.50    |    -5.95     |    -7.33     |    -4.14     |    -5.11     |      45      |  ✅ Success  
  📊 统计 [Ep 140]: Actor Loss=6.0732, Critic Loss=69.0066, Alpha=0.1058, TD-error=3.5692, Beta=1.0000
    141      |    502.12    |    -39.28    |    -39.66    |    -30.68    |    -54.17    |     264      |  ✅ Success  
    142      |    860.98    |     3.68     |    -18.59    |    -10.18    |    -8.32     |      85      |  ✅ Success  
    143      |    -8.73     |    -74.40    |    -70.42    |    -68.99    |   -165.50    |     501      |  ✅ Success  
    144      |   -1982.57   |   -157.59    |   -131.71    |   -176.47    |   -162.96    |     1000     | ⏱️  Timeout 
    145      |    914.48    |    -3.98     |    -7.71     |    -11.21    |    -19.05    |      51      |  ✅ Success  
    146      |    752.76    |    -14.40    |    -20.02    |    -19.51    |    -19.23    |     127      |  ✅ Success  
    147      |    942.93    |    -2.45     |    -6.06     |    -4.50     |    -3.01     |      48      |  ✅ Success  
    148      |    884.69    |    -6.67     |    -2.05     |    -9.57     |    -9.39     |      78      |  ✅ Success  
    149      |    967.80    |     0.54     |    -1.84     |    -2.41     |    -1.24     |      30      |  ✅ Success  
    150      |    224.18    |    -88.58    |   -122.50    |   -159.74    |    -55.24    |     424      |  ✅ Success  
  📊 统计 [Ep 150]: Actor Loss=5.5362, Critic Loss=90.1621, Alpha=0.1128, TD-error=4.4164, Beta=1.0000
    151      |    862.63    |    -8.26     |    -5.48     |    -6.80     |    -12.56    |      83      |  ✅ Success  
    152      |   -866.62    |   -257.68    |   -116.31    |   -152.43    |   -149.60    |     882      |  ✅ Success  
    153      |    941.64    |    -4.72     |    -3.28     |    -5.23     |    -2.73     |      36      |  ✅ Success  
    154      |    902.69    |    -5.60     |    -4.60     |    -2.71     |    -8.73     |      67      |  ✅ Success  
    155      |    899.69    |    -7.97     |     1.53     |    -12.79    |    -3.51     |      64      |  ✅ Success  
    156      |    906.85    |    -4.65     |    -6.48     |    -2.08     |    -5.15     |      59      |  ✅ Success  
    157      |    813.82    |    -11.45    |     0.39     |    -18.54    |    -14.87    |     112      |  ✅ Success  
    158      |    900.49    |    -7.52     |    -6.55     |     1.61     |    -20.86    |      69      |  ✅ Success  
    159      |    894.10    |    -6.95     |    -5.60     |    -5.05     |    -6.37     |      64      |  ✅ Success  
    160      |    896.58    |     2.74     |     1.77     |    -8.96     |    -4.67     |      71      |  ✅ Success  
  📊 统计 [Ep 160]: Actor Loss=4.8717, Critic Loss=107.0079, Alpha=0.1314, TD-error=5.5927, Beta=1.0000
    161      |    860.94    |    -26.80    |    -3.33     |    -5.87     |    -10.83    |      78      |  ✅ Success  
    162      |    821.83    |    -2.01     |    -9.26     |    -28.23    |    -34.51    |      99      |  ✅ Success  
    163      |    865.84    |    -11.58    |    -15.37    |    -21.00    |    -7.37     |      94      |  ✅ Success  
    164      |    930.86    |    -6.07     |    -2.29     |    -5.28     |    -2.40     |      49      |  ✅ Success  
    165      |    947.29    |    -3.59     |    -2.14     |    -4.22     |    -3.02     |      33      |  ✅ Success  
    166      |    872.67    |    -7.73     |    -10.25    |    -7.41     |    -10.52    |      71      |  ✅ Success  
    167      |    941.06    |     0.48     |    -4.06     |    -2.96     |    -3.43     |      46      |  ✅ Success  
    168      |    900.49    |    -1.67     |    -0.06     |    -13.88    |    -4.62     |      61      |  ✅ Success  
    169      |    926.88    |    -1.06     |    -5.67     |    -4.09     |    -19.14    |      46      |  ✅ Success  
    170      |    847.35    |    -6.77     |    -14.42    |    -6.22     |    -9.84     |      79      |  ✅ Success  
  📊 统计 [Ep 170]: Actor Loss=-1.3689, Critic Loss=148.4408, Alpha=0.1580, TD-error=7.4155, Beta=1.0000
    171      |    903.05    |    -3.97     |    -5.39     |    -18.73    |    -7.98     |      57      |  ✅ Success  
    172      |    942.94    |    -3.73     |    -3.05     |    -1.24     |    -2.23     |      41      |  ✅ Success  
    173      |    930.68    |     4.60     |    -3.77     |    -3.38     |    -7.50     |      53      |  ✅ Success  
    174      |    867.89    |    -6.70     |    -8.18     |    -7.98     |    -22.43    |      70      |  ✅ Success  
    175      |    896.85    |    -4.68     |    -13.66    |    -10.50    |    -7.63     |      63      |  ✅ Success  
    176      |    876.04    |    -7.47     |    -9.23     |    -9.34     |    -10.10    |      68      |  ✅ Success  
    177      |    952.90    |    -2.62     |    -3.02     |    -3.28     |    -1.64     |      29      |  ✅ Success  
    178      |    893.09    |    -7.64     |     1.88     |    -3.36     |    -6.78     |      78      |  ✅ Success  
    179      |    719.40    |    -10.75    |     7.33     |    -22.89    |    -20.37    |     271      |  ✅ Success  
    180      |    783.26    |    -8.59     |    -24.02    |    -17.09    |    -8.93     |     103      |  ✅ Success  
  📊 统计 [Ep 180]: Actor Loss=-6.1074, Critic Loss=207.3307, Alpha=0.2010, TD-error=8.1193, Beta=1.0000
    181      |    -5.74     |    -52.29    |   -167.92    |   -100.53    |   -183.08    |     319      |  ✅ Success  
    182      |    732.46    |    -12.95    |    -15.00    |    -13.37    |    -13.57    |     115      |  ✅ Success  
    183      |    472.35    |    -19.19    |    -23.63    |    -28.61    |    -64.56    |     187      |  ✅ Success  
    184      |    924.34    |    -5.46     |    -7.83     |    -0.72     |    -3.25     |      50      |  ✅ Success  
    185      |    818.76    |    -1.55     |    -3.32     |    -7.41     |    -6.30     |     103      |  ✅ Success  
    186      |    882.23    |    -6.30     |    -3.84     |    -8.16     |    -41.69    |      56      |  ✅ Success  
    187      |    966.81    |    -3.61     |    -1.64     |    -2.13     |     4.94     |      33      |  ✅ Success  
    188      |    691.00    |    -12.83    |    -19.01    |    -23.53    |    -9.00     |     123      |  ✅ Success  
    189      |    864.55    |    -4.09     |    -3.61     |    -22.73    |    -8.29     |      71      |  ✅ Success  
    190      |    951.81    |    -3.59     |    -3.02     |    -3.90     |    -7.71     |      33      |  ✅ Success  
  📊 统计 [Ep 190]: Actor Loss=-7.7799, Critic Loss=197.5551, Alpha=0.2346, TD-error=8.5440, Beta=1.0000
    191      |    884.45    |    -6.23     |    -6.93     |    -8.47     |    -4.50     |      56      |  ✅ Success  
    192      |    909.92    |    -7.13     |    -26.27    |    -16.46    |    -6.27     |      47      |  ✅ Success  
    193      |    916.42    |    -3.48     |    -9.96     |    -5.52     |    -2.67     |      50      |  ✅ Success  
    194      |    884.08    |    -9.71     |    -8.79     |    -17.70    |    -15.34    |      54      |  ✅ Success  
    195      |    907.48    |    -5.91     |    -5.24     |    -6.05     |    -3.48     |      52      |  ✅ Success  
    196      |    332.48    |    -45.51    |   -108.48    |    -42.73    |    -48.00    |     262      |  ✅ Success  
    197      |    847.63    |    -9.59     |    -50.84    |    -6.80     |    -10.49    |      75      |  ✅ Success  
    198      |    835.95    |    -15.03    |    -50.54    |    -7.83     |    -9.33     |      84      |  ✅ Success  
    199      |    938.59    |     1.91     |    -4.23     |    -4.31     |    -3.75     |      40      |  ✅ Success  
    200      |    902.60    |    -7.35     |    -8.77     |    -6.08     |    -6.52     |      54      |  ✅ Success  
  📊 统计 [Ep 200]: Actor Loss=-6.5545, Critic Loss=183.5226, Alpha=0.2369, TD-error=8.8160, Beta=1.0000
    201      |    943.63    |    -4.44     |    -2.69     |    -3.31     |    -0.87     |      39      |  ✅ Success  
    202      |    821.91    |    -10.01    |    -9.38     |    -15.14    |    -10.81    |      68      |  ✅ Success  
    203      |    827.64    |    -8.38     |    -11.21    |    -19.07    |    -11.93    |      87      |  ✅ Success  
    204      |    871.47    |    -4.74     |    -3.49     |    -4.16     |    -5.70     |      85      |  ✅ Success  
    205      |    951.00    |    -2.00     |    -4.58     |    -2.95     |    -2.53     |      33      |  ✅ Success  
    206      |    835.83    |    -12.99    |    -9.00     |    -6.64     |    -8.87     |      80      |  ✅ Success  
    207      |    872.97    |    -10.55    |     1.10     |    -43.55    |    -5.69     |      72      |  ✅ Success  
    208      |    954.22    |    -2.17     |    -36.00    |    -3.30     |     1.19     |      31      |  ✅ Success  
    209      |    947.53    |    -4.02     |    -2.64     |    -2.78     |    -2.47     |      37      |  ✅ Success  
    210      |    891.54    |    -4.42     |    -4.85     |    -5.48     |    -49.91    |      57      |  ✅ Success  
  📊 统计 [Ep 210]: Actor Loss=-7.0629, Critic Loss=213.7564, Alpha=0.2306, TD-error=9.3053, Beta=1.0000
    211      |    846.34    |    -7.59     |    -19.65    |    -7.97     |    -6.54     |      66      |  ✅ Success  
    212      |    928.28    |    -5.05     |    -3.44     |    -3.62     |    -2.74     |      45      |  ✅ Success  
    213      |    796.03    |    -15.68    |    -9.51     |    -9.09     |    -19.70    |      92      |  ✅ Success  
    214      |    876.37    |     0.99     |    -7.09     |    -6.03     |    -3.46     |      67      |  ✅ Success  
    215      |   -508.85    |    -0.32     |    -0.42     |    -0.35     |    -0.66     |      4       |  ❌ Failure  
    216      |    894.15    |    -8.74     |    -4.94     |    -10.35    |    -6.24     |      49      |  ✅ Success  
    217      |    858.94    |    -8.20     |    -5.83     |    -9.16     |    -8.47     |      99      |  ✅ Success  
    218      |    911.00    |    -3.90     |    -4.49     |    -5.31     |    -3.78     |      52      |  ✅ Success  
    219      |    878.63    |    -7.69     |    -7.78     |    -4.20     |    -5.65     |      69      |  ✅ Success  
    220      |    930.57    |     0.42     |    -1.65     |    -10.51    |    -11.26    |      45      |  ✅ Success  
  📊 统计 [Ep 220]: Actor Loss=-12.4783, Critic Loss=229.6912, Alpha=0.2352, TD-error=10.8467, Beta=1.0000
    221      |    892.75    |    -10.33    |    -8.20     |    -7.94     |    -14.46    |      63      |  ✅ Success  
    222      |    962.54    |    -2.01     |    -2.75     |    -3.52     |    -1.98     |      29      |  ✅ Success  
    223      |    890.04    |    -7.49     |    -8.81     |    -25.71    |    -13.66    |      70      |  ✅ Success  
    224      |    931.99    |    -4.38     |    -4.26     |    -1.27     |    -3.98     |      45      |  ✅ Success  
    225      |    680.52    |    -12.15    |    11.20     |    -16.78    |    -56.50    |     208      |  ✅ Success  
    226      |    891.47    |    -4.57     |    -4.09     |    -6.59     |    -8.20     |      64      |  ✅ Success  
    227      |    890.28    |    -2.42     |    -9.95     |    -7.03     |    -7.71     |      68      |  ✅ Success  
    228      |    886.80    |    -8.05     |    -8.13     |    -4.25     |    -6.73     |      64      |  ✅ Success  
    229      |    801.39    |    -3.24     |    -23.46    |    -44.56    |    -9.92     |      97      |  ✅ Success  
    230      |    889.20    |    -2.37     |    -31.99    |    -6.61     |    -5.78     |      59      |  ✅ Success  
  📊 统计 [Ep 230]: Actor Loss=-13.5587, Critic Loss=260.8614, Alpha=0.2588, TD-error=10.1575, Beta=1.0000
    231      |    728.00    |    -12.07    |    -12.72    |    -48.74    |    -68.42    |      96      |  ✅ Success  
    232      |    872.39    |    -10.03    |    -8.63     |    -6.59     |    -5.88     |      75      |  ✅ Success  
    233      |    777.41    |    -13.44    |    -8.38     |    -8.32     |    -11.20    |     102      |  ✅ Success  
    234      |    825.45    |    -15.22    |    -10.50    |    -9.17     |    -9.08     |      79      |  ✅ Success  
    235      |    918.04    |    -5.02     |    -4.42     |    -6.10     |    -3.64     |      52      |  ✅ Success  
    236      |    927.32    |    -3.68     |    -4.41     |    -3.35     |    -2.12     |      50      |  ✅ Success  
    237      |    861.21    |    -34.61    |    -7.78     |    -6.24     |    -7.11     |      66      |  ✅ Success  
    238      |    933.85    |    -3.50     |    -3.11     |    -28.94    |    -2.15     |      38      |  ✅ Success  
    239      |    885.96    |    -2.17     |    -7.35     |    -2.95     |    -7.01     |      67      |  ✅ Success  
    240      |    846.09    |    -7.85     |    -36.02    |    -8.16     |    -7.35     |      76      |  ✅ Success  
  📊 统计 [Ep 240]: Actor Loss=-20.7462, Critic Loss=294.1132, Alpha=0.3003, TD-error=11.8941, Beta=1.0000
    241      |    827.40    |    -33.22    |    -33.82    |    -9.41     |    -11.35    |      88      |  ✅ Success  
    242      |    814.61    |    -9.95     |    -8.84     |    -59.43    |    -8.53     |      78      |  ✅ Success  
    243      |    930.32    |    -4.05     |    -4.43     |    -4.44     |    -4.85     |      43      |  ✅ Success  
    244      |    890.69    |     0.59     |    -48.59    |    -5.63     |    -5.29     |      58      |  ✅ Success  
    245      |    709.69    |    -21.66    |    -16.72    |    -19.12    |    -14.63    |     107      |  ✅ Success  
    246      |    835.53    |    -41.35    |     1.38     |    -11.86    |    -12.00    |      89      |  ✅ Success  
    247      |    920.11    |    -3.50     |    -3.79     |    -3.46     |    -5.57     |      50      |  ✅ Success  
    248      |    907.21    |    -8.59     |     1.38     |    -5.57     |    -6.26     |      50      |  ✅ Success  
    249      |    930.55    |    -13.93    |     0.55     |    -3.78     |    -21.16    |      39      |  ✅ Success  
    250      |    959.24    |    -1.46     |    -3.47     |    -1.43     |    -1.47     |      31      |  ✅ Success  
  📊 统计 [Ep 250]: Actor Loss=-21.9575, Critic Loss=313.4342, Alpha=0.3354, TD-error=12.5878, Beta=1.0000
    251      |    957.08    |    -2.42     |     3.17     |    -3.03     |    -5.65     |      34      |  ✅ Success  
    252      |    887.54    |    -5.63     |    -18.95    |    -8.50     |    -7.03     |      58      |  ✅ Success  
    253      |    903.90    |    -5.53     |    -4.15     |    -5.37     |    -4.36     |      56      |  ✅ Success  
    254      |    934.00    |    -6.10     |    -4.59     |    -3.63     |    -4.25     |      41      |  ✅ Success  
    255      |    625.53    |    -32.91    |    -49.31    |    -18.45    |    -37.95    |     113      |  ✅ Success  
    256      |    904.72    |    -5.17     |    -6.96     |    -4.41     |    -3.42     |      57      |  ✅ Success  
    257      |    885.45    |    -7.26     |    -5.23     |    -27.64    |    -29.19    |      55      |  ✅ Success  
    258      |    929.29    |    -1.44     |    -7.13     |    -4.94     |    -4.62     |      37      |  ✅ Success  
    259      |    902.99    |    -40.06    |    -5.13     |    -15.12    |    -4.49     |      53      |  ✅ Success  
    260      |    820.53    |    -15.42    |    -7.76     |    -15.11    |    -14.01    |      70      |  ✅ Success  
  📊 统计 [Ep 260]: Actor Loss=-30.3324, Critic Loss=346.6862, Alpha=0.3771, TD-error=13.8526, Beta=1.0000
    261      |    888.66    |    -5.72     |    -6.48     |    -15.12    |    -4.82     |      62      |  ✅ Success  
    262      |    921.98    |    -5.43     |    -16.14    |    -2.55     |    -4.03     |      51      |  ✅ Success  
    263      |    911.50    |    -7.96     |    -2.58     |    -11.04    |    -9.48     |      56      |  ✅ Success  
    264      |    256.41    |    -40.30    |    -24.91    |    -41.95    |   -115.18    |     236      |  ✅ Success  
    265      |   -519.44    |    -1.81     |    -1.17     |    -1.64     |    -1.27     |      9       |  ❌ Failure  
    266      |    943.12    |    -0.58     |    -5.47     |    -4.35     |    -2.21     |      46      |  ✅ Success  
    267      |    69.05     |    -45.50    |    -47.75    |    -60.09    |   -110.71    |     288      |  ✅ Success  
    268      |    926.40    |    -4.36     |    -4.86     |    -4.19     |    -7.16     |      43      |  ✅ Success  
    269      |    886.53    |    -10.65    |    -4.87     |    -6.65     |    -6.20     |      54      |  ✅ Success  
    270      |    920.80    |    -12.93    |    -3.86     |    -16.56    |    -8.14     |      42      |  ✅ Success  
  📊 统计 [Ep 270]: Actor Loss=-38.8957, Critic Loss=397.2091, Alpha=0.4522, TD-error=15.1017, Beta=1.0000
    271      |    952.81    |    -2.57     |    -3.67     |    -5.64     |    -2.04     |      30      |  ✅ Success  
    272      |    786.03    |    -13.10    |    -9.85     |    -12.70    |    -19.70    |      95      |  ✅ Success  
    273      |   -525.98    |    -4.16     |    -1.31     |    -2.30     |    -1.40     |      13      |  ❌ Failure  
    274      |    528.43    |    -32.21    |    -31.83    |    -37.76    |    -37.00    |     173      |  ✅ Success  
    275      |    667.20    |    -35.56    |    -27.87    |    -74.90    |    -39.86    |     103      |  ✅ Success  
    276      |    566.26    |    -37.96    |    -29.61    |    -39.98    |    -23.46    |     156      |  ✅ Success  
    277      |    406.13    |    -47.29    |    -27.42    |    -84.05    |    -57.95    |     170      |  ✅ Success  
    278      |    949.98    |    -2.77     |    -3.91     |    -1.69     |    -2.93     |      31      |  ✅ Success  
    279      |    958.46    |    -3.97     |    -2.98     |    -2.62     |    -2.45     |      28      |  ✅ Success  
    280      |   -523.85    |    -2.68     |    -1.58     |    -1.29     |    -1.49     |      9       |  ❌ Failure  
  📊 统计 [Ep 280]: Actor Loss=-41.5601, Critic Loss=409.6439, Alpha=0.5007, TD-error=14.5157, Beta=1.0000
    281      |    813.78    |    -27.34    |    -7.47     |    -35.12    |    -21.17    |      86      |  ✅ Success  
    282      |    854.64    |    -10.46    |    -5.89     |    -12.62    |    -7.17     |      63      |  ✅ Success  
    283      |    855.53    |    -13.02    |    -29.54    |    -10.54    |    -17.87    |      62      |  ✅ Success  
    284      |    650.76    |    -27.43    |    -21.50    |    -27.86    |    -21.82    |     129      |  ✅ Success  
    285      |    950.47    |    -3.04     |    -0.77     |    -2.30     |    -2.47     |      39      |  ✅ Success  
    286      |    940.88    |    -0.81     |     0.13     |    -5.07     |    -5.79     |      36      |  ✅ Success  
    287      |    708.24    |    -71.70    |    -16.64    |    -52.48    |    -35.78    |      90      |  ✅ Success  
    288      |   -558.63    |    -3.69     |    -4.28     |    -4.25     |    -3.74     |      22      |  ❌ Failure  
    289      |    928.24    |    -5.53     |    -6.45     |    -3.77     |    -5.89     |      38      |  ✅ Success  
    290      |    859.06    |    -3.44     |    -6.69     |    -11.79    |    -8.13     |      83      |  ✅ Success  
  📊 统计 [Ep 290]: Actor Loss=-41.6856, Critic Loss=458.6888, Alpha=0.5145, TD-error=15.9063, Beta=1.0000
    291      |    942.16    |    -27.79    |     0.06     |    -3.26     |    -3.10     |      35      |  ✅ Success  
    292      |   -976.43    |    -40.13    |    -33.55    |    -38.21    |    -43.10    |     170      |  ❌ Failure  
    293      |    911.01    |    -5.71     |    -7.17     |    -9.56     |    -0.20     |      55      |  ✅ Success  
    294      |    489.13    |    -21.45    |    -21.89    |    -20.54    |    -21.28    |     156      |  ✅ Success  
    295      |   -587.03    |    -9.49     |    -4.87     |    -14.51    |    -6.95     |      38      |  ❌ Failure  
    296      |    834.37    |    -7.95     |    -48.79    |    -8.03     |    -22.63    |      68      |  ✅ Success  
    297      |    872.05    |    -5.89     |    -7.55     |    -5.73     |    -15.37    |      65      |  ✅ Success  
    298      |    821.53    |    -13.45    |    -11.01    |    -10.94    |    -16.98    |      78      |  ✅ Success  
    299      |    771.38    |    -36.92    |    -28.67    |    -15.33    |    -15.41    |      79      |  ✅ Success  
    300      |    950.86    |    -2.96     |    -5.35     |    -10.46    |    -3.95     |      34      |  ✅ Success  
  📊 统计 [Ep 300]: Actor Loss=-47.4049, Critic Loss=448.8420, Alpha=0.5764, TD-error=15.8369, Beta=1.0000
    301      |    898.92    |    -18.08    |    -4.37     |    -4.06     |    -5.04     |      48      |  ✅ Success  
    302      |   -518.21    |    -1.08     |    -1.26     |    -1.24     |    -4.52     |      8       |  ❌ Failure  
    303      |    884.58    |    -21.57    |    -4.55     |    -5.47     |    -13.08    |      58      |  ✅ Success  
    304      |    787.66    |    -10.25    |    -12.25    |    -25.31    |    -11.69    |      73      |  ✅ Success  
    305      |    955.99    |    -2.92     |    -3.24     |    -3.14     |    -2.65     |      32      |  ✅ Success  
    306      |    965.23    |    -3.24     |    -2.69     |    -6.96     |    -4.91     |      27      |  ✅ Success  
    307      |   -519.13    |    -0.56     |    -0.94     |    -0.61     |    -1.83     |      7       |  ❌ Failure  
    308      |    967.44    |    -0.26     |     1.21     |    -4.25     |    -2.31     |      29      |  ✅ Success  
    309      |    950.12    |    -2.62     |    -2.84     |    -2.52     |    -1.63     |      33      |  ✅ Success  
    310      |    780.85    |    -10.81    |    -14.64    |    -19.44    |    -21.24    |      90      |  ✅ Success  
  📊 统计 [Ep 310]: Actor Loss=-51.1396, Critic Loss=443.4595, Alpha=0.5979, TD-error=16.3493, Beta=1.0000
    311      |    810.27    |    -14.41    |    -10.30    |    -54.37    |    -10.97    |      76      |  ✅ Success  
    312      |    871.34    |    -8.25     |    -42.41    |    -9.77     |    -0.76     |      65      |  ✅ Success  
    313      |    941.57    |    -13.87    |    -3.25     |    -6.31     |    -3.42     |      38      |  ✅ Success  
    314      |    875.87    |    -6.27     |    -16.64    |    -5.00     |    -7.29     |      51      |  ✅ Success  
    315      |    934.27    |    -44.47    |    -3.44     |    -2.69     |    -3.78     |      38      |  ✅ Success  
    316      |    855.55    |    -9.08     |    -5.86     |    -13.22    |    -7.57     |      73      |  ✅ Success  
    317      |    804.31    |    -9.43     |    -12.36    |    -21.57    |    -11.00    |      96      |  ✅ Success  
    318      |    922.29    |    -3.79     |    -6.00     |    -5.09     |    -0.86     |      47      |  ✅ Success  
    319      |    948.98    |    -1.80     |    -3.85     |    -1.82     |    -22.39    |      31      |  ✅ Success  
    320      |    755.85    |    -77.75    |    -19.06    |    -31.67    |    -47.53    |      75      |  ✅ Success  
  📊 统计 [Ep 320]: Actor Loss=-51.6344, Critic Loss=495.6434, Alpha=0.6433, TD-error=16.3326, Beta=1.0000
    321      |    634.86    |    -21.50    |    -19.59    |    -45.99    |    -55.11    |     106      |  ✅ Success  
    322      |    824.84    |    -11.22    |    -22.69    |    -21.45    |    -17.60    |      87      |  ✅ Success  
    323      |    266.87    |    -49.77    |    -43.64    |   -320.08    |   -102.71    |     275      |  ✅ Success  
    324      |    821.46    |    -19.18    |    -25.74    |    -10.33    |    -8.62     |      81      |  ✅ Success  
    325      |    696.77    |    -12.61    |    -12.31    |    -13.16    |    -16.95    |     111      |  ✅ Success  
    326      |    963.55    |    -1.56     |    -2.44     |    -2.86     |    -1.22     |      26      |  ✅ Success  
    327      |    960.70    |    -7.37     |    -1.68     |    -1.07     |    -6.00     |      28      |  ✅ Success  
    328      |    562.45    |    -37.44    |    -23.92    |    -19.10    |    -20.05    |     147      |  ✅ Success  
    329      |   -515.11    |    -0.61     |    -0.81     |    -0.31     |    -1.00     |      8       |  ❌ Failure  
    330      |    944.06    |    -12.07    |    -28.39    |    -4.41     |    -2.40     |      36      |  ✅ Success  
  📊 统计 [Ep 330]: Actor Loss=-50.6405, Critic Loss=470.1314, Alpha=0.6720, TD-error=16.5391, Beta=1.0000
    331      |    880.73    |    -10.53    |    -18.90    |    -13.42    |    -8.52     |      74      |  ✅ Success  
    332      |    902.33    |    -3.24     |    -5.29     |    -5.40     |    -3.01     |      53      |  ✅ Success  
    333      |    945.78    |    -5.67     |    -0.39     |    -3.46     |    -4.07     |      41      |  ✅ Success  
    334      |    888.42    |    -5.27     |    -6.45     |    -4.85     |    -5.98     |      47      |  ✅ Success  
    335      |    913.05    |    -3.60     |    -5.07     |    -3.87     |    -12.37    |      49      |  ✅ Success  
    336      |    824.03    |    -8.31     |    -9.19     |    -58.94    |    -9.10     |      89      |  ✅ Success  
    337      |    729.06    |    -23.71    |    -17.09    |    -20.76    |    -18.43    |     111      |  ✅ Success  
    338      |    888.14    |    -6.57     |    -2.11     |    -5.42     |    -7.98     |      71      |  ✅ Success  
    339      |    62.65     |    -98.93    |    -68.46    |    -69.15    |   -133.01    |     248      |  ✅ Success  
    340      |   -520.96    |    -1.42     |    -1.06     |    -0.92     |    -0.95     |      9       |  ❌ Failure  
  📊 统计 [Ep 340]: Actor Loss=-56.6712, Critic Loss=501.0026, Alpha=0.7133, TD-error=16.1860, Beta=1.0000
    341      |    721.59    |    -11.63    |    -11.77    |    -18.00    |    -19.19    |     102      |  ✅ Success  
    342      |    732.99    |    -54.30    |    -16.83    |    -53.03    |    -36.45    |     125      |  ✅ Success  
    343      |    815.77    |    -5.23     |    -32.84    |    -7.56     |    -8.16     |      81      |  ✅ Success  
    344      |    871.96    |    -18.32    |    -17.34    |    -6.89     |    -6.65     |      54      |  ✅ Success  
    345      |   -512.55    |    -0.44     |    -2.23     |    -0.64     |    -0.64     |      5       |  ❌ Failure  
    346      |    653.88    |    -73.94    |    -35.75    |    -23.30    |    -33.68    |     104      |  ✅ Success  
    347      |    960.63    |    -2.23     |    -2.62     |    -1.87     |    -1.56     |      28      |  ✅ Success  
    348      |    706.28    |    -19.11    |    -32.29    |    -32.87    |    -24.17    |      93      |  ✅ Success  
    349      |    934.09    |    -2.75     |    -1.58     |    -11.05    |    -17.87    |      37      |  ✅ Success  
    350      |    971.64    |    -1.80     |    -0.35     |    -1.98     |    -1.70     |      24      |  ✅ Success  
  📊 统计 [Ep 350]: Actor Loss=-57.1407, Critic Loss=590.0994, Alpha=0.7737, TD-error=18.4692, Beta=1.0000
    351      |    821.55    |    -9.04     |    -14.19    |    -43.93    |    -21.03    |      75      |  ✅ Success  
    352      |    892.24    |     4.07     |    -5.79     |    -8.43     |    -5.82     |      61      |  ✅ Success  
    353      |    952.42    |    -2.58     |    -5.23     |    -2.18     |    -2.35     |      35      |  ✅ Success  
    354      |     4.12     |    -90.28    |    -41.80    |    -86.43    |   -100.04    |     260      |  ✅ Success  
    355      |    588.78    |    -20.00    |    -44.34    |    -24.81    |    -17.52    |     131      |  ✅ Success  
    356      |    795.38    |    -28.01    |    -10.19    |    -11.90    |    -11.61    |      74      |  ✅ Success  
    357      |    872.86    |    -7.71     |    -8.79     |    -8.73     |    -3.64     |      75      |  ✅ Success  
    358      |    888.84    |     0.74     |    -17.91    |    -6.23     |    -9.78     |      68      |  ✅ Success  
    359      |    875.77    |    -7.95     |    -7.29     |    -11.93    |    -8.05     |      58      |  ✅ Success  
    360      |    840.97    |    -7.79     |    -14.95    |    -19.91    |    -8.12     |      65      |  ✅ Success  
  📊 统计 [Ep 360]: Actor Loss=-54.5383, Critic Loss=574.8432, Alpha=0.8199, TD-error=17.3790, Beta=1.0000
    361      |    778.93    |    -43.22    |    -12.42    |    -8.85     |    -16.58    |      97      |  ✅ Success  
    362      |    959.17    |    -3.06     |    -2.50     |    -1.47     |    -6.91     |      28      |  ✅ Success  
    363      |    888.60    |    -5.45     |    -9.63     |    -1.09     |    -25.06    |      61      |  ✅ Success  
    364      |    923.27    |    -34.66    |    -4.29     |    -6.67     |    -4.87     |      51      |  ✅ Success  
    365      |    946.69    |    -4.52     |    -3.12     |    -4.17     |    -2.95     |      32      |  ✅ Success  
    366      |   -525.43    |    -91.68    |    -89.61    |   -106.56    |   -167.87    |     546      |  ✅ Success  
    367      |    363.63    |    -28.37    |    -33.48    |    -52.56    |    -43.16    |     171      |  ✅ Success  
    368      |    948.14    |    -24.63    |     2.07     |    -1.85     |    -1.91     |      39      |  ✅ Success  
    369      |    261.33    |    -45.97    |    -34.35    |    -75.74    |    -35.79    |     246      |  ✅ Success  
    370      |    28.20     |    -84.67    |    -50.64    |    -97.98    |    -60.72    |     281      |  ✅ Success  
  📊 统计 [Ep 370]: Actor Loss=-55.8586, Critic Loss=586.9249, Alpha=0.8222, TD-error=17.3181, Beta=1.0000
    371      |    767.99    |    -14.39    |    -14.57    |    -14.78    |    -24.70    |      79      |  ✅ Success  
    372      |    45.50     |    -60.28    |    -69.90    |    -60.66    |   -101.81    |     276      |  ✅ Success  
    373      |    815.34    |    -1.70     |    -14.00    |    -11.41    |    -11.73    |      71      |  ✅ Success  
    374      |    753.13    |    -10.57    |    -14.71    |    -60.62    |    -7.61     |      90      |  ✅ Success  
    375      |   -536.56    |    -1.51     |    -1.06     |    -1.17     |    -1.76     |      19      |  ❌ Failure  
    376      |    169.15    |    -40.33    |    -66.04    |    -70.43    |    -55.48    |     221      |  ✅ Success  
    377      |    343.29    |    -33.21    |    -31.91    |    -40.23    |    -42.01    |     177      |  ✅ Success  
    378      |    370.02    |    -53.86    |    -29.99    |    -28.24    |    -43.02    |     183      |  ✅ Success  
    379      |    870.72    |    -5.58     |    -4.98     |    -6.06     |    -5.08     |      55      |  ✅ Success  
    380      |    508.59    |    -24.83    |    -24.86    |    -45.49    |    -19.60    |     182      |  ✅ Success  
  📊 统计 [Ep 380]: Actor Loss=-47.4221, Critic Loss=593.5867, Alpha=0.8118, TD-error=16.4714, Beta=1.0000
    381      |    737.86    |    -11.62    |    -36.00    |    -10.41    |    -15.95    |      95      |  ✅ Success  
    382      |    783.78    |    -14.15    |    -10.29    |    -49.27    |    -13.50    |      74      |  ✅ Success  
    383      |    740.65    |    -12.48    |    -29.71    |    -23.10    |    -32.77    |     105      |  ✅ Success  
    384      |    524.32    |    -67.45    |    -14.24    |    -26.99    |    -20.30    |     149      |  ✅ Success  
    385      |   -1726.74   |   -275.68    |   -255.72    |   -302.12    |   -257.84    |     686      |  ✅ Success  
    386      |    415.61    |    -27.62    |    -35.03    |    -55.85    |    -41.32    |     175      |  ✅ Success  
    387      |    501.78    |    -67.82    |    -23.77    |    -41.04    |    -59.14    |     175      |  ✅ Success  
    388      |    906.94    |    -5.62     |    -35.34    |    -4.15     |    -5.90     |      51      |  ✅ Success  
    389      |    851.24    |    -3.89     |    -6.17     |    -44.71    |    -7.87     |      65      |  ✅ Success  
    390      |    893.37    |    -46.68    |    -4.26     |    -12.35    |    -3.59     |      48      |  ✅ Success  
  📊 统计 [Ep 390]: Actor Loss=-56.8888, Critic Loss=502.8676, Alpha=0.8258, TD-error=15.5807, Beta=1.0000
    391      |    120.25    |    -70.11    |    -58.01    |   -111.74    |    -85.05    |     280      |  ✅ Success  
    392      |    483.82    |    -25.85    |    -28.93    |    -41.23    |    -31.13    |     160      |  ✅ Success  
    393      |    772.89    |    -10.60    |    -10.05    |    -31.62    |    -11.67    |      76      |  ✅ Success  
    394      |    144.62    |    -28.52    |    -76.15    |    -45.34    |    -80.23    |     240      |  ✅ Success  
    395      |    643.13    |    -21.08    |    -16.88    |    -19.40    |    -20.22    |     123      |  ✅ Success  
    396      |    13.74     |    -70.48    |    -74.60    |    -48.42    |   -108.43    |     260      |  ✅ Success  
    397      |    868.23    |    -6.02     |    -6.51     |    -20.13    |    -7.09     |      61      |  ✅ Success  
    398      |    925.81    |    -3.47     |    -2.44     |    -10.72    |    -2.72     |      50      |  ✅ Success  
    399      |    258.95    |    -40.42    |    -41.46    |    -62.44    |    -32.80    |     237      |  ✅ Success  
    400      |    644.97    |    -44.03    |    -16.78    |    -22.81    |    -17.61    |     113      |  ✅ Success  
  📊 统计 [Ep 400]: Actor Loss=-52.2250, Critic Loss=486.4477, Alpha=0.8142, TD-error=15.0975, Beta=1.0000
    401      |   -638.92    |   -222.23    |   -120.64    |   -329.70    |    -83.90    |     344      |  ✅ Success  
    402      |    375.07    |    -34.62    |    -30.80    |    -42.01    |    -29.86    |     178      |  ✅ Success  
    403      |    873.72    |    -4.14     |    -20.94    |    -7.06     |    -6.83     |      54      |  ✅ Success  
    404      |   -195.45    |    -78.96    |    -67.59    |   -151.92    |   -135.63    |     305      |  ✅ Success  
    405      |    933.58    |    -4.09     |    -2.86     |    -6.05     |    -0.02     |      41      |  ✅ Success  
    406      |    580.34    |    -38.11    |    -16.26    |    -31.10    |    -26.53    |     146      |  ✅ Success  
    407      |   -952.35    |    -96.03    |   -105.52    |   -363.21    |   -103.78    |     473      |  ✅ Success  
    408      |    661.69    |    -37.42    |    -16.75    |    -12.72    |    -20.54    |     130      |  ✅ Success  
    409      |    943.19    |    -2.32     |    -6.00     |     6.20     |    -2.32     |      46      |  ✅ Success  
    410      |    712.19    |    -12.06    |    -13.10    |    -37.45    |    -15.86    |     100      |  ✅ Success  
  📊 统计 [Ep 410]: Actor Loss=-37.9588, Critic Loss=466.7878, Alpha=0.7573, TD-error=14.0338, Beta=1.0000
    411      |    952.02    |    -4.19     |    -2.25     |    -2.66     |     2.84     |      35      |  ✅ Success  
    412      |    818.23    |    -14.24    |    -23.09    |    -10.08    |    -6.03     |      75      |  ✅ Success  
    413      |    694.27    |    -12.05    |    -14.84    |    -30.68    |    -17.71    |     113      |  ✅ Success  
    414      |    165.24    |    -43.25    |    -85.76    |    -57.50    |    -59.38    |     203      |  ✅ Success  
    415      |   -815.13    |   -104.09    |    -98.95    |   -118.68    |   -115.82    |     480      |  ✅ Success  
    416      |    652.95    |    -27.60    |    -34.72    |    -19.76    |    -16.78    |     123      |  ✅ Success  
    417      |   -602.93    |   -145.01    |   -188.96    |   -166.22    |   -194.97    |     403      |  ✅ Success  
    418      |   -1929.05   |   -250.80    |   -241.94    |   -305.76    |   -266.51    |     622      |  ✅ Success  
    419      |    947.97    |    -2.71     |    -3.37     |    -2.20     |    -2.32     |      36      |  ✅ Success  
    420      |    507.09    |    -29.30    |    -26.47    |    -33.92    |    -54.13    |     131      |  ✅ Success  
  📊 统计 [Ep 420]: Actor Loss=-48.6199, Critic Loss=418.0433, Alpha=0.7453, TD-error=13.7882, Beta=1.0000
    421      |   -1236.16   |   -188.14    |   -192.00    |   -380.90    |   -349.44    |     468      |  ✅ Success  
    422      |    593.10    |    -28.47    |    -42.56    |    -27.02    |    -19.05    |     130      |  ✅ Success  
    423      |    588.31    |    -36.04    |    -25.77    |    -17.33    |    -19.42    |     129      |  ✅ Success  
    424      |    917.75    |    -3.28     |    -3.70     |    -5.42     |    -4.12     |      52      |  ✅ Success  
    425      |    491.44    |    -18.66    |    -29.95    |    -23.45    |    -77.77    |     148      |  ✅ Success  
    426      |    609.86    |    -22.27    |    -18.13    |    -21.02    |    -65.02    |     133      |  ✅ Success  
    427      |    902.86    |    -5.20     |    -5.22     |    -5.86     |    -2.32     |      51      |  ✅ Success  
    428      |    762.64    |    -10.23    |    -9.39     |    -17.55    |    -9.01     |      94      |  ✅ Success  
    429      |   -1642.56   |   -248.37    |   -237.99    |   -250.00    |   -248.80    |     620      |  ✅ Success  
    430      |    815.64    |    -10.65    |    -9.91     |    -9.96     |    -9.72     |      84      |  ✅ Success  
  📊 统计 [Ep 430]: Actor Loss=-41.8651, Critic Loss=396.1419, Alpha=0.6669, TD-error=12.3093, Beta=1.0000
    431      |    138.34    |    -70.94    |    -73.77    |    -68.39    |    -75.80    |     224      |  ✅ Success  
    432      |    342.20    |    -59.12    |    -31.69    |    -38.79    |    -43.92    |     185      |  ✅ Success  
    433      |   -491.66    |    -84.78    |   -106.23    |   -123.80    |    -93.82    |     354      |  ✅ Success  
    434      |    657.35    |    -59.67    |    -29.30    |    -15.01    |    -34.46    |     108      |  ✅ Success  
    435      |   -637.18    |   -108.88    |   -114.29    |   -135.87    |   -184.14    |     359      |  ✅ Success  
    436      |    843.57    |    -9.06     |    -8.35     |    -7.55     |    -7.38     |      68      |  ✅ Success  
    437      |    656.69    |    -15.14    |    -16.61    |    -17.55    |    -39.20    |     109      |  ✅ Success  
    438      |   -2109.32   |   -222.68    |   -224.45    |   -205.27    |   -351.43    |     661      |  ✅ Success  
    439      |   -2777.74   |   -507.33    |   -413.93    |   -509.50    |   -189.57    |     1000     | ⏱️  Timeout 
    440      |    424.35    |    -20.72    |    -28.13    |    -30.00    |    -67.42    |     159      |  ✅ Success  
  📊 统计 [Ep 440]: Actor Loss=-24.6470, Critic Loss=326.4700, Alpha=0.5088, TD-error=11.3381, Beta=1.0000
    441      |    944.04    |    -14.90    |    -2.63     |    -2.66     |    -1.62     |      35      |  ✅ Success  
    442      |    696.87    |    -18.79    |    -16.16    |    -16.38    |    -36.43    |      89      |  ✅ Success  
    443      |   -1658.74   |   -258.23    |   -239.99    |   -199.95    |   -193.77    |     612      |  ✅ Success  
    444      |    571.44    |    -86.22    |    -27.75    |    -26.19    |    -19.23    |     127      |  ✅ Success  
    445      |    851.76    |    -27.87    |    -12.41    |    -11.99    |    -7.84     |      86      |  ✅ Success  
    446      |    294.87    |    -26.92    |    -30.99    |    -42.03    |    -28.44    |     232      |  ✅ Success  
    447      |    -17.48    |    -46.04    |    -47.13    |   -103.64    |    -37.87    |     272      |  ✅ Success  
    448      |    498.37    |    -65.51    |    -30.88    |    -31.83    |    -32.28    |     198      |  ✅ Success  
    449      |   -880.07    |   -135.80    |   -161.30    |   -165.11    |   -146.77    |     418      |  ✅ Success  
    450      |    946.76    |    -4.50     |    -12.48    |    -7.06     |    -3.19     |      32      |  ✅ Success  
  📊 统计 [Ep 450]: Actor Loss=-15.0604, Critic Loss=196.2305, Alpha=0.3434, TD-error=8.3720, Beta=1.0000
    451      |    429.09    |   -122.95    |    -52.69    |    -41.59    |   -100.96    |     288      |  ✅ Success  
    452      |    951.16    |    -4.69     |    -3.69     |    -0.93     |    -2.76     |      31      |  ✅ Success  
    453      |    863.21    |    -6.72     |    -5.64     |    -8.24     |    -7.97     |      51      |  ✅ Success  
    454      |    921.22    |    -6.48     |    -3.76     |    -4.82     |    -4.46     |      44      |  ✅ Success  
    455      |    860.91    |     4.17     |    -6.18     |    -7.29     |    -6.22     |      62      |  ✅ Success  
    456      |    857.88    |    -9.42     |    -7.23     |    -7.71     |    -7.23     |      58      |  ✅ Success  
    457      |    577.83    |    -27.58    |    -23.86    |    -22.16    |    -21.31    |     115      |  ✅ Success  
    458      |    731.59    |    -12.47    |    -13.28    |    -23.78    |    -7.81     |      96      |  ✅ Success  
    459      |   -814.46    |   -114.35    |   -113.70    |   -115.59    |   -159.41    |     447      |  ✅ Success  
    460      |    625.48    |    -22.13    |    -19.29    |    -29.31    |    -47.36    |      96      |  ✅ Success  
  📊 统计 [Ep 460]: Actor Loss=-12.9945, Critic Loss=225.7163, Alpha=0.2777, TD-error=8.7609, Beta=1.0000
    461      |   -373.88    |   -236.89    |    -94.77    |   -119.37    |    -95.37    |     377      |  ✅ Success  
    462      |    865.57    |    -5.95     |    -5.86     |    -6.71     |    -5.61     |      62      |  ✅ Success  
    463      |    870.49    |    -24.65    |    -10.61    |    -6.96     |    -6.73     |      67      |  ✅ Success  
    464      |    933.35    |    -5.09     |    -4.36     |    -1.50     |    -2.40     |      40      |  ✅ Success  
    465      |   -348.88    |   -116.83    |    -91.56    |    -92.51    |   -139.46    |     335      |  ✅ Success  
    466      |    610.41    |    -42.98    |    -20.83    |    -30.98    |    -13.72    |     114      |  ✅ Success  
    467      |    467.15    |    -24.03    |    -70.64    |    -31.71    |    -90.13    |     179      |  ✅ Success  
    468      |    860.41    |    -7.24     |    -6.41     |    -7.66     |    -19.26    |      51      |  ✅ Success  
    469      |    923.90    |    -3.83     |    -4.26     |    -3.18     |    -7.27     |      46      |  ✅ Success  
    470      |    950.50    |    -3.95     |     0.82     |    -1.55     |    -2.28     |      38      |  ✅ Success  
  📊 统计 [Ep 470]: Actor Loss=-9.2325, Critic Loss=182.7025, Alpha=0.2263, TD-error=7.6538, Beta=1.0000
    471      |    598.06    |    -18.86    |    -18.72    |    -33.13    |    -20.98    |     128      |  ✅ Success  
    472      |    665.51    |    -77.44    |    -13.08    |    -14.14    |    -19.94    |     100      |  ✅ Success  
    473      |    934.26    |    -3.63     |    -4.08     |     0.37     |    -2.33     |      53      |  ✅ Success  
    474      |   -4148.20   |   -475.15    |   -272.98    |   -555.08    |   -470.41    |     1000     | ⏱️  Timeout 
    475      |    836.10    |    -6.37     |    -7.29     |    -9.78     |    -23.96    |      61      |  ✅ Success  
    476      |    906.48    |    -5.77     |    -5.05     |    -5.20     |    -3.76     |      48      |  ✅ Success  
    477      |    777.38    |    -14.06    |    -28.81    |    -18.29    |    -13.82    |      80      |  ✅ Success  
    478      |    282.97    |    -36.58    |    -67.05    |    -42.63    |    -36.36    |     201      |  ✅ Success  
    479      |   -371.35    |   -103.15    |   -127.73    |   -133.43    |   -111.12    |     315      |  ✅ Success  
    480      |    805.20    |    -13.26    |    -13.31    |    -15.81    |    -14.74    |      90      |  ✅ Success  
  📊 统计 [Ep 480]: Actor Loss=-4.1278, Critic Loss=147.5958, Alpha=0.1609, TD-error=6.2664, Beta=1.0000
    481      |    641.47    |    -23.75    |    -27.15    |    -28.29    |    -41.39    |     102      |  ✅ Success  
    482      |    432.33    |    -34.51    |    -28.67    |    -77.19    |    -48.54    |     149      |  ✅ Success  
    483      |    813.60    |    -12.40    |    -9.59     |    -6.66     |    -9.73     |      63      |  ✅ Success  
    484      |   -524.77    |    -1.09     |    -1.01     |    -2.12     |    -1.36     |      9       |  ❌ Failure  
    485      |    920.50    |    -4.25     |    -4.08     |    -6.10     |    -4.25     |      42      |  ✅ Success  
    486      |    730.48    |    -25.09    |    -22.49    |    -23.31    |    -36.82    |     123      |  ✅ Success  
    487      |    360.48    |    -60.98    |    -45.86    |    -48.12    |    -80.95    |     176      |  ✅ Success  
    488      |   -1381.74   |   -174.91    |   -182.88    |   -223.96    |   -193.22    |     532      |  ✅ Success  
    489      |   -1530.54   |   -180.41    |   -197.15    |   -196.50    |   -281.87    |     550      |  ✅ Success  
    490      |    946.86    |    -3.49     |    -3.13     |    -2.11     |    -1.14     |      39      |  ✅ Success  
  📊 统计 [Ep 490]: Actor Loss=-4.2680, Critic Loss=119.2859, Alpha=0.1337, TD-error=5.6899, Beta=1.0000
    491      |    590.70    |    -21.25    |    -16.02    |    -23.75    |    -14.88    |     122      |  ✅ Success  
    492      |    844.96    |    -5.61     |    -6.36     |    -8.51     |    -8.57     |      67      |  ✅ Success  
    493      |   -371.29    |    -89.59    |   -141.27    |   -105.09    |   -142.35    |     331      |  ✅ Success  
    494      |    805.50    |    -8.64     |    -9.48     |    -9.79     |    -14.74    |      72      |  ✅ Success  
    495      |    838.23    |    -6.05     |    -8.36     |    -7.32     |    -11.53    |      62      |  ✅ Success  
    496      |    598.99    |    -24.81    |    -27.54    |    -50.36    |    -52.05    |     121      |  ✅ Success  
    497      |    959.08    |    13.19     |    -3.43     |     0.44     |    -3.15     |      52      |  ✅ Success  
    498      |    670.50    |    -23.19    |    -67.63    |    -23.29    |    -25.08    |     105      |  ✅ Success  
    499      |    107.80    |    -43.98    |    -51.05    |    -61.94    |    -62.73    |     208      |  ✅ Success  
✅ 训练数据已保存: /home/zhangpeng/UAV_PATH_PLANNING/runs/exp_baseline_20251029_175136/training_data.pkl
✅ 总奖励曲线已保存: /home/zhangpeng/UAV_PATH_PLANNING/runs/exp_baseline_20251029_175136/plots/total_reward.png
✅ Leader奖励曲线已保存: /home/zhangpeng/UAV_PATH_PLANNING/runs/exp_baseline_20251029_175136/plots/leader_reward.png
✅ Follower奖励曲线已保存: /home/zhangpeng/UAV_PATH_PLANNING/runs/exp_baseline_20251029_175136/plots/follower_reward.png
